---- Running command
---- ./polyDFE -d RevisionsPolyDFE15/connec10_0.271585025666883_PolyDFE.input -m C -i /home/jejames/ArabidopsisCrossGenome/model.txt 1 -e 
---- Performing inference using model C

---- Performing inference on RevisionsPolyDFE15/connec10_0.271585025666883_PolyDFE.input
----      with -i /home/jejames/ArabidopsisCrossGenome/model.txt 1
---- Data RevisionsPolyDFE15/connec10_0.271585025666883_PolyDFE.input does not contain divergence counts. Using option -w.
---- No mutation variability. Using Poisson likelihood.


---- Calculating initial values

-- Starting local optimization
-- Optimizing all parameters
  it        eps_an     theta_bar           S_d             b           p_b           S_b           r 2           r 3           r 4           r 5           r 6           r 7           r 8           r 9          r 10          r 11          r 12          r 13          r 14          r 15          r 16          r 17          r 18          r 19          r 20          r 21          r 22          r 23          r 24          r 25          r 26          r 27          r 28          r 29          r 30          r 31          r 32          r 33          r 34          r 35          r 36          r 37          r 38          r 39          r 40          r 41          r 42          r 43          r 44          r 45          r 46          r 47          r 48          r 49           ln lk          grad status 
   0           0.1 0.00963750744        -80000         0.208           0.1            20 0.81761268781 0.70899415692 0.79507512520 0.65108514190 0.60726210350 0.73841819699 0.63439065108 0.59630634390 0.58013355592 0.85736644407 0.69365609348 0.53307595993 0.66464941569 0.80916110183 0.85809682804 0.63679048414 0.88084307178 0.69386477462 0.65734557595 0.74499165275 0.80342237061 0.89033806343 0.71869782971 1.06949081803 0.93050918196 0.61696577629 1.02253756260 0.78672787979 1.11122704507 0.87333055091 1.27212020033 1.20857679465 1.36936560934 1.50824290484 1.55884808013 1.60987061769 1.37186978297 1.63992070116 1.85308848080 2.54538814691 1.57762938230 2.41830133555 2.61686143572 3.15525876460 3.19177796327 4.24196577629 5.91986644407             1 -2695.861927503 38.6869449914   -2 
 668 0.00821385655 0.00844902448 -457.20119155 0.28676787585 0.00013361674 0.58347754772 0.82481003437 0.74903750939 0.74808036915 0.75120161656 0.64138166524 0.67492069052 0.63493602868 0.59983406507 0.60652132679 0.70275935895 0.69578930313 0.62630626936 0.65136852324 0.71885559757 0.75560244787 0.55572099840 0.83240423138 0.72172761176 0.67518223111 0.69095251917 0.75070716951 0.81490928338 0.83999676213 0.90485251765 0.77175530149 0.69893869528 0.91561765535 0.85413353169 1.10572743374 0.70745239105 1.02021470978 1.02155542534 1.14785540705 1.22457308300 1.18084401151 1.34307188778 1.13860142894 1.50635664236 1.43447113356 2.04130120348 1.23544021058 1.73681084336 1.82721875307 2.34876676717 2.19459198394 3.00648477524 3.67192966845 3.97905453642 -312.6529970884 0.00060926102   -8 
-- Local optimization: reached maximum number of likelihood evaluations allowed.
---- Best joint likelihood found -312.652997088417578 with gradient 0.00061

---- Results for RevisionsPolyDFE15/connec10_0.271585025666883_PolyDFE.input 
--  Model: C
--        eps_an     theta_bar             a 
-- 0.00821385655 0.00844902448            -1 
--           S_d             b           p_b           S_b 
-- -457.20119155 0.28676787585 0.00013361674 0.58347754772 
--           r 2           r 3           r 4           r 5           r 6           r 7           r 8           r 9          r 10          r 11          r 12          r 13          r 14          r 15          r 16          r 17          r 18          r 19          r 20          r 21          r 22          r 23          r 24          r 25          r 26          r 27          r 28          r 29          r 30          r 31          r 32          r 33          r 34          r 35          r 36          r 37          r 38          r 39          r 40          r 41          r 42          r 43          r 44          r 45          r 46          r 47          r 48          r 49 
-- 0.82481003437 0.74903750939 0.74808036915 0.75120161656 0.64138166524 0.67492069052 0.63493602868 0.59983406507 0.60652132679 0.70275935895 0.69578930313 0.62630626936 0.65136852324 0.71885559757 0.75560244787 0.55572099840 0.83240423138 0.72172761176 0.67518223111 0.69095251917 0.75070716951 0.81490928338 0.83999676213 0.90485251765 0.77175530149 0.69893869528 0.91561765535 0.85413353169 1.10572743374 0.70745239105 1.02021470978 1.02155542534 1.14785540705 1.22457308300 1.18084401151 1.34307188778 1.13860142894 1.50635664236 1.43447113356 2.04130120348 1.23544021058 1.73681084336 1.82721875307 2.34876676717 2.19459198394 3.00648477524 3.67192966845 3.97905453642 

---- Expected P_neut(i), 0 < i < n (neutral SFS per site) 
E[P_neut(1)] = 0.0083852610
E[P_neut(2)] = 0.0034611085
E[P_neut(3)] = 0.0020966572
E[P_neut(4)] = 0.0015704692
E[P_neut(5)] = 0.0012625799
E[P_neut(6)] = 0.0008986383
E[P_neut(7)] = 0.0008107435
E[P_neut(8)] = 0.0006671072
E[P_neut(9)] = 0.0005619424
E[P_neut(10)] = 0.0005107309
E[P_neut(11)] = 0.0005380314
E[P_neut(12)] = 0.0004879506
E[P_neut(13)] = 0.0004062277
E[P_neut(14)] = 0.0003921495
E[P_neut(15)] = 0.0004040108
E[P_neut(16)] = 0.0003980720
E[P_neut(17)] = 0.0002760739
E[P_neut(18)] = 0.0003897257
E[P_neut(19)] = 0.0003198894
E[P_neut(20)] = 0.0002854466
E[P_neut(21)] = 0.0002777546
E[P_neut(22)] = 0.0002882078
E[P_neut(23)] = 0.0002986937
E[P_neut(24)] = 0.0002953457
E[P_neut(25)] = 0.0003058048
E[P_neut(26)] = 0.0002511605
E[P_neut(27)] = 0.0002193790
E[P_neut(28)] = 0.0002763871
E[P_neut(29)] = 0.0002490875
E[P_neut(30)] = 0.0003111956
E[P_neut(31)] = 0.0001938680
E[P_neut(32)] = 0.0002703661
E[P_neut(33)] = 0.0002616702
E[P_neut(34)] = 0.0002861773
E[P_neut(35)] = 0.0002965105
E[P_neut(36)] = 0.0002780908
E[P_neut(37)] = 0.0003075175
E[P_neut(38)] = 0.0002551043
E[P_neut(39)] = 0.0003280928
E[P_neut(40)] = 0.0003047175
E[P_neut(41)] = 0.0004218287
E[P_neut(42)] = 0.0002519967
E[P_neut(43)] = 0.0003451523
E[P_neut(44)] = 0.0003554051
E[P_neut(45)] = 0.0004477996
E[P_neut(46)] = 0.0004127586
E[P_neut(47)] = 0.0005533534
E[P_neut(48)] = 0.0006696496
E[P_neut(49)] = 0.0007498682

---- Expected P_sel(i), 0 < i < n (selected SFS per site) 
E[P_sel(1)] = 0.0037601804
E[P_sel(2)] = 0.0011787511
E[P_sel(3)] = 0.0006204215
E[P_sel(4)] = 0.0004242757
E[P_sel(5)] = 0.0003189880
E[P_sel(6)] = 0.0002154428
E[P_sel(7)] = 0.0001861988
E[P_sel(8)] = 0.0001477802
E[P_sel(9)] = 0.0001205303
E[P_sel(10)] = 0.0001066160
E[P_sel(11)] = 0.0001095914
E[P_sel(12)] = 0.0000972349
E[P_sel(13)] = 0.0000793033
E[P_sel(14)] = 0.0000751646
E[P_sel(15)] = 0.0000761304
E[P_sel(16)] = 0.0000738393
E[P_sel(17)] = 0.0000504481
E[P_sel(18)] = 0.0000702630
E[P_sel(19)] = 0.0000569344
E[P_sel(20)] = 0.0000501679
E[P_sel(21)] = 0.0000482630
E[P_sel(22)] = 0.0000495326
E[P_sel(23)] = 0.0000508068
E[P_sel(24)] = 0.0000497388
E[P_sel(25)] = 0.0000510135
E[P_sel(26)] = 0.0000415210
E[P_sel(27)] = 0.0000359563
E[P_sel(28)] = 0.0000449194
E[P_sel(29)] = 0.0000401614
E[P_sel(30)] = 0.0000497823
E[P_sel(31)] = 0.0000308058
E[P_sel(32)] = 0.0000426488
E[P_sel(33)] = 0.0000409734
E[P_sel(34)] = 0.0000445365
E[P_sel(35)] = 0.0000458485
E[P_sel(36)] = 0.0000427399
E[P_sel(37)] = 0.0000469723
E[P_sel(38)] = 0.0000388023
E[P_sel(39)] = 0.0000495965
E[P_sel(40)] = 0.0000458270
E[P_sel(41)] = 0.0000630423
E[P_sel(42)] = 0.0000376781
E[P_sel(43)] = 0.0000513290
E[P_sel(44)] = 0.0000527034
E[P_sel(45)] = 0.0000663118
E[P_sel(46)] = 0.0000614191
E[P_sel(47)] = 0.0000823966
E[P_sel(48)] = 0.0001017110
E[P_sel(49)] = 0.0001282882

---- alpha_dfe = 0.001271

