---- Running command
---- ./polyDFE -d RevisionsPolyDFE15/connec7_-0.0679029132848703_PolyDFE.input -m C -i /home/jejames/ArabidopsisCrossGenome/model.txt 1 -e 
---- Performing inference using model C

---- Performing inference on RevisionsPolyDFE15/connec7_-0.0679029132848703_PolyDFE.input
----      with -i /home/jejames/ArabidopsisCrossGenome/model.txt 1
---- Data RevisionsPolyDFE15/connec7_-0.0679029132848703_PolyDFE.input does not contain divergence counts. Using option -w.
---- No mutation variability. Using Poisson likelihood.


---- Calculating initial values

-- Starting local optimization
-- Optimizing all parameters
  it        eps_an     theta_bar           S_d             b           p_b           S_b           r 2           r 3           r 4           r 5           r 6           r 7           r 8           r 9          r 10          r 11          r 12          r 13          r 14          r 15          r 16          r 17          r 18          r 19          r 20          r 21          r 22          r 23          r 24          r 25          r 26          r 27          r 28          r 29          r 30          r 31          r 32          r 33          r 34          r 35          r 36          r 37          r 38          r 39          r 40          r 41          r 42          r 43          r 44          r 45          r 46          r 47          r 48          r 49           ln lk          grad status 
   0           0.1 0.00997348056        -40000         0.208           0.1            20 0.83530257885 0.72680571252 0.69618822562 0.58974622418 0.60043152162 0.59262303503 0.57947189972 0.62878865714 0.76132744272 0.56395766978 0.75454638857 0.80807561902 0.73358676667 0.61337717045 0.56385492653 0.74581321278 0.79523271344 0.77304017260 0.54453919654 0.75947806431 0.83633001130 0.72783314497 0.77673892941 0.95037501284 0.73461419911 0.81002774067 1.06442001438 0.85811157916 1.18668447549 1.15935477242 1.15072433987 1.09514024452 1.00256858111 1.37367718072 1.29456488235 1.84372752491 1.20250693516 1.32631254495 1.76307407787 2.19048597554 2.17918421863 2.01458954073 2.01623343265 2.64461111681 3.62026096784 4.74201171272 6.04130278434             1 -2624.506659061 36.9474306509   -2 
 481 0.00014421155 0.00857223768 -475.02385948 0.25269642080 0.00010505992 0.46312947607 0.83591819346 0.76834713105 0.73677265258 0.65157906926 0.67274276099 0.68097923330 0.66987880043 0.67062528929 0.68102557047 0.67054400196 0.75013216445 0.70898553643 0.65603613195 0.60698947344 0.65197084989 0.82168013916 0.76028364532 0.76946537588 0.56593980928 0.77533667091 0.73884229914 0.62531872951 0.74017624944 0.82486249833 0.78163800583 0.62133823127 0.89089305637 0.86604512935 1.05383121122 0.96374907702 0.86473132470 0.80827083266 0.78180820556 1.08213219505 1.15373175055 1.55908577516 0.92274205110 1.09377680390 1.42149570036 1.65646762714 1.94667526304 1.67562627107 1.83570369750 2.12235407635 2.74171116814 3.10963582776 3.72346613617 4.83238437934 -315.5586550693 0.00055126484   -8 
-- Local optimization: reached maximum number of likelihood evaluations allowed.
---- Best joint likelihood found -315.558655069371753 with gradient 0.00055

---- Results for RevisionsPolyDFE15/connec7_-0.0679029132848703_PolyDFE.input 
--  Model: C
--        eps_an     theta_bar             a 
-- 0.00014421155 0.00857223768            -1 
--           S_d             b           p_b           S_b 
-- -475.02385948 0.25269642080 0.00010505992 0.46312947607 
--           r 2           r 3           r 4           r 5           r 6           r 7           r 8           r 9          r 10          r 11          r 12          r 13          r 14          r 15          r 16          r 17          r 18          r 19          r 20          r 21          r 22          r 23          r 24          r 25          r 26          r 27          r 28          r 29          r 30          r 31          r 32          r 33          r 34          r 35          r 36          r 37          r 38          r 39          r 40          r 41          r 42          r 43          r 44          r 45          r 46          r 47          r 48          r 49 
-- 0.83591819346 0.76834713105 0.73677265258 0.65157906926 0.67274276099 0.68097923330 0.66987880043 0.67062528929 0.68102557047 0.67054400196 0.75013216445 0.70898553643 0.65603613195 0.60698947344 0.65197084989 0.82168013916 0.76028364532 0.76946537588 0.56593980928 0.77533667091 0.73884229914 0.62531872951 0.74017624944 0.82486249833 0.78163800583 0.62133823127 0.89089305637 0.86604512935 1.05383121122 0.96374907702 0.86473132470 0.80827083266 0.78180820556 1.08213219505 1.15373175055 1.55908577516 0.92274205110 1.09377680390 1.42149570036 1.65646762714 1.94667526304 1.67562627107 1.83570369750 2.12235407635 2.74171116814 3.10963582776 3.72346613617 4.83238437934 

---- Expected P_neut(i), 0 < i < n (neutral SFS per site) 
E[P_neut(1)] = 0.0085711234
E[P_neut(2)] = 0.0035824239
E[P_neut(3)] = 0.0021952499
E[P_neut(4)] = 0.0015787936
E[P_neut(5)] = 0.0011169953
E[P_neut(6)] = 0.0009610648
E[P_neut(7)] = 0.0008338587
E[P_neut(8)] = 0.0007177488
E[P_neut(9)] = 0.0006387089
E[P_neut(10)] = 0.0005837510
E[P_neut(11)] = 0.0005225105
E[P_neut(12)] = 0.0005358120
E[P_neut(13)] = 0.0004674918
E[P_neut(14)] = 0.0004016744
E[P_neut(15)] = 0.0003468721
E[P_neut(16)] = 0.0003492811
E[P_neut(17)] = 0.0004143021
E[P_neut(18)] = 0.0003620552
E[P_neut(19)] = 0.0003471484
E[P_neut(20)] = 0.0002425770
E[P_neut(21)] = 0.0003164851
E[P_neut(22)] = 0.0002878856
E[P_neut(23)] = 0.0002330549
E[P_neut(24)] = 0.0002643727
E[P_neut(25)] = 0.0002828367
E[P_neut(26)] = 0.0002577081
E[P_neut(27)] = 0.0001972740
E[P_neut(28)] = 0.0002727503
E[P_neut(29)] = 0.0002560068
E[P_neut(30)] = 0.0003011146
E[P_neut(31)] = 0.0002665112
E[P_neut(32)] = 0.0002316651
E[P_neut(33)] = 0.0002099898
E[P_neut(34)] = 0.0001971351
E[P_neut(35)] = 0.0002650488
E[P_neut(36)] = 0.0002747423
E[P_neut(37)] = 0.0003612276
E[P_neut(38)] = 0.0002082042
E[P_neut(39)] = 0.0002404539
E[P_neut(40)] = 0.0003046752
E[P_neut(41)] = 0.0003463747
E[P_neut(42)] = 0.0003973644
E[P_neut(43)] = 0.0003341155
E[P_neut(44)] = 0.0003577254
E[P_neut(45)] = 0.0004043989
E[P_neut(46)] = 0.0005110801
E[P_neut(47)] = 0.0005673952
E[P_neut(48)] = 0.0006653882
E[P_neut(49)] = 0.0008465091

---- Expected P_sel(i), 0 < i < n (selected SFS per site) 
E[P_sel(1)] = 0.0040587360
E[P_sel(2)] = 0.0013304508
E[P_sel(3)] = 0.0007207946
E[P_sel(4)] = 0.0004785467
E[P_sel(5)] = 0.0003192994
E[P_sel(6)] = 0.0002623727
E[P_sel(7)] = 0.0002192135
E[P_sel(8)] = 0.0001827604
E[P_sel(9)] = 0.0001582060
E[P_sel(10)] = 0.0001411228
E[P_sel(11)] = 0.0001236100
E[P_sel(12)] = 0.0001243035
E[P_sel(13)] = 0.0001065400
E[P_sel(14)] = 0.0000900588
E[P_sel(15)] = 0.0000766084
E[P_sel(16)] = 0.0000760688
E[P_sel(17)] = 0.0000890590
E[P_sel(18)] = 0.0000768810
E[P_sel(19)] = 0.0000728714
E[P_sel(20)] = 0.0000503694
E[P_sel(21)] = 0.0000650431
E[P_sel(22)] = 0.0000585895
E[P_sel(23)] = 0.0000469910
E[P_sel(24)] = 0.0000528341
E[P_sel(25)] = 0.0000560458
E[P_sel(26)] = 0.0000506524
E[P_sel(27)] = 0.0000384723
E[P_sel(28)] = 0.0000527935
E[P_sel(29)] = 0.0000491956
E[P_sel(30)] = 0.0000574612
E[P_sel(31)] = 0.0000505169
E[P_sel(32)] = 0.0000436271
E[P_sel(33)] = 0.0000392973
E[P_sel(34)] = 0.0000366671
E[P_sel(35)] = 0.0000490075
E[P_sel(36)] = 0.0000505090
E[P_sel(37)] = 0.0000660386
E[P_sel(38)] = 0.0000378592
E[P_sel(39)] = 0.0000434925
E[P_sel(40)] = 0.0000548255
E[P_sel(41)] = 0.0000620176
E[P_sel(42)] = 0.0000708004
E[P_sel(43)] = 0.0000592510
E[P_sel(44)] = 0.0000631450
E[P_sel(45)] = 0.0000710617
E[P_sel(46)] = 0.0000894154
E[P_sel(47)] = 0.0000988526
E[P_sel(48)] = 0.0001154769
E[P_sel(49)] = 0.0001465399

---- alpha_dfe = 0.000777

