---- Running command
---- ./polyDFE -d RevisionsPolyDFE15/connec6_-0.199191092059377_PolyDFE.input -m C -i /home/jejames/ArabidopsisCrossGenome/model.txt 1 -e 
---- Performing inference using model C

---- Performing inference on RevisionsPolyDFE15/connec6_-0.199191092059377_PolyDFE.input
----      with -i /home/jejames/ArabidopsisCrossGenome/model.txt 1
---- Data RevisionsPolyDFE15/connec6_-0.199191092059377_PolyDFE.input does not contain divergence counts. Using option -w.
---- No mutation variability. Using Poisson likelihood.


---- Calculating initial values

-- Starting local optimization
-- Optimizing all parameters
  it        eps_an     theta_bar           S_d             b           p_b           S_b           r 2           r 3           r 4           r 5           r 6           r 7           r 8           r 9          r 10          r 11          r 12          r 13          r 14          r 15          r 16          r 17          r 18          r 19          r 20          r 21          r 22          r 23          r 24          r 25          r 26          r 27          r 28          r 29          r 30          r 31          r 32          r 33          r 34          r 35          r 36          r 37          r 38          r 39          r 40          r 41          r 42          r 43          r 44          r 45          r 46          r 47          r 48          r 49           ln lk          grad status 
   0           0.1 0.00939186189        -20000         0.208           0.1            20 0.86979166666 0.71814903846 0.63862179487 0.67508012820 0.65985576923 0.59314903846 0.59054487179 0.54717548076 0.59194711538 0.65114182692 0.77403846153 0.50260416666 0.68289262820 0.56941105769 0.58814102564 0.75430689102 0.62740384615 0.72315705128 0.64903846153    0.68359375 0.60596955128 0.52984775641 0.98557692307 1.00160256410 1.06770833333 0.83834134615 1.10777243589 0.82782451923 1.06971153846 1.17988782051 1.06410256410 1.54356971153 1.44050480769 1.02013221153 1.66947115384 1.31189903846 1.65945512820    1.71484375 1.75881410256 1.40855368589 1.65324519230 2.12760416666 2.30048076923 2.39783653846 3.06850961538 4.09555288461 5.56730769230             1 -2588.283527533 35.1980272425   -2 
 512 0.00650964189 0.00821114111 -454.02723182 0.22925277362 0.00017699684 0.62268607422 0.84305051148 0.72801285610 0.69715701045 0.68447343933 0.65814227654 0.68648119380 0.62132199363 0.60651979246 0.60364009142 0.67582119345 0.69375687864 0.56031185084 0.72112912348 0.63728842042 0.60717342910 0.70067693894 0.70759983149 0.71720234599 0.75037741135 0.74525166106 0.70449401710 0.57511588370 0.85113117811 0.97953509309 0.82200859070 0.73523687486 0.93055624405 0.75292825259 0.85012965860 0.98145469285 0.95624735457 1.21892905962 1.13307485180 0.85714015647 1.30372537236 0.98014652096 1.29149813095 1.16186973297 1.19455887146 1.08795393572 1.25315508642 1.50430921858 1.64260160563 1.80021674509 2.09364720202 2.78791479087 2.90722917519 3.02433810063 -324.1475088229 0.00036321059   -8 
-- Local optimization: reached maximum number of likelihood evaluations allowed.
---- Best joint likelihood found -324.147508822946406 with gradient 0.00036

---- Results for RevisionsPolyDFE15/connec6_-0.199191092059377_PolyDFE.input 
--  Model: C
--        eps_an     theta_bar             a 
-- 0.00650964189 0.00821114111            -1 
--           S_d             b           p_b           S_b 
-- -454.02723182 0.22925277362 0.00017699684 0.62268607422 
--           r 2           r 3           r 4           r 5           r 6           r 7           r 8           r 9          r 10          r 11          r 12          r 13          r 14          r 15          r 16          r 17          r 18          r 19          r 20          r 21          r 22          r 23          r 24          r 25          r 26          r 27          r 28          r 29          r 30          r 31          r 32          r 33          r 34          r 35          r 36          r 37          r 38          r 39          r 40          r 41          r 42          r 43          r 44          r 45          r 46          r 47          r 48          r 49 
-- 0.84305051148 0.72801285610 0.69715701045 0.68447343933 0.65814227654 0.68648119380 0.62132199363 0.60651979246 0.60364009142 0.67582119345 0.69375687864 0.56031185084 0.72112912348 0.63728842042 0.60717342910 0.70067693894 0.70759983149 0.71720234599 0.75037741135 0.74525166106 0.70449401710 0.57511588370 0.85113117811 0.97953509309 0.82200859070 0.73523687486 0.93055624405 0.75292825259 0.85012965860 0.98145469285 0.95624735457 1.21892905962 1.13307485180 0.85714015647 1.30372537236 0.98014652096 1.29149813095 1.16186973297 1.19455887146 1.08795393572 1.25315508642 1.50430921858 1.64260160563 1.80021674509 2.09364720202 2.78791479087 2.90722917519 3.02433810063 

---- Expected P_neut(i), 0 < i < n (neutral SFS per site) 
E[P_neut(1)] = 0.0081609886
E[P_neut(2)] = 0.0034419096
E[P_neut(3)] = 0.0019828049
E[P_neut(4)] = 0.0014242304
E[P_neut(5)] = 0.0011188827
E[P_neut(6)] = 0.0008968155
E[P_neut(7)] = 0.0008018843
E[P_neut(8)] = 0.0006351638
E[P_neut(9)] = 0.0005511739
E[P_neut(10)] = 0.0004940271
E[P_neut(11)] = 0.0005027869
E[P_neut(12)] = 0.0004734377
E[P_neut(13)] = 0.0003530198
E[P_neut(14)] = 0.0004221320
E[P_neut(15)] = 0.0003478958
E[P_neut(16)] = 0.0003113521
E[P_neut(17)] = 0.0003382041
E[P_neut(18)] = 0.0003222850
E[P_neut(19)] = 0.0003096246
E[P_neut(20)] = 0.0003075820
E[P_neut(21)] = 0.0002908893
E[P_neut(22)] = 0.0002630057
E[P_neut(23)] = 0.0002054389
E[P_neut(24)] = 0.0002909926
E[P_neut(25)] = 0.0003217240
E[P_neut(26)] = 0.0002598068
E[P_neut(27)] = 0.0002234786
E[P_neut(28)] = 0.0002728255
E[P_neut(29)] = 0.0002136953
E[P_neut(30)] = 0.0002331752
E[P_neut(31)] = 0.0002602887
E[P_neut(32)] = 0.0002458753
E[P_neut(33)] = 0.0003035256
E[P_neut(34)] = 0.0002738894
E[P_neut(35)] = 0.0002020505
E[P_neut(36)] = 0.0002981807
E[P_neut(37)] = 0.0002184047
E[P_neut(38)] = 0.0002803439
E[P_neut(39)] = 0.0002463140
E[P_neut(40)] = 0.0002468476
E[P_neut(41)] = 0.0002200702
E[P_neut(42)] = 0.0002475525
E[P_neut(43)] = 0.0002906300
E[P_neut(44)] = 0.0003104048
E[P_neut(45)] = 0.0003336641
E[P_neut(46)] = 0.0003806057
E[P_neut(47)] = 0.0004968636
E[P_neut(48)] = 0.0005166202
E[P_neut(49)] = 0.0005569539

---- Expected P_sel(i), 0 < i < n (selected SFS per site) 
E[P_sel(1)] = 0.0040852282
E[P_sel(2)] = 0.0013831054
E[P_sel(3)] = 0.0007128065
E[P_sel(4)] = 0.0004763461
E[P_sel(5)] = 0.0003549112
E[P_sel(6)] = 0.0002728669
E[P_sel(7)] = 0.0002357995
E[P_sel(8)] = 0.0001814570
E[P_sel(9)] = 0.0001535815
E[P_sel(10)] = 0.0001346487
E[P_sel(11)] = 0.0001343825
E[P_sel(12)] = 0.0001243076
E[P_sel(13)] = 0.0000912108
E[P_sel(14)] = 0.0001074630
E[P_sel(15)] = 0.0000873800
E[P_sel(16)] = 0.0000771998
E[P_sel(17)] = 0.0000828766
E[P_sel(18)] = 0.0000781177
E[P_sel(19)] = 0.0000742712
E[P_sel(20)] = 0.0000730658
E[P_sel(21)] = 0.0000684634
E[P_sel(22)] = 0.0000613527
E[P_sel(23)] = 0.0000475248
E[P_sel(24)] = 0.0000667838
E[P_sel(25)] = 0.0000732756
E[P_sel(26)] = 0.0000587442
E[P_sel(27)] = 0.0000501765
E[P_sel(28)] = 0.0000608462
E[P_sel(29)] = 0.0000473594
E[P_sel(30)] = 0.0000513567
E[P_sel(31)] = 0.0000569826
E[P_sel(32)] = 0.0000535222
E[P_sel(33)] = 0.0000656937
E[P_sel(34)] = 0.0000589614
E[P_sel(35)] = 0.0000432987
E[P_sel(36)] = 0.0000635571
E[P_sel(37)] = 0.0000463410
E[P_sel(38)] = 0.0000592136
E[P_sel(39)] = 0.0000518257
E[P_sel(40)] = 0.0000517130
E[P_sel(41)] = 0.0000459663
E[P_sel(42)] = 0.0000515186
E[P_sel(43)] = 0.0000603010
E[P_sel(44)] = 0.0000642222
E[P_sel(45)] = 0.0000689536
E[P_sel(46)] = 0.0000786187
E[P_sel(47)] = 0.0001026758
E[P_sel(48)] = 0.0001087460
E[P_sel(49)] = 0.0001279655

---- alpha_dfe = 0.001217

