---- Running command
---- ./polyDFE -d RevisionsPolyDFE15/connec12_0.488420839056934_PolyDFE.input -m C -i /home/jejames/ArabidopsisCrossGenome/model.txt 1 -e 
---- Performing inference using model C

---- Performing inference on RevisionsPolyDFE15/connec12_0.488420839056934_PolyDFE.input
----      with -i /home/jejames/ArabidopsisCrossGenome/model.txt 1
---- Data RevisionsPolyDFE15/connec12_0.488420839056934_PolyDFE.input does not contain divergence counts. Using option -w.
---- No mutation variability. Using Poisson likelihood.


---- Calculating initial values

-- Starting local optimization
-- Optimizing all parameters
  it        eps_an     theta_bar           S_d             b           p_b           S_b           r 2           r 3           r 4           r 5           r 6           r 7           r 8           r 9          r 10          r 11          r 12          r 13          r 14          r 15          r 16          r 17          r 18          r 19          r 20          r 21          r 22          r 23          r 24          r 25          r 26          r 27          r 28          r 29          r 30          r 31          r 32          r 33          r 34          r 35          r 36          r 37          r 38          r 39          r 40          r 41          r 42          r 43          r 44          r 45          r 46          r 47          r 48          r 49           ln lk          grad status 
   0           0.1 0.00902521857        -40000         0.208           0.1            20 0.85638013881 0.80533902829 0.67741591030 0.66791243993 0.66182594767 0.73550453817 0.71329418045 0.58334223171 0.73892151628 0.71767218366 0.81366791243 0.69823812066 0.84164442071 0.81206620395 0.72781633742 0.60993059263 0.74383342231 0.79935931660 0.78804057661 0.69962626801 0.74233849439 1.03150026695 1.12760277629 1.12119594233 1.22156967431 0.98024559530 1.08830752802 0.76796583021 1.41270688734 1.14532835024 1.24036305392 1.07122263748 1.13998932194 1.20715429791 1.64143085958 1.76604378003 1.44046983449 1.91147891083 1.65723438334 1.85189535504 2.13027229044 2.09375333689 2.33507741591 2.58996262680 2.91767218366 3.94468766684 5.79177789642             1 -2646.303780983 36.7223994963   -2 
 366 0.00031974702 0.00802108903 -293.91182551 0.30340693386 0.00005101224 0.44393452808 0.83082723123 0.78845902432 0.67212736487 0.68789187140 0.63438921094 0.72259803904 0.67307311906 0.66248450652 0.66445132014 0.71327238988 0.76321024135 0.70480820126 0.74490685765 0.74349485997 0.64275478125 0.67023613144 0.65802706218 0.74887104672 0.71886484250 0.70325968236 0.70532372813 0.92634269925 0.99697641030 0.97539231619 0.97623220772 0.79659315199 0.87548722742 0.83019136791 1.27634994290 1.09992358065 0.97890462144 0.95736019325 0.87535330093 1.06069644254 1.13466328593 1.46192266873 1.24707903314 1.48254579514 1.36491927179 1.54271374359 1.65600514699 1.47709130569 2.04553115762 1.86286165252 2.25250257136 2.57585677055 3.49393416541 4.77604995099 -298.7844218604 0.00059712644   -8 
-- Local optimization: reached maximum number of likelihood evaluations allowed.
---- Best joint likelihood found -298.784421860428438 with gradient 0.00060

---- Results for RevisionsPolyDFE15/connec12_0.488420839056934_PolyDFE.input 
--  Model: C
--        eps_an     theta_bar             a 
-- 0.00031974702 0.00802108903            -1 
--           S_d             b           p_b           S_b 
-- -293.91182551 0.30340693386 0.00005101224 0.44393452808 
--           r 2           r 3           r 4           r 5           r 6           r 7           r 8           r 9          r 10          r 11          r 12          r 13          r 14          r 15          r 16          r 17          r 18          r 19          r 20          r 21          r 22          r 23          r 24          r 25          r 26          r 27          r 28          r 29          r 30          r 31          r 32          r 33          r 34          r 35          r 36          r 37          r 38          r 39          r 40          r 41          r 42          r 43          r 44          r 45          r 46          r 47          r 48          r 49 
-- 0.83082723123 0.78845902432 0.67212736487 0.68789187140 0.63438921094 0.72259803904 0.67307311906 0.66248450652 0.66445132014 0.71327238988 0.76321024135 0.70480820126 0.74490685765 0.74349485997 0.64275478125 0.67023613144 0.65802706218 0.74887104672 0.71886484250 0.70325968236 0.70532372813 0.92634269925 0.99697641030 0.97539231619 0.97623220772 0.79659315199 0.87548722742 0.83019136791 1.27634994290 1.09992358065 0.97890462144 0.95736019325 0.87535330093 1.06069644254 1.13466328593 1.46192266873 1.24707903314 1.48254579514 1.36491927179 1.54271374359 1.65600514699 1.47709130569 2.04553115762 1.86286165252 2.25250257136 2.57585677055 3.49393416541 4.77604995099 

---- Expected P_neut(i), 0 < i < n (neutral SFS per site) 
E[P_neut(1)] = 0.0080187743
E[P_neut(2)] = 0.0033311909
E[P_neut(3)] = 0.0021075665
E[P_neut(4)] = 0.0013474930
E[P_neut(5)] = 0.0011032817
E[P_neut(6)] = 0.0008479301
E[P_neut(7)] = 0.0008278267
E[P_neut(8)] = 0.0006747328
E[P_neut(9)] = 0.0005903352
E[P_neut(10)] = 0.0005328794
E[P_neut(11)] = 0.0005200422
E[P_neut(12)] = 0.0005100692
E[P_neut(13)] = 0.0004348338
E[P_neut(14)] = 0.0004267275
E[P_neut(15)] = 0.0003975265
E[P_neut(16)] = 0.0003221876
E[P_neut(17)] = 0.0003162100
E[P_neut(18)] = 0.0002932121
E[P_neut(19)] = 0.0003161352
E[P_neut(20)] = 0.0002883209
E[P_neut(21)] = 0.0002686022
E[P_neut(22)] = 0.0002571554
E[P_neut(23)] = 0.0003230279
E[P_neut(24)] = 0.0003331913
E[P_neut(25)] = 0.0003129483
E[P_neut(26)] = 0.0003011812
E[P_neut(27)] = 0.0002366774
E[P_neut(28)] = 0.0002508006
E[P_neut(29)] = 0.0002296345
E[P_neut(30)] = 0.0003412403
E[P_neut(31)] = 0.0002846096
E[P_neut(32)] = 0.0002453866
E[P_neut(33)] = 0.0002327258
E[P_neut(34)] = 0.0002065454
E[P_neut(35)] = 0.0002431334
E[P_neut(36)] = 0.0002528677
E[P_neut(37)] = 0.0003169624
E[P_neut(38)] = 0.0002633140
E[P_neut(39)] = 0.0003049824
E[P_neut(40)] = 0.0002737864
E[P_neut(41)] = 0.0003019031
E[P_neut(42)] = 0.0003163757
E[P_neut(43)] = 0.0002757088
E[P_neut(44)] = 0.0003730471
E[P_neut(45)] = 0.0003322951
E[P_neut(46)] = 0.0003930776
E[P_neut(47)] = 0.0004401330
E[P_neut(48)] = 0.0005847362
E[P_neut(49)] = 0.0007841335

---- Expected P_sel(i), 0 < i < n (selected SFS per site) 
E[P_sel(1)] = 0.0039094283
E[P_sel(2)] = 0.0012334491
E[P_sel(3)] = 0.0006744715
E[P_sel(4)] = 0.0003918912
E[P_sel(5)] = 0.0002990825
E[P_sel(6)] = 0.0002175006
E[P_sel(7)] = 0.0002029334
E[P_sel(8)] = 0.0001591780
E[P_sel(9)] = 0.0001347234
E[P_sel(10)] = 0.0001181134
E[P_sel(11)] = 0.0001123059
E[P_sel(12)] = 0.0001075977
E[P_sel(13)] = 0.0000897873
E[P_sel(14)] = 0.0000864053
E[P_sel(15)] = 0.0000790502
E[P_sel(16)] = 0.0000630022
E[P_sel(17)] = 0.0000608723
E[P_sel(18)] = 0.0000556227
E[P_sel(19)] = 0.0000591490
E[P_sel(20)] = 0.0000532463
E[P_sel(21)] = 0.0000489971
E[P_sel(22)] = 0.0000463627
E[P_sel(23)] = 0.0000575934
E[P_sel(24)] = 0.0000587768
E[P_sel(25)] = 0.0000546472
E[P_sel(26)] = 0.0000520826
E[P_sel(27)] = 0.0000405474
E[P_sel(28)] = 0.0000425825
E[P_sel(29)] = 0.0000386531
E[P_sel(30)] = 0.0000569614
E[P_sel(31)] = 0.0000471279
E[P_sel(32)] = 0.0000403183
E[P_sel(33)] = 0.0000379516
E[P_sel(34)] = 0.0000334381
E[P_sel(35)] = 0.0000390845
E[P_sel(36)] = 0.0000403717
E[P_sel(37)] = 0.0000502674
E[P_sel(38)] = 0.0000414922
E[P_sel(39)] = 0.0000477553
E[P_sel(40)] = 0.0000426100
E[P_sel(41)] = 0.0000467065
E[P_sel(42)] = 0.0000486634
E[P_sel(43)] = 0.0000421760
E[P_sel(44)] = 0.0000567445
E[P_sel(45)] = 0.0000502884
E[P_sel(46)] = 0.0000591820
E[P_sel(47)] = 0.0000659701
E[P_sel(48)] = 0.0000872830
E[P_sel(49)] = 0.0001170202

---- alpha_dfe = 0.000436

