---- Running command
---- ./polyDFE -d RevisionsPolyDFE15/connec9_0.167564507049004_PolyDFE.input -m C -i /home/jejames/ArabidopsisCrossGenome/model.txt 1 -e 
---- Performing inference using model C

---- Performing inference on RevisionsPolyDFE15/connec9_0.167564507049004_PolyDFE.input
----      with -i /home/jejames/ArabidopsisCrossGenome/model.txt 1
---- Data RevisionsPolyDFE15/connec9_0.167564507049004_PolyDFE.input does not contain divergence counts. Using option -w.
---- No mutation variability. Using Poisson likelihood.


---- Calculating initial values

-- Starting local optimization
-- Optimizing all parameters
  it        eps_an     theta_bar           S_d             b           p_b           S_b           r 2           r 3           r 4           r 5           r 6           r 7           r 8           r 9          r 10          r 11          r 12          r 13          r 14          r 15          r 16          r 17          r 18          r 19          r 20          r 21          r 22          r 23          r 24          r 25          r 26          r 27          r 28          r 29          r 30          r 31          r 32          r 33          r 34          r 35          r 36          r 37          r 38          r 39          r 40          r 41          r 42          r 43          r 44          r 45          r 46          r 47          r 48          r 49           ln lk          grad status 
   0           0.1 0.00889073907        -50000         0.208           0.1            20 0.77467052394 0.80777884924 0.75302689381 0.71734704810 0.69559627129 0.78902817957 0.59830708239 0.73191899710 0.66645237329 0.81677917068 0.53359048537 0.75495553412 0.79052823315 0.56091288974 0.65316618450 0.70491803278 0.68852459016 0.94053359048 0.75002678667 0.89103182256 0.80145719489 0.91674702667 0.99517839922 1.20540019286 1.01125040180 0.89103182256 1.26004500160 1.37962070073 0.86788813886 1.05625200900 1.14175506268 1.28351012536 1.12568306010 1.27879567127 1.32304725168 1.89499624986 1.52684024429 1.65895210543 1.70577520625 2.24483017250 1.98907103825 3.07768134576 2.91353262616 3.71745419479 2.62702239365 4.71863280831 5.63162970106             1 -2715.189163309 38.0950494915   -2 
 738 0.01083552274 0.00769887278 -307.94268937 0.29819527307 0.00007699886 0.42458264115 0.82625597767 0.83739310398 0.76217687873 0.74614270535 0.69630174542 0.74790721032 0.67055480318 0.78458861827 0.69941260603 0.68942469134 0.65576693370 0.78473655840 0.72221244116 0.67742277825 0.66819183791 0.63284793537 0.70394242135 0.86170088723 0.91274324898 0.78895756072 0.76922493966 0.79665336721 0.98287274526 1.03915264425 0.77821036435 0.85897625420 1.03699013567 0.96170384007 0.82380326568 0.88993870215 0.99739590181 1.05168333132 1.10411588921 1.03708365861 1.08791398898 1.46272520279 1.50720163400 1.45615735046 1.39897084300 1.55069698342 1.81299336435 2.33351384805 2.28029048081 2.69141470922 2.05249312549 3.24719913692 3.34272570458 3.99106733192 -320.5456531970 0.00009177576    0 
---- Best joint likelihood found -320.545653197076433 with gradient 0.00009

---- Results for RevisionsPolyDFE15/connec9_0.167564507049004_PolyDFE.input 
--  Model: C
--        eps_an     theta_bar             a 
-- 0.01083552274 0.00769887278            -1 
--           S_d             b           p_b           S_b 
-- -307.94268937 0.29819527307 0.00007699886 0.42458264115 
--           r 2           r 3           r 4           r 5           r 6           r 7           r 8           r 9          r 10          r 11          r 12          r 13          r 14          r 15          r 16          r 17          r 18          r 19          r 20          r 21          r 22          r 23          r 24          r 25          r 26          r 27          r 28          r 29          r 30          r 31          r 32          r 33          r 34          r 35          r 36          r 37          r 38          r 39          r 40          r 41          r 42          r 43          r 44          r 45          r 46          r 47          r 48          r 49 
-- 0.82625597767 0.83739310398 0.76217687873 0.74614270535 0.69630174542 0.74790721032 0.67055480318 0.78458861827 0.69941260603 0.68942469134 0.65576693370 0.78473655840 0.72221244116 0.67742277825 0.66819183791 0.63284793537 0.70394242135 0.86170088723 0.91274324898 0.78895756072 0.76922493966 0.79665336721 0.98287274526 1.03915264425 0.77821036435 0.85897625420 1.03699013567 0.96170384007 0.82380326568 0.88993870215 0.99739590181 1.05168333132 1.10411588921 1.03708365861 1.08791398898 1.46272520279 1.50720163400 1.45615735046 1.39897084300 1.55069698342 1.81299336435 2.33351384805 2.28029048081 2.69141470922 2.05249312549 3.24719913692 3.34272570458 3.99106733192 

---- Expected P_neut(i), 0 < i < n (neutral SFS per site) 
E[P_neut(1)] = 0.0076222462
E[P_neut(2)] = 0.0031519656
E[P_neut(3)] = 0.0021314724
E[P_neut(4)] = 0.0014548025
E[P_neut(5)] = 0.0011414321
E[P_neut(6)] = 0.0008880986
E[P_neut(7)] = 0.0008181915
E[P_neut(8)] = 0.0006419232
E[P_neut(9)] = 0.0006670437
E[P_neut(10)] = 0.0005355519
E[P_neut(11)] = 0.0004804129
E[P_neut(12)] = 0.0004194722
E[P_neut(13)] = 0.0004629997
E[P_neut(14)] = 0.0003953762
E[P_neut(15)] = 0.0003463972
E[P_neut(16)] = 0.0003207454
E[P_neut(17)] = 0.0002861540
E[P_neut(18)] = 0.0003004245
E[P_neut(19)] = 0.0003477760
E[P_neut(20)] = 0.0003498384
E[P_neut(21)] = 0.0002888744
E[P_neut(22)] = 0.0002693620
E[P_neut(23)] = 0.0002664311
E[P_neut(24)] = 0.0003143727
E[P_neut(25)] = 0.0003200122
E[P_neut(26)] = 0.0002313557
E[P_neut(27)] = 0.0002451670
E[P_neut(28)] = 0.0002849578
E[P_neut(29)] = 0.0002556792
E[P_neut(30)] = 0.0002129282
E[P_neut(31)] = 0.0002224055
E[P_neut(32)] = 0.0002406256
E[P_neut(33)] = 0.0002458038
E[P_neut(34)] = 0.0002507880
E[P_neut(35)] = 0.0002294206
E[P_neut(36)] = 0.0002344411
E[P_neut(37)] = 0.0003060982
E[P_neut(38)] = 0.0003066119
E[P_neut(39)] = 0.0002895693
E[P_neut(40)] = 0.0002721795
E[P_neut(41)] = 0.0002953031
E[P_neut(42)] = 0.0003357248
E[P_neut(43)] = 0.0004221866
E[P_neut(44)] = 0.0004043502
E[P_neut(45)] = 0.0004679230
E[P_neut(46)] = 0.0003556924
E[P_neut(47)] = 0.0005494320
E[P_neut(48)] = 0.0005648046
E[P_neut(49)] = 0.0007037025

---- Expected P_sel(i), 0 < i < n (selected SFS per site) 
E[P_sel(1)] = 0.0036989152
E[P_sel(2)] = 0.0011644072
E[P_sel(3)] = 0.0006818376
E[P_sel(4)] = 0.0004236812
E[P_sel(5)] = 0.0003100040
E[P_sel(6)] = 0.0002284389
E[P_sel(7)] = 0.0002012640
E[P_sel(8)] = 0.0001520825
E[P_sel(9)] = 0.0001530299
E[P_sel(10)] = 0.0001193780
E[P_sel(11)] = 0.0001043660
E[P_sel(12)] = 0.0000890302
E[P_sel(13)] = 0.0000962599
E[P_sel(14)] = 0.0000806573
E[P_sel(15)] = 0.0000694194
E[P_sel(16)] = 0.0000632214
E[P_sel(17)] = 0.0000555434
E[P_sel(18)] = 0.0000574930
E[P_sel(19)] = 0.0000656814
E[P_sel(20)] = 0.0000652404
E[P_sel(21)] = 0.0000532162
E[P_sel(22)] = 0.0000490568
E[P_sel(23)] = 0.0000480071
E[P_sel(24)] = 0.0000560689
E[P_sel(25)] = 0.0000565154
E[P_sel(26)] = 0.0000404805
E[P_sel(27)] = 0.0000425120
E[P_sel(28)] = 0.0000489842
E[P_sel(29)] = 0.0000435956
E[P_sel(30)] = 0.0000360404
E[P_sel(31)] = 0.0000373588
E[P_sel(32)] = 0.0000401065
E[P_sel(33)] = 0.0000406745
E[P_sel(34)] = 0.0000412269
E[P_sel(35)] = 0.0000374896
E[P_sel(36)] = 0.0000380904
E[P_sel(37)] = 0.0000494094
E[P_sel(38)] = 0.0000491806
E[P_sel(39)] = 0.0000462409
E[P_sel(40)] = 0.0000432964
E[P_sel(41)] = 0.0000468168
E[P_sel(42)] = 0.0000528899
E[P_sel(43)] = 0.0000662418
E[P_sel(44)] = 0.0000633226
E[P_sel(45)] = 0.0000732118
E[P_sel(46)] = 0.0000564540
E[P_sel(47)] = 0.0000872873
E[P_sel(48)] = 0.0000928079
E[P_sel(49)] = 0.0001336895

---- alpha_dfe = 0.000642

