---- Running command
---- ./polyDFE -d RevisionsPolyDFE15/connec14_0.801049884860449_PolyDFE.input -m C -i /home/jejames/ArabidopsisCrossGenome/model.txt 1 -e 
---- Performing inference using model C

---- Performing inference on RevisionsPolyDFE15/connec14_0.801049884860449_PolyDFE.input
----      with -i /home/jejames/ArabidopsisCrossGenome/model.txt 1
---- Data RevisionsPolyDFE15/connec14_0.801049884860449_PolyDFE.input does not contain divergence counts. Using option -w.
---- No mutation variability. Using Poisson likelihood.


---- Calculating initial values

-- Starting local optimization
-- Optimizing all parameters
  it        eps_an     theta_bar           S_d             b           p_b           S_b           r 2           r 3           r 4           r 5           r 6           r 7           r 8           r 9          r 10          r 11          r 12          r 13          r 14          r 15          r 16          r 17          r 18          r 19          r 20          r 21          r 22          r 23          r 24          r 25          r 26          r 27          r 28          r 29          r 30          r 31          r 32          r 33          r 34          r 35          r 36          r 37          r 38          r 39          r 40          r 41          r 42          r 43          r 44          r 45          r 46          r 47          r 48          r 49           ln lk          grad status 
   0           0.1 0.00892974449        -80000         0.208           0.1            20 0.79663149743 0.75558997192 0.64775917142 0.65821314490 0.70506243345 0.53663730519 0.63575646113 0.59326299486 0.57593650179 0.55899719291 0.47159035911 0.44923047139 0.57729164650 0.42832252444 0.60710483012 0.71745232794 0.52444100280 0.69335011131 0.60013551447 0.53053915400 0.80069693156 0.68125060497 0.63420772432 0.65337334236 0.74745910366 0.92517665279 0.71551640693 0.75510599167 0.66789274997 0.81918497725 0.95711934953 1.03494337431 0.81618429968 0.86390475268 1.37295518342 1.19262414093 1.08140547865 1.22688994289 1.52937760139 1.78191849772 1.74407124189 2.36414674281 2.58096989642 3.13619204336 3.28157971154 4.63130384280 5.92391830413             1 -2808.717371988 40.5123114144   -2 
 871 0.00008073615 0.00774327948 -616.91291367 0.26868233656 0.00007622296 0.22852843949 0.81243258828 0.75948961388 0.68871970489 0.70445368562 0.67441119145 0.59784275541 0.64162717234 0.57785417964 0.55404448695 0.57051980028 0.54442779919 0.52761714566 0.55286530007 0.57521745565 0.57920100152 0.59455410710 0.49251838217 0.61612688375 0.60254259300 0.60449309032 0.75686508118 0.56434349496 0.61547299007 0.54268022926 0.65873532594 0.86504444295 0.61435391981 0.65325296145 0.57004872587 0.67069283692 0.90931587705 0.73516726387 0.70650303956 0.65625932776 1.09035602037 0.89094257364 0.91718557510 0.90245221775 1.26506320444 1.29949240070 1.48959586931 2.07573190715 2.03460323905 2.44430741180 2.72414427150 3.03947294566 3.88011974944 4.38397056701 -304.3847556561 0.00025726046   -8 
-- Local optimization: reached maximum number of likelihood evaluations allowed.
---- Best joint likelihood found -304.384755656155448 with gradient 0.00026

---- Results for RevisionsPolyDFE15/connec14_0.801049884860449_PolyDFE.input 
--  Model: C
--        eps_an     theta_bar             a 
-- 0.00008073615 0.00774327948            -1 
--           S_d             b           p_b           S_b 
-- -616.91291367 0.26868233656 0.00007622296 0.22852843949 
--           r 2           r 3           r 4           r 5           r 6           r 7           r 8           r 9          r 10          r 11          r 12          r 13          r 14          r 15          r 16          r 17          r 18          r 19          r 20          r 21          r 22          r 23          r 24          r 25          r 26          r 27          r 28          r 29          r 30          r 31          r 32          r 33          r 34          r 35          r 36          r 37          r 38          r 39          r 40          r 41          r 42          r 43          r 44          r 45          r 46          r 47          r 48          r 49 
-- 0.81243258828 0.75948961388 0.68871970489 0.70445368562 0.67441119145 0.59784275541 0.64162717234 0.57785417964 0.55404448695 0.57051980028 0.54442779919 0.52761714566 0.55286530007 0.57521745565 0.57920100152 0.59455410710 0.49251838217 0.61612688375 0.60254259300 0.60449309032 0.75686508118 0.56434349496 0.61547299007 0.54268022926 0.65873532594 0.86504444295 0.61435391981 0.65325296145 0.57004872587 0.67069283692 0.90931587705 0.73516726387 0.70650303956 0.65625932776 1.09035602037 0.89094257364 0.91718557510 0.90245221775 1.26506320444 1.29949240070 1.48959586931 2.07573190715 2.03460323905 2.44430741180 2.72414427150 3.03947294566 3.88011974944 4.38397056701 

---- Expected P_neut(i), 0 < i < n (neutral SFS per site) 
E[P_neut(1)] = 0.0077427103
E[P_neut(2)] = 0.0031452429
E[P_neut(3)] = 0.0019601956
E[P_neut(4)] = 0.0013331667
E[P_neut(5)] = 0.0010909022
E[P_neut(6)] = 0.0008703177
E[P_neut(7)] = 0.0006613001
E[P_neut(8)] = 0.0006210093
E[P_neut(9)] = 0.0004971448
E[P_neut(10)] = 0.0004289973
E[P_neut(11)] = 0.0004015906
E[P_neut(12)] = 0.0003512914
E[P_neut(13)] = 0.0003142579
E[P_neut(14)] = 0.0003057793
E[P_neut(15)] = 0.0002969257
E[P_neut(16)] = 0.0002802976
E[P_neut(17)] = 0.0002708037
E[P_neut(18)] = 0.0002118733
E[P_neut(19)] = 0.0002510902
E[P_neut(20)] = 0.0002332758
E[P_neut(21)] = 0.0002228894
E[P_neut(22)] = 0.0002663839
E[P_neut(23)] = 0.0001899990
E[P_neut(24)] = 0.0001985739
E[P_neut(25)] = 0.0001680850
E[P_neut(26)] = 0.0001961837
E[P_neut(27)] = 0.0002480798
E[P_neut(28)] = 0.0001699047
E[P_neut(29)] = 0.0001744287
E[P_neut(30)] = 0.0001471418
E[P_neut(31)] = 0.0001675346
E[P_neut(32)] = 0.0002200333
E[P_neut(33)] = 0.0001725111
E[P_neut(34)] = 0.0001609111
E[P_neut(35)] = 0.0001452008
E[P_neut(36)] = 0.0002345316
E[P_neut(37)] = 0.0001864648
E[P_neut(38)] = 0.0001869086
E[P_neut(39)] = 0.0001791959
E[P_neut(40)] = 0.0002449083
E[P_neut(41)] = 0.0002454431
E[P_neut(42)] = 0.0002746555
E[P_neut(43)] = 0.0003738133
E[P_neut(44)] = 0.0003580982
E[P_neut(45)] = 0.0004206531
E[P_neut(46)] = 0.0004586317
E[P_neut(47)] = 0.0005008729
E[P_neut(48)] = 0.0006261378
E[P_neut(49)] = 0.0006933511

---- Expected P_sel(i), 0 < i < n (selected SFS per site) 
E[P_sel(1)] = 0.0033427619
E[P_sel(2)] = 0.0010422059
E[P_sel(3)] = 0.0005690044
E[P_sel(4)] = 0.0003552480
E[P_sel(5)] = 0.0002730478
E[P_sel(6)] = 0.0002073971
E[P_sel(7)] = 0.0001513690
E[P_sel(8)] = 0.0001373908
E[P_sel(9)] = 0.0001067978
E[P_sel(10)] = 0.0000898031
E[P_sel(11)] = 0.0000821477
E[P_sel(12)] = 0.0000703782
E[P_sel(13)] = 0.0000617773
E[P_sel(14)] = 0.0000590750
E[P_sel(15)] = 0.0000564520
E[P_sel(16)] = 0.0000525028
E[P_sel(17)] = 0.0000500245
E[P_sel(18)] = 0.0000386320
E[P_sel(19)] = 0.0000452253
E[P_sel(20)] = 0.0000415335
E[P_sel(21)] = 0.0000392519
E[P_sel(22)] = 0.0000464261
E[P_sel(23)] = 0.0000327872
E[P_sel(24)] = 0.0000339448
E[P_sel(25)] = 0.0000284744
E[P_sel(26)] = 0.0000329481
E[P_sel(27)] = 0.0000413190
E[P_sel(28)] = 0.0000280735
E[P_sel(29)] = 0.0000286002
E[P_sel(30)] = 0.0000239479
E[P_sel(31)] = 0.0000270724
E[P_sel(32)] = 0.0000353105
E[P_sel(33)] = 0.0000274996
E[P_sel(34)] = 0.0000254847
E[P_sel(35)] = 0.0000228524
E[P_sel(36)] = 0.0000366866
E[P_sel(37)] = 0.0000289954
E[P_sel(38)] = 0.0000288974
E[P_sel(39)] = 0.0000275502
E[P_sel(40)] = 0.0000374473
E[P_sel(41)] = 0.0000373300
E[P_sel(42)] = 0.0000415570
E[P_sel(43)] = 0.0000562732
E[P_sel(44)] = 0.0000536431
E[P_sel(45)] = 0.0000627111
E[P_sel(46)] = 0.0000680530
E[P_sel(47)] = 0.0000739862
E[P_sel(48)] = 0.0000920901
E[P_sel(49)] = 0.0001016508

---- alpha_dfe = 0.000590

