---- Running command
---- ./polyDFE -d RevisionsPolyDFE15/connec1_-1.28912520121959_PolyDFE.input -m C -i /home/jejames/ArabidopsisCrossGenome/model.txt 1 -e 
---- Performing inference using model C

---- Performing inference on RevisionsPolyDFE15/connec1_-1.28912520121959_PolyDFE.input
----      with -i /home/jejames/ArabidopsisCrossGenome/model.txt 1
---- Data RevisionsPolyDFE15/connec1_-1.28912520121959_PolyDFE.input does not contain divergence counts. Using option -w.
---- No mutation variability. Using Poisson likelihood.


---- Calculating initial values

-- Starting local optimization
-- Optimizing all parameters
  it        eps_an     theta_bar           S_d             b           p_b           S_b           r 2           r 3           r 4           r 5           r 6           r 7           r 8           r 9          r 10          r 11          r 12          r 13          r 14          r 15          r 16          r 17          r 18          r 19          r 20          r 21          r 22          r 23          r 24          r 25          r 26          r 27          r 28          r 29          r 30          r 31          r 32          r 33          r 34          r 35          r 36          r 37          r 38          r 39          r 40          r 41          r 42          r 43          r 44          r 45          r 46          r 47          r 48          r 49           ln lk          grad status 
   0           0.1 0.00998239835        -20000         0.208           0.1            20 0.76825334766 0.67647346300 0.67402990909 0.74235167627 0.61284331932 0.72798357931 0.65995503860 0.49350014661 0.58449809402 0.50532694751 0.53601798455 0.65184243964 0.59935490176 0.47062848206 0.54579220017 0.59485876258 0.52780764343 0.62027172319 0.57276903528 0.65066953376 0.57198709803 0.76659173101 0.68028540709 1.00185710096 0.94027954256 0.70990128042 0.64040660736 1.05727690352 1.16410908024 0.86658195679 0.93832469944 1.10311797478 1.13322255888 1.12550092855 1.20340142703 1.36340533672 1.31111328315 1.48665819567 1.64988759652 1.63903821718 2.61088847619 2.58899423321 2.25784380803 3.12726028736 3.21923565633 3.87264197048 4.92620467207             1 -2458.335527536 33.3656231036   -2 
 803 0.00593574339 0.00869999025 -499.51389605 0.21862587543 0.00006218234 0.22782719093 0.77355339128 0.70555764833 0.74125395302 0.67839883409 0.65367645269 0.69673619615 0.70639060516 0.61135093310 0.58360586818 0.53798021578 0.59733904556 0.56786497861 0.56413347539 0.57146691609 0.46612211602 0.62006912619 0.49240445083 0.73294387340 0.57799305383 0.54708108728 0.56717447018 0.76504909502 0.58049595957 0.83595343643 0.80559230396 0.51725173093 0.56418876808 0.80449716779 0.96748382029 0.84879491873 0.92384759351 0.87954236913 0.95601570169 0.95297291802 1.04714623085 0.97772236550 1.36631350532 1.42344026518 1.40597554530 1.29157716211 1.80101812528 1.78475282129 1.86521603346 2.31693488743 2.16350305148 2.49749858742 2.81800924266 3.97695475460 -319.8380897915 0.00008974807    0 
---- Best joint likelihood found -319.838089791545713 with gradient 0.00009

---- Results for RevisionsPolyDFE15/connec1_-1.28912520121959_PolyDFE.input 
--  Model: C
--        eps_an     theta_bar             a 
-- 0.00593574339 0.00869999025            -1 
--           S_d             b           p_b           S_b 
-- -499.51389605 0.21862587543 0.00006218234 0.22782719093 
--           r 2           r 3           r 4           r 5           r 6           r 7           r 8           r 9          r 10          r 11          r 12          r 13          r 14          r 15          r 16          r 17          r 18          r 19          r 20          r 21          r 22          r 23          r 24          r 25          r 26          r 27          r 28          r 29          r 30          r 31          r 32          r 33          r 34          r 35          r 36          r 37          r 38          r 39          r 40          r 41          r 42          r 43          r 44          r 45          r 46          r 47          r 48          r 49 
-- 0.77355339128 0.70555764833 0.74125395302 0.67839883409 0.65367645269 0.69673619615 0.70639060516 0.61135093310 0.58360586818 0.53798021578 0.59733904556 0.56786497861 0.56413347539 0.57146691609 0.46612211602 0.62006912619 0.49240445083 0.73294387340 0.57799305383 0.54708108728 0.56717447018 0.76504909502 0.58049595957 0.83595343643 0.80559230396 0.51725173093 0.56418876808 0.80449716779 0.96748382029 0.84879491873 0.92384759351 0.87954236913 0.95601570169 0.95297291802 1.04714623085 0.97772236550 1.36631350532 1.42344026518 1.40597554530 1.29157716211 1.80101812528 1.78475282129 1.86521603346 2.31693488743 2.16350305148 2.49749858742 2.81800924266 3.97695475460 

---- Expected P_neut(i), 0 < i < n (neutral SFS per site) 
E[P_neut(1)] = 0.0086525406
E[P_neut(2)] = 0.0033480117
E[P_neut(3)] = 0.0020367138
E[P_neut(4)] = 0.0016050846
E[P_neut(5)] = 0.0011760649
E[P_neut(6)] = 0.0009443928
E[P_neut(7)] = 0.0008629460
E[P_neut(8)] = 0.0007658535
E[P_neut(9)] = 0.0005890908
E[P_neut(10)] = 0.0005065379
E[P_neut(11)] = 0.0004248522
E[P_neut(12)] = 0.0004323565
E[P_neut(13)] = 0.0003791411
E[P_neut(14)] = 0.0003499895
E[P_neut(15)] = 0.0003308891
E[P_neut(16)] = 0.0002534012
E[P_neut(17)] = 0.0003168219
E[P_neut(18)] = 0.0002380734
E[P_neut(19)] = 0.0003350326
E[P_neut(20)] = 0.0002515997
E[P_neut(21)] = 0.0002267349
E[P_neut(22)] = 0.0002240007
E[P_neut(23)] = 0.0002886594
E[P_neut(24)] = 0.0002107806
E[P_neut(25)] = 0.0002909115
E[P_neut(26)] = 0.0002692123
E[P_neut(27)] = 0.0001673982
E[P_neut(28)] = 0.0001755921
E[P_neut(29)] = 0.0002412616
E[P_neut(30)] = 0.0002803970
E[P_neut(31)] = 0.0002387881
E[P_neut(32)] = 0.0002510926
E[P_neut(33)] = 0.0002323863
E[P_neut(34)] = 0.0002446797
E[P_neut(35)] = 0.0002374429
E[P_neut(36)] = 0.0002536388
E[P_neut(37)] = 0.0002307878
E[P_neut(38)] = 0.0003135273
E[P_neut(39)] = 0.0003181771
E[P_neut(40)] = 0.0003069980
E[P_neut(41)] = 0.0002759471
E[P_neut(42)] = 0.0003754130
E[P_neut(43)] = 0.0003640974
E[P_neut(44)] = 0.0003722406
E[P_neut(45)] = 0.0004522880
E[P_neut(46)] = 0.0004163248
E[P_neut(47)] = 0.0004717035
E[P_neut(48)] = 0.0005277053
E[P_neut(49)] = 0.0007535612

---- Expected P_sel(i), 0 < i < n (selected SFS per site) 
E[P_sel(1)] = 0.0043427196
E[P_sel(2)] = 0.0013605332
E[P_sel(3)] = 0.0007442480
E[P_sel(4)] = 0.0005474887
E[P_sel(5)] = 0.0003813176
E[P_sel(6)] = 0.0002943071
E[P_sel(7)] = 0.0002603133
E[P_sel(8)] = 0.0002247354
E[P_sel(9)] = 0.0001688087
E[P_sel(10)] = 0.0001421193
E[P_sel(11)] = 0.0001169761
E[P_sel(12)] = 0.0001170599
E[P_sel(13)] = 0.0001011041
E[P_sel(14)] = 0.0000920172
E[P_sel(15)] = 0.0000858747
E[P_sel(16)] = 0.0000649646
E[P_sel(17)] = 0.0000803301
E[P_sel(18)] = 0.0000597194
E[P_sel(19)] = 0.0000832288
E[P_sel(20)] = 0.0000619095
E[P_sel(21)] = 0.0000553017
E[P_sel(22)] = 0.0000541823
E[P_sel(23)] = 0.0000692678
E[P_sel(24)] = 0.0000501910
E[P_sel(25)] = 0.0000687704
E[P_sel(26)] = 0.0000631972
E[P_sel(27)] = 0.0000390401
E[P_sel(28)] = 0.0000406863
E[P_sel(29)] = 0.0000555525
E[P_sel(30)] = 0.0000641785
E[P_sel(31)] = 0.0000543561
E[P_sel(32)] = 0.0000568260
E[P_sel(33)] = 0.0000523273
E[P_sel(34)] = 0.0000547967
E[P_sel(35)] = 0.0000529284
E[P_sel(36)] = 0.0000562660
E[P_sel(37)] = 0.0000509753
E[P_sel(38)] = 0.0000689154
E[P_sel(39)] = 0.0000696274
E[P_sel(40)] = 0.0000669333
E[P_sel(41)] = 0.0000599771
E[P_sel(42)] = 0.0000812718
E[P_sel(43)] = 0.0000785997
E[P_sel(44)] = 0.0000801276
E[P_sel(45)] = 0.0000970871
E[P_sel(46)] = 0.0000895412
E[P_sel(47)] = 0.0001015467
E[P_sel(48)] = 0.0001150081
E[P_sel(49)] = 0.0001731585

---- alpha_dfe = 0.000335

