---- Running command
---- ./polyDFE -d RevisionsPolyDFE15/connec15_1.12290294083232_PolyDFE.input -m C -i /home/jejames/ArabidopsisCrossGenome/model.txt 1 -e 
---- Performing inference using model C

---- Performing inference on RevisionsPolyDFE15/connec15_1.12290294083232_PolyDFE.input
----      with -i /home/jejames/ArabidopsisCrossGenome/model.txt 1
---- Data RevisionsPolyDFE15/connec15_1.12290294083232_PolyDFE.input does not contain divergence counts. Using option -w.
---- No mutation variability. Using Poisson likelihood.


---- Calculating initial values

-- Starting local optimization
-- Optimizing all parameters
  it        eps_an     theta_bar           S_d             b           p_b           S_b           r 2           r 3           r 4           r 5           r 6           r 7           r 8           r 9          r 10          r 11          r 12          r 13          r 14          r 15          r 16          r 17          r 18          r 19          r 20          r 21          r 22          r 23          r 24          r 25          r 26          r 27          r 28          r 29          r 30          r 31          r 32          r 33          r 34          r 35          r 36          r 37          r 38          r 39          r 40          r 41          r 42          r 43          r 44          r 45          r 46          r 47          r 48          r 49           ln lk          grad status 
   0           0.1 0.00873425858        -80000         0.208           0.1            20 0.94280647306 0.87652405231 0.93416093992 0.78474839281 0.69496785635 0.77277765462 0.66858789625 0.71225892263 0.73930392374 0.65351363334 0.72090445577 0.78674351585 0.72622478386 0.64841498559 0.52848592329 0.72544890268 0.66437596985 0.84027931722 0.86011970738 0.80303702061 0.62425182886 0.75205054311 0.92573708712 0.94214143205 0.95677233429 0.76313455996 0.94347151407 0.98038129017 0.97095987585 1.61837729993 0.98248725338 1.26191531811 1.06273553535 1.20261582797 1.16515185103 1.77987142540 1.00243848370 1.48703170028 1.78674351585 1.93593438262 2.54178674351 2.68809576590 2.56040789182 3.31190423409 3.68632232320 4.81356683662 6.58124584349             1 -3089.970307000 43.6083917058   -2 
 383 0.00479493256 0.00787277709 -271.93818539 0.36612402998 0.00008721009 0.57453954421 0.89318628113 0.82257959106 0.86985732366 0.79922942738 0.76639225764 0.72704439117 0.69350077452 0.69865494483 0.70167789519 0.60652385123 0.69751841669 0.68188318920 0.67857419461 0.61248489761 0.56579183572 0.56563121923 0.59283432515 0.68534372746 0.77484824023 0.64177729421 0.63578611348 0.66834387879 0.77441779403 0.76375910153 0.65330871646 0.74853956573 0.83163224428 0.75586291280 0.89620721997 1.26121865828 0.94325739749 1.03868360000 0.98644922147 1.01762664368 1.02510633566 1.52981049150 0.69571113354 1.31868989877 1.43012838122 1.59989475709 1.99496093926 1.98691854389 1.91492054351 2.36467731870 2.75845857527 3.20617355260 4.11419551240 4.32658240170 -294.4878444839 0.00024565719   -8 
-- Local optimization: reached maximum number of likelihood evaluations allowed.
---- Best joint likelihood found -294.487844483937579 with gradient 0.00025

---- Results for RevisionsPolyDFE15/connec15_1.12290294083232_PolyDFE.input 
--  Model: C
--        eps_an     theta_bar             a 
-- 0.00479493256 0.00787277709            -1 
--           S_d             b           p_b           S_b 
-- -271.93818539 0.36612402998 0.00008721009 0.57453954421 
--           r 2           r 3           r 4           r 5           r 6           r 7           r 8           r 9          r 10          r 11          r 12          r 13          r 14          r 15          r 16          r 17          r 18          r 19          r 20          r 21          r 22          r 23          r 24          r 25          r 26          r 27          r 28          r 29          r 30          r 31          r 32          r 33          r 34          r 35          r 36          r 37          r 38          r 39          r 40          r 41          r 42          r 43          r 44          r 45          r 46          r 47          r 48          r 49 
-- 0.89318628113 0.82257959106 0.86985732366 0.79922942738 0.76639225764 0.72704439117 0.69350077452 0.69865494483 0.70167789519 0.60652385123 0.69751841669 0.68188318920 0.67857419461 0.61248489761 0.56579183572 0.56563121923 0.59283432515 0.68534372746 0.77484824023 0.64177729421 0.63578611348 0.66834387879 0.77441779403 0.76375910153 0.65330871646 0.74853956573 0.83163224428 0.75586291280 0.89620721997 1.26121865828 0.94325739749 1.03868360000 0.98644922147 1.01762664368 1.02510633566 1.52981049150 0.69571113354 1.31868989877 1.43012838122 1.59989475709 1.99496093926 1.98691854389 1.91492054351 2.36467731870 2.75845857527 3.20617355260 4.11419551240 4.32658240170 

---- Expected P_neut(i), 0 < i < n (neutral SFS per site) 
E[P_neut(1)] = 0.0078383608
E[P_neut(2)] = 0.0035023052
E[P_neut(3)] = 0.0021508864
E[P_neut(4)] = 0.0017061027
E[P_neut(5)] = 0.0012543806
E[P_neut(6)] = 0.0010024270
E[P_neut(7)] = 0.0008155176
E[P_neut(8)] = 0.0006809928
E[P_neut(9)] = 0.0006096931
E[P_neut(10)] = 0.0005511162
E[P_neut(11)] = 0.0004332883
E[P_neut(12)] = 0.0004561141
E[P_neut(13)] = 0.0004125280
E[P_neut(14)] = 0.0003808355
E[P_neut(15)] = 0.0003210200
E[P_neut(16)] = 0.0002781574
E[P_neut(17)] = 0.0002618785
E[P_neut(18)] = 0.0002591613
E[P_neut(19)] = 0.0002841509
E[P_neut(20)] = 0.0003046756
E[P_neut(21)] = 0.0002404288
E[P_neut(22)] = 0.0002275486
E[P_neut(23)] = 0.0002287202
E[P_neut(24)] = 0.0002537646
E[P_neut(25)] = 0.0002405162
E[P_neut(26)] = 0.0001980908
E[P_neut(27)] = 0.0002183128
E[P_neut(28)] = 0.0002338003
E[P_neut(29)] = 0.0002053677
E[P_neut(30)] = 0.0002355228
E[P_neut(31)] = 0.0003201256
E[P_neut(32)] = 0.0002321948
E[P_neut(33)] = 0.0002478656
E[P_neut(34)] = 0.0002286542
E[P_neut(35)] = 0.0002293452
E[P_neut(36)] = 0.0002249335
E[P_neut(37)] = 0.0003259289
E[P_neut(38)] = 0.0001456394
E[P_neut(39)] = 0.0002670038
E[P_neut(40)] = 0.0002827762
E[P_neut(41)] = 0.0003086675
E[P_neut(42)] = 0.0003754289
E[P_neut(43)] = 0.0003659571
E[P_neut(44)] = 0.0003458094
E[P_neut(45)] = 0.0004177521
E[P_neut(46)] = 0.0004780483
E[P_neut(47)] = 0.0005448285
E[P_neut(48)] = 0.0006884177
E[P_neut(49)] = 0.0007295636

---- Expected P_sel(i), 0 < i < n (selected SFS per site) 
E[P_sel(1)] = 0.0035965740
E[P_sel(2)] = 0.0011615228
E[P_sel(3)] = 0.0005982352
E[P_sel(4)] = 0.0004226110
E[P_sel(5)] = 0.0002853116
E[P_sel(6)] = 0.0002132414
E[P_sel(7)] = 0.0001641807
E[P_sel(8)] = 0.0001308585
E[P_sel(9)] = 0.0001125645
E[P_sel(10)] = 0.0000982251
E[P_sel(11)] = 0.0000748247
E[P_sel(12)] = 0.0000766015
E[P_sel(13)] = 0.0000674774
E[P_sel(14)] = 0.0000608572
E[P_sel(15)] = 0.0000501877
E[P_sel(16)] = 0.0000426136
E[P_sel(17)] = 0.0000393682
E[P_sel(18)] = 0.0000382818
E[P_sel(19)] = 0.0000412783
E[P_sel(20)] = 0.0000435842
E[P_sel(21)] = 0.0000338880
E[P_sel(22)] = 0.0000316245
E[P_sel(23)] = 0.0000313676
E[P_sel(24)] = 0.0000343639
E[P_sel(25)] = 0.0000321766
E[P_sel(26)] = 0.0000261961
E[P_sel(27)] = 0.0000285503
E[P_sel(28)] = 0.0000302503
E[P_sel(29)] = 0.0000263024
E[P_sel(30)] = 0.0000298707
E[P_sel(31)] = 0.0000402045
E[P_sel(32)] = 0.0000288997
E[P_sel(33)] = 0.0000305757
E[P_sel(34)] = 0.0000279703
E[P_sel(35)] = 0.0000278307
E[P_sel(36)] = 0.0000270911
E[P_sel(37)] = 0.0000389257
E[P_sel(38)] = 0.0000173290
E[P_sel(39)] = 0.0000314468
E[P_sel(40)] = 0.0000331023
E[P_sel(41)] = 0.0000358995
E[P_sel(42)] = 0.0000433684
E[P_sel(43)] = 0.0000420837
E[P_sel(44)] = 0.0000396608
E[P_sel(45)] = 0.0000477187
E[P_sel(46)] = 0.0000545867
E[P_sel(47)] = 0.0000622914
E[P_sel(48)] = 0.0000797889
E[P_sel(49)] = 0.0000933042

---- alpha_dfe = 0.001076

