---- Running command
---- ./polyDFE -d RevisionsPolyDFE15/connec4_-0.485278089513632_PolyDFE.input -m C -i /home/jejames/ArabidopsisCrossGenome/model.txt 1 -e 
---- Performing inference using model C

---- Performing inference on RevisionsPolyDFE15/connec4_-0.485278089513632_PolyDFE.input
----      with -i /home/jejames/ArabidopsisCrossGenome/model.txt 1
---- Data RevisionsPolyDFE15/connec4_-0.485278089513632_PolyDFE.input does not contain divergence counts. Using option -w.
---- No mutation variability. Using Poisson likelihood.


---- Calculating initial values

-- Starting local optimization
-- Optimizing all parameters
  it        eps_an     theta_bar           S_d             b           p_b           S_b           r 2           r 3           r 4           r 5           r 6           r 7           r 8           r 9          r 10          r 11          r 12          r 13          r 14          r 15          r 16          r 17          r 18          r 19          r 20          r 21          r 22          r 23          r 24          r 25          r 26          r 27          r 28          r 29          r 30          r 31          r 32          r 33          r 34          r 35          r 36          r 37          r 38          r 39          r 40          r 41          r 42          r 43          r 44          r 45          r 46          r 47          r 48          r 49           ln lk          grad status 
   0           0.1 0.01019100141        -30000         0.208           0.1            20 0.82204246713 0.65338725985 0.64105156723 0.62740141557 0.64732052578 0.70212335692 0.53710819009 0.67795753286 0.63094034378 0.65733063700 0.72800808897 0.58230535894 0.55348837209 0.73255813953 0.50960566228 0.61708796764 0.63518705763 0.98361981799 0.78260869565 0.83235591506 0.84529828109 0.72790697674 0.86875631951 1.08695652173 0.68877654196 0.70161779575 1.07583417593 0.72719919110 0.85844287158 1.40424671385 1.10333670374 1.17118301314 1.22042467138 1.51112234580 1.45237613751 1.14853387259 1.38321536905 2.04661274014 2.00606673407 1.59605662285 1.93650151668 2.29565217391 2.14883720930 2.77098078867 3.09302325581 3.92537917087 5.55712841253             1 -2564.538479774 35.6653680113   -2 
 714 0.00770481237 0.00882793098 -328.78148066 0.27207047430 0.00009749777 0.55481868677 0.81517479913 0.75118253578 0.67238557134 0.66390375974 0.70908873068 0.71397542779 0.61876250919 0.71935823419 0.61693442700 0.61187376156 0.67002624258 0.60675801394 0.56039380571 0.71154286988 0.56658683267 0.59053424592 0.62940073872 0.74182345292 0.84453786109 0.79912957564 0.73154927163 0.72403012131 0.77084909903 0.90415595247 0.65818431159 0.68626348948 0.88379769228 0.66740266572 0.73759451813 0.87658668113 0.89205520107 0.93978869429 1.18083624724 1.03512489570 1.12560661530 0.98443385637 1.16888034100 1.46811531560 1.50689509889 1.56059835495 1.62612698687 1.72678785347 2.03828844226 1.91942858712 2.33448371571 3.03877445332 3.44502613075 4.63839999076 -325.5155885073 0.00048092271   -3 
-- Local optimization: stuck in the same solution
---- Best joint likelihood found -325.515588507391158 with gradient 0.00048

---- Results for RevisionsPolyDFE15/connec4_-0.485278089513632_PolyDFE.input 
--  Model: C
--        eps_an     theta_bar             a 
-- 0.00770481237 0.00882793098            -1 
--           S_d             b           p_b           S_b 
-- -328.78148066 0.27207047430 0.00009749777 0.55481868677 
--           r 2           r 3           r 4           r 5           r 6           r 7           r 8           r 9          r 10          r 11          r 12          r 13          r 14          r 15          r 16          r 17          r 18          r 19          r 20          r 21          r 22          r 23          r 24          r 25          r 26          r 27          r 28          r 29          r 30          r 31          r 32          r 33          r 34          r 35          r 36          r 37          r 38          r 39          r 40          r 41          r 42          r 43          r 44          r 45          r 46          r 47          r 48          r 49 
-- 0.81517479913 0.75118253578 0.67238557134 0.66390375974 0.70908873068 0.71397542779 0.61876250919 0.71935823419 0.61693442700 0.61187376156 0.67002624258 0.60675801394 0.56039380571 0.71154286988 0.56658683267 0.59053424592 0.62940073872 0.74182345292 0.84453786109 0.79912957564 0.73154927163 0.72403012131 0.77084909903 0.90415595247 0.65818431159 0.68626348948 0.88379769228 0.66740266572 0.73759451813 0.87658668113 0.89205520107 0.93978869429 1.18083624724 1.03512489570 1.12560661530 0.98443385637 1.16888034100 1.46811531560 1.50689509889 1.56059835495 1.62612698687 1.72678785347 2.03828844226 1.91942858712 2.33448371571 3.03877445332 3.44502613075 4.63839999076 

---- Expected P_neut(i), 0 < i < n (neutral SFS per site) 
E[P_neut(1)] = 0.0087663521
E[P_neut(2)] = 0.0035753121
E[P_neut(3)] = 0.0021978290
E[P_neut(4)] = 0.0014759617
E[P_neut(5)] = 0.0011660491
E[P_neut(6)] = 0.0010384102
E[P_neut(7)] = 0.0008962119
E[P_neut(8)] = 0.0006801717
E[P_neut(9)] = 0.0007027574
E[P_neut(10)] = 0.0005429916
E[P_neut(11)] = 0.0004898297
E[P_neut(12)] = 0.0004912065
E[P_neut(13)] = 0.0004106672
E[P_neut(14)] = 0.0003527696
E[P_neut(15)] = 0.0004175485
E[P_neut(16)] = 0.0003125655
E[P_neut(17)] = 0.0003062329
E[P_neut(18)] = 0.0003082014
E[P_neut(19)] = 0.0003439396
E[P_neut(20)] = 0.0003715762
E[P_neut(21)] = 0.0003349132
E[P_neut(22)] = 0.0002934337
E[P_neut(23)] = 0.0002774871
E[P_neut(24)] = 0.0002830790
E[P_neut(25)] = 0.0003192731
E[P_neut(26)] = 0.0002239399
E[P_neut(27)] = 0.0002247933
E[P_neut(28)] = 0.0002787614
E[P_neut(29)] = 0.0002041880
E[P_neut(30)] = 0.0002182476
E[P_neut(31)] = 0.0002503596
E[P_neut(32)] = 0.0002465760
E[P_neut(33)] = 0.0002518315
E[P_neut(34)] = 0.0003066446
E[P_neut(35)] = 0.0002623009
E[P_neut(36)] = 0.0002766175
E[P_neut(37)] = 0.0002362437
E[P_neut(38)] = 0.0002732528
E[P_neut(39)] = 0.0003335415
E[P_neut(40)] = 0.0003342030
E[P_neut(41)] = 0.0003388684
E[P_neut(42)] = 0.0003444211
E[P_neut(43)] = 0.0003587169
E[P_neut(44)] = 0.0004138391
E[P_neut(45)] = 0.0003826765
E[P_neut(46)] = 0.0004559960
E[P_neut(47)] = 0.0005834014
E[P_neut(48)] = 0.0006564342
E[P_neut(49)] = 0.0008972417

---- Expected P_sel(i), 0 < i < n (selected SFS per site) 
E[P_sel(1)] = 0.0043586633
E[P_sel(2)] = 0.0013821477
E[P_sel(3)] = 0.0007450599
E[P_sel(4)] = 0.0004592293
E[P_sel(5)] = 0.0003406800
E[P_sel(6)] = 0.0002887116
E[P_sel(7)] = 0.0002392835
E[P_sel(8)] = 0.0001754396
E[P_sel(9)] = 0.0001759861
E[P_sel(10)] = 0.0001324423
E[P_sel(11)] = 0.0001167185
E[P_sel(12)] = 0.0001146483
E[P_sel(13)] = 0.0000940377
E[P_sel(14)] = 0.0000793556
E[P_sel(15)] = 0.0000924468
E[P_sel(16)] = 0.0000681459
E[P_sel(17)] = 0.0000658539
E[P_sel(18)] = 0.0000654189
E[P_sel(19)] = 0.0000721178
E[P_sel(20)] = 0.0000770216
E[P_sel(21)] = 0.0000686618
E[P_sel(22)] = 0.0000595251
E[P_sel(23)] = 0.0000557386
E[P_sel(24)] = 0.0000563275
E[P_sel(25)] = 0.0000629583
E[P_sel(26)] = 0.0000437822
E[P_sel(27)] = 0.0000435888
E[P_sel(28)] = 0.0000536242
E[P_sel(29)] = 0.0000389940
E[P_sel(30)] = 0.0000413800
E[P_sel(31)] = 0.0000471251
E[P_sel(32)] = 0.0000460938
E[P_sel(33)] = 0.0000467668
E[P_sel(34)] = 0.0000565703
E[P_sel(35)] = 0.0000481374
E[P_sel(36)] = 0.0000504397
E[P_sel(37)] = 0.0000428735
E[P_sel(38)] = 0.0000493292
E[P_sel(39)] = 0.0000598500
E[P_sel(40)] = 0.0000596912
E[P_sel(41)] = 0.0000603195
E[P_sel(42)] = 0.0000610136
E[P_sel(43)] = 0.0000634121
E[P_sel(44)] = 0.0000728936
E[P_sel(45)] = 0.0000673810
E[P_sel(46)] = 0.0000802205
E[P_sel(47)] = 0.0001029868
E[P_sel(48)] = 0.0001181394
E[P_sel(49)] = 0.0001748722

---- alpha_dfe = 0.000767

