---- Running command
---- ./polyDFE -d RevisionsPolyDFE15/connec8_0.0505540790054463_PolyDFE.input -m C -i /home/jejames/ArabidopsisCrossGenome/model.txt 1 -e 
---- Performing inference using model C

---- Performing inference on RevisionsPolyDFE15/connec8_0.0505540790054463_PolyDFE.input
----      with -i /home/jejames/ArabidopsisCrossGenome/model.txt 1
---- Data RevisionsPolyDFE15/connec8_0.0505540790054463_PolyDFE.input does not contain divergence counts. Using option -w.
---- No mutation variability. Using Poisson likelihood.


---- Calculating initial values

-- Starting local optimization
-- Optimizing all parameters
  it        eps_an     theta_bar           S_d             b           p_b           S_b           r 2           r 3           r 4           r 5           r 6           r 7           r 8           r 9          r 10          r 11          r 12          r 13          r 14          r 15          r 16          r 17          r 18          r 19          r 20          r 21          r 22          r 23          r 24          r 25          r 26          r 27          r 28          r 29          r 30          r 31          r 32          r 33          r 34          r 35          r 36          r 37          r 38          r 39          r 40          r 41          r 42          r 43          r 44          r 45          r 46          r 47          r 48          r 49           ln lk          grad status 
   0           0.1 0.01006624961        -70000         0.208           0.1            20 0.79153652392 0.65229219143 0.71254408060 0.68715365239 0.57491183879 0.51133501259 0.65531486146 0.66921914357 0.57632241813 0.63727959697 0.64443324937 0.73874055415 0.58821158690 0.68765743073 0.59002518891 0.80675062972 0.61843828715 0.67959697733 0.63677581863 0.75113350125 0.76030226700 0.70216624685 0.54891687657 0.83123425692 0.74136020151 0.88957178841 1.03536523929 0.92040302267 1.10025188916 0.98387909319 1.38317380352 1.06065491183 1.41823677581 1.46347607052 1.42549118387 1.62539042821 1.21370277078 1.47355163727 2.04735516372 1.99113350125 2.18780856423 2.27455919395 2.12352644836 2.33954659949 2.92916876574 4.83969773299 5.76483627204             1 -2594.408103063 37.1477362689   -2 
 873 0.00345133972 0.00885199208 -619.41629328 0.25411765123 0.00011801182 0.52023295136 0.76383844294 0.70830994866 0.68810258673 0.67942637089 0.63574462334 0.52467981817 0.58810352152 0.72456013329 0.52428246857 0.58337714736 0.68237908236 0.74526305872 0.64835384213 0.57655579372 0.69687121823 0.72062215977 0.68744508400 0.69261480328 0.64308956888 0.60503500124 0.68076729543 0.71496200856 0.55521064223 0.79560227606 0.71218608037 0.75519931301 0.85753148096 0.89122564974 0.86257748414 0.71717264877 1.04087824595 0.88708297154 1.14662738761 1.29386560810 1.12551342026 1.29403033735 0.91247638410 1.24724980882 1.72638190524 1.57298516849 1.81651977021 1.70314587808 1.78616266918 1.84764740779 2.17932955165 3.25145822997 3.49251480915 4.55056170991 -313.6371350670 0.00073050473   -8 
-- Local optimization: reached maximum number of likelihood evaluations allowed.
---- Best joint likelihood found -313.637135067072734 with gradient 0.00073

---- Results for RevisionsPolyDFE15/connec8_0.0505540790054463_PolyDFE.input 
--  Model: C
--        eps_an     theta_bar             a 
-- 0.00345133972 0.00885199208            -1 
--           S_d             b           p_b           S_b 
-- -619.41629328 0.25411765123 0.00011801182 0.52023295136 
--           r 2           r 3           r 4           r 5           r 6           r 7           r 8           r 9          r 10          r 11          r 12          r 13          r 14          r 15          r 16          r 17          r 18          r 19          r 20          r 21          r 22          r 23          r 24          r 25          r 26          r 27          r 28          r 29          r 30          r 31          r 32          r 33          r 34          r 35          r 36          r 37          r 38          r 39          r 40          r 41          r 42          r 43          r 44          r 45          r 46          r 47          r 48          r 49 
-- 0.76383844294 0.70830994866 0.68810258673 0.67942637089 0.63574462334 0.52467981817 0.58810352152 0.72456013329 0.52428246857 0.58337714736 0.68237908236 0.74526305872 0.64835384213 0.57655579372 0.69687121823 0.72062215977 0.68744508400 0.69261480328 0.64308956888 0.60503500124 0.68076729543 0.71496200856 0.55521064223 0.79560227606 0.71218608037 0.75519931301 0.85753148096 0.89122564974 0.86257748414 0.71717264877 1.04087824595 0.88708297154 1.14662738761 1.29386560810 1.12551342026 1.29403033735 0.91247638410 1.24724980882 1.72638190524 1.57298516849 1.81651977021 1.70314587808 1.78616266918 1.84764740779 2.17932955165 3.25145822997 3.49251480915 4.55056170991 

---- Expected P_neut(i), 0 < i < n (neutral SFS per site) 
E[P_neut(1)] = 0.0088242781
E[P_neut(2)] = 0.0033713008
E[P_neut(3)] = 0.0020848850
E[P_neut(4)] = 0.0015189615
E[P_neut(5)] = 0.0011999583
E[P_neut(6)] = 0.0009359375
E[P_neut(7)] = 0.0006624146
E[P_neut(8)] = 0.0006498114
E[P_neut(9)] = 0.0007113570
E[P_neut(10)] = 0.0004638113
E[P_neut(11)] = 0.0004688159
E[P_neut(12)] = 0.0005023642
E[P_neut(13)] = 0.0005067834
E[P_neut(14)] = 0.0004094848
E[P_neut(15)] = 0.0003401996
E[P_neut(16)] = 0.0003852433
E[P_neut(17)] = 0.0003747581
E[P_neut(18)] = 0.0003378969
E[P_neut(19)] = 0.0003222784
E[P_neut(20)] = 0.0002845273
E[P_neut(21)] = 0.0002550951
E[P_neut(22)] = 0.0002739060
E[P_neut(23)] = 0.0002750717
E[P_neut(24)] = 0.0002049101
E[P_neut(25)] = 0.0002817066
E[P_neut(26)] = 0.0002423417
E[P_neut(27)] = 0.0002476884
E[P_neut(28)] = 0.0002711119
E[P_neut(29)] = 0.0002719800
E[P_neut(30)] = 0.0002546216
E[P_neut(31)] = 0.0002051942
E[P_neut(32)] = 0.0002881057
E[P_neut(33)] = 0.0002384269
E[P_neut(34)] = 0.0002988279
E[P_neut(35)] = 0.0003272817
E[P_neut(36)] = 0.0002772107
E[P_neut(37)] = 0.0003102707
E[P_neut(38)] = 0.0002135625
E[P_neut(39)] = 0.0002837367
E[P_neut(40)] = 0.0003823311
E[P_neut(41)] = 0.0003408985
E[P_neut(42)] = 0.0003837774
E[P_neut(43)] = 0.0003516900
E[P_neut(44)] = 0.0003613400
E[P_neut(45)] = 0.0003663495
E[P_neut(46)] = 0.0004231866
E[P_neut(47)] = 0.0006174802
E[P_neut(48)] = 0.0006535225
E[P_neut(49)] = 0.0008497861

---- Expected P_sel(i), 0 < i < n (selected SFS per site) 
E[P_sel(1)] = 0.0039238693
E[P_sel(2)] = 0.0011673493
E[P_sel(3)] = 0.0006371260
E[P_sel(4)] = 0.0004282142
E[P_sel(5)] = 0.0003188736
E[P_sel(6)] = 0.0002374315
E[P_sel(7)] = 0.0001617550
E[P_sel(8)] = 0.0001536561
E[P_sel(9)] = 0.0001636238
E[P_sel(10)] = 0.0001040787
E[P_sel(11)] = 0.0001029564
E[P_sel(12)] = 0.0001081940
E[P_sel(13)] = 0.0001071981
E[P_sel(14)] = 0.0000852058
E[P_sel(15)] = 0.0000697152
E[P_sel(16)] = 0.0000778538
E[P_sel(17)] = 0.0000747544
E[P_sel(18)] = 0.0000665734
E[P_sel(19)] = 0.0000627724
E[P_sel(20)] = 0.0000548144
E[P_sel(21)] = 0.0000486384
E[P_sel(22)] = 0.0000517175
E[P_sel(23)] = 0.0000514568
E[P_sel(24)] = 0.0000379921
E[P_sel(25)] = 0.0000517898
E[P_sel(26)] = 0.0000441916
E[P_sel(27)] = 0.0000448166
E[P_sel(28)] = 0.0000486880
E[P_sel(29)] = 0.0000484920
E[P_sel(30)] = 0.0000450849
E[P_sel(31)] = 0.0000360965
E[P_sel(32)] = 0.0000503476
E[P_sel(33)] = 0.0000414149
E[P_sel(34)] = 0.0000515864
E[P_sel(35)] = 0.0000561593
E[P_sel(36)] = 0.0000473134
E[P_sel(37)] = 0.0000526737
E[P_sel(38)] = 0.0000360893
E[P_sel(39)] = 0.0000476703
E[P_sel(40)] = 0.0000638829
E[P_sel(41)] = 0.0000567490
E[P_sel(42)] = 0.0000635571
E[P_sel(43)] = 0.0000580008
E[P_sel(44)] = 0.0000594182
E[P_sel(45)] = 0.0000600994
E[P_sel(46)] = 0.0000692516
E[P_sel(47)] = 0.0001007302
E[P_sel(48)] = 0.0001072227
E[P_sel(49)] = 0.0001447319

---- alpha_dfe = 0.000969

