---- Running command
---- ./polyDFE -d RevisionsPolyDFE15/connec3_-0.666837946915309_PolyDFE.input -m C -i /home/jejames/ArabidopsisCrossGenome/model.txt 1 -e 
---- Performing inference using model C

---- Performing inference on RevisionsPolyDFE15/connec3_-0.666837946915309_PolyDFE.input
----      with -i /home/jejames/ArabidopsisCrossGenome/model.txt 1
---- Data RevisionsPolyDFE15/connec3_-0.666837946915309_PolyDFE.input does not contain divergence counts. Using option -w.
---- No mutation variability. Using Poisson likelihood.


---- Calculating initial values

-- Starting local optimization
-- Optimizing all parameters
  it        eps_an     theta_bar           S_d             b           p_b           S_b           r 2           r 3           r 4           r 5           r 6           r 7           r 8           r 9          r 10          r 11          r 12          r 13          r 14          r 15          r 16          r 17          r 18          r 19          r 20          r 21          r 22          r 23          r 24          r 25          r 26          r 27          r 28          r 29          r 30          r 31          r 32          r 33          r 34          r 35          r 36          r 37          r 38          r 39          r 40          r 41          r 42          r 43          r 44          r 45          r 46          r 47          r 48          r 49           ln lk          grad status 
   0           0.1 0.00973704162        -20000         0.208           0.1            20 0.78880665112 0.75068437595 0.69552874378 0.59515360438 0.65882591503 0.64584811923 0.63185643313 0.67251343404 0.61340362972 0.56210078069 0.57670080097 0.72888573456 0.65010645848 0.65700091250 0.70080097333 0.57913413768 0.55845077562 0.60873973436 0.72391767210 0.67281760113 0.76285105951 0.76721078779 0.86626786981 0.86180675250 0.85410118625 1.09773902463 1.01632363378 1.07026259758 0.76954273547 1.14407381121 0.88897901247 1.01713474602 1.54435770049 1.02200141944 1.61330224069 1.56433133934 1.33306296258 1.17043495893 1.31805738619 1.96623745310 1.92051100070 2.22346142147 2.44023116698 3.31237960052 3.33468518706 4.44124505728 5.30467403426             1 -2714.895243649 31.0563150668   -2 
 471 0.00001478407 0.00815743713 -172.26630646 0.28436820010 0.00004155258 0.26186577597 0.81391562792 0.81215272950 0.78794268364 0.67537667150 0.71855195607 0.72501083903 0.69589495198 0.76620474707 0.68808875704 0.69517201746 0.67225248614 0.79992847279 0.64306928474 0.72249138177 0.63038917040 0.72205943862 0.75330103295 0.53364210327 0.71601577855 0.65675520329 0.73381551389 0.76021948359 0.88970872999 0.78609208062 0.69491138189 1.02791458050 0.87829228406 0.97038681604 0.77060765506 0.96830902753 0.74831139602 0.87322249007 1.17518209714 0.89710272134 1.17956826860 1.25338012980 1.23319302282 1.01143649222 1.14216464434 1.55112748155 1.33471048121 1.74558275964 1.74521072760 2.48625627769 2.47592626868 3.16935562575 3.51827189223 5.00256346378 -325.2511444803 0.00033928344   -8 
-- Local optimization: reached maximum number of likelihood evaluations allowed.
---- Best joint likelihood found -325.251144480307630 with gradient 0.00034

---- Results for RevisionsPolyDFE15/connec3_-0.666837946915309_PolyDFE.input 
--  Model: C
--        eps_an     theta_bar             a 
-- 0.00001478407 0.00815743713            -1 
--           S_d             b           p_b           S_b 
-- -172.26630646 0.28436820010 0.00004155258 0.26186577597 
--           r 2           r 3           r 4           r 5           r 6           r 7           r 8           r 9          r 10          r 11          r 12          r 13          r 14          r 15          r 16          r 17          r 18          r 19          r 20          r 21          r 22          r 23          r 24          r 25          r 26          r 27          r 28          r 29          r 30          r 31          r 32          r 33          r 34          r 35          r 36          r 37          r 38          r 39          r 40          r 41          r 42          r 43          r 44          r 45          r 46          r 47          r 48          r 49 
-- 0.81391562792 0.81215272950 0.78794268364 0.67537667150 0.71855195607 0.72501083903 0.69589495198 0.76620474707 0.68808875704 0.69517201746 0.67225248614 0.79992847279 0.64306928474 0.72249138177 0.63038917040 0.72205943862 0.75330103295 0.53364210327 0.71601577855 0.65675520329 0.73381551389 0.76021948359 0.88970872999 0.78609208062 0.69491138189 1.02791458050 0.87829228406 0.97038681604 0.77060765506 0.96830902753 0.74831139602 0.87322249007 1.17518209714 0.89710272134 1.17956826860 1.25338012980 1.23319302282 1.01143649222 1.14216464434 1.55112748155 1.33471048121 1.74558275964 1.74521072760 2.48625627769 2.47592626868 3.16935562575 3.51827189223 5.00256346378 

---- Expected P_neut(i), 0 < i < n (neutral SFS per site) 
E[P_neut(1)] = 0.0081573288
E[P_neut(2)] = 0.0033196925
E[P_neut(3)] = 0.0022083371
E[P_neut(4)] = 0.0016068810
E[P_neut(5)] = 0.0011018589
E[P_neut(6)] = 0.0009769141
E[P_neut(7)] = 0.0008448825
E[P_neut(8)] = 0.0007095833
E[P_neut(9)] = 0.0006944684
E[P_neut(10)] = 0.0005612992
E[P_neut(11)] = 0.0005155248
E[P_neut(12)] = 0.0004569853
E[P_neut(13)] = 0.0005019479
E[P_neut(14)] = 0.0003746982
E[P_neut(15)] = 0.0003929092
E[P_neut(16)] = 0.0003213969
E[P_neut(17)] = 0.0003464777
E[P_neut(18)] = 0.0003413870
E[P_neut(19)] = 0.0002291136
E[P_neut(20)] = 0.0002920415
E[P_neut(21)] = 0.0002551164
E[P_neut(22)] = 0.0002720931
E[P_neut(23)] = 0.0002696285
E[P_neut(24)] = 0.0003024047
E[P_neut(25)] = 0.0002564999
E[P_neut(26)] = 0.0002180280
E[P_neut(27)] = 0.0003105605
E[P_neut(28)] = 0.0002558793
E[P_neut(29)] = 0.0002729608
E[P_neut(30)] = 0.0002095407
E[P_neut(31)] = 0.0002548035
E[P_neut(32)] = 0.0001907617
E[P_neut(33)] = 0.0002158582
E[P_neut(34)] = 0.0002819557
E[P_neut(35)] = 0.0002090901
E[P_neut(36)] = 0.0002672864
E[P_neut(37)] = 0.0002763376
E[P_neut(38)] = 0.0002647316
E[P_neut(39)] = 0.0002115617
E[P_neut(40)] = 0.0002329333
E[P_neut(41)] = 0.0003086209
E[P_neut(42)] = 0.0002592404
E[P_neut(43)] = 0.0003311583
E[P_neut(44)] = 0.0003235653
E[P_neut(45)] = 0.0004507092
E[P_neut(46)] = 0.0004390871
E[P_neut(47)] = 0.0005501058
E[P_neut(48)] = 0.0005979586
E[P_neut(49)] = 0.0008329266

---- Expected P_sel(i), 0 < i < n (selected SFS per site) 
E[P_sel(1)] = 0.0046160326
E[P_sel(2)] = 0.0014800832
E[P_sel(3)] = 0.0008630694
E[P_sel(4)] = 0.0005752759
E[P_sel(5)] = 0.0003696875
E[P_sel(6)] = 0.0003114135
E[P_sel(7)] = 0.0002582233
E[P_sel(8)] = 0.0002092741
E[P_sel(9)] = 0.0001985887
E[P_sel(10)] = 0.0001562023
E[P_sel(11)] = 0.0001400241
E[P_sel(12)] = 0.0001214353
E[P_sel(13)] = 0.0001307503
E[P_sel(14)] = 0.0000958343
E[P_sel(15)] = 0.0000988087
E[P_sel(16)] = 0.0000795666
E[P_sel(17)] = 0.0000845290
E[P_sel(18)] = 0.0000821517
E[P_sel(19)] = 0.0000544267
E[P_sel(20)] = 0.0000685347
E[P_sel(21)] = 0.0000591819
E[P_sel(22)] = 0.0000624317
E[P_sel(23)] = 0.0000612236
E[P_sel(24)] = 0.0000679851
E[P_sel(25)] = 0.0000571181
E[P_sel(26)] = 0.0000481098
E[P_sel(27)] = 0.0000679299
E[P_sel(28)] = 0.0000554998
E[P_sel(29)] = 0.0000587263
E[P_sel(30)] = 0.0000447305
E[P_sel(31)] = 0.0000539834
E[P_sel(32)] = 0.0000401214
E[P_sel(33)] = 0.0000450800
E[P_sel(34)] = 0.0000584820
E[P_sel(35)] = 0.0000430817
E[P_sel(36)] = 0.0000547187
E[P_sel(37)] = 0.0000562186
E[P_sel(38)] = 0.0000535305
E[P_sel(39)] = 0.0000425266
E[P_sel(40)] = 0.0000465531
E[P_sel(41)] = 0.0000613337
E[P_sel(42)] = 0.0000512384
E[P_sel(43)] = 0.0000651033
E[P_sel(44)] = 0.0000632792
E[P_sel(45)] = 0.0000876951
E[P_sel(46)] = 0.0000850097
E[P_sel(47)] = 0.0001059859
E[P_sel(48)] = 0.0001146613
E[P_sel(49)] = 0.0001589993

---- alpha_dfe = 0.000251

