---- Running command
---- ./polyDFE -d RevisionsPolyDFE15/connec11_0.373254482273521_PolyDFE.input -m C -i /home/jejames/ArabidopsisCrossGenome/model.txt 1 -e 
---- Performing inference using model C

---- Performing inference on RevisionsPolyDFE15/connec11_0.373254482273521_PolyDFE.input
----      with -i /home/jejames/ArabidopsisCrossGenome/model.txt 1
---- Data RevisionsPolyDFE15/connec11_0.373254482273521_PolyDFE.input does not contain divergence counts. Using option -w.
---- No mutation variability. Using Poisson likelihood.


---- Calculating initial values

-- Starting local optimization
-- Optimizing all parameters
  it        eps_an     theta_bar           S_d             b           p_b           S_b           r 2           r 3           r 4           r 5           r 6           r 7           r 8           r 9          r 10          r 11          r 12          r 13          r 14          r 15          r 16          r 17          r 18          r 19          r 20          r 21          r 22          r 23          r 24          r 25          r 26          r 27          r 28          r 29          r 30          r 31          r 32          r 33          r 34          r 35          r 36          r 37          r 38          r 39          r 40          r 41          r 42          r 43          r 44          r 45          r 46          r 47          r 48          r 49           ln lk          grad status 
   0           0.1 0.00929085102        -80000         0.208           0.1            20 0.80329726944 0.75950540958 0.66604842864 0.66306027820 0.60463678516 0.72993302421 0.64296754250 0.67140649149 0.59763008758 0.65965996908 0.68253477588 0.73941267387 0.63183925811 0.75888717156 0.74848016486 0.78299845440 1.01452859350 0.75373518804 0.71097372488 0.85471406491 0.67326120556 0.96692426584 1.08562596599 0.90159711488 0.94034003091 1.09057187017 1.01844410097 0.82174137042 1.19010819165 1.10200927357 1.19690880989 1.43833075734 1.14209170530 1.22256568778 1.26862442040 1.55548686244 1.59752704791 1.11715610510 1.40133951571 1.84193714580 1.99072642967 2.42802679031 2.18526532715 2.88871715610 2.95765069551 3.64667697063 4.95579598145             1 -2454.920365302 34.8943581535   -2 
 568 0.00444754011 0.00812431039 -711.75064029 0.25082858314 0.00010917081 0.58456916370 0.81991918041 0.75126727760 0.72706989135 0.64994196085 0.72888440244 0.67736719642 0.64873394872 0.68894654900 0.56424167764 0.64881143661 0.68468242509 0.68405287377 0.67309072873 0.71131174998 0.79591338576 0.77288951109 0.85077629192 0.70792487685 0.67676943311 0.95335616492 0.77429651602 0.93185534815 0.93951653573 0.94200868867 0.76352589195 1.05272877650 0.82825245633 0.76640092644 0.95721490529 0.97483901573 0.90448538040 1.05999698900 0.94713311704 0.92105857054 1.00805666882 1.15865752465 1.25385451563 0.94720730830 1.15008419685 1.28997310338 1.50751486134 1.82720767480 1.64772672921 1.98561668408 2.11911273524 2.53682614106 2.99223152617 4.23907481627 -309.4115460409 0.00117568865   -8 
-- Local optimization: reached maximum number of likelihood evaluations allowed.
---- Best joint likelihood found -309.411546040946234 with gradient 0.00118

---- Results for RevisionsPolyDFE15/connec11_0.373254482273521_PolyDFE.input 
--  Model: C
--        eps_an     theta_bar             a 
-- 0.00444754011 0.00812431039            -1 
--           S_d             b           p_b           S_b 
-- -711.75064029 0.25082858314 0.00010917081 0.58456916370 
--           r 2           r 3           r 4           r 5           r 6           r 7           r 8           r 9          r 10          r 11          r 12          r 13          r 14          r 15          r 16          r 17          r 18          r 19          r 20          r 21          r 22          r 23          r 24          r 25          r 26          r 27          r 28          r 29          r 30          r 31          r 32          r 33          r 34          r 35          r 36          r 37          r 38          r 39          r 40          r 41          r 42          r 43          r 44          r 45          r 46          r 47          r 48          r 49 
-- 0.81991918041 0.75126727760 0.72706989135 0.64994196085 0.72888440244 0.67736719642 0.64873394872 0.68894654900 0.56424167764 0.64881143661 0.68468242509 0.68405287377 0.67309072873 0.71131174998 0.79591338576 0.77288951109 0.85077629192 0.70792487685 0.67676943311 0.95335616492 0.77429651602 0.93185534815 0.93951653573 0.94200868867 0.76352589195 1.05272877650 0.82825245633 0.76640092644 0.95721490529 0.97483901573 0.90448538040 1.05999698900 0.94713311704 0.92105857054 1.00805666882 1.15865752465 1.25385451563 0.94720730830 1.15008419685 1.28997310338 1.50751486134 1.82720767480 1.64772672921 1.98561668408 2.11911273524 2.53682614106 2.99223152617 4.23907481627 

---- Expected P_neut(i), 0 < i < n (neutral SFS per site) 
E[P_neut(1)] = 0.0080913031
E[P_neut(2)] = 0.0033180783
E[P_neut(3)] = 0.0020274112
E[P_neut(4)] = 0.0014718321
E[P_neut(5)] = 0.0010529635
E[P_neut(6)] = 0.0009839108
E[P_neut(7)] = 0.0007842020
E[P_neut(8)] = 0.0006571813
E[P_neut(9)] = 0.0006202837
E[P_neut(10)] = 0.0004574076
E[P_neut(11)] = 0.0004779414
E[P_neut(12)] = 0.0004626783
E[P_neut(13)] = 0.0004267270
E[P_neut(14)] = 0.0003898744
E[P_neut(15)] = 0.0003844986
E[P_neut(16)] = 0.0004033496
E[P_neut(17)] = 0.0003688822
E[P_neut(18)] = 0.0003833118
E[P_neut(19)] = 0.0003024953
E[P_neut(20)] = 0.0002748445
E[P_neut(21)] = 0.0003681413
E[P_neut(22)] = 0.0002857346
E[P_neut(23)] = 0.0003291050
E[P_neut(24)] = 0.0003176851
E[P_neut(25)] = 0.0003061268
E[P_neut(26)] = 0.0002389350
E[P_neut(27)] = 0.0003168216
E[P_neut(28)] = 0.0002405236
E[P_neut(29)] = 0.0002153916
E[P_neut(30)] = 0.0002592935
E[P_neut(31)] = 0.0002556905
E[P_neut(32)] = 0.0002303215
E[P_neut(33)] = 0.0002614441
E[P_neut(34)] = 0.0002271086
E[P_neut(35)] = 0.0002145616
E[P_neut(36)] = 0.0002282189
E[P_neut(37)] = 0.0002551831
E[P_neut(38)] = 0.0002689405
E[P_neut(39)] = 0.0001985718
E[P_neut(40)] = 0.0002345909
E[P_neut(41)] = 0.0002572423
E[P_neut(42)] = 0.0002932408
E[P_neut(43)] = 0.0003471890
E[P_neut(44)] = 0.0003072783
E[P_neut(45)] = 0.0003615862
E[P_neut(46)] = 0.0003791713
E[P_neut(47)] = 0.0004456081
E[P_neut(48)] = 0.0005190152
E[P_neut(49)] = 0.0007358554

---- Expected P_sel(i), 0 < i < n (selected SFS per site) 
E[P_sel(1)] = 0.0035109075
E[P_sel(2)] = 0.0011219599
E[P_sel(3)] = 0.0006058319
E[P_sel(4)] = 0.0004060820
E[P_sel(5)] = 0.0002740177
E[P_sel(6)] = 0.0002446153
E[P_sel(7)] = 0.0001877547
E[P_sel(8)] = 0.0001524356
E[P_sel(9)] = 0.0001399945
E[P_sel(10)] = 0.0001007645
E[P_sel(11)] = 0.0001030603
E[P_sel(12)] = 0.0000978381
E[P_sel(13)] = 0.0000886577
E[P_sel(14)] = 0.0000797030
E[P_sel(15)] = 0.0000774411
E[P_sel(16)] = 0.0000801195
E[P_sel(17)] = 0.0000723257
E[P_sel(18)] = 0.0000742546
E[P_sel(19)] = 0.0000579288
E[P_sel(20)] = 0.0000520696
E[P_sel(21)] = 0.0000690468
E[P_sel(22)] = 0.0000530723
E[P_sel(23)] = 0.0000605678
E[P_sel(24)] = 0.0000579573
E[P_sel(25)] = 0.0000553823
E[P_sel(26)] = 0.0000428825
E[P_sel(27)] = 0.0000564247
E[P_sel(28)] = 0.0000425228
E[P_sel(29)] = 0.0000378167
E[P_sel(30)] = 0.0000452052
E[P_sel(31)] = 0.0000442865
E[P_sel(32)] = 0.0000396503
E[P_sel(33)] = 0.0000447268
E[P_sel(34)] = 0.0000386340
E[P_sel(35)] = 0.0000362928
E[P_sel(36)] = 0.0000383877
E[P_sel(37)] = 0.0000426928
E[P_sel(38)] = 0.0000447647
E[P_sel(39)] = 0.0000329177
E[P_sel(40)] = 0.0000386781
E[P_sel(41)] = 0.0000422495
E[P_sel(42)] = 0.0000479362
E[P_sel(43)] = 0.0000565185
E[P_sel(44)] = 0.0000499355
E[P_sel(45)] = 0.0000585149
E[P_sel(46)] = 0.0000613635
E[P_sel(47)] = 0.0000721761
E[P_sel(48)] = 0.0000849067
E[P_sel(49)] = 0.0001261020

---- alpha_dfe = 0.000939

