---- Running command
---- ./polyDFE -d RevisionsPolyDFE15/connec2_-0.89663635902517_PolyDFE.input -m C -i /home/jejames/ArabidopsisCrossGenome/model.txt 1 -e 
---- Performing inference using model C

---- Performing inference on RevisionsPolyDFE15/connec2_-0.89663635902517_PolyDFE.input
----      with -i /home/jejames/ArabidopsisCrossGenome/model.txt 1
---- Data RevisionsPolyDFE15/connec2_-0.89663635902517_PolyDFE.input does not contain divergence counts. Using option -w.
---- No mutation variability. Using Poisson likelihood.


---- Calculating initial values

-- Starting local optimization
-- Optimizing all parameters
  it        eps_an     theta_bar           S_d             b           p_b           S_b           r 2           r 3           r 4           r 5           r 6           r 7           r 8           r 9          r 10          r 11          r 12          r 13          r 14          r 15          r 16          r 17          r 18          r 19          r 20          r 21          r 22          r 23          r 24          r 25          r 26          r 27          r 28          r 29          r 30          r 31          r 32          r 33          r 34          r 35          r 36          r 37          r 38          r 39          r 40          r 41          r 42          r 43          r 44          r 45          r 46          r 47          r 48          r 49           ln lk          grad status 
   0           0.1 0.00949634446        -20000         0.208           0.1            20 0.87664098947 0.77074970163 0.65357491591 0.72474774872 0.79353368775 0.66681132689 0.73863513073 0.66106108278 0.76814581751 0.87957035911 0.85797981989 0.78420310296 0.69111424541 0.84300748616 0.67006618205 0.66030161657 0.84756428338 0.73798415970 0.68134967993 1.07312574590 0.91418031897 0.71867201909 0.70044483020 0.81371378973 0.73624823695 0.79678854290 0.75035260930 1.00368883584 0.86579147227 0.88119778669 1.06238472387 1.51090376478 1.30584788976 1.29868720841 1.30845177389 1.78235868503 2.02430291852 2.33991537376 2.30877725941 2.54887707497 2.82065748074 2.90181186937 2.72583270044 3.63241835738 2.96452207876 3.42671151133 5.62438971465             1 -2630.017222162 27.2200491994   -2 
 890 0.00630020374 0.00838133929 -158.79919593 0.26631430731 0.00008624470 0.43771722452 0.83186485833 0.77685374203 0.68130137365 0.75655819643 0.77313335093 0.73788166585 0.75040712720 0.65911503091 0.76445486020 0.83791610519 0.75606866505 0.70979030051 0.69330398918 0.74886407634 0.63532013812 0.70253602125 0.86309113074 0.70236320828 0.75324708251 0.92963230500 0.83799142509 0.78437838800 0.76679671965 0.73205473588 0.71543073763 0.77122101740 0.72272046143 0.88826736154 0.78034681646 0.86884039023 1.02068227232 1.23286656765 1.14301339346 1.29666900486 1.09238139803 1.52244754293 1.43574223961 1.72277860774 1.69255944731 2.06387421656 2.00934147466 2.05786428036 1.92601970224 2.30414972548 2.48224361698 2.21720346436 3.08263463573 4.17253513438 -320.3209896885 0.00009399109    0 
---- Best joint likelihood found -320.320989688594977 with gradient 0.00009

---- Results for RevisionsPolyDFE15/connec2_-0.89663635902517_PolyDFE.input 
--  Model: C
--        eps_an     theta_bar             a 
-- 0.00630020374 0.00838133929            -1 
--           S_d             b           p_b           S_b 
-- -158.79919593 0.26631430731 0.00008624470 0.43771722452 
--           r 2           r 3           r 4           r 5           r 6           r 7           r 8           r 9          r 10          r 11          r 12          r 13          r 14          r 15          r 16          r 17          r 18          r 19          r 20          r 21          r 22          r 23          r 24          r 25          r 26          r 27          r 28          r 29          r 30          r 31          r 32          r 33          r 34          r 35          r 36          r 37          r 38          r 39          r 40          r 41          r 42          r 43          r 44          r 45          r 46          r 47          r 48          r 49 
-- 0.83186485833 0.77685374203 0.68130137365 0.75655819643 0.77313335093 0.73788166585 0.75040712720 0.65911503091 0.76445486020 0.83791610519 0.75606866505 0.70979030051 0.69330398918 0.74886407634 0.63532013812 0.70253602125 0.86309113074 0.70236320828 0.75324708251 0.92963230500 0.83799142509 0.78437838800 0.76679671965 0.73205473588 0.71543073763 0.77122101740 0.72272046143 0.88826736154 0.78034681646 0.86884039023 1.02068227232 1.23286656765 1.14301339346 1.29666900486 1.09238139803 1.52244754293 1.43574223961 1.72277860774 1.69255944731 2.06387421656 2.00934147466 2.05786428036 1.92601970224 2.30414972548 2.48224361698 2.21720346436 3.08263463573 4.17253513438 

---- Expected P_neut(i), 0 < i < n (neutral SFS per site) 
E[P_neut(1)] = 0.0083330316
E[P_neut(2)] = 0.0034674990
E[P_neut(3)] = 0.0021591756
E[P_neut(4)] = 0.0014214100
E[P_neut(5)] = 0.0012629081
E[P_neut(6)] = 0.0010754895
E[P_neut(7)] = 0.0008804518
E[P_neut(8)] = 0.0007837502
E[P_neut(9)] = 0.0006125984
E[P_neut(10)] = 0.0006389133
E[P_neut(11)] = 0.0006367520
E[P_neut(12)] = 0.0005267405
E[P_neut(13)] = 0.0004569045
E[P_neut(14)] = 0.0004140456
E[P_neut(15)] = 0.0004177523
E[P_neut(16)] = 0.0003324806
E[P_neut(17)] = 0.0003461549
E[P_neut(18)] = 0.0004010334
E[P_neut(19)] = 0.0003093566
E[P_neut(20)] = 0.0003150458
E[P_neut(21)] = 0.0003703067
E[P_neut(22)] = 0.0003186012
E[P_neut(23)] = 0.0002855397
E[P_neut(24)] = 0.0002675485
E[P_neut(25)] = 0.0002454240
E[P_neut(26)] = 0.0002308598
E[P_neut(27)] = 0.0002396949
E[P_neut(28)] = 0.0002169829
E[P_neut(29)] = 0.0002574398
E[P_neut(30)] = 0.0002186269
E[P_neut(31)] = 0.0002353767
E[P_neut(32)] = 0.0002681816
E[P_neut(33)] = 0.0003133328
E[P_neut(34)] = 0.0002820858
E[P_neut(35)] = 0.0003111892
E[P_neut(36)] = 0.0002553354
E[P_neut(37)] = 0.0003455792
E[P_neut(38)] = 0.0003180014
E[P_neut(39)] = 0.0003719254
E[P_neut(40)] = 0.0003564502
E[P_neut(41)] = 0.0004231122
E[P_neut(42)] = 0.0004034024
E[P_neut(43)] = 0.0004041475
E[P_neut(44)] = 0.0003713705
E[P_neut(45)] = 0.0004344386
E[P_neut(46)] = 0.0004584168
E[P_neut(47)] = 0.0004065685
E[P_neut(48)] = 0.0005568344
E[P_neut(49)] = 0.0007620104

---- Expected P_sel(i), 0 < i < n (selected SFS per site) 
E[P_sel(1)] = 0.0048945125
E[P_sel(2)] = 0.0016314909
E[P_sel(3)] = 0.0008986342
E[P_sel(4)] = 0.0005449650
E[P_sel(5)] = 0.0004557578
E[P_sel(6)] = 0.0003700374
E[P_sel(7)] = 0.0002911994
E[P_sel(8)] = 0.0002507129
E[P_sel(9)] = 0.0001903422
E[P_sel(10)] = 0.0001935980
E[P_sel(11)] = 0.0001886201
E[P_sel(12)] = 0.0001528761
E[P_sel(13)] = 0.0001301406
E[P_sel(14)] = 0.0001159614
E[P_sel(15)] = 0.0001151566
E[P_sel(16)] = 0.0000903133
E[P_sel(17)] = 0.0000927519
E[P_sel(18)] = 0.0001061139
E[P_sel(19)] = 0.0000808733
E[P_sel(20)] = 0.0000814351
E[P_sel(21)] = 0.0000946966
E[P_sel(22)] = 0.0000806480
E[P_sel(23)] = 0.0000715783
E[P_sel(24)] = 0.0000664511
E[P_sel(25)] = 0.0000604199
E[P_sel(26)] = 0.0000563575
E[P_sel(27)] = 0.0000580439
E[P_sel(28)] = 0.0000521430
E[P_sel(29)] = 0.0000614066
E[P_sel(30)] = 0.0000517770
E[P_sel(31)] = 0.0000553559
E[P_sel(32)] = 0.0000626614
E[P_sel(33)] = 0.0000727149
E[P_sel(34)] = 0.0000650608
E[P_sel(35)] = 0.0000713563
E[P_sel(36)] = 0.0000582331
E[P_sel(37)] = 0.0000783375
E[P_sel(38)] = 0.0000717383
E[P_sel(39)] = 0.0000834774
E[P_sel(40)] = 0.0000796192
E[P_sel(41)] = 0.0000939741
E[P_sel(42)] = 0.0000893028
E[P_sel(43)] = 0.0000891491
E[P_sel(44)] = 0.0000818079
E[P_sel(45)] = 0.0000953950
E[P_sel(46)] = 0.0001004886
E[P_sel(47)] = 0.0000901382
E[P_sel(48)] = 0.0001247838
E[P_sel(49)] = 0.0001821072

---- alpha_dfe = 0.000510

