---- Running command
---- ./polyDFE -d RevisionsPolyDFE15/connec13_0.620074496208147_PolyDFE.input -m C -i /home/jejames/ArabidopsisCrossGenome/model.txt 1 -e 
---- Performing inference using model C

---- Performing inference on RevisionsPolyDFE15/connec13_0.620074496208147_PolyDFE.input
----      with -i /home/jejames/ArabidopsisCrossGenome/model.txt 1
---- Data RevisionsPolyDFE15/connec13_0.620074496208147_PolyDFE.input does not contain divergence counts. Using option -w.
---- No mutation variability. Using Poisson likelihood.


---- Calculating initial values

-- Starting local optimization
-- Optimizing all parameters
  it        eps_an     theta_bar           S_d             b           p_b           S_b           r 2           r 3           r 4           r 5           r 6           r 7           r 8           r 9          r 10          r 11          r 12          r 13          r 14          r 15          r 16          r 17          r 18          r 19          r 20          r 21          r 22          r 23          r 24          r 25          r 26          r 27          r 28          r 29          r 30          r 31          r 32          r 33          r 34          r 35          r 36          r 37          r 38          r 39          r 40          r 41          r 42          r 43          r 44          r 45          r 46          r 47          r 48          r 49           ln lk          grad status 
   0           0.1 0.00920860411        -50000         0.208           0.1            20 0.80159460288 0.78442195645 0.62312174179 0.61535316365 0.64581416743 0.67259531840 0.53071654911 0.68629254829 0.67463968107 0.74660124706 0.77644894204 0.64049882449 0.72411325769 0.60104262496 0.68527036696 0.63426351834 0.82428702851 0.69140345497 0.52744556884 0.67187979147 0.64315649596 0.92865174281 0.82674026372 0.94551773484 0.83185117039 0.75896964121 0.95594398446 0.76183174895 0.98742716957 0.77317796177 0.88970663395 1.36614535418 1.15036287437 1.17346417254 1.44986200551 1.27833997751 1.30900541756 2.13676786261 2.37146069712 1.98650720637 2.06501073290 2.37350505979 3.04487376060 2.37350505979 3.55473781048 4.14126546049 6.32444035571             1 -2812.525772570 39.3409496572   -2 
 375 0.01003998297 0.00796995148 -298.05144077 0.30541505104 0.00011947962 0.60868817147 0.83225469173 0.79512348080 0.64685351522 0.65940968469 0.69879502789 0.72649083633 0.66011663148 0.71659987397 0.66699273405 0.68992380717 0.69180013382 0.66619347766 0.64574715452 0.66053513530 0.68503981084 0.48648992440 0.74477627081 0.64272446269 0.48954853783 0.71719079237 0.69587488344 0.84340411571 0.70161029467 0.76171212812 0.85213125552 0.66596864340 0.87828124189 0.81674259863 0.85106680762 0.65664609923 0.80147360238 1.10931410053 1.00787626050 0.92270521732 1.17308997418 1.06070565476 1.06791470232 1.67044789449 1.98680305716 1.75388836437 1.46633478204 1.66480468193 2.37726862911 2.23679071089 2.46638945458 2.84594847844 4.16553034350 3.37114710208 -312.2597680679 0.00073902229   -8 
-- Local optimization: reached maximum number of likelihood evaluations allowed.
---- Best joint likelihood found -312.259768067948471 with gradient 0.00074

---- Results for RevisionsPolyDFE15/connec13_0.620074496208147_PolyDFE.input 
--  Model: C
--        eps_an     theta_bar             a 
-- 0.01003998297 0.00796995148            -1 
--           S_d             b           p_b           S_b 
-- -298.05144077 0.30541505104 0.00011947962 0.60868817147 
--           r 2           r 3           r 4           r 5           r 6           r 7           r 8           r 9          r 10          r 11          r 12          r 13          r 14          r 15          r 16          r 17          r 18          r 19          r 20          r 21          r 22          r 23          r 24          r 25          r 26          r 27          r 28          r 29          r 30          r 31          r 32          r 33          r 34          r 35          r 36          r 37          r 38          r 39          r 40          r 41          r 42          r 43          r 44          r 45          r 46          r 47          r 48          r 49 
-- 0.83225469173 0.79512348080 0.64685351522 0.65940968469 0.69879502789 0.72649083633 0.66011663148 0.71659987397 0.66699273405 0.68992380717 0.69180013382 0.66619347766 0.64574715452 0.66053513530 0.68503981084 0.48648992440 0.74477627081 0.64272446269 0.48954853783 0.71719079237 0.69587488344 0.84340411571 0.70161029467 0.76171212812 0.85213125552 0.66596864340 0.87828124189 0.81674259863 0.85106680762 0.65664609923 0.80147360238 1.10931410053 1.00787626050 0.92270521732 1.17308997418 1.06070565476 1.06791470232 1.67044789449 1.98680305716 1.75388836437 1.46633478204 1.66480468193 2.37726862911 2.23679071089 2.46638945458 2.84594847844 4.16553034350 3.37114710208 

---- Expected P_neut(i), 0 < i < n (neutral SFS per site) 
E[P_neut(1)] = 0.0078954385
E[P_neut(2)] = 0.0032901611
E[P_neut(3)] = 0.0020960023
E[P_neut(4)] = 0.0012801981
E[P_neut(5)] = 0.0010445171
E[P_neut(6)] = 0.0009232310
E[P_neut(7)] = 0.0008219501
E[P_neut(8)] = 0.0006538282
E[P_neut(9)] = 0.0006316369
E[P_neut(10)] = 0.0005302273
E[P_neut(11)] = 0.0004982867
E[P_neut(12)] = 0.0004571035
E[P_neut(13)] = 0.0004066187
E[P_neut(14)] = 0.0003665290
E[P_neut(15)] = 0.0003495481
E[P_neut(16)] = 0.0003401794
E[P_neut(17)] = 0.0002284765
E[P_neut(18)] = 0.0003284616
E[P_neut(19)] = 0.0002685925
E[P_neut(20)] = 0.0001953953
E[P_neut(21)] = 0.0002717101
E[P_neut(22)] = 0.0002520739
E[P_neut(23)] = 0.0002912955
E[P_neut(24)] = 0.0002332750
E[P_neut(25)] = 0.0002428323
E[P_neut(26)] = 0.0002609261
E[P_neut(27)] = 0.0001975434
E[P_neut(28)] = 0.0002500160
E[P_neut(29)] = 0.0002249412
E[P_neut(30)] = 0.0002257873
E[P_neut(31)] = 0.0001698324
E[P_neut(32)] = 0.0002009225
E[P_neut(33)] = 0.0002675146
E[P_neut(34)] = 0.0002373106
E[P_neut(35)] = 0.0002115260
E[P_neut(36)] = 0.0002607909
E[P_neut(37)] = 0.0002302870
E[P_neut(38)] = 0.0002263440
E[P_neut(39)] = 0.0003429604
E[P_neut(40)] = 0.0003972307
E[P_neut(41)] = 0.0003438849
E[P_neut(42)] = 0.0002820618
E[P_neut(43)] = 0.0003137744
E[P_neut(44)] = 0.0004356033
E[P_neut(45)] = 0.0004027336
E[P_neut(46)] = 0.0004359758
E[P_neut(47)] = 0.0004989601
E[P_neut(48)] = 0.0007180010
E[P_neut(49)] = 0.0006228371

---- Expected P_sel(i), 0 < i < n (selected SFS per site) 
E[P_sel(1)] = 0.0038235819
E[P_sel(2)] = 0.0012065018
E[P_sel(3)] = 0.0006636062
E[P_sel(4)] = 0.0003679554
E[P_sel(5)] = 0.0002796791
E[P_sel(6)] = 0.0002337749
E[P_sel(7)] = 0.0001989400
E[P_sel(8)] = 0.0001522450
E[P_sel(9)] = 0.0001422110
E[P_sel(10)] = 0.0001158664
E[P_sel(11)] = 0.0001061077
E[P_sel(12)] = 0.0000951275
E[P_sel(13)] = 0.0000828162
E[P_sel(14)] = 0.0000731795
E[P_sel(15)] = 0.0000685548
E[P_sel(16)] = 0.0000655970
E[P_sel(17)] = 0.0000433422
E[P_sel(18)] = 0.0000614570
E[P_sel(19)] = 0.0000495664
E[P_sel(20)] = 0.0000355748
E[P_sel(21)] = 0.0000488823
E[P_sel(22)] = 0.0000448210
E[P_sel(23)] = 0.0000512333
E[P_sel(24)] = 0.0000405935
E[P_sel(25)] = 0.0000418357
E[P_sel(26)] = 0.0000445225
E[P_sel(27)] = 0.0000334059
E[P_sel(28)] = 0.0000418997
E[P_sel(29)] = 0.0000373853
E[P_sel(30)] = 0.0000372088
E[P_sel(31)] = 0.0000277938
E[P_sel(32)] = 0.0000326410
E[P_sel(33)] = 0.0000430877
E[P_sel(34)] = 0.0000379988
E[P_sel(35)] = 0.0000336619
E[P_sel(36)] = 0.0000412098
E[P_sel(37)] = 0.0000362036
E[P_sel(38)] = 0.0000354063
E[P_sel(39)] = 0.0000532364
E[P_sel(40)] = 0.0000612898
E[P_sel(41)] = 0.0000529043
E[P_sel(42)] = 0.0000432982
E[P_sel(43)] = 0.0000480561
E[P_sel(44)] = 0.0000662590
E[P_sel(45)] = 0.0000612927
E[P_sel(46)] = 0.0000664508
E[P_sel(47)] = 0.0000771920
E[P_sel(48)] = 0.0001127049
E[P_sel(49)] = 0.0001180296

---- alpha_dfe = 0.001126

