---- Running command
---- ./polyDFE -d RevisionsPolyDFE15/connec5_-0.338001999108403_PolyDFE.input -m C -i /home/jejames/ArabidopsisCrossGenome/model.txt 1 -e 
---- Performing inference using model C

---- Performing inference on RevisionsPolyDFE15/connec5_-0.338001999108403_PolyDFE.input
----      with -i /home/jejames/ArabidopsisCrossGenome/model.txt 1
---- Data RevisionsPolyDFE15/connec5_-0.338001999108403_PolyDFE.input does not contain divergence counts. Using option -w.
---- No mutation variability. Using Poisson likelihood.


---- Calculating initial values

-- Starting local optimization
-- Optimizing all parameters
  it        eps_an     theta_bar           S_d             b           p_b           S_b           r 2           r 3           r 4           r 5           r 6           r 7           r 8           r 9          r 10          r 11          r 12          r 13          r 14          r 15          r 16          r 17          r 18          r 19          r 20          r 21          r 22          r 23          r 24          r 25          r 26          r 27          r 28          r 29          r 30          r 31          r 32          r 33          r 34          r 35          r 36          r 37          r 38          r 39          r 40          r 41          r 42          r 43          r 44          r 45          r 46          r 47          r 48          r 49           ln lk          grad status 
   0           0.1 0.00995391356        -20000         0.208           0.1            20 0.76460601218 0.73254768800 0.69789273943 0.62568660741 0.58783581344 0.55997203635 0.67672026365 0.56266853090 0.63018076500 0.75801458104 0.67711974433 0.57255567761 0.70748027564 0.87036852092 0.80535304104 0.72156196943 0.72985119344 0.83491461100 0.86487566163 0.87036852092 0.51413162888 0.76260860880 0.64236492559 0.79896135024 0.86207929691 0.72266054129 0.96754219514 1.08608808548 0.88984320383 1.11455108359 0.93957854788 1.00519324877 1.27674023769 1.49955058424 1.41655847398 1.36352741436 1.68880455407 1.44112653550 1.59392789373 1.77708978328 2.10985718565 2.09997003894 2.23669230001 2.86277838809 3.13772096274 3.77858783581 4.46779187056             1 -2382.039470676 33.8644387564   -2 
 865 0.01207773359 0.00876559562 -427.60089578 0.23576411843 0.00014750174 0.67680401481 0.77723709067 0.72867464421 0.67028322595 0.68921808978 0.66905818863 0.66299174018 0.64164713972 0.63726672662 0.62180865134 0.75190824863 0.68497175407 0.61091606152 0.65147530223 0.70317703846 0.65117670133 0.71826797531 0.65467566382 0.75340968923 0.77103539132 0.75509062721 0.63692839510 0.58750600648 0.62601673152 0.75540497108 0.61115686774 0.58745457940 0.82979335025 0.94031053760 0.73794180854 0.83667489788 0.79270572590 0.98718763609 0.89319786854 1.03457498646 1.08360075551 1.22067705978 1.46806402161 1.07719933039 1.28199211960 1.29245717585 1.64229889101 1.96144901975 1.59958035061 2.13923037046 2.23215983807 2.60275930717 2.62604974778 3.14147587162 -319.0471010943 0.00048554956   -8 
-- Local optimization: reached maximum number of likelihood evaluations allowed.
---- Best joint likelihood found -319.047101094313689 with gradient 0.00049

---- Results for RevisionsPolyDFE15/connec5_-0.338001999108403_PolyDFE.input 
--  Model: C
--        eps_an     theta_bar             a 
-- 0.01207773359 0.00876559562            -1 
--           S_d             b           p_b           S_b 
-- -427.60089578 0.23576411843 0.00014750174 0.67680401481 
--           r 2           r 3           r 4           r 5           r 6           r 7           r 8           r 9          r 10          r 11          r 12          r 13          r 14          r 15          r 16          r 17          r 18          r 19          r 20          r 21          r 22          r 23          r 24          r 25          r 26          r 27          r 28          r 29          r 30          r 31          r 32          r 33          r 34          r 35          r 36          r 37          r 38          r 39          r 40          r 41          r 42          r 43          r 44          r 45          r 46          r 47          r 48          r 49 
-- 0.77723709067 0.72867464421 0.67028322595 0.68921808978 0.66905818863 0.66299174018 0.64164713972 0.63726672662 0.62180865134 0.75190824863 0.68497175407 0.61091606152 0.65147530223 0.70317703846 0.65117670133 0.71826797531 0.65467566382 0.75340968923 0.77103539132 0.75509062721 0.63692839510 0.58750600648 0.62601673152 0.75540497108 0.61115686774 0.58745457940 0.82979335025 0.94031053760 0.73794180854 0.83667489788 0.79270572590 0.98718763609 0.89319786854 1.03457498646 1.08360075551 1.22067705978 1.46806402161 1.07719933039 1.28199211960 1.29245717585 1.64229889101 1.96144901975 1.59958035061 2.13923037046 2.23215983807 2.60275930717 2.62604974778 3.14147587162 

---- Expected P_neut(i), 0 < i < n (neutral SFS per site) 
E[P_neut(1)] = 0.0086665145
E[P_neut(2)] = 0.0033711225
E[P_neut(3)] = 0.0021092373
E[P_neut(4)] = 0.0014562547
E[P_neut(5)] = 0.0011987209
E[P_neut(6)] = 0.0009694923
E[P_neut(7)] = 0.0008250189
E[P_neut(8)] = 0.0006987008
E[P_neut(9)] = 0.0006165102
E[P_neut(10)] = 0.0005418624
E[P_neut(11)] = 0.0005948623
E[P_neut(12)] = 0.0004983958
E[P_neut(13)] = 0.0004104440
E[P_neut(14)] = 0.0004061580
E[P_neut(15)] = 0.0004090841
E[P_neut(16)] = 0.0003552195
E[P_neut(17)] = 0.0003690497
E[P_neut(18)] = 0.0003175844
E[P_neut(19)] = 0.0003462427
E[P_neut(20)] = 0.0003364520
E[P_neut(21)] = 0.0003148079
E[P_neut(22)] = 0.0002538477
E[P_neut(23)] = 0.0002235053
E[P_neut(24)] = 0.0002283691
E[P_neut(25)] = 0.0002648630
E[P_neut(26)] = 0.0002063173
E[P_neut(27)] = 0.0001911190
E[P_neut(28)] = 0.0002597002
E[P_neut(29)] = 0.0002845940
E[P_neut(30)] = 0.0002170939
E[P_neut(31)] = 0.0002379198
E[P_neut(32)] = 0.0002183698
E[P_neut(33)] = 0.0002635269
E[P_neut(34)] = 0.0002318043
E[P_neut(35)] = 0.0002609383
E[P_neut(36)] = 0.0002655844
E[P_neut(37)] = 0.0002906705
E[P_neut(38)] = 0.0003405966
E[P_neut(39)] = 0.0002464226
E[P_neut(40)] = 0.0002841255
E[P_neut(41)] = 0.0002804798
E[P_neut(42)] = 0.0003471070
E[P_neut(43)] = 0.0004050414
E[P_neut(44)] = 0.0003266219
E[P_neut(45)] = 0.0004262633
E[P_neut(46)] = 0.0004379556
E[P_neut(47)] = 0.0005052717
E[P_neut(48)] = 0.0005149107
E[P_neut(49)] = 0.0006610588

---- Expected P_sel(i), 0 < i < n (selected SFS per site) 
E[P_sel(1)] = 0.0043352730
E[P_sel(2)] = 0.0013467031
E[P_sel(3)] = 0.0007513851
E[P_sel(4)] = 0.0004815504
E[P_sel(5)] = 0.0003753257
E[P_sel(6)] = 0.0002908946
E[P_sel(7)] = 0.0002388882
E[P_sel(8)] = 0.0001964122
E[P_sel(9)] = 0.0001689531
E[P_sel(10)] = 0.0001451597
E[P_sel(11)] = 0.0001562379
E[P_sel(12)] = 0.0001284640
E[P_sel(13)] = 0.0001040631
E[P_sel(14)] = 0.0001014475
E[P_sel(15)] = 0.0001007687
E[P_sel(16)] = 0.0000863744
E[P_sel(17)] = 0.0000886538
E[P_sel(18)] = 0.0000754372
E[P_sel(19)] = 0.0000813760
E[P_sel(20)] = 0.0000782897
E[P_sel(21)] = 0.0000725474
E[P_sel(22)] = 0.0000579734
E[P_sel(23)] = 0.0000506148
E[P_sel(24)] = 0.0000512968
E[P_sel(25)] = 0.0000590340
E[P_sel(26)] = 0.0000456465
E[P_sel(27)] = 0.0000419865
E[P_sel(28)] = 0.0000566610
E[P_sel(29)] = 0.0000616928
E[P_sel(30)] = 0.0000467865
E[P_sel(31)] = 0.0000509646
E[P_sel(32)] = 0.0000465085
E[P_sel(33)] = 0.0000558109
E[P_sel(34)] = 0.0000488429
E[P_sel(35)] = 0.0000547047
E[P_sel(36)] = 0.0000553997
E[P_sel(37)] = 0.0000603251
E[P_sel(38)] = 0.0000703725
E[P_sel(39)] = 0.0000508572
E[P_sel(40)] = 0.0000582986
E[P_sel(41)] = 0.0000574011
E[P_sel(42)] = 0.0000707279
E[P_sel(43)] = 0.0000822727
E[P_sel(44)] = 0.0000665232
E[P_sel(45)] = 0.0000865775
E[P_sel(46)] = 0.0000892306
E[P_sel(47)] = 0.0001039127
E[P_sel(48)] = 0.0001096753
E[P_sel(49)] = 0.0001618059

---- alpha_dfe = 0.001069

