---- Running command
---- ./polyDFE -d RevisionsPolyDFE15/express2_-1.6111145039115_PolyDFE.input -m C -i /home/jejames/ArabidopsisCrossGenome/model.txt 1 -e 
---- Performing inference using model C

---- Performing inference on RevisionsPolyDFE15/express2_-1.6111145039115_PolyDFE.input
----      with -i /home/jejames/ArabidopsisCrossGenome/model.txt 1
---- Data RevisionsPolyDFE15/express2_-1.6111145039115_PolyDFE.input does not contain divergence counts. Using option -w.
---- No mutation variability. Using Poisson likelihood.


---- Calculating initial values

-- Starting local optimization
-- Optimizing all parameters
  it        eps_an     theta_bar           S_d             b           p_b           S_b           r 2           r 3           r 4           r 5           r 6           r 7           r 8           r 9          r 10          r 11          r 12          r 13          r 14          r 15          r 16          r 17          r 18          r 19          r 20          r 21          r 22          r 23          r 24          r 25          r 26          r 27          r 28          r 29          r 30          r 31          r 32          r 33          r 34          r 35          r 36          r 37          r 38          r 39          r 40          r 41          r 42          r 43          r 44          r 45          r 46          r 47          r 48          r 49           ln lk          grad status 
   0           0.1 0.01051609226        -20000         0.208           0.1            20 0.80484021098 0.73161650636 0.81497569552 0.67328575861 0.65342848278 0.60088944047 0.70327851897 0.68042196711 0.63295066708 0.70534698521 0.90474713000 0.81745785500 0.64432723135 0.61433447098 0.49312234977 0.66108180783 0.62364256903 0.64846416382 0.57503361257 0.73844244492 0.77588168373 0.54235184610 0.59323611542 0.85324232081 0.62116040955 0.81538938876 0.77898438307 1.25969593546 0.81290722928 0.80153066501 0.97631606164 1.44709897610 0.99162271175 1.02802771744 1.80577102078 1.95925121522 1.57596442238 1.85541421036 2.26703899058 2.45516599441 1.95470058951 1.91229703175 2.71672354948 2.78312131554 3.28265591064 4.38452787258 6.25007756748             1 -3085.339641159 22.5588880872   -2 
 227 0.00853550479 0.00901949113 -53.680898686 0.34949848505 0.00004169731 0.27936436172 0.81876429908 0.79082327327 0.76869616720 0.74641663309 0.72837594422 0.70677978016 0.64931371773 0.71607539090 0.65021061365 0.69822615515 0.81699313570 0.79731464144 0.56148330818 0.67862662858 0.56462204453 0.71235129868 0.63964020949 0.64086101591 0.68846291382 0.66290309604 0.69119676532 0.63645812660 0.60471373011 0.77770007671 0.59217414849 0.66679747182 0.75811299539 0.98863954469 0.79190554163 0.75069346603 0.89690333277 1.11212383170 0.88142890888 0.85821391687 1.39919302755 1.55840678927 1.33158834749 1.52256724953 1.79674089108 1.90042744137 1.66643461016 1.53376797781 2.14064977881 2.15498438154 2.73611501558 3.07902760562 3.99892846451 4.24571301420 -319.0738650140 0.00008797331    0 
---- Best joint likelihood found -319.073865014032663 with gradient 0.00009

---- Results for RevisionsPolyDFE15/express2_-1.6111145039115_PolyDFE.input 
--  Model: C
--        eps_an     theta_bar             a 
-- 0.00853550479 0.00901949113            -1 
--           S_d             b           p_b           S_b 
-- -53.680898686 0.34949848505 0.00004169731 0.27936436172 
--           r 2           r 3           r 4           r 5           r 6           r 7           r 8           r 9          r 10          r 11          r 12          r 13          r 14          r 15          r 16          r 17          r 18          r 19          r 20          r 21          r 22          r 23          r 24          r 25          r 26          r 27          r 28          r 29          r 30          r 31          r 32          r 33          r 34          r 35          r 36          r 37          r 38          r 39          r 40          r 41          r 42          r 43          r 44          r 45          r 46          r 47          r 48          r 49 
-- 0.81876429908 0.79082327327 0.76869616720 0.74641663309 0.72837594422 0.70677978016 0.64931371773 0.71607539090 0.65021061365 0.69822615515 0.81699313570 0.79731464144 0.56148330818 0.67862662858 0.56462204453 0.71235129868 0.63964020949 0.64086101591 0.68846291382 0.66290309604 0.69119676532 0.63645812660 0.60471373011 0.77770007671 0.59217414849 0.66679747182 0.75811299539 0.98863954469 0.79190554163 0.75069346603 0.89690333277 1.11212383170 0.88142890888 0.85821391687 1.39919302755 1.55840678927 1.33158834749 1.52256724953 1.79674089108 1.90042744137 1.66643461016 1.53376797781 2.14064977881 2.15498438154 2.73611501558 3.07902760562 3.99892846451 4.24571301420 

---- Expected P_neut(i), 0 < i < n (neutral SFS per site) 
E[P_neut(1)] = 0.0089491758
E[P_neut(2)] = 0.0036673158
E[P_neut(3)] = 0.0023623572
E[P_neut(4)] = 0.0017230966
E[P_neut(5)] = 0.0013386537
E[P_neut(6)] = 0.0010893297
E[P_neut(7)] = 0.0009056577
E[P_neut(8)] = 0.0007288660
E[P_neut(9)] = 0.0007150693
E[P_neut(10)] = 0.0005849093
E[P_neut(11)] = 0.0005706320
E[P_neut(12)] = 0.0006115282
E[P_neut(13)] = 0.0005517034
E[P_neut(14)] = 0.0003616398
E[P_neut(15)] = 0.0004064625
E[P_neut(16)] = 0.0003175668
E[P_neut(17)] = 0.0003773124
E[P_neut(18)] = 0.0003199348
E[P_neut(19)] = 0.0003034908
E[P_neut(20)] = 0.0003098613
E[P_neut(21)] = 0.0002849109
E[P_neut(22)] = 0.0002830404
E[P_neut(23)] = 0.0002493591
E[P_neut(24)] = 0.0002270724
E[P_neut(25)] = 0.0002805784
E[P_neut(26)] = 0.0002056136
E[P_neut(27)] = 0.0002229763
E[P_neut(28)] = 0.0002445412
E[P_neut(29)] = 0.0003072893
E[P_neut(30)] = 0.0002387041
E[P_neut(31)] = 0.0002191477
E[P_neut(32)] = 0.0002533783
E[P_neut(33)] = 0.0003045948
E[P_neut(34)] = 0.0002345456
E[P_neut(35)] = 0.0002227568
E[P_neut(36)] = 0.0003506512
E[P_neut(37)] = 0.0003813720
E[P_neut(38)] = 0.0003186029
E[P_neut(39)] = 0.0003540038
E[P_neut(40)] = 0.0004066898
E[P_neut(41)] = 0.0004206273
E[P_neut(42)] = 0.0003610604
E[P_neut(43)] = 0.0003267436
E[P_neut(44)] = 0.0004444088
E[P_neut(45)] = 0.0004397362
E[P_neut(46)] = 0.0005467017
E[P_neut(47)] = 0.0006061286
E[P_neut(48)] = 0.0007765258
E[P_neut(49)] = 0.0008518290

---- Expected P_sel(i), 0 < i < n (selected SFS per site) 
E[P_sel(1)] = 0.0061771811
E[P_sel(2)] = 0.0020508704
E[P_sel(3)] = 0.0011538862
E[P_sel(4)] = 0.0007641492
E[P_sel(5)] = 0.0005514582
E[P_sel(6)] = 0.0004228203
E[P_sel(7)] = 0.0003346944
E[P_sel(8)] = 0.0002581554
E[P_sel(9)] = 0.0002441064
E[P_sel(10)] = 0.0001932681
E[P_sel(11)] = 0.0001832187
E[P_sel(12)] = 0.0001913317
E[P_sel(13)] = 0.0001684825
E[P_sel(14)] = 0.0001079891
E[P_sel(15)] = 0.0001190434
E[P_sel(16)] = 0.0000912456
E[P_sel(17)] = 0.0001065173
E[P_sel(18)] = 0.0000888497
E[P_sel(19)] = 0.0000829967
E[P_sel(20)] = 0.0000835064
E[P_sel(21)] = 0.0000757108
E[P_sel(22)] = 0.0000742463
E[P_sel(23)] = 0.0000645996
E[P_sel(24)] = 0.0000581304
E[P_sel(25)] = 0.0000710165
E[P_sel(26)] = 0.0000514814
E[P_sel(27)] = 0.0000552519
E[P_sel(28)] = 0.0000599957
E[P_sel(29)] = 0.0000746575
E[P_sel(30)] = 0.0000574815
E[P_sel(31)] = 0.0000523131
E[P_sel(32)] = 0.0000599608
E[P_sel(33)] = 0.0000714865
E[P_sel(34)] = 0.0000546230
E[P_sel(35)] = 0.0000515386
E[P_sel(36)] = 0.0000803745
E[P_sel(37)] = 0.0000868930
E[P_sel(38)] = 0.0000722102
E[P_sel(39)] = 0.0000796293
E[P_sel(40)] = 0.0000908422
E[P_sel(41)] = 0.0000935004
E[P_sel(42)] = 0.0000799411
E[P_sel(43)] = 0.0000722973
E[P_sel(44)] = 0.0000977226
E[P_sel(45)] = 0.0000967837
E[P_sel(46)] = 0.0001202038
E[P_sel(47)] = 0.0001343401
E[P_sel(48)] = 0.0001749501
E[P_sel(49)] = 0.0002158467

---- alpha_dfe = 0.000231

