---- Running command
---- ./polyDFE -d RevisionsPolyDFE15/express6_-0.13184147279008_PolyDFE.input -m C -i /home/jejames/ArabidopsisCrossGenome/model.txt 1 -e 
---- Performing inference using model C

---- Performing inference on RevisionsPolyDFE15/express6_-0.13184147279008_PolyDFE.input
----      with -i /home/jejames/ArabidopsisCrossGenome/model.txt 1
---- Data RevisionsPolyDFE15/express6_-0.13184147279008_PolyDFE.input does not contain divergence counts. Using option -w.
---- No mutation variability. Using Poisson likelihood.


---- Calculating initial values

-- Starting local optimization
-- Optimizing all parameters
  it        eps_an     theta_bar           S_d             b           p_b           S_b           r 2           r 3           r 4           r 5           r 6           r 7           r 8           r 9          r 10          r 11          r 12          r 13          r 14          r 15          r 16          r 17          r 18          r 19          r 20          r 21          r 22          r 23          r 24          r 25          r 26          r 27          r 28          r 29          r 30          r 31          r 32          r 33          r 34          r 35          r 36          r 37          r 38          r 39          r 40          r 41          r 42          r 43          r 44          r 45          r 46          r 47          r 48          r 49           ln lk          grad status 
   0           0.1 0.00844496574        -20000         0.208           0.1            20 0.82015292762 0.82455221535 0.67413847281 0.69760134073 0.75416361160 0.71268461296 0.58657169791 0.73813763485 0.58657169791 0.60259767466 0.60584476798 0.77616005027 0.54844453755 0.80287001152 0.48266471142 0.62501309311 0.66177856918 0.97716560175 0.67665235152 0.79407143605 0.69131664397 0.95642610244 0.77176076254 1.09982193359 1.20645228867 0.82863726825 1.11448622603 0.87786739289 0.83900701791 1.10076463810 1.20330994029 0.96438671834 0.96868126112 1.31612024719 1.53095213155 1.58898083167 1.34534408714 1.58091547082 2.01110296428 1.74787891484 2.37561537655 2.64837121608 2.58091547082 2.96009217555 3.08850947941 4.01717817115 5.80705980936             1 -2631.933050220 37.4469559234   -2 
 646 0.00006077421 0.00760517466 -372.00897942 0.25232757547 0.00004494270 0.34609135846 0.74219345506 0.73150110669 0.72748854286 0.65015908851 0.69518391131 0.69372610938 0.63358160363 0.75791675994 0.58313062248 0.72528387878 0.64167421091 0.63840915816 0.57469946729 0.78247256239 0.57976512618 0.64337877458 0.68546452144 0.87683209210 0.65889171902 0.67581254021 0.69081741089 0.81219732624 0.71501111313 0.93787013709 0.94209113102 0.74944473105 0.92798290607 0.89458931569 0.91403455283 0.87232462358 0.96558214232 0.78931107073 0.91547910046 1.04811093820 1.20506629757 1.16872327067 0.92137920477 1.16065740027 1.61100336109 1.28721931452 1.86714008973 1.70048170935 1.85408572848 2.33003051822 2.15471935427 2.94118707378 3.27617007961 4.46464529350 -322.6074071101 0.00039395303   -8 
-- Local optimization: reached maximum number of likelihood evaluations allowed.
---- Best joint likelihood found -322.607407110161489 with gradient 0.00039

---- Results for RevisionsPolyDFE15/express6_-0.13184147279008_PolyDFE.input 
--  Model: C
--        eps_an     theta_bar             a 
-- 0.00006077421 0.00760517466            -1 
--           S_d             b           p_b           S_b 
-- -372.00897942 0.25232757547 0.00004494270 0.34609135846 
--           r 2           r 3           r 4           r 5           r 6           r 7           r 8           r 9          r 10          r 11          r 12          r 13          r 14          r 15          r 16          r 17          r 18          r 19          r 20          r 21          r 22          r 23          r 24          r 25          r 26          r 27          r 28          r 29          r 30          r 31          r 32          r 33          r 34          r 35          r 36          r 37          r 38          r 39          r 40          r 41          r 42          r 43          r 44          r 45          r 46          r 47          r 48          r 49 
-- 0.74219345506 0.73150110669 0.72748854286 0.65015908851 0.69518391131 0.69372610938 0.63358160363 0.75791675994 0.58313062248 0.72528387878 0.64167421091 0.63840915816 0.57469946729 0.78247256239 0.57976512618 0.64337877458 0.68546452144 0.87683209210 0.65889171902 0.67581254021 0.69081741089 0.81219732624 0.71501111313 0.93787013709 0.94209113102 0.74944473105 0.92798290607 0.89458931569 0.91403455283 0.87232462358 0.96558214232 0.78931107073 0.91547910046 1.04811093820 1.20506629757 1.16872327067 0.92137920477 1.16065740027 1.61100336109 1.28721931452 1.86714008973 1.70048170935 1.85408572848 2.33003051822 2.15471935427 2.94118707378 3.27617007961 4.46464529350 

---- Expected P_neut(i), 0 < i < n (neutral SFS per site) 
E[P_neut(1)] = 0.0076047546
E[P_neut(2)] = 0.0028221155
E[P_neut(3)] = 0.0018543141
E[P_neut(4)] = 0.0013831069
E[P_neut(5)] = 0.0009888785
E[P_neut(6)] = 0.0008811318
E[P_neut(7)] = 0.0007536736
E[P_neut(8)] = 0.0006022963
E[P_neut(9)] = 0.0006404300
E[P_neut(10)] = 0.0004434727
E[P_neut(11)] = 0.0005014297
E[P_neut(12)] = 0.0004066569
E[P_neut(13)] = 0.0003734698
E[P_neut(14)] = 0.0003121886
E[P_neut(15)] = 0.0003967124
E[P_neut(16)] = 0.0002755716
E[P_neut(17)] = 0.0002878176
E[P_neut(18)] = 0.0002896118
E[P_neut(19)] = 0.0003509633
E[P_neut(20)] = 0.0002505482
E[P_neut(21)] = 0.0002447457
E[P_neut(22)] = 0.0002388093
E[P_neut(23)] = 0.0002685575
E[P_neut(24)] = 0.0002265773
E[P_neut(25)] = 0.0002853066
E[P_neut(26)] = 0.0002755650
E[P_neut(27)] = 0.0002111019
E[P_neut(28)] = 0.0002520518
E[P_neut(29)] = 0.0002346043
E[P_neut(30)] = 0.0002317142
E[P_neut(31)] = 0.0002140142
E[P_neut(32)] = 0.0002294856
E[P_neut(33)] = 0.0001819109
E[P_neut(34)] = 0.0002047801
E[P_neut(35)] = 0.0002277550
E[P_neut(36)] = 0.0002545796
E[P_neut(37)] = 0.0002402336
E[P_neut(38)] = 0.0001844148
E[P_neut(39)] = 0.0002263501
E[P_neut(40)] = 0.0003063074
E[P_neut(41)] = 0.0002387934
E[P_neut(42)] = 0.0003381095
E[P_neut(43)] = 0.0003007824
E[P_neut(44)] = 0.0003205033
E[P_neut(45)] = 0.0003938204
E[P_neut(46)] = 0.0003563019
E[P_neut(47)] = 0.0004760038
E[P_neut(48)] = 0.0005192201
E[P_neut(49)] = 0.0006933672

---- Expected P_sel(i), 0 < i < n (selected SFS per site) 
E[P_sel(1)] = 0.0038026962
E[P_sel(2)] = 0.0011135402
E[P_sel(3)] = 0.0006476555
E[P_sel(4)] = 0.0004461569
E[P_sel(5)] = 0.0003009041
E[P_sel(6)] = 0.0002561024
E[P_sel(7)] = 0.0002109664
E[P_sel(8)] = 0.0001633101
E[P_sel(9)] = 0.0001689330
E[P_sel(10)] = 0.0001141774
E[P_sel(11)] = 0.0001263377
E[P_sel(12)] = 0.0001004798
E[P_sel(13)] = 0.0000906551
E[P_sel(14)] = 0.0000745552
E[P_sel(15)] = 0.0000933264
E[P_sel(16)] = 0.0000639286
E[P_sel(17)] = 0.0000659046
E[P_sel(18)] = 0.0000655098
E[P_sel(19)] = 0.0000784799
E[P_sel(20)] = 0.0000554207
E[P_sel(21)] = 0.0000535833
E[P_sel(22)] = 0.0000517755
E[P_sel(23)] = 0.0000576862
E[P_sel(24)] = 0.0000482388
E[P_sel(25)] = 0.0000602289
E[P_sel(26)] = 0.0000577013
E[P_sel(27)] = 0.0000438595
E[P_sel(28)] = 0.0000519758
E[P_sel(29)] = 0.0000480296
E[P_sel(30)] = 0.0000471085
E[P_sel(31)] = 0.0000432183
E[P_sel(32)] = 0.0000460420
E[P_sel(33)] = 0.0000362681
E[P_sel(34)] = 0.0000405792
E[P_sel(35)] = 0.0000448659
E[P_sel(36)] = 0.0000498627
E[P_sel(37)] = 0.0000467912
E[P_sel(38)] = 0.0000357252
E[P_sel(39)] = 0.0000436181
E[P_sel(40)] = 0.0000587224
E[P_sel(41)] = 0.0000455517
E[P_sel(42)] = 0.0000641812
E[P_sel(43)] = 0.0000568252
E[P_sel(44)] = 0.0000602704
E[P_sel(45)] = 0.0000737212
E[P_sel(46)] = 0.0000664066
E[P_sel(47)] = 0.0000883338
E[P_sel(48)] = 0.0000959595
E[P_sel(49)] = 0.0001277087

---- alpha_dfe = 0.000294

