---- Running command
---- ./polyDFE -d RevisionsPolyDFE15/express15_1.55476861556141_PolyDFE.input -m C -i /home/jejames/ArabidopsisCrossGenome/model.txt 1 -e 
---- Performing inference using model C

---- Performing inference on RevisionsPolyDFE15/express15_1.55476861556141_PolyDFE.input
----      with -i /home/jejames/ArabidopsisCrossGenome/model.txt 1
---- Data RevisionsPolyDFE15/express15_1.55476861556141_PolyDFE.input does not contain divergence counts. Using option -w.
---- No mutation variability. Using Poisson likelihood.


---- Calculating initial values

-- Starting local optimization
-- Optimizing all parameters
  it        eps_an     theta_bar           S_d             b           p_b           S_b           r 2           r 3           r 4           r 5           r 6           r 7           r 8           r 9          r 10          r 11          r 12          r 13          r 14          r 15          r 16          r 17          r 18          r 19          r 20          r 21          r 22          r 23          r 24          r 25          r 26          r 27          r 28          r 29          r 30          r 31          r 32          r 33          r 34          r 35          r 36          r 37          r 38          r 39          r 40          r 41          r 42          r 43          r 44          r 45          r 46          r 47          r 48          r 49           ln lk          grad status 
   0           0.1 0.01103037285        -20000         0.406           0.1            20 0.83585692341 0.70177748518 0.71274961597 0.79712530173 0.64976958525 0.77342549923 0.71450515690 0.61619486504 0.60127276717 0.74950625411 0.68861092824 0.61619486504 0.79569892473 0.91342988808 0.69694974764 0.60061443932 0.94601711652 0.77551020408 0.84704849681 0.87788018433 0.68795260039 0.63342111037 0.81369321922 1.26179504059 0.85867895545 0.76728110599 1.24423963133 0.72865920561 1.42857142857 1.04761904761 1.37283300416 1.51349572086 1.68992758393 1.97772657450 1.35088874259 1.49396532806 1.61356155365 2.34924292297 1.98376124643 2.59117840684 2.79262672811 2.75060346719 2.33179723502 3.34265964450 3.51283739302 4.88874259381 5.69321922317             1 -2621.159782986 35.3031554660   -2 
 666 0.00067244335 0.00959838049 -1195.1200933 0.28617381691 0.00001493446 0.12891203582 0.85155586378 0.76005250102 0.68431866525 0.77521150112 0.66537749826 0.80303501010 0.68503685543 0.64804638368 0.63282222158 0.65657305690 0.60588619396 0.67763174137 0.81294116738 0.90462459989 0.68045134156 0.70570085250 0.94465190273 0.67601684629 0.89353901857 0.79426642941 0.69360130787 0.65369042404 0.82473003937 1.00829071551 0.71255323341 0.79543839133 1.04807277304 0.76359590482 1.16859138632 0.94393544018 1.33774983703 1.29529524391 1.49648367223 1.54356181647 1.03615221117 1.16675844778 1.43098694046 1.86590760658 1.59290781550 2.13514538651 2.01995575527 2.01221112070 1.94258462942 2.44877734455 3.00857527011 3.75046438036 3.53152856812 5.11975437254 -311.3539539786 0.00007581764    0 
---- Best joint likelihood found -311.353953978679499 with gradient 0.00008

---- Results for RevisionsPolyDFE15/express15_1.55476861556141_PolyDFE.input 
--  Model: C
--        eps_an     theta_bar             a 
-- 0.00067244335 0.00959838049            -1 
--           S_d             b           p_b           S_b 
-- -1195.1200933 0.28617381691 0.00001493446 0.12891203582 
--           r 2           r 3           r 4           r 5           r 6           r 7           r 8           r 9          r 10          r 11          r 12          r 13          r 14          r 15          r 16          r 17          r 18          r 19          r 20          r 21          r 22          r 23          r 24          r 25          r 26          r 27          r 28          r 29          r 30          r 31          r 32          r 33          r 34          r 35          r 36          r 37          r 38          r 39          r 40          r 41          r 42          r 43          r 44          r 45          r 46          r 47          r 48          r 49 
-- 0.85155586378 0.76005250102 0.68431866525 0.77521150112 0.66537749826 0.80303501010 0.68503685543 0.64804638368 0.63282222158 0.65657305690 0.60588619396 0.67763174137 0.81294116738 0.90462459989 0.68045134156 0.70570085250 0.94465190273 0.67601684629 0.89353901857 0.79426642941 0.69360130787 0.65369042404 0.82473003937 1.00829071551 0.71255323341 0.79543839133 1.04807277304 0.76359590482 1.16859138632 0.94393544018 1.33774983703 1.29529524391 1.49648367223 1.54356181647 1.03615221117 1.16675844778 1.43098694046 1.86590760658 1.59290781550 2.13514538651 2.01995575527 2.01221112070 1.94258462942 2.44877734455 3.00857527011 3.75046438036 3.53152856812 5.11975437254 

---- Expected P_neut(i), 0 < i < n (neutral SFS per site) 
E[P_neut(1)] = 0.0095926005
E[P_neut(2)] = 0.0040845053
E[P_neut(3)] = 0.0024306375
E[P_neut(4)] = 0.0016414057
E[P_neut(5)] = 0.0014875055
E[P_neut(6)] = 0.0010639936
E[P_neut(7)] = 0.0011006810
E[P_neut(8)] = 0.0008216633
E[P_neut(9)] = 0.0006910042
E[P_neut(10)] = 0.0006072554
E[P_neut(11)] = 0.0005728361
E[P_neut(12)] = 0.0004845444
E[P_neut(13)] = 0.0005001877
E[P_neut(14)] = 0.0005571623
E[P_neut(15)] = 0.0005787575
E[P_neut(16)] = 0.0004082115
E[P_neut(17)] = 0.0003984316
E[P_neut(18)] = 0.0005036604
E[P_neut(19)] = 0.0003414757
E[P_neut(20)] = 0.0004287894
E[P_neut(21)] = 0.0003629578
E[P_neut(22)] = 0.0003026494
E[P_neut(23)] = 0.0002728054
E[P_neut(24)] = 0.0003297915
E[P_neut(25)] = 0.0003871183
E[P_neut(26)] = 0.0002630971
E[P_neut(27)] = 0.0002827681
E[P_neut(28)] = 0.0003592405
E[P_neut(29)] = 0.0002528081
E[P_neut(30)] = 0.0003739231
E[P_neut(31)] = 0.0002922993
E[P_neut(32)] = 0.0004013262
E[P_neut(33)] = 0.0003767642
E[P_neut(34)] = 0.0004224557
E[P_neut(35)] = 0.0004234101
E[P_neut(36)] = 0.0002764497
E[P_neut(37)] = 0.0003028084
E[P_neut(38)] = 0.0003615343
E[P_neut(39)] = 0.0004592993
E[P_neut(40)] = 0.0003823848
E[P_neut(41)] = 0.0004999808
E[P_neut(42)] = 0.0004618686
E[P_neut(43)] = 0.0004496005
E[P_neut(44)] = 0.0004241960
E[P_neut(45)] = 0.0005229672
E[P_neut(46)] = 0.0006284527
E[P_neut(47)] = 0.0007670432
E[P_neut(48)] = 0.0007084598
E[P_neut(49)] = 0.0010086647

---- Expected P_sel(i), 0 < i < n (selected SFS per site) 
E[P_sel(1)] = 0.0033674530
E[P_sel(2)] = 0.0010659636
E[P_sel(3)] = 0.0005494963
E[P_sel(4)] = 0.0003384221
E[P_sel(5)] = 0.0002867685
E[P_sel(6)] = 0.0001946082
E[P_sel(7)] = 0.0001928293
E[P_sel(8)] = 0.0001387988
E[P_sel(9)] = 0.0001131101
E[P_sel(10)] = 0.0000966925
E[P_sel(11)] = 0.0000889885
E[P_sel(12)] = 0.0000736194
E[P_sel(13)] = 0.0000744770
E[P_sel(14)] = 0.0000814382
E[P_sel(15)] = 0.0000831572
E[P_sel(16)] = 0.0000577269
E[P_sel(17)] = 0.0000555161
E[P_sel(18)] = 0.0000692121
E[P_sel(19)] = 0.0000463162
E[P_sel(20)] = 0.0000574468
E[P_sel(21)] = 0.0000480635
E[P_sel(22)] = 0.0000396351
E[P_sel(23)] = 0.0000353523
E[P_sel(24)] = 0.0000423095
E[P_sel(25)] = 0.0000491887
E[P_sel(26)] = 0.0000331237
E[P_sel(27)] = 0.0000352869
E[P_sel(28)] = 0.0000444504
E[P_sel(29)] = 0.0000310272
E[P_sel(30)] = 0.0000455307
E[P_sel(31)] = 0.0000353221
E[P_sel(32)] = 0.0000481422
E[P_sel(33)] = 0.0000448745
E[P_sel(34)] = 0.0000499704
E[P_sel(35)] = 0.0000497527
E[P_sel(36)] = 0.0000322780
E[P_sel(37)] = 0.0000351319
E[P_sel(38)] = 0.0000416872
E[P_sel(39)] = 0.0000526449
E[P_sel(40)] = 0.0000435800
E[P_sel(41)] = 0.0000566591
E[P_sel(42)] = 0.0000520608
E[P_sel(43)] = 0.0000504216
E[P_sel(44)] = 0.0000473295
E[P_sel(45)] = 0.0000580692
E[P_sel(46)] = 0.0000694392
E[P_sel(47)] = 0.0000843974
E[P_sel(48)] = 0.0000778186
E[P_sel(49)] = 0.0001112448

---- alpha_dfe = 0.000148

