---- Running command
---- ./polyDFE -d RevisionsPolyDFE15/express11_0.600395203771377_PolyDFE.input -m C -i /home/jejames/ArabidopsisCrossGenome/model.txt 1 -e 
---- Performing inference using model C

---- Performing inference on RevisionsPolyDFE15/express11_0.600395203771377_PolyDFE.input
----      with -i /home/jejames/ArabidopsisCrossGenome/model.txt 1
---- Data RevisionsPolyDFE15/express11_0.600395203771377_PolyDFE.input does not contain divergence counts. Using option -w.
---- No mutation variability. Using Poisson likelihood.


---- Calculating initial values

-- Starting local optimization
-- Optimizing all parameters
  it        eps_an     theta_bar           S_d             b           p_b           S_b           r 2           r 3           r 4           r 5           r 6           r 7           r 8           r 9          r 10          r 11          r 12          r 13          r 14          r 15          r 16          r 17          r 18          r 19          r 20          r 21          r 22          r 23          r 24          r 25          r 26          r 27          r 28          r 29          r 30          r 31          r 32          r 33          r 34          r 35          r 36          r 37          r 38          r 39          r 40          r 41          r 42          r 43          r 44          r 45          r 46          r 47          r 48          r 49           ln lk          grad status 
   0           0.1 0.00921624241        -80000         0.208           0.1            20 0.74172185430 0.72984028048 0.71445266848 0.69633813790 0.59661082976 0.60742111414 0.58589793533 0.53291780288 0.58628749513 0.76704324113 0.65679781846 0.71786131671 0.59855862874 0.60479158550 0.47526295286 0.52980132450 0.63985196727 0.63469029996 0.68952084144 0.77717179587 1.04343591741 0.67423061940 0.71055707051 0.68172964550 0.64822750292 1.02288663809 1.04440981690 0.84729255940 1.12777561355 1.10800545383 1.26217374366 1.02843786521 0.87748344370 1.24756525126 1.51110245422 1.38011297234 1.54694195559 1.38254772107 1.47253603428 1.72497078301 1.50525905726 2.08969614335 2.35255161667 2.76100506427 2.98363848850 3.67101675107 4.63731982859             1 -2544.142400590 37.7856252854   -2 
 383 0.01243039354 0.00815942777 -695.03374447 0.26683316812 0.00018355058 0.80607188778 0.75841552585 0.73267333323 0.66456251742 0.69730258872 0.65224508303 0.60695409897 0.57829708628 0.56353776193 0.63887015244 0.77327554072 0.66110696414 0.71099147651 0.60739715019 0.59744612432 0.46082754039 0.55066936618 0.59577303437 0.67951239188 0.65849270619 0.62177985624 0.89998608994 0.68534927271 0.57224397545 0.72471263517 0.55657782444 0.75991176111 0.68474232092 0.65508453823 0.86679903539 0.92950705186 0.87933519653 1.01348442334 0.86858754327 1.02132231623 1.20447179283 0.99857372427 1.39199714797 1.04753973922 1.22974198510 1.28667980318 1.24468348922 1.61623838762 1.99555274020 1.85523397576 2.02383802459 2.21003536777 2.51211963338 3.02945791839 -308.9612615308 0.00047935285   -8 
-- Local optimization: reached maximum number of likelihood evaluations allowed.
---- Best joint likelihood found -308.961261530869137 with gradient 0.00048

---- Results for RevisionsPolyDFE15/express11_0.600395203771377_PolyDFE.input 
--  Model: C
--        eps_an     theta_bar             a 
-- 0.01243039354 0.00815942777            -1 
--           S_d             b           p_b           S_b 
-- -695.03374447 0.26683316812 0.00018355058 0.80607188778 
--           r 2           r 3           r 4           r 5           r 6           r 7           r 8           r 9          r 10          r 11          r 12          r 13          r 14          r 15          r 16          r 17          r 18          r 19          r 20          r 21          r 22          r 23          r 24          r 25          r 26          r 27          r 28          r 29          r 30          r 31          r 32          r 33          r 34          r 35          r 36          r 37          r 38          r 39          r 40          r 41          r 42          r 43          r 44          r 45          r 46          r 47          r 48          r 49 
-- 0.75841552585 0.73267333323 0.66456251742 0.69730258872 0.65224508303 0.60695409897 0.57829708628 0.56353776193 0.63887015244 0.77327554072 0.66110696414 0.71099147651 0.60739715019 0.59744612432 0.46082754039 0.55066936618 0.59577303437 0.67951239188 0.65849270619 0.62177985624 0.89998608994 0.68534927271 0.57224397545 0.72471263517 0.55657782444 0.75991176111 0.68474232092 0.65508453823 0.86679903539 0.92950705186 0.87933519653 1.01348442334 0.86858754327 1.02132231623 1.20447179283 0.99857372427 1.39199714797 1.04753973922 1.22974198510 1.28667980318 1.24468348922 1.61623838762 1.99555274020 1.85523397576 2.02383802459 2.21003536777 2.51211963338 3.02945791839 

---- Expected P_neut(i), 0 < i < n (neutral SFS per site) 
E[P_neut(1)] = 0.0080642735
E[P_neut(2)] = 0.0030609654
E[P_neut(3)] = 0.0019727305
E[P_neut(4)] = 0.0013432240
E[P_neut(5)] = 0.0011279547
E[P_neut(6)] = 0.0008805654
E[P_neut(7)] = 0.0007025034
E[P_neut(8)] = 0.0005854957
E[P_neut(9)] = 0.0005077373
E[P_neut(10)] = 0.0005179199
E[P_neut(11)] = 0.0005691840
E[P_neut(12)] = 0.0004476488
E[P_neut(13)] = 0.0004434428
E[P_neut(14)] = 0.0003529940
E[P_neut(15)] = 0.0003239078
E[P_neut(16)] = 0.0002346754
E[P_neut(17)] = 0.0002641323
E[P_neut(18)] = 0.0002694949
E[P_neut(19)] = 0.0002912260
E[P_neut(20)] = 0.0002682373
E[P_neut(21)] = 0.0002408770
E[P_neut(22)] = 0.0003321208
E[P_neut(23)] = 0.0002429653
E[P_neut(24)] = 0.0001943022
E[P_neut(25)] = 0.0002365296
E[P_neut(26)] = 0.0001749147
E[P_neut(27)] = 0.0002298138
E[P_neut(28)] = 0.0002012083
E[P_neut(29)] = 0.0001850263
E[P_neut(30)] = 0.0002361617
E[P_neut(31)] = 0.0002452393
E[P_neut(32)] = 0.0002247847
E[P_neut(33)] = 0.0002507599
E[P_neut(34)] = 0.0002087765
E[P_neut(35)] = 0.0002391774
E[P_neut(36)] = 0.0002740014
E[P_neut(37)] = 0.0002230203
E[P_neut(38)] = 0.0003007645
E[P_neut(39)] = 0.0002235678
E[P_neut(40)] = 0.0002542113
E[P_neut(41)] = 0.0002592305
E[P_neut(42)] = 0.0002461332
E[P_neut(43)] = 0.0003116700
E[P_neut(44)] = 0.0003764841
E[P_neut(45)] = 0.0003463555
E[P_neut(46)] = 0.0003713745
E[P_neut(47)] = 0.0004036741
E[P_neut(48)] = 0.0004601833
E[P_neut(49)] = 0.0005996163

---- Expected P_sel(i), 0 < i < n (selected SFS per site) 
E[P_sel(1)] = 0.0033954966
E[P_sel(2)] = 0.0009881781
E[P_sel(3)] = 0.0005581284
E[P_sel(4)] = 0.0003489418
E[P_sel(5)] = 0.0002753421
E[P_sel(6)] = 0.0002046315
E[P_sel(7)] = 0.0001568681
E[P_sel(8)] = 0.0001264264
E[P_sel(9)] = 0.0001064577
E[P_sel(10)] = 0.0001058599
E[P_sel(11)] = 0.0001137518
E[P_sel(12)] = 0.0000875721
E[P_sel(13)] = 0.0000851848
E[P_sel(14)] = 0.0000666148
E[P_sel(15)] = 0.0000601760
E[P_sel(16)] = 0.0000429531
E[P_sel(17)] = 0.0000476869
E[P_sel(18)] = 0.0000480485
E[P_sel(19)] = 0.0000513042
E[P_sel(20)] = 0.0000467216
E[P_sel(21)] = 0.0000415142
E[P_sel(22)] = 0.0000566674
E[P_sel(23)] = 0.0000410494
E[P_sel(24)] = 0.0000325284
E[P_sel(25)] = 0.0000392522
E[P_sel(26)] = 0.0000287861
E[P_sel(27)] = 0.0000375192
E[P_sel(28)] = 0.0000326111
E[P_sel(29)] = 0.0000297628
E[P_sel(30)] = 0.0000377148
E[P_sel(31)] = 0.0000389017
E[P_sel(32)] = 0.0000354251
E[P_sel(33)] = 0.0000392591
E[P_sel(34)] = 0.0000324920
E[P_sel(35)] = 0.0000370269
E[P_sel(36)] = 0.0000421730
E[P_sel(37)] = 0.0000342192
E[P_sel(38)] = 0.0000458363
E[P_sel(39)] = 0.0000340510
E[P_sel(40)] = 0.0000384663
E[P_sel(41)] = 0.0000390460
E[P_sel(42)] = 0.0000370154
E[P_sel(43)] = 0.0000466783
E[P_sel(44)] = 0.0000562528
E[P_sel(45)] = 0.0000520264
E[P_sel(46)] = 0.0000559723
E[P_sel(47)] = 0.0000619006
E[P_sel(48)] = 0.0000732419
E[P_sel(49)] = 0.0001142534

---- alpha_dfe = 0.001935

