---- Running command
---- ./polyDFE -d RevisionsPolyDFE15/express14_1.1081664971261_PolyDFE.input -m C -i /home/jejames/ArabidopsisCrossGenome/model.txt 1 -e 
---- Performing inference using model C

---- Performing inference on RevisionsPolyDFE15/express14_1.1081664971261_PolyDFE.input
----      with -i /home/jejames/ArabidopsisCrossGenome/model.txt 1
---- Data RevisionsPolyDFE15/express14_1.1081664971261_PolyDFE.input does not contain divergence counts. Using option -w.
---- No mutation variability. Using Poisson likelihood.


---- Calculating initial values

-- Starting local optimization
-- Optimizing all parameters
  it        eps_an     theta_bar           S_d             b           p_b           S_b           r 2           r 3           r 4           r 5           r 6           r 7           r 8           r 9          r 10          r 11          r 12          r 13          r 14          r 15          r 16          r 17          r 18          r 19          r 20          r 21          r 22          r 23          r 24          r 25          r 26          r 27          r 28          r 29          r 30          r 31          r 32          r 33          r 34          r 35          r 36          r 37          r 38          r 39          r 40          r 41          r 42          r 43          r 44          r 45          r 46          r 47          r 48          r 49           ln lk          grad status 
   0           0.1 0.00970941718        -20000         0.406           0.1            20 0.86095803306 0.68673166596 0.66850360322 0.72594319626 0.57799915218 0.72106824925 0.70538363713 0.81072488342 0.63480288257 0.73675286138 0.83043662568 0.84315387876 0.94510385756 0.76780415430 0.80712166172 0.72604917337 0.67719372615 0.99268757948 0.83086053412 0.72106824925 0.79737176769 1.03592623993 0.84188215345 1.00678253497 0.71364985163 0.87272149215 0.82492581602 0.84824077999 1.04281475201 1.17284866468 1.06824925816 1.21354387452 1.31157270029 1.58382789317 1.72827469266 1.83509961848 1.75985587113 2.01695633743 1.82704535820 2.30288257736 1.99406528189 2.67952522255 1.59008054260 2.71831284442 3.28083933870 3.58626536668 5.28020347604             1 -2486.132177377 27.5522708640   -2 
 782 0.00685166659 0.00845866667 -993.25639376 0.27110547645 0.00001391386 0.12727356213 0.87954739157 0.75557550592 0.69149467154 0.72908177328 0.67781939166 0.65819381158 0.71374424362 0.85231612396 0.66930051740 0.65852735329 0.85224466635 0.74808247419 0.87524893700 0.78221839267 0.73001857222 0.79972322124 0.64294845107 0.90339017359 0.83863579419 0.65026586361 0.80129148061 0.95013500507 0.80956242638 0.82984645983 0.63231110544 0.64114962859 0.68473230543 0.78248674732 0.86398740207 0.93171455349 0.98640648313 1.07747836748 1.07171765457 1.23309406457 1.37918325274 1.53600743115 1.38891176786 1.55280928012 1.41937519335 1.83078192570 1.61843386661 2.00820624122 1.35919577758 2.11354592611 2.55516733322 2.45860401886 2.93221270250 3.80625902686 -298.7508167140 0.00009353533    0 
---- Best joint likelihood found -298.750816714026826 with gradient 0.00009

---- Results for RevisionsPolyDFE15/express14_1.1081664971261_PolyDFE.input 
--  Model: C
--        eps_an     theta_bar             a 
-- 0.00685166659 0.00845866667            -1 
--           S_d             b           p_b           S_b 
-- -993.25639376 0.27110547645 0.00001391386 0.12727356213 
--           r 2           r 3           r 4           r 5           r 6           r 7           r 8           r 9          r 10          r 11          r 12          r 13          r 14          r 15          r 16          r 17          r 18          r 19          r 20          r 21          r 22          r 23          r 24          r 25          r 26          r 27          r 28          r 29          r 30          r 31          r 32          r 33          r 34          r 35          r 36          r 37          r 38          r 39          r 40          r 41          r 42          r 43          r 44          r 45          r 46          r 47          r 48          r 49 
-- 0.87954739157 0.75557550592 0.69149467154 0.72908177328 0.67781939166 0.65819381158 0.71374424362 0.85231612396 0.66930051740 0.65852735329 0.85224466635 0.74808247419 0.87524893700 0.78221839267 0.73001857222 0.79972322124 0.64294845107 0.90339017359 0.83863579419 0.65026586361 0.80129148061 0.95013500507 0.80956242638 0.82984645983 0.63231110544 0.64114962859 0.68473230543 0.78248674732 0.86398740207 0.93171455349 0.98640648313 1.07747836748 1.07171765457 1.23309406457 1.37918325274 1.53600743115 1.38891176786 1.55280928012 1.41937519335 1.83078192570 1.61843386661 2.00820624122 1.35919577758 2.11354592611 2.55516733322 2.45860401886 2.93221270250 3.80625902686 

---- Expected P_neut(i), 0 < i < n (neutral SFS per site) 
E[P_neut(1)] = 0.0084052127
E[P_neut(2)] = 0.0036979520
E[P_neut(3)] = 0.0021188221
E[P_neut(4)] = 0.0014554810
E[P_neut(5)] = 0.0012276831
E[P_neut(6)] = 0.0009508177
E[P_neut(7)] = 0.0007926061
E[P_neut(8)] = 0.0007517281
E[P_neut(9)] = 0.0007981503
E[P_neut(10)] = 0.0005643165
E[P_neut(11)] = 0.0005052255
E[P_neut(12)] = 0.0005987400
E[P_neut(13)] = 0.0004858232
E[P_neut(14)] = 0.0005274141
E[P_neut(15)] = 0.0004401212
E[P_neut(16)] = 0.0003851190
E[P_neut(17)] = 0.0003970831
E[P_neut(18)] = 0.0003018545
E[P_neut(19)] = 0.0004011692
E[P_neut(20)] = 0.0003539259
E[P_neut(21)] = 0.0002616921
E[P_neut(22)] = 0.0003073908
E[P_neut(23)] = 0.0003484114
E[P_neut(24)] = 0.0002847803
E[P_neut(25)] = 0.0002807758
E[P_neut(26)] = 0.0002062574
E[P_neut(27)] = 0.0002018798
E[P_neut(28)] = 0.0002075480
E[P_neut(29)] = 0.0002284651
E[P_neut(30)] = 0.0002443671
E[P_neut(31)] = 0.0002552416
E[P_neut(32)] = 0.0002610238
E[P_neut(33)] = 0.0002770168
E[P_neut(34)] = 0.0002674440
E[P_neut(35)] = 0.0002989899
E[P_neut(36)] = 0.0003254599
E[P_neut(37)] = 0.0003520798
E[P_neut(38)] = 0.0003111646
E[P_neut(39)] = 0.0003379491
E[P_neut(40)] = 0.0003019730
E[P_neut(41)] = 0.0003806073
E[P_neut(42)] = 0.0003288849
E[P_neut(43)] = 0.0003977834
E[P_neut(44)] = 0.0002660521
E[P_neut(45)] = 0.0004030129
E[P_neut(46)] = 0.0004766543
E[P_neut(47)] = 0.0004540440
E[P_neut(48)] = 0.0005386681
E[P_neut(49)] = 0.0007105127

---- Expected P_sel(i), 0 < i < n (selected SFS per site) 
E[P_sel(1)] = 0.0032109467
E[P_sel(2)] = 0.0010711157
E[P_sel(3)] = 0.0005360968
E[P_sel(4)] = 0.0003375294
E[P_sel(5)] = 0.0002672266
E[P_sel(6)] = 0.0001969658
E[P_sel(7)] = 0.0001575643
E[P_sel(8)] = 0.0001444161
E[P_sel(9)] = 0.0001488388
E[P_sel(10)] = 0.0001025121
E[P_sel(11)] = 0.0000896476
E[P_sel(12)] = 0.0001040637
E[P_sel(13)] = 0.0000828182
E[P_sel(14)] = 0.0000883646
E[P_sel(15)] = 0.0000725541
E[P_sel(16)] = 0.0000625431
E[P_sel(17)] = 0.0000635923
E[P_sel(18)] = 0.0000477071
E[P_sel(19)] = 0.0000626403
E[P_sel(20)] = 0.0000546239
E[P_sel(21)] = 0.0000399442
E[P_sel(22)] = 0.0000464373
E[P_sel(23)] = 0.0000521159
E[P_sel(24)] = 0.0000421955
E[P_sel(25)] = 0.0000412278
E[P_sel(26)] = 0.0000300273
E[P_sel(27)] = 0.0000291521
E[P_sel(28)] = 0.0000297337
E[P_sel(29)] = 0.0000324779
E[P_sel(30)] = 0.0000344915
E[P_sel(31)] = 0.0000357778
E[P_sel(32)] = 0.0000363277
E[P_sel(33)] = 0.0000383123
E[P_sel(34)] = 0.0000367558
E[P_sel(35)] = 0.0000408431
E[P_sel(36)] = 0.0000442085
E[P_sel(37)] = 0.0000475331
E[P_sel(38)] = 0.0000418246
E[P_sel(39)] = 0.0000451442
E[P_sel(40)] = 0.0000401707
E[P_sel(41)] = 0.0000504206
E[P_sel(42)] = 0.0000433981
E[P_sel(43)] = 0.0000522143
E[P_sel(44)] = 0.0000350076
E[P_sel(45)] = 0.0000527549
E[P_sel(46)] = 0.0000622525
E[P_sel(47)] = 0.0000598677
E[P_sel(48)] = 0.0000726837
E[P_sel(49)] = 0.0001048085

---- alpha_dfe = 0.000118

