---- Running command
---- ./polyDFE -d RevisionsPolyDFE15/express8_0.200735508147669_PolyDFE.input -m C -i /home/jejames/ArabidopsisCrossGenome/model.txt 1 -e 
---- Performing inference using model C

---- Performing inference on RevisionsPolyDFE15/express8_0.200735508147669_PolyDFE.input
----      with -i /home/jejames/ArabidopsisCrossGenome/model.txt 1
---- Data RevisionsPolyDFE15/express8_0.200735508147669_PolyDFE.input does not contain divergence counts. Using option -w.
---- No mutation variability. Using Poisson likelihood.


---- Calculating initial values

-- Starting local optimization
-- Optimizing all parameters
  it        eps_an     theta_bar           S_d             b           p_b           S_b           r 2           r 3           r 4           r 5           r 6           r 7           r 8           r 9          r 10          r 11          r 12          r 13          r 14          r 15          r 16          r 17          r 18          r 19          r 20          r 21          r 22          r 23          r 24          r 25          r 26          r 27          r 28          r 29          r 30          r 31          r 32          r 33          r 34          r 35          r 36          r 37          r 38          r 39          r 40          r 41          r 42          r 43          r 44          r 45          r 46          r 47          r 48          r 49           ln lk          grad status 
   0           0.1 0.00881338319        -70000         0.208           0.1            20 0.78383797874 0.72157609785 0.64407459394 0.60356928012 0.62261880890 0.49689191898 0.61840786043 0.66322438339 0.72388209344 0.66061760577 0.56787647884 0.67254862642 0.70322839382 0.66322438339 0.65931421696 0.66472829356 0.77782233807 0.59815520352 0.66773611389 0.69691197112 0.49849608983 0.91317425305 1.00100260677 0.77702025265 1.00100260677 0.98536194104 0.99378383797 0.75305795067 1.07379185883 1.07539602967 0.89512733106 1.02566673350 1.15560457188 1.01413675556 1.83717665931 1.20192500501 1.24964908762 1.68528173250 1.67635853218 1.87036294365 2.26970122318 2.29356326448 2.27190695809 3.04992981752 3.56968117104 4.10437136555 6.06857830358             1 -2794.367811511 39.0489508441   -2 
 815 0.01832867274 0.00776323698 -349.10234692 0.30194692826 0.00003321034 0.26195230834 0.79869345010 0.73561582868 0.63051550455 0.63073526559 0.65887075406 0.53330844462 0.62876079491 0.67804624796 0.65067664754 0.67110857871 0.59651187927 0.71675985899 0.65002005743 0.66912638914 0.65365035415 0.58694325608 0.74691595257 0.56609471152 0.65194937538 0.70997414888 0.48240651881 0.82992723527 0.77185639797 0.71530975073 0.77295044387 1.00560588110 0.84412458480 0.83927596770 0.83982299182 0.95617266407 0.75649891442 0.96689604592 0.95760690155 0.87024719265 1.47108425045 0.91678027253 0.94819144553 1.46196299843 1.21224634234 1.43978950908 1.80246423670 1.85004062196 1.66352222759 2.09424260997 2.51602060740 2.91732634577 3.52770658001 2.80408375558 -302.1480216958 0.00008627171    0 
---- Best joint likelihood found -302.148021695815316 with gradient 0.00009

---- Results for RevisionsPolyDFE15/express8_0.200735508147669_PolyDFE.input 
--  Model: C
--        eps_an     theta_bar             a 
-- 0.01832867274 0.00776323698            -1 
--           S_d             b           p_b           S_b 
-- -349.10234692 0.30194692826 0.00003321034 0.26195230834 
--           r 2           r 3           r 4           r 5           r 6           r 7           r 8           r 9          r 10          r 11          r 12          r 13          r 14          r 15          r 16          r 17          r 18          r 19          r 20          r 21          r 22          r 23          r 24          r 25          r 26          r 27          r 28          r 29          r 30          r 31          r 32          r 33          r 34          r 35          r 36          r 37          r 38          r 39          r 40          r 41          r 42          r 43          r 44          r 45          r 46          r 47          r 48          r 49 
-- 0.79869345010 0.73561582868 0.63051550455 0.63073526559 0.65887075406 0.53330844462 0.62876079491 0.67804624796 0.65067664754 0.67110857871 0.59651187927 0.71675985899 0.65002005743 0.66912638914 0.65365035415 0.58694325608 0.74691595257 0.56609471152 0.65194937538 0.70997414888 0.48240651881 0.82992723527 0.77185639797 0.71530975073 0.77295044387 1.00560588110 0.84412458480 0.83927596770 0.83982299182 0.95617266407 0.75649891442 0.96689604592 0.95760690155 0.87024719265 1.47108425045 0.91678027253 0.94819144553 1.46196299843 1.21224634234 1.43978950908 1.80246423670 1.85004062196 1.66352222759 2.09424260997 2.51602060740 2.91732634577 3.52770658001 2.80408375558 

---- Expected P_neut(i), 0 < i < n (neutral SFS per site) 
E[P_neut(1)] = 0.0076290899
E[P_neut(2)] = 0.0030538577
E[P_neut(3)] = 0.0018775285
E[P_neut(4)] = 0.0012090640
E[P_neut(5)] = 0.0009679820
E[P_neut(6)] = 0.0008422495
E[P_neut(7)] = 0.0005867384
E[P_neut(8)] = 0.0006050756
E[P_neut(9)] = 0.0005791473
E[P_neut(10)] = 0.0005001895
E[P_neut(11)] = 0.0004702869
E[P_neut(12)] = 0.0003823826
E[P_neut(13)] = 0.0004237094
E[P_neut(14)] = 0.0003596551
E[P_neut(15)] = 0.0003434964
E[P_neut(16)] = 0.0003153473
E[P_neut(17)] = 0.0002672905
E[P_neut(18)] = 0.0003195975
E[P_neut(19)] = 0.0002314508
E[P_neut(20)] = 0.0002524069
E[P_neut(21)] = 0.0002617692
E[P_neut(22)] = 0.0001713985
E[P_neut(23)] = 0.0002802922
E[P_neut(24)] = 0.0002493250
E[P_neut(25)] = 0.0002221248
E[P_neut(26)] = 0.0002311382
E[P_neut(27)] = 0.0002889740
E[P_neut(28)] = 0.0002328711
E[P_neut(29)] = 0.0002253650
E[P_neut(30)] = 0.0002179798
E[P_neut(31)] = 0.0002393021
E[P_neut(32)] = 0.0001860681
E[P_neut(33)] = 0.0002282055
E[P_neut(34)] = 0.0002204563
E[P_neut(35)] = 0.0001958361
E[P_neut(36)] = 0.0003180247
E[P_neut(37)] = 0.0001966759
E[P_neut(38)] = 0.0001972341
E[P_neut(39)] = 0.0002943617
E[P_neut(40)] = 0.0002402201
E[P_neut(41)] = 0.0002783433
E[P_neut(42)] = 0.0003382424
E[P_neut(43)] = 0.0003387258
E[P_neut(44)] = 0.0003037527
E[P_neut(45)] = 0.0003726186
E[P_neut(46)] = 0.0004392651
E[P_neut(47)] = 0.0005079283
E[P_neut(48)] = 0.0006169160
E[P_neut(49)] = 0.0005784077

---- Expected P_sel(i), 0 < i < n (selected SFS per site) 
E[P_sel(1)] = 0.0035677141
E[P_sel(2)] = 0.0010777666
E[P_sel(3)] = 0.0005720845
E[P_sel(4)] = 0.0003345987
E[P_sel(5)] = 0.0002497435
E[P_sel(6)] = 0.0002057375
E[P_sel(7)] = 0.0001368062
E[P_sel(8)] = 0.0001358459
E[P_sel(9)] = 0.0001258889
E[P_sel(10)] = 0.0001056318
E[P_sel(11)] = 0.0000967211
E[P_sel(12)] = 0.0000768838
E[P_sel(13)] = 0.0000834344
E[P_sel(14)] = 0.0000693493
E[P_sel(15)] = 0.0000651453
E[P_sel(16)] = 0.0000588025
E[P_sel(17)] = 0.0000490602
E[P_sel(18)] = 0.0000578660
E[P_sel(19)] = 0.0000413021
E[P_sel(20)] = 0.0000444903
E[P_sel(21)] = 0.0000455907
E[P_sel(22)] = 0.0000294979
E[P_sel(23)] = 0.0000477400
E[P_sel(24)] = 0.0000420349
E[P_sel(25)] = 0.0000370838
E[P_sel(26)] = 0.0000382310
E[P_sel(27)] = 0.0000473693
E[P_sel(28)] = 0.0000378364
E[P_sel(29)] = 0.0000363371
E[P_sel(30)] = 0.0000348719
E[P_sel(31)] = 0.0000379784
E[P_sel(32)] = 0.0000293775
E[P_sel(33)] = 0.0000357249
E[P_sel(34)] = 0.0000343159
E[P_sel(35)] = 0.0000303354
E[P_sel(36)] = 0.0000488246
E[P_sel(37)] = 0.0000301868
E[P_sel(38)] = 0.0000300804
E[P_sel(39)] = 0.0000445694
E[P_sel(40)] = 0.0000363337
E[P_sel(41)] = 0.0000419292
E[P_sel(42)] = 0.0000506241
E[P_sel(43)] = 0.0000504903
E[P_sel(44)] = 0.0000457317
E[P_sel(45)] = 0.0000559489
E[P_sel(46)] = 0.0000662040
E[P_sel(47)] = 0.0000783701
E[P_sel(48)] = 0.0000998631
E[P_sel(49)] = 0.0001283946

---- alpha_dfe = 0.000270

