---- Running command
---- ./polyDFE -d RevisionsPolyDFE15/express10_0.470380297039786_PolyDFE.input -m C -i /home/jejames/ArabidopsisCrossGenome/model.txt 1 -e 
---- Performing inference using model C

---- Performing inference on RevisionsPolyDFE15/express10_0.470380297039786_PolyDFE.input
----      with -i /home/jejames/ArabidopsisCrossGenome/model.txt 1
---- Data RevisionsPolyDFE15/express10_0.470380297039786_PolyDFE.input does not contain divergence counts. Using option -w.
---- No mutation variability. Using Poisson likelihood.


---- Calculating initial values

-- Starting local optimization
-- Optimizing all parameters
  it        eps_an     theta_bar           S_d             b           p_b           S_b           r 2           r 3           r 4           r 5           r 6           r 7           r 8           r 9          r 10          r 11          r 12          r 13          r 14          r 15          r 16          r 17          r 18          r 19          r 20          r 21          r 22          r 23          r 24          r 25          r 26          r 27          r 28          r 29          r 30          r 31          r 32          r 33          r 34          r 35          r 36          r 37          r 38          r 39          r 40          r 41          r 42          r 43          r 44          r 45          r 46          r 47          r 48          r 49           ln lk          grad status 
   0           0.1 0.00926409766        -80000         0.208           0.1            20 0.82368236823 0.80168016801 0.66326632663 0.57805780578 0.64266426642 0.54325432543 0.53205320532 0.55265526552 0.73607360736 0.57645764576 0.61086108610 0.56945694569 0.68046804680 0.72157215721 0.53925392539 0.50325032503 0.77587758775 0.88738873887 0.75407540754 0.59435943594 0.72167216721 0.66476647664 0.82088208820 0.65006500650 0.93089308930 0.75877587758 1.09770977097 1.12241224122 1.29912991299 1.37343734373 1.40494049404 1.13531353135 1.33633363336 1.15161516151 1.05850585058 1.56155615561 0.99189918991 0.92049204920 1.85618561856 1.33673367336 1.61716171617 2.16741674167 2.28382838283 2.89828982898 3.13751375137 3.98599859986 5.48214821482             1 -2532.878686787 37.9766818792   -2 
 523 0.00412269389 0.00823128716 -819.43741453 0.25325501470 0.00017335596 0.73235957446 0.79097545974 0.76604569202 0.67476098317 0.59423161767 0.67759213569 0.65143191171 0.62859752170 0.53338396129 0.62752721354 0.55728732928 0.61922142516 0.54409384484 0.61147464872 0.67435361376 0.54980745279 0.48686027394 0.69736376440 0.61634050526 0.67188571052 0.70900019084 0.69012013615 0.56073985945 0.75907311100 0.71652721639 0.74748060394 0.68185773272 0.86843353108 0.91698651351 1.04546493625 0.98620901860 1.12066262920 0.96897864286 1.17945274400 0.78963604691 0.79510591655 1.27177379656 0.90201300474 0.82374306249 1.23042819011 1.06563606992 1.42787044032 1.67030613157 1.70755501098 2.28247215171 2.37335241675 2.55821927891 3.55748271454 4.13460531110 -316.0072550727 0.00052242105   -8 
-- Local optimization: reached maximum number of likelihood evaluations allowed.
---- Best joint likelihood found -316.007255072769908 with gradient 0.00052

---- Results for RevisionsPolyDFE15/express10_0.470380297039786_PolyDFE.input 
--  Model: C
--        eps_an     theta_bar             a 
-- 0.00412269389 0.00823128716            -1 
--           S_d             b           p_b           S_b 
-- -819.43741453 0.25325501470 0.00017335596 0.73235957446 
--           r 2           r 3           r 4           r 5           r 6           r 7           r 8           r 9          r 10          r 11          r 12          r 13          r 14          r 15          r 16          r 17          r 18          r 19          r 20          r 21          r 22          r 23          r 24          r 25          r 26          r 27          r 28          r 29          r 30          r 31          r 32          r 33          r 34          r 35          r 36          r 37          r 38          r 39          r 40          r 41          r 42          r 43          r 44          r 45          r 46          r 47          r 48          r 49 
-- 0.79097545974 0.76604569202 0.67476098317 0.59423161767 0.67759213569 0.65143191171 0.62859752170 0.53338396129 0.62752721354 0.55728732928 0.61922142516 0.54409384484 0.61147464872 0.67435361376 0.54980745279 0.48686027394 0.69736376440 0.61634050526 0.67188571052 0.70900019084 0.69012013615 0.56073985945 0.75907311100 0.71652721639 0.74748060394 0.68185773272 0.86843353108 0.91698651351 1.04546493625 0.98620901860 1.12066262920 0.96897864286 1.17945274400 0.78963604691 0.79510591655 1.27177379656 0.90201300474 0.82374306249 1.23042819011 1.06563606992 1.42787044032 1.67030613157 1.70755501098 2.28247215171 2.37335241675 2.55821927891 3.55748271454 4.13460531110 

---- Expected P_neut(i), 0 < i < n (neutral SFS per site) 
E[P_neut(1)] = 0.0082002155
E[P_neut(2)] = 0.0032444672
E[P_neut(3)] = 0.0020950292
E[P_neut(4)] = 0.0013845642
E[P_neut(5)] = 0.0009759464
E[P_neut(6)] = 0.0009270605
E[P_neut(7)] = 0.0007641777
E[P_neut(8)] = 0.0006452581
E[P_neut(9)] = 0.0004866971
E[P_neut(10)] = 0.0005154500
E[P_neut(11)] = 0.0004160150
E[P_neut(12)] = 0.0004238035
E[P_neut(13)] = 0.0003442533
E[P_neut(14)] = 0.0003587833
E[P_neut(15)] = 0.0003692932
E[P_neut(16)] = 0.0002828625
E[P_neut(17)] = 0.0002357591
E[P_neut(18)] = 0.0003187738
E[P_neut(19)] = 0.0002669933
E[P_neut(20)] = 0.0002765668
E[P_neut(21)] = 0.0002778313
E[P_neut(22)] = 0.0002581960
E[P_neut(23)] = 0.0002007084
E[P_neut(24)] = 0.0002602418
E[P_neut(25)] = 0.0002359177
E[P_neut(26)] = 0.0002367411
E[P_neut(27)] = 0.0002078432
E[P_neut(28)] = 0.0002553093
E[P_neut(29)] = 0.0002603478
E[P_neut(30)] = 0.0002868082
E[P_neut(31)] = 0.0002618848
E[P_neut(32)] = 0.0002883918
E[P_neut(33)] = 0.0002416706
E[P_neut(34)] = 0.0002855305
E[P_neut(35)] = 0.0001864663
E[P_neut(36)] = 0.0001825312
E[P_neut(37)] = 0.0002831819
E[P_neut(38)] = 0.0001963332
E[P_neut(39)] = 0.0001748606
E[P_neut(40)] = 0.0002542858
E[P_neut(41)] = 0.0002150696
E[P_neut(42)] = 0.0002813511
E[P_neut(43)] = 0.0003215787
E[P_neut(44)] = 0.0003219558
E[P_neut(45)] = 0.0004198159
E[P_neut(46)] = 0.0004286638
E[P_neut(47)] = 0.0004548488
E[P_neut(48)] = 0.0006209613
E[P_neut(49)] = 0.0007256252

---- Expected P_sel(i), 0 < i < n (selected SFS per site) 
E[P_sel(1)] = 0.0034260256
E[P_sel(2)] = 0.0010510489
E[P_sel(3)] = 0.0005988744
E[P_sel(4)] = 0.0003650661
E[P_sel(5)] = 0.0002425527
E[P_sel(6)] = 0.0002200292
E[P_sel(7)] = 0.0001746128
E[P_sel(8)] = 0.0001427932
E[P_sel(9)] = 0.0001047644
E[P_sel(10)] = 0.0001082798
E[P_sel(11)] = 0.0000855218
E[P_sel(12)] = 0.0000854310
E[P_sel(13)] = 0.0000681502
E[P_sel(14)] = 0.0000698943
E[P_sel(15)] = 0.0000708657
E[P_sel(16)] = 0.0000535094
E[P_sel(17)] = 0.0000440215
E[P_sel(18)] = 0.0000588038
E[P_sel(19)] = 0.0000486882
E[P_sel(20)] = 0.0000498897
E[P_sel(21)] = 0.0000496081
E[P_sel(22)] = 0.0000456549
E[P_sel(23)] = 0.0000351623
E[P_sel(24)] = 0.0000451916
E[P_sel(25)] = 0.0000406228
E[P_sel(26)] = 0.0000404366
E[P_sel(27)] = 0.0000352259
E[P_sel(28)] = 0.0000429497
E[P_sel(29)] = 0.0000434851
E[P_sel(30)] = 0.0000475733
E[P_sel(31)] = 0.0000431516
E[P_sel(32)] = 0.0000472166
E[P_sel(33)] = 0.0000393190
E[P_sel(34)] = 0.0000461764
E[P_sel(35)] = 0.0000300042
E[P_sel(36)] = 0.0000292081
E[P_sel(37)] = 0.0000450367
E[P_sel(38)] = 0.0000310933
E[P_sel(39)] = 0.0000275622
E[P_sel(40)] = 0.0000398696
E[P_sel(41)] = 0.0000335758
E[P_sel(42)] = 0.0000437300
E[P_sel(43)] = 0.0000497777
E[P_sel(44)] = 0.0000496919
E[P_sel(45)] = 0.0000644704
E[P_sel(46)] = 0.0000657830
E[P_sel(47)] = 0.0000699884
E[P_sel(48)] = 0.0000958832
E[P_sel(49)] = 0.0001179591

---- alpha_dfe = 0.001687

