---- Running command
---- ./polyDFE -d RevisionsPolyDFE15/express3_-1.08346706179644_PolyDFE.input -m C -i /home/jejames/ArabidopsisCrossGenome/model.txt 1 -e 
---- Performing inference using model C

---- Performing inference on RevisionsPolyDFE15/express3_-1.08346706179644_PolyDFE.input
----      with -i /home/jejames/ArabidopsisCrossGenome/model.txt 1
---- Data RevisionsPolyDFE15/express3_-1.08346706179644_PolyDFE.input does not contain divergence counts. Using option -w.
---- No mutation variability. Using Poisson likelihood.


---- Calculating initial values

-- Starting local optimization
-- Optimizing all parameters
  it        eps_an     theta_bar           S_d             b           p_b           S_b           r 2           r 3           r 4           r 5           r 6           r 7           r 8           r 9          r 10          r 11          r 12          r 13          r 14          r 15          r 16          r 17          r 18          r 19          r 20          r 21          r 22          r 23          r 24          r 25          r 26          r 27          r 28          r 29          r 30          r 31          r 32          r 33          r 34          r 35          r 36          r 37          r 38          r 39          r 40          r 41          r 42          r 43          r 44          r 45          r 46          r 47          r 48          r 49           ln lk          grad status 
   0           0.1 0.00967166911        -20000         0.208           0.1            20 0.80157741801 0.77801992528 0.69821502698 0.69997924449 0.57471980074 0.62691988376 0.61685346616 0.66874221668 0.75550020755 0.66210045662 0.65753424657 0.63408053134 0.79472810294 0.53082191780 0.71897052718 0.77449149024 0.60523038605 0.74927355749 0.53756745537 0.89134495641 0.99771689497 0.82586135325 0.79950186799 1.03777501037 1.10356994603 1.10398505603 0.96762141967 0.72530095475 0.78144458281 0.96513075965 1.18223329182 1.47602739726 1.33022000830 1.26764217517 1.35616438356 1.49750933997 1.38812785388 1.37608966376 1.95931921959 1.88916562889 1.59962640099 2.17320464923 2.49771689497 3.64726027397 3.14113740141 4.34589041095 5.36986301369             1 -2594.134064728 28.3364468276   -2 
1096 0.00525081397 0.00838467956 -180.54358079 0.26402300946 0.00007117977 0.33311443438 0.81875027171 0.79309535981 0.74983921393 0.71506729752 0.61316045324 0.65095795196 0.70199626538 0.69418361043 0.68446396368 0.61766773519 0.58599615357 0.61928337910 0.75727344250 0.63119528105 0.69243981719 0.67399438521 0.62350674594 0.77227251405 0.64880037469 0.86427203145 0.93871157815 0.78843179889 0.82686088585 0.95628861111 0.87992257899 0.94259157936 1.01910699105 0.69536440995 0.75146732737 0.90870499768 1.04774738022 1.06773461493 0.99013360613 0.97264986496 1.05239804267 1.26289283629 1.17285755222 1.03660179745 1.58331588186 1.48588542054 1.46081461698 1.66547322221 1.79125431540 2.48264145716 2.56748728896 2.92387476075 3.39410741794 4.63030117383 -316.3944953462 0.00015883591   -8 
-- Local optimization: reached maximum number of likelihood evaluations allowed.
---- Best joint likelihood found -316.394495346267377 with gradient 0.00016

---- Results for RevisionsPolyDFE15/express3_-1.08346706179644_PolyDFE.input 
--  Model: C
--        eps_an     theta_bar             a 
-- 0.00525081397 0.00838467956            -1 
--           S_d             b           p_b           S_b 
-- -180.54358079 0.26402300946 0.00007117977 0.33311443438 
--           r 2           r 3           r 4           r 5           r 6           r 7           r 8           r 9          r 10          r 11          r 12          r 13          r 14          r 15          r 16          r 17          r 18          r 19          r 20          r 21          r 22          r 23          r 24          r 25          r 26          r 27          r 28          r 29          r 30          r 31          r 32          r 33          r 34          r 35          r 36          r 37          r 38          r 39          r 40          r 41          r 42          r 43          r 44          r 45          r 46          r 47          r 48          r 49 
-- 0.81875027171 0.79309535981 0.74983921393 0.71506729752 0.61316045324 0.65095795196 0.70199626538 0.69418361043 0.68446396368 0.61766773519 0.58599615357 0.61928337910 0.75727344250 0.63119528105 0.69243981719 0.67399438521 0.62350674594 0.77227251405 0.64880037469 0.86427203145 0.93871157815 0.78843179889 0.82686088585 0.95628861111 0.87992257899 0.94259157936 1.01910699105 0.69536440995 0.75146732737 0.90870499768 1.04774738022 1.06773461493 0.99013360613 0.97264986496 1.05239804267 1.26289283629 1.17285755222 1.03660179745 1.58331588186 1.48588542054 1.46081461698 1.66547322221 1.79125431540 2.48264145716 2.56748728896 2.92387476075 3.39410741794 4.63030117383 

---- Expected P_neut(i), 0 < i < n (neutral SFS per site) 
E[P_neut(1)] = 0.0083448135
E[P_neut(2)] = 0.0034175692
E[P_neut(3)] = 0.0022077167
E[P_neut(4)] = 0.0015659945
E[P_neut(5)] = 0.0011952546
E[P_neut(6)] = 0.0008541521
E[P_neut(7)] = 0.0007773359
E[P_neut(8)] = 0.0007334197
E[P_neut(9)] = 0.0006449228
E[P_neut(10)] = 0.0005726303
E[P_neut(11)] = 0.0004695113
E[P_neut(12)] = 0.0004086581
E[P_neut(13)] = 0.0003988279
E[P_neut(14)] = 0.0004524410
E[P_neut(15)] = 0.0003521956
E[P_neut(16)] = 0.0003622446
E[P_neut(17)] = 0.0003321041
E[P_neut(18)] = 0.0002903556
E[P_neut(19)] = 0.0003403041
E[P_neut(20)] = 0.0002716738
E[P_neut(21)] = 0.0003443220
E[P_neut(22)] = 0.0003574873
E[P_neut(23)] = 0.0002874516
E[P_neut(24)] = 0.0002888467
E[P_neut(25)] = 0.0003207269
E[P_neut(26)] = 0.0002837910
E[P_neut(27)] = 0.0002926881
E[P_neut(28)] = 0.0003054506
E[P_neut(29)] = 0.0002018048
E[P_neut(30)] = 0.0002103525
E[P_neut(31)] = 0.0002462796
E[P_neut(32)] = 0.0002746156
E[P_neut(33)] = 0.0002716123
E[P_neut(34)] = 0.0002447983
E[P_neut(35)] = 0.0002336393
E[P_neut(36)] = 0.0002462061
E[P_neut(37)] = 0.0002867825
E[P_neut(38)] = 0.0002595815
E[P_neut(39)] = 0.0002241628
E[P_neut(40)] = 0.0003331607
E[P_neut(41)] = 0.0003056703
E[P_neut(42)] = 0.0002939621
E[P_neut(43)] = 0.0003271438
E[P_neut(44)] = 0.0003440499
E[P_neut(45)] = 0.0004664486
E[P_neut(46)] = 0.0004737862
E[P_neut(47)] = 0.0005305119
E[P_neut(48)] = 0.0006077957
E[P_neut(49)] = 0.0008321843

---- Expected P_sel(i), 0 < i < n (selected SFS per site) 
E[P_sel(1)] = 0.0047856453
E[P_sel(2)] = 0.0015652087
E[P_sel(3)] = 0.0008941668
E[P_sel(4)] = 0.0005845585
E[P_sel(5)] = 0.0004200252
E[P_sel(6)] = 0.0002862441
E[P_sel(7)] = 0.0002505274
E[P_sel(8)] = 0.0002286994
E[P_sel(9)] = 0.0001954104
E[P_sel(10)] = 0.0001691654
E[P_sel(11)] = 0.0001356393
E[P_sel(12)] = 0.0001156675
E[P_sel(13)] = 0.0001108117
E[P_sel(14)] = 0.0001236204
E[P_sel(15)] = 0.0000947272
E[P_sel(16)] = 0.0000960256
E[P_sel(17)] = 0.0000868431
E[P_sel(18)] = 0.0000749637
E[P_sel(19)] = 0.0000868291
E[P_sel(20)] = 0.0000685399
E[P_sel(21)] = 0.0000859526
E[P_sel(22)] = 0.0000883324
E[P_sel(23)] = 0.0000703444
E[P_sel(24)] = 0.0000700407
E[P_sel(25)] = 0.0000770921
E[P_sel(26)] = 0.0000676438
E[P_sel(27)] = 0.0000692045
E[P_sel(28)] = 0.0000716692
E[P_sel(29)] = 0.0000470096
E[P_sel(30)] = 0.0000486443
E[P_sel(31)] = 0.0000565646
E[P_sel(32)] = 0.0000626412
E[P_sel(33)] = 0.0000615662
E[P_sel(34)] = 0.0000551577
E[P_sel(35)] = 0.0000523309
E[P_sel(36)] = 0.0000548493
E[P_sel(37)] = 0.0000634965
E[P_sel(38)] = 0.0000571781
E[P_sel(39)] = 0.0000491620
E[P_sel(40)] = 0.0000726536
E[P_sel(41)] = 0.0000663907
E[P_sel(42)] = 0.0000636143
E[P_sel(43)] = 0.0000704726
E[P_sel(44)] = 0.0000738405
E[P_sel(45)] = 0.0000997717
E[P_sel(46)] = 0.0001013232
E[P_sel(47)] = 0.0001137166
E[P_sel(48)] = 0.0001316020
E[P_sel(49)] = 0.0001893731

---- alpha_dfe = 0.000408

