---- Running command
---- ./polyDFE -d RevisionsPolyDFE15/express4_-0.642601737891552_PolyDFE.input -m C -i /home/jejames/ArabidopsisCrossGenome/model.txt 1 -e 
---- Performing inference using model C

---- Performing inference on RevisionsPolyDFE15/express4_-0.642601737891552_PolyDFE.input
----      with -i /home/jejames/ArabidopsisCrossGenome/model.txt 1
---- Data RevisionsPolyDFE15/express4_-0.642601737891552_PolyDFE.input does not contain divergence counts. Using option -w.
---- No mutation variability. Using Poisson likelihood.


---- Calculating initial values

-- Starting local optimization
-- Optimizing all parameters
  it        eps_an     theta_bar           S_d             b           p_b           S_b           r 2           r 3           r 4           r 5           r 6           r 7           r 8           r 9          r 10          r 11          r 12          r 13          r 14          r 15          r 16          r 17          r 18          r 19          r 20          r 21          r 22          r 23          r 24          r 25          r 26          r 27          r 28          r 29          r 30          r 31          r 32          r 33          r 34          r 35          r 36          r 37          r 38          r 39          r 40          r 41          r 42          r 43          r 44          r 45          r 46          r 47          r 48          r 49           ln lk          grad status 
   0           0.1 0.00937700656        -20000         0.208           0.1            20 0.83569937369 0.72588726513 0.67056367432 0.56576200417 0.65574112734 0.70365344467 0.50271398747 0.54206680584 0.76513569937 0.62348643006 0.82171189979 0.67171189979 0.69561586638 0.58559498956 0.78162839248 0.77546972860 0.69707724425 0.71795407098 0.74321503131 0.91189979123 0.84739039665 0.86430062630 1.38789144050 1.22651356993 1.37327766179 0.78914405010 1.05511482254 1.16242171189 1.01461377870 1.22317327766 1.26597077244 1.14707724425 1.32025052192 0.89874739039 1.36784968684 1.75730688935 1.52317327766 1.33121085594 1.82463465553 2.02432150313 2.00793319415 2.99384133611 2.86137787056 2.61169102296 2.94822546972 4.62150313152 5.74697286012             1 -2701.219882381 33.6963071292   -2 
 609 0.00975164510 0.00792141460 -180.14824603 0.28469380548 0.00014675197 0.64173326562 0.87273500958 0.76553032169 0.78388400794 0.68032198385 0.69919232307 0.77139009757 0.65119276298 0.65909589938 0.70869333303 0.69700271268 0.84526628018 0.72831215304 0.71525005341 0.59953324142 0.77112652745 0.76988868520 0.70905186159 0.79057664157 0.82803406549 0.91394750760 0.84447349192 0.74214895123 1.10763463248 1.05913843254 1.02759903432 0.68245121745 0.94882037507 1.01444037335 0.81021020953 0.87192363399 1.00209370081 1.01773686972 1.22598979093 0.81679580505 1.23017772833 1.49694364444 1.35672823879 1.25604006825 1.33159453163 1.56042676905 1.59752660652 2.19352521152 2.31321564806 2.09384901269 2.36960264712 3.48640180784 3.37114991698 3.88984903121 -328.8525010831 0.00085046950   -8 
-- Local optimization: reached maximum number of likelihood evaluations allowed.
---- Best joint likelihood found -328.852501083187121 with gradient 0.00085

---- Results for RevisionsPolyDFE15/express4_-0.642601737891552_PolyDFE.input 
--  Model: C
--        eps_an     theta_bar             a 
-- 0.00975164510 0.00792141460            -1 
--           S_d             b           p_b           S_b 
-- -180.14824603 0.28469380548 0.00014675197 0.64173326562 
--           r 2           r 3           r 4           r 5           r 6           r 7           r 8           r 9          r 10          r 11          r 12          r 13          r 14          r 15          r 16          r 17          r 18          r 19          r 20          r 21          r 22          r 23          r 24          r 25          r 26          r 27          r 28          r 29          r 30          r 31          r 32          r 33          r 34          r 35          r 36          r 37          r 38          r 39          r 40          r 41          r 42          r 43          r 44          r 45          r 46          r 47          r 48          r 49 
-- 0.87273500958 0.76553032169 0.78388400794 0.68032198385 0.69919232307 0.77139009757 0.65119276298 0.65909589938 0.70869333303 0.69700271268 0.84526628018 0.72831215304 0.71525005341 0.59953324142 0.77112652745 0.76988868520 0.70905186159 0.79057664157 0.82803406549 0.91394750760 0.84447349192 0.74214895123 1.10763463248 1.05913843254 1.02759903432 0.68245121745 0.94882037507 1.01444037335 0.81021020953 0.87192363399 1.00209370081 1.01773686972 1.22598979093 0.81679580505 1.23017772833 1.49694364444 1.35672823879 1.25604006825 1.33159453163 1.56042676905 1.59752660652 2.19352521152 2.31321564806 2.09384901269 2.36960264712 3.48640180784 3.37114991698 3.88984903121 

---- Expected P_neut(i), 0 < i < n (neutral SFS per site) 
E[P_neut(1)] = 0.0078503000
E[P_neut(2)] = 0.0034283651
E[P_neut(3)] = 0.0020073795
E[P_neut(4)] = 0.0015412086
E[P_neut(5)] = 0.0010709063
E[P_neut(6)] = 0.0009181581
E[P_neut(7)] = 0.0008683567
E[P_neut(8)] = 0.0006414463
E[P_neut(9)] = 0.0005773909
E[P_neut(10)] = 0.0005584825
E[P_neut(11)] = 0.0004995248
E[P_neut(12)] = 0.0005552922
E[P_neut(13)] = 0.0004425870
E[P_neut(14)] = 0.0004033926
E[P_neut(15)] = 0.0003153253
E[P_neut(16)] = 0.0003808383
E[P_neut(17)] = 0.0003576256
E[P_neut(18)] = 0.0003114147
E[P_neut(19)] = 0.0003285630
E[P_neut(20)] = 0.0003268481
E[P_neut(21)] = 0.0003440906
E[P_neut(22)] = 0.0003037172
E[P_neut(23)] = 0.0002550630
E[P_neut(24)] = 0.0003650727
E[P_neut(25)] = 0.0003355950
E[P_neut(26)] = 0.0003135904
E[P_neut(27)] = 0.0002007615
E[P_neut(28)] = 0.0002687761
E[P_neut(29)] = 0.0002777564
E[P_neut(30)] = 0.0002150456
E[P_neut(31)] = 0.0002238437
E[P_neut(32)] = 0.0002486864
E[P_neut(33)] = 0.0002454165
E[P_neut(34)] = 0.0002865720
E[P_neut(35)] = 0.0001861470
E[P_neut(36)] = 0.0002719943
E[P_neut(37)] = 0.0003216865
E[P_neut(38)] = 0.0002855044
E[P_neut(39)] = 0.0002575251
E[P_neut(40)] = 0.0002666057
E[P_neut(41)] = 0.0003041997
E[P_neut(42)] = 0.0003046513
E[P_neut(43)] = 0.0004086609
E[P_neut(44)] = 0.0004213938
E[P_neut(45)] = 0.0003754995
E[P_neut(46)] = 0.0004192155
E[P_neut(47)] = 0.0006015822
E[P_neut(48)] = 0.0005846219
E[P_neut(49)] = 0.0006999535

---- Expected P_sel(i), 0 < i < n (selected SFS per site) 
E[P_sel(1)] = 0.0043951744
E[P_sel(2)] = 0.0015086566
E[P_sel(3)] = 0.0007734524
E[P_sel(4)] = 0.0005439776
E[P_sel(5)] = 0.0003541014
E[P_sel(6)] = 0.0002883331
E[P_sel(7)] = 0.0002614589
E[P_sel(8)] = 0.0001863818
E[P_sel(9)] = 0.0001626550
E[P_sel(10)] = 0.0001531422
E[P_sel(11)] = 0.0001336880
E[P_sel(12)] = 0.0001454065
E[P_sel(13)] = 0.0001135631
E[P_sel(14)] = 0.0001016528
E[P_sel(15)] = 0.0000781495
E[P_sel(16)] = 0.0000929015
E[P_sel(17)] = 0.0000859896
E[P_sel(18)] = 0.0000738556
E[P_sel(19)] = 0.0000769423
E[P_sel(20)] = 0.0000756231
E[P_sel(21)] = 0.0000786985
E[P_sel(22)] = 0.0000687133
E[P_sel(23)] = 0.0000571169
E[P_sel(24)] = 0.0000809510
E[P_sel(25)] = 0.0000737200
E[P_sel(26)] = 0.0000682746
E[P_sel(27)] = 0.0000433393
E[P_sel(28)] = 0.0000575446
E[P_sel(29)] = 0.0000590048
E[P_sel(30)] = 0.0000453510
E[P_sel(31)] = 0.0000468635
E[P_sel(32)] = 0.0000516869
E[P_sel(33)] = 0.0000506802
E[P_sel(34)] = 0.0000587823
E[P_sel(35)] = 0.0000379735
E[P_sel(36)] = 0.0000551275
E[P_sel(37)] = 0.0000648021
E[P_sel(38)] = 0.0000572906
E[P_sel(39)] = 0.0000514061
E[P_sel(40)] = 0.0000529853
E[P_sel(41)] = 0.0000601239
E[P_sel(42)] = 0.0000600026
E[P_sel(43)] = 0.0000801689
E[P_sel(44)] = 0.0000823910
E[P_sel(45)] = 0.0000735359
E[P_sel(46)] = 0.0000825216
E[P_sel(47)] = 0.0001181925
E[P_sel(48)] = 0.0001190508
E[P_sel(49)] = 0.0001605049

---- alpha_dfe = 0.001089

