---- Running command
---- ./polyDFE -d RevisionsPolyDFE15/express13_0.900783059548753_PolyDFE.input -m C -i /home/jejames/ArabidopsisCrossGenome/model.txt 1 -e 
---- Performing inference using model C

---- Performing inference on RevisionsPolyDFE15/express13_0.900783059548753_PolyDFE.input
----      with -i /home/jejames/ArabidopsisCrossGenome/model.txt 1
---- Data RevisionsPolyDFE15/express13_0.900783059548753_PolyDFE.input does not contain divergence counts. Using option -w.
---- No mutation variability. Using Poisson likelihood.


---- Calculating initial values

-- Starting local optimization
-- Optimizing all parameters
  it        eps_an     theta_bar           S_d             b           p_b           S_b           r 2           r 3           r 4           r 5           r 6           r 7           r 8           r 9          r 10          r 11          r 12          r 13          r 14          r 15          r 16          r 17          r 18          r 19          r 20          r 21          r 22          r 23          r 24          r 25          r 26          r 27          r 28          r 29          r 30          r 31          r 32          r 33          r 34          r 35          r 36          r 37          r 38          r 39          r 40          r 41          r 42          r 43          r 44          r 45          r 46          r 47          r 48          r 49           ln lk          grad status 
   0           0.1 0.00970081028        -20000         0.406           0.1            20 0.78775674587 0.68777688280 0.76480064438 0.64387837293 0.63793797825 0.69281111558 0.55900120821 0.63250100684 0.62827225130 0.64790575916 0.78292388240 0.58638743455 0.41723721304 0.63280306081 0.67015706806 0.64015304067 0.59806685461 0.79963753523 0.48530004027 0.73580346355 0.54490535642 0.75956504228 0.70559806685 0.98167539267 0.80628272251 0.84816753926 1.05436971405 0.96939186467 0.99375755134 0.75533628674 0.80547724526 1.08316552557 1.31453886427 1.16643173580 0.95690696737 1.60934353604 1.49979863068 1.51178010471 1.67539267015 2.15485300040 2.39347563431 2.62797019734 2.76439790575 3.22140555779 2.82984293193 4.98298429319 5.45146999597             1 -2746.667318138 28.3591303604   -2 
 824 0.00000650926 0.00849527387 -892.86245240 0.26725322492 0.00002573444 0.11361111680 0.76565653570 0.68765865450 0.73801151994 0.69462439384 0.67297193198 0.74666595750 0.59762597282 0.72165743510 0.60601823176 0.67362005862 0.69267079211 0.51559307456 0.47954963959 0.61928436735 0.60588810288 0.55762652952 0.55537555788 0.72131682691 0.56951805063 0.69136889976 0.62007303676 0.75101166596 0.72112138076 0.82244146717 0.74387612131 0.83467199668 0.88384281475 1.01484037070 0.93592019927 0.60614480414 0.73494347767 0.88962109113 1.05288569816 1.08648543974 0.87575713727 1.32172390660 1.25245981464 1.22153468018 1.34676035843 1.89897423155 1.82878539839 1.97461457382 2.27732100564 2.25549681383 2.01762298970 3.39645589945 3.25208290067 3.95020683425 -308.4567632784 0.00009603885    0 
---- Best joint likelihood found -308.456763278489689 with gradient 0.00010

---- Results for RevisionsPolyDFE15/express13_0.900783059548753_PolyDFE.input 
--  Model: C
--        eps_an     theta_bar             a 
-- 0.00000650926 0.00849527387            -1 
--           S_d             b           p_b           S_b 
-- -892.86245240 0.26725322492 0.00002573444 0.11361111680 
--           r 2           r 3           r 4           r 5           r 6           r 7           r 8           r 9          r 10          r 11          r 12          r 13          r 14          r 15          r 16          r 17          r 18          r 19          r 20          r 21          r 22          r 23          r 24          r 25          r 26          r 27          r 28          r 29          r 30          r 31          r 32          r 33          r 34          r 35          r 36          r 37          r 38          r 39          r 40          r 41          r 42          r 43          r 44          r 45          r 46          r 47          r 48          r 49 
-- 0.76565653570 0.68765865450 0.73801151994 0.69462439384 0.67297193198 0.74666595750 0.59762597282 0.72165743510 0.60601823176 0.67362005862 0.69267079211 0.51559307456 0.47954963959 0.61928436735 0.60588810288 0.55762652952 0.55537555788 0.72131682691 0.56951805063 0.69136889976 0.62007303676 0.75101166596 0.72112138076 0.82244146717 0.74387612131 0.83467199668 0.88384281475 1.01484037070 0.93592019927 0.60614480414 0.73494347767 0.88962109113 1.05288569816 1.08648543974 0.87575713727 1.32172390660 1.25245981464 1.22153468018 1.34676035843 1.89897423155 1.82878539839 1.97461457382 2.27732100564 2.25549681383 2.01762298970 3.39645589945 3.25208290067 3.95020683425 

---- Expected P_neut(i), 0 < i < n (neutral SFS per site) 
E[P_neut(1)] = 0.0084952230
E[P_neut(2)] = 0.0032522136
E[P_neut(3)] = 0.0019472742
E[P_neut(4)] = 0.0015673947
E[P_neut(5)] = 0.0011802000
E[P_neut(6)] = 0.0009528435
E[P_neut(7)] = 0.0009061583
E[P_neut(8)] = 0.0006346228
E[P_neut(9)] = 0.0006811845
E[P_neut(10)] = 0.0005148276
E[P_neut(11)] = 0.0005202335
E[P_neut(12)] = 0.0004903676
E[P_neut(13)] = 0.0003369309
E[P_neut(14)] = 0.0002909927
E[P_neut(15)] = 0.0003507321
E[P_neut(16)] = 0.0003216987
E[P_neut(17)] = 0.0002786579
E[P_neut(18)] = 0.0002621144
E[P_neut(19)] = 0.0003225139
E[P_neut(20)] = 0.0002419107
E[P_neut(21)] = 0.0002796843
E[P_neut(22)] = 0.0002394407
E[P_neut(23)] = 0.0002773934
E[P_neut(24)] = 0.0002552551
E[P_neut(25)] = 0.0002794746
E[P_neut(26)] = 0.0002430551
E[P_neut(27)] = 0.0002626211
E[P_neut(28)] = 0.0002681601
E[P_neut(29)] = 0.0002972877
E[P_neut(30)] = 0.0002650298
E[P_neut(31)] = 0.0001661096
E[P_neut(32)] = 0.0001951113
E[P_neut(33)] = 0.0002290177
E[P_neut(34)] = 0.0002630755
E[P_neut(35)] = 0.0002637146
E[P_neut(36)] = 0.0002066616
E[P_neut(37)] = 0.0003034707
E[P_neut(38)] = 0.0002800011
E[P_neut(39)] = 0.0002660855
E[P_neut(40)] = 0.0002860289
E[P_neut(41)] = 0.0003934728
E[P_neut(42)] = 0.0003699073
E[P_neut(43)] = 0.0003901171
E[P_neut(44)] = 0.0004396957
E[P_neut(45)] = 0.0004258063
E[P_neut(46)] = 0.0003726221
E[P_neut(47)] = 0.0006139198
E[P_neut(48)] = 0.0005755869
E[P_neut(49)] = 0.0006849098

---- Expected P_sel(i), 0 < i < n (selected SFS per site) 
E[P_sel(1)] = 0.0033641083
E[P_sel(2)] = 0.0009825665
E[P_sel(3)] = 0.0005151815
E[P_sel(4)] = 0.0003807066
E[P_sel(5)] = 0.0002693056
E[P_sel(6)] = 0.0002070395
E[P_sel(7)] = 0.0001891538
E[P_sel(8)] = 0.0001280570
E[P_sel(9)] = 0.0001334825
E[P_sel(10)] = 0.0000983163
E[P_sel(11)] = 0.0000970909
E[P_sel(12)] = 0.0000896396
E[P_sel(13)] = 0.0000604403
E[P_sel(14)] = 0.0000513045
E[P_sel(15)] = 0.0000608574
E[P_sel(16)] = 0.0000549981
E[P_sel(17)] = 0.0000469852
E[P_sel(18)] = 0.0000436265
E[P_sel(19)] = 0.0000530286
E[P_sel(20)] = 0.0000393202
E[P_sel(21)] = 0.0000449669
E[P_sel(22)] = 0.0000381001
E[P_sel(23)] = 0.0000437062
E[P_sel(24)] = 0.0000398415
E[P_sel(25)] = 0.0000432311
E[P_sel(26)] = 0.0000372748
E[P_sel(27)] = 0.0000399437
E[P_sel(28)] = 0.0000404630
E[P_sel(29)] = 0.0000445160
E[P_sel(30)] = 0.0000393937
E[P_sel(31)] = 0.0000245150
E[P_sel(32)] = 0.0000285974
E[P_sel(33)] = 0.0000333439
E[P_sel(34)] = 0.0000380559
E[P_sel(35)] = 0.0000379101
E[P_sel(36)] = 0.0000295283
E[P_sel(37)] = 0.0000431051
E[P_sel(38)] = 0.0000395436
E[P_sel(39)] = 0.0000373688
E[P_sel(40)] = 0.0000399514
E[P_sel(41)] = 0.0000546677
E[P_sel(42)] = 0.0000511282
E[P_sel(43)] = 0.0000536499
E[P_sel(44)] = 0.0000601704
E[P_sel(45)] = 0.0000579896
E[P_sel(46)] = 0.0000505084
E[P_sel(47)] = 0.0000828329
E[P_sel(48)] = 0.0000773132
E[P_sel(49)] = 0.0000916021

---- alpha_dfe = 0.000206

