---- Running command
---- ./polyDFE -d RevisionsPolyDFE15/express1_-2.25984463860603_PolyDFE.input -m C -i /home/jejames/ArabidopsisCrossGenome/model.txt 1 -e 
---- Performing inference using model C

---- Performing inference on RevisionsPolyDFE15/express1_-2.25984463860603_PolyDFE.input
----      with -i /home/jejames/ArabidopsisCrossGenome/model.txt 1
---- Data RevisionsPolyDFE15/express1_-2.25984463860603_PolyDFE.input does not contain divergence counts. Using option -w.
---- No mutation variability. Using Poisson likelihood.


---- Calculating initial values

-- Starting local optimization
-- Optimizing all parameters
  it        eps_an     theta_bar           S_d             b           p_b           S_b           r 2           r 3           r 4           r 5           r 6           r 7           r 8           r 9          r 10          r 11          r 12          r 13          r 14          r 15          r 16          r 17          r 18          r 19          r 20          r 21          r 22          r 23          r 24          r 25          r 26          r 27          r 28          r 29          r 30          r 31          r 32          r 33          r 34          r 35          r 36          r 37          r 38          r 39          r 40          r 41          r 42          r 43          r 44          r 45          r 46          r 47          r 48          r 49           ln lk          grad status 
   0           0.1 0.00979213685        -20000         0.208           0.1            20 0.85344467640 0.73121085594 0.73486430062 0.69519832985 0.64634655532 0.73288100208 0.61711899791 0.71398747390 0.58141962421 0.60396659707           0.6 0.62693110647 0.60647181628 0.70929018789 0.87014613778 0.76482254697 0.66513569937 0.73778705636 0.99164926931 0.77379958246 0.57870563674 0.90751565762 0.92693110647 0.99164926931 0.78705636743 0.79478079331 1.01711899791 1.14123173277 1.11169102296 1.25553235908 1.02212943632 1.23663883089 1.30960334029 1.15814196242 1.40918580375 1.53716075156 1.23361169102 1.68538622129 1.55741127348 2.22546972860 2.15260960334 2.09613778705 2.24133611691 2.57411273486 3.07306889352 3.80219206680 6.37327766179             1 -3063.646553896 20.9365579586   -2 
 202 0.00375334976 0.00864605155 -53.355837889 0.34761175801 0.00006326296  0.3415182047 0.81530639985 0.77208850595 0.67194761031 0.67640769105 0.64871579400 0.71673242166 0.65270277981 0.71099294001 0.58331427650 0.68240746143 0.56462550873 0.68174066382 0.58684123051 0.67871037918 0.78405903023 0.72195509452 0.71143560517 0.60544498468 0.87130681358 0.78762151166 0.67957257285 0.76551527670 0.94004665123 0.80923050253 0.73103527904 0.72805077630 0.87186061431 0.90691477404 1.06386370487 0.99365792348 0.97097031397 0.92998978735 0.97692169269 0.97788111817 0.99380018952 1.14389480279 1.09113752903 1.37684805251 1.54885019008 1.57037036305 1.71195897247 1.63075639919 1.85997267349 1.83681384022 2.29040778820 2.54435911986 3.98544634009 4.29452410429 -313.4850920019 0.00039865975   -8 
-- Local optimization: reached maximum number of likelihood evaluations allowed.
---- Best joint likelihood found -313.485092001922965 with gradient 0.00040

---- Results for RevisionsPolyDFE15/express1_-2.25984463860603_PolyDFE.input 
--  Model: C
--        eps_an     theta_bar             a 
-- 0.00375334976 0.00864605155            -1 
--           S_d             b           p_b           S_b 
-- -53.355837889 0.34761175801 0.00006326296  0.3415182047 
--           r 2           r 3           r 4           r 5           r 6           r 7           r 8           r 9          r 10          r 11          r 12          r 13          r 14          r 15          r 16          r 17          r 18          r 19          r 20          r 21          r 22          r 23          r 24          r 25          r 26          r 27          r 28          r 29          r 30          r 31          r 32          r 33          r 34          r 35          r 36          r 37          r 38          r 39          r 40          r 41          r 42          r 43          r 44          r 45          r 46          r 47          r 48          r 49 
-- 0.81530639985 0.77208850595 0.67194761031 0.67640769105 0.64871579400 0.71673242166 0.65270277981 0.71099294001 0.58331427650 0.68240746143 0.56462550873 0.68174066382 0.58684123051 0.67871037918 0.78405903023 0.72195509452 0.71143560517 0.60544498468 0.87130681358 0.78762151166 0.67957257285 0.76551527670 0.94004665123 0.80923050253 0.73103527904 0.72805077630 0.87186061431 0.90691477404 1.06386370487 0.99365792348 0.97097031397 0.92998978735 0.97692169269 0.97788111817 0.99380018952 1.14389480279 1.09113752903 1.37684805251 1.54885019008 1.57037036305 1.71195897247 1.63075639919 1.85997267349 1.83681384022 2.29040778820 2.54435911986 3.98544634009 4.29452410429 

---- Expected P_neut(i), 0 < i < n (neutral SFS per site) 
E[P_neut(1)] = 0.0086164441
E[P_neut(2)] = 0.0035140560
E[P_neut(3)] = 0.0022185773
E[P_neut(4)] = 0.0014485878
E[P_neut(5)] = 0.0011665857
E[P_neut(6)] = 0.0009326682
E[P_neut(7)] = 0.0008831802
E[P_neut(8)] = 0.0007040878
E[P_neut(9)] = 0.0006817106
E[P_neut(10)] = 0.0005037001
E[P_neut(11)] = 0.0005355079
E[P_neut(12)] = 0.0004062200
E[P_neut(13)] = 0.0004527141
E[P_neut(14)] = 0.0003619541
E[P_neut(15)] = 0.0003906493
E[P_neut(16)] = 0.0004230306
E[P_neut(17)] = 0.0003667164
E[P_neut(18)] = 0.0003414303
E[P_neut(19)] = 0.0002755171
E[P_neut(20)] = 0.0003764052
E[P_neut(21)] = 0.0003240747
E[P_neut(22)] = 0.0002670817
E[P_neut(23)] = 0.0002875639
E[P_neut(24)] = 0.0003382952
E[P_neut(25)] = 0.0002798659
E[P_neut(26)] = 0.0002434574
E[P_neut(27)] = 0.0002333445
E[P_neut(28)] = 0.0002692117
E[P_neut(29)] = 0.0002705896
E[P_neut(30)] = 0.0003068703
E[P_neut(31)] = 0.0002771300
E[P_neut(32)] = 0.0002626436
E[P_neut(33)] = 0.0002441224
E[P_neut(34)] = 0.0002490847
E[P_neut(35)] = 0.0002421277
E[P_neut(36)] = 0.0002391435
E[P_neut(37)] = 0.0002680005
E[P_neut(38)] = 0.0002488591
E[P_neut(39)] = 0.0003061060
E[P_neut(40)] = 0.0003354223
E[P_neut(41)] = 0.0003324793
E[P_neut(42)] = 0.0003537460
E[P_neut(43)] = 0.0003299898
E[P_neut(44)] = 0.0003676237
E[P_neut(45)] = 0.0003559808
E[P_neut(46)] = 0.0004343353
E[P_neut(47)] = 0.0004746517
E[P_neut(48)] = 0.0007284174
E[P_neut(49)] = 0.0007873764

---- Expected P_sel(i), 0 < i < n (selected SFS per site) 
E[P_sel(1)] = 0.0059613544
E[P_sel(2)] = 0.0019727930
E[P_sel(3)] = 0.0010888912
E[P_sel(4)] = 0.0006459048
E[P_sel(5)] = 0.0004833827
E[P_sel(6)] = 0.0003642881
E[P_sel(7)] = 0.0003284667
E[P_sel(8)] = 0.0002510810
E[P_sel(9)] = 0.0002344118
E[P_sel(10)] = 0.0001676767
E[P_sel(11)] = 0.0001732223
E[P_sel(12)] = 0.0001280161
E[P_sel(13)] = 0.0001393210
E[P_sel(14)] = 0.0001089778
E[P_sel(15)] = 0.0001152717
E[P_sel(16)] = 0.0001225097
E[P_sel(17)] = 0.0001043515
E[P_sel(18)] = 0.0000955678
E[P_sel(19)] = 0.0000759271
E[P_sel(20)] = 0.0001022369
E[P_sel(21)] = 0.0000868145
E[P_sel(22)] = 0.0000706111
E[P_sel(23)] = 0.0000750856
E[P_sel(24)] = 0.0000872855
E[P_sel(25)] = 0.0000713905
E[P_sel(26)] = 0.0000614315
E[P_sel(27)] = 0.0000582672
E[P_sel(28)] = 0.0000665479
E[P_sel(29)] = 0.0000662490
E[P_sel(30)] = 0.0000744367
E[P_sel(31)] = 0.0000666134
E[P_sel(32)] = 0.0000625977
E[P_sel(33)] = 0.0000577076
E[P_sel(34)] = 0.0000584175
E[P_sel(35)] = 0.0000563405
E[P_sel(36)] = 0.0000552213
E[P_sel(37)] = 0.0000614472
E[P_sel(38)] = 0.0000566518
E[P_sel(39)] = 0.0000692210
E[P_sel(40)] = 0.0000753163
E[P_sel(41)] = 0.0000742593
E[P_sel(42)] = 0.0000785187
E[P_sel(43)] = 0.0000729480
E[P_sel(44)] = 0.0000808015
E[P_sel(45)] = 0.0000780472
E[P_sel(46)] = 0.0000948589
E[P_sel(47)] = 0.0001040010
E[P_sel(48)] = 0.0001597718
E[P_sel(49)] = 0.0001823579

---- alpha_dfe = 0.000359

