---- Running command
---- ./polyDFE -d RevisionsPolyDFE15/express9_0.336162452141767_PolyDFE.input -m C -i /home/jejames/ArabidopsisCrossGenome/model.txt 1 -e 
---- Performing inference using model C

---- Performing inference on RevisionsPolyDFE15/express9_0.336162452141767_PolyDFE.input
----      with -i /home/jejames/ArabidopsisCrossGenome/model.txt 1
---- Data RevisionsPolyDFE15/express9_0.336162452141767_PolyDFE.input does not contain divergence counts. Using option -w.
---- No mutation variability. Using Poisson likelihood.


---- Calculating initial values

-- Starting local optimization
-- Optimizing all parameters
  it        eps_an     theta_bar           S_d             b           p_b           S_b           r 2           r 3           r 4           r 5           r 6           r 7           r 8           r 9          r 10          r 11          r 12          r 13          r 14          r 15          r 16          r 17          r 18          r 19          r 20          r 21          r 22          r 23          r 24          r 25          r 26          r 27          r 28          r 29          r 30          r 31          r 32          r 33          r 34          r 35          r 36          r 37          r 38          r 39          r 40          r 41          r 42          r 43          r 44          r 45          r 46          r 47          r 48          r 49           ln lk          grad status 
   0           0.1 0.00876478938        -60000         0.208           0.1            20 0.80955859334 0.75070437232 0.61108212459 0.63810915162 0.77387039549 0.72753834916 0.68204111447 0.59542940624 0.65428362725 0.87237816967 0.63988312636 0.63758739434 0.70124178232 0.72472085985 0.65950120004 0.69717207555 0.89596159866 0.65824898257 0.82646352916 0.76917457998 0.69331107168 0.82802880100 0.71877282688 0.99133882917 0.71355525409 0.63393509339 0.92914536157 0.84430762809 1.13951789627 1.12574350412 0.97839924866 1.16049253887 1.25952207033 1.19430241051 1.20212876969 1.50579150579 1.74079098403 1.79067097986 1.84910779505 2.16487530001 2.42366691015 2.53073150370 2.95690284879 3.22602525305 2.95690284879 4.62005634978 5.76520922466             1 -2655.663302749 37.8238750779   -2 
 678 0.00017886729 0.00755201128 -553.60006879 0.25444642384 0.00007840529 0.38750114578 0.80644238089 0.76335252820 0.70912204334 0.74423302601 0.78470742785 0.79396683715 0.71896634071 0.64293154134 0.61872909535 0.75170628537 0.77567846709 0.64382713286 0.67820295036 0.73953121758 0.61773603914 0.64333913712 0.75832365966 0.63998283627 0.67714273986 0.71449200265 0.66078846524 0.76565556033 0.72703052260 0.99625149939 0.69787800141 0.69878116278 0.90528867341 0.81730183470 1.02423714379 0.92887939759 0.82420082840 0.94120341636 0.95402412001 1.04141853208 1.28875808842 1.22721607220 1.49117843926 1.47002284673 1.48926772867 1.70980807157 1.82440335481 2.06109586180 2.04025775826 2.21507283184 2.26819526239 3.31313120225 3.70825690714 4.90202748347 -316.8330251319 0.00041443865   -8 
-- Local optimization: reached maximum number of likelihood evaluations allowed.
---- Best joint likelihood found -316.833025131906140 with gradient 0.00041

---- Results for RevisionsPolyDFE15/express9_0.336162452141767_PolyDFE.input 
--  Model: C
--        eps_an     theta_bar             a 
-- 0.00017886729 0.00755201128            -1 
--           S_d             b           p_b           S_b 
-- -553.60006879 0.25444642384 0.00007840529 0.38750114578 
--           r 2           r 3           r 4           r 5           r 6           r 7           r 8           r 9          r 10          r 11          r 12          r 13          r 14          r 15          r 16          r 17          r 18          r 19          r 20          r 21          r 22          r 23          r 24          r 25          r 26          r 27          r 28          r 29          r 30          r 31          r 32          r 33          r 34          r 35          r 36          r 37          r 38          r 39          r 40          r 41          r 42          r 43          r 44          r 45          r 46          r 47          r 48          r 49 
-- 0.80644238089 0.76335252820 0.70912204334 0.74423302601 0.78470742785 0.79396683715 0.71896634071 0.64293154134 0.61872909535 0.75170628537 0.77567846709 0.64382713286 0.67820295036 0.73953121758 0.61773603914 0.64333913712 0.75832365966 0.63998283627 0.67714273986 0.71449200265 0.66078846524 0.76565556033 0.72703052260 0.99625149939 0.69787800141 0.69878116278 0.90528867341 0.81730183470 1.02423714379 0.92887939759 0.82420082840 0.94120341636 0.95402412001 1.04141853208 1.28875808842 1.22721607220 1.49117843926 1.47002284673 1.48926772867 1.70980807157 1.82440335481 2.06109586180 2.04025775826 2.21507283184 2.26819526239 3.31313120225 3.70825690714 4.90202748347 

---- Expected P_neut(i), 0 < i < n (neutral SFS per site) 
E[P_neut(1)] = 0.0075507956
E[P_neut(2)] = 0.0030446907
E[P_neut(3)] = 0.0019213671
E[P_neut(4)] = 0.0013386516
E[P_neut(5)] = 0.0011239567
E[P_neut(6)] = 0.0009875725
E[P_neut(7)] = 0.0008564896
E[P_neut(8)] = 0.0006786425
E[P_neut(9)] = 0.0005394516
E[P_neut(10)] = 0.0004672316
E[P_neut(11)] = 0.0005160399
E[P_neut(12)] = 0.0004881267
E[P_neut(13)] = 0.0003739925
E[P_neut(14)] = 0.0003658255
E[P_neut(15)] = 0.0003723035
E[P_neut(16)] = 0.0002915576
E[P_neut(17)] = 0.0002857818
E[P_neut(18)] = 0.0003181373
E[P_neut(19)] = 0.0002543717
E[P_neut(20)] = 0.0002556899
E[P_neut(21)] = 0.0002569374
E[P_neut(22)] = 0.0002268341
E[P_neut(23)] = 0.0002513917
E[P_neut(24)] = 0.0002287680
E[P_neut(25)] = 0.0003009481
E[P_neut(26)] = 0.0002027117
E[P_neut(27)] = 0.0001954620
E[P_neut(28)] = 0.0002441666
E[P_neut(29)] = 0.0002128449
E[P_neut(30)] = 0.0002578346
E[P_neut(31)] = 0.0002262924
E[P_neut(32)] = 0.0001945338
E[P_neut(33)] = 0.0002154059
E[P_neut(34)] = 0.0002119202
E[P_neut(35)] = 0.0002247351
E[P_neut(36)] = 0.0002703703
E[P_neut(37)] = 0.0002505072
E[P_neut(38)] = 0.0002963868
E[P_neut(39)] = 0.0002846986
E[P_neut(40)] = 0.0002812075
E[P_neut(41)] = 0.0003149789
E[P_neut(42)] = 0.0003281083
E[P_neut(43)] = 0.0003620750
E[P_neut(44)] = 0.0003502970
E[P_neut(45)] = 0.0003718736
E[P_neut(46)] = 0.0003725519
E[P_neut(47)] = 0.0005326060
E[P_neut(48)] = 0.0005838736
E[P_neut(49)] = 0.0007567293

---- Expected P_sel(i), 0 < i < n (selected SFS per site) 
E[P_sel(1)] = 0.0034425978
E[P_sel(2)] = 0.0010832042
E[P_sel(3)] = 0.0006034597
E[P_sel(4)] = 0.0003878333
E[P_sel(5)] = 0.0003069380
E[P_sel(6)] = 0.0002574672
E[P_sel(7)] = 0.0002149561
E[P_sel(8)] = 0.0001649282
E[P_sel(9)] = 0.0001275030
E[P_sel(10)] = 0.0001077626
E[P_sel(11)] = 0.0001164492
E[P_sel(12)] = 0.0001080020
E[P_sel(13)] = 0.0000812785
E[P_sel(14)] = 0.0000782069
E[P_sel(15)] = 0.0000783929
E[P_sel(16)] = 0.0000605314
E[P_sel(17)] = 0.0000585568
E[P_sel(18)] = 0.0000643878
E[P_sel(19)] = 0.0000508883
E[P_sel(20)] = 0.0000505947
E[P_sel(21)] = 0.0000503171
E[P_sel(22)] = 0.0000439863
E[P_sel(23)] = 0.0000482935
E[P_sel(24)] = 0.0000435558
E[P_sel(25)] = 0.0000568100
E[P_sel(26)] = 0.0000379534
E[P_sel(27)] = 0.0000363092
E[P_sel(28)] = 0.0000450146
E[P_sel(29)] = 0.0000389554
E[P_sel(30)] = 0.0000468590
E[P_sel(31)] = 0.0000408486
E[P_sel(32)] = 0.0000348867
E[P_sel(33)] = 0.0000383852
E[P_sel(34)] = 0.0000375327
E[P_sel(35)] = 0.0000395661
E[P_sel(36)] = 0.0000473254
E[P_sel(37)] = 0.0000436031
E[P_sel(38)] = 0.0000513081
E[P_sel(39)] = 0.0000490238
E[P_sel(40)] = 0.0000481722
E[P_sel(41)] = 0.0000536861
E[P_sel(42)] = 0.0000556511
E[P_sel(43)] = 0.0000611202
E[P_sel(44)] = 0.0000588590
E[P_sel(45)] = 0.0000622022
E[P_sel(46)] = 0.0000620447
E[P_sel(47)] = 0.0000883204
E[P_sel(48)] = 0.0000964549
E[P_sel(49)] = 0.0001247451

---- alpha_dfe = 0.000586

