---- Running command
---- ./polyDFE -d RevisionsPolyDFE15/express12_0.742005591453786_PolyDFE.input -m C -i /home/jejames/ArabidopsisCrossGenome/model.txt 1 -e 
---- Performing inference using model C

---- Performing inference on RevisionsPolyDFE15/express12_0.742005591453786_PolyDFE.input
----      with -i /home/jejames/ArabidopsisCrossGenome/model.txt 1
---- Data RevisionsPolyDFE15/express12_0.742005591453786_PolyDFE.input does not contain divergence counts. Using option -w.
---- No mutation variability. Using Poisson likelihood.


---- Calculating initial values

-- Starting local optimization
-- Optimizing all parameters
  it        eps_an     theta_bar           S_d             b           p_b           S_b           r 2           r 3           r 4           r 5           r 6           r 7           r 8           r 9          r 10          r 11          r 12          r 13          r 14          r 15          r 16          r 17          r 18          r 19          r 20          r 21          r 22          r 23          r 24          r 25          r 26          r 27          r 28          r 29          r 30          r 31          r 32          r 33          r 34          r 35          r 36          r 37          r 38          r 39          r 40          r 41          r 42          r 43          r 44          r 45          r 46          r 47          r 48          r 49           ln lk          grad status 
   0           0.1 0.00981467333        -80000         0.208           0.1            20 0.86461602845 0.75737602008 0.72232684662 0.71196903117 0.68047708725 0.67744297970 0.76668759154 0.61864406779 0.67064239380 0.73080142289 0.65411173885 0.50596359070 0.71039966520 0.65599497802 0.81188533165 0.75768989328 0.69303201506 0.72954593011 0.69052102950 0.77997489014 0.57543419125 0.78206737811 0.74325172630 1.02008788449 0.93576061937 0.57909604519 0.73237078886 0.95574387947 0.78468298807 1.11247122829 0.91065076375 1.08411801632 1.29838878426 1.47206528562 1.37476459510 1.50198786356 1.46704331450 1.77495291902 1.37685708307 1.68581293157 2.47834274952 2.54184975936 2.55953128269 2.67890772128 3.53253818790 4.50920694706 5.56434400502             1 -2596.131656784 38.3801233123   -2 
 533 0.00000391017 0.00859293250 -910.29169073 0.24358248713 0.00008193142 0.32424939045 0.82366384206 0.77522334007 0.78685147719 0.69845810451 0.74442143550 0.67109896379 0.77894514452 0.68778719934 0.70946606377 0.69052398783 0.75410848205 0.57528911044 0.68090825643 0.60446016172 0.74736541874 0.72849904131 0.71950238571 0.74349167803 0.79681698848 0.70772914080 0.60493744508 0.76933322448 0.74190254814 0.84246758313 0.82339470440 0.55254962160 0.62015425539 0.77008738645 0.63585188315 0.89535011432 0.82184526787 0.92215528193 1.00850161037 1.02134552257 0.99340388611 1.24839222541 1.24279495660 1.43002281208 1.13571131378 1.41790122158 1.71371288226 1.95048775768 1.99957088709 2.25106448205 2.33106314007 2.73046565850 3.28137199996 5.10261646961 -312.6846052950 0.00082186673   -8 
-- Local optimization: reached maximum number of likelihood evaluations allowed.
---- Best joint likelihood found -312.684605295044264 with gradient 0.00082

---- Results for RevisionsPolyDFE15/express12_0.742005591453786_PolyDFE.input 
--  Model: C
--        eps_an     theta_bar             a 
-- 0.00000391017 0.00859293250            -1 
--           S_d             b           p_b           S_b 
-- -910.29169073 0.24358248713 0.00008193142 0.32424939045 
--           r 2           r 3           r 4           r 5           r 6           r 7           r 8           r 9          r 10          r 11          r 12          r 13          r 14          r 15          r 16          r 17          r 18          r 19          r 20          r 21          r 22          r 23          r 24          r 25          r 26          r 27          r 28          r 29          r 30          r 31          r 32          r 33          r 34          r 35          r 36          r 37          r 38          r 39          r 40          r 41          r 42          r 43          r 44          r 45          r 46          r 47          r 48          r 49 
-- 0.82366384206 0.77522334007 0.78685147719 0.69845810451 0.74442143550 0.67109896379 0.77894514452 0.68778719934 0.70946606377 0.69052398783 0.75410848205 0.57528911044 0.68090825643 0.60446016172 0.74736541874 0.72849904131 0.71950238571 0.74349167803 0.79681698848 0.70772914080 0.60493744508 0.76933322448 0.74190254814 0.84246758313 0.82339470440 0.55254962160 0.62015425539 0.77008738645 0.63585188315 0.89535011432 0.82184526787 0.92215528193 1.00850161037 1.02134552257 0.99340388611 1.24839222541 1.24279495660 1.43002281208 1.13571131378 1.41790122158 1.71371288226 1.95048775768 1.99957088709 2.25106448205 2.33106314007 2.73046565850 3.28137199996 5.10261646961 

---- Expected P_neut(i), 0 < i < n (neutral SFS per site) 
E[P_neut(1)] = 0.0085929024
E[P_neut(2)] = 0.0035388324
E[P_neut(3)] = 0.0022204739
E[P_neut(4)] = 0.0016903355
E[P_neut(5)] = 0.0012003577
E[P_neut(6)] = 0.0010661245
E[P_neut(7)] = 0.0008238137
E[P_neut(8)] = 0.0008366760
E[P_neut(9)] = 0.0006566774
E[P_neut(10)] = 0.0006096380
E[P_neut(11)] = 0.0005394197
E[P_neut(12)] = 0.0005399993
E[P_neut(13)] = 0.0003802628
E[P_neut(14)] = 0.0004179278
E[P_neut(15)] = 0.0003462720
E[P_neut(16)] = 0.0004013782
E[P_neut(17)] = 0.0003682314
E[P_neut(18)] = 0.0003434793
E[P_neut(19)] = 0.0003362509
E[P_neut(20)] = 0.0003423491
E[P_neut(21)] = 0.0002895935
E[P_neut(22)] = 0.0002362810
E[P_neut(23)] = 0.0002874269
E[P_neut(24)] = 0.0002656300
E[P_neut(25)] = 0.0002895707
E[P_neut(26)] = 0.0002721298
E[P_neut(27)] = 0.0001758531
E[P_neut(28)] = 0.0001903196
E[P_neut(29)] = 0.0002281833
E[P_neut(30)] = 0.0001821284
E[P_neut(31)] = 0.0002481837
E[P_neut(32)] = 0.0002206899
E[P_neut(33)] = 0.0002401223
E[P_neut(34)] = 0.0002548825
E[P_neut(35)] = 0.0002507533
E[P_neut(36)] = 0.0002371188
E[P_neut(37)] = 0.0002899287
E[P_neut(38)] = 0.0002810340
E[P_neut(39)] = 0.0003150801
E[P_neut(40)] = 0.0002439787
E[P_neut(41)] = 0.0002971704
E[P_neut(42)] = 0.0003506166
E[P_neut(43)] = 0.0003897787
E[P_neut(44)] = 0.0003905067
E[P_neut(45)] = 0.0004298529
E[P_neut(46)] = 0.0004354542
E[P_neut(47)] = 0.0004992133
E[P_neut(48)] = 0.0005874409
E[P_neut(49)] = 0.0008948554

---- Expected P_sel(i), 0 < i < n (selected SFS per site) 
E[P_sel(1)] = 0.0035887195
E[P_sel(2)] = 0.0011559030
E[P_sel(3)] = 0.0006430590
E[P_sel(4)] = 0.0004530012
E[P_sel(5)] = 0.0003039567
E[P_sel(6)] = 0.0002582246
E[P_sel(7)] = 0.0001923916
E[P_sel(8)] = 0.0001894648
E[P_sel(9)] = 0.0001447930
E[P_sel(10)] = 0.0001313055
E[P_sel(11)] = 0.0001137767
E[P_sel(12)] = 0.0001117704
E[P_sel(13)] = 0.0000773677
E[P_sel(14)] = 0.0000837021
E[P_sel(15)] = 0.0000683497
E[P_sel(16)] = 0.0000781641
E[P_sel(17)] = 0.0000708110
E[P_sel(18)] = 0.0000652755
E[P_sel(19)] = 0.0000631954
E[P_sel(20)] = 0.0000636698
E[P_sel(21)] = 0.0000533257
E[P_sel(22)] = 0.0000431000
E[P_sel(23)] = 0.0000519604
E[P_sel(24)] = 0.0000476098
E[P_sel(25)] = 0.0000514767
E[P_sel(26)] = 0.0000479975
E[P_sel(27)] = 0.0000307833
E[P_sel(28)] = 0.0000330749
E[P_sel(29)] = 0.0000393790
E[P_sel(30)] = 0.0000312201
E[P_sel(31)] = 0.0000422673
E[P_sel(32)] = 0.0000373493
E[P_sel(33)] = 0.0000403915
E[P_sel(34)] = 0.0000426223
E[P_sel(35)] = 0.0000416927
E[P_sel(36)] = 0.0000392074
E[P_sel(37)] = 0.0000476816
E[P_sel(38)] = 0.0000459769
E[P_sel(39)] = 0.0000512843
E[P_sel(40)] = 0.0000395145
E[P_sel(41)] = 0.0000478966
E[P_sel(42)] = 0.0000562444
E[P_sel(43)] = 0.0000622387
E[P_sel(44)] = 0.0000620747
E[P_sel(45)] = 0.0000680291
E[P_sel(46)] = 0.0000686198
E[P_sel(47)] = 0.0000783368
E[P_sel(48)] = 0.0000918035
E[P_sel(49)] = 0.0001392873

---- alpha_dfe = 0.000626

