---- Running command
---- ./polyDFE -d RevisionsPolyDFE15/express7_0.0490976880693125_PolyDFE.input -m C -i /home/jejames/ArabidopsisCrossGenome/model.txt 1 -e 
---- Performing inference using model C

---- Performing inference on RevisionsPolyDFE15/express7_0.0490976880693125_PolyDFE.input
----      with -i /home/jejames/ArabidopsisCrossGenome/model.txt 1
---- Data RevisionsPolyDFE15/express7_0.0490976880693125_PolyDFE.input does not contain divergence counts. Using option -w.
---- No mutation variability. Using Poisson likelihood.


---- Calculating initial values

-- Starting local optimization
-- Optimizing all parameters
  it        eps_an     theta_bar           S_d             b           p_b           S_b           r 2           r 3           r 4           r 5           r 6           r 7           r 8           r 9          r 10          r 11          r 12          r 13          r 14          r 15          r 16          r 17          r 18          r 19          r 20          r 21          r 22          r 23          r 24          r 25          r 26          r 27          r 28          r 29          r 30          r 31          r 32          r 33          r 34          r 35          r 36          r 37          r 38          r 39          r 40          r 41          r 42          r 43          r 44          r 45          r 46          r 47          r 48          r 49           ln lk          grad status 
   0           0.1 0.00910288085        -50000         0.208           0.1            20 0.84532545506 0.73820642332 0.61374249499 0.62517869055 0.59067950061 0.62641761174 0.61526732107 0.61155055751 0.44887067568 0.58076813113 0.52720861526 0.69999046983 0.59639759839 0.65472219574 0.64957590774 0.72905746688 0.69474888020 0.58848756313 0.49938053940 0.62641761174 0.66044029352 0.66415705708 0.65186314685 0.88154007433 0.80529877060 0.63556656818 0.73382254836 0.71028304584 0.79481559134 0.84198989802 0.86915086247 1.16363289812 1.01744019822 1.20747164776 1.17678452301 1.28704850852 1.11903173544 1.58334127513 1.21604879443 1.31678261698 1.85323549032 1.84818450395 2.08405603735 2.60745258743 2.84951872677 3.39521585819 5.10054321928             1 -2499.835540283 34.7532297348   -2 
 571 0.00926574543 0.00803400969 -594.43850862 0.25256156790 0.00020309510 0.70211220510 0.84269552356 0.75534077140 0.66136146962 0.60433908773 0.65196218876 0.64077559074 0.64741845382 0.55973494468 0.51823497944 0.53722267049 0.57665721726 0.63562765847 0.55933891625 0.54220248226 0.59032979684 0.65447106464 0.60680914724 0.61757220812 0.46794553842 0.63114245614 0.59182453413 0.57863628143 0.62792175616 0.73822027990 0.63560364501 0.54670355634 0.62205494196 0.58977252592 0.71503745849 0.69331128953 0.67092130969 0.77270085497 0.84804180099 1.08037083811 0.86624763636 1.08821837995 1.04526961170 1.24842188605 0.92587773408 1.20924032663 1.48279306474 1.45110476594 1.47932779769 1.88976199383 1.88629984753 1.96840551485 3.03118215625 3.41436236192 -299.8588064562 0.00061644779   -8 
-- Local optimization: reached maximum number of likelihood evaluations allowed.
---- Best joint likelihood found -299.858806456281684 with gradient 0.00062

---- Results for RevisionsPolyDFE15/express7_0.0490976880693125_PolyDFE.input 
--  Model: C
--        eps_an     theta_bar             a 
-- 0.00926574543 0.00803400969            -1 
--           S_d             b           p_b           S_b 
-- -594.43850862 0.25256156790 0.00020309510 0.70211220510 
--           r 2           r 3           r 4           r 5           r 6           r 7           r 8           r 9          r 10          r 11          r 12          r 13          r 14          r 15          r 16          r 17          r 18          r 19          r 20          r 21          r 22          r 23          r 24          r 25          r 26          r 27          r 28          r 29          r 30          r 31          r 32          r 33          r 34          r 35          r 36          r 37          r 38          r 39          r 40          r 41          r 42          r 43          r 44          r 45          r 46          r 47          r 48          r 49 
-- 0.84269552356 0.75534077140 0.66136146962 0.60433908773 0.65196218876 0.64077559074 0.64741845382 0.55973494468 0.51823497944 0.53722267049 0.57665721726 0.63562765847 0.55933891625 0.54220248226 0.59032979684 0.65447106464 0.60680914724 0.61757220812 0.46794553842 0.63114245614 0.59182453413 0.57863628143 0.62792175616 0.73822027990 0.63560364501 0.54670355634 0.62205494196 0.58977252592 0.71503745849 0.69331128953 0.67092130969 0.77270085497 0.84804180099 1.08037083811 0.86624763636 1.08821837995 1.04526961170 1.24842188605 0.92587773408 1.20924032663 1.48279306474 1.45110476594 1.47932779769 1.88976199383 1.88629984753 1.96840551485 3.03118215625 3.41436236192 

---- Expected P_neut(i), 0 < i < n (neutral SFS per site) 
E[P_neut(1)] = 0.0079647557
E[P_neut(2)] = 0.0033584473
E[P_neut(3)] = 0.0020071799
E[P_neut(4)] = 0.0013190906
E[P_neut(5)] = 0.0009651818
E[P_neut(6)] = 0.0008673924
E[P_neut(7)] = 0.0007311260
E[P_neut(8)] = 0.0006467746
E[P_neut(9)] = 0.0004972232
E[P_neut(10)] = 0.0004142158
E[P_neut(11)] = 0.0003911157
E[P_neut(12)] = 0.0003845429
E[P_neut(13)] = 0.0003913680
E[P_neut(14)] = 0.0003197981
E[P_neut(15)] = 0.0002900110
E[P_neut(16)] = 0.0002955299
E[P_neut(17)] = 0.0003081729
E[P_neut(18)] = 0.0002698907
E[P_neut(19)] = 0.0002603811
E[P_neut(20)] = 0.0001880065
E[P_neut(21)] = 0.0002407340
E[P_neut(22)] = 0.0002157751
E[P_neut(23)] = 0.0002017549
E[P_neut(24)] = 0.0002100692
E[P_neut(25)] = 0.0002372348
E[P_neut(26)] = 0.0001965296
E[P_neut(27)] = 0.0001630404
E[P_neut(28)] = 0.0001788343
E[P_neut(29)] = 0.0001641109
E[P_neut(30)] = 0.0001914547
E[P_neut(31)] = 0.0001804344
E[P_neut(32)] = 0.0001693922
E[P_neut(33)] = 0.0001892406
E[P_neut(34)] = 0.0002012773
E[P_neut(35)] = 0.0002483847
E[P_neut(36)] = 0.0001945007
E[P_neut(37)] = 0.0002377411
E[P_neut(38)] = 0.0002225219
E[P_neut(39)] = 0.0002584279
E[P_neut(40)] = 0.0001880975
E[P_neut(41)] = 0.0002393866
E[P_neut(42)] = 0.0002870337
E[P_neut(43)] = 0.0002754228
E[P_neut(44)] = 0.0002756981
E[P_neut(45)] = 0.0003432573
E[P_neut(46)] = 0.0003387023
E[P_neut(47)] = 0.0003520972
E[P_neut(48)] = 0.0005340094
E[P_neut(49)] = 0.0006290707

---- Expected P_sel(i), 0 < i < n (selected SFS per site) 
E[P_sel(1)] = 0.0035863928
E[P_sel(2)] = 0.0011802397
E[P_sel(3)] = 0.0006232167
E[P_sel(4)] = 0.0003779303
E[P_sel(5)] = 0.0002607041
E[P_sel(6)] = 0.0002238004
E[P_sel(7)] = 0.0001816353
E[P_sel(8)] = 0.0001556161
E[P_sel(9)] = 0.0001163759
E[P_sel(10)] = 0.0000946369
E[P_sel(11)] = 0.0000874119
E[P_sel(12)] = 0.0000843041
E[P_sel(13)] = 0.0000842920
E[P_sel(14)] = 0.0000677699
E[P_sel(15)] = 0.0000605220
E[P_sel(16)] = 0.0000608402
E[P_sel(17)] = 0.0000626322
E[P_sel(18)] = 0.0000541894
E[P_sel(19)] = 0.0000516838
E[P_sel(20)] = 0.0000369095
E[P_sel(21)] = 0.0000467940
E[P_sel(22)] = 0.0000415362
E[P_sel(23)] = 0.0000384829
E[P_sel(24)] = 0.0000397188
E[P_sel(25)] = 0.0000444824
E[P_sel(26)] = 0.0000365577
E[P_sel(27)] = 0.0000300991
E[P_sel(28)] = 0.0000327742
E[P_sel(29)] = 0.0000298705
E[P_sel(30)] = 0.0000346006
E[P_sel(31)] = 0.0000324111
E[P_sel(32)] = 0.0000302440
E[P_sel(33)] = 0.0000335881
E[P_sel(34)] = 0.0000355103
E[P_sel(35)] = 0.0000435532
E[P_sel(36)] = 0.0000339521
E[P_sel(37)] = 0.0000412867
E[P_sel(38)] = 0.0000384601
E[P_sel(39)] = 0.0000444265
E[P_sel(40)] = 0.0000322571
E[P_sel(41)] = 0.0000408629
E[P_sel(42)] = 0.0000488346
E[P_sel(43)] = 0.0000467719
E[P_sel(44)] = 0.0000467903
E[P_sel(45)] = 0.0000580146
E[P_sel(46)] = 0.0000575626
E[P_sel(47)] = 0.0000607696
E[P_sel(48)] = 0.0000935288
E[P_sel(49)] = 0.0001241858

---- alpha_dfe = 0.001787

