---- Running command
---- ./polyDFE -d RevisionsPolyDFE15/express5_-0.354668950795582_PolyDFE.input -m C -i /home/jejames/ArabidopsisCrossGenome/model.txt 1 -e 
---- Performing inference using model C

---- Performing inference on RevisionsPolyDFE15/express5_-0.354668950795582_PolyDFE.input
----      with -i /home/jejames/ArabidopsisCrossGenome/model.txt 1
---- Data RevisionsPolyDFE15/express5_-0.354668950795582_PolyDFE.input does not contain divergence counts. Using option -w.
---- No mutation variability. Using Poisson likelihood.


---- Calculating initial values

-- Starting local optimization
-- Optimizing all parameters
  it        eps_an     theta_bar           S_d             b           p_b           S_b           r 2           r 3           r 4           r 5           r 6           r 7           r 8           r 9          r 10          r 11          r 12          r 13          r 14          r 15          r 16          r 17          r 18          r 19          r 20          r 21          r 22          r 23          r 24          r 25          r 26          r 27          r 28          r 29          r 30          r 31          r 32          r 33          r 34          r 35          r 36          r 37          r 38          r 39          r 40          r 41          r 42          r 43          r 44          r 45          r 46          r 47          r 48          r 49           ln lk          grad status 
   0           0.1 0.00985479305        -30000         0.208           0.1            20 0.83142559833 0.78917793964 0.78085327783 0.67689906347 0.69053069719 0.72767950052 0.69510926118 0.50291363163 0.70967741935 0.68335067637 0.68303850156 0.55598335067 0.72695109261 0.46982310093 0.48283038501 0.85619146722 0.71175858480 0.88574401664 0.54526534859 0.78668054110 0.76462018730 0.81134235171 0.87658688865 0.75442247658 0.75483870967 1.15473465140 1.06638917793 0.84495317377 0.86784599375 1.13548387096 0.99895941727 1.49719042663 1.02601456815 1.12539021852 1.53964620187 1.30520291363 1.11904266389 1.35140478668 2.23933402705 1.84734651404 2.07596253902 2.64443288241 2.35338189386 3.13267429760 3.46555671175 4.46035379812 5.76899063475             1 -2538.319214523 35.0405323055   -2 
 617 0.00019278661 0.00862610995 -604.43050251 0.22013627150 0.00011043014 0.35400841501 0.83910384464 0.78581764311 0.74285830791 0.78565410093 0.71584411456 0.63247680477 0.64080650958 0.64690316556 0.64166402889 0.58955533803 0.64912115252 0.67484225282 0.69503667411 0.53563114513 0.53192279817 0.66841943003 0.80987031658 0.78124110839 0.58765190141 0.75553876751 0.78480181927 0.75963685213 0.80706502287 0.63286906055 0.72169256821 1.03253725937 0.79571934223 0.77161351780 0.82929651710 1.02242672795 0.84355906559 1.11033476864 0.93396001646 1.08226774639 1.08096447700 1.16752556048 0.96139342274 1.16015287714 1.83781093268 1.44574296239 1.44276727146 2.11463104386 2.01589202110 2.59861024028 2.29686363315 2.93253880898 3.37944389453 4.42044342516 -319.8412537969 0.00027206950   -8 
-- Local optimization: reached maximum number of likelihood evaluations allowed.
---- Best joint likelihood found -319.841253796905107 with gradient 0.00027

---- Results for RevisionsPolyDFE15/express5_-0.354668950795582_PolyDFE.input 
--  Model: C
--        eps_an     theta_bar             a 
-- 0.00019278661 0.00862610995            -1 
--           S_d             b           p_b           S_b 
-- -604.43050251 0.22013627150 0.00011043014 0.35400841501 
--           r 2           r 3           r 4           r 5           r 6           r 7           r 8           r 9          r 10          r 11          r 12          r 13          r 14          r 15          r 16          r 17          r 18          r 19          r 20          r 21          r 22          r 23          r 24          r 25          r 26          r 27          r 28          r 29          r 30          r 31          r 32          r 33          r 34          r 35          r 36          r 37          r 38          r 39          r 40          r 41          r 42          r 43          r 44          r 45          r 46          r 47          r 48          r 49 
-- 0.83910384464 0.78581764311 0.74285830791 0.78565410093 0.71584411456 0.63247680477 0.64080650958 0.64690316556 0.64166402889 0.58955533803 0.64912115252 0.67484225282 0.69503667411 0.53563114513 0.53192279817 0.66841943003 0.80987031658 0.78124110839 0.58765190141 0.75553876751 0.78480181927 0.75963685213 0.80706502287 0.63286906055 0.72169256821 1.03253725937 0.79571934223 0.77161351780 0.82929651710 1.02242672795 0.84355906559 1.11033476864 0.93396001646 1.08226774639 1.08096447700 1.16752556048 0.96139342274 1.16015287714 1.83781093268 1.44574296239 1.44276727146 2.11463104386 2.01589202110 2.59861024028 2.29686363315 2.93253880898 3.37944389453 4.42044342516 

---- Expected P_neut(i), 0 < i < n (neutral SFS per site) 
E[P_neut(1)] = 0.0086245970
E[P_neut(2)] = 0.0036185204
E[P_neut(3)] = 0.0022591846
E[P_neut(4)] = 0.0016017686
E[P_neut(5)] = 0.0013552625
E[P_neut(6)] = 0.0010290361
E[P_neut(7)] = 0.0007793336
E[P_neut(8)] = 0.0006908823
E[P_neut(9)] = 0.0006199678
E[P_neut(10)] = 0.0005534761
E[P_neut(11)] = 0.0004622848
E[P_neut(12)] = 0.0004665680
E[P_neut(13)] = 0.0004477556
E[P_neut(14)] = 0.0004282147
E[P_neut(15)] = 0.0003080196
E[P_neut(16)] = 0.0002867669
E[P_neut(17)] = 0.0003391588
E[P_neut(18)] = 0.0003880818
E[P_neut(19)] = 0.0003546745
E[P_neut(20)] = 0.0002534546
E[P_neut(21)] = 0.0003103349
E[P_neut(22)] = 0.0003077055
E[P_neut(23)] = 0.0002849092
E[P_neut(24)] = 0.0002900666
E[P_neut(25)] = 0.0002183679
E[P_neut(26)] = 0.0002394482
E[P_neut(27)] = 0.0003298721
E[P_neut(28)] = 0.0002451536
E[P_neut(29)] = 0.0002295336
E[P_neut(30)] = 0.0002384563
E[P_neut(31)] = 0.0002845156
E[P_neut(32)] = 0.0002274258
E[P_neut(33)] = 0.0002902479
E[P_neut(34)] = 0.0002369638
E[P_neut(35)] = 0.0002667440
E[P_neut(36)] = 0.0002590470
E[P_neut(37)] = 0.0002722286
E[P_neut(38)] = 0.0002182870
E[P_neut(39)] = 0.0002566449
E[P_neut(40)] = 0.0003963593
E[P_neut(41)] = 0.0003042350
E[P_neut(42)] = 0.0002963968
E[P_neut(43)] = 0.0004242787
E[P_neut(44)] = 0.0003953337
E[P_neut(45)] = 0.0004982963
E[P_neut(46)] = 0.0004309432
E[P_neut(47)] = 0.0005385532
E[P_neut(48)] = 0.0006079026
E[P_neut(49)] = 0.0007797014

---- Expected P_sel(i), 0 < i < n (selected SFS per site) 
E[P_sel(1)] = 0.0041555094
E[P_sel(2)] = 0.0014054918
E[P_sel(3)] = 0.0007881996
E[P_sel(4)] = 0.0005213113
E[P_sel(5)] = 0.0004191797
E[P_sel(6)] = 0.0003058027
E[P_sel(7)] = 0.0002241201
E[P_sel(8)] = 0.0001932457
E[P_sel(9)] = 0.0001692950
E[P_sel(10)] = 0.0001479754
E[P_sel(11)] = 0.0001212865
E[P_sel(12)] = 0.0001203453
E[P_sel(13)] = 0.0001137168
E[P_sel(14)] = 0.0001072190
E[P_sel(15)] = 0.0000761174
E[P_sel(16)] = 0.0000700067
E[P_sel(17)] = 0.0000818599
E[P_sel(18)] = 0.0000926744
E[P_sel(19)] = 0.0000838502
E[P_sel(20)] = 0.0000593548
E[P_sel(21)] = 0.0000720256
E[P_sel(22)] = 0.0000708086
E[P_sel(23)] = 0.0000650322
E[P_sel(24)] = 0.0000656981
E[P_sel(25)] = 0.0000490933
E[P_sel(26)] = 0.0000534514
E[P_sel(27)] = 0.0000731358
E[P_sel(28)] = 0.0000539977
E[P_sel(29)] = 0.0000502389
E[P_sel(30)] = 0.0000518747
E[P_sel(31)] = 0.0000615319
E[P_sel(32)] = 0.0000489067
E[P_sel(33)] = 0.0000620729
E[P_sel(34)] = 0.0000504080
E[P_sel(35)] = 0.0000564502
E[P_sel(36)] = 0.0000545477
E[P_sel(37)] = 0.0000570445
E[P_sel(38)] = 0.0000455258
E[P_sel(39)] = 0.0000532785
E[P_sel(40)] = 0.0000819120
E[P_sel(41)] = 0.0000626012
E[P_sel(42)] = 0.0000607300
E[P_sel(43)] = 0.0000865681
E[P_sel(44)] = 0.0000803407
E[P_sel(45)] = 0.0001008665
E[P_sel(46)] = 0.0000869074
E[P_sel(47)] = 0.0001082123
E[P_sel(48)] = 0.0001217505
E[P_sel(49)] = 0.0001558903

---- alpha_dfe = 0.000668

