---- Running command
---- ./polyDFE -d /home/jejames/ArabidopsisCrossGenome/PolyDFE15/fpkm15polcounts5_53673.3723549152_PolyDFE.input -m C -i /home/jejames/ArabidopsisCrossGenome/model.txt 1 -e 
---- Performing inference using model C

---- Performing inference on /home/jejames/ArabidopsisCrossGenome/PolyDFE15/fpkm15polcounts5_53673.3723549152_PolyDFE.input
----      with -i /home/jejames/ArabidopsisCrossGenome/model.txt 1
---- Data /home/jejames/ArabidopsisCrossGenome/PolyDFE15/fpkm15polcounts5_53673.3723549152_PolyDFE.input does not contain divergence counts. Using option -w.
---- No mutation variability. Using Poisson likelihood.


---- Calculating initial values

-- Starting local optimization
-- Optimizing all parameters
  it        eps_an     theta_bar           S_d             b           p_b           S_b           r 2           r 3           r 4           r 5           r 6           r 7           r 8           r 9          r 10          r 11          r 12          r 13          r 14          r 15          r 16          r 17          r 18          r 19          r 20          r 21          r 22          r 23          r 24          r 25          r 26          r 27          r 28          r 29          r 30          r 31          r 32          r 33          r 34          r 35          r 36          r 37          r 38          r 39          r 40          r 41          r 42          r 43          r 44          r 45          r 46          r 47          r 48          r 49           ln lk          grad status 
   0           0.1 0.00953797623        -20000         0.208           0.1            20 0.84864864864 0.79609609609 0.66386386386 0.68468468468 0.72792792792 0.73573573573 0.70950950950 0.58918918918 0.71671671671 0.78618618618 0.66306306306 0.54524524524 0.64884884884 0.56756756756 0.60060060060 0.82702702702 0.83963963963 0.84444444444 0.55055055055 0.88918918918 0.76196196196 0.88868868868 0.87927927927 0.82582582582 0.86926926926 0.95675675675 1.10430430430 1.06536536536 0.94594594594 1.22882882882 1.13393393393 1.49969969969 1.14014014014 1.26826826826 1.46666666666 1.52222222222 1.24764764764 1.66306306306 2.41841841841 2.15875875875 2.58138138138 3.14214214214 2.94214214214 3.20720720720 2.77197197197 4.22952952952 5.72252252252             1 -2826.117161557 37.4495745781   -2 
 207 0.01097571652 0.00859010191 -245.10513835 0.26856677606 0.00003838745 0.36794389843 0.76938071779 0.74389452323 0.69889566364 0.73670975031 0.71209217896 0.64050584698 0.65614248532 0.67589217452 0.69292998910 0.71898513603 0.69987369219 0.74927031191 0.64970851637 0.63227839734 0.67301239107 0.69678421601 0.80719513008 0.80742108622 0.67072046162 0.86575879397 0.76453322225 0.73182342710 0.72447765828 0.75706793379 0.69667280625 0.75044553641 0.81861671846 0.75603762539 0.78738994276 0.81347703206 0.79713337816 1.17822063932 0.96362203876 1.01122873732 1.07513390198 1.24111386830 1.18764053913 1.45808389035 1.70672401902 1.72930317476 1.97193762408 2.22368592451 2.17684947605 2.21176707262 2.23372924389 2.97376998972 3.15504869629 3.88259822871 -337.8244411283 0.00054765447   -8 
-- Local optimization: reached maximum number of likelihood evaluations allowed.
---- Best joint likelihood found -337.824441128364299 with gradient 0.00055

---- Results for /home/jejames/ArabidopsisCrossGenome/PolyDFE15/fpkm15polcounts5_53673.3723549152_PolyDFE.input 
--  Model: C
--        eps_an     theta_bar             a 
-- 0.01097571652 0.00859010191            -1 
--           S_d             b           p_b           S_b 
-- -245.10513835 0.26856677606 0.00003838745 0.36794389843 
--           r 2           r 3           r 4           r 5           r 6           r 7           r 8           r 9          r 10          r 11          r 12          r 13          r 14          r 15          r 16          r 17          r 18          r 19          r 20          r 21          r 22          r 23          r 24          r 25          r 26          r 27          r 28          r 29          r 30          r 31          r 32          r 33          r 34          r 35          r 36          r 37          r 38          r 39          r 40          r 41          r 42          r 43          r 44          r 45          r 46          r 47          r 48          r 49 
-- 0.76938071779 0.74389452323 0.69889566364 0.73670975031 0.71209217896 0.64050584698 0.65614248532 0.67589217452 0.69292998910 0.71898513603 0.69987369219 0.74927031191 0.64970851637 0.63227839734 0.67301239107 0.69678421601 0.80719513008 0.80742108622 0.67072046162 0.86575879397 0.76453322225 0.73182342710 0.72447765828 0.75706793379 0.69667280625 0.75044553641 0.81861671846 0.75603762539 0.78738994276 0.81347703206 0.79713337816 1.17822063932 0.96362203876 1.01122873732 1.07513390198 1.24111386830 1.18764053913 1.45808389035 1.70672401902 1.72930317476 1.97193762408 2.22368592451 2.17684947605 2.21176707262 2.23372924389 2.97376998972 3.15504869629 3.88259822871 

---- Expected P_neut(i), 0 < i < n (neutral SFS per site) 
E[P_neut(1)] = 0.0085032900
E[P_neut(2)] = 0.0032744570
E[P_neut(3)] = 0.0021126299
E[P_neut(4)] = 0.0014890011
E[P_neut(5)] = 0.0012564246
E[P_neut(6)] = 0.0010129656
E[P_neut(7)] = 0.0007822503
E[P_neut(8)] = 0.0007012352
E[P_neut(9)] = 0.0006420053
E[P_neut(10)] = 0.0005927237
E[P_neut(11)] = 0.0005588311
E[P_neut(12)] = 0.0004984467
E[P_neut(13)] = 0.0004928291
E[P_neut(14)] = 0.0003970876
E[P_neut(15)] = 0.0003608389
E[P_neut(16)] = 0.0003600341
E[P_neut(17)] = 0.0003515870
E[P_neut(18)] = 0.0003833366
E[P_neut(19)] = 0.0003635111
E[P_neut(20)] = 0.0002873906
E[P_neut(21)] = 0.0003527118
E[P_neut(22)] = 0.0002979990
E[P_neut(23)] = 0.0002729440
E[P_neut(24)] = 0.0002589859
E[P_neut(25)] = 0.0002601316
E[P_neut(26)] = 0.0002304925
E[P_neut(27)] = 0.0002391351
E[P_neut(28)] = 0.0002516629
E[P_neut(29)] = 0.0002253752
E[P_neut(30)] = 0.0002261460
E[P_neut(31)] = 0.0002269471
E[P_neut(32)] = 0.0002158624
E[P_neut(33)] = 0.0003071962
E[P_neut(34)] = 0.0002447529
E[P_neut(35)] = 0.0002494375
E[P_neut(36)] = 0.0002581016
E[P_neut(37)] = 0.0002904146
E[P_neut(38)] = 0.0002710246
E[P_neut(39)] = 0.0003237937
E[P_neut(40)] = 0.0003690336
E[P_neut(41)] = 0.0003654183
E[P_neut(42)] = 0.0004066192
E[P_neut(43)] = 0.0004479766
E[P_neut(44)] = 0.0004315106
E[P_neut(45)] = 0.0004314645
E[P_neut(46)] = 0.0004290247
E[P_neut(47)] = 0.0005609237
E[P_neut(48)] = 0.0005947013
E[P_neut(49)] = 0.0007674632

---- Expected P_sel(i), 0 < i < n (selected SFS per site) 
E[P_sel(1)] = 0.0045392649
E[P_sel(2)] = 0.0013756856
E[P_sel(3)] = 0.0007810942
E[P_sel(4)] = 0.0005062385
E[P_sel(5)] = 0.0004015200
E[P_sel(6)] = 0.0003082868
E[P_sel(7)] = 0.0002286531
E[P_sel(8)] = 0.0001981863
E[P_sel(9)] = 0.0001762477
E[P_sel(10)] = 0.0001585781
E[P_sel(11)] = 0.0001461521
E[P_sel(12)] = 0.0001277127
E[P_sel(13)] = 0.0001239135
E[P_sel(14)] = 0.0000981262
E[P_sel(15)] = 0.0000877586
E[P_sel(16)] = 0.0000862856
E[P_sel(17)] = 0.0000830878
E[P_sel(18)] = 0.0000894735
E[P_sel(19)] = 0.0000838183
E[P_sel(20)] = 0.0000655036
E[P_sel(21)] = 0.0000795388
E[P_sel(22)] = 0.0000665068
E[P_sel(23)] = 0.0000603249
E[P_sel(24)] = 0.0000567119
E[P_sel(25)] = 0.0000564609
E[P_sel(26)] = 0.0000496083
E[P_sel(27)] = 0.0000510551
E[P_sel(28)] = 0.0000533168
E[P_sel(29)] = 0.0000474089
E[P_sel(30)] = 0.0000472218
E[P_sel(31)] = 0.0000470848
E[P_sel(32)] = 0.0000445051
E[P_sel(33)] = 0.0000628715
E[P_sel(34)] = 0.0000498158
E[P_sel(35)] = 0.0000504689
E[P_sel(36)] = 0.0000519389
E[P_sel(37)] = 0.0000581512
E[P_sel(38)] = 0.0000540133
E[P_sel(39)] = 0.0000641870
E[P_sel(40)] = 0.0000727739
E[P_sel(41)] = 0.0000717815
E[P_sel(42)] = 0.0000795235
E[P_sel(43)] = 0.0000872747
E[P_sel(44)] = 0.0000840880
E[P_sel(45)] = 0.0000842084
E[P_sel(46)] = 0.0000840397
E[P_sel(47)] = 0.0001103781
E[P_sel(48)] = 0.0001204513
E[P_sel(49)] = 0.0001766120

---- alpha_dfe = 0.000249

