---- Running command
---- ./polyDFE -d /home/jejames/ArabidopsisCrossGenome/PolyDFE15/fpkm15polcounts8_266877.32906429_PolyDFE.input -m C -i /home/jejames/ArabidopsisCrossGenome/model.txt 1 -e 
---- Performing inference using model C

---- Performing inference on /home/jejames/ArabidopsisCrossGenome/PolyDFE15/fpkm15polcounts8_266877.32906429_PolyDFE.input
----      with -i /home/jejames/ArabidopsisCrossGenome/model.txt 1
---- Data /home/jejames/ArabidopsisCrossGenome/PolyDFE15/fpkm15polcounts8_266877.32906429_PolyDFE.input does not contain divergence counts. Using option -w.
---- No mutation variability. Using Poisson likelihood.


---- Calculating initial values

-- Starting local optimization
-- Optimizing all parameters
  it        eps_an     theta_bar           S_d             b           p_b           S_b           r 2           r 3           r 4           r 5           r 6           r 7           r 8           r 9          r 10          r 11          r 12          r 13          r 14          r 15          r 16          r 17          r 18          r 19          r 20          r 21          r 22          r 23          r 24          r 25          r 26          r 27          r 28          r 29          r 30          r 31          r 32          r 33          r 34          r 35          r 36          r 37          r 38          r 39          r 40          r 41          r 42          r 43          r 44          r 45          r 46          r 47          r 48          r 49           ln lk          grad status 
   0           0.1 0.00906744875        -40000         0.208           0.1            20 0.79484463276 0.70153601694 0.68644067796 0.58218573446 0.59057203389 0.53451624293 0.52895480225 0.47748940677 0.48905367231 0.55737994350 0.57627118644 0.58183262711 0.54502118644 0.72695974576 0.52966101694 0.55526129943 0.64194915254 0.63903601694 0.52436440677 0.68034957627 0.52048022598 0.63956567796 0.66737288135 0.86069915254 0.81479519774 0.84613347457 0.62288135593 0.87808968926 0.93485169491 1.06453036723 1.00564971751 0.84480932203 1.00547316384 1.17717161016 1.17266949152 1.05499646892 0.85875706214 1.26006355932 1.22175141242 1.33554025423 1.56091101694 1.91693149717 2.31108757062 3.30111228813 3.47598870056 3.98719985875 5.58474576271             1 -2743.821279567 38.6774477047   -2 
 464 0.00003839865 0.00787754057 -656.57243307 0.23294008437 0.00012750754 0.40141768231 0.78105295257 0.73860830384 0.68416282678 0.67787018407 0.66940892323 0.54711709084 0.59309644664 0.54933745737 0.53270545324 0.50202057952 0.59532117455 0.52651134479 0.50414979676 0.62859764111 0.46720222664 0.45778250676 0.56128891858 0.56424243771 0.54713234482 0.69084928582 0.52450956628 0.52164202796 0.61731006794 0.74070076342 0.68473218959 0.69049814363 0.59870057158 0.83354799611 0.85200631056 0.84282255411 0.83094186216 0.71603244636 0.88761641386 0.83967463551 1.00748124340 0.85951774451 0.88476273723 1.06468652138 1.11200813079 1.10593382573 1.32133118692 1.56553757338 2.01608551583 2.52714624807 2.44422531241 2.85914757044 3.31199450658 3.89075837494 -311.4033440434 0.00057811094   -8 
-- Local optimization: reached maximum number of likelihood evaluations allowed.
---- Best joint likelihood found -311.403344043405696 with gradient 0.00058

---- Results for /home/jejames/ArabidopsisCrossGenome/PolyDFE15/fpkm15polcounts8_266877.32906429_PolyDFE.input 
--  Model: C
--        eps_an     theta_bar             a 
-- 0.00003839865 0.00787754057            -1 
--           S_d             b           p_b           S_b 
-- -656.57243307 0.23294008437 0.00012750754 0.40141768231 
--           r 2           r 3           r 4           r 5           r 6           r 7           r 8           r 9          r 10          r 11          r 12          r 13          r 14          r 15          r 16          r 17          r 18          r 19          r 20          r 21          r 22          r 23          r 24          r 25          r 26          r 27          r 28          r 29          r 30          r 31          r 32          r 33          r 34          r 35          r 36          r 37          r 38          r 39          r 40          r 41          r 42          r 43          r 44          r 45          r 46          r 47          r 48          r 49 
-- 0.78105295257 0.73860830384 0.68416282678 0.67787018407 0.66940892323 0.54711709084 0.59309644664 0.54933745737 0.53270545324 0.50202057952 0.59532117455 0.52651134479 0.50414979676 0.62859764111 0.46720222664 0.45778250676 0.56128891858 0.56424243771 0.54713234482 0.69084928582 0.52450956628 0.52164202796 0.61731006794 0.74070076342 0.68473218959 0.69049814363 0.59870057158 0.83354799611 0.85200631056 0.84282255411 0.83094186216 0.71603244636 0.88761641386 0.83967463551 1.00748124340 0.85951774451 0.88476273723 1.06468652138 1.11200813079 1.10593382573 1.32133118692 1.56553757338 2.01608551583 2.52714624807 2.44422531241 2.85914757044 3.31199450658 3.89075837494 

---- Expected P_neut(i), 0 < i < n (neutral SFS per site) 
E[P_neut(1)] = 0.0078772621
E[P_neut(2)] = 0.0030762909
E[P_neut(3)] = 0.0019394162
E[P_neut(4)] = 0.0013473444
E[P_neut(5)] = 0.0010679660
E[P_neut(6)] = 0.0008788628
E[P_neut(7)] = 0.0006156927
E[P_neut(8)] = 0.0005840048
E[P_neut(9)] = 0.0004808150
E[P_neut(10)] = 0.0004196332
E[P_neut(11)] = 0.0003595115
E[P_neut(12)] = 0.0003907976
E[P_neut(13)] = 0.0003190420
E[P_neut(14)] = 0.0002836733
E[P_neut(15)] = 0.0003301148
E[P_neut(16)] = 0.0002300243
E[P_neut(17)] = 0.0002121278
E[P_neut(18)] = 0.0002456415
E[P_neut(19)] = 0.0002339383
E[P_neut(20)] = 0.0002155032
E[P_neut(21)] = 0.0002591508
E[P_neut(22)] = 0.0001878104
E[P_neut(23)] = 0.0001786642
E[P_neut(24)] = 0.0002026204
E[P_neut(25)] = 0.0002333960
E[P_neut(26)] = 0.0002074616
E[P_neut(27)] = 0.0002014594
E[P_neut(28)] = 0.0001684396
E[P_neut(29)] = 0.0002264257
E[P_neut(30)] = 0.0002237235
E[P_neut(31)] = 0.0002141739
E[P_neut(32)] = 0.0002045571
E[P_neut(33)] = 0.0001709281
E[P_neut(34)] = 0.0002056549
E[P_neut(35)] = 0.0001889932
E[P_neut(36)] = 0.0002204600
E[P_neut(37)] = 0.0001830021
E[P_neut(38)] = 0.0001834226
E[P_neut(39)] = 0.0002150597
E[P_neut(40)] = 0.0002190049
E[P_neut(41)] = 0.0002124990
E[P_neut(42)] = 0.0002478424
E[P_neut(43)] = 0.0002868169
E[P_neut(44)] = 0.0003609698
E[P_neut(45)] = 0.0004424173
E[P_neut(46)] = 0.0004186114
E[P_neut(47)] = 0.0004792699
E[P_neut(48)] = 0.0005436467
E[P_neut(49)] = 0.0006257807

---- Expected P_sel(i), 0 < i < n (selected SFS per site) 
E[P_sel(1)] = 0.0036242675
E[P_sel(2)] = 0.0011249486
E[P_sel(3)] = 0.0006327586
E[P_sel(4)] = 0.0004083237
E[P_sel(5)] = 0.0003066354
E[P_sel(6)] = 0.0002418656
E[P_sel(7)] = 0.0001636492
E[P_sel(8)] = 0.0001507278
E[P_sel(9)] = 0.0001209779
E[P_sel(10)] = 0.0001032461
E[P_sel(11)] = 0.0000867046
E[P_sel(12)] = 0.0000925671
E[P_sel(13)] = 0.0000743411
E[P_sel(14)] = 0.0000651124
E[P_sel(15)] = 0.0000747267
E[P_sel(16)] = 0.0000514019
E[P_sel(17)] = 0.0000468353
E[P_sel(18)] = 0.0000536258
E[P_sel(19)] = 0.0000505312
E[P_sel(20)] = 0.0000460845
E[P_sel(21)] = 0.0000548944
E[P_sel(22)] = 0.0000394254
E[P_sel(23)] = 0.0000371845
E[P_sel(24)] = 0.0000418259
E[P_sel(25)] = 0.0000478023
E[P_sel(26)] = 0.0000421725
E[P_sel(27)] = 0.0000406580
E[P_sel(28)] = 0.0000337590
E[P_sel(29)] = 0.0000450786
E[P_sel(30)] = 0.0000442546
E[P_sel(31)] = 0.0000421029
E[P_sel(32)] = 0.0000399713
E[P_sel(33)] = 0.0000332063
E[P_sel(34)] = 0.0000397280
E[P_sel(35)] = 0.0000363103
E[P_sel(36)] = 0.0000421314
E[P_sel(37)] = 0.0000347931
E[P_sel(38)] = 0.0000346987
E[P_sel(39)] = 0.0000404853
E[P_sel(40)] = 0.0000410325
E[P_sel(41)] = 0.0000396297
E[P_sel(42)] = 0.0000460126
E[P_sel(43)] = 0.0000530139
E[P_sel(44)] = 0.0000664336
E[P_sel(45)] = 0.0000810816
E[P_sel(46)] = 0.0000764057
E[P_sel(47)] = 0.0000871291
E[P_sel(48)] = 0.0000984533
E[P_sel(49)] = 0.0001129505

---- alpha_dfe = 0.000874

