---- Running command
---- ./polyDFE -d /home/jejames/ArabidopsisCrossGenome/PolyDFE15/fpkm15polcounts15_9694710.32492427_PolyDFE.input -m C -i /home/jejames/ArabidopsisCrossGenome/model.txt 1 -e 
---- Performing inference using model C

---- Performing inference on /home/jejames/ArabidopsisCrossGenome/PolyDFE15/fpkm15polcounts15_9694710.32492427_PolyDFE.input
----      with -i /home/jejames/ArabidopsisCrossGenome/model.txt 1
---- Data /home/jejames/ArabidopsisCrossGenome/PolyDFE15/fpkm15polcounts15_9694710.32492427_PolyDFE.input does not contain divergence counts. Using option -w.
---- No mutation variability. Using Poisson likelihood.


---- Calculating initial values

-- Starting local optimization
-- Optimizing all parameters
  it        eps_an     theta_bar           S_d             b           p_b           S_b           r 2           r 3           r 4           r 5           r 6           r 7           r 8           r 9          r 10          r 11          r 12          r 13          r 14          r 15          r 16          r 17          r 18          r 19          r 20          r 21          r 22          r 23          r 24          r 25          r 26          r 27          r 28          r 29          r 30          r 31          r 32          r 33          r 34          r 35          r 36          r 37          r 38          r 39          r 40          r 41          r 42          r 43          r 44          r 45          r 46          r 47          r 48          r 49           ln lk          grad status 
   0           0.1 0.01073913320        -20000         0.406           0.1            20 0.84164720866 0.69953300785 0.75185735512 0.73869666737 0.69029929951 0.82986627043 0.76501804287 0.76321375504 0.73551263001 0.75185735512 0.88516238590 0.68987476119 0.95988112927 1.00933984292 0.79983018467 0.90575249416 1.01825514752 1.01231161112 0.94247505837 0.85141158989 0.77987688388 0.87391212056 1.03672256421 1.14094672044 1.05688813415 0.98004669921 1.32540861812 0.73254086181 1.51560178306 1.17788155381 1.34833368711 1.53406919974 1.72850774782 2.17682020802 1.42899596688 1.96348970494 1.67374230524 2.46699214604 2.02504776056 2.74580768414 2.62555720653 3.16270430906 2.22288261515 3.28592655487 3.21736361706 4.45457440033 5.32371046486             1 -2740.130527677 43.4041882060   -2 
 645 0.00021080970 0.00945342014 -1753.0035167 0.29962683511 0.00006129617 0.32863681474 0.83948807319 0.73645698376 0.73757395578 0.75631235608 0.65940457042 0.80788693475 0.71104665706 0.76605587602 0.71894027151 0.70268017324 0.80297146430 0.66336306782 0.89682689102 0.90927117628 0.78024962755 0.99784049873 0.99161500351 0.90295626694 0.95441809917 0.92344198070 0.68105771884 0.89699259784 0.92317905226 0.89809850690 0.79800645018 0.88525808268 1.08969222592 0.78022670180 1.25432042645 1.00577610719 1.19237511995 1.32197366847 1.66586499683 1.71831253334 1.13121982053 1.57033894525 1.38103573557 2.00960389528 1.56898063470 2.28935591190 1.97190083774 2.49776029679 1.88899539811 2.37172007611 2.65110587694 3.36607783075 3.43944875883 5.01012427784 -305.0851152317 0.00014110487   -3 
-- Local optimization: stuck in the same solution
---- Best joint likelihood found -305.085115231742520 with gradient 0.00014

---- Results for /home/jejames/ArabidopsisCrossGenome/PolyDFE15/fpkm15polcounts15_9694710.32492427_PolyDFE.input 
--  Model: C
--        eps_an     theta_bar             a 
-- 0.00021080970 0.00945342014            -1 
--           S_d             b           p_b           S_b 
-- -1753.0035167 0.29962683511 0.00006129617 0.32863681474 
--           r 2           r 3           r 4           r 5           r 6           r 7           r 8           r 9          r 10          r 11          r 12          r 13          r 14          r 15          r 16          r 17          r 18          r 19          r 20          r 21          r 22          r 23          r 24          r 25          r 26          r 27          r 28          r 29          r 30          r 31          r 32          r 33          r 34          r 35          r 36          r 37          r 38          r 39          r 40          r 41          r 42          r 43          r 44          r 45          r 46          r 47          r 48          r 49 
-- 0.83948807319 0.73645698376 0.73757395578 0.75631235608 0.65940457042 0.80788693475 0.71104665706 0.76605587602 0.71894027151 0.70268017324 0.80297146430 0.66336306782 0.89682689102 0.90927117628 0.78024962755 0.99784049873 0.99161500351 0.90295626694 0.95441809917 0.92344198070 0.68105771884 0.89699259784 0.92317905226 0.89809850690 0.79800645018 0.88525808268 1.08969222592 0.78022670180 1.25432042645 1.00577610719 1.19237511995 1.32197366847 1.66586499683 1.71831253334 1.13121982053 1.57033894525 1.38103573557 2.00960389528 1.56898063470 2.28935591190 1.97190083774 2.49776029679 1.88899539811 2.37172007611 2.65110587694 3.36607783075 3.43944875883 5.01012427784 

---- Expected P_neut(i), 0 < i < n (neutral SFS per site) 
E[P_neut(1)] = 0.0094516310
E[P_neut(2)] = 0.0039673230
E[P_neut(3)] = 0.0023203326
E[P_neut(4)] = 0.0017428965
E[P_neut(5)] = 0.0014297513
E[P_neut(6)] = 0.0010388046
E[P_neut(7)] = 0.0010909278
E[P_neut(8)] = 0.0008401443
E[P_neut(9)] = 0.0008045914
E[P_neut(10)] = 0.0006795793
E[P_neut(11)] = 0.0006038600
E[P_neut(12)] = 0.0006325080
E[P_neut(13)] = 0.0004823713
E[P_neut(14)] = 0.0006055122
E[P_neut(15)] = 0.0005730252
E[P_neut(16)] = 0.0004610022
E[P_neut(17)] = 0.0005548455
E[P_neut(18)] = 0.0005207508
E[P_neut(19)] = 0.0004492344
E[P_neut(20)] = 0.0004511140
E[P_neut(21)] = 0.0004156653
E[P_neut(22)] = 0.0002926670
E[P_neut(23)] = 0.0003686680
E[P_neut(24)] = 0.0003636178
E[P_neut(25)] = 0.0003396041
E[P_neut(26)] = 0.0002901651
E[P_neut(27)] = 0.0003099648
E[P_neut(28)] = 0.0003678884
E[P_neut(29)] = 0.0002543723
E[P_neut(30)] = 0.0003952657
E[P_neut(31)] = 0.0003067405
E[P_neut(32)] = 0.0003522862
E[P_neut(33)] = 0.0003787393
E[P_neut(34)] = 0.0004631796
E[P_neut(35)] = 0.0004641353
E[P_neut(36)] = 0.0002971177
E[P_neut(37)] = 0.0004012353
E[P_neut(38)] = 0.0003436270
E[P_neut(39)] = 0.0004871433
E[P_neut(40)] = 0.0003708709
E[P_neut(41)] = 0.0005279179
E[P_neut(42)] = 0.0004439218
E[P_neut(43)] = 0.0005492393
E[P_neut(44)] = 0.0004059850
E[P_neut(45)] = 0.0004984379
E[P_neut(46)] = 0.0005450791
E[P_neut(47)] = 0.0006773879
E[P_neut(48)] = 0.0006780802
E[P_neut(49)] = 0.0009683771

---- Expected P_sel(i), 0 < i < n (selected SFS per site) 
E[P_sel(1)] = 0.0028847633
E[P_sel(2)] = 0.0008808089
E[P_sel(3)] = 0.0004426793
E[P_sel(4)] = 0.0003018031
E[P_sel(5)] = 0.0002307035
E[P_sel(6)] = 0.0001586131
E[P_sel(7)] = 0.0001592072
E[P_sel(8)] = 0.0001180159
E[P_sel(9)] = 0.0001093543
E[P_sel(10)] = 0.0000897250
E[P_sel(11)] = 0.0000776930
E[P_sel(12)] = 0.0000795069
E[P_sel(13)] = 0.0000593628
E[P_sel(14)] = 0.0000730852
E[P_sel(15)] = 0.0000679347
E[P_sel(16)] = 0.0000537520
E[P_sel(17)] = 0.0000636987
E[P_sel(18)] = 0.0000589218
E[P_sel(19)] = 0.0000501398
E[P_sel(20)] = 0.0000497039
E[P_sel(21)] = 0.0000452424
E[P_sel(22)] = 0.0000314873
E[P_sel(23)] = 0.0000392289
E[P_sel(24)] = 0.0000382863
E[P_sel(25)] = 0.0000353996
E[P_sel(26)] = 0.0000299560
E[P_sel(27)] = 0.0000317054
E[P_sel(28)] = 0.0000372969
E[P_sel(29)] = 0.0000255690
E[P_sel(30)] = 0.0000394045
E[P_sel(31)] = 0.0000303369
E[P_sel(32)] = 0.0000345743
E[P_sel(33)] = 0.0000368946
E[P_sel(34)] = 0.0000447951
E[P_sel(35)] = 0.0000445751
E[P_sel(36)] = 0.0000283431
E[P_sel(37)] = 0.0000380218
E[P_sel(38)] = 0.0000323561
E[P_sel(39)] = 0.0000455825
E[P_sel(40)] = 0.0000344945
E[P_sel(41)] = 0.0000488105
E[P_sel(42)] = 0.0000408101
E[P_sel(43)] = 0.0000502099
E[P_sel(44)] = 0.0000369144
E[P_sel(45)] = 0.0000450823
E[P_sel(46)] = 0.0000490494
E[P_sel(47)] = 0.0000606541
E[P_sel(48)] = 0.0000604730
E[P_sel(49)] = 0.0000862112

---- alpha_dfe = 0.000826

