---- Running command
---- ./polyDFE -d /home/jejames/ArabidopsisCrossGenome/PolyDFE15/fpkm15polcounts4_24384.4949585818_PolyDFE.input -m C -i /home/jejames/ArabidopsisCrossGenome/model.txt 1 -e 
---- Performing inference using model C

---- Performing inference on /home/jejames/ArabidopsisCrossGenome/PolyDFE15/fpkm15polcounts4_24384.4949585818_PolyDFE.input
----      with -i /home/jejames/ArabidopsisCrossGenome/model.txt 1
---- Data /home/jejames/ArabidopsisCrossGenome/PolyDFE15/fpkm15polcounts4_24384.4949585818_PolyDFE.input does not contain divergence counts. Using option -w.
---- No mutation variability. Using Poisson likelihood.


---- Calculating initial values

-- Starting local optimization
-- Optimizing all parameters
  it        eps_an     theta_bar           S_d             b           p_b           S_b           r 2           r 3           r 4           r 5           r 6           r 7           r 8           r 9          r 10          r 11          r 12          r 13          r 14          r 15          r 16          r 17          r 18          r 19          r 20          r 21          r 22          r 23          r 24          r 25          r 26          r 27          r 28          r 29          r 30          r 31          r 32          r 33          r 34          r 35          r 36          r 37          r 38          r 39          r 40          r 41          r 42          r 43          r 44          r 45          r 46          r 47          r 48          r 49           ln lk          grad status 
   0           0.1 0.01007068761        -20000         0.208           0.1            20 0.80230135899 0.69487154052 0.69953377641 0.69685547068 0.63624640412 0.70826306914 0.59755976589 0.65529213371 0.82928280924 0.64705882352 0.80230135899 0.72730879873 0.81103065172 0.64130542604 0.65866481499 0.73693086003 0.58387064775 1.00456303938 0.71024699930 0.82075190953 1.11734946929 0.85100684455 0.97609364150 1.16555897232 1.26376351552 0.84902291439 1.02212082134 0.76520186489 1.01775617498 1.22081142743 1.21575240551 1.61382799325 1.53456998313 0.96865390338 1.34272393611 1.89385973613 2.05812915385 1.76797936712 2.23787322686 2.46463644479 1.57067751215 2.98581489931 2.88503124690 2.87917865291 3.04354726713 3.61323281420 6.07558773931             1 -2692.652662972 28.7106257317   -2 
 467 0.01489778209 0.00861473225 -189.25396736 0.24378085737 0.00014831381 0.39750423551 0.86420954129 0.76282649164 0.75004841375 0.67441231334 0.67428552677 0.74508457386 0.76812475972 0.73910305545 0.74083018181 0.62482286974 0.75944169359 0.71215382300 0.71926455682 0.69940496668 0.70935645701 0.83593697546 0.72100000958 0.97119267895 0.78699922407 0.78663269812 1.02227801075 0.98749326033 0.88731955199 1.04613629073 1.07212080190 0.78817204175 0.94061696936 0.84268058180 0.86089418400 1.05009264009 1.07886138612 1.25726105162 1.31683480291 0.85971408092 1.07720924959 1.38959504616 1.44270509875 1.38258896657 1.77001998841 2.05215415132 1.50283584951 2.14357892002 2.23012214989 2.16035685673 2.13699960470 2.72641721086 3.47796930412 3.53963176930 -336.4097697860 0.00111275120   -8 
-- Local optimization: reached maximum number of likelihood evaluations allowed.
---- Best joint likelihood found -336.409769786004063 with gradient 0.00111

---- Results for /home/jejames/ArabidopsisCrossGenome/PolyDFE15/fpkm15polcounts4_24384.4949585818_PolyDFE.input 
--  Model: C
--        eps_an     theta_bar             a 
-- 0.01489778209 0.00861473225            -1 
--           S_d             b           p_b           S_b 
-- -189.25396736 0.24378085737 0.00014831381 0.39750423551 
--           r 2           r 3           r 4           r 5           r 6           r 7           r 8           r 9          r 10          r 11          r 12          r 13          r 14          r 15          r 16          r 17          r 18          r 19          r 20          r 21          r 22          r 23          r 24          r 25          r 26          r 27          r 28          r 29          r 30          r 31          r 32          r 33          r 34          r 35          r 36          r 37          r 38          r 39          r 40          r 41          r 42          r 43          r 44          r 45          r 46          r 47          r 48          r 49 
-- 0.86420954129 0.76282649164 0.75004841375 0.67441231334 0.67428552677 0.74508457386 0.76812475972 0.73910305545 0.74083018181 0.62482286974 0.75944169359 0.71215382300 0.71926455682 0.69940496668 0.70935645701 0.83593697546 0.72100000958 0.97119267895 0.78699922407 0.78663269812 1.02227801075 0.98749326033 0.88731955199 1.04613629073 1.07212080190 0.78817204175 0.94061696936 0.84268058180 0.86089418400 1.05009264009 1.07886138612 1.25726105162 1.31683480291 0.85971408092 1.07720924959 1.38959504616 1.44270509875 1.38258896657 1.77001998841 2.05215415132 1.50283584951 2.14357892002 2.23012214989 2.16035685673 2.13699960470 2.72641721086 3.47796930412 3.53963176930 

---- Expected P_neut(i), 0 < i < n (neutral SFS per site) 
E[P_neut(1)] = 0.0084956628
E[P_neut(2)] = 0.0036763097
E[P_neut(3)] = 0.0021653264
E[P_neut(4)] = 0.0015972634
E[P_neut(5)] = 0.0011508268
E[P_neut(6)] = 0.0009602134
E[P_neut(7)] = 0.0009096949
E[P_neut(8)] = 0.0008194182
E[P_neut(9)] = 0.0007033480
E[P_neut(10)] = 0.0006343766
E[P_neut(11)] = 0.0004865945
E[P_neut(12)] = 0.0005419492
E[P_neut(13)] = 0.0004697136
E[P_neut(14)] = 0.0004398375
E[P_neut(15)] = 0.0003988474
E[P_neut(16)] = 0.0003812130
E[P_neut(17)] = 0.0004221890
E[P_neut(18)] = 0.0003442541
E[P_neut(19)] = 0.0004381327
E[P_neut(20)] = 0.0003376221
E[P_neut(21)] = 0.0003216185
E[P_neut(22)] = 0.0003986501
E[P_neut(23)] = 0.0003681054
E[P_neut(24)] = 0.0003190481
E[P_neut(25)] = 0.0003604874
E[P_neut(26)] = 0.0003546848
E[P_neut(27)] = 0.0002532412
E[P_neut(28)] = 0.0002910509
E[P_neut(29)] = 0.0002514046
E[P_neut(30)] = 0.0002485797
E[P_neut(31)] = 0.0002940278
E[P_neut(32)] = 0.0002912545
E[P_neut(33)] = 0.0003296324
E[P_neut(34)] = 0.0003343716
E[P_neut(35)] = 0.0002144376
E[P_neut(36)] = 0.0002605275
E[P_neut(37)] = 0.0003257508
E[P_neut(38)] = 0.0003303160
E[P_neut(39)] = 0.0003081411
E[P_neut(40)] = 0.0003850349
E[P_neut(41)] = 0.0004353051
E[P_neut(42)] = 0.0003159811
E[P_neut(43)] = 0.0004367130
E[P_neut(44)] = 0.0004445523
E[P_neut(45)] = 0.0004247250
E[P_neut(46)] = 0.0004183136
E[P_neut(47)] = 0.0005249199
E[P_neut(48)] = 0.0006703609
E[P_neut(49)] = 0.0007413751

---- Expected P_sel(i), 0 < i < n (selected SFS per site) 
E[P_sel(1)] = 0.0049487923
E[P_sel(2)] = 0.0017339988
E[P_sel(3)] = 0.0009112464
E[P_sel(4)] = 0.0006234479
E[P_sel(5)] = 0.0004246928
E[P_sel(6)] = 0.0003390433
E[P_sel(7)] = 0.0003098653
E[P_sel(8)] = 0.0002708798
E[P_sel(9)] = 0.0002262558
E[P_sel(10)] = 0.0001994180
E[P_sel(11)] = 0.0001498277
E[P_sel(12)] = 0.0001638110
E[P_sel(13)] = 0.0001395600
E[P_sel(14)] = 0.0001287071
E[P_sel(15)] = 0.0001150659
E[P_sel(16)] = 0.0001084440
E[P_sel(17)] = 0.0001186480
E[P_sel(18)] = 0.0000956206
E[P_sel(19)] = 0.0001204089
E[P_sel(20)] = 0.0000918274
E[P_sel(21)] = 0.0000866228
E[P_sel(22)] = 0.0001063869
E[P_sel(23)] = 0.0000973770
E[P_sel(24)] = 0.0000836853
E[P_sel(25)] = 0.0000938084
E[P_sel(26)] = 0.0000915971
E[P_sel(27)] = 0.0000649409
E[P_sel(28)] = 0.0000741208
E[P_sel(29)] = 0.0000635962
E[P_sel(30)] = 0.0000624878
E[P_sel(31)] = 0.0000734770
E[P_sel(32)] = 0.0000723183
E[P_sel(33)] = 0.0000813981
E[P_sel(34)] = 0.0000820884
E[P_sel(35)] = 0.0000524709
E[P_sel(36)] = 0.0000634040
E[P_sel(37)] = 0.0000788335
E[P_sel(38)] = 0.0000796311
E[P_sel(39)] = 0.0000739425
E[P_sel(40)] = 0.0000920405
E[P_sel(41)] = 0.0001036329
E[P_sel(42)] = 0.0000753986
E[P_sel(43)] = 0.0001035663
E[P_sel(44)] = 0.0001052103
E[P_sel(45)] = 0.0001008042
E[P_sel(46)] = 0.0001003682
E[P_sel(47)] = 0.0001268581
E[P_sel(48)] = 0.0001668857
E[P_sel(49)] = 0.0002145115

---- alpha_dfe = 0.000803

