---- Running command
---- ./polyDFE -d /home/jejames/ArabidopsisCrossGenome/PolyDFE15/fpkm15polcounts1_662.313062616693_PolyDFE.input -m C -i /home/jejames/ArabidopsisCrossGenome/model.txt 1 -e 
---- Performing inference using model C

---- Performing inference on /home/jejames/ArabidopsisCrossGenome/PolyDFE15/fpkm15polcounts1_662.313062616693_PolyDFE.input
----      with -i /home/jejames/ArabidopsisCrossGenome/model.txt 1
---- Data /home/jejames/ArabidopsisCrossGenome/PolyDFE15/fpkm15polcounts1_662.313062616693_PolyDFE.input does not contain divergence counts. Using option -w.
---- No mutation variability. Using Poisson likelihood.


---- Calculating initial values

-- Starting local optimization
-- Optimizing all parameters
  it        eps_an     theta_bar           S_d             b           p_b           S_b           r 2           r 3           r 4           r 5           r 6           r 7           r 8           r 9          r 10          r 11          r 12          r 13          r 14          r 15          r 16          r 17          r 18          r 19          r 20          r 21          r 22          r 23          r 24          r 25          r 26          r 27          r 28          r 29          r 30          r 31          r 32          r 33          r 34          r 35          r 36          r 37          r 38          r 39          r 40          r 41          r 42          r 43          r 44          r 45          r 46          r 47          r 48          r 49           ln lk          grad status 
   0           0.1 0.01047951108        -20000         0.208           0.1            20 0.85420560747 0.69785046728 0.72149532710 0.56542056074 0.56523364485 0.66598130841 0.64149532710 0.68130841121 0.58598130841 0.56747663551 0.56299065420 0.72897196261 0.59532710280 0.63785046728 0.66990654205 0.84364485981 0.54168224299 0.67654205607 0.76635514018 0.81056074766 0.64766355140 0.80607476635 0.92186915887 1.05140186915 0.82373831775 0.84532710280 0.92897196261 1.18439252336 0.70093457943 0.89523364485 1.25009345794 1.16887850467 1.11850467289 1.09579439252 1.39626168224 1.52149532710 1.27140186915 1.77869158878 1.35700934579 1.87757009345 2.04897196261 1.77626168224 2.10542056074 2.39719626168 3.13831775700 3.86981308411 6.14579439252             1 -3774.943006111 26.0100283540   -2 
 565 0.00295107082 0.00911479112 -28.430851003 0.35598078927 0.00036483590 0.43100390719 0.80912352940 0.75750209331 0.65431834795 0.65181254372 0.63160748272 0.64581579311 0.62765945147 0.64909253443 0.57467811077 0.67729512187 0.53172281102 0.70348272667 0.57587821568 0.62496235346 0.67441239652 0.77501365302 0.65418949632 0.69105819587 0.82228032027 0.67582394530 0.63750248306 0.69606643377 0.79864442090 0.87258432438 0.77471828884 0.67440566241 0.91547917640 0.93232818102 0.90321780715 0.81389638508 1.06822336679 0.87412878383 0.93044676649 0.92296561347 1.00772079089 1.16384282116 1.17261090719 1.50201752308 1.24189947340 1.46394113563 1.58461586591 1.59149568196 1.63185439969 1.87833345220 2.40169196638 2.62343448603 3.55015628828 3.87263323845 -327.9510771642 0.00022760362   -8 
-- Local optimization: reached maximum number of likelihood evaluations allowed.
---- Best joint likelihood found -327.951077164285607 with gradient 0.00023

---- Results for /home/jejames/ArabidopsisCrossGenome/PolyDFE15/fpkm15polcounts1_662.313062616693_PolyDFE.input 
--  Model: C
--        eps_an     theta_bar             a 
-- 0.00295107082 0.00911479112            -1 
--           S_d             b           p_b           S_b 
-- -28.430851003 0.35598078927 0.00036483590 0.43100390719 
--           r 2           r 3           r 4           r 5           r 6           r 7           r 8           r 9          r 10          r 11          r 12          r 13          r 14          r 15          r 16          r 17          r 18          r 19          r 20          r 21          r 22          r 23          r 24          r 25          r 26          r 27          r 28          r 29          r 30          r 31          r 32          r 33          r 34          r 35          r 36          r 37          r 38          r 39          r 40          r 41          r 42          r 43          r 44          r 45          r 46          r 47          r 48          r 49 
-- 0.80912352940 0.75750209331 0.65431834795 0.65181254372 0.63160748272 0.64581579311 0.62765945147 0.64909253443 0.57467811077 0.67729512187 0.53172281102 0.70348272667 0.57587821568 0.62496235346 0.67441239652 0.77501365302 0.65418949632 0.69105819587 0.82228032027 0.67582394530 0.63750248306 0.69606643377 0.79864442090 0.87258432438 0.77471828884 0.67440566241 0.91547917640 0.93232818102 0.90321780715 0.81389638508 1.06822336679 0.87412878383 0.93044676649 0.92296561347 1.00772079089 1.16384282116 1.17261090719 1.50201752308 1.24189947340 1.46394113563 1.58461586591 1.59149568196 1.63185439969 1.87833345220 2.40169196638 2.62343448603 3.55015628828 3.87263323845 

---- Expected P_neut(i), 0 < i < n (neutral SFS per site) 
E[P_neut(1)] = 0.0090900186
E[P_neut(2)] = 0.0036786034
E[P_neut(3)] = 0.0022962007
E[P_neut(4)] = 0.0014879981
E[P_neut(5)] = 0.0011858433
E[P_neut(6)] = 0.0009576611
E[P_neut(7)] = 0.0008394391
E[P_neut(8)] = 0.0007140276
E[P_neut(9)] = 0.0006563919
E[P_neut(10)] = 0.0005230964
E[P_neut(11)] = 0.0005605983
E[P_neut(12)] = 0.0004035167
E[P_neut(13)] = 0.0004926288
E[P_neut(14)] = 0.0003745758
E[P_neut(15)] = 0.0003793487
E[P_neut(16)] = 0.0003837978
E[P_neut(17)] = 0.0004150208
E[P_neut(18)] = 0.0003311870
E[P_neut(19)] = 0.0003312464
E[P_neut(20)] = 0.0003744496
E[P_neut(21)] = 0.0002933322
E[P_neut(22)] = 0.0002642228
E[P_neut(23)] = 0.0002757057
E[P_neut(24)] = 0.0003032179
E[P_neut(25)] = 0.0003181370
E[P_neut(26)] = 0.0002716857
E[P_neut(27)] = 0.0002278113
E[P_neut(28)] = 0.0002979143
E[P_neut(29)] = 0.0002930346
E[P_neut(30)] = 0.0002747175
E[P_neut(31)] = 0.0002395784
E[P_neut(32)] = 0.0003043494
E[P_neut(33)] = 0.0002419532
E[P_neut(34)] = 0.0002498338
E[P_neut(35)] = 0.0002407725
E[P_neut(36)] = 0.0002554970
E[P_neut(37)] = 0.0002873172
E[P_neut(38)] = 0.0002816277
E[P_neut(39)] = 0.0003516607
E[P_neut(40)] = 0.0002837020
E[P_neut(41)] = 0.0003264312
E[P_neut(42)] = 0.0003449870
E[P_neut(43)] = 0.0003388384
E[P_neut(44)] = 0.0003398797
E[P_neut(45)] = 0.0003828419
E[P_neut(46)] = 0.0004788852
E[P_neut(47)] = 0.0005140576
E[P_neut(48)] = 0.0006830371
E[P_neut(49)] = 0.0007451448

---- Expected P_sel(i), 0 < i < n (selected SFS per site) 
E[P_sel(1)] = 0.0070219652
E[P_sel(2)] = 0.0024073537
E[P_sel(3)] = 0.0013383498
E[P_sel(4)] = 0.0007951847
E[P_sel(5)] = 0.0005918797
E[P_sel(6)] = 0.0004519700
E[P_sel(7)] = 0.0003779124
E[P_sel(8)] = 0.0003086349
E[P_sel(9)] = 0.0002738006
E[P_sel(10)] = 0.0002113984
E[P_sel(11)] = 0.0002201897
E[P_sel(12)] = 0.0001544491
E[P_sel(13)] = 0.0001841807
E[P_sel(14)] = 0.0001370261
E[P_sel(15)] = 0.0001360137
E[P_sel(16)] = 0.0001350549
E[P_sel(17)] = 0.0001435117
E[P_sel(18)] = 0.0001126373
E[P_sel(19)] = 0.0001109352
E[P_sel(20)] = 0.0001235804
E[P_sel(21)] = 0.0000954675
E[P_sel(22)] = 0.0000848652
E[P_sel(23)] = 0.0000874522
E[P_sel(24)] = 0.0000950308
E[P_sel(25)] = 0.0000985683
E[P_sel(26)] = 0.0000832563
E[P_sel(27)] = 0.0000690795
E[P_sel(28)] = 0.0000894198
E[P_sel(29)] = 0.0000871016
E[P_sel(30)] = 0.0000809015
E[P_sel(31)] = 0.0000699171
E[P_sel(32)] = 0.0000880313
E[P_sel(33)] = 0.0000694181
E[P_sel(34)] = 0.0000710870
E[P_sel(35)] = 0.0000679701
E[P_sel(36)] = 0.0000715681
E[P_sel(37)] = 0.0000799040
E[P_sel(38)] = 0.0000777346
E[P_sel(39)] = 0.0000964060
E[P_sel(40)] = 0.0000772772
E[P_sel(41)] = 0.0000883607
E[P_sel(42)] = 0.0000928079
E[P_sel(43)] = 0.0000906792
E[P_sel(44)] = 0.0000905124
E[P_sel(45)] = 0.0001014916
E[P_sel(46)] = 0.0001263539
E[P_sel(47)] = 0.0001357410
E[P_sel(48)] = 0.0001807257
E[P_sel(49)] = 0.0002052323

---- alpha_dfe = 0.001789

