---- Running command
---- ./polyDFE -d /home/jejames/ArabidopsisCrossGenome/PolyDFE15/fpkm15polcounts11_616658.848081249_PolyDFE.input -m C -i /home/jejames/ArabidopsisCrossGenome/model.txt 1 -e 
---- Performing inference using model C

---- Performing inference on /home/jejames/ArabidopsisCrossGenome/PolyDFE15/fpkm15polcounts11_616658.848081249_PolyDFE.input
----      with -i /home/jejames/ArabidopsisCrossGenome/model.txt 1
---- Data /home/jejames/ArabidopsisCrossGenome/PolyDFE15/fpkm15polcounts11_616658.848081249_PolyDFE.input does not contain divergence counts. Using option -w.
---- No mutation variability. Using Poisson likelihood.


---- Calculating initial values

-- Starting local optimization
-- Optimizing all parameters
  it        eps_an     theta_bar           S_d             b           p_b           S_b           r 2           r 3           r 4           r 5           r 6           r 7           r 8           r 9          r 10          r 11          r 12          r 13          r 14          r 15          r 16          r 17          r 18          r 19          r 20          r 21          r 22          r 23          r 24          r 25          r 26          r 27          r 28          r 29          r 30          r 31          r 32          r 33          r 34          r 35          r 36          r 37          r 38          r 39          r 40          r 41          r 42          r 43          r 44          r 45          r 46          r 47          r 48          r 49           ln lk          grad status 
   0           0.1 0.00938844622        -80000         0.208           0.1            20 0.75592099383 0.73491822325 0.62775940656 0.62561444275 0.60380731075 0.63499865939 0.57985521494 0.61292340691 0.62293323800 0.64491911698 0.57377781749 0.73777817499 0.67316114040 0.52283492716 0.62060952721 0.57279470908 0.52122620430 0.59093752792 0.62740191259 0.49924032531 0.54070962552 0.89007060505 0.62847439449 0.87139154526 0.73661631959 0.90973277325 0.98847081955 0.81383501653 0.96255250692 0.91983197783 0.78934667977 0.80516578782 1.17293770667 1.21994816337 1.42211100187 1.43846635088 1.40941996603 1.33845741353 1.54794887836 1.67825542943 1.57279470908 2.20975958530 2.09991956385 2.41308427920 3.14094199660 3.81830369112 4.72321029582             1 -2755.656373607 39.2294810831   -2 
 877 0.01365514137 0.00815960862 -551.17029402 0.27779830078 0.00004795231 0.31195970386 0.79352102181 0.74891391658 0.69128814886 0.69269132718 0.66023915675 0.66399179255 0.60381830842 0.60402746406 0.60597622151 0.68916131364 0.67356857841 0.67176333659 0.55845199139 0.58952437336 0.66292761916 0.56907259283 0.49757859614 0.55405560470 0.60458974325 0.45913342889 0.53499803531 0.79135394388 0.54444996590 0.80596311518 0.55629736228 0.78448248506 0.75228603572 0.74025329903 0.73533154899 0.70178451350 0.63268967611 0.70006310268 0.97149778963 1.07291475592 1.10677724347 1.20677144381 1.18203979682 1.09445533404 1.20697521761 1.27655167769 1.32340496908 1.73515616604 1.41234811106 1.85101117734 2.19487584007 2.34074150615 2.56490186223 3.39384120550 -308.4981987025 0.00009725885    0 
---- Best joint likelihood found -308.498198702569709 with gradient 0.00010

---- Results for /home/jejames/ArabidopsisCrossGenome/PolyDFE15/fpkm15polcounts11_616658.848081249_PolyDFE.input 
--  Model: C
--        eps_an     theta_bar             a 
-- 0.01365514137 0.00815960862            -1 
--           S_d             b           p_b           S_b 
-- -551.17029402 0.27779830078 0.00004795231 0.31195970386 
--           r 2           r 3           r 4           r 5           r 6           r 7           r 8           r 9          r 10          r 11          r 12          r 13          r 14          r 15          r 16          r 17          r 18          r 19          r 20          r 21          r 22          r 23          r 24          r 25          r 26          r 27          r 28          r 29          r 30          r 31          r 32          r 33          r 34          r 35          r 36          r 37          r 38          r 39          r 40          r 41          r 42          r 43          r 44          r 45          r 46          r 47          r 48          r 49 
-- 0.79352102181 0.74891391658 0.69128814886 0.69269132718 0.66023915675 0.66399179255 0.60381830842 0.60402746406 0.60597622151 0.68916131364 0.67356857841 0.67176333659 0.55845199139 0.58952437336 0.66292761916 0.56907259283 0.49757859614 0.55405560470 0.60458974325 0.45913342889 0.53499803531 0.79135394388 0.54444996590 0.80596311518 0.55629736228 0.78448248506 0.75228603572 0.74025329903 0.73533154899 0.70178451350 0.63268967611 0.70006310268 0.97149778963 1.07291475592 1.10677724347 1.20677144381 1.18203979682 1.09445533404 1.20697521761 1.27655167769 1.32340496908 1.73515616604 1.41234811106 1.85101117734 2.19487584007 2.34074150615 2.56490186223 3.39384120550 

---- Expected P_neut(i), 0 < i < n (neutral SFS per site) 
E[P_neut(1)] = 0.0080559052
E[P_neut(2)] = 0.0031991570
E[P_neut(3)] = 0.0020146824
E[P_neut(4)] = 0.0013962206
E[P_neut(5)] = 0.0011195651
E[P_neut(6)] = 0.0008891979
E[P_neut(7)] = 0.0007679148
E[P_neut(8)] = 0.0006109662
E[P_neut(9)] = 0.0005436165
E[P_neut(10)] = 0.0004910631
E[P_neut(11)] = 0.0005073540
E[P_neut(12)] = 0.0004552164
E[P_neut(13)] = 0.0004195169
E[P_neut(14)] = 0.0003244631
E[P_neut(15)] = 0.0003197224
E[P_neut(16)] = 0.0003366441
E[P_neut(17)] = 0.0002717756
E[P_neut(18)] = 0.0002246811
E[P_neut(19)] = 0.0002372141
E[P_neut(20)] = 0.0002460236
E[P_neut(21)] = 0.0001788057
E[P_neut(22)] = 0.0001987102
E[P_neut(23)] = 0.0002801489
E[P_neut(24)] = 0.0001849604
E[P_neut(25)] = 0.0002630537
E[P_neut(26)] = 0.0001747271
E[P_neut(27)] = 0.0002376730
E[P_neut(28)] = 0.0002189431
E[P_neut(29)] = 0.0002078739
E[P_neut(30)] = 0.0002006377
E[P_neut(31)] = 0.0001854457
E[P_neut(32)] = 0.0001622052
E[P_neut(33)] = 0.0001744643
E[P_neut(34)] = 0.0002345811
E[P_neut(35)] = 0.0002510939
E[P_neut(36)] = 0.0002518765
E[P_neut(37)] = 0.0002682528
E[P_neut(38)] = 0.0002566036
E[P_neut(39)] = 0.0002328366
E[P_neut(40)] = 0.0002496009
E[P_neut(41)] = 0.0002580615
E[P_neut(42)] = 0.0002620052
E[P_neut(43)] = 0.0003353332
E[P_neut(44)] = 0.0002705981
E[P_neut(45)] = 0.0003464868
E[P_neut(46)] = 0.0004032728
E[P_neut(47)] = 0.0004286388
E[P_neut(48)] = 0.0004742659
E[P_neut(49)] = 0.0006688547

---- Expected P_sel(i), 0 < i < n (selected SFS per site) 
E[P_sel(1)] = 0.0035069881
E[P_sel(2)] = 0.0010615886
E[P_sel(3)] = 0.0005829522
E[P_sel(4)] = 0.0003696579
E[P_sel(5)] = 0.0002778317
E[P_sel(6)] = 0.0002097687
E[P_sel(7)] = 0.0001736762
E[P_sel(8)] = 0.0001334256
E[P_sel(9)] = 0.0001151528
E[P_sel(10)] = 0.0001012742
E[P_sel(11)] = 0.0001021983
E[P_sel(12)] = 0.0000897238
E[P_sel(13)] = 0.0000810770
E[P_sel(14)] = 0.0000615774
E[P_sel(15)] = 0.0000596900
E[P_sel(16)] = 0.0000619129
E[P_sel(17)] = 0.0000492834
E[P_sel(18)] = 0.0000401991
E[P_sel(19)] = 0.0000419108
E[P_sel(20)] = 0.0000429568
E[P_sel(21)] = 0.0000308642
E[P_sel(22)] = 0.0000339441
E[P_sel(23)] = 0.0000473869
E[P_sel(24)] = 0.0000309875
E[P_sel(25)] = 0.0000436713
E[P_sel(26)] = 0.0000287569
E[P_sel(27)] = 0.0000387952
E[P_sel(28)] = 0.0000354476
E[P_sel(29)] = 0.0000333955
E[P_sel(30)] = 0.0000320104
E[P_sel(31)] = 0.0000293816
E[P_sel(32)] = 0.0000255315
E[P_sel(33)] = 0.0000272946
E[P_sel(34)] = 0.0000364620
E[P_sel(35)] = 0.0000387770
E[P_sel(36)] = 0.0000386739
E[P_sel(37)] = 0.0000410010
E[P_sel(38)] = 0.0000390494
E[P_sel(39)] = 0.0000353257
E[P_sel(40)] = 0.0000376588
E[P_sel(41)] = 0.0000388001
E[P_sel(42)] = 0.0000392985
E[P_sel(43)] = 0.0000501152
E[P_sel(44)] = 0.0000406623
E[P_sel(45)] = 0.0000519909
E[P_sel(46)] = 0.0000606924
E[P_sel(47)] = 0.0000658008
E[P_sel(48)] = 0.0000763484
E[P_sel(49)] = 0.0001280975

---- alpha_dfe = 0.000397

