---- Running command
---- ./polyDFE -d /home/jejames/ArabidopsisCrossGenome/PolyDFE15/fpkm15polcounts3_8421.26617304759_PolyDFE.input -m C -i /home/jejames/ArabidopsisCrossGenome/model.txt 1 -e 
---- Performing inference using model C

---- Performing inference on /home/jejames/ArabidopsisCrossGenome/PolyDFE15/fpkm15polcounts3_8421.26617304759_PolyDFE.input
----      with -i /home/jejames/ArabidopsisCrossGenome/model.txt 1
---- Data /home/jejames/ArabidopsisCrossGenome/PolyDFE15/fpkm15polcounts3_8421.26617304759_PolyDFE.input does not contain divergence counts. Using option -w.
---- No mutation variability. Using Poisson likelihood.


---- Calculating initial values

-- Starting local optimization
-- Optimizing all parameters
  it        eps_an     theta_bar           S_d             b           p_b           S_b           r 2           r 3           r 4           r 5           r 6           r 7           r 8           r 9          r 10          r 11          r 12          r 13          r 14          r 15          r 16          r 17          r 18          r 19          r 20          r 21          r 22          r 23          r 24          r 25          r 26          r 27          r 28          r 29          r 30          r 31          r 32          r 33          r 34          r 35          r 36          r 37          r 38          r 39          r 40          r 41          r 42          r 43          r 44          r 45          r 46          r 47          r 48          r 49           ln lk          grad status 
   0           0.1 0.01014873980        -20000         0.208           0.1            20 0.81443597413 0.78886422850 0.68590176589 0.66631284377 0.71793882080 0.63292482871 0.69632345845 0.54366496188 0.77680208433 0.67403261603 0.69362153816 0.74138762906 0.72411463861 0.47621345170 0.62838946251 0.66602335231 0.51066293544 0.62887194827 0.57705297693 0.73357135964 0.84068319984 0.68358583421 0.90321335520 1.03734439834 0.97848113480 1.17765125928 0.76734536331 1.28167519058 1.07401331660 1.09784811348 0.75962559104 1.19096786644 1.25658593071 1.08414551770 1.47293254848 1.56740326160 1.28707903116 1.63707420631 2.02644022001 1.71707034642 2.09939206793 2.46058091286 2.54752484801 3.25243655312 3.16491363504 4.19521374119 5.83614783363             1 -3027.206887396 26.1514664813   -2 
 838 0.00653462476 0.00869182834 -107.12559618 0.28015197082 0.00010559537 0.27097246040 0.81064205294 0.78427931447 0.76460660591 0.75014405326 0.76461282057 0.73953752550 0.77389412128 0.65529149918 0.75031741326 0.72389099281 0.65645702348 0.70429313436 0.75065378264 0.54100154664 0.68148673496 0.69679657698 0.62309646005 0.66931819962 0.66086823125 0.81566014790 0.75441662346 0.67969667207 0.78232773148 0.98236997253 0.78022378971 0.88194174127 0.74225556665 1.14838249550 0.94121026746 0.87106597220 0.73949902700 0.89067143488 0.94954935947 0.92219374689 1.21060111853 1.37579091840 1.30145797255 1.31968186430 1.49436271810 1.14241838639 1.40456540226 1.87206641595 1.91126044562 2.44678928241 2.42403036258 2.65857841013 3.68096510225 4.13236829509 -335.5734292975 0.00045186693   -8 
-- Local optimization: reached maximum number of likelihood evaluations allowed.
---- Best joint likelihood found -335.573429297560665 with gradient 0.00045

---- Results for /home/jejames/ArabidopsisCrossGenome/PolyDFE15/fpkm15polcounts3_8421.26617304759_PolyDFE.input 
--  Model: C
--        eps_an     theta_bar             a 
-- 0.00653462476 0.00869182834            -1 
--           S_d             b           p_b           S_b 
-- -107.12559618 0.28015197082 0.00010559537 0.27097246040 
--           r 2           r 3           r 4           r 5           r 6           r 7           r 8           r 9          r 10          r 11          r 12          r 13          r 14          r 15          r 16          r 17          r 18          r 19          r 20          r 21          r 22          r 23          r 24          r 25          r 26          r 27          r 28          r 29          r 30          r 31          r 32          r 33          r 34          r 35          r 36          r 37          r 38          r 39          r 40          r 41          r 42          r 43          r 44          r 45          r 46          r 47          r 48          r 49 
-- 0.81064205294 0.78427931447 0.76460660591 0.75014405326 0.76461282057 0.73953752550 0.77389412128 0.65529149918 0.75031741326 0.72389099281 0.65645702348 0.70429313436 0.75065378264 0.54100154664 0.68148673496 0.69679657698 0.62309646005 0.66931819962 0.66086823125 0.81566014790 0.75441662346 0.67969667207 0.78232773148 0.98236997253 0.78022378971 0.88194174127 0.74225556665 1.14838249550 0.94121026746 0.87106597220 0.73949902700 0.89067143488 0.94954935947 0.92219374689 1.21060111853 1.37579091840 1.30145797255 1.31968186430 1.49436271810 1.14241838639 1.40456540226 1.87206641595 1.91126044562 2.44678928241 2.42403036258 2.65857841013 3.68096510225 4.13236829509 

---- Expected P_neut(i), 0 < i < n (neutral SFS per site) 
E[P_neut(1)] = 0.0086398205
E[P_neut(2)] = 0.0035043151
E[P_neut(3)] = 0.0022606381
E[P_neut(4)] = 0.0016535934
E[P_neut(5)] = 0.0012985916
E[P_neut(6)] = 0.0011028763
E[P_neut(7)] = 0.0009147484
E[P_neut(8)] = 0.0008372244
E[P_neut(9)] = 0.0006303006
E[P_neut(10)] = 0.0006500233
E[P_neut(11)] = 0.0005701784
E[P_neut(12)] = 0.0004743225
E[P_neut(13)] = 0.0004699268
E[P_neut(14)] = 0.0004649042
E[P_neut(15)] = 0.0003129342
E[P_neut(16)] = 0.0003693774
E[P_neut(17)] = 0.0003554659
E[P_neut(18)] = 0.0003002268
E[P_neut(19)] = 0.0003057845
E[P_neut(20)] = 0.0002871128
E[P_neut(21)] = 0.0003376420
E[P_neut(22)] = 0.0002976152
E[P_neut(23)] = 0.0002570379
E[P_neut(24)] = 0.0002831804
E[P_neut(25)] = 0.0003415436
E[P_neut(26)] = 0.0002609767
E[P_neut(27)] = 0.0002837375
E[P_neut(28)] = 0.0002308548
E[P_neut(29)] = 0.0003441481
E[P_neut(30)] = 0.0002727894
E[P_neut(31)] = 0.0002446357
E[P_neut(32)] = 0.0002015160
E[P_neut(33)] = 0.0002353879
E[P_neut(34)] = 0.0002435776
E[P_neut(35)] = 0.0002295677
E[P_neut(36)] = 0.0002934225
E[P_neut(37)] = 0.0003241581
E[P_neut(38)] = 0.0002988474
E[P_neut(39)] = 0.0002959299
E[P_neut(40)] = 0.0003268583
E[P_neut(41)] = 0.0002447408
E[P_neut(42)] = 0.0002942674
E[P_neut(43)] = 0.0003819390
E[P_neut(44)] = 0.0003823242
E[P_neut(45)] = 0.0004780346
E[P_neut(46)] = 0.0004658913
E[P_neut(47)] = 0.0005032933
E[P_neut(48)] = 0.0006852140
E[P_neut(49)] = 0.0007850249

---- Expected P_sel(i), 0 < i < n (selected SFS per site) 
E[P_sel(1)] = 0.0054232087
E[P_sel(2)] = 0.0017746228
E[P_sel(3)] = 0.0010113188
E[P_sel(4)] = 0.0006800388
E[P_sel(5)] = 0.0005014962
E[P_sel(6)] = 0.0004053217
E[P_sel(7)] = 0.0003226516
E[P_sel(8)] = 0.0002852732
E[P_sel(9)] = 0.0002083829
E[P_sel(10)] = 0.0002092338
E[P_sel(11)] = 0.0001792337
E[P_sel(12)] = 0.0001459240
E[P_sel(13)] = 0.0001417748
E[P_sel(14)] = 0.0001377896
E[P_sel(15)] = 0.0000912209
E[P_sel(16)] = 0.0001060476
E[P_sel(17)] = 0.0001006056
E[P_sel(18)] = 0.0000838407
E[P_sel(19)] = 0.0000843161
E[P_sel(20)] = 0.0000782259
E[P_sel(21)] = 0.0000909627
E[P_sel(22)] = 0.0000793364
E[P_sel(23)] = 0.0000678213
E[P_sel(24)] = 0.0000740025
E[P_sel(25)] = 0.0000884322
E[P_sel(26)] = 0.0000669771
E[P_sel(27)] = 0.0000722006
E[P_sel(28)] = 0.0000582745
E[P_sel(29)] = 0.0000861842
E[P_sel(30)] = 0.0000678028
E[P_sel(31)] = 0.0000603735
E[P_sel(32)] = 0.0000493964
E[P_sel(33)] = 0.0000573141
E[P_sel(34)] = 0.0000589252
E[P_sel(35)] = 0.0000551770
E[P_sel(36)] = 0.0000701215
E[P_sel(37)] = 0.0000769965
E[P_sel(38)] = 0.0000706022
E[P_sel(39)] = 0.0000695858
E[P_sel(40)] = 0.0000764738
E[P_sel(41)] = 0.0000570723
E[P_sel(42)] = 0.0000683693
E[P_sel(43)] = 0.0000882310
E[P_sel(44)] = 0.0000881388
E[P_sel(45)] = 0.0001097525
E[P_sel(46)] = 0.0001071382
E[P_sel(47)] = 0.0001163269
E[P_sel(48)] = 0.0001596628
E[P_sel(49)] = 0.0001976714

---- alpha_dfe = 0.000550

