---- Running command
---- ./polyDFE -d /home/jejames/ArabidopsisCrossGenome/PolyDFE15/fpkm15polcounts12_836272.928101613_PolyDFE.input -m C -i /home/jejames/ArabidopsisCrossGenome/model.txt 1 -e 
---- Performing inference using model C

---- Performing inference on /home/jejames/ArabidopsisCrossGenome/PolyDFE15/fpkm15polcounts12_836272.928101613_PolyDFE.input
----      with -i /home/jejames/ArabidopsisCrossGenome/model.txt 1
---- Data /home/jejames/ArabidopsisCrossGenome/PolyDFE15/fpkm15polcounts12_836272.928101613_PolyDFE.input does not contain divergence counts. Using option -w.
---- No mutation variability. Using Poisson likelihood.


---- Calculating initial values

-- Starting local optimization
-- Optimizing all parameters
  it        eps_an     theta_bar           S_d             b           p_b           S_b           r 2           r 3           r 4           r 5           r 6           r 7           r 8           r 9          r 10          r 11          r 12          r 13          r 14          r 15          r 16          r 17          r 18          r 19          r 20          r 21          r 22          r 23          r 24          r 25          r 26          r 27          r 28          r 29          r 30          r 31          r 32          r 33          r 34          r 35          r 36          r 37          r 38          r 39          r 40          r 41          r 42          r 43          r 44          r 45          r 46          r 47          r 48          r 49           ln lk          grad status 
   0           0.1 0.00907565898        -20000         0.406           0.1            20 0.84062295999 0.75538561969 0.65504056700 0.70782430290 0.65298890235 0.57120208896 0.56103702322 0.66390002797 0.63601604028 0.73757344026 0.48904224564 0.60981068730 0.72983306910 0.67984705772 0.80276042152 0.40744194721 0.73356336846 0.71761633871 0.62855544157 0.71090179986 0.52932947869 0.70138953651 0.54611582579 0.81600298423 0.66921570456 0.56150331064 0.84080947496 0.83027137927 0.87568777394 0.82392987037 0.75501258976 1.20945630886 1.40147346824 1.22074046442 1.31269234356 1.26634337405 1.46358295253 1.42208337219 1.41005315676 2.13736827380 2.06807796325 2.06518698125 2.39224097733 2.61027697472 3.27744101464 4.12011563928 5.74316888930             1 -2740.383755699 28.9641599563   -2 
 732 0.00009440151 0.00805878360 -1589.4541630 0.23806293030 0.00009803388 0.18939558555 0.82842526743 0.71458666304 0.59890593486 0.68036458686 0.71658406376 0.61369238243 0.53896360738 0.70214143469 0.64884128029 0.70050451233 0.55043642031 0.59484307091 0.69716975619 0.69549083336 0.64819317103 0.42671374029 0.61690326731 0.66333497110 0.71093535585 0.58749512339 0.55397626313 0.63720716703 0.60872960487 0.75856259997 0.67656199692 0.55843820600 0.67766419106 0.77564587087 0.68533437184 0.63281270128 0.79865984321 1.04031140637 1.04016781855 0.96760165316 0.94299147000 1.00858335203 1.17254084735 1.18597261471 1.13741724039 1.50181060871 1.49846278627 1.69046802223 1.95769195571 1.84405765126 2.45468987491 2.63237081907 3.43281872093 5.04609492770 -312.3346832948 0.00035615551   -8 
-- Local optimization: reached maximum number of likelihood evaluations allowed.
---- Best joint likelihood found -312.334683294820252 with gradient 0.00036

---- Results for /home/jejames/ArabidopsisCrossGenome/PolyDFE15/fpkm15polcounts12_836272.928101613_PolyDFE.input 
--  Model: C
--        eps_an     theta_bar             a 
-- 0.00009440151 0.00805878360            -1 
--           S_d             b           p_b           S_b 
-- -1589.4541630 0.23806293030 0.00009803388 0.18939558555 
--           r 2           r 3           r 4           r 5           r 6           r 7           r 8           r 9          r 10          r 11          r 12          r 13          r 14          r 15          r 16          r 17          r 18          r 19          r 20          r 21          r 22          r 23          r 24          r 25          r 26          r 27          r 28          r 29          r 30          r 31          r 32          r 33          r 34          r 35          r 36          r 37          r 38          r 39          r 40          r 41          r 42          r 43          r 44          r 45          r 46          r 47          r 48          r 49 
-- 0.82842526743 0.71458666304 0.59890593486 0.68036458686 0.71658406376 0.61369238243 0.53896360738 0.70214143469 0.64884128029 0.70050451233 0.55043642031 0.59484307091 0.69716975619 0.69549083336 0.64819317103 0.42671374029 0.61690326731 0.66333497110 0.71093535585 0.58749512339 0.55397626313 0.63720716703 0.60872960487 0.75856259997 0.67656199692 0.55843820600 0.67766419106 0.77564587087 0.68533437184 0.63281270128 0.79865984321 1.04031140637 1.04016781855 0.96760165316 0.94299147000 1.00858335203 1.17254084735 1.18597261471 1.13741724039 1.50181060871 1.49846278627 1.69046802223 1.95769195571 1.84405765126 2.45468987491 2.63237081907 3.43281872093 5.04609492770 

---- Expected P_neut(i), 0 < i < n (neutral SFS per site) 
E[P_neut(1)] = 0.0080581012
E[P_neut(2)] = 0.0033377893
E[P_neut(3)] = 0.0019194278
E[P_neut(4)] = 0.0012065400
E[P_neut(5)] = 0.0010965099
E[P_neut(6)] = 0.0009624090
E[P_neut(7)] = 0.0007064795
E[P_neut(8)] = 0.0005428998
E[P_neut(9)] = 0.0006286803
E[P_neut(10)] = 0.0005228594
E[P_neut(11)] = 0.0005131760
E[P_neut(12)] = 0.0003696426
E[P_neut(13)] = 0.0003687330
E[P_neut(14)] = 0.0004012921
E[P_neut(15)] = 0.0003736398
E[P_neut(16)] = 0.0003264705
E[P_neut(17)] = 0.0002022869
E[P_neut(18)] = 0.0002761868
E[P_neut(19)] = 0.0002813402
E[P_neut(20)] = 0.0002864540
E[P_neut(21)] = 0.0002254513
E[P_neut(22)] = 0.0002029254
E[P_neut(23)] = 0.0002232605
E[P_neut(24)] = 0.0002044013
E[P_neut(25)] = 0.0002445237
E[P_neut(26)] = 0.0002097021
E[P_neut(27)] = 0.0001666843
E[P_neut(28)] = 0.0001950418
E[P_neut(29)] = 0.0002155445
E[P_neut(30)] = 0.0001841084
E[P_neut(31)] = 0.0001645175
E[P_neut(32)] = 0.0002011392
E[P_neut(33)] = 0.0002540449
E[P_neut(34)] = 0.0002465513
E[P_neut(35)] = 0.0002228055
E[P_neut(36)] = 0.0002111114
E[P_neut(37)] = 0.0002196885
E[P_neut(38)] = 0.0002486760
E[P_neut(39)] = 0.0002450893
E[P_neut(40)] = 0.0002291827
E[P_neut(41)] = 0.0002952209
E[P_neut(42)] = 0.0002875429
E[P_neut(43)] = 0.0003168534
E[P_neut(44)] = 0.0003586165
E[P_neut(45)] = 0.0003303137
E[P_neut(46)] = 0.0004301128
E[P_neut(47)] = 0.0004514941
E[P_neut(48)] = 0.0005766012
E[P_neut(49)] = 0.0008305883

---- Expected P_sel(i), 0 < i < n (selected SFS per site) 
E[P_sel(1)] = 0.0030140048
E[P_sel(2)] = 0.0009753643
E[P_sel(3)] = 0.0004983250
E[P_sel(4)] = 0.0002903287
E[P_sel(5)] = 0.0002496114
E[P_sel(6)] = 0.0002097593
E[P_sel(7)] = 0.0001485858
E[P_sel(8)] = 0.0001107920
E[P_sel(9)] = 0.0001249977
E[P_sel(10)] = 0.0001016016
E[P_sel(11)] = 0.0000977013
E[P_sel(12)] = 0.0000690884
E[P_sel(13)] = 0.0000677712
E[P_sel(14)] = 0.0000726285
E[P_sel(15)] = 0.0000666691
E[P_sel(16)] = 0.0000574885
E[P_sel(17)] = 0.0000351845
E[P_sel(18)] = 0.0000474869
E[P_sel(19)] = 0.0000478502
E[P_sel(20)] = 0.0000482226
E[P_sel(21)] = 0.0000375861
E[P_sel(22)] = 0.0000335200
E[P_sel(23)] = 0.0000365564
E[P_sel(24)] = 0.0000331889
E[P_sel(25)] = 0.0000393864
E[P_sel(26)] = 0.0000335190
E[P_sel(27)] = 0.0000264472
E[P_sel(28)] = 0.0000307279
E[P_sel(29)] = 0.0000337268
E[P_sel(30)] = 0.0000286190
E[P_sel(31)] = 0.0000254116
E[P_sel(32)] = 0.0000308778
E[P_sel(33)] = 0.0000387680
E[P_sel(34)] = 0.0000374084
E[P_sel(35)] = 0.0000336173
E[P_sel(36)] = 0.0000316807
E[P_sel(37)] = 0.0000327943
E[P_sel(38)] = 0.0000369315
E[P_sel(39)] = 0.0000362182
E[P_sel(40)] = 0.0000337037
E[P_sel(41)] = 0.0000432101
E[P_sel(42)] = 0.0000418921
E[P_sel(43)] = 0.0000459556
E[P_sel(44)] = 0.0000517859
E[P_sel(45)] = 0.0000474964
E[P_sel(46)] = 0.0000615867
E[P_sel(47)] = 0.0000643921
E[P_sel(48)] = 0.0000819244
E[P_sel(49)] = 0.0001176554

---- alpha_dfe = 0.000769

