---- Running command
---- ./polyDFE -d /home/jejames/ArabidopsisCrossGenome/PolyDFE15/fpkm15polcounts7_174352.946217258_PolyDFE.input -m C -i /home/jejames/ArabidopsisCrossGenome/model.txt 1 -e 
---- Performing inference using model C

---- Performing inference on /home/jejames/ArabidopsisCrossGenome/PolyDFE15/fpkm15polcounts7_174352.946217258_PolyDFE.input
----      with -i /home/jejames/ArabidopsisCrossGenome/model.txt 1
---- Data /home/jejames/ArabidopsisCrossGenome/PolyDFE15/fpkm15polcounts7_174352.946217258_PolyDFE.input does not contain divergence counts. Using option -w.
---- No mutation variability. Using Poisson likelihood.


---- Calculating initial values

-- Starting local optimization
-- Optimizing all parameters
  it        eps_an     theta_bar           S_d             b           p_b           S_b           r 2           r 3           r 4           r 5           r 6           r 7           r 8           r 9          r 10          r 11          r 12          r 13          r 14          r 15          r 16          r 17          r 18          r 19          r 20          r 21          r 22          r 23          r 24          r 25          r 26          r 27          r 28          r 29          r 30          r 31          r 32          r 33          r 34          r 35          r 36          r 37          r 38          r 39          r 40          r 41          r 42          r 43          r 44          r 45          r 46          r 47          r 48          r 49           ln lk          grad status 
   0           0.1 0.00943895492        -20000         0.208           0.1            20 0.73607524898 0.77489856141 0.58281077093 0.59618222058 0.66562154186 0.67585761711 0.59313906307 0.58345628919 0.60217631870 0.55689782368 0.72371818517 0.58142751752 0.69070453707 0.45647362596 0.66838804869 0.70389155293 0.65400221320 0.70084839542 0.68424935448 0.80560678716 0.79527849502 0.89717816303 0.96938399114 1.12965695315 1.01180376244 0.71458871265 1.05348579859 1.02692733308 0.82718554039 1.14348948727 1.02102545186 1.09857985983 1.24474363703 1.06510512725 1.37772039837 1.24538915529 1.56289192180 1.08253412025 1.61195130947 1.84129472519 2.30837329398 2.15317226115 2.38177794171 2.47740686093 2.96938399114 4.89330505348 4.95315381777             1 -2700.060293775 39.1670418794   -2 
 837 0.00484730892 0.00817334328 -387.37763009 0.24659087178 0.00008808831 0.32302386979 0.78057587420 0.74852320561 0.65123854426 0.61626708518 0.66104769346 0.68417469294 0.66317538318 0.57826627879 0.60737678158 0.62774597094 0.71070578423 0.54947324159 0.68856798364 0.58827269684 0.61863825647 0.59004594411 0.68174456148 0.64289881767 0.68064642911 0.70901009293 0.79343281170 0.87325482639 0.87273658033 0.98882123352 0.94156589052 0.83856732005 0.91009715706 0.85619944344 0.82180878472 0.93492328857 0.93860742939 0.94177364600 0.86533255037 0.98755334208 1.04929807719 0.99861185770 1.24914671188 1.03612438816 1.30225901086 1.33722501508 1.65742307181 1.77471300828 1.77597670326 2.16746510509 2.10267118495 3.10695010329 3.13891154480 3.70203299965 -321.2427471427 0.00040066662   -8 
-- Local optimization: reached maximum number of likelihood evaluations allowed.
---- Best joint likelihood found -321.242747142776125 with gradient 0.00040

---- Results for /home/jejames/ArabidopsisCrossGenome/PolyDFE15/fpkm15polcounts7_174352.946217258_PolyDFE.input 
--  Model: C
--        eps_an     theta_bar             a 
-- 0.00484730892 0.00817334328            -1 
--           S_d             b           p_b           S_b 
-- -387.37763009 0.24659087178 0.00008808831 0.32302386979 
--           r 2           r 3           r 4           r 5           r 6           r 7           r 8           r 9          r 10          r 11          r 12          r 13          r 14          r 15          r 16          r 17          r 18          r 19          r 20          r 21          r 22          r 23          r 24          r 25          r 26          r 27          r 28          r 29          r 30          r 31          r 32          r 33          r 34          r 35          r 36          r 37          r 38          r 39          r 40          r 41          r 42          r 43          r 44          r 45          r 46          r 47          r 48          r 49 
-- 0.78057587420 0.74852320561 0.65123854426 0.61626708518 0.66104769346 0.68417469294 0.66317538318 0.57826627879 0.60737678158 0.62774597094 0.71070578423 0.54947324159 0.68856798364 0.58827269684 0.61863825647 0.59004594411 0.68174456148 0.64289881767 0.68064642911 0.70901009293 0.79343281170 0.87325482639 0.87273658033 0.98882123352 0.94156589052 0.83856732005 0.91009715706 0.85619944344 0.82180878472 0.93492328857 0.93860742939 0.94177364600 0.86533255037 0.98755334208 1.04929807719 0.99861185770 1.24914671188 1.03612438816 1.30225901086 1.33722501508 1.65742307181 1.77471300828 1.77597670326 2.16746510509 2.10267118495 3.10695010329 3.13891154480 3.70203299965 

---- Expected P_neut(i), 0 < i < n (neutral SFS per site) 
E[P_neut(1)] = 0.0081367178
E[P_neut(2)] = 0.0031770854
E[P_neut(3)] = 0.0020320462
E[P_neut(4)] = 0.0013260597
E[P_neut(5)] = 0.0010044176
E[P_neut(6)] = 0.0008977291
E[P_neut(7)] = 0.0007966192
E[P_neut(8)] = 0.0006758242
E[P_neut(9)] = 0.0005238987
E[P_neut(10)] = 0.0004953134
E[P_neut(11)] = 0.0004652265
E[P_neut(12)] = 0.0004830261
E[P_neut(13)] = 0.0003448588
E[P_neut(14)] = 0.0004011992
E[P_neut(15)] = 0.0003201077
E[P_neut(16)] = 0.0003154979
E[P_neut(17)] = 0.0002834407
E[P_neut(18)] = 0.0003092244
E[P_neut(19)] = 0.0002764139
E[P_neut(20)] = 0.0002778948
E[P_neut(21)] = 0.0002757837
E[P_neut(22)] = 0.0002946316
E[P_neut(23)] = 0.0003100485
E[P_neut(24)] = 0.0002972097
E[P_neut(25)] = 0.0003232790
E[P_neut(26)] = 0.0002959960
E[P_neut(27)] = 0.0002541218
E[P_neut(28)] = 0.0002658031
E[P_neut(29)] = 0.0002414787
E[P_neut(30)] = 0.0002241605
E[P_neut(31)] = 0.0002466441
E[P_neut(32)] = 0.0002400747
E[P_neut(33)] = 0.0002335002
E[P_neut(34)] = 0.0002085429
E[P_neut(35)] = 0.0002310534
E[P_neut(36)] = 0.0002390236
E[P_neut(37)] = 0.0002211998
E[P_neut(38)] = 0.0002697205
E[P_neut(39)] = 0.0002183520
E[P_neut(40)] = 0.0002672118
E[P_neut(41)] = 0.0002678290
E[P_neut(42)] = 0.0003242610
E[P_neut(43)] = 0.0003395706
E[P_neut(44)] = 0.0003326674
E[P_neut(45)] = 0.0003966512
E[P_neut(46)] = 0.0003782448
E[P_neut(47)] = 0.0005475677
E[P_neut(48)] = 0.0005473594
E[P_neut(49)] = 0.0006541354

---- Expected P_sel(i), 0 < i < n (selected SFS per site) 
E[P_sel(1)] = 0.0040738177
E[P_sel(2)] = 0.0012604100
E[P_sel(3)] = 0.0007153967
E[P_sel(4)] = 0.0004319654
E[P_sel(5)] = 0.0003090105
E[P_sel(6)] = 0.0002641164
E[P_sel(7)] = 0.0002259017
E[P_sel(8)] = 0.0001857737
E[P_sel(9)] = 0.0001401900
E[P_sel(10)] = 0.0001294412
E[P_sel(11)] = 0.0001190522
E[P_sel(12)] = 0.0001212675
E[P_sel(13)] = 0.0000850876
E[P_sel(14)] = 0.0000974344
E[P_sel(15)] = 0.0000766025
E[P_sel(16)] = 0.0000744831
E[P_sel(17)] = 0.0000660646
E[P_sel(18)] = 0.0000712250
E[P_sel(19)] = 0.0000629565
E[P_sel(20)] = 0.0000626320
E[P_sel(21)] = 0.0000615371
E[P_sel(22)] = 0.0000651221
E[P_sel(23)] = 0.0000679152
E[P_sel(24)] = 0.0000645438
E[P_sel(25)] = 0.0000696305
E[P_sel(26)] = 0.0000632543
E[P_sel(27)] = 0.0000538993
E[P_sel(28)] = 0.0000559689
E[P_sel(29)] = 0.0000504944
E[P_sel(30)] = 0.0000465614
E[P_sel(31)] = 0.0000508983
E[P_sel(32)] = 0.0000492388
E[P_sel(33)] = 0.0000476001
E[P_sel(34)] = 0.0000422753
E[P_sel(35)] = 0.0000465707
E[P_sel(36)] = 0.0000479299
E[P_sel(37)] = 0.0000441177
E[P_sel(38)] = 0.0000535380
E[P_sel(39)] = 0.0000431513
E[P_sel(40)] = 0.0000525372
E[P_sel(41)] = 0.0000524289
E[P_sel(42)] = 0.0000632158
E[P_sel(43)] = 0.0000659657
E[P_sel(44)] = 0.0000644343
E[P_sel(45)] = 0.0000765255
E[P_sel(46)] = 0.0000729903
E[P_sel(47)] = 0.0001055632
E[P_sel(48)] = 0.0001066994
E[P_sel(49)] = 0.0001355501

---- alpha_dfe = 0.000556

