---- Running command
---- ./polyDFE -d /home/jejames/ArabidopsisCrossGenome/PolyDFE15/fpkm15polcounts2_2258.83828404626_PolyDFE.input -m C -i /home/jejames/ArabidopsisCrossGenome/model.txt 1 -e 
---- Performing inference using model C

---- Performing inference on /home/jejames/ArabidopsisCrossGenome/PolyDFE15/fpkm15polcounts2_2258.83828404626_PolyDFE.input
----      with -i /home/jejames/ArabidopsisCrossGenome/model.txt 1
---- Data /home/jejames/ArabidopsisCrossGenome/PolyDFE15/fpkm15polcounts2_2258.83828404626_PolyDFE.input does not contain divergence counts. Using option -w.
---- No mutation variability. Using Poisson likelihood.


---- Calculating initial values

-- Starting local optimization
-- Optimizing all parameters
  it        eps_an     theta_bar           S_d             b           p_b           S_b           r 2           r 3           r 4           r 5           r 6           r 7           r 8           r 9          r 10          r 11          r 12          r 13          r 14          r 15          r 16          r 17          r 18          r 19          r 20          r 21          r 22          r 23          r 24          r 25          r 26          r 27          r 28          r 29          r 30          r 31          r 32          r 33          r 34          r 35          r 36          r 37          r 38          r 39          r 40          r 41          r 42          r 43          r 44          r 45          r 46          r 47          r 48          r 49           ln lk          grad status 
   0           0.1 0.00964756044        -20000         0.208           0.1            20 0.84335664335 0.74325674325 0.79760239760 0.79920079920 0.68871128871 0.67482517482 0.73126873126 0.74895104895 0.71428571428 0.63076923076 0.84515484515 0.70649350649 0.60419580419 0.81968031968 0.74325674325 0.69120879120 0.72827172827 0.65104895104 0.77722277722 0.88321678321 0.64835164835 0.82487512487 0.69290709290 0.72427572427 0.93766233766 0.94675324675 0.93706293706 1.01108891108 1.14185814185 1.13656343656 1.16683316683 1.52637362637 1.17182817182 1.26923076923 1.89890109890 1.53766233766 1.30969030969 1.42597402597 2.05794205794 2.52717282717 1.99300699300 1.91158841158 2.55384615384 2.87712287712 3.14325674325 4.13186813186 6.08511488511             1 -3048.629328503 22.4723353874   -2 
 308 0.00581825681 0.00860983761 -70.269643690 0.31069640806 0.00004125429 0.29112285401 0.79651754836 0.78932126151 0.77336172864 0.75159318813 0.68370915289 0.72786499040 0.67179363183 0.69898691036 0.69175794464 0.62731343466 0.75994011953 0.68441272105 0.58829615478 0.71712390036 0.63831064148 0.60553871847 0.66752123928 0.52416936732 0.69042623178 0.78064070572 0.69970125428 0.76351570101 0.77180831577 0.62688969251 0.90958694974 0.83831414819 0.80444188852 0.71582653567 0.89447460012 1.08543085013 1.06936078194 1.05199511499 0.98603072283 1.03190160403 1.38967076396 1.27180378212 0.98084784403 1.21326855901 1.71256876164 1.88334051584 1.74860685552 1.59995705836 2.06231057181 2.08090151019 2.53527439148 2.87667809426 3.84795218101 4.67509381978 -316.5173650269 0.00024800118   -8 
-- Local optimization: reached maximum number of likelihood evaluations allowed.
---- Best joint likelihood found -316.517365026938307 with gradient 0.00025

---- Results for /home/jejames/ArabidopsisCrossGenome/PolyDFE15/fpkm15polcounts2_2258.83828404626_PolyDFE.input 
--  Model: C
--        eps_an     theta_bar             a 
-- 0.00581825681 0.00860983761            -1 
--           S_d             b           p_b           S_b 
-- -70.269643690 0.31069640806 0.00004125429 0.29112285401 
--           r 2           r 3           r 4           r 5           r 6           r 7           r 8           r 9          r 10          r 11          r 12          r 13          r 14          r 15          r 16          r 17          r 18          r 19          r 20          r 21          r 22          r 23          r 24          r 25          r 26          r 27          r 28          r 29          r 30          r 31          r 32          r 33          r 34          r 35          r 36          r 37          r 38          r 39          r 40          r 41          r 42          r 43          r 44          r 45          r 46          r 47          r 48          r 49 
-- 0.79651754836 0.78932126151 0.77336172864 0.75159318813 0.68370915289 0.72786499040 0.67179363183 0.69898691036 0.69175794464 0.62731343466 0.75994011953 0.68441272105 0.58829615478 0.71712390036 0.63831064148 0.60553871847 0.66752123928 0.52416936732 0.69042623178 0.78064070572 0.69970125428 0.76351570101 0.77180831577 0.62688969251 0.90958694974 0.83831414819 0.80444188852 0.71582653567 0.89447460012 1.08543085013 1.06936078194 1.05199511499 0.98603072283 1.03190160403 1.38967076396 1.27180378212 0.98084784403 1.21326855901 1.71256876164 1.88334051584 1.74860685552 1.59995705836 2.06231057181 2.08090151019 2.53527439148 2.87667809426 3.84795218101 4.67509381978 

---- Expected P_neut(i), 0 < i < n (neutral SFS per site) 
E[P_neut(1)] = 0.0085645229
E[P_neut(2)] = 0.0034130087
E[P_neut(3)] = 0.0022551952
E[P_neut(4)] = 0.0016577054
E[P_neut(5)] = 0.0012890054
E[P_neut(6)] = 0.0009777438
E[P_neut(7)] = 0.0008919121
E[P_neut(8)] = 0.0007208832
E[P_neut(9)] = 0.0006670954
E[P_neut(10)] = 0.0005942718
E[P_neut(11)] = 0.0004897077
E[P_neut(12)] = 0.0005433674
E[P_neut(13)] = 0.0004523678
E[P_neut(14)] = 0.0003616240
E[P_neut(15)] = 0.0004107034
E[P_neut(16)] = 0.0003429387
E[P_neut(17)] = 0.0003064944
E[P_neut(18)] = 0.0003191079
E[P_neut(19)] = 0.0002378990
E[P_neut(20)] = 0.0002969872
E[P_neut(21)] = 0.0003194310
E[P_neut(22)] = 0.0002736784
E[P_neut(23)] = 0.0002857075
E[P_neut(24)] = 0.0002770225
E[P_neut(25)] = 0.0002158967
E[P_neut(26)] = 0.0003010660
E[P_neut(27)] = 0.0002674316
E[P_neut(28)] = 0.0002475152
E[P_neut(29)] = 0.0002131481
E[P_neut(30)] = 0.0002569451
E[P_neut(31)] = 0.0003010920
E[P_neut(32)] = 0.0002879032
E[P_neut(33)] = 0.0002746573
E[P_neut(34)] = 0.0002502388
E[P_neut(35)] = 0.0002547610
E[P_neut(36)] = 0.0003325279
E[P_neut(37)] = 0.0002968620
E[P_neut(38)] = 0.0002241146
E[P_neut(39)] = 0.0002691457
E[P_neut(40)] = 0.0003699440
E[P_neut(41)] = 0.0003970835
E[P_neut(42)] = 0.0003605787
E[P_neut(43)] = 0.0003237024
E[P_neut(44)] = 0.0004069094
E[P_neut(45)] = 0.0004033519
E[P_neut(46)] = 0.0004814526
E[P_neut(47)] = 0.0005370871
E[P_neut(48)] = 0.0007061480
E[P_neut(49)] = 0.0008667800

---- Expected P_sel(i), 0 < i < n (selected SFS per site) 
E[P_sel(1)] = 0.0057189396
E[P_sel(2)] = 0.0018475998
E[P_sel(3)] = 0.0010734864
E[P_sel(4)] = 0.0007214572
E[P_sel(5)] = 0.0005243059
E[P_sel(6)] = 0.0003767364
E[P_sel(7)] = 0.0003287047
E[P_sel(8)] = 0.0002556997
E[P_sel(9)] = 0.0002289045
E[P_sel(10)] = 0.0001980601
E[P_sel(11)] = 0.0001590403
E[P_sel(12)] = 0.0001724036
E[P_sel(13)] = 0.0001404395
E[P_sel(14)] = 0.0001100463
E[P_sel(15)] = 0.0001227780
E[P_sel(16)] = 0.0001007931
E[P_sel(17)] = 0.0000886612
E[P_sel(18)] = 0.0000909588
E[P_sel(19)] = 0.0000668603
E[P_sel(20)] = 0.0000824031
E[P_sel(21)] = 0.0000875459
E[P_sel(22)] = 0.0000741206
E[P_sel(23)] = 0.0000765156
E[P_sel(24)] = 0.0000733997
E[P_sel(25)] = 0.0000566235
E[P_sel(26)] = 0.0000781921
E[P_sel(27)] = 0.0000688103
E[P_sel(28)] = 0.0000631161
E[P_sel(29)] = 0.0000538948
E[P_sel(30)] = 0.0000644193
E[P_sel(31)] = 0.0000748627
E[P_sel(32)] = 0.0000710479
E[P_sel(33)] = 0.0000672737
E[P_sel(34)] = 0.0000608694
E[P_sel(35)] = 0.0000615602
E[P_sel(36)] = 0.0000797491
E[P_sel(37)] = 0.0000707840
E[P_sel(38)] = 0.0000531997
E[P_sel(39)] = 0.0000634302
E[P_sel(40)] = 0.0000866366
E[P_sel(41)] = 0.0000924900
E[P_sel(42)] = 0.0000836206
E[P_sel(43)] = 0.0000748937
E[P_sel(44)] = 0.0000936039
E[P_sel(45)] = 0.0000927435
E[P_sel(46)] = 0.0001105253
E[P_sel(47)] = 0.0001237099
E[P_sel(48)] = 0.0001638197
E[P_sel(49)] = 0.0002146491

---- alpha_dfe = 0.000218

