---- Running command
---- ./polyDFE -d /home/jejames/ArabidopsisCrossGenome/PolyDFE15/fpkm15polcounts10_463689.36349722_PolyDFE.input -m C -i /home/jejames/ArabidopsisCrossGenome/model.txt 1 -e 
---- Performing inference using model C

---- Performing inference on /home/jejames/ArabidopsisCrossGenome/PolyDFE15/fpkm15polcounts10_463689.36349722_PolyDFE.input
----      with -i /home/jejames/ArabidopsisCrossGenome/model.txt 1
---- Data /home/jejames/ArabidopsisCrossGenome/PolyDFE15/fpkm15polcounts10_463689.36349722_PolyDFE.input does not contain divergence counts. Using option -w.
---- No mutation variability. Using Poisson likelihood.


---- Calculating initial values

-- Starting local optimization
-- Optimizing all parameters
  it        eps_an     theta_bar           S_d             b           p_b           S_b           r 2           r 3           r 4           r 5           r 6           r 7           r 8           r 9          r 10          r 11          r 12          r 13          r 14          r 15          r 16          r 17          r 18          r 19          r 20          r 21          r 22          r 23          r 24          r 25          r 26          r 27          r 28          r 29          r 30          r 31          r 32          r 33          r 34          r 35          r 36          r 37          r 38          r 39          r 40          r 41          r 42          r 43          r 44          r 45          r 46          r 47          r 48          r 49           ln lk          grad status 
   0           0.1 0.00863674969        -80000         0.208           0.1            20 0.90390309555 0.77173620457 0.67007626738 0.60161507402 0.61803499327 0.52696276357 0.53117990130 0.50713324360 0.50515926424 0.65832211754 0.52866756393 0.66837146702 0.52382234185 0.51413189771 0.41058770749 0.64674742036 0.62503364737 0.66487213997 0.70524899057 0.71790040376 0.58429789143 0.67895917451 0.70847913862 0.67294751009 0.74885598923 0.58384925975 0.86424405563 0.80403768506 1.12247644683 1.08479138627 0.81256168685 1.11332436069 0.77487662628 1.24988784208 1.26944818304 1.45078510542 1.15585464333 1.41022880215 0.95827725437 1.36850605652 1.58277254374 1.97155675190 2.25823239120 2.53970390309 2.65392552714 3.89241812471 5.74104979811             1 -2696.755861968 38.2902971713   -2 
 154 0.00048515997 0.00769621380 -981.58173564 0.23587953625 0.00030787461 0.83958963512 0.85735314978 0.74372014999 0.66479601504 0.60988225061 0.65227852228 0.56653790868 0.58465028784 0.54675698475 0.48417813787 0.59664968211 0.52690924718 0.60286478552 0.50059625322 0.46384677770 0.47065793520 0.53194898001 0.65938546588 0.62540656502 0.69618115339 0.56863825467 0.62788107184 0.54733710737 0.66879035206 0.67721584390 0.67176672851 0.53132063069 0.76551035792 0.76953771494 0.93266768681 0.81239334248 0.62401854042 0.77970335885 0.71308179719 0.89463936484 0.90596072839 1.06844415787 0.92600913043 1.13151693366 0.81255167504 0.98590036748 1.30345869972 1.33557082905 1.61412247936 1.86332307268 1.75587032948 2.76255150678 3.51654145985 4.14257288370 -310.9895342302 0.00574098425   -8 
-- Local optimization: reached maximum number of likelihood evaluations allowed.
---- Best joint likelihood found -310.989534230233630 with gradient 0.00574

---- Results for /home/jejames/ArabidopsisCrossGenome/PolyDFE15/fpkm15polcounts10_463689.36349722_PolyDFE.input 
--  Model: C
--        eps_an     theta_bar             a 
-- 0.00048515997 0.00769621380            -1 
--           S_d             b           p_b           S_b 
-- -981.58173564 0.23587953625 0.00030787461 0.83958963512 
--           r 2           r 3           r 4           r 5           r 6           r 7           r 8           r 9          r 10          r 11          r 12          r 13          r 14          r 15          r 16          r 17          r 18          r 19          r 20          r 21          r 22          r 23          r 24          r 25          r 26          r 27          r 28          r 29          r 30          r 31          r 32          r 33          r 34          r 35          r 36          r 37          r 38          r 39          r 40          r 41          r 42          r 43          r 44          r 45          r 46          r 47          r 48          r 49 
-- 0.85735314978 0.74372014999 0.66479601504 0.60988225061 0.65227852228 0.56653790868 0.58465028784 0.54675698475 0.48417813787 0.59664968211 0.52690924718 0.60286478552 0.50059625322 0.46384677770 0.47065793520 0.53194898001 0.65938546588 0.62540656502 0.69618115339 0.56863825467 0.62788107184 0.54733710737 0.66879035206 0.67721584390 0.67176672851 0.53132063069 0.76551035792 0.76953771494 0.93266768681 0.81239334248 0.62401854042 0.77970335885 0.71308179719 0.89463936484 0.90596072839 1.06844415787 0.92600913043 1.13151693366 0.81255167504 0.98590036748 1.30345869972 1.33557082905 1.61412247936 1.86332307268 1.75587032948 2.76255150678 3.51654145985 4.14257288370 

---- Expected P_neut(i), 0 < i < n (neutral SFS per site) 
E[P_neut(1)] = 0.0076927956
E[P_neut(2)] = 0.0032978595
E[P_neut(3)] = 0.0019072369
E[P_neut(4)] = 0.0012786250
E[P_neut(5)] = 0.0009384560
E[P_neut(6)] = 0.0008364102
E[P_neut(7)] = 0.0006226990
E[P_neut(8)] = 0.0005622922
E[P_neut(9)] = 0.0004674139
E[P_neut(10)] = 0.0003725289
E[P_neut(11)] = 0.0004173552
E[P_neut(12)] = 0.0003378609
E[P_neut(13)] = 0.0003568405
E[P_neut(14)] = 0.0002751530
E[P_neut(15)] = 0.0002379709
E[P_neut(16)] = 0.0002263612
E[P_neut(17)] = 0.0002407945
E[P_neut(18)] = 0.0002818678
E[P_neut(19)] = 0.0002533046
E[P_neut(20)] = 0.0002678841
E[P_neut(21)] = 0.0002083961
E[P_neut(22)] = 0.0002196458
E[P_neut(23)] = 0.0001831335
E[P_neut(24)] = 0.0002144572
E[P_neut(25)] = 0.0002084799
E[P_neut(26)] = 0.0001988561
E[P_neut(27)] = 0.0001514656
E[P_neut(28)] = 0.0002104163
E[P_neut(29)] = 0.0002042271
E[P_neut(30)] = 0.0002392809
E[P_neut(31)] = 0.0002017139
E[P_neut(32)] = 0.0001501446
E[P_neut(33)] = 0.0001818699
E[P_neut(34)] = 0.0001614442
E[P_neut(35)] = 0.0001967439
E[P_neut(36)] = 0.0001937192
E[P_neut(37)] = 0.0002223079
E[P_neut(38)] = 0.0001876194
E[P_neut(39)] = 0.0002233864
E[P_neut(40)] = 0.0001564442
E[P_neut(41)] = 0.0001852029
E[P_neut(42)] = 0.0002390069
E[P_neut(43)] = 0.0002392290
E[P_neut(44)] = 0.0002826015
E[P_neut(45)] = 0.0003189793
E[P_neut(46)] = 0.0002942509
E[P_neut(47)] = 0.0004530719
E[P_neut(48)] = 0.0005651616
E[P_neut(49)] = 0.0006540739

---- Expected P_sel(i), 0 < i < n (selected SFS per site) 
E[P_sel(1)] = 0.0032233063
E[P_sel(2)] = 0.0010884899
E[P_sel(3)] = 0.0005603543
E[P_sel(4)] = 0.0003485372
E[P_sel(5)] = 0.0002421644
E[P_sel(6)] = 0.0002067529
E[P_sel(7)] = 0.0001485954
E[P_sel(8)] = 0.0001302417
E[P_sel(9)] = 0.0001055126
E[P_sel(10)] = 0.0000822089
E[P_sel(11)] = 0.0000902569
E[P_sel(12)] = 0.0000717455
E[P_sel(13)] = 0.0000745286
E[P_sel(14)] = 0.0000565993
E[P_sel(15)] = 0.0000482675
E[P_sel(16)] = 0.0000453181
E[P_sel(17)] = 0.0000476242
E[P_sel(18)] = 0.0000551159
E[P_sel(19)] = 0.0000490013
E[P_sel(20)] = 0.0000512990
E[P_sel(21)] = 0.0000395261
E[P_sel(22)] = 0.0000412820
E[P_sel(23)] = 0.0000341224
E[P_sel(24)] = 0.0000396294
E[P_sel(25)] = 0.0000382211
E[P_sel(26)] = 0.0000361814
E[P_sel(27)] = 0.0000273591
E[P_sel(28)] = 0.0000377423
E[P_sel(29)] = 0.0000363863
E[P_sel(30)] = 0.0000423560
E[P_sel(31)] = 0.0000354834
E[P_sel(32)] = 0.0000262534
E[P_sel(33)] = 0.0000316140
E[P_sel(34)] = 0.0000279049
E[P_sel(35)] = 0.0000338192
E[P_sel(36)] = 0.0000331227
E[P_sel(37)] = 0.0000378152
E[P_sel(38)] = 0.0000317551
E[P_sel(39)] = 0.0000376247
E[P_sel(40)] = 0.0000262267
E[P_sel(41)] = 0.0000309053
E[P_sel(42)] = 0.0000397034
E[P_sel(43)] = 0.0000395686
E[P_sel(44)] = 0.0000465478
E[P_sel(45)] = 0.0000523229
E[P_sel(46)] = 0.0000480959
E[P_sel(47)] = 0.0000737739
E[P_sel(48)] = 0.0000917801
E[P_sel(49)] = 0.0001064605

---- alpha_dfe = 0.002934

