---- Running command
---- ./polyDFE -d /home/jejames/ArabidopsisCrossGenome/PolyDFE15/fpkm15polcounts13_1182350.45164426_PolyDFE.input -m C -i /home/jejames/ArabidopsisCrossGenome/model.txt 1 -e 
---- Performing inference using model C

---- Performing inference on /home/jejames/ArabidopsisCrossGenome/PolyDFE15/fpkm15polcounts13_1182350.45164426_PolyDFE.input
----      with -i /home/jejames/ArabidopsisCrossGenome/model.txt 1
---- Data /home/jejames/ArabidopsisCrossGenome/PolyDFE15/fpkm15polcounts13_1182350.45164426_PolyDFE.input does not contain divergence counts. Using option -w.
---- No mutation variability. Using Poisson likelihood.


---- Calculating initial values

-- Starting local optimization
-- Optimizing all parameters
  it        eps_an     theta_bar           S_d             b           p_b           S_b           r 2           r 3           r 4           r 5           r 6           r 7           r 8           r 9          r 10          r 11          r 12          r 13          r 14          r 15          r 16          r 17          r 18          r 19          r 20          r 21          r 22          r 23          r 24          r 25          r 26          r 27          r 28          r 29          r 30          r 31          r 32          r 33          r 34          r 35          r 36          r 37          r 38          r 39          r 40          r 41          r 42          r 43          r 44          r 45          r 46          r 47          r 48          r 49           ln lk          grad status 
   0           0.1 0.00972574111        -20000         0.406           0.1            20 0.76825582529 0.67768353319 0.80647362776 0.57570439699 0.73354782100 0.60124792824 0.69727990640 0.65896460953 0.71658379643 0.69494004094 0.67154138637 0.57541191381 0.64970264209 0.79555425563 0.55844788924 0.68616554548 0.80023398654 0.82616749536 0.77020571317 0.79028955835 0.98235351467 0.75119430632 0.94062591400 1.07243833479 0.85678073510 0.98713073998 0.98820317831 1.00087744954 1.03831529687 1.25124305352 1.32280393877 1.17753729160 0.86848006239 1.14653407429 1.55835039485 1.46456078775 1.65233499073 1.79467680608 2.08638003314 2.07458321146 2.48142731792 2.38539533976 2.77118065711 3.11055864287 3.46222092229 4.27522667446 6.08365019011             1 -2901.206526110 36.2324210756   -2 
 654 0.00016783285 0.00826867959 -860.47160931 0.29666459424 0.00005120100 0.25903830694 0.80296077548 0.77115184678 0.82052552369 0.64934649895 0.82616894862 0.69124987536 0.75352040394 0.70850965674 0.68004315435 0.71472350258 0.70259716845 0.61830718408 0.64014899013 0.65756091632 0.58975119906 0.65900028160 0.72198422248 0.73369637989 0.62767035393 0.74633050536 0.94992865346 0.71786864591 0.86340425086 0.91721015602 0.82044841131 0.91819373787 0.75749402431 0.85542086593 0.85200998683 0.99319789754 1.04705289653 1.10226253979 0.75236069707 1.02788804315 1.27605364900 1.33671739445 1.37576795296 1.50926904994 1.64811633848 1.91665958533 1.83934582466 2.12249202360 2.04116314888 2.77954674798 3.07087229448 3.14247425043 4.06881961490 4.21067417883 -316.7051240169 0.00054753303   -8 
-- Local optimization: reached maximum number of likelihood evaluations allowed.
---- Best joint likelihood found -316.705124016959928 with gradient 0.00055

---- Results for /home/jejames/ArabidopsisCrossGenome/PolyDFE15/fpkm15polcounts13_1182350.45164426_PolyDFE.input 
--  Model: C
--        eps_an     theta_bar             a 
-- 0.00016783285 0.00826867959            -1 
--           S_d             b           p_b           S_b 
-- -860.47160931 0.29666459424 0.00005120100 0.25903830694 
--           r 2           r 3           r 4           r 5           r 6           r 7           r 8           r 9          r 10          r 11          r 12          r 13          r 14          r 15          r 16          r 17          r 18          r 19          r 20          r 21          r 22          r 23          r 24          r 25          r 26          r 27          r 28          r 29          r 30          r 31          r 32          r 33          r 34          r 35          r 36          r 37          r 38          r 39          r 40          r 41          r 42          r 43          r 44          r 45          r 46          r 47          r 48          r 49 
-- 0.80296077548 0.77115184678 0.82052552369 0.64934649895 0.82616894862 0.69124987536 0.75352040394 0.70850965674 0.68004315435 0.71472350258 0.70259716845 0.61830718408 0.64014899013 0.65756091632 0.58975119906 0.65900028160 0.72198422248 0.73369637989 0.62767035393 0.74633050536 0.94992865346 0.71786864591 0.86340425086 0.91721015602 0.82044841131 0.91819373787 0.75749402431 0.85542086593 0.85200998683 0.99319789754 1.04705289653 1.10226253979 0.75236069707 1.02788804315 1.27605364900 1.33671739445 1.37576795296 1.50926904994 1.64811633848 1.91665958533 1.83934582466 2.12249202360 2.04116314888 2.77954674798 3.07087229448 3.14247425043 4.06881961490 4.21067417883 

---- Expected P_neut(i), 0 < i < n (neutral SFS per site) 
E[P_neut(1)] = 0.0082674111
E[P_neut(2)] = 0.0033192732
E[P_neut(3)] = 0.0021252052
E[P_neut(4)] = 0.0016959736
E[P_neut(5)] = 0.0010737531
E[P_neut(6)] = 0.0011384277
E[P_neut(7)] = 0.0008164634
E[P_neut(8)] = 0.0007787574
E[P_neut(9)] = 0.0006508933
E[P_neut(10)] = 0.0005622687
E[P_neut(11)] = 0.0005372199
E[P_neut(12)] = 0.0004840982
E[P_neut(13)] = 0.0003932598
E[P_neut(14)] = 0.0003780705
E[P_neut(15)] = 0.0003624573
E[P_neut(16)] = 0.0003047585
E[P_neut(17)] = 0.0003205256
E[P_neut(18)] = 0.0003316484
E[P_neut(19)] = 0.0003192909
E[P_neut(20)] = 0.0002594961
E[P_neut(21)] = 0.0002938567
E[P_neut(22)] = 0.0003570074
E[P_neut(23)] = 0.0002580833
E[P_neut(24)] = 0.0002974611
E[P_neut(25)] = 0.0003033647
E[P_neut(26)] = 0.0002609302
E[P_neut(27)] = 0.0002811906
E[P_neut(28)] = 0.0002237179
E[P_neut(29)] = 0.0002439119
E[P_neut(30)] = 0.0002348374
E[P_neut(31)] = 0.0002649264
E[P_neut(32)] = 0.0002705648
E[P_neut(33)] = 0.0002761970
E[P_neut(34)] = 0.0001829919
E[P_neut(35)] = 0.0002428566
E[P_neut(36)] = 0.0002931053
E[P_neut(37)] = 0.0002987426
E[P_neut(38)] = 0.0002993938
E[P_neut(39)] = 0.0003200278
E[P_neut(40)] = 0.0003407308
E[P_neut(41)] = 0.0003865869
E[P_neut(42)] = 0.0003621881
E[P_neut(43)] = 0.0004082129
E[P_neut(44)] = 0.0003837113
E[P_neut(45)] = 0.0005108319
E[P_neut(46)] = 0.0005521933
E[P_neut(47)] = 0.0005531174
E[P_neut(48)] = 0.0007013513
E[P_neut(49)] = 0.0007118137

---- Expected P_sel(i), 0 < i < n (selected SFS per site) 
E[P_sel(1)] = 0.0030892369
E[P_sel(2)] = 0.0009178355
E[P_sel(3)] = 0.0005066888
E[P_sel(4)] = 0.0003675703
E[P_sel(5)] = 0.0002170636
E[P_sel(6)] = 0.0002179273
E[P_sel(7)] = 0.0001494661
E[P_sel(8)] = 0.0001372854
E[P_sel(9)] = 0.0001110633
E[P_sel(10)] = 0.0000932299
E[P_sel(11)] = 0.0000868293
E[P_sel(12)] = 0.0000764616
E[P_sel(13)] = 0.0000608256
E[P_sel(14)] = 0.0000573635
E[P_sel(15)] = 0.0000540282
E[P_sel(16)] = 0.0000446861
E[P_sel(17)] = 0.0000462816
E[P_sel(18)] = 0.0000472038
E[P_sel(19)] = 0.0000448341
E[P_sel(20)] = 0.0000359755
E[P_sel(21)] = 0.0000402495
E[P_sel(22)] = 0.0000483412
E[P_sel(23)] = 0.0000345663
E[P_sel(24)] = 0.0000394273
E[P_sel(25)] = 0.0000398109
E[P_sel(26)] = 0.0000339168
E[P_sel(27)] = 0.0000362170
E[P_sel(28)] = 0.0000285621
E[P_sel(29)] = 0.0000308773
E[P_sel(30)] = 0.0000294865
E[P_sel(31)] = 0.0000330031
E[P_sel(32)] = 0.0000334495
E[P_sel(33)] = 0.0000338947
E[P_sel(34)] = 0.0000222971
E[P_sel(35)] = 0.0000293870
E[P_sel(36)] = 0.0000352293
E[P_sel(37)] = 0.0000356731
E[P_sel(38)] = 0.0000355250
E[P_sel(39)] = 0.0000377397
E[P_sel(40)] = 0.0000399401
E[P_sel(41)] = 0.0000450506
E[P_sel(42)] = 0.0000419686
E[P_sel(43)] = 0.0000470385
E[P_sel(44)] = 0.0000439805
E[P_sel(45)] = 0.0000582360
E[P_sel(46)] = 0.0000626363
E[P_sel(47)] = 0.0000624374
E[P_sel(48)] = 0.0000788114
E[P_sel(49)] = 0.0000798684

---- alpha_dfe = 0.000528

