---- Running command
---- ./polyDFE -d /home/jejames/ArabidopsisCrossGenome/PolyDFE15/fpkm15polcounts9_358436.717713294_PolyDFE.input -m C -i /home/jejames/ArabidopsisCrossGenome/model.txt 1 -e 
---- Performing inference using model C

---- Performing inference on /home/jejames/ArabidopsisCrossGenome/PolyDFE15/fpkm15polcounts9_358436.717713294_PolyDFE.input
----      with -i /home/jejames/ArabidopsisCrossGenome/model.txt 1
---- Data /home/jejames/ArabidopsisCrossGenome/PolyDFE15/fpkm15polcounts9_358436.717713294_PolyDFE.input does not contain divergence counts. Using option -w.
---- No mutation variability. Using Poisson likelihood.


---- Calculating initial values

-- Starting local optimization
-- Optimizing all parameters
  it        eps_an     theta_bar           S_d             b           p_b           S_b           r 2           r 3           r 4           r 5           r 6           r 7           r 8           r 9          r 10          r 11          r 12          r 13          r 14          r 15          r 16          r 17          r 18          r 19          r 20          r 21          r 22          r 23          r 24          r 25          r 26          r 27          r 28          r 29          r 30          r 31          r 32          r 33          r 34          r 35          r 36          r 37          r 38          r 39          r 40          r 41          r 42          r 43          r 44          r 45          r 46          r 47          r 48          r 49           ln lk          grad status 
   0           0.1 0.00878656244        -60000         0.208           0.1            20 0.82332429290 0.78283611003 0.69275474622 0.67609453700 0.63463773731 0.65091049980 0.62301433552 0.70960867880 0.64122433165 0.85984114684 0.74970941495 0.72655947307 0.53971328942 0.57245253777 0.55792328554 0.62078651685 0.72530027121 0.82632700503 0.66059666795 0.70379697791 0.67125145292 0.69285160790 0.80666408368 0.58117008911 0.81344440139 0.83426966292 0.74583494769 0.65730337078 1.01414180550 1.32419604804 1.19023634250 1.12834172801 1.18558698179 1.17299496319 1.33204184424 1.69517628826 1.34347152266 1.74903138318 2.31693142192 2.08891902363 2.75009686168 2.99883765982 3.01743510267 3.15575358388 3.26152654010 4.39771406431 5.62572646261             1 -3038.461065424 42.3909897365   -2 
1134 0.00782190783 0.00762186606 -344.76526686 0.29888315081 0.00001679432 0.21485218853 0.82217188954 0.79037561728 0.74390169826 0.67568404639 0.68131076596 0.73412285643 0.70229628186 0.73462600467 0.65789963122 0.80503468736 0.80967765403 0.77423728384 0.64695500332 0.58355187491 0.59616238001 0.72939763074 0.68893954535 0.70222749363 0.62475572332 0.73501942298 0.66240396305 0.73012571929 0.66811065835 0.53290917697 0.58196185183 0.68934968726 0.60197093649 0.53415264390 0.86819062826 1.12572228660 0.89672081505 1.06484859806 1.03030219905 1.10005841205 1.36125650655 1.32036545554 1.15327026119 1.39362147210 1.69352320134 1.75449028088 2.27407391480 2.14189399639 2.42800226193 2.01823643906 2.31034689232 2.91000523458 3.32301227271 4.17520287749 -324.8664658699 0.00008680932    0 
---- Best joint likelihood found -324.866465869980857 with gradient 0.00009

---- Results for /home/jejames/ArabidopsisCrossGenome/PolyDFE15/fpkm15polcounts9_358436.717713294_PolyDFE.input 
--  Model: C
--        eps_an     theta_bar             a 
-- 0.00782190783 0.00762186606            -1 
--           S_d             b           p_b           S_b 
-- -344.76526686 0.29888315081 0.00001679432 0.21485218853 
--           r 2           r 3           r 4           r 5           r 6           r 7           r 8           r 9          r 10          r 11          r 12          r 13          r 14          r 15          r 16          r 17          r 18          r 19          r 20          r 21          r 22          r 23          r 24          r 25          r 26          r 27          r 28          r 29          r 30          r 31          r 32          r 33          r 34          r 35          r 36          r 37          r 38          r 39          r 40          r 41          r 42          r 43          r 44          r 45          r 46          r 47          r 48          r 49 
-- 0.82217188954 0.79037561728 0.74390169826 0.67568404639 0.68131076596 0.73412285643 0.70229628186 0.73462600467 0.65789963122 0.80503468736 0.80967765403 0.77423728384 0.64695500332 0.58355187491 0.59616238001 0.72939763074 0.68893954535 0.70222749363 0.62475572332 0.73501942298 0.66240396305 0.73012571929 0.66811065835 0.53290917697 0.58196185183 0.68934968726 0.60197093649 0.53415264390 0.86819062826 1.12572228660 0.89672081505 1.06484859806 1.03030219905 1.10005841205 1.36125650655 1.32036545554 1.15327026119 1.39362147210 1.69352320134 1.75449028088 2.27407391480 2.14189399639 2.42800226193 2.01823643906 2.31034689232 2.91000523458 3.32301227271 4.17520287749 

---- Expected P_neut(i), 0 < i < n (neutral SFS per site) 
E[P_neut(1)] = 0.0075673284
E[P_neut(2)] = 0.0031128614
E[P_neut(3)] = 0.0019960302
E[P_neut(4)] = 0.0014093867
E[P_neut(5)] = 0.0010246120
E[P_neut(6)] = 0.0008619967
E[P_neut(7)] = 0.0007960581
E[P_neut(8)] = 0.0006670953
E[P_neut(9)] = 0.0006198206
E[P_neut(10)] = 0.0005000441
E[P_neut(11)] = 0.0005555733
E[P_neut(12)] = 0.0005120580
E[P_neut(13)] = 0.0004525102
E[P_neut(14)] = 0.0003517139
E[P_neut(15)] = 0.0002960714
E[P_neut(16)] = 0.0002835771
E[P_neut(17)] = 0.0003263876
E[P_neut(18)] = 0.0002911113
E[P_neut(19)] = 0.0002816607
E[P_neut(20)] = 0.0002379532
E[P_neut(21)] = 0.0002657838
E[P_neut(22)] = 0.0002289755
E[P_neut(23)] = 0.0002415827
E[P_neut(24)] = 0.0002118519
E[P_neut(25)] = 0.0001624705
E[P_neut(26)] = 0.0001709266
E[P_neut(27)] = 0.0001949679
E[P_neut(28)] = 0.0001643755
E[P_neut(29)] = 0.0001413762
E[P_neut(30)] = 0.0002207114
E[P_neut(31)] = 0.0002768161
E[P_neut(32)] = 0.0002141951
E[P_neut(33)] = 0.0002465776
E[P_neut(34)] = 0.0002313802
E[P_neut(35)] = 0.0002400026
E[P_neut(36)] = 0.0002887039
E[P_neut(37)] = 0.0002734136
E[P_neut(38)] = 0.0002335309
E[P_neut(39)] = 0.0002745916
E[P_neut(40)] = 0.0003240933
E[P_neut(41)] = 0.0003284734
E[P_neut(42)] = 0.0004146887
E[P_neut(43)] = 0.0003829392
E[P_neut(44)] = 0.0004240687
E[P_neut(45)] = 0.0003472211
E[P_neut(46)] = 0.0003909008
E[P_neut(47)] = 0.0004839234
E[P_neut(48)] = 0.0005480380
E[P_neut(49)] = 0.0007039833

---- Expected P_sel(i), 0 < i < n (selected SFS per site) 
E[P_sel(1)] = 0.0035675383
E[P_sel(2)] = 0.0011121219
E[P_sel(3)] = 0.0006168451
E[P_sel(4)] = 0.0003962174
E[P_sel(5)] = 0.0002686881
E[P_sel(6)] = 0.0002139621
E[P_sel(7)] = 0.0001889778
E[P_sel(8)] = 0.0001524413
E[P_sel(9)] = 0.0001371281
E[P_sel(10)] = 0.0001074714
E[P_sel(11)] = 0.0001164318
E[P_sel(12)] = 0.0001048737
E[P_sel(13)] = 0.0000907287
E[P_sel(14)] = 0.0000691518
E[P_sel(15)] = 0.0000571911
E[P_sel(16)] = 0.0000538846
E[P_sel(17)] = 0.0000610807
E[P_sel(18)] = 0.0000537034
E[P_sel(19)] = 0.0000512516
E[P_sel(20)] = 0.0000427536
E[P_sel(21)] = 0.0000471941
E[P_sel(22)] = 0.0000401909
E[P_sel(23)] = 0.0000419432
E[P_sel(24)] = 0.0000364019
E[P_sel(25)] = 0.0000276415
E[P_sel(26)] = 0.0000288075
E[P_sel(27)] = 0.0000325641
E[P_sel(28)] = 0.0000272196
E[P_sel(29)] = 0.0000232248
E[P_sel(30)] = 0.0000359485
E[P_sel(31)] = 0.0000447358
E[P_sel(32)] = 0.0000343716
E[P_sel(33)] = 0.0000392836
E[P_sel(34)] = 0.0000366024
E[P_sel(35)] = 0.0000377131
E[P_sel(36)] = 0.0000450713
E[P_sel(37)] = 0.0000424608
E[P_sel(38)] = 0.0000361031
E[P_sel(39)] = 0.0000421951
E[P_sel(40)] = 0.0000494573
E[P_sel(41)] = 0.0000499230
E[P_sel(42)] = 0.0000626453
E[P_sel(43)] = 0.0000576988
E[P_sel(44)] = 0.0000636146
E[P_sel(45)] = 0.0000521812
E[P_sel(46)] = 0.0000588930
E[P_sel(47)] = 0.0000732608
E[P_sel(48)] = 0.0000848623
E[P_sel(49)] = 0.0001213234

---- alpha_dfe = 0.000131

