---- Running command
---- ./polyDFE -d /home/jejames/ArabidopsisCrossGenome/PolyDFE15/fpkm15polcounts14_1953279.09255175_PolyDFE.input -m C -i /home/jejames/ArabidopsisCrossGenome/model.txt 1 -e 
---- Performing inference using model C

---- Performing inference on /home/jejames/ArabidopsisCrossGenome/PolyDFE15/fpkm15polcounts14_1953279.09255175_PolyDFE.input
----      with -i /home/jejames/ArabidopsisCrossGenome/model.txt 1
---- Data /home/jejames/ArabidopsisCrossGenome/PolyDFE15/fpkm15polcounts14_1953279.09255175_PolyDFE.input does not contain divergence counts. Using option -w.
---- No mutation variability. Using Poisson likelihood.


---- Calculating initial values

-- Starting local optimization
-- Optimizing all parameters
  it        eps_an     theta_bar           S_d             b           p_b           S_b           r 2           r 3           r 4           r 5           r 6           r 7           r 8           r 9          r 10          r 11          r 12          r 13          r 14          r 15          r 16          r 17          r 18          r 19          r 20          r 21          r 22          r 23          r 24          r 25          r 26          r 27          r 28          r 29          r 30          r 31          r 32          r 33          r 34          r 35          r 36          r 37          r 38          r 39          r 40          r 41          r 42          r 43          r 44          r 45          r 46          r 47          r 48          r 49           ln lk          grad status 
   0           0.1 0.00949658703        -20000         0.406           0.1            20 0.84097035040 0.78526504941 0.74074074074 0.91194968553 0.51272836178 0.80363382250 0.79065588499 0.63342318059 0.63991214934 0.76759508834 0.75232105420 0.63202555655 0.73794549266 0.74722970949 0.79544773884 0.65338923829 0.73674752920 0.76250374363 0.72476789457 0.79245283018 0.81920734750 0.84725965858 0.74034141958 0.99830288509 0.78127183787 0.75741239892 1.10971348707 0.81641209943 1.15902964959 0.79844264749 1.30977338524 1.40011979634 1.36448038334 1.43605870020 1.26504941599 1.71019267245 1.41120095837 1.75591494459 1.95268044324 1.73954277727 2.13836477987 2.53269441948 2.21383647798 3.06828391734 3.55894978536 4.49495857043 5.30937406409             1 -2710.213610397 35.0197970597   -2 
 517 0.00019576386 0.00850474945 -1674.0212998 0.26247178255 0.00013559726 0.18556276085 0.80967978184 0.75080245020 0.71279980501 0.80495247865 0.57431856696 0.71674043014 0.73839036982 0.68938969739 0.68650022803 0.59035494016 0.71253049840 0.64696932208 0.80605916322 0.80469338637 0.68198546112 0.58092454112 0.71629421803 0.77004834822 0.73706210111 0.69590206718 0.79283852052 0.78072767844 0.76389119728 0.79831138748 0.65748220100 0.73047107293 0.90216615887 0.82188021179 0.97181505350 0.81239557649 1.16970816703 1.13355337243 1.17049134090 0.96591404149 1.09931465649 1.45278350470 1.29700101412 1.26593192408 1.39362597821 1.55024533358 1.66418391649 1.68156044955 1.82647199958 2.16035903841 2.45462517593 2.98055033590 3.07446666861 3.97031832208 -315.5596650684 0.00031614757   -8 
-- Local optimization: reached maximum number of likelihood evaluations allowed.
---- Best joint likelihood found -315.559665068473123 with gradient 0.00032

---- Results for /home/jejames/ArabidopsisCrossGenome/PolyDFE15/fpkm15polcounts14_1953279.09255175_PolyDFE.input 
--  Model: C
--        eps_an     theta_bar             a 
-- 0.00019576386 0.00850474945            -1 
--           S_d             b           p_b           S_b 
-- -1674.0212998 0.26247178255 0.00013559726 0.18556276085 
--           r 2           r 3           r 4           r 5           r 6           r 7           r 8           r 9          r 10          r 11          r 12          r 13          r 14          r 15          r 16          r 17          r 18          r 19          r 20          r 21          r 22          r 23          r 24          r 25          r 26          r 27          r 28          r 29          r 30          r 31          r 32          r 33          r 34          r 35          r 36          r 37          r 38          r 39          r 40          r 41          r 42          r 43          r 44          r 45          r 46          r 47          r 48          r 49 
-- 0.80967978184 0.75080245020 0.71279980501 0.80495247865 0.57431856696 0.71674043014 0.73839036982 0.68938969739 0.68650022803 0.59035494016 0.71253049840 0.64696932208 0.80605916322 0.80469338637 0.68198546112 0.58092454112 0.71629421803 0.77004834822 0.73706210111 0.69590206718 0.79283852052 0.78072767844 0.76389119728 0.79831138748 0.65748220100 0.73047107293 0.90216615887 0.82188021179 0.97181505350 0.81239557649 1.16970816703 1.13355337243 1.17049134090 0.96591404149 1.09931465649 1.45278350470 1.29700101412 1.26593192408 1.39362597821 1.55024533358 1.66418391649 1.68156044955 1.82647199958 2.16035903841 2.45462517593 2.98055033590 3.07446666861 3.97031832208 

---- Expected P_neut(i), 0 < i < n (neutral SFS per site) 
E[P_neut(1)] = 0.0085032194
E[P_neut(2)] = 0.0034424945
E[P_neut(3)] = 0.0021281511
E[P_neut(4)] = 0.0015153381
E[P_neut(5)] = 0.0013689957
E[P_neut(6)] = 0.0008139823
E[P_neut(7)] = 0.0008707086
E[P_neut(8)] = 0.0007848904
E[P_neut(9)] = 0.0006513895
E[P_neut(10)] = 0.0005837950
E[P_neut(11)] = 0.0004564029
E[P_neut(12)] = 0.0005049491
E[P_neut(13)] = 0.0004232373
E[P_neut(14)] = 0.0004896215
E[P_neut(15)] = 0.0004562043
E[P_neut(16)] = 0.0003624936
E[P_neut(17)] = 0.0002906249
E[P_neut(18)] = 0.0003384337
E[P_neut(19)] = 0.0003446640
E[P_neut(20)] = 0.0003134190
E[P_neut(21)] = 0.0002818240
E[P_neut(22)] = 0.0003064888
E[P_neut(23)] = 0.0002886795
E[P_neut(24)] = 0.0002706851
E[P_neut(25)] = 0.0002715775
E[P_neut(26)] = 0.0002150771
E[P_neut(27)] = 0.0002301031
E[P_neut(28)] = 0.0002740313
E[P_neut(29)] = 0.0002410385
E[P_neut(30)] = 0.0002755089
E[P_neut(31)] = 0.0002229019
E[P_neut(32)] = 0.0003108827
E[P_neut(33)] = 0.0002921387
E[P_neut(34)] = 0.0002928000
E[P_neut(35)] = 0.0002347536
E[P_neut(36)] = 0.0002597505
E[P_neut(37)] = 0.0003339515
E[P_neut(38)] = 0.0002903228
E[P_neut(39)] = 0.0002760977
E[P_neut(40)] = 0.0002963673
E[P_neut(41)] = 0.0003216365
E[P_neut(42)] = 0.0003370750
E[P_neut(43)] = 0.0003326926
E[P_neut(44)] = 0.0003531286
E[P_neut(45)] = 0.0004084839
E[P_neut(46)] = 0.0004540333
E[P_neut(47)] = 0.0005396480
E[P_neut(48)] = 0.0005453084
E[P_neut(49)] = 0.0006906435

---- Expected P_sel(i), 0 < i < n (selected SFS per site) 
E[P_sel(1)] = 0.0029223445
E[P_sel(2)] = 0.0008987787
E[P_sel(3)] = 0.0004872402
E[P_sel(4)] = 0.0003189251
E[P_sel(5)] = 0.0002709610
E[P_sel(6)] = 0.0001535401
E[P_sel(7)] = 0.0001578939
E[P_sel(8)] = 0.0001376696
E[P_sel(9)] = 0.0001110115
E[P_sel(10)] = 0.0000970048
E[P_sel(11)] = 0.0000741441
E[P_sel(12)] = 0.0000803782
E[P_sel(13)] = 0.0000661345
E[P_sel(14)] = 0.0000752200
E[P_sel(15)] = 0.0000689960
E[P_sel(16)] = 0.0000540306
E[P_sel(17)] = 0.0000427339
E[P_sel(18)] = 0.0000491346
E[P_sel(19)] = 0.0000494439
E[P_sel(20)] = 0.0000444562
E[P_sel(21)] = 0.0000395492
E[P_sel(22)] = 0.0000425756
E[P_sel(23)] = 0.0000397155
E[P_sel(24)] = 0.0000368977
E[P_sel(25)] = 0.0000366940
E[P_sel(26)] = 0.0000288153
E[P_sel(27)] = 0.0000305792
E[P_sel(28)] = 0.0000361339
E[P_sel(29)] = 0.0000315456
E[P_sel(30)] = 0.0000357967
E[P_sel(31)] = 0.0000287599
E[P_sel(32)] = 0.0000398410
E[P_sel(33)] = 0.0000371947
E[P_sel(34)] = 0.0000370437
E[P_sel(35)] = 0.0000295188
E[P_sel(36)] = 0.0000324678
E[P_sel(37)] = 0.0000415004
E[P_sel(38)] = 0.0000358769
E[P_sel(39)] = 0.0000339325
E[P_sel(40)] = 0.0000362306
E[P_sel(41)] = 0.0000391162
E[P_sel(42)] = 0.0000407878
E[P_sel(43)] = 0.0000400605
E[P_sel(44)] = 0.0000423159
E[P_sel(45)] = 0.0000487265
E[P_sel(46)] = 0.0000539138
E[P_sel(47)] = 0.0000638047
E[P_sel(48)] = 0.0000642393
E[P_sel(49)] = 0.0000812635

---- alpha_dfe = 0.001283

