---- Running command
---- ./polyDFE -d /home/jejames/ArabidopsisCrossGenome/PolyDFE15/fpkm15polcounts6_104549.76196813_PolyDFE.input -m C -i /home/jejames/ArabidopsisCrossGenome/model.txt 1 -e 
---- Performing inference using model C

---- Performing inference on /home/jejames/ArabidopsisCrossGenome/PolyDFE15/fpkm15polcounts6_104549.76196813_PolyDFE.input
----      with -i /home/jejames/ArabidopsisCrossGenome/model.txt 1
---- Data /home/jejames/ArabidopsisCrossGenome/PolyDFE15/fpkm15polcounts6_104549.76196813_PolyDFE.input does not contain divergence counts. Using option -w.
---- No mutation variability. Using Poisson likelihood.


---- Calculating initial values

-- Starting local optimization
-- Optimizing all parameters
  it        eps_an     theta_bar           S_d             b           p_b           S_b           r 2           r 3           r 4           r 5           r 6           r 7           r 8           r 9          r 10          r 11          r 12          r 13          r 14          r 15          r 16          r 17          r 18          r 19          r 20          r 21          r 22          r 23          r 24          r 25          r 26          r 27          r 28          r 29          r 30          r 31          r 32          r 33          r 34          r 35          r 36          r 37          r 38          r 39          r 40          r 41          r 42          r 43          r 44          r 45          r 46          r 47          r 48          r 49           ln lk          grad status 
   0           0.1 0.00922883649        -20000         0.208           0.1            20 0.84915538871 0.76607724982 0.68161612170 0.60406993974 0.73733083078 0.71431393855 0.64644868122 0.59389509038 0.66284698211 0.74869109947 0.65198063815 0.79363824953 0.68319668082 0.89202805492 0.60535414402 0.86822088313 0.81082682999 0.77704237874 0.75274128222 0.83809147485 0.57591623036 0.93381408673 0.91514373209 1.16072310579 1.11468932134 0.90417860318 1.06490170897 1.01985577398 0.91573644176 1.12081398794 1.34031413612 1.08554776252 1.36698607132 1.30692482465 1.58609107971 1.61552899338 1.46399288748 2.00721130099 1.73466363726 1.66867529388 1.99980243010 2.45095327472 2.76439790575 3.40956238269 2.93094932332 4.75896473377 5.50982910204             1 -2735.698779683 34.5566828676   -2 
1192 0.00434668844 0.00802478899 -252.36100061 0.25316744111 0.00004913919 0.31082507423 0.84404643719 0.76783826647 0.75039215660 0.68359798134 0.71601346046 0.67562462706 0.70294251130 0.69356879092 0.60943365029 0.76743413754 0.72423791520 0.81881245104 0.70900072627 0.88571622814 0.65404748335 0.79458393797 0.74581253243 0.72683295786 0.66544344459 0.72972000826 0.68132289576 0.75646399775 0.86690543383 0.98446591523 0.95887046985 0.89123001414 0.99093619169 0.93798973998 0.89237992267 0.93864143594 1.10294335982 0.80807419717 1.19469220082 1.14981202383 1.32041461193 1.32429293987 1.09971221224 1.52889165532 1.62930750973 1.57435854491 1.61442169624 1.71577458982 1.94015851200 2.45079869784 2.16736702034 3.09127714156 3.30529369542 4.92190737100 -321.7110138704 0.00043422674   -8 
-- Local optimization: reached maximum number of likelihood evaluations allowed.
---- Best joint likelihood found -321.711013870458828 with gradient 0.00043

---- Results for /home/jejames/ArabidopsisCrossGenome/PolyDFE15/fpkm15polcounts6_104549.76196813_PolyDFE.input 
--  Model: C
--        eps_an     theta_bar             a 
-- 0.00434668844 0.00802478899            -1 
--           S_d             b           p_b           S_b 
-- -252.36100061 0.25316744111 0.00004913919 0.31082507423 
--           r 2           r 3           r 4           r 5           r 6           r 7           r 8           r 9          r 10          r 11          r 12          r 13          r 14          r 15          r 16          r 17          r 18          r 19          r 20          r 21          r 22          r 23          r 24          r 25          r 26          r 27          r 28          r 29          r 30          r 31          r 32          r 33          r 34          r 35          r 36          r 37          r 38          r 39          r 40          r 41          r 42          r 43          r 44          r 45          r 46          r 47          r 48          r 49 
-- 0.84404643719 0.76783826647 0.75039215660 0.68359798134 0.71601346046 0.67562462706 0.70294251130 0.69356879092 0.60943365029 0.76743413754 0.72423791520 0.81881245104 0.70900072627 0.88571622814 0.65404748335 0.79458393797 0.74581253243 0.72683295786 0.66544344459 0.72972000826 0.68132289576 0.75646399775 0.86690543383 0.98446591523 0.95887046985 0.89123001414 0.99093619169 0.93798973998 0.89237992267 0.93864143594 1.10294335982 0.80807419717 1.19469220082 1.14981202383 1.32041461193 1.32429293987 1.09971221224 1.52889165532 1.62930750973 1.57435854491 1.61442169624 1.71577458982 1.94015851200 2.45079869784 2.16736702034 3.09127714156 3.30529369542 4.92190737100 

---- Expected P_neut(i), 0 < i < n (neutral SFS per site) 
E[P_neut(1)] = 0.0079934115
E[P_neut(2)] = 0.0033743285
E[P_neut(3)] = 0.0020472798
E[P_neut(4)] = 0.0015005345
E[P_neut(5)] = 0.0010942767
E[P_neut(6)] = 0.0009550183
E[P_neut(7)] = 0.0007725602
E[P_neut(8)] = 0.0007033965
E[P_neut(9)] = 0.0006170673
E[P_neut(10)] = 0.0004883527
E[P_neut(11)] = 0.0005587972
E[P_neut(12)] = 0.0004832256
E[P_neut(13)] = 0.0005044974
E[P_neut(14)] = 0.0004059116
E[P_neut(15)] = 0.0004729320
E[P_neut(16)] = 0.0003278368
E[P_neut(17)] = 0.0003743043
E[P_neut(18)] = 0.0003322563
E[P_neut(19)] = 0.0003067050
E[P_neut(20)] = 0.0002668792
E[P_neut(21)] = 0.0002787661
E[P_neut(22)] = 0.0002486757
E[P_neut(23)] = 0.0002639374
E[P_neut(24)] = 0.0002898903
E[P_neut(25)] = 0.0003160052
E[P_neut(26)] = 0.0002959248
E[P_neut(27)] = 0.0002648823
E[P_neut(28)] = 0.0002838477
E[P_neut(29)] = 0.0002596414
E[P_neut(30)] = 0.0002388284
E[P_neut(31)] = 0.0002432588
E[P_neut(32)] = 0.0002768333
E[P_neut(33)] = 0.0001972800
E[P_neut(34)] = 0.0002821753
E[P_neut(35)] = 0.0002645423
E[P_neut(36)] = 0.0002948218
E[P_neut(37)] = 0.0002881694
E[P_neut(38)] = 0.0002333315
E[P_neut(39)] = 0.0003156567
E[P_neut(40)] = 0.0003275762
E[P_neut(41)] = 0.0003094924
E[P_neut(42)] = 0.0003101859
E[P_neut(43)] = 0.0003221778
E[P_neut(44)] = 0.0003564737
E[P_neut(45)] = 0.0004399169
E[P_neut(46)] = 0.0003830015
E[P_neut(47)] = 0.0005344388
E[P_neut(48)] = 0.0005649080
E[P_neut(49)] = 0.0008374442

---- Expected P_sel(i), 0 < i < n (selected SFS per site) 
E[P_sel(1)] = 0.0043361846
E[P_sel(2)] = 0.0014586245
E[P_sel(3)] = 0.0007846049
E[P_sel(4)] = 0.0005314068
E[P_sel(5)] = 0.0003655503
E[P_sel(6)] = 0.0003047814
E[P_sel(7)] = 0.0002374463
E[P_sel(8)] = 0.0002094161
E[P_sel(9)] = 0.0001787147
E[P_sel(10)] = 0.0001380262
E[P_sel(11)] = 0.0001545793
E[P_sel(12)] = 0.0001311042
E[P_sel(13)] = 0.0001344571
E[P_sel(14)] = 0.0001064228
E[P_sel(15)] = 0.0001221607
E[P_sel(16)] = 0.0000834921
E[P_sel(17)] = 0.0000941124
E[P_sel(18)] = 0.0000825139
E[P_sel(19)] = 0.0000753012
E[P_sel(20)] = 0.0000648154
E[P_sel(21)] = 0.0000670115
E[P_sel(22)] = 0.0000591970
E[P_sel(23)] = 0.0000622533
E[P_sel(24)] = 0.0000677738
E[P_sel(25)] = 0.0000732585
E[P_sel(26)] = 0.0000680511
E[P_sel(27)] = 0.0000604423
E[P_sel(28)] = 0.0000642874
E[P_sel(29)] = 0.0000583880
E[P_sel(30)] = 0.0000533391
E[P_sel(31)] = 0.0000539719
E[P_sel(32)] = 0.0000610264
E[P_sel(33)] = 0.0000432399
E[P_sel(34)] = 0.0000614477
E[P_sel(35)] = 0.0000573043
E[P_sel(36)] = 0.0000634839
E[P_sel(37)] = 0.0000617399
E[P_sel(38)] = 0.0000497499
E[P_sel(39)] = 0.0000669396
E[P_sel(40)] = 0.0000690997
E[P_sel(41)] = 0.0000650290
E[P_sel(42)] = 0.0000649146
E[P_sel(43)] = 0.0000671557
E[P_sel(44)] = 0.0000740565
E[P_sel(45)] = 0.0000910119
E[P_sel(46)] = 0.0000793314
E[P_sel(47)] = 0.0001104596
E[P_sel(48)] = 0.0001179499
E[P_sel(49)] = 0.0001810159

---- alpha_dfe = 0.000287

