---- Running command
---- ./polyDFE -d /home/jejames/ArabidopsisCrossGenome/PolyDFE15/NetworkConnectivity15polcounts13_130.942277691108_PolyDFE.input -m C -i /home/jejames/ArabidopsisCrossGenome/model.txt 1 -e 
---- Performing inference using model C

---- Performing inference on /home/jejames/ArabidopsisCrossGenome/PolyDFE15/NetworkConnectivity15polcounts13_130.942277691108_PolyDFE.input
----      with -i /home/jejames/ArabidopsisCrossGenome/model.txt 1
---- Data /home/jejames/ArabidopsisCrossGenome/PolyDFE15/NetworkConnectivity15polcounts13_130.942277691108_PolyDFE.input does not contain divergence counts. Using option -w.
---- No mutation variability. Using Poisson likelihood.


---- Calculating initial values

-- Starting local optimization
-- Optimizing all parameters
  it        eps_an     theta_bar           S_d             b           p_b           S_b           r 2           r 3           r 4           r 5           r 6           r 7           r 8           r 9          r 10          r 11          r 12          r 13          r 14          r 15          r 16          r 17          r 18          r 19          r 20          r 21          r 22          r 23          r 24          r 25          r 26          r 27          r 28          r 29          r 30          r 31          r 32          r 33          r 34          r 35          r 36          r 37          r 38          r 39          r 40          r 41          r 42          r 43          r 44          r 45          r 46          r 47          r 48          r 49           ln lk          grad status 
   0           0.1 0.00934803451        -20000         0.406           0.1            20 0.87096101730 0.73202001250 0.63039399624 0.70669168230 0.67229518449 0.63841984573 0.57285803627 0.67729831144 0.60558682509 0.72003335417 0.70544090056 0.55420054200 0.82593287471 0.72076297686 0.75880758807 0.81332082551 0.81988742964 0.79810298102 0.66291432145 0.71138211382 0.64206795914 0.83906608296 0.76047529706 0.80779653950 0.91056910569 0.75984990619 1.28413591828 0.86147592245 1.19449656035 0.86272670419 1.11069418386 1.55128205128 1.18720033354 1.41911611423 1.40337711069 1.54648738795 1.41004794663 1.51219512195 2.12215968313 1.78632478632 2.20200125078 2.30821346675 2.17844486137 2.83302063789 3.49051490514 4.45309568480 5.61350844277             1 -2899.634586690 27.5684244396   -2 
 324 0.00052978733 0.00823048771 -379.13792293 0.34111376851 0.00028381855 0.44794764107 0.84357346597 0.75481684975 0.64004922216 0.69796151701 0.65490910295 0.66880575814 0.63866667129 0.71165167234 0.52403703589 0.69708126249 0.66385629370 0.52499450056 0.71912129191 0.70932511373 0.71703033949 0.71857279690 0.82798206782 0.70341755286 0.56997508035 0.77375995174 0.64636375755 0.88288001382 0.68320442200 0.78923212035 0.88639770876 0.81034811189 1.07993531076 0.78893926466 1.01937836649 0.84891918476 0.97660989199 1.21244066923 0.93930983102 1.07740904724 1.11107045264 1.25972064859 1.15506034136 1.30949396742 1.74590927602 1.40826164696 1.63010500058 1.72603638424 1.68620575738 2.12440219774 2.40795219850 3.35360355059 3.48417960850 4.96381913255 -298.8719074834 0.00039196499   -8 
-- Local optimization: reached maximum number of likelihood evaluations allowed.
---- Best joint likelihood found -298.871907483486211 with gradient 0.00039

---- Results for /home/jejames/ArabidopsisCrossGenome/PolyDFE15/NetworkConnectivity15polcounts13_130.942277691108_PolyDFE.input 
--  Model: C
--        eps_an     theta_bar             a 
-- 0.00052978733 0.00823048771            -1 
--           S_d             b           p_b           S_b 
-- -379.13792293 0.34111376851 0.00028381855 0.44794764107 
--           r 2           r 3           r 4           r 5           r 6           r 7           r 8           r 9          r 10          r 11          r 12          r 13          r 14          r 15          r 16          r 17          r 18          r 19          r 20          r 21          r 22          r 23          r 24          r 25          r 26          r 27          r 28          r 29          r 30          r 31          r 32          r 33          r 34          r 35          r 36          r 37          r 38          r 39          r 40          r 41          r 42          r 43          r 44          r 45          r 46          r 47          r 48          r 49 
-- 0.84357346597 0.75481684975 0.64004922216 0.69796151701 0.65490910295 0.66880575814 0.63866667129 0.71165167234 0.52403703589 0.69708126249 0.66385629370 0.52499450056 0.71912129191 0.70932511373 0.71703033949 0.71857279690 0.82798206782 0.70341755286 0.56997508035 0.77375995174 0.64636375755 0.88288001382 0.68320442200 0.78923212035 0.88639770876 0.81034811189 1.07993531076 0.78893926466 1.01937836649 0.84891918476 0.97660989199 1.21244066923 0.93930983102 1.07740904724 1.11107045264 1.25972064859 1.15506034136 1.30949396742 1.74590927602 1.40826164696 1.63010500058 1.72603638424 1.68620575738 2.12440219774 2.40795219850 3.35360355059 3.48417960850 4.96381913255 

---- Expected P_neut(i), 0 < i < n (neutral SFS per site) 
E[P_neut(1)] = 0.0082265690
E[P_neut(2)] = 0.0034699879
E[P_neut(3)] = 0.0020700510
E[P_neut(4)] = 0.0013165098
E[P_neut(5)] = 0.0011485099
E[P_neut(6)] = 0.0008980614
E[P_neut(7)] = 0.0007861295
E[P_neut(8)] = 0.0006568884
E[P_neut(9)] = 0.0006506095
E[P_neut(10)] = 0.0004312699
E[P_neut(11)] = 0.0005214445
E[P_neut(12)] = 0.0004552131
E[P_neut(13)] = 0.0003323540
E[P_neut(14)] = 0.0004226762
E[P_neut(15)] = 0.0003891341
E[P_neut(16)] = 0.0003687694
E[P_neut(17)] = 0.0003478703
E[P_neut(18)] = 0.0003785267
E[P_neut(19)] = 0.0003046669
E[P_neut(20)] = 0.0002345825
E[P_neut(21)] = 0.0003032161
E[P_neut(22)] = 0.0002418532
E[P_neut(23)] = 0.0003158997
E[P_neut(24)] = 0.0002343206
E[P_neut(25)] = 0.0002598306
E[P_neut(26)] = 0.0002805711
E[P_neut(27)] = 0.0002470573
E[P_neut(28)] = 0.0003174026
E[P_neut(29)] = 0.0002239508
E[P_neut(30)] = 0.0002796421
E[P_neut(31)] = 0.0002254297
E[P_neut(32)] = 0.0002512542
E[P_neut(33)] = 0.0003024174
E[P_neut(34)] = 0.0002274567
E[P_neut(35)] = 0.0002534320
E[P_neut(36)] = 0.0002541075
E[P_neut(37)] = 0.0002802470
E[P_neut(38)] = 0.0002502853
E[P_neut(39)] = 0.0002764831
E[P_neut(40)] = 0.0003592803
E[P_neut(41)] = 0.0002828945
E[P_neut(42)] = 0.0003196208
E[P_neut(43)] = 0.0003306165
E[P_neut(44)] = 0.0003157247
E[P_neut(45)] = 0.0003889554
E[P_neut(46)] = 0.0004313091
E[P_neut(47)] = 0.0005880582
E[P_neut(48)] = 0.0005989497
E[P_neut(49)] = 0.0008376871

---- Expected P_sel(i), 0 < i < n (selected SFS per site) 
E[P_sel(1)] = 0.0035529061
E[P_sel(2)] = 0.0010897785
E[P_sel(3)] = 0.0005502355
E[P_sel(4)] = 0.0003138795
E[P_sel(5)] = 0.0002528498
E[P_sel(6)] = 0.0001857305
E[P_sel(7)] = 0.0001544593
E[P_sel(8)] = 0.0001235963
E[P_sel(9)] = 0.0001179213
E[P_sel(10)] = 0.0000756323
E[P_sel(11)] = 0.0000888093
E[P_sel(12)] = 0.0000755076
E[P_sel(13)] = 0.0000538176
E[P_sel(14)] = 0.0000669547
E[P_sel(15)] = 0.0000604011
E[P_sel(16)] = 0.0000561711
E[P_sel(17)] = 0.0000520629
E[P_sel(18)] = 0.0000557266
E[P_sel(19)] = 0.0000441634
E[P_sel(20)] = 0.0000335100
E[P_sel(21)] = 0.0000427204
E[P_sel(22)] = 0.0000336299
E[P_sel(23)] = 0.0000433815
E[P_sel(24)] = 0.0000317972
E[P_sel(25)] = 0.0000348598
E[P_sel(26)] = 0.0000372341
E[P_sel(27)] = 0.0000324456
E[P_sel(28)] = 0.0000412664
E[P_sel(29)] = 0.0000288369
E[P_sel(30)] = 0.0000356728
E[P_sel(31)] = 0.0000285006
E[P_sel(32)] = 0.0000314912
E[P_sel(33)] = 0.0000375852
E[P_sel(34)] = 0.0000280414
E[P_sel(35)] = 0.0000309980
E[P_sel(36)] = 0.0000308444
E[P_sel(37)] = 0.0000337628
E[P_sel(38)] = 0.0000299401
E[P_sel(39)] = 0.0000328436
E[P_sel(40)] = 0.0000423817
E[P_sel(41)] = 0.0000331604
E[P_sel(42)] = 0.0000372219
E[P_sel(43)] = 0.0000382662
E[P_sel(44)] = 0.0000363280
E[P_sel(45)] = 0.0000444942
E[P_sel(46)] = 0.0000490635
E[P_sel(47)] = 0.0000665572
E[P_sel(48)] = 0.0000676075
E[P_sel(49)] = 0.0000949118

---- alpha_dfe = 0.003228

