---- Running command
---- ./polyDFE -d /home/jejames/ArabidopsisCrossGenome/PolyDFE15/NetworkConnectivity15polcounts7_25.2577464788732_PolyDFE.input -m C -i /home/jejames/ArabidopsisCrossGenome/model.txt 1 -e 
---- Performing inference using model C

---- Performing inference on /home/jejames/ArabidopsisCrossGenome/PolyDFE15/NetworkConnectivity15polcounts7_25.2577464788732_PolyDFE.input
----      with -i /home/jejames/ArabidopsisCrossGenome/model.txt 1
---- Data /home/jejames/ArabidopsisCrossGenome/PolyDFE15/NetworkConnectivity15polcounts7_25.2577464788732_PolyDFE.input does not contain divergence counts. Using option -w.
---- No mutation variability. Using Poisson likelihood.


---- Calculating initial values

-- Starting local optimization
-- Optimizing all parameters
  it        eps_an     theta_bar           S_d             b           p_b           S_b           r 2           r 3           r 4           r 5           r 6           r 7           r 8           r 9          r 10          r 11          r 12          r 13          r 14          r 15          r 16          r 17          r 18          r 19          r 20          r 21          r 22          r 23          r 24          r 25          r 26          r 27          r 28          r 29          r 30          r 31          r 32          r 33          r 34          r 35          r 36          r 37          r 38          r 39          r 40          r 41          r 42          r 43          r 44          r 45          r 46          r 47          r 48          r 49           ln lk          grad status 
   0           0.1 0.00927452055        -30000         0.208           0.1            20 0.83959113450 0.77117700637 0.69345207974 0.71298451573 0.60479708531 0.52353000708 0.50764092703 0.59842121242 0.59609351280 0.73919643760 0.77724926626 0.63151502884 0.56391053537 0.60418985932 0.51006983098 0.88088250177 0.65398239044 0.74800121445 0.43720271227 0.84586580305 0.52990587997 0.85659346220 0.82096953749 0.70843032081 0.84728266369 0.96184596700 1.08248153020 0.88634753567 0.80153830583 0.94433761765 1.13672705191 1.22902540228 1.22153628175 1.35310191276 1.68323044226 1.79738892824 1.53830583948 1.48406031778 1.70428094322 1.96265560165 1.54296123874 2.13672705191 2.15524744459 2.37273555308 3.24481327800 4.85173565428 5.30472624228             1 -2614.434323535 34.5561208235   -2 
 728 0.00000684431 0.00827484636 -496.70401991 0.23633295778 0.00005214088 0.29934304378 0.77789324977 0.71342256150 0.62965996932 0.70637111473 0.61470045297 0.64107307268 0.59716011967 0.65137075429 0.52633997002 0.70698839389 0.74780742921 0.64813928796 0.63014391972 0.66028631854 0.68069259428 0.77325954766 0.75890840585 0.73692069066 0.54394778949 0.70780578380 0.60397076941 0.70813613408 0.76410959186 0.77589885171 0.74949868186 0.85669986567 0.82590960901 0.81734323984 0.72098996419 0.76193272409 1.06184076990 0.92556961567 1.05343212507 1.00361741257 1.25919295127 1.35068732144 1.07950183887 1.22337054343 1.16088172923 1.55023936337 1.06098812449 1.61178371301 1.82431870080 1.86945262157 2.43278309400 2.85923328459 2.90175464635 4.07704605368 -336.8360161565 0.00056627549   -8 
-- Local optimization: reached maximum number of likelihood evaluations allowed.
---- Best joint likelihood found -336.836016156542655 with gradient 0.00057

---- Results for /home/jejames/ArabidopsisCrossGenome/PolyDFE15/NetworkConnectivity15polcounts7_25.2577464788732_PolyDFE.input 
--  Model: C
--        eps_an     theta_bar             a 
-- 0.00000684431 0.00827484636            -1 
--           S_d             b           p_b           S_b 
-- -496.70401991 0.23633295778 0.00005214088 0.29934304378 
--           r 2           r 3           r 4           r 5           r 6           r 7           r 8           r 9          r 10          r 11          r 12          r 13          r 14          r 15          r 16          r 17          r 18          r 19          r 20          r 21          r 22          r 23          r 24          r 25          r 26          r 27          r 28          r 29          r 30          r 31          r 32          r 33          r 34          r 35          r 36          r 37          r 38          r 39          r 40          r 41          r 42          r 43          r 44          r 45          r 46          r 47          r 48          r 49 
-- 0.77789324977 0.71342256150 0.62965996932 0.70637111473 0.61470045297 0.64107307268 0.59716011967 0.65137075429 0.52633997002 0.70698839389 0.74780742921 0.64813928796 0.63014391972 0.66028631854 0.68069259428 0.77325954766 0.75890840585 0.73692069066 0.54394778949 0.70780578380 0.60397076941 0.70813613408 0.76410959186 0.77589885171 0.74949868186 0.85669986567 0.82590960901 0.81734323984 0.72098996419 0.76193272409 1.06184076990 0.92556961567 1.05343212507 1.00361741257 1.25919295127 1.35068732144 1.07950183887 1.22337054343 1.16088172923 1.55023936337 1.06098812449 1.61178371301 1.82431870080 1.86945262157 2.43278309400 2.85923328459 2.90175464635 4.07704605368 

---- Expected P_neut(i), 0 < i < n (neutral SFS per site) 
E[P_neut(1)] = 0.0082747944
E[P_neut(2)] = 0.0032184550
E[P_neut(3)] = 0.0019678107
E[P_neut(4)] = 0.0013025790
E[P_neut(5)] = 0.0011690168
E[P_neut(6)] = 0.0008477552
E[P_neut(7)] = 0.0007578228
E[P_neut(8)] = 0.0006176732
E[P_neut(9)] = 0.0005988861
E[P_neut(10)] = 0.0004355369
E[P_neut(11)] = 0.0005318363
E[P_neut(12)] = 0.0005156640
E[P_neut(13)] = 0.0004125572
E[P_neut(14)] = 0.0003724526
E[P_neut(15)] = 0.0003642503
E[P_neut(16)] = 0.0003520385
E[P_neut(17)] = 0.0003763875
E[P_neut(18)] = 0.0003488801
E[P_neut(19)] = 0.0003209416
E[P_neut(20)] = 0.0002250540
E[P_neut(21)] = 0.0002789037
E[P_neut(22)] = 0.0002271713
E[P_neut(23)] = 0.0002547704
E[P_neut(24)] = 0.0002634536
E[P_neut(25)] = 0.0002568178
E[P_neut(26)] = 0.0002385381
E[P_neut(27)] = 0.0002625577
E[P_neut(28)] = 0.0002440811
E[P_neut(29)] = 0.0002332206
E[P_neut(30)] = 0.0001988696
E[P_neut(31)] = 0.0002033839
E[P_neut(32)] = 0.0002745808
E[P_neut(33)] = 0.0002320903
E[P_neut(34)] = 0.0002563827
E[P_neut(35)] = 0.0002372803
E[P_neut(36)] = 0.0002894347
E[P_neut(37)] = 0.0003020745
E[P_neut(38)] = 0.0002350733
E[P_neut(39)] = 0.0002595712
E[P_neut(40)] = 0.0002401543
E[P_neut(41)] = 0.0003128798
E[P_neut(42)] = 0.0002090388
E[P_neut(43)] = 0.0003101720
E[P_neut(44)] = 0.0003430934
E[P_neut(45)] = 0.0003437708
E[P_neut(46)] = 0.0004376343
E[P_neut(47)] = 0.0005034082
E[P_neut(48)] = 0.0005002597
E[P_neut(49)] = 0.0006885607

---- Expected P_sel(i), 0 < i < n (selected SFS per site) 
E[P_sel(1)] = 0.0040086086
E[P_sel(2)] = 0.0012411336
E[P_sel(3)] = 0.0006763843
E[P_sel(4)] = 0.0004155202
E[P_sel(5)] = 0.0003530552
E[P_sel(6)] = 0.0002452619
E[P_sel(7)] = 0.0002116484
E[P_sel(8)] = 0.0001674375
E[P_sel(9)] = 0.0001582093
E[P_sel(10)] = 0.0001124735
E[P_sel(11)] = 0.0001345872
E[P_sel(12)] = 0.0001281311
E[P_sel(13)] = 0.0001008196
E[P_sel(14)] = 0.0000896400
E[P_sel(15)] = 0.0000864386
E[P_sel(16)] = 0.0000824540
E[P_sel(17)] = 0.0000870862
E[P_sel(18)] = 0.0000798023
E[P_sel(19)] = 0.0000726246
E[P_sel(20)] = 0.0000504108
E[P_sel(21)] = 0.0000618734
E[P_sel(22)] = 0.0000499374
E[P_sel(23)] = 0.0000555181
E[P_sel(24)] = 0.0000569345
E[P_sel(25)] = 0.0000550603
E[P_sel(26)] = 0.0000507527
E[P_sel(27)] = 0.0000554557
E[P_sel(28)] = 0.0000511916
E[P_sel(29)] = 0.0000485833
E[P_sel(30)] = 0.0000411575
E[P_sel(31)] = 0.0000418269
E[P_sel(32)] = 0.0000561252
E[P_sel(33)] = 0.0000471606
E[P_sel(34)] = 0.0000517995
E[P_sel(35)] = 0.0000476746
E[P_sel(36)] = 0.0000578409
E[P_sel(37)] = 0.0000600515
E[P_sel(38)] = 0.0000464945
E[P_sel(39)] = 0.0000510860
E[P_sel(40)] = 0.0000470369
E[P_sel(41)] = 0.0000609933
E[P_sel(42)] = 0.0000405638
E[P_sel(43)] = 0.0000599195
E[P_sel(44)] = 0.0000659900
E[P_sel(45)] = 0.0000658385
E[P_sel(46)] = 0.0000834654
E[P_sel(47)] = 0.0000956187
E[P_sel(48)] = 0.0000946433
E[P_sel(49)] = 0.0001297689

---- alpha_dfe = 0.000325

