---- Running command
---- ./polyDFE -d /home/jejames/ArabidopsisCrossGenome/PolyDFE15/NetworkConnectivity15polcounts15_433.164885496183_PolyDFE.input -m C -i /home/jejames/ArabidopsisCrossGenome/model.txt 1 -e 
---- Performing inference using model C

---- Performing inference on /home/jejames/ArabidopsisCrossGenome/PolyDFE15/NetworkConnectivity15polcounts15_433.164885496183_PolyDFE.input
----      with -i /home/jejames/ArabidopsisCrossGenome/model.txt 1
---- Data /home/jejames/ArabidopsisCrossGenome/PolyDFE15/NetworkConnectivity15polcounts15_433.164885496183_PolyDFE.input does not contain divergence counts. Using option -w.
---- No mutation variability. Using Poisson likelihood.


---- Calculating initial values

-- Starting local optimization
-- Optimizing all parameters
  it        eps_an     theta_bar           S_d             b           p_b           S_b           r 2           r 3           r 4           r 5           r 6           r 7           r 8           r 9          r 10          r 11          r 12          r 13          r 14          r 15          r 16          r 17          r 18          r 19          r 20          r 21          r 22          r 23          r 24          r 25          r 26          r 27          r 28          r 29          r 30          r 31          r 32          r 33          r 34          r 35          r 36          r 37          r 38          r 39          r 40          r 41          r 42          r 43          r 44          r 45          r 46          r 47          r 48          r 49           ln lk          grad status 
   0           0.1 0.00866508028        -20000         0.406           0.1            20 0.87090558766 0.85488287191 0.82871919683 0.66473988439 0.67782172193 0.67366392860 0.65470033465 0.59415880742 0.64395091775 0.60348849001 0.55369637967 0.59588277051 0.70986715343 0.45634317006 0.50299158300 0.57580367102 0.48189838758 0.76685934489 0.85589696785 0.58138119866 0.57783186289 0.60876178886 0.73988439306 0.68451475509 0.88591420748 0.73653787648 0.71270662204 0.63817057093 0.84575600851 1.20089240442 0.70094310921 0.95710374201 0.79302301997 1.06480073014 0.94919379373 1.45583612209 0.67437379576 1.22208700943 1.44001622553 1.74211540411 2.31274718588 2.35909137004 2.25778318628 2.73349558868 3.67123009836 4.62326336071 6.25981137815             1 -2871.491788515 39.0311428239   -2 
 557 0.00000283908 0.00767323260 -1098.3188450 0.32019947711 0.00000693388 0.09932782520 0.84807757336 0.81056518872 0.84768704413 0.71236124475 0.69499144447 0.65267501427 0.62606605177 0.63370565574 0.62776883804 0.55323823821 0.60224644593 0.56715263132 0.73847267383 0.44259638432 0.49408688173 0.51786859892 0.46481041471 0.71097609236 0.76403851292 0.54997621941 0.53819314963 0.53661822030 0.56202158885 0.55658839549 0.62916907863 0.65545498876 0.64685074914 0.52661740774 0.67816626216 0.95634297317 0.72717572705 0.83527435271 0.75479876597 0.86780239410 0.77986815903 1.25210843506 0.48627517351 1.12516791568 1.10488207415 1.29295056318 1.76019326649 1.80531162471 1.65120580879 2.04156485146 2.83690789957 3.08656297792 4.09488978902 4.41016521025 -284.4893448157 0.00009685752    0 
---- Best joint likelihood found -284.489344815764980 with gradient 0.00010

---- Results for /home/jejames/ArabidopsisCrossGenome/PolyDFE15/NetworkConnectivity15polcounts15_433.164885496183_PolyDFE.input 
--  Model: C
--        eps_an     theta_bar             a 
-- 0.00000283908 0.00767323260            -1 
--           S_d             b           p_b           S_b 
-- -1098.3188450 0.32019947711 0.00000693388 0.09932782520 
--           r 2           r 3           r 4           r 5           r 6           r 7           r 8           r 9          r 10          r 11          r 12          r 13          r 14          r 15          r 16          r 17          r 18          r 19          r 20          r 21          r 22          r 23          r 24          r 25          r 26          r 27          r 28          r 29          r 30          r 31          r 32          r 33          r 34          r 35          r 36          r 37          r 38          r 39          r 40          r 41          r 42          r 43          r 44          r 45          r 46          r 47          r 48          r 49 
-- 0.84807757336 0.81056518872 0.84768704413 0.71236124475 0.69499144447 0.65267501427 0.62606605177 0.63370565574 0.62776883804 0.55323823821 0.60224644593 0.56715263132 0.73847267383 0.44259638432 0.49408688173 0.51786859892 0.46481041471 0.71097609236 0.76403851292 0.54997621941 0.53819314963 0.53661822030 0.56202158885 0.55658839549 0.62916907863 0.65545498876 0.64685074914 0.52661740774 0.67816626216 0.95634297317 0.72717572705 0.83527435271 0.75479876597 0.86780239410 0.77986815903 1.25210843506 0.48627517351 1.12516791568 1.10488207415 1.29295056318 1.76019326649 1.80531162471 1.65120580879 2.04156485146 2.83690789957 3.08656297792 4.09488978902 4.41016521025 

---- Expected P_neut(i), 0 < i < n (neutral SFS per site) 
E[P_neut(1)] = 0.0076732128
E[P_neut(2)] = 0.0032537409
E[P_neut(3)] = 0.0020732140
E[P_neut(4)] = 0.0016261217
E[P_neut(5)] = 0.0010932206
E[P_neut(6)] = 0.0008888035
E[P_neut(7)] = 0.0007154456
E[P_neut(8)] = 0.0006004930
E[P_neut(9)] = 0.0005402848
E[P_neut(10)] = 0.0004817009
E[P_neut(11)] = 0.0003859201
E[P_neut(12)] = 0.0003850973
E[P_neut(13)] = 0.0003347609
E[P_neut(14)] = 0.0004047474
E[P_neut(15)] = 0.0002264096
E[P_neut(16)] = 0.0002369525
E[P_neut(17)] = 0.0002337485
E[P_neut(18)] = 0.0001981443
E[P_neut(19)] = 0.0002871306
E[P_neut(20)] = 0.0002931319
E[P_neut(21)] = 0.0002009568
E[P_neut(22)] = 0.0001877128
E[P_neut(23)] = 0.0001790260
E[P_neut(24)] = 0.0001796884
E[P_neut(25)] = 0.0001708333
E[P_neut(26)] = 0.0001856831
E[P_neut(27)] = 0.0001862762
E[P_neut(28)] = 0.0001772656
E[P_neut(29)] = 0.0001393401
E[P_neut(30)] = 0.0001734579
E[P_neut(31)] = 0.0002367176
E[P_neut(32)] = 0.0001743685
E[P_neut(33)] = 0.0001942199
E[P_neut(34)] = 0.0001703457
E[P_neut(35)] = 0.0001902529
E[P_neut(36)] = 0.0001662259
E[P_neut(37)] = 0.0002596683
E[P_neut(38)] = 0.0000981930
E[P_neut(39)] = 0.0002213768
E[P_neut(40)] = 0.0002119512
E[P_neut(41)] = 0.0002419791
E[P_neut(42)] = 0.0003215811
E[P_neut(43)] = 0.0003221540
E[P_neut(44)] = 0.0002879582
E[P_neut(45)] = 0.0003481222
E[P_neut(46)] = 0.0004732262
E[P_neut(47)] = 0.0005039176
E[P_neut(48)] = 0.0006546124
E[P_neut(49)] = 0.0006906366

---- Expected P_sel(i), 0 < i < n (selected SFS per site) 
E[P_sel(1)] = 0.0025387286
E[P_sel(2)] = 0.0007721210
E[P_sel(3)] = 0.0004184956
E[P_sel(4)] = 0.0002959176
E[P_sel(5)] = 0.0001844632
E[P_sel(6)] = 0.0001413610
E[P_sel(7)] = 0.0001084135
E[P_sel(8)] = 0.0000873513
E[P_sel(9)] = 0.0000758676
E[P_sel(10)] = 0.0000655750
E[P_sel(11)] = 0.0000511036
E[P_sel(12)] = 0.0000497399
E[P_sel(13)] = 0.0000422696
E[P_sel(14)] = 0.0000500561
E[P_sel(15)] = 0.0000274691
E[P_sel(16)] = 0.0000282414
E[P_sel(17)] = 0.0000274012
E[P_sel(18)] = 0.0000228693
E[P_sel(19)] = 0.0000326591
E[P_sel(20)] = 0.0000328850
E[P_sel(21)] = 0.0000222519
E[P_sel(22)] = 0.0000205293
E[P_sel(23)] = 0.0000193497
E[P_sel(24)] = 0.0000192040
E[P_sel(25)] = 0.0000180622
E[P_sel(26)] = 0.0000194310
E[P_sel(27)] = 0.0000193013
E[P_sel(28)] = 0.0000181939
E[P_sel(29)] = 0.0000141711
E[P_sel(30)] = 0.0000174860
E[P_sel(31)] = 0.0000236609
E[P_sel(32)] = 0.0000172860
E[P_sel(33)] = 0.0000191013
E[P_sel(34)] = 0.0000166246
E[P_sel(35)] = 0.0000184291
E[P_sel(36)] = 0.0000159852
E[P_sel(37)] = 0.0000247957
E[P_sel(38)] = 0.0000093124
E[P_sel(39)] = 0.0000208553
E[P_sel(40)] = 0.0000198381
E[P_sel(41)] = 0.0000225057
E[P_sel(42)] = 0.0000297252
E[P_sel(43)] = 0.0000295993
E[P_sel(44)] = 0.0000263023
E[P_sel(45)] = 0.0000316156
E[P_sel(46)] = 0.0000427366
E[P_sel(47)] = 0.0000452592
E[P_sel(48)] = 0.0000584791
E[P_sel(49)] = 0.0000613773

---- alpha_dfe = 0.000083

