---- Running command
---- ./polyDFE -d /home/jejames/ArabidopsisCrossGenome/PolyDFE15/NetworkConnectivity15polcounts3_5.53541076487252_PolyDFE.input -m C -i /home/jejames/ArabidopsisCrossGenome/model.txt 1 -e 
---- Performing inference using model C

---- Performing inference on /home/jejames/ArabidopsisCrossGenome/PolyDFE15/NetworkConnectivity15polcounts3_5.53541076487252_PolyDFE.input
----      with -i /home/jejames/ArabidopsisCrossGenome/model.txt 1
---- Data /home/jejames/ArabidopsisCrossGenome/PolyDFE15/NetworkConnectivity15polcounts3_5.53541076487252_PolyDFE.input does not contain divergence counts. Using option -w.
---- No mutation variability. Using Poisson likelihood.


---- Calculating initial values

-- Starting local optimization
-- Optimizing all parameters
  it        eps_an     theta_bar           S_d             b           p_b           S_b           r 2           r 3           r 4           r 5           r 6           r 7           r 8           r 9          r 10          r 11          r 12          r 13          r 14          r 15          r 16          r 17          r 18          r 19          r 20          r 21          r 22          r 23          r 24          r 25          r 26          r 27          r 28          r 29          r 30          r 31          r 32          r 33          r 34          r 35          r 36          r 37          r 38          r 39          r 40          r 41          r 42          r 43          r 44          r 45          r 46          r 47          r 48          r 49           ln lk          grad status 
   0           0.1 0.01071276264        -20000         0.208           0.1            20 0.76267942583 0.67779904306 0.61397129186 0.66124401913 0.72861244019 0.66717703349 0.50449760765 0.63990430622 0.71578947368 0.56631578947 0.60516746411 0.57473684210 0.53052631578 0.60430622009 0.56956937799 0.55799043062 0.57358851674 0.57272727272 0.63157894736 0.48430622009 0.80631578947 0.72851674641 0.61779904306 0.66985645933 0.45033492822 0.66918660287 0.66181818181 0.69100478468 0.48803827751 0.81578947368 0.60325358851 1.15894736842 1.00210526315 1.16889952153 1.25397129186 1.40918660287 1.53818181818 1.64956937799 1.57703349282 1.75377990430 2.61645933014 2.32076555023 2.61473684210 2.91961722488 3.32784688995 3.81846889952 4.52440191387             1 -2554.228498750 27.0295220586   -2 
 157 0.00221062698 0.00928769046 -283.91068336 0.22737134842 0.00053897302 1.07862942571 0.73966290885 0.73049524488 0.64692757754 0.65873159277 0.71549429505 0.68415310428 0.59806465872 0.72306165230 0.71609017534 0.59878332393 0.66912681642 0.64299152119 0.54563719079 0.52482026628 0.56385529740 0.62308081613 0.62841433352 0.49997068237 0.61772265087 0.53288849848 0.72161046672 0.66402698959 0.59786587000 0.54307114510 0.55603248316 0.66892595883 0.67267893956 0.65108012809 0.58719944364 0.73952654155 0.58986115409 0.91650636839 0.93269844684 1.09627411907 0.90060131093 1.19525375681 1.26252391572 1.23233803688 1.19629692123 1.42186556120 1.78725885404 1.60796596241 1.68460380709 1.99760392189 2.40097408890 2.64894056269 2.66571827326 4.04367956680 -326.7508972090 0.01058738596   -8 
-- Local optimization: reached maximum number of likelihood evaluations allowed.
---- Best joint likelihood found -326.750897209050777 with gradient 0.01059

---- Results for /home/jejames/ArabidopsisCrossGenome/PolyDFE15/NetworkConnectivity15polcounts3_5.53541076487252_PolyDFE.input 
--  Model: C
--        eps_an     theta_bar             a 
-- 0.00221062698 0.00928769046            -1 
--           S_d             b           p_b           S_b 
-- -283.91068336 0.22737134842 0.00053897302 1.07862942571 
--           r 2           r 3           r 4           r 5           r 6           r 7           r 8           r 9          r 10          r 11          r 12          r 13          r 14          r 15          r 16          r 17          r 18          r 19          r 20          r 21          r 22          r 23          r 24          r 25          r 26          r 27          r 28          r 29          r 30          r 31          r 32          r 33          r 34          r 35          r 36          r 37          r 38          r 39          r 40          r 41          r 42          r 43          r 44          r 45          r 46          r 47          r 48          r 49 
-- 0.73966290885 0.73049524488 0.64692757754 0.65873159277 0.71549429505 0.68415310428 0.59806465872 0.72306165230 0.71609017534 0.59878332393 0.66912681642 0.64299152119 0.54563719079 0.52482026628 0.56385529740 0.62308081613 0.62841433352 0.49997068237 0.61772265087 0.53288849848 0.72161046672 0.66402698959 0.59786587000 0.54307114510 0.55603248316 0.66892595883 0.67267893956 0.65108012809 0.58719944364 0.73952654155 0.58986115409 0.91650636839 0.93269844684 1.09627411907 0.90060131093 1.19525375681 1.26252391572 1.23233803688 1.19629692123 1.42186556120 1.78725885404 1.60796596241 1.68460380709 1.99760392189 2.40097408890 2.64894056269 2.66571827326 4.04367956680 

---- Expected P_neut(i), 0 < i < n (neutral SFS per site) 
E[P_neut(1)] = 0.0092688532
E[P_neut(2)] = 0.0034284271
E[P_neut(3)] = 0.0022576957
E[P_neut(4)] = 0.0014998668
E[P_neut(5)] = 0.0012218255
E[P_neut(6)] = 0.0011058860
E[P_neut(7)] = 0.0009065043
E[P_neut(8)] = 0.0006936687
E[P_neut(9)] = 0.0007452373
E[P_neut(10)] = 0.0006642262
E[P_neut(11)] = 0.0005051051
E[P_neut(12)] = 0.0005174242
E[P_neut(13)] = 0.0004590251
E[P_neut(14)] = 0.0003616927
E[P_neut(15)] = 0.0003248826
E[P_neut(16)] = 0.0003271468
E[P_neut(17)] = 0.0003402284
E[P_neut(18)] = 0.0003239127
E[P_neut(19)] = 0.0002443481
E[P_neut(20)] = 0.0002866286
E[P_neut(21)] = 0.0002356211
E[P_neut(22)] = 0.0003044605
E[P_neut(23)] = 0.0002680584
E[P_neut(24)] = 0.0002312940
E[P_neut(25)] = 0.0002017551
E[P_neut(26)] = 0.0001986977
E[P_neut(27)] = 0.0002301870
E[P_neut(28)] = 0.0002233100
E[P_neut(29)] = 0.0002085783
E[P_neut(30)] = 0.0001820232
E[P_neut(31)] = 0.0002216148
E[P_neut(32)] = 0.0001715398
E[P_neut(33)] = 0.0002581286
E[P_neut(34)] = 0.0002549431
E[P_neut(35)] = 0.0002909854
E[P_neut(36)] = 0.0002326340
E[P_neut(37)] = 0.0003003833
E[P_neut(38)] = 0.0003090398
E[P_neut(39)] = 0.0002939451
E[P_neut(40)] = 0.0002786271
E[P_neut(41)] = 0.0003230313
E[P_neut(42)] = 0.0003958876
E[P_neut(43)] = 0.0003485480
E[P_neut(44)] = 0.0003572550
E[P_neut(45)] = 0.0004140853
E[P_neut(46)] = 0.0004870208
E[P_neut(47)] = 0.0005273005
E[P_neut(48)] = 0.0005222523
E[P_neut(49)] = 0.0007852953

---- Expected P_sel(i), 0 < i < n (selected SFS per site) 
E[P_sel(1)] = 0.0051138125
E[P_sel(2)] = 0.0015368696
E[P_sel(3)] = 0.0009081713
E[P_sel(4)] = 0.0005620070
E[P_sel(5)] = 0.0004345668
E[P_sel(6)] = 0.0003775355
E[P_sel(7)] = 0.0002992101
E[P_sel(8)] = 0.0002225014
E[P_sel(9)] = 0.0002332388
E[P_sel(10)] = 0.0002034213
E[P_sel(11)] = 0.0001517102
E[P_sel(12)] = 0.0001527174
E[P_sel(13)] = 0.0001333398
E[P_sel(14)] = 0.0001035448
E[P_sel(15)] = 0.0000917545
E[P_sel(16)] = 0.0000912489
E[P_sel(17)] = 0.0000937970
E[P_sel(18)] = 0.0000883318
E[P_sel(19)] = 0.0000659467
E[P_sel(20)] = 0.0000766134
E[P_sel(21)] = 0.0000624004
E[P_sel(22)] = 0.0000799315
E[P_sel(23)] = 0.0000697911
E[P_sel(24)] = 0.0000597435
E[P_sel(25)] = 0.0000517197
E[P_sel(26)] = 0.0000505678
E[P_sel(27)] = 0.0000581755
E[P_sel(28)] = 0.0000560625
E[P_sel(29)] = 0.0000520268
E[P_sel(30)] = 0.0000451258
E[P_sel(31)] = 0.0000546087
E[P_sel(32)] = 0.0000420342
E[P_sel(33)] = 0.0000628908
E[P_sel(34)] = 0.0000617793
E[P_sel(35)] = 0.0000701407
E[P_sel(36)] = 0.0000558016
E[P_sel(37)] = 0.0000716989
E[P_sel(38)] = 0.0000734204
E[P_sel(39)] = 0.0000695146
E[P_sel(40)] = 0.0000656271
E[P_sel(41)] = 0.0000757557
E[P_sel(42)] = 0.0000924134
E[P_sel(43)] = 0.0000810960
E[P_sel(44)] = 0.0000828468
E[P_sel(45)] = 0.0000956649
E[P_sel(46)] = 0.0001121556
E[P_sel(47)] = 0.0001213108
E[P_sel(48)] = 0.0001205140
E[P_sel(49)] = 0.0001847061

---- alpha_dfe = 0.004083

