---- Running command
---- ./polyDFE -d /home/jejames/ArabidopsisCrossGenome/PolyDFE15/NetworkConnectivity15polcounts14_199.145658263305_PolyDFE.input -m C -i /home/jejames/ArabidopsisCrossGenome/model.txt 1 -e 
---- Performing inference using model C

---- Performing inference on /home/jejames/ArabidopsisCrossGenome/PolyDFE15/NetworkConnectivity15polcounts14_199.145658263305_PolyDFE.input
----      with -i /home/jejames/ArabidopsisCrossGenome/model.txt 1
---- Data /home/jejames/ArabidopsisCrossGenome/PolyDFE15/NetworkConnectivity15polcounts14_199.145658263305_PolyDFE.input does not contain divergence counts. Using option -w.
---- No mutation variability. Using Poisson likelihood.


---- Calculating initial values

-- Starting local optimization
-- Optimizing all parameters
  it        eps_an     theta_bar           S_d             b           p_b           S_b           r 2           r 3           r 4           r 5           r 6           r 7           r 8           r 9          r 10          r 11          r 12          r 13          r 14          r 15          r 16          r 17          r 18          r 19          r 20          r 21          r 22          r 23          r 24          r 25          r 26          r 27          r 28          r 29          r 30          r 31          r 32          r 33          r 34          r 35          r 36          r 37          r 38          r 39          r 40          r 41          r 42          r 43          r 44          r 45          r 46          r 47          r 48          r 49           ln lk          grad status 
   0           0.1 0.00829840282        -80000         0.208           0.1            20 0.78755628325 0.72666803110 0.64551780597 0.76698731068 0.63487515349 0.71275071633 0.69504707327 0.61799017601 0.80229226361 0.71592304543 0.62873516168 0.65718379042 0.64899713467 0.81508391322 0.69259107654 0.72891936144 0.85468686041 0.65912812116 0.56078591895 0.67263610315 0.62812116250 0.86850184199 0.81784690953 0.79308227589 0.73700368399 0.99744167007 0.77650429799 0.76268931641 0.93941874744 1.05004093327 1.10028653295 1.11778550961 0.99856733524 1.07091690544 1.46254604993 1.38579615227 1.43102742529 1.77200163733 2.03029062627 1.84189521080 2.23925501432 2.79420794105 2.99877200163 3.55045026606 3.16803110929 3.95835038886 5.06917724109             1 -2906.371114617 41.9837382432   -2 
 684 0.01034218831 0.00726130247 -301.46468594 0.35009186834 0.00011970171 0.60574603778 0.80723876339 0.73343759789 0.69514418222 0.78884133505 0.65369340288 0.71318572238 0.71994070153 0.61656875403 0.75812192289 0.64774667511 0.63878394214 0.70652484519 0.59915595779 0.85574547257 0.62656217897 0.54711576251 0.69461844907 0.55505128514 0.49638564444 0.70517222856 0.74277326724 0.80493480835 0.80460337205 0.65106630484 0.60158982757 0.91335769070 0.70248863877 0.74747788630 0.81476223845 0.80633632795 0.87012978638 0.84301673215 0.94988634176 0.88855763672 1.29429628008 1.03616768822 1.09046870855 1.35825684834 1.46224683180 1.75466888068 1.68866154909 2.22958183563 2.55164656734 2.77910596935 2.59610032197 2.63684039312 3.04472841167 3.30804826360 -300.8636304319 0.00041722208   -8 
-- Local optimization: reached maximum number of likelihood evaluations allowed.
---- Best joint likelihood found -300.863630431955698 with gradient 0.00042

---- Results for /home/jejames/ArabidopsisCrossGenome/PolyDFE15/NetworkConnectivity15polcounts14_199.145658263305_PolyDFE.input 
--  Model: C
--        eps_an     theta_bar             a 
-- 0.01034218831 0.00726130247            -1 
--           S_d             b           p_b           S_b 
-- -301.46468594 0.35009186834 0.00011970171 0.60574603778 
--           r 2           r 3           r 4           r 5           r 6           r 7           r 8           r 9          r 10          r 11          r 12          r 13          r 14          r 15          r 16          r 17          r 18          r 19          r 20          r 21          r 22          r 23          r 24          r 25          r 26          r 27          r 28          r 29          r 30          r 31          r 32          r 33          r 34          r 35          r 36          r 37          r 38          r 39          r 40          r 41          r 42          r 43          r 44          r 45          r 46          r 47          r 48          r 49 
-- 0.80723876339 0.73343759789 0.69514418222 0.78884133505 0.65369340288 0.71318572238 0.71994070153 0.61656875403 0.75812192289 0.64774667511 0.63878394214 0.70652484519 0.59915595779 0.85574547257 0.62656217897 0.54711576251 0.69461844907 0.55505128514 0.49638564444 0.70517222856 0.74277326724 0.80493480835 0.80460337205 0.65106630484 0.60158982757 0.91335769070 0.70248863877 0.74747788630 0.81476223845 0.80633632795 0.87012978638 0.84301673215 0.94988634176 0.88855763672 1.29429628008 1.03616768822 1.09046870855 1.35825684834 1.46224683180 1.75466888068 1.68866154909 2.22958183563 2.55164656734 2.77910596935 2.59610032197 2.63684039312 3.04472841167 3.30804826360 

---- Expected P_neut(i), 0 < i < n (neutral SFS per site) 
E[P_neut(1)] = 0.0071912747
E[P_neut(2)] = 0.0029052551
E[P_neut(3)] = 0.0017610908
E[P_neut(4)] = 0.0012531004
E[P_neut(5)] = 0.0011383929
E[P_neut(6)] = 0.0007872842
E[P_neut(7)] = 0.0007360508
E[P_neut(8)] = 0.0006497246
E[P_neut(9)] = 0.0004955239
E[P_neut(10)] = 0.0005475472
E[P_neut(11)] = 0.0004257827
E[P_neut(12)] = 0.0003846911
E[P_neut(13)] = 0.0003926594
E[P_neut(14)] = 0.0003102469
E[P_neut(15)] = 0.0004118773
E[P_neut(16)] = 0.0002835108
E[P_neut(17)] = 0.0002331941
E[P_neut(18)] = 0.0002793570
E[P_neut(19)] = 0.0002118856
E[P_neut(20)] = 0.0001803960
E[P_neut(21)] = 0.0002432457
E[P_neut(22)] = 0.0002445078
E[P_neut(23)] = 0.0002540372
E[P_neut(24)] = 0.0002426561
E[P_neut(25)] = 0.0001891036
E[P_neut(26)] = 0.0001687926
E[P_neut(27)] = 0.0002457236
E[P_neut(28)] = 0.0001828293
E[P_neut(29)] = 0.0001877469
E[P_neut(30)] = 0.0001970321
E[P_neut(31)] = 0.0001891131
E[P_neut(32)] = 0.0001983021
E[P_neut(33)] = 0.0001859954
E[P_neut(34)] = 0.0002037078
E[P_neut(35)] = 0.0001867231
E[P_neut(36)] = 0.0002615772
E[P_neut(37)] = 0.0002053277
E[P_neut(38)] = 0.0002102169
E[P_neut(39)] = 0.0002546969
E[P_neut(40)] = 0.0002683935
E[P_neut(41)] = 0.0003126914
E[P_neut(42)] = 0.0002956884
E[P_neut(43)] = 0.0003802613
E[P_neut(44)] = 0.0004249240
E[P_neut(45)] = 0.0004556530
E[P_neut(46)] = 0.0004186185
E[P_neut(47)] = 0.0004215274
E[P_neut(48)] = 0.0004861451
E[P_neut(49)] = 0.0005602470

---- Expected P_sel(i), 0 < i < n (selected SFS per site) 
E[P_sel(1)] = 0.0032688333
E[P_sel(2)] = 0.0009621002
E[P_sel(3)] = 0.0004922808
E[P_sel(4)] = 0.0003133505
E[P_sel(5)] = 0.0002623200
E[P_sel(6)] = 0.0001700711
E[P_sel(7)] = 0.0001509094
E[P_sel(8)] = 0.0001274766
E[P_sel(9)] = 0.0000935110
E[P_sel(10)] = 0.0000999651
E[P_sel(11)] = 0.0000754134
E[P_sel(12)] = 0.0000663323
E[P_sel(13)] = 0.0000660691
E[P_sel(14)] = 0.0000510001
E[P_sel(15)] = 0.0000663799
E[P_sel(16)] = 0.0000447956
E[P_sel(17)] = 0.0000361863
E[P_sel(18)] = 0.0000426359
E[P_sel(19)] = 0.0000318248
E[P_sel(20)] = 0.0000266904
E[P_sel(21)] = 0.0000355005
E[P_sel(22)] = 0.0000352132
E[P_sel(23)] = 0.0000361212
E[P_sel(24)] = 0.0000340927
E[P_sel(25)] = 0.0000262637
E[P_sel(26)] = 0.0000231895
E[P_sel(27)] = 0.0000334026
E[P_sel(28)] = 0.0000246094
E[P_sel(29)] = 0.0000250289
E[P_sel(30)] = 0.0000260125
E[P_sel(31)] = 0.0000247514
E[P_sel(32)] = 0.0000257454
E[P_sel(33)] = 0.0000239421
E[P_sel(34)] = 0.0000260232
E[P_sel(35)] = 0.0000237278
E[P_sel(36)] = 0.0000328968
E[P_sel(37)] = 0.0000257071
E[P_sel(38)] = 0.0000261378
E[P_sel(39)] = 0.0000314456
E[P_sel(40)] = 0.0000329980
E[P_sel(41)] = 0.0000381291
E[P_sel(42)] = 0.0000360019
E[P_sel(43)] = 0.0000459964
E[P_sel(44)] = 0.0000511415
E[P_sel(45)] = 0.0000549843
E[P_sel(46)] = 0.0000507262
E[P_sel(47)] = 0.0000520349
E[P_sel(48)] = 0.0000627616
E[P_sel(49)] = 0.0000899378

---- alpha_dfe = 0.001432

