---- Running command
---- ./polyDFE -d /home/jejames/ArabidopsisCrossGenome/PolyDFE15/NetworkConnectivity15polcounts11_75.9672667757774_PolyDFE.input -m C -i /home/jejames/ArabidopsisCrossGenome/model.txt 1 -e 
---- Performing inference using model C

---- Performing inference on /home/jejames/ArabidopsisCrossGenome/PolyDFE15/NetworkConnectivity15polcounts11_75.9672667757774_PolyDFE.input
----      with -i /home/jejames/ArabidopsisCrossGenome/model.txt 1
---- Data /home/jejames/ArabidopsisCrossGenome/PolyDFE15/NetworkConnectivity15polcounts11_75.9672667757774_PolyDFE.input does not contain divergence counts. Using option -w.
---- No mutation variability. Using Poisson likelihood.


---- Calculating initial values

-- Starting local optimization
-- Optimizing all parameters
  it        eps_an     theta_bar           S_d             b           p_b           S_b           r 2           r 3           r 4           r 5           r 6           r 7           r 8           r 9          r 10          r 11          r 12          r 13          r 14          r 15          r 16          r 17          r 18          r 19          r 20          r 21          r 22          r 23          r 24          r 25          r 26          r 27          r 28          r 29          r 30          r 31          r 32          r 33          r 34          r 35          r 36          r 37          r 38          r 39          r 40          r 41          r 42          r 43          r 44          r 45          r 46          r 47          r 48          r 49           ln lk          grad status 
   0           0.1 0.00940740024        -80000         0.208           0.1            20 0.85591950331 0.85260115606 0.75401412973 0.75465639049 0.69942196531 0.65414258188 0.62513380432 0.70712909441 0.63690858488 0.65585527724 0.78227360308 0.68743309783 0.67287518732 0.75144508670 0.63712267180 0.67694283879 0.91522157996 0.71590665810 0.71076857204 0.81149646756 0.99379147934 1.01926782273 0.86319845857 1.04367373153 1.06872190109 0.82658959537 1.07300363947 0.89713123528 0.86062941554 0.95568400770 1.21601370156 1.37058445728 1.12095910939 1.39370584457 1.69942196531 1.44958253050 1.46842217940 1.55716120745 1.69128666238 2.30849925069 1.84328837508 2.28762577606 3.20745022479 3.32369942196 3.19567544423 4.30154142581 6.48426461143             1 -2605.665645537 40.4677379571   -2 
 676 0.02575416893 0.00849979411 -601.82820537 0.27310439412 0.00030279648 0.70771610705 0.83658992445 0.83222789799 0.75092894925 0.69382291005 0.76019766880 0.71425059630 0.63371691861 0.73106707683 0.63651621559 0.53938558208 0.72577784506 0.65575161489 0.60671082268 0.74598175689 0.68314727341 0.66322216317 0.75672602955 0.69105273859 0.80799645691 0.68965584299 0.89465167336 0.86522936623 0.87663840165 0.88510007841 0.77719350901 0.67222264422 0.80791300856 0.77966724052 0.75122609974 0.78216796852 0.89661108473 1.06192996842 0.83899228997 1.00030884647 1.39126878856  1.2529494715 1.01509426264 1.17039576570 1.39247018696 1.50846726852 1.56655453794 1.70288448994 2.45795267076 2.39231504121 2.24373049398 2.63062260125 3.91314121540 2.97308827969 -306.3468139615 0.00078090607   -8 
-- Local optimization: reached maximum number of likelihood evaluations allowed.
---- Best joint likelihood found -306.346813961569922 with gradient 0.00078

---- Results for /home/jejames/ArabidopsisCrossGenome/PolyDFE15/NetworkConnectivity15polcounts11_75.9672667757774_PolyDFE.input 
--  Model: C
--        eps_an     theta_bar             a 
-- 0.02575416893 0.00849979411            -1 
--           S_d             b           p_b           S_b 
-- -601.82820537 0.27310439412 0.00030279648 0.70771610705 
--           r 2           r 3           r 4           r 5           r 6           r 7           r 8           r 9          r 10          r 11          r 12          r 13          r 14          r 15          r 16          r 17          r 18          r 19          r 20          r 21          r 22          r 23          r 24          r 25          r 26          r 27          r 28          r 29          r 30          r 31          r 32          r 33          r 34          r 35          r 36          r 37          r 38          r 39          r 40          r 41          r 42          r 43          r 44          r 45          r 46          r 47          r 48          r 49 
-- 0.83658992445 0.83222789799 0.75092894925 0.69382291005 0.76019766880 0.71425059630 0.63371691861 0.73106707683 0.63651621559 0.53938558208 0.72577784506 0.65575161489 0.60671082268 0.74598175689 0.68314727341 0.66322216317 0.75672602955 0.69105273859 0.80799645691 0.68965584299 0.89465167336 0.86522936623 0.87663840165 0.88510007841 0.77719350901 0.67222264422 0.80791300856 0.77966724052 0.75122609974 0.78216796852 0.89661108473 1.06192996842 0.83899228997 1.00030884647 1.39126878856  1.2529494715 1.01509426264 1.17039576570 1.39247018696 1.50846726852 1.56655453794 1.70288448994 2.45795267076 2.39231504121 2.24373049398 2.63062260125 3.91314121540 2.97308827969 

---- Expected P_neut(i), 0 < i < n (neutral SFS per site) 
E[P_neut(1)] = 0.0082941711
E[P_neut(2)] = 0.0034817001
E[P_neut(3)] = 0.0023094479
E[P_neut(4)] = 0.0015652673
E[P_neut(5)] = 0.0011607317
E[P_neut(6)] = 0.0010614140
E[P_neut(7)] = 0.0008536162
E[P_neut(8)] = 0.0006641324
E[P_neut(9)] = 0.0006807079
E[P_neut(10)] = 0.0005347125
E[P_neut(11)] = 0.0004126232
E[P_neut(12)] = 0.0005066881
E[P_neut(13)] = 0.0004251211
E[P_neut(14)] = 0.0003673245
E[P_neut(15)] = 0.0004180825
E[P_neut(16)] = 0.0003589684
E[P_neut(17)] = 0.0003301072
E[P_neut(18)] = 0.0003542649
E[P_neut(19)] = 0.0003067091
E[P_neut(20)] = 0.0003400280
E[P_neut(21)] = 0.0002778359
E[P_neut(22)] = 0.0003430668
E[P_neut(23)] = 0.0003169661
E[P_neut(24)] = 0.0003090162
E[P_neut(25)] = 0.0003009267
E[P_neut(26)] = 0.0002555287
E[P_neut(27)] = 0.0002144053
E[P_neut(28)] = 0.0002478391
E[P_neut(29)] = 0.0002298213
E[P_neut(30)] = 0.0002162044
E[P_neut(31)] = 0.0002168988
E[P_neut(32)] = 0.0002412259
E[P_neut(33)] = 0.0002750167
E[P_neut(34)] = 0.0002136878
E[P_neut(35)] = 0.0002475565
E[P_neut(36)] = 0.0003295128
E[P_neut(37)] = 0.0002914620
E[P_neut(38)] = 0.0002344472
E[P_neut(39)] = 0.0002592447
E[P_neut(40)] = 0.0003022059
E[P_neut(41)] = 0.0003224511
E[P_neut(42)] = 0.0003262087
E[P_neut(43)] = 0.0003502756
E[P_neut(44)] = 0.0004903269
E[P_neut(45)] = 0.0004706095
E[P_neut(46)] = 0.0004450104
E[P_neut(47)] = 0.0005242134
E[P_neut(48)] = 0.0007666562
E[P_neut(49)] = 0.0007213503

---- Expected P_sel(i), 0 < i < n (selected SFS per site) 
E[P_sel(1)] = 0.0035670392
E[P_sel(2)] = 0.0011429116
E[P_sel(3)] = 0.0006628907
E[P_sel(4)] = 0.0004116960
E[P_sel(5)] = 0.0002861803
E[P_sel(6)] = 0.0002489029
E[P_sel(7)] = 0.0001923109
E[P_sel(8)] = 0.0001444794
E[P_sel(9)] = 0.0001437893
E[P_sel(10)] = 0.0001099771
E[P_sel(11)] = 0.0000828912
E[P_sel(12)] = 0.0000997934
E[P_sel(13)] = 0.0000820501
E[P_sel(14)] = 0.0000696038
E[P_sel(15)] = 0.0000780862
E[P_sel(16)] = 0.0000660569
E[P_sel(17)] = 0.0000598592
E[P_sel(18)] = 0.0000634516
E[P_sel(19)] = 0.0000542680
E[P_sel(20)] = 0.0000594901
E[P_sel(21)] = 0.0000480687
E[P_sel(22)] = 0.0000587620
E[P_sel(23)] = 0.0000537687
E[P_sel(24)] = 0.0000519325
E[P_sel(25)] = 0.0000501309
E[P_sel(26)] = 0.0000422204
E[P_sel(27)] = 0.0000351582
E[P_sel(28)] = 0.0000403370
E[P_sel(29)] = 0.0000371274
E[P_sel(30)] = 0.0000347199
E[P_sel(31)] = 0.0000345927
E[P_sel(32)] = 0.0000382421
E[P_sel(33)] = 0.0000432931
E[P_sel(34)] = 0.0000335218
E[P_sel(35)] = 0.0000386334
E[P_sel(36)] = 0.0000509844
E[P_sel(37)] = 0.0000449737
E[P_sel(38)] = 0.0000362078
E[P_sel(39)] = 0.0000396909
E[P_sel(40)] = 0.0000461671
E[P_sel(41)] = 0.0000492759
E[P_sel(42)] = 0.0000496794
E[P_sel(43)] = 0.0000535266
E[P_sel(44)] = 0.0000745722
E[P_sel(45)] = 0.0000719559
E[P_sel(46)] = 0.0000696803
E[P_sel(47)] = 0.0000846780
E[P_sel(48)] = 0.0001275803
E[P_sel(49)] = 0.0001664383

---- alpha_dfe = 0.003042

