---- Running command
---- ./polyDFE -d /home/jejames/ArabidopsisCrossGenome/PolyDFE15/NetworkConnectivity15polcounts8_34.9429429429429_PolyDFE.input -m C -i /home/jejames/ArabidopsisCrossGenome/model.txt 1 -e 
---- Performing inference using model C

---- Performing inference on /home/jejames/ArabidopsisCrossGenome/PolyDFE15/NetworkConnectivity15polcounts8_34.9429429429429_PolyDFE.input
----      with -i /home/jejames/ArabidopsisCrossGenome/model.txt 1
---- Data /home/jejames/ArabidopsisCrossGenome/PolyDFE15/NetworkConnectivity15polcounts8_34.9429429429429_PolyDFE.input does not contain divergence counts. Using option -w.
---- No mutation variability. Using Poisson likelihood.


---- Calculating initial values

-- Starting local optimization
-- Optimizing all parameters
  it        eps_an     theta_bar           S_d             b           p_b           S_b           r 2           r 3           r 4           r 5           r 6           r 7           r 8           r 9          r 10          r 11          r 12          r 13          r 14          r 15          r 16          r 17          r 18          r 19          r 20          r 21          r 22          r 23          r 24          r 25          r 26          r 27          r 28          r 29          r 30          r 31          r 32          r 33          r 34          r 35          r 36          r 37          r 38          r 39          r 40          r 41          r 42          r 43          r 44          r 45          r 46          r 47          r 48          r 49           ln lk          grad status 
   0           0.1 0.00928521862        -30000         0.208           0.1            20 0.85686674540 0.80210458498 0.70439171051 0.60775260388 0.67776226779 0.69827123375 0.67776226779 0.69483517663 0.63352303232 0.66734671963 0.75893911736 0.81101685815 0.72006872114 0.70385482658 0.73016213894 0.79770213679 0.64748201438 0.81402340813 0.80103081713 0.76441533340 0.89530763448 0.62482551272 0.93031246644 0.99323526253 1.03017287662 0.80307097605 1.11543004402 0.78159561902 1.27885751100 1.03521958552 1.01363685171 1.46343820466 1.69762697304 1.25147643079 1.51143562761 2.02222699452 1.71781380865 1.86352410608 1.84688070439 2.07355309782 2.07902931386 2.77493825834 2.40008590142 2.84118973477 3.35874583914 4.49157092236 6.54568882207             1 -2701.102190716 38.0522339573   -2 
1029 0.00248949670 0.00791438892 -308.70241775 0.27504992850 0.00003425858 0.28001756299 0.89707984406 0.82255533843 0.74554645516 0.70252888473 0.74317890265 0.72272184858 0.74063958380 0.69263313959 0.67916845883 0.74556282236 0.80458005096 0.81527155538 0.76623552000 0.78238541605 0.67714092686 0.77700896231 0.68877274237 0.88969739870 0.79468318750 0.78418521042 0.84861035984 0.52482996679 0.87054924191 0.85681886807 0.78252777643 0.67063018445 0.95556055462 0.78778438286 1.16229691045 0.89813920055 0.78986253810 1.21749834487 1.23968460291 1.14257090348 1.49917284463 1.48239980167 1.31297875465 1.46032315613 1.54633886822 1.72651475032 2.19769565045 2.18130278908 1.65902497944 2.10736884068 2.70114898871 3.04664523491 4.07391408819 4.71909366605 -318.5543952810 0.00007193120    0 
---- Best joint likelihood found -318.554395281023687 with gradient 0.00007

---- Results for /home/jejames/ArabidopsisCrossGenome/PolyDFE15/NetworkConnectivity15polcounts8_34.9429429429429_PolyDFE.input 
--  Model: C
--        eps_an     theta_bar             a 
-- 0.00248949670 0.00791438892            -1 
--           S_d             b           p_b           S_b 
-- -308.70241775 0.27504992850 0.00003425858 0.28001756299 
--           r 2           r 3           r 4           r 5           r 6           r 7           r 8           r 9          r 10          r 11          r 12          r 13          r 14          r 15          r 16          r 17          r 18          r 19          r 20          r 21          r 22          r 23          r 24          r 25          r 26          r 27          r 28          r 29          r 30          r 31          r 32          r 33          r 34          r 35          r 36          r 37          r 38          r 39          r 40          r 41          r 42          r 43          r 44          r 45          r 46          r 47          r 48          r 49 
-- 0.89707984406 0.82255533843 0.74554645516 0.70252888473 0.74317890265 0.72272184858 0.74063958380 0.69263313959 0.67916845883 0.74556282236 0.80458005096 0.81527155538 0.76623552000 0.78238541605 0.67714092686 0.77700896231 0.68877274237 0.88969739870 0.79468318750 0.78418521042 0.84861035984 0.52482996679 0.87054924191 0.85681886807 0.78252777643 0.67063018445 0.95556055462 0.78778438286 1.16229691045 0.89813920055 0.78986253810 1.21749834487 1.23968460291 1.14257090348 1.49917284463 1.48239980167 1.31297875465 1.46032315613 1.54633886822 1.72651475032 2.19769565045 2.18130278908 1.65902497944 2.10736884068 2.70114898871 3.04664523491 4.07391408819 4.71909366605 

---- Expected P_neut(i), 0 < i < n (neutral SFS per site) 
E[P_neut(1)] = 0.0078965836
E[P_neut(2)] = 0.0035427541
E[P_neut(3)] = 0.0021658826
E[P_neut(4)] = 0.0014726208
E[P_neut(5)] = 0.0011101717
E[P_neut(6)] = 0.0009786036
E[P_neut(7)] = 0.0008160941
E[P_neut(8)] = 0.0007319206
E[P_neut(9)] = 0.0006083987
E[P_neut(10)] = 0.0005369439
E[P_neut(11)] = 0.0005358273
E[P_neut(12)] = 0.0005300064
E[P_neut(13)] = 0.0004958904
E[P_neut(14)] = 0.0004329054
E[P_neut(15)] = 0.0004124223
E[P_neut(16)] = 0.0003348318
E[P_neut(17)] = 0.0003615647
E[P_neut(18)] = 0.0003025777
E[P_neut(19)] = 0.0003702488
E[P_neut(20)] = 0.0003144521
E[P_neut(21)] = 0.0002953398
E[P_neut(22)] = 0.0003051957
E[P_neut(23)] = 0.0001806358
E[P_neut(24)] = 0.0002869560
E[P_neut(25)] = 0.0002712479
E[P_neut(26)] = 0.0002383228
E[P_neut(27)] = 0.0001965390
E[P_neut(28)] = 0.0002701832
E[P_neut(29)] = 0.0002151947
E[P_neut(30)] = 0.0003066485
E[P_neut(31)] = 0.0002296493
E[P_neut(32)] = 0.0001956201
E[P_neut(33)] = 0.0002921662
E[P_neut(34)] = 0.0002886845
E[P_neut(35)] = 0.0002587488
E[P_neut(36)] = 0.0003298422
E[P_neut(37)] = 0.0003175351
E[P_neut(38)] = 0.0002740988
E[P_neut(39)] = 0.0002969455
E[P_neut(40)] = 0.0003065347
E[P_neut(41)] = 0.0003339625
E[P_neut(42)] = 0.0004149221
E[P_neut(43)] = 0.0004025157
E[P_neut(44)] = 0.0003001105
E[P_neut(45)] = 0.0003724798
E[P_neut(46)] = 0.0004672533
E[P_neut(47)] = 0.0005171535
E[P_neut(48)] = 0.0006788849
E[P_neut(49)] = 0.0007800245

---- Expected P_sel(i), 0 < i < n (selected SFS per site) 
E[P_sel(1)] = 0.0039659965
E[P_sel(2)] = 0.0013826854
E[P_sel(3)] = 0.0007405960
E[P_sel(4)] = 0.0004617679
E[P_sel(5)] = 0.0003266666
E[P_sel(6)] = 0.0002739264
E[P_sel(7)] = 0.0002192228
E[P_sel(8)] = 0.0001898982
E[P_sel(9)] = 0.0001531874
E[P_sel(10)] = 0.0001316716
E[P_sel(11)] = 0.0001283413
E[P_sel(12)] = 0.0001242821
E[P_sel(13)] = 0.0001140483
E[P_sel(14)] = 0.0000978076
E[P_sel(15)] = 0.0000916733
E[P_sel(16)] = 0.0000732974
E[P_sel(17)] = 0.0000780375
E[P_sel(18)] = 0.0000644480
E[P_sel(19)] = 0.0000778827
E[P_sel(20)] = 0.0000653648
E[P_sel(21)] = 0.0000607135
E[P_sel(22)] = 0.0000620765
E[P_sel(23)] = 0.0000363718
E[P_sel(24)] = 0.0000572276
E[P_sel(25)] = 0.0000535993
E[P_sel(26)] = 0.0000466807
E[P_sel(27)] = 0.0000381719
E[P_sel(28)] = 0.0000520519
E[P_sel(29)] = 0.0000411375
E[P_sel(30)] = 0.0000581765
E[P_sel(31)] = 0.0000432603
E[P_sel(32)] = 0.0000365925
E[P_sel(33)] = 0.0000542773
E[P_sel(34)] = 0.0000532777
E[P_sel(35)] = 0.0000474611
E[P_sel(36)] = 0.0000601211
E[P_sel(37)] = 0.0000575428
E[P_sel(38)] = 0.0000493991
E[P_sel(39)] = 0.0000532134
E[P_sel(40)] = 0.0000546322
E[P_sel(41)] = 0.0000592127
E[P_sel(42)] = 0.0000731888
E[P_sel(43)] = 0.0000706762
E[P_sel(44)] = 0.0000525456
E[P_sel(45)] = 0.0000649105
E[P_sel(46)] = 0.0000811331
E[P_sel(47)] = 0.0000897225
E[P_sel(48)] = 0.0001179742
E[P_sel(49)] = 0.0001392624

---- alpha_dfe = 0.000234

