---- Running command
---- ./polyDFE -d /home/jejames/ArabidopsisCrossGenome/PolyDFE15/NetworkConnectivity15polcounts9_45.7768313458262_PolyDFE.input -m C -i /home/jejames/ArabidopsisCrossGenome/model.txt 1 -e 
---- Performing inference using model C

---- Performing inference on /home/jejames/ArabidopsisCrossGenome/PolyDFE15/NetworkConnectivity15polcounts9_45.7768313458262_PolyDFE.input
----      with -i /home/jejames/ArabidopsisCrossGenome/model.txt 1
---- Data /home/jejames/ArabidopsisCrossGenome/PolyDFE15/NetworkConnectivity15polcounts9_45.7768313458262_PolyDFE.input does not contain divergence counts. Using option -w.
---- No mutation variability. Using Poisson likelihood.


---- Calculating initial values

-- Starting local optimization
-- Optimizing all parameters
  it        eps_an     theta_bar           S_d             b           p_b           S_b           r 2           r 3           r 4           r 5           r 6           r 7           r 8           r 9          r 10          r 11          r 12          r 13          r 14          r 15          r 16          r 17          r 18          r 19          r 20          r 21          r 22          r 23          r 24          r 25          r 26          r 27          r 28          r 29          r 30          r 31          r 32          r 33          r 34          r 35          r 36          r 37          r 38          r 39          r 40          r 41          r 42          r 43          r 44          r 45          r 46          r 47          r 48          r 49           ln lk          grad status 
   0           0.1 0.01025821556        -60000         0.208           0.1            20 0.78126629811 0.70094920204 0.68926671534 0.64879524355 0.60582038176 0.74475852717 0.71513507875 0.61489517054 0.59455512673 0.65860018775 0.68217377698 0.73224157713 0.69364764785 0.60863669552 0.61917179513 0.63127151350 0.75477208720 0.94930635235 0.63001981850 0.88056743506 0.90643579847 0.86606863460 0.82361531240 1.30384896213 0.87055387503 0.58860957546 1.50412016272 1.02242620214 1.24543652863 1.26431626160 1.12819442995 1.11526024825 1.06039428392 1.09888390528 1.63346197976 1.77532074684 1.36747679148 1.48889120684 1.71064983832 2.28799415875 1.89694377803 2.78084906644 2.53343068738 2.98529258370 2.62939397100 5.49076874934 6.13330551788             1 -2889.656227055 39.1202426815   -2 
 579 0.00286300196 0.00849542867 -253.27182636 0.32151015067 0.00010378122 0.54907141646 0.85987980215 0.83719198128 0.72679552691 0.74414495799 0.71946407672 0.77218311671 0.75039630805 0.80903498761 0.59973768272 0.75470219706 0.73214508887 0.75301187342 0.65353568209 0.60902234158 0.68129515135 0.58885596259 0.70775277066 0.85788396288 0.68344458925 0.85282854660 0.77252968406 0.90512792274 0.81070235409 1.09264391226 0.82582812724 0.64088702594 1.20740941219 0.94869046863 1.19738486162 1.05768705193 0.96332371055 0.93829943381 0.98911292161 1.08431745983 1.16138741570 1.50717031393 1.27638064531 1.33601494018 1.69027185318 1.75807466750 1.67588487452 2.19081795442 2.13653533677 2.48821444948 2.20029525676 3.89013857632 4.26422415112 4.84318325824 -327.5812000159 0.00039317693   -8 
-- Local optimization: reached maximum number of likelihood evaluations allowed.
---- Best joint likelihood found -327.581200015909531 with gradient 0.00039

---- Results for /home/jejames/ArabidopsisCrossGenome/PolyDFE15/NetworkConnectivity15polcounts9_45.7768313458262_PolyDFE.input 
--  Model: C
--        eps_an     theta_bar             a 
-- 0.00286300196 0.00849542867            -1 
--           S_d             b           p_b           S_b 
-- -253.27182636 0.32151015067 0.00010378122 0.54907141646 
--           r 2           r 3           r 4           r 5           r 6           r 7           r 8           r 9          r 10          r 11          r 12          r 13          r 14          r 15          r 16          r 17          r 18          r 19          r 20          r 21          r 22          r 23          r 24          r 25          r 26          r 27          r 28          r 29          r 30          r 31          r 32          r 33          r 34          r 35          r 36          r 37          r 38          r 39          r 40          r 41          r 42          r 43          r 44          r 45          r 46          r 47          r 48          r 49 
-- 0.85987980215 0.83719198128 0.72679552691 0.74414495799 0.71946407672 0.77218311671 0.75039630805 0.80903498761 0.59973768272 0.75470219706 0.73214508887 0.75301187342 0.65353568209 0.60902234158 0.68129515135 0.58885596259 0.70775277066 0.85788396288 0.68344458925 0.85282854660 0.77252968406 0.90512792274 0.81070235409 1.09264391226 0.82582812724 0.64088702594 1.20740941219 0.94869046863 1.19738486162 1.05768705193 0.96332371055 0.93829943381 0.98911292161 1.08431745983 1.16138741570 1.50717031393 1.27638064531 1.33601494018 1.69027185318 1.75807466750 1.67588487452 2.19081795442 2.13653533677 2.48821444948 2.20029525676 3.89013857632 4.26422415112 4.84318325824 

---- Expected P_neut(i), 0 < i < n (neutral SFS per site) 
E[P_neut(1)] = 0.0084735103
E[P_neut(2)] = 0.0036442273
E[P_neut(3)] = 0.0023659939
E[P_neut(4)] = 0.0015403539
E[P_neut(5)] = 0.0012620911
E[P_neut(6)] = 0.0010169571
E[P_neut(7)] = 0.0009357028
E[P_neut(8)] = 0.0007955564
E[P_neut(9)] = 0.0007625342
E[P_neut(10)] = 0.0005090720
E[P_neut(11)] = 0.0005820298
E[P_neut(12)] = 0.0005176569
E[P_neut(13)] = 0.0004916710
E[P_neut(14)] = 0.0003962254
E[P_neut(15)] = 0.0003446931
E[P_neut(16)] = 0.0003614153
E[P_neut(17)] = 0.0002941187
E[P_neut(18)] = 0.0003338127
E[P_neut(19)] = 0.0003833154
E[P_neut(20)] = 0.0002904474
E[P_neut(21)] = 0.0003448148
E[P_neut(22)] = 0.0002985116
E[P_neut(23)] = 0.0003339441
E[P_neut(24)] = 0.0002869203
E[P_neut(25)] = 0.0003712991
E[P_neut(26)] = 0.0002698861
E[P_neut(27)] = 0.0002020321
E[P_neut(28)] = 0.0003661431
E[P_neut(29)] = 0.0002781070
E[P_neut(30)] = 0.0003389370
E[P_neut(31)] = 0.0002901233
E[P_neut(32)] = 0.0002559694
E[P_neut(33)] = 0.0002417041
E[P_neut(34)] = 0.0002474733
E[P_neut(35)] = 0.0002634266
E[P_neut(36)] = 0.0002744197
E[P_neut(37)] = 0.0003464737
E[P_neut(38)] = 0.0002860196
E[P_neut(39)] = 0.0002918617
E[P_neut(40)] = 0.0003594205
E[P_neut(41)] = 0.0003654263
E[P_neut(42)] = 0.0003402957
E[P_neut(43)] = 0.0004342796
E[P_neut(44)] = 0.0004142533
E[P_neut(45)] = 0.0004720183
E[P_neut(46)] = 0.0004096136
E[P_neut(47)] = 0.0007079317
E[P_neut(48)] = 0.0007630133
E[P_neut(49)] = 0.0008616106

---- Expected P_sel(i), 0 < i < n (selected SFS per site) 
E[P_sel(1)] = 0.0041862225
E[P_sel(2)] = 0.0013548114
E[P_sel(3)] = 0.0007545235
E[P_sel(4)] = 0.0004440685
E[P_sel(5)] = 0.0003377309
E[P_sel(6)] = 0.0002566724
E[P_sel(7)] = 0.0002250868
E[P_sel(8)] = 0.0001837706
E[P_sel(9)] = 0.0001700590
E[P_sel(10)] = 0.0001100581
E[P_sel(11)] = 0.0001224365
E[P_sel(12)] = 0.0001062209
E[P_sel(13)] = 0.0000986253
E[P_sel(14)] = 0.0000778521
E[P_sel(15)] = 0.0000664425
E[P_sel(16)] = 0.0000684446
E[P_sel(17)] = 0.0000547828
E[P_sel(18)] = 0.0000612221
E[P_sel(19)] = 0.0000692845
E[P_sel(20)] = 0.0000517755
E[P_sel(21)] = 0.0000606789
E[P_sel(22)] = 0.0000518821
E[P_sel(23)] = 0.0000573678
E[P_sel(24)] = 0.0000487386
E[P_sel(25)] = 0.0000624002
E[P_sel(26)] = 0.0000448945
E[P_sel(27)] = 0.0000332811
E[P_sel(28)] = 0.0000597414
E[P_sel(29)] = 0.0000449709
E[P_sel(30)] = 0.0000543236
E[P_sel(31)] = 0.0000461168
E[P_sel(32)] = 0.0000403579
E[P_sel(33)] = 0.0000378084
E[P_sel(34)] = 0.0000384231
E[P_sel(35)] = 0.0000405960
E[P_sel(36)] = 0.0000419940
E[P_sel(37)] = 0.0000526542
E[P_sel(38)] = 0.0000431941
E[P_sel(39)] = 0.0000438024
E[P_sel(40)] = 0.0000535667
E[P_sel(41)] = 0.0000541830
E[P_sel(42)] = 0.0000501858
E[P_sel(43)] = 0.0000636716
E[P_sel(44)] = 0.0000604514
E[P_sel(45)] = 0.0000685780
E[P_sel(46)] = 0.0000594327
E[P_sel(47)] = 0.0001022502
E[P_sel(48)] = 0.0001107363
E[P_sel(49)] = 0.0001302716

---- alpha_dfe = 0.000982

