---- Running command
---- ./polyDFE -d /home/jejames/ArabidopsisCrossGenome/PolyDFE15/NetworkConnectivity15polcounts1_1.30724637681159_PolyDFE.input -m C -i /home/jejames/ArabidopsisCrossGenome/model.txt 1 -e 
---- Performing inference using model C

---- Performing inference on /home/jejames/ArabidopsisCrossGenome/PolyDFE15/NetworkConnectivity15polcounts1_1.30724637681159_PolyDFE.input
----      with -i /home/jejames/ArabidopsisCrossGenome/model.txt 1
---- Data /home/jejames/ArabidopsisCrossGenome/PolyDFE15/NetworkConnectivity15polcounts1_1.30724637681159_PolyDFE.input does not contain divergence counts. Using option -w.
---- No mutation variability. Using Poisson likelihood.


---- Calculating initial values

-- Starting local optimization
-- Optimizing all parameters
  it        eps_an     theta_bar           S_d             b           p_b           S_b           r 2           r 3           r 4           r 5           r 6           r 7           r 8           r 9          r 10          r 11          r 12          r 13          r 14          r 15          r 16          r 17          r 18          r 19          r 20          r 21          r 22          r 23          r 24          r 25          r 26          r 27          r 28          r 29          r 30          r 31          r 32          r 33          r 34          r 35          r 36          r 37          r 38          r 39          r 40          r 41          r 42          r 43          r 44          r 45          r 46          r 47          r 48          r 49           ln lk          grad status 
   0           0.1 0.01042516833        -20000         0.208           0.1            20 0.83180428134 0.72752293577 0.67278287461 0.67533129459 0.62752293577 0.74067278287 0.73802242609 0.57431192660 0.62589194699 0.54831804281 0.62752293577 0.72752293577 0.65790010193 0.59327217125 0.67196738022 0.58572884811 0.57064220183 0.58685015290 0.50356778797 0.86697247706 0.60101936799 0.74556574923 0.74373088685 0.91743119266 1.10254841997 0.83119266055 0.71926605504 1.07900101936 1.17125382263 0.78053007135 1.04057084607 1.35229357798 1.20611620795 1.04179408766 1.42752293577 1.73873598369 1.46034658511 1.59418960244 1.98165137614 1.81386340468 2.33333333333 2.37573904179 2.30540265035 2.95871559633 3.23547400611 4.07716615698 5.87155963302             1 -2663.419878088 23.4122295175   -2 
 508 0.00275977871 0.00914019663 -153.87273649 0.24359890306 0.00014911725 0.41282992933 0.79262414202 0.73853751055 0.73443406927 0.70006552495 0.65084283229 0.68277420469 0.73766669983 0.62671870404 0.60983179622 0.65044203807 0.59484249998 0.62599587183 0.61016308337 0.63616963588 0.55807201607 0.64421462267 0.55771316470 0.67643590710 0.65154384649 0.72216562081 0.63526018696 0.82758100924 0.68932161136 0.80408275638 0.86173105989 0.66161250066 0.65420932300 0.82599403021 0.89570817478 0.81048044506 0.98940814354 1.02301696748 1.01408070289 0.91115894871 1.15668181023 1.27160945331 1.30924377782 1.56586620808 1.61020107684 1.43888110570 1.71320801487 1.77604485620 1.72295041700 2.25584849504 2.18157804484 2.76076528455 3.68431681070 4.54073661257 -321.5024325252 0.00036526023   -8 
-- Local optimization: reached maximum number of likelihood evaluations allowed.
---- Best joint likelihood found -321.502432525242057 with gradient 0.00037

---- Results for /home/jejames/ArabidopsisCrossGenome/PolyDFE15/NetworkConnectivity15polcounts1_1.30724637681159_PolyDFE.input 
--  Model: C
--        eps_an     theta_bar             a 
-- 0.00275977871 0.00914019663            -1 
--           S_d             b           p_b           S_b 
-- -153.87273649 0.24359890306 0.00014911725 0.41282992933 
--           r 2           r 3           r 4           r 5           r 6           r 7           r 8           r 9          r 10          r 11          r 12          r 13          r 14          r 15          r 16          r 17          r 18          r 19          r 20          r 21          r 22          r 23          r 24          r 25          r 26          r 27          r 28          r 29          r 30          r 31          r 32          r 33          r 34          r 35          r 36          r 37          r 38          r 39          r 40          r 41          r 42          r 43          r 44          r 45          r 46          r 47          r 48          r 49 
-- 0.79262414202 0.73853751055 0.73443406927 0.70006552495 0.65084283229 0.68277420469 0.73766669983 0.62671870404 0.60983179622 0.65044203807 0.59484249998 0.62599587183 0.61016308337 0.63616963588 0.55807201607 0.64421462267 0.55771316470 0.67643590710 0.65154384649 0.72216562081 0.63526018696 0.82758100924 0.68932161136 0.80408275638 0.86173105989 0.66161250066 0.65420932300 0.82599403021 0.89570817478 0.81048044506 0.98940814354 1.02301696748 1.01408070289 0.91115894871 1.15668181023 1.27160945331 1.30924377782 1.56586620808 1.61020107684 1.43888110570 1.71320801487 1.77604485620 1.72295041700 2.25584849504 2.18157804484 2.76076528455 3.68431681070 4.54073661257 

---- Expected P_neut(i), 0 < i < n (neutral SFS per site) 
E[P_neut(1)] = 0.0091173093
E[P_neut(2)] = 0.0036143095
E[P_neut(3)] = 0.0022453979
E[P_neut(4)] = 0.0016747827
E[P_neut(5)] = 0.0012774800
E[P_neut(6)] = 0.0009897234
E[P_neut(7)] = 0.0008901087
E[P_neut(8)] = 0.0008415053
E[P_neut(9)] = 0.0006356101
E[P_neut(10)] = 0.0005568754
E[P_neut(11)] = 0.0005399910
E[P_neut(12)] = 0.0004527001
E[P_neut(13)] = 0.0004397850
E[P_neut(14)] = 0.0003980690
E[P_neut(15)] = 0.0003872346
E[P_neut(16)] = 0.0003186780
E[P_neut(17)] = 0.0003461936
E[P_neut(18)] = 0.0002831988
E[P_neut(19)] = 0.0003251697
E[P_neut(20)] = 0.0002976933
E[P_neut(21)] = 0.0003141718
E[P_neut(22)] = 0.0002637884
E[P_neut(23)] = 0.0003285910
E[P_neut(24)] = 0.0002626338
E[P_neut(25)] = 0.0002939790
E[P_neut(26)] = 0.0003028266
E[P_neut(27)] = 0.0002242624
E[P_neut(28)] = 0.0002136962
E[P_neut(29)] = 0.0002604851
E[P_neut(30)] = 0.0002729669
E[P_neut(31)] = 0.0002392047
E[P_neut(32)] = 0.0002826074
E[P_neut(33)] = 0.0002835247
E[P_neut(34)] = 0.0002727421
E[P_neut(35)] = 0.0002383609
E[P_neut(36)] = 0.0002939639
E[P_neut(37)] = 0.0003144764
E[P_neut(38)] = 0.0003152957
E[P_neut(39)] = 0.0003674615
E[P_neut(40)] = 0.0003684617
E[P_neut(41)] = 0.0003216434
E[P_neut(42)] = 0.0003741317
E[P_neut(43)] = 0.0003789395
E[P_neut(44)] = 0.0003596600
E[P_neut(45)] = 0.0004604650
E[P_neut(46)] = 0.0004369146
E[P_neut(47)] = 0.0005416204
E[P_neut(48)] = 0.0007096312
E[P_neut(49)] = 0.0008698920

---- Expected P_sel(i), 0 < i < n (selected SFS per site) 
E[P_sel(1)] = 0.0055323652
E[P_sel(2)] = 0.0017890415
E[P_sel(3)] = 0.0009936168
E[P_sel(4)] = 0.0006878272
E[P_sel(5)] = 0.0004964115
E[P_sel(6)] = 0.0003681894
E[P_sel(7)] = 0.0003194471
E[P_sel(8)] = 0.0002929576
E[P_sel(9)] = 0.0002155179
E[P_sel(10)] = 0.0001844725
E[P_sel(11)] = 0.0001752126
E[P_sel(12)] = 0.0001441691
E[P_sel(13)] = 0.0001376920
E[P_sel(14)] = 0.0001226991
E[P_sel(15)] = 0.0001176571
E[P_sel(16)] = 0.0000955291
E[P_sel(17)] = 0.0001024898
E[P_sel(18)] = 0.0000828593
E[P_sel(19)] = 0.0000941031
E[P_sel(20)] = 0.0000852556
E[P_sel(21)] = 0.0000890937
E[P_sel(22)] = 0.0000741087
E[P_sel(23)] = 0.0000914959
E[P_sel(24)] = 0.0000725086
E[P_sel(25)] = 0.0000805058
E[P_sel(26)] = 0.0000822849
E[P_sel(27)] = 0.0000604864
E[P_sel(28)] = 0.0000572235
E[P_sel(29)] = 0.0000692723
E[P_sel(30)] = 0.0000721083
E[P_sel(31)] = 0.0000627894
E[P_sel(32)] = 0.0000737151
E[P_sel(33)] = 0.0000735175
E[P_sel(34)] = 0.0000703103
E[P_sel(35)] = 0.0000611165
E[P_sel(36)] = 0.0000749535
E[P_sel(37)] = 0.0000797634
E[P_sel(38)] = 0.0000795646
E[P_sel(39)] = 0.0000922712
E[P_sel(40)] = 0.0000920807
E[P_sel(41)] = 0.0000800430
E[P_sel(42)] = 0.0000927174
E[P_sel(43)] = 0.0000935186
E[P_sel(44)] = 0.0000884479
E[P_sel(45)] = 0.0001128097
E[P_sel(46)] = 0.0001068761
E[P_sel(47)] = 0.0001322200
E[P_sel(48)] = 0.0001734389
E[P_sel(49)] = 0.0002179082

---- alpha_dfe = 0.000773

