---- Running command
---- ./polyDFE -d /home/jejames/ArabidopsisCrossGenome/PolyDFE15/NetworkConnectivity15polcounts4_8.7887323943662_PolyDFE.input -m C -i /home/jejames/ArabidopsisCrossGenome/model.txt 1 -e 
---- Performing inference using model C

---- Performing inference on /home/jejames/ArabidopsisCrossGenome/PolyDFE15/NetworkConnectivity15polcounts4_8.7887323943662_PolyDFE.input
----      with -i /home/jejames/ArabidopsisCrossGenome/model.txt 1
---- Data /home/jejames/ArabidopsisCrossGenome/PolyDFE15/NetworkConnectivity15polcounts4_8.7887323943662_PolyDFE.input does not contain divergence counts. Using option -w.
---- No mutation variability. Using Poisson likelihood.


---- Calculating initial values

-- Starting local optimization
-- Optimizing all parameters
  it        eps_an     theta_bar           S_d             b           p_b           S_b           r 2           r 3           r 4           r 5           r 6           r 7           r 8           r 9          r 10          r 11          r 12          r 13          r 14          r 15          r 16          r 17          r 18          r 19          r 20          r 21          r 22          r 23          r 24          r 25          r 26          r 27          r 28          r 29          r 30          r 31          r 32          r 33          r 34          r 35          r 36          r 37          r 38          r 39          r 40          r 41          r 42          r 43          r 44          r 45          r 46          r 47          r 48          r 49           ln lk          grad status 
   0           0.1 0.01056668622        -20000         0.208           0.1            20 0.77191590638 0.65836969456 0.74970249900 0.61483538278 0.66342721142 0.59004363347 0.48790162633 0.63724712415 0.70111067036 0.61632288774 0.72709242364 0.64329631098 0.68583895279 0.69615232050 0.60769535898 0.56981356604 0.61582705275 0.61800872669 0.78738595795 0.71846489488 0.73958746529 0.59073780245 0.83776279254 0.99166997223 0.74256247520 0.67205474018 0.91907973026 0.87713209044 0.87167790559 1.20507735025 0.96786989289 1.05374851249 1.37227290757 1.01348671162 1.30662435541 1.21449821499 1.42820309401 1.72104323681 1.75723919079 2.05731852439 1.39527965093 1.91888139627 2.24712415708 3.03451011503 3.14756049186 4.08756445854 5.65489884966             1 -2650.491712043 33.3585175450   -2 
 308 0.00329293084 0.00881073170 -230.53517667 0.27141203027 0.00022589586 0.77142733901 0.82556394578 0.79598139480 0.80077482642 0.69314005679 0.71227583467 0.73021324271 0.63726747642 0.65212344215 0.67063903407 0.58888655067 0.75559842163 0.71711866592 0.71014745672 0.75413036134 0.69323662969 0.67171957480 0.67445937999 0.57436205288 0.77739050653 0.79097077968 0.72862898581 0.64499133703 0.84867417096 0.89927183263 0.67549511657 0.70503918541 0.74713242301 0.76212475944 0.71748894373 0.88229943601 0.77070297883 0.87891676461 1.07695902671 0.67473310881 1.02008639724 0.97641675333 1.23372218424 1.15323735366 1.26453467058 1.56862315176 1.16063278214 1.53715571069 1.88771258341 2.30000760234 2.20078860617 3.58563067641 3.63310337728 4.87955882255 -332.1388178067 0.00059178823   -3 
-- Local optimization: stuck in the same solution
---- Best joint likelihood found -332.138817806770589 with gradient 0.00059

---- Results for /home/jejames/ArabidopsisCrossGenome/PolyDFE15/NetworkConnectivity15polcounts4_8.7887323943662_PolyDFE.input 
--  Model: C
--        eps_an     theta_bar             a 
-- 0.00329293084 0.00881073170            -1 
--           S_d             b           p_b           S_b 
-- -230.53517667 0.27141203027 0.00022589586 0.77142733901 
--           r 2           r 3           r 4           r 5           r 6           r 7           r 8           r 9          r 10          r 11          r 12          r 13          r 14          r 15          r 16          r 17          r 18          r 19          r 20          r 21          r 22          r 23          r 24          r 25          r 26          r 27          r 28          r 29          r 30          r 31          r 32          r 33          r 34          r 35          r 36          r 37          r 38          r 39          r 40          r 41          r 42          r 43          r 44          r 45          r 46          r 47          r 48          r 49 
-- 0.82556394578 0.79598139480 0.80077482642 0.69314005679 0.71227583467 0.73021324271 0.63726747642 0.65212344215 0.67063903407 0.58888655067 0.75559842163 0.71711866592 0.71014745672 0.75413036134 0.69323662969 0.67171957480 0.67445937999 0.57436205288 0.77739050653 0.79097077968 0.72862898581 0.64499133703 0.84867417096 0.89927183263 0.67549511657 0.70503918541 0.74713242301 0.76212475944 0.71748894373 0.88229943601 0.77070297883 0.87891676461 1.07695902671 0.67473310881 1.02008639724 0.97641675333 1.23372218424 1.15323735366 1.26453467058 1.56862315176 1.16063278214 1.53715571069 1.88771258341 2.30000760234 2.20078860617 3.58563067641 3.63310337728 4.87955882255 

---- Expected P_neut(i), 0 < i < n (neutral SFS per site) 
E[P_neut(1)] = 0.0087846078
E[P_neut(2)] = 0.0036271311
E[P_neut(3)] = 0.0023322416
E[P_neut(4)] = 0.0017594329
E[P_neut(5)] = 0.0012188751
E[P_neut(6)] = 0.0010437457
E[P_neut(7)] = 0.0009171125
E[P_neut(8)] = 0.0007003397
E[P_neut(9)] = 0.0006374172
E[P_neut(10)] = 0.0005898535
E[P_neut(11)] = 0.0004709885
E[P_neut(12)] = 0.0005538963
E[P_neut(13)] = 0.0004851914
E[P_neut(14)] = 0.0004462732
E[P_neut(15)] = 0.0004420634
E[P_neut(16)] = 0.0003814071
E[P_neut(17)] = 0.0003477640
E[P_neut(18)] = 0.0003297495
E[P_neut(19)] = 0.0002662934
E[P_neut(20)] = 0.0003420351
E[P_neut(21)] = 0.0003315283
E[P_neut(22)] = 0.0002916203
E[P_neut(23)] = 0.0002470242
E[P_neut(24)] = 0.0003112879
E[P_neut(25)] = 0.0003169297
E[P_neut(26)] = 0.0002291801
E[P_neut(27)] = 0.0002301268
E[P_neut(28)] = 0.0002352861
E[P_neut(29)] = 0.0002318778
E[P_neut(30)] = 0.0002111539
E[P_neut(31)] = 0.0002508159
E[P_neut(32)] = 0.0002125901
E[P_neut(33)] = 0.0002350373
E[P_neut(34)] = 0.0002794203
E[P_neut(35)] = 0.0001707534
E[P_neut(36)] = 0.0002503081
E[P_neut(37)] = 0.0002333469
E[P_neut(38)] = 0.0002869374
E[P_neut(39)] = 0.0002612303
E[P_neut(40)] = 0.0002795654
E[P_neut(41)] = 0.0003380829
E[P_neut(42)] = 0.0002449862
E[P_neut(43)] = 0.0003169537
E[P_neut(44)] = 0.0003802024
E[P_neut(45)] = 0.0004528669
E[P_neut(46)] = 0.0004259540
E[P_neut(47)] = 0.0006776554
E[P_neut(48)] = 0.0006766613
E[P_neut(49)] = 0.0009035215

---- Expected P_sel(i), 0 < i < n (selected SFS per site) 
E[P_sel(1)] = 0.0047370518
E[P_sel(2)] = 0.0015395964
E[P_sel(3)] = 0.0008706542
E[P_sel(4)] = 0.0006036232
E[P_sel(5)] = 0.0003928440
E[P_sel(6)] = 0.0003203092
E[P_sel(7)] = 0.0002703442
E[P_sel(8)] = 0.0001995246
E[P_sel(9)] = 0.0001762884
E[P_sel(10)] = 0.0001589623
E[P_sel(11)] = 0.0001240147
E[P_sel(12)] = 0.0001428345
E[P_sel(13)] = 0.0001227641
E[P_sel(14)] = 0.0001109588
E[P_sel(15)] = 0.0001081674
E[P_sel(16)] = 0.0000919235
E[P_sel(17)] = 0.0000826571
E[P_sel(18)] = 0.0000773590
E[P_sel(19)] = 0.0000617027
E[P_sel(20)] = 0.0000783471
E[P_sel(21)] = 0.0000751090
E[P_sel(22)] = 0.0000653811
E[P_sel(23)] = 0.0000548352
E[P_sel(24)] = 0.0000684510
E[P_sel(25)] = 0.0000690636
E[P_sel(26)] = 0.0000495124
E[P_sel(27)] = 0.0000493053
E[P_sel(28)] = 0.0000500119
E[P_sel(29)] = 0.0000489136
E[P_sel(30)] = 0.0000442176
E[P_sel(31)] = 0.0000521409
E[P_sel(32)] = 0.0000439006
E[P_sel(33)] = 0.0000482138
E[P_sel(34)] = 0.0000569479
E[P_sel(35)] = 0.0000346144
E[P_sel(36)] = 0.0000504105
E[P_sel(37)] = 0.0000467350
E[P_sel(38)] = 0.0000571397
E[P_sel(39)] = 0.0000517317
E[P_sel(40)] = 0.0000550923
E[P_sel(41)] = 0.0000662675
E[P_sel(42)] = 0.0000478554
E[P_sel(43)] = 0.0000616360
E[P_sel(44)] = 0.0000735962
E[P_sel(45)] = 0.0000872954
E[P_sel(46)] = 0.0000821111
E[P_sel(47)] = 0.0001300365
E[P_sel(48)] = 0.0001306729
E[P_sel(49)] = 0.0001801462

---- alpha_dfe = 0.001788

