---- Running command
---- ./polyDFE -d /home/jejames/ArabidopsisCrossGenome/PolyDFE15/NetworkConnectivity15polcounts5_12.8995633187773_PolyDFE.input -m C -i /home/jejames/ArabidopsisCrossGenome/model.txt 1 -e 
---- Performing inference using model C

---- Performing inference on /home/jejames/ArabidopsisCrossGenome/PolyDFE15/NetworkConnectivity15polcounts5_12.8995633187773_PolyDFE.input
----      with -i /home/jejames/ArabidopsisCrossGenome/model.txt 1
---- Data /home/jejames/ArabidopsisCrossGenome/PolyDFE15/NetworkConnectivity15polcounts5_12.8995633187773_PolyDFE.input does not contain divergence counts. Using option -w.
---- No mutation variability. Using Poisson likelihood.


---- Calculating initial values

-- Starting local optimization
-- Optimizing all parameters
  it        eps_an     theta_bar           S_d             b           p_b           S_b           r 2           r 3           r 4           r 5           r 6           r 7           r 8           r 9          r 10          r 11          r 12          r 13          r 14          r 15          r 16          r 17          r 18          r 19          r 20          r 21          r 22          r 23          r 24          r 25          r 26          r 27          r 28          r 29          r 30          r 31          r 32          r 33          r 34          r 35          r 36          r 37          r 38          r 39          r 40          r 41          r 42          r 43          r 44          r 45          r 46          r 47          r 48          r 49           ln lk          grad status 
   0           0.1 0.00926265095        -30000         0.208           0.1            20 0.81028202726 0.72400874180 0.69976064106 0.56873764179 0.62441461130 0.61265480278 0.77593922364 0.74555104589 0.63378083047 0.74867311895 0.86044333437 0.67239046727 0.52887917577 0.88042460193 0.75262774482 0.78020605682 0.61255073368 1.00447497138 0.72432094911 0.96378395254 0.69372463315 0.76594858986 1.02403996253 1.06670829430 0.89291289416 0.89915704027 1.18597148506 1.11364345925 1.03652825476 1.58726194192 1.27547091268 1.26724945363 1.65594754917 1.58809449474 1.44989072744 1.51326881049 1.74399000936 1.48548236028 1.83577895722 1.89447393069 2.04558226662 2.00926215006 2.01477781246 2.60849203871 3.48985326256 3.86897700072 4.78051826412             1 -2480.375901434 35.4692519946   -2 
 493 0.01637287290 0.00821434960 -330.32693651 0.27432108046 0.00010207226 0.59939304366 0.81145914551 0.71899074982 0.70899296029 0.64545963254 0.65872829008 0.64194116223 0.70102955365 0.72011619656 0.66843842216 0.72534003482 0.74808563678 0.68348299596 0.58819138852 0.77269288489 0.65870978438 0.74741571721 0.63797190230 0.87364312023 0.77855858457 0.91346639366 0.69637718648 0.62816637820 0.84252845527 1.07872243824 0.70390719883 0.82052058430 0.95329501633 1.01485645598 0.77517674587 1.07499206993 1.00096650976 1.15170905163 1.29949784856 1.22399036946 1.32467830886 1.25991623970 1.37143997123 1.21992998828 1.65845903671 1.40886183700 1.55172590180 1.72327138228 1.60578196509 1.84772727805 2.33945773690 2.51450320921 2.58844855013 3.07684007137 -311.3003642357 0.00239912856   -8 
-- Local optimization: reached maximum number of likelihood evaluations allowed.
---- Best joint likelihood found -311.300364235772236 with gradient 0.00240

---- Results for /home/jejames/ArabidopsisCrossGenome/PolyDFE15/NetworkConnectivity15polcounts5_12.8995633187773_PolyDFE.input 
--  Model: C
--        eps_an     theta_bar             a 
-- 0.01637287290 0.00821434960            -1 
--           S_d             b           p_b           S_b 
-- -330.32693651 0.27432108046 0.00010207226 0.59939304366 
--           r 2           r 3           r 4           r 5           r 6           r 7           r 8           r 9          r 10          r 11          r 12          r 13          r 14          r 15          r 16          r 17          r 18          r 19          r 20          r 21          r 22          r 23          r 24          r 25          r 26          r 27          r 28          r 29          r 30          r 31          r 32          r 33          r 34          r 35          r 36          r 37          r 38          r 39          r 40          r 41          r 42          r 43          r 44          r 45          r 46          r 47          r 48          r 49 
-- 0.81145914551 0.71899074982 0.70899296029 0.64545963254 0.65872829008 0.64194116223 0.70102955365 0.72011619656 0.66843842216 0.72534003482 0.74808563678 0.68348299596 0.58819138852 0.77269288489 0.65870978438 0.74741571721 0.63797190230 0.87364312023 0.77855858457 0.91346639366 0.69637718648 0.62816637820 0.84252845527 1.07872243824 0.70390719883 0.82052058430 0.95329501633 1.01485645598 0.77517674587 1.07499206993 1.00096650976 1.15170905163 1.29949784856 1.22399036946 1.32467830886 1.25991623970 1.37143997123 1.21992998828 1.65845903671 1.40886183700 1.55172590180 1.72327138228 1.60578196509 1.84772727805 2.33945773690 2.51450320921 2.58844855013 3.07684007137 

---- Expected P_neut(i), 0 < i < n (neutral SFS per site) 
E[P_neut(1)] = 0.0080883022
E[P_neut(2)] = 0.0032854896
E[P_neut(3)] = 0.0019436429
E[P_neut(4)] = 0.0014389804
E[P_neut(5)] = 0.0010485667
E[P_neut(6)] = 0.0008919801
E[P_neut(7)] = 0.0007463603
E[P_neut(8)] = 0.0007129963
E[P_neut(9)] = 0.0006511144
E[P_neut(10)] = 0.0005456650
E[P_neut(11)] = 0.0005369928
E[P_neut(12)] = 0.0005085560
E[P_neut(13)] = 0.0004293832
E[P_neut(14)] = 0.0003444133
E[P_neut(15)] = 0.0004209199
E[P_neut(16)] = 0.0003377829
E[P_neut(17)] = 0.0003599298
E[P_neut(18)] = 0.0002905804
E[P_neut(19)] = 0.0003761855
E[P_neut(20)] = 0.0003180073
E[P_neut(21)] = 0.0003561674
E[P_neut(22)] = 0.0002603348
E[P_neut(23)] = 0.0002247609
E[P_neut(24)] = 0.0002872874
E[P_neut(25)] = 0.0003544401
E[P_neut(26)] = 0.0002234702
E[P_neut(27)] = 0.0002492172
E[P_neut(28)] = 0.0002793460
E[P_neut(29)] = 0.0002886052
E[P_neut(30)] = 0.0002140128
E[P_neut(31)] = 0.0002863707
E[P_neut(32)] = 0.0002575064
E[P_neut(33)] = 0.0002879023
E[P_neut(34)] = 0.0003143534
E[P_neut(35)] = 0.0002894900
E[P_neut(36)] = 0.0003029620
E[P_neut(37)] = 0.0002822046
E[P_neut(38)] = 0.0002999906
E[P_neut(39)] = 0.0002616084
E[P_neut(40)] = 0.0003439928
E[P_neut(41)] = 0.0002884051
E[P_neut(42)] = 0.0003103026
E[P_neut(43)] = 0.0003361427
E[P_neut(44)] = 0.0003096404
E[P_neut(45)] = 0.0003491257
E[P_neut(46)] = 0.0004347621
E[P_neut(47)] = 0.0004645059
E[P_neut(48)] = 0.0004902821
E[P_neut(49)] = 0.0006418482

---- Expected P_sel(i), 0 < i < n (selected SFS per site) 
E[P_sel(1)] = 0.0040020033
E[P_sel(2)] = 0.0012609061
E[P_sel(3)] = 0.0006531250
E[P_sel(4)] = 0.0004433692
E[P_sel(5)] = 0.0003031957
E[P_sel(6)] = 0.0002453889
E[P_sel(7)] = 0.0001970058
E[P_sel(8)] = 0.0001818429
E[P_sel(9)] = 0.0001611810
E[P_sel(10)] = 0.0001314717
E[P_sel(11)] = 0.0001264795
E[P_sel(12)] = 0.0001172403
E[P_sel(13)] = 0.0000970907
E[P_sel(14)] = 0.0000764714
E[P_sel(15)] = 0.0000920191
E[P_sel(16)] = 0.0000727001
E[P_sel(17)] = 0.0000764212
E[P_sel(18)] = 0.0000608864
E[P_sel(19)] = 0.0000778819
E[P_sel(20)] = 0.0000650879
E[P_sel(21)] = 0.0000720909
E[P_sel(22)] = 0.0000521378
E[P_sel(23)] = 0.0000445740
E[P_sel(24)] = 0.0000564516
E[P_sel(25)] = 0.0000690241
E[P_sel(26)] = 0.0000431531
E[P_sel(27)] = 0.0000477266
E[P_sel(28)] = 0.0000530791
E[P_sel(29)] = 0.0000544471
E[P_sel(30)] = 0.0000401033
E[P_sel(31)] = 0.0000532817
E[P_sel(32)] = 0.0000475767
E[P_sel(33)] = 0.0000528706
E[P_sel(34)] = 0.0000573450
E[P_sel(35)] = 0.0000525658
E[P_sel(36)] = 0.0000546376
E[P_sel(37)] = 0.0000507023
E[P_sel(38)] = 0.0000536714
E[P_sel(39)] = 0.0000466759
E[P_sel(40)] = 0.0000609376
E[P_sel(41)] = 0.0000511093
E[P_sel(42)] = 0.0000548187
E[P_sel(43)] = 0.0000591694
E[P_sel(44)] = 0.0000547243
E[P_sel(45)] = 0.0000617411
E[P_sel(46)] = 0.0000772639
E[P_sel(47)] = 0.0000840402
E[P_sel(48)] = 0.0000943998
E[P_sel(49)] = 0.0001517114

---- alpha_dfe = 0.000832

