---- Running command
---- ./polyDFE -d /home/jejames/ArabidopsisCrossGenome/PolyDFE15/NetworkConnectivity15polcounts2_3.03719599427754_PolyDFE.input -m C -i /home/jejames/ArabidopsisCrossGenome/model.txt 1 -e 
---- Performing inference using model C

---- Performing inference on /home/jejames/ArabidopsisCrossGenome/PolyDFE15/NetworkConnectivity15polcounts2_3.03719599427754_PolyDFE.input
----      with -i /home/jejames/ArabidopsisCrossGenome/model.txt 1
---- Data /home/jejames/ArabidopsisCrossGenome/PolyDFE15/NetworkConnectivity15polcounts2_3.03719599427754_PolyDFE.input does not contain divergence counts. Using option -w.
---- No mutation variability. Using Poisson likelihood.


---- Calculating initial values

-- Starting local optimization
-- Optimizing all parameters
  it        eps_an     theta_bar           S_d             b           p_b           S_b           r 2           r 3           r 4           r 5           r 6           r 7           r 8           r 9          r 10          r 11          r 12          r 13          r 14          r 15          r 16          r 17          r 18          r 19          r 20          r 21          r 22          r 23          r 24          r 25          r 26          r 27          r 28          r 29          r 30          r 31          r 32          r 33          r 34          r 35          r 36          r 37          r 38          r 39          r 40          r 41          r 42          r 43          r 44          r 45          r 46          r 47          r 48          r 49           ln lk          grad status 
   0           0.1 0.00937287703        -20000         0.208           0.1            20 0.79584062596 0.70977041078 0.68238443323 0.72480181200 0.64614434263 0.67023576649 0.70832904354 0.57263461340 0.64449706578 0.75537938844 0.62884793575 0.73612684031 0.69041490785 0.69185627509 0.59301966436 0.75960053536 0.76536600432 0.80006177288 0.89364768866 0.96211263255 0.83125707814 0.73406774426 0.71409451250 0.84937712344 0.75218778956 1.08411407392 0.75815916812 1.20920415937 0.94512509008 1.02450324307 1.17615566766 1.31143827859 1.26016678678 1.26840317100 1.44919180479 1.18089158859 1.64707093585 1.61814063626 1.78729537732 1.86574693709 2.68094306599 2.70050447853 2.41902604756 3.85462781838 2.80840111191 3.30011325028 4.67002985689             1 -2534.481511948 28.1588363934   -2 
 518 0.00988464532 0.00806406917 -198.45691038 0.26023205857 0.00019260637 0.74006008802 0.83557352580 0.76748488856 0.74295504694 0.69311319971 0.71837059387 0.77463352392 0.68084929979 0.69504596871 0.65101380770 0.74383546113 0.60130621098 0.65933217352 0.62541699087 0.70200094252 0.52268973366 0.72492871807 0.84481936924 0.82997593641 0.80614892505 0.82198438560 0.77676295914 0.76347948607 0.73473172696 0.82485307235 0.66879031204 0.75972020371 0.80338226147 1.01152162846 0.96469379131 0.91108749308 1.07935202800 1.05542500176 1.07814895408 1.14113690430 1.14363817350 1.08633706059 1.52366599810 1.33282481426 1.41062110083 1.54272213291 1.86945675329 1.94585564600 2.09418440847 2.49592540418 2.46563774752 1.94591867838 2.51725134697 3.76745198417 -324.9252091019 0.00062592867   -8 
-- Local optimization: reached maximum number of likelihood evaluations allowed.
---- Best joint likelihood found -324.925209101907512 with gradient 0.00063

---- Results for /home/jejames/ArabidopsisCrossGenome/PolyDFE15/NetworkConnectivity15polcounts2_3.03719599427754_PolyDFE.input 
--  Model: C
--        eps_an     theta_bar             a 
-- 0.00988464532 0.00806406917            -1 
--           S_d             b           p_b           S_b 
-- -198.45691038 0.26023205857 0.00019260637 0.74006008802 
--           r 2           r 3           r 4           r 5           r 6           r 7           r 8           r 9          r 10          r 11          r 12          r 13          r 14          r 15          r 16          r 17          r 18          r 19          r 20          r 21          r 22          r 23          r 24          r 25          r 26          r 27          r 28          r 29          r 30          r 31          r 32          r 33          r 34          r 35          r 36          r 37          r 38          r 39          r 40          r 41          r 42          r 43          r 44          r 45          r 46          r 47          r 48          r 49 
-- 0.83557352580 0.76748488856 0.74295504694 0.69311319971 0.71837059387 0.77463352392 0.68084929979 0.69504596871 0.65101380770 0.74383546113 0.60130621098 0.65933217352 0.62541699087 0.70200094252 0.52268973366 0.72492871807 0.84481936924 0.82997593641 0.80614892505 0.82198438560 0.77676295914 0.76347948607 0.73473172696 0.82485307235 0.66879031204 0.75972020371 0.80338226147 1.01152162846 0.96469379131 0.91108749308 1.07935202800 1.05542500176 1.07814895408 1.14113690430 1.14363817350 1.08633706059 1.52366599810 1.33282481426 1.41062110083 1.54272213291 1.86945675329 1.94585564600 2.09418440847 2.49592540418 2.46563774752 1.94591867838 2.51725134697 3.76745198417 

---- Expected P_neut(i), 0 < i < n (neutral SFS per site) 
E[P_neut(1)] = 0.0079904874
E[P_neut(2)] = 0.0033399396
E[P_neut(3)] = 0.0020459251
E[P_neut(4)] = 0.0014872774
E[P_neut(5)] = 0.0011112340
E[P_neut(6)] = 0.0009597486
E[P_neut(7)] = 0.0008871717
E[P_neut(8)] = 0.0006830661
E[P_neut(9)] = 0.0006196100
E[P_neut(10)] = 0.0005226038
E[P_neut(11)] = 0.0005426377
E[P_neut(12)] = 0.0004032831
E[P_neut(13)] = 0.0004072899
E[P_neut(14)] = 0.0003592146
E[P_neut(15)] = 0.0003762674
E[P_neut(16)] = 0.0002633615
E[P_neut(17)] = 0.0003430253
E[P_neut(18)] = 0.0003774298
E[P_neut(19)] = 0.0003511230
E[P_neut(20)] = 0.0003243923
E[P_neut(21)] = 0.0003153050
E[P_neut(22)] = 0.0002841941
E[P_neut(23)] = 0.0002672817
E[P_neut(24)] = 0.0002464821
E[P_neut(25)] = 0.0002660669
E[P_neut(26)] = 0.0002078195
E[P_neut(27)] = 0.0002273081
E[P_neut(28)] = 0.0002319034
E[P_neut(29)] = 0.0002816149
E[P_neut(30)] = 0.0002599616
E[P_neut(31)] = 0.0002381416
E[P_neut(32)] = 0.0002730516
E[P_neut(33)] = 0.0002587594
E[P_neut(34)] = 0.0002557901
E[P_neut(35)] = 0.0002640518
E[P_neut(36)] = 0.0002572058
E[P_neut(37)] = 0.0002384672
E[P_neut(38)] = 0.0003241388
E[P_neut(39)] = 0.0002782556
E[P_neut(40)] = 0.0002867619
E[P_neut(41)] = 0.0003065862
E[P_neut(42)] = 0.0003621746
E[P_neut(43)] = 0.0003701328
E[P_neut(44)] = 0.0003895600
E[P_neut(45)] = 0.0004539022
E[P_neut(46)] = 0.0004427735
E[P_neut(47)] = 0.0003509648
E[P_neut(48)] = 0.0004520236
E[P_neut(49)] = 0.0006936021

---- Expected P_sel(i), 0 < i < n (selected SFS per site) 
E[P_sel(1)] = 0.0045138630
E[P_sel(2)] = 0.0015062741
E[P_sel(3)] = 0.0008167918
E[P_sel(4)] = 0.0005475299
E[P_sel(5)] = 0.0003853347
E[P_sel(6)] = 0.0003176066
E[P_sel(7)] = 0.0002825107
E[P_sel(8)] = 0.0002104797
E[P_sel(9)] = 0.0001856481
E[P_sel(10)] = 0.0001527297
E[P_sel(11)] = 0.0001551323
E[P_sel(12)] = 0.0001129440
E[P_sel(13)] = 0.0001120701
E[P_sel(14)] = 0.0000971876
E[P_sel(15)] = 0.0001002545
E[P_sel(16)] = 0.0000691513
E[P_sel(17)] = 0.0000889099
E[P_sel(18)] = 0.0000966215
E[P_sel(19)] = 0.0000888452
E[P_sel(20)] = 0.0000811711
E[P_sel(21)] = 0.0000780730
E[P_sel(22)] = 0.0000696794
E[P_sel(23)] = 0.0000649173
E[P_sel(24)] = 0.0000593302
E[P_sel(25)] = 0.0000634970
E[P_sel(26)] = 0.0000491933
E[P_sel(27)] = 0.0000533873
E[P_sel(28)] = 0.0000540608
E[P_sel(29)] = 0.0000651733
E[P_sel(30)] = 0.0000597524
E[P_sel(31)] = 0.0000543867
E[P_sel(32)] = 0.0000619553
E[P_sel(33)] = 0.0000583460
E[P_sel(34)] = 0.0000573036
E[P_sel(35)] = 0.0000588568
E[P_sel(36)] = 0.0000570107
E[P_sel(37)] = 0.0000526166
E[P_sel(38)] = 0.0000710651
E[P_sel(39)] = 0.0000608353
E[P_sel(40)] = 0.0000623808
E[P_sel(41)] = 0.0000664516
E[P_sel(42)] = 0.0000781342
E[P_sel(43)] = 0.0000797421
E[P_sel(44)] = 0.0000836884
E[P_sel(45)] = 0.0000972405
E[P_sel(46)] = 0.0000953092
E[P_sel(47)] = 0.0000772416
E[P_sel(48)] = 0.0001021654
E[P_sel(49)] = 0.0001722563

---- alpha_dfe = 0.001363

