---- Running command
---- ./polyDFE -d /home/jejames/ArabidopsisCrossGenome/PolyDFE15/NetworkConnectivity15polcounts10_58.6898638426626_PolyDFE.input -m C -i /home/jejames/ArabidopsisCrossGenome/model.txt 1 -e 
---- Performing inference using model C

---- Performing inference on /home/jejames/ArabidopsisCrossGenome/PolyDFE15/NetworkConnectivity15polcounts10_58.6898638426626_PolyDFE.input
----      with -i /home/jejames/ArabidopsisCrossGenome/model.txt 1
---- Data /home/jejames/ArabidopsisCrossGenome/PolyDFE15/NetworkConnectivity15polcounts10_58.6898638426626_PolyDFE.input does not contain divergence counts. Using option -w.
---- No mutation variability. Using Poisson likelihood.


---- Calculating initial values

-- Starting local optimization
-- Optimizing all parameters
  it        eps_an     theta_bar           S_d             b           p_b           S_b           r 2           r 3           r 4           r 5           r 6           r 7           r 8           r 9          r 10          r 11          r 12          r 13          r 14          r 15          r 16          r 17          r 18          r 19          r 20          r 21          r 22          r 23          r 24          r 25          r 26          r 27          r 28          r 29          r 30          r 31          r 32          r 33          r 34          r 35          r 36          r 37          r 38          r 39          r 40          r 41          r 42          r 43          r 44          r 45          r 46          r 47          r 48          r 49           ln lk          grad status 
   0           0.1 0.00912308661        -70000         0.208           0.1            20 0.76518383099 0.74527726995 0.72923014422 0.62614259597 0.66605728214 0.64340849075 0.63213487710 0.63802559414 0.52813325208 0.70495632744 0.57160268129 0.64300223440 0.76782449725 0.47531992687 0.70201096892 0.57322770668 0.76965265082 0.71978468413 0.87751371115 0.68037781840 0.61446272598 0.96475726183 1.05545399146 1.09181393459 0.99553118017 0.75959780621 0.89579524680 0.91600650010 1.12126751980 0.99807028234 1.13426772293 0.89823278488 1.27076985577 1.16595571805 1.09689213893 1.43926467601 1.16169002640 1.58043875685 1.78752793012 2.17367458866 1.88543570993 2.38015437741 2.48913264269 3.18555758683 2.96668697948 4.26751980499 5.76721511273             1 -2597.034939952 36.8561373495   -2 
 552 0.01194241180 0.00807963398 -649.33624553 0.24841330399 0.00015470715 0.59044139928 0.76934276277 0.73276346189 0.71618113215 0.65001819480 0.65766908751 0.60075554757 0.60907509713 0.64523010236 0.59786154876 0.68549926393 0.67102625244 0.67793813415 0.69680953951 0.47082593747 0.68988423499 0.50775185413 0.66237647629 0.70375497741 0.87207647928 0.71182071256 0.78261638905 0.86713186152 0.87133307346 1.03435112696 0.83106809446 0.78318663002 0.75850140750 0.86277357787 0.90703969045 0.83086218199 0.97579460559 0.77280301185 1.07460264303 0.87782901568 0.80243017278 1.05758059070 1.20450111540 1.23670123021 1.39843103812 1.71054907887 1.50805372170 1.76922101896 1.79723441363 2.21054315455 2.00125043255 2.67478796414 3.22736998519 3.32469585803 -308.8944637625 0.00035607692   -8 
-- Local optimization: reached maximum number of likelihood evaluations allowed.
---- Best joint likelihood found -308.894463762592181 with gradient 0.00036

---- Results for /home/jejames/ArabidopsisCrossGenome/PolyDFE15/NetworkConnectivity15polcounts10_58.6898638426626_PolyDFE.input 
--  Model: C
--        eps_an     theta_bar             a 
-- 0.01194241180 0.00807963398            -1 
--           S_d             b           p_b           S_b 
-- -649.33624553 0.24841330399 0.00015470715 0.59044139928 
--           r 2           r 3           r 4           r 5           r 6           r 7           r 8           r 9          r 10          r 11          r 12          r 13          r 14          r 15          r 16          r 17          r 18          r 19          r 20          r 21          r 22          r 23          r 24          r 25          r 26          r 27          r 28          r 29          r 30          r 31          r 32          r 33          r 34          r 35          r 36          r 37          r 38          r 39          r 40          r 41          r 42          r 43          r 44          r 45          r 46          r 47          r 48          r 49 
-- 0.76934276277 0.73276346189 0.71618113215 0.65001819480 0.65766908751 0.60075554757 0.60907509713 0.64523010236 0.59786154876 0.68549926393 0.67102625244 0.67793813415 0.69680953951 0.47082593747 0.68988423499 0.50775185413 0.66237647629 0.70375497741 0.87207647928 0.71182071256 0.78261638905 0.86713186152 0.87133307346 1.03435112696 0.83106809446 0.78318663002 0.75850140750 0.86277357787 0.90703969045 0.83086218199 0.97579460559 0.77280301185 1.07460264303 0.87782901568 0.80243017278 1.05758059070 1.20450111540 1.23670123021 1.39843103812 1.71054907887 1.50805372170 1.76922101896 1.79723441363 2.21054315455 2.00125043255 2.67478796414 3.22736998519 3.32469585803 

---- Expected P_neut(i), 0 < i < n (neutral SFS per site) 
E[P_neut(1)] = 0.0079896906
E[P_neut(2)] = 0.0030773746
E[P_neut(3)] = 0.0019554100
E[P_neut(4)] = 0.0014335421
E[P_neut(5)] = 0.0010425776
E[P_neut(6)] = 0.0008789857
E[P_neut(7)] = 0.0006891012
E[P_neut(8)] = 0.0006112563
E[P_neut(9)] = 0.0005763550
E[P_neut(10)] = 0.0004806548
E[P_neut(11)] = 0.0005005542
E[P_neut(12)] = 0.0004494667
E[P_neut(13)] = 0.0004190717
E[P_neut(14)] = 0.0003994886
E[P_neut(15)] = 0.0002529981
E[P_neut(16)] = 0.0003472650
E[P_neut(17)] = 0.0002406982
E[P_neut(18)] = 0.0002967116
E[P_neut(19)] = 0.0002982797
E[P_neut(20)] = 0.0003510129
E[P_neut(21)] = 0.0002734691
E[P_neut(22)] = 0.0002866020
E[P_neut(23)] = 0.0003037745
E[P_neut(24)] = 0.0002929166
E[P_neut(25)] = 0.0003342871
E[P_neut(26)] = 0.0002586776
E[P_neut(27)] = 0.0002352042
E[P_neut(28)] = 0.0002196906
E[P_neut(29)] = 0.0002407757
E[P_neut(30)] = 0.0002455750
E[P_neut(31)] = 0.0002175382
E[P_neut(32)] = 0.0002469854
E[P_neut(33)] = 0.0001898334
E[P_neut(34)] = 0.0002564754
E[P_neut(35)] = 0.0002032525
E[P_neut(36)] = 0.0001827446
E[P_neut(37)] = 0.0002332161
E[P_neut(38)] = 0.0002584405
E[P_neut(39)] = 0.0002591609
E[P_neut(40)] = 0.0002848657
E[P_neut(41)] = 0.0003399800
E[P_neut(42)] = 0.0002939893
E[P_neut(43)] = 0.0003367449
E[P_neut(44)] = 0.0003366578
E[P_neut(45)] = 0.0004047015
E[P_neut(46)] = 0.0003645863
E[P_neut(47)] = 0.0004778920
E[P_neut(48)] = 0.0005738787
E[P_neut(49)] = 0.0006381541

---- Expected P_sel(i), 0 < i < n (selected SFS per site) 
E[P_sel(1)] = 0.0035577996
E[P_sel(2)] = 0.0010718234
E[P_sel(3)] = 0.0006027215
E[P_sel(4)] = 0.0004083851
E[P_sel(5)] = 0.0002802058
E[P_sel(6)] = 0.0002258155
E[P_sel(7)] = 0.0001705303
E[P_sel(8)] = 0.0001466151
E[P_sel(9)] = 0.0001345089
E[P_sel(10)] = 0.0001095413
E[P_sel(11)] = 0.0001117100
E[P_sel(12)] = 0.0000983958
E[P_sel(13)] = 0.0000901658
E[P_sel(14)] = 0.0000846117
E[P_sel(15)] = 0.0000527663
E[P_sel(16)] = 0.0000714566
E[P_sel(17)] = 0.0000488997
E[P_sel(18)] = 0.0000595637
E[P_sel(19)] = 0.0000592207
E[P_sel(20)] = 0.0000689608
E[P_sel(21)] = 0.0000531847
E[P_sel(22)] = 0.0000552182
E[P_sel(23)] = 0.0000580017
E[P_sel(24)] = 0.0000554490
E[P_sel(25)] = 0.0000627646
E[P_sel(26)] = 0.0000481920
E[P_sel(27)] = 0.0000434962
E[P_sel(28)] = 0.0000403393
E[P_sel(29)] = 0.0000439036
E[P_sel(30)] = 0.0000444974
E[P_sel(31)] = 0.0000391669
E[P_sel(32)] = 0.0000441879
E[P_sel(33)] = 0.0000337672
E[P_sel(34)] = 0.0000453712
E[P_sel(35)] = 0.0000357516
E[P_sel(36)] = 0.0000320530
E[P_sel(37)] = 0.0000406638
E[P_sel(38)] = 0.0000448412
E[P_sel(39)] = 0.0000447935
E[P_sel(40)] = 0.0000489788
E[P_sel(41)] = 0.0000582152
E[P_sel(42)] = 0.0000502409
E[P_sel(43)] = 0.0000573414
E[P_sel(44)] = 0.0000573577
E[P_sel(45)] = 0.0000687912
E[P_sel(46)] = 0.0000626078
E[P_sel(47)] = 0.0000824042
E[P_sel(48)] = 0.0001013335
E[P_sel(49)] = 0.0001318229

---- alpha_dfe = 0.001284

