---- Running command
---- ./polyDFE -d /home/jejames/ArabidopsisCrossGenome/PolyDFE15/NetworkConnectivity15polcounts12_97.7208538587849_PolyDFE.input -m C -i /home/jejames/ArabidopsisCrossGenome/model.txt 1 -e 
---- Performing inference using model C

---- Performing inference on /home/jejames/ArabidopsisCrossGenome/PolyDFE15/NetworkConnectivity15polcounts12_97.7208538587849_PolyDFE.input
----      with -i /home/jejames/ArabidopsisCrossGenome/model.txt 1
---- Data /home/jejames/ArabidopsisCrossGenome/PolyDFE15/NetworkConnectivity15polcounts12_97.7208538587849_PolyDFE.input does not contain divergence counts. Using option -w.
---- No mutation variability. Using Poisson likelihood.


---- Calculating initial values

-- Starting local optimization
-- Optimizing all parameters
  it        eps_an     theta_bar           S_d             b           p_b           S_b           r 2           r 3           r 4           r 5           r 6           r 7           r 8           r 9          r 10          r 11          r 12          r 13          r 14          r 15          r 16          r 17          r 18          r 19          r 20          r 21          r 22          r 23          r 24          r 25          r 26          r 27          r 28          r 29          r 30          r 31          r 32          r 33          r 34          r 35          r 36          r 37          r 38          r 39          r 40          r 41          r 42          r 43          r 44          r 45          r 46          r 47          r 48          r 49           ln lk          grad status 
   0           0.1 0.00921606467        -40000         0.208           0.1            20 0.82460840890 0.74598103874 0.72918384171 0.59202390766 0.60346248969 0.73722176422 0.58532563891 0.68816982687 0.71723000824 0.77648392415 0.64179719703 0.66312860676 0.61314921681 0.75123660346 0.70568837592 0.62891591096 0.89406430338 0.80863561417 0.54204451772 0.76607584501 0.78895300906 0.93384171475 0.95218466611 1.05626545754 0.92436108821 1.18528441879 0.95795548227 0.91446826051 1.13458367683 1.14045754328 1.37840065952 1.19363149216 1.16323165704 1.34892827699 1.42827699917 1.42982275350 1.37448474855 1.62767930750 1.41797197032 1.85057708161 2.03421269579 1.76360263808 2.10387469084 2.32326875515 3.03854080791 3.66642621599 5.58450123660             1 -2471.743814873 35.2429466989   -2 
 759 0.00019236760 0.00793516847 -487.82858216 0.25603929372 0.00008762203 0.43595552911 0.87334620133 0.76887400743 0.74215338728 0.69338875608 0.73846644893 0.68614092446 0.66356484840 0.64160727527 0.69873830537 0.67881874098 0.66234112246 0.62415672600 0.64383582126 0.68039084008 0.67578618248 0.62180251314 0.74288367143 0.76005790156 0.58305042028 0.70014044564 0.71457982257 0.77378264100 0.90915825004 0.91226173426 0.84504027173 1.06254816089 0.82927635845 0.86176360829 1.08270142130 0.99205241192 1.11131274247 1.02743232659 1.09745555332 1.11416908988 1.01488881933  1.2627840852 1.21872798800 1.29551833669 1.20276245545 1.39011249688 1.47232225556 1.41737862539 1.69142234344 1.95297959502 2.14988741646 2.68641672167 3.53232697293 4.51346011853 -308.3329385411 0.00009009928    0 
---- Best joint likelihood found -308.332938541118097 with gradient 0.00009

---- Results for /home/jejames/ArabidopsisCrossGenome/PolyDFE15/NetworkConnectivity15polcounts12_97.7208538587849_PolyDFE.input 
--  Model: C
--        eps_an     theta_bar             a 
-- 0.00019236760 0.00793516847            -1 
--           S_d             b           p_b           S_b 
-- -487.82858216 0.25603929372 0.00008762203 0.43595552911 
--           r 2           r 3           r 4           r 5           r 6           r 7           r 8           r 9          r 10          r 11          r 12          r 13          r 14          r 15          r 16          r 17          r 18          r 19          r 20          r 21          r 22          r 23          r 24          r 25          r 26          r 27          r 28          r 29          r 30          r 31          r 32          r 33          r 34          r 35          r 36          r 37          r 38          r 39          r 40          r 41          r 42          r 43          r 44          r 45          r 46          r 47          r 48          r 49 
-- 0.87334620133 0.76887400743 0.74215338728 0.69338875608 0.73846644893 0.68614092446 0.66356484840 0.64160727527 0.69873830537 0.67881874098 0.66234112246 0.62415672600 0.64383582126 0.68039084008 0.67578618248 0.62180251314 0.74288367143 0.76005790156 0.58305042028 0.70014044564 0.71457982257 0.77378264100 0.90915825004 0.91226173426 0.84504027173 1.06254816089 0.82927635845 0.86176360829 1.08270142130 0.99205241192 1.11131274247 1.02743232659 1.09745555332 1.11416908988 1.01488881933  1.2627840852 1.21872798800 1.29551833669 1.20276245545 1.39011249688 1.47232225556 1.41737862539 1.69142234344 1.95297959502 2.14988741646 2.68641672167 3.53232697293 4.51346011853 

---- Expected P_neut(i), 0 < i < n (neutral SFS per site) 
E[P_neut(1)] = 0.0079337826
E[P_neut(2)] = 0.0034645204
E[P_neut(3)] = 0.0020334110
E[P_neut(4)] = 0.0014720662
E[P_neut(5)] = 0.0011002859
E[P_neut(6)] = 0.0009765134
E[P_neut(7)] = 0.0007777070
E[P_neut(8)] = 0.0006581143
E[P_neut(9)] = 0.0005656387
E[P_neut(10)] = 0.0005543999
E[P_neut(11)] = 0.0004896421
E[P_neut(12)] = 0.0004379471
E[P_neut(13)] = 0.0003809626
E[P_neut(14)] = 0.0003648975
E[P_neut(15)] = 0.0003599137
E[P_neut(16)] = 0.0003351396
E[P_neut(17)] = 0.0002902333
E[P_neut(18)] = 0.0003274849
E[P_neut(19)] = 0.0003174187
E[P_neut(20)] = 0.0002313408
E[P_neut(21)] = 0.0002645532
E[P_neut(22)] = 0.0002577371
E[P_neut(23)] = 0.0002669694
E[P_neut(24)] = 0.0003005886
E[P_neut(25)] = 0.0002895580
E[P_neut(26)] = 0.0002579135
E[P_neut(27)] = 0.0003122690
E[P_neut(28)] = 0.0002350204
E[P_neut(29)] = 0.0002358069
E[P_neut(30)] = 0.0002863700
E[P_neut(31)] = 0.0002539510
E[P_neut(32)] = 0.0002755867
E[P_neut(33)] = 0.0002470643
E[P_neut(34)] = 0.0002561474
E[P_neut(35)] = 0.0002526241
E[P_neut(36)] = 0.0002237303
E[P_neut(37)] = 0.0002708429
E[P_neut(38)] = 0.0002545303
E[P_neut(39)] = 0.0002636372
E[P_neut(40)] = 0.0002386638
E[P_neut(41)] = 0.0002691004
E[P_neut(42)] = 0.0002782427
E[P_neut(43)] = 0.0002616607
E[P_neut(44)] = 0.0003051683
E[P_neut(45)] = 0.0003445282
E[P_neut(46)] = 0.0003710753
E[P_neut(47)] = 0.0004538608
E[P_neut(48)] = 0.0005845044
E[P_neut(49)] = 0.0007323056

---- Expected P_sel(i), 0 < i < n (selected SFS per site) 
E[P_sel(1)] = 0.0037104250
E[P_sel(2)] = 0.0012658634
E[P_sel(3)] = 0.0006556747
E[P_sel(4)] = 0.0004376913
E[P_sel(5)] = 0.0003082731
E[P_sel(6)] = 0.0002611259
E[P_sel(7)] = 0.0002001567
E[P_sel(8)] = 0.0001639837
E[P_sel(9)] = 0.0001370514
E[P_sel(10)] = 0.0001310612
E[P_sel(11)] = 0.0001132369
E[P_sel(12)] = 0.0000992948
E[P_sel(13)] = 0.0000848309
E[P_sel(14)] = 0.0000799210
E[P_sel(15)] = 0.0000776345
E[P_sel(16)] = 0.0000712727
E[P_sel(17)] = 0.0000609111
E[P_sel(18)] = 0.0000678820
E[P_sel(19)] = 0.0000650322
E[P_sel(20)] = 0.0000468770
E[P_sel(21)] = 0.0000530508
E[P_sel(22)] = 0.0000511744
E[P_sel(23)] = 0.0000525097
E[P_sel(24)] = 0.0000585925
E[P_sel(25)] = 0.0000559584
E[P_sel(26)] = 0.0000494336
E[P_sel(27)] = 0.0000593797
E[P_sel(28)] = 0.0000443516
E[P_sel(29)] = 0.0000441752
E[P_sel(30)] = 0.0000532694
E[P_sel(31)] = 0.0000469182
E[P_sel(32)] = 0.0000505807
E[P_sel(33)] = 0.0000450572
E[P_sel(34)] = 0.0000464260
E[P_sel(35)] = 0.0000455139
E[P_sel(36)] = 0.0000400748
E[P_sel(37)] = 0.0000482397
E[P_sel(38)] = 0.0000450865
E[P_sel(39)] = 0.0000464510
E[P_sel(40)] = 0.0000418339
E[P_sel(41)] = 0.0000469297
E[P_sel(42)] = 0.0000482860
E[P_sel(43)] = 0.0000451928
E[P_sel(44)] = 0.0000524619
E[P_sel(45)] = 0.0000589582
E[P_sel(46)] = 0.0000632263
E[P_sel(47)] = 0.0000770070
E[P_sel(48)] = 0.0000988000
E[P_sel(49)] = 0.0001235541

---- alpha_dfe = 0.000656

