---- Running command
---- ./polyDFE -d /home/jejames/ArabidopsisCrossGenome/PolyDFE15/NetworkConnectivity15polcounts6_17.8788343558282_PolyDFE.input -m C -i /home/jejames/ArabidopsisCrossGenome/model.txt 1 -e 
---- Performing inference using model C

---- Performing inference on /home/jejames/ArabidopsisCrossGenome/PolyDFE15/NetworkConnectivity15polcounts6_17.8788343558282_PolyDFE.input
----      with -i /home/jejames/ArabidopsisCrossGenome/model.txt 1
---- Data /home/jejames/ArabidopsisCrossGenome/PolyDFE15/NetworkConnectivity15polcounts6_17.8788343558282_PolyDFE.input does not contain divergence counts. Using option -w.
---- No mutation variability. Using Poisson likelihood.


---- Calculating initial values

-- Starting local optimization
-- Optimizing all parameters
  it        eps_an     theta_bar           S_d             b           p_b           S_b           r 2           r 3           r 4           r 5           r 6           r 7           r 8           r 9          r 10          r 11          r 12          r 13          r 14          r 15          r 16          r 17          r 18          r 19          r 20          r 21          r 22          r 23          r 24          r 25          r 26          r 27          r 28          r 29          r 30          r 31          r 32          r 33          r 34          r 35          r 36          r 37          r 38          r 39          r 40          r 41          r 42          r 43          r 44          r 45          r 46          r 47          r 48          r 49           ln lk          grad status 
   0           0.1 0.00966183084        -20000         0.208           0.1            20 0.87238735426 0.74361936771 0.68060077722 0.69110387564 0.60938976998 0.64257956097 0.62346392185 0.48209221720 0.62598466547 0.74866085495 0.68312152084 0.67450898014 0.82197248188 0.71683646675 0.74950110282 0.74635017330 0.73164583552 0.84413401953 0.70790883310 0.77859468543 0.64468018065 0.70055666421 0.64783111017 1.20785631761 1.07320659594 0.82239260581 1.03224451213 1.14830374960 1.23831530301 1.19493750656 1.22003991177 1.11605923747 1.19273185589 1.52557504463 1.47841613275 1.73322130028 1.26919441235 1.93341035605 2.03339985295 1.85169625039 2.28505409095 3.00787732381 2.50940027308 2.66568637748 2.80222665686 4.14662325385 6.13548996954             1 -2603.637009542 36.7801933594   -2 
 563 0.00155375109 0.00854463646 -297.93607025 0.26348577972 0.00007336210 0.42628466920 0.80827410726 0.75751910817 0.68888114375 0.71867035026 0.66964708207 0.63117230018 0.62197585706 0.59366658478 0.58944067692 0.70526992959 0.64812090227 0.69107343766 0.73174060455 0.68621904842 0.69290993830 0.77314484799 0.78136802390 0.64914420627 0.73488357561 0.70511802541 0.63622532886 0.67977212215 0.74732478199 0.86744967907 0.88044455306 0.69150038146 0.95557333690 1.02188611437 1.03069726534 0.99118340739 0.97773104209 0.97802143456 0.83910420983 1.18525328783 1.07583522168 1.42897479392 1.14138664933 1.45336725543 1.59728648732 1.61929886933 2.00827002786 2.17113799170 2.13286334528 2.11272161420 2.13683318712 2.96283868214 3.61575542816 4.24579915054 -317.0776664024 0.00024247698   -8 
-- Local optimization: reached maximum number of likelihood evaluations allowed.
---- Best joint likelihood found -317.077666402486216 with gradient 0.00024

---- Results for /home/jejames/ArabidopsisCrossGenome/PolyDFE15/NetworkConnectivity15polcounts6_17.8788343558282_PolyDFE.input 
--  Model: C
--        eps_an     theta_bar             a 
-- 0.00155375109 0.00854463646            -1 
--           S_d             b           p_b           S_b 
-- -297.93607025 0.26348577972 0.00007336210 0.42628466920 
--           r 2           r 3           r 4           r 5           r 6           r 7           r 8           r 9          r 10          r 11          r 12          r 13          r 14          r 15          r 16          r 17          r 18          r 19          r 20          r 21          r 22          r 23          r 24          r 25          r 26          r 27          r 28          r 29          r 30          r 31          r 32          r 33          r 34          r 35          r 36          r 37          r 38          r 39          r 40          r 41          r 42          r 43          r 44          r 45          r 46          r 47          r 48          r 49 
-- 0.80827410726 0.75751910817 0.68888114375 0.71867035026 0.66964708207 0.63117230018 0.62197585706 0.59366658478 0.58944067692 0.70526992959 0.64812090227 0.69107343766 0.73174060455 0.68621904842 0.69290993830 0.77314484799 0.78136802390 0.64914420627 0.73488357561 0.70511802541 0.63622532886 0.67977212215 0.74732478199 0.86744967907 0.88044455306 0.69150038146 0.95557333690 1.02188611437 1.03069726534 0.99118340739 0.97773104209 0.97802143456 0.83910420983 1.18525328783 1.07583522168 1.42897479392 1.14138664933 1.45336725543 1.59728648732 1.61929886933 2.00827002786 2.17113799170 2.13286334528 2.11272161420 2.13683318712 2.96283868214 3.61575542816 4.24579915054 

---- Expected P_neut(i), 0 < i < n (neutral SFS per site) 
E[P_neut(1)] = 0.0085325106
E[P_neut(2)] = 0.0034488389
E[P_neut(3)] = 0.0021550597
E[P_neut(4)] = 0.0014698900
E[P_neut(5)] = 0.0012268704
E[P_neut(6)] = 0.0009528103
E[P_neut(7)] = 0.0007699215
E[P_neut(8)] = 0.0006639223
E[P_neut(9)] = 0.0005632781
E[P_neut(10)] = 0.0005034032
E[P_neut(11)] = 0.0005474867
E[P_neut(12)] = 0.0004611782
E[P_neut(13)] = 0.0004540355
E[P_neut(14)] = 0.0004463069
E[P_neut(15)] = 0.0003907417
E[P_neut(16)] = 0.0003697942
E[P_neut(17)] = 0.0003883921
E[P_neut(18)] = 0.0003707463
E[P_neut(19)] = 0.0002919025
E[P_neut(20)] = 0.0003139340
E[P_neut(21)] = 0.0002869257
E[P_neut(22)] = 0.0002471743
E[P_neut(23)] = 0.0002524870
E[P_neut(24)] = 0.0002661036
E[P_neut(25)] = 0.0002964817
E[P_neut(26)] = 0.0002893130
E[P_neut(27)] = 0.0002188901
E[P_neut(28)] = 0.0002915390
E[P_neut(29)] = 0.0003010692
E[P_neut(30)] = 0.0002935961
E[P_neut(31)] = 0.0002732324
E[P_neut(32)] = 0.0002612443
E[P_neut(33)] = 0.0002534478
E[P_neut(34)] = 0.0002111250
E[P_neut(35)] = 0.0002895166
E[P_neut(36)] = 0.0002556477
E[P_neut(37)] = 0.0003301949
E[P_neut(38)] = 0.0002569692
E[P_neut(39)] = 0.0003187794
E[P_neut(40)] = 0.0003414582
E[P_neut(41)] = 0.0003378226
E[P_neut(42)] = 0.0004089673
E[P_neut(43)] = 0.0004319590
E[P_neut(44)] = 0.0004150323
E[P_neut(45)] = 0.0004024502
E[P_neut(46)] = 0.0003985928
E[P_neut(47)] = 0.0005411618
E[P_neut(48)] = 0.0006480178
E[P_neut(49)] = 0.0007525097

---- Expected P_sel(i), 0 < i < n (selected SFS per site) 
E[P_sel(1)] = 0.0043978990
E[P_sel(2)] = 0.0013970980
E[P_sel(3)] = 0.0007694013
E[P_sel(4)] = 0.0004831261
E[P_sel(5)] = 0.0003794528
E[P_sel(6)] = 0.0002809207
E[P_sel(7)] = 0.0002182519
E[P_sel(8)] = 0.0001820553
E[P_sel(9)] = 0.0001500866
E[P_sel(10)] = 0.0001307812
E[P_sel(11)] = 0.0001390683
E[P_sel(12)] = 0.0001147875
E[P_sel(13)] = 0.0001109307
E[P_sel(14)] = 0.0001072115
E[P_sel(15)] = 0.0000923993
E[P_sel(16)] = 0.0000861855
E[P_sel(17)] = 0.0000892969
E[P_sel(18)] = 0.0000841605
E[P_sel(19)] = 0.0000654714
E[P_sel(20)] = 0.0000696215
E[P_sel(21)] = 0.0000629537
E[P_sel(22)] = 0.0000536831
E[P_sel(23)] = 0.0000543102
E[P_sel(24)] = 0.0000567127
E[P_sel(25)] = 0.0000626317
E[P_sel(26)] = 0.0000606027
E[P_sel(27)] = 0.0000454811
E[P_sel(28)] = 0.0000601042
E[P_sel(29)] = 0.0000616051
E[P_sel(30)] = 0.0000596436
E[P_sel(31)] = 0.0000551204
E[P_sel(32)] = 0.0000523513
E[P_sel(33)] = 0.0000504605
E[P_sel(34)] = 0.0000417725
E[P_sel(35)] = 0.0000569270
E[P_sel(36)] = 0.0000499772
E[P_sel(37)] = 0.0000641714
E[P_sel(38)] = 0.0000496713
E[P_sel(39)] = 0.0000612839
E[P_sel(40)] = 0.0000652903
E[P_sel(41)] = 0.0000642723
E[P_sel(42)] = 0.0000774194
E[P_sel(43)] = 0.0000813877
E[P_sel(44)] = 0.0000778697
E[P_sel(45)] = 0.0000752321
E[P_sel(46)] = 0.0000742620
E[P_sel(47)] = 0.0001005027
E[P_sel(48)] = 0.0001203124
E[P_sel(49)] = 0.0001421465

---- alpha_dfe = 0.000502

