---- Running command
---- ./polyDFE -d RevisionsCapsellaPolyDFE10/GOTermCount3_3.43326039387309_PolyDFE.input -m C -i /home/jejames/ArabidopsisCrossGenome/model.txt 1 -e 
---- Performing inference using model C

---- Performing inference on RevisionsCapsellaPolyDFE10/GOTermCount3_3.43326039387309_PolyDFE.input
----      with -i /home/jejames/ArabidopsisCrossGenome/model.txt 1
---- Data RevisionsCapsellaPolyDFE10/GOTermCount3_3.43326039387309_PolyDFE.input does not contain divergence counts. Using option -w.
---- No mutation variability. Using Poisson likelihood.


---- Calculating initial values

-- Starting local optimization
-- Optimizing all parameters
  it        eps_an     theta_bar           S_d             b           p_b           S_b           r 2           r 3           r 4           r 5           r 6           r 7           r 8           r 9          r 10          r 11          r 12          r 13          r 14          r 15          r 16          r 17          r 18          r 19          r 20          r 21          r 22          r 23          r 24          r 25          r 26          r 27          r 28          r 29          r 30          r 31          r 32          r 33          r 34          r 35          r 36          r 37          r 38          r 39          r 40          r 41          r 42          r 43          r 44          r 45          r 46          r 47          r 48          r 49           ln lk          grad status 
   0           0.1 0.01546578470        -80000         0.208           0.1            20 0.88543788187 0.89842158859 0.87270875763 0.94492532247 0.98497963340 0.75975899524 0.95689069925 0.97874236252 0.86600475220 0.76964528173 0.87780040733 0.80091649694 0.91598778004 0.89485743380 0.88662593346 0.82518669382 0.92260692464 0.80295315682 0.78496266123 0.93469959266 0.89613034623 0.69386456211 0.75458248472 0.86982348947 0.73803462321 0.73205193482 1.04548540393 0.98561608961 0.92286150712 0.84708078750 1.07535641547 1.08655804480 1.14545145960 1.09003733876 1.15784114052 1.17430414120 1.02545824847 1.25929226069 1.44093686354 1.57785980991 1.58783095723 1.71868635437 1.98082145281 2.30269857433 2.41632722335 3.19475560081 4.37067209775             1 -5623.434006772 86.6416636304   -2 
 974 0.00028435136 0.01367720927 -548.91180356 0.30531437967 0.00908906260 7.35149447678 0.90988287081 0.90045388741 0.88816123554 0.87891510744 0.94204451830 0.80841018694 0.91848663001 0.92501269627 0.86636498892 0.78121239932 0.79355670081 0.80226869209 0.82184923208 0.86995103889 0.83493857850 0.81291010860 0.89315361722 0.78570904094 0.69129420450 0.79017024017 0.78588481279 0.68861974829 0.72611737390 0.74693459897 0.66562904446 0.71124086254 0.89970073009 0.74660832560 0.82867720335 0.74284695074 0.86344119914 0.95962736250 0.99691101617 0.89684528990 0.91395353417 0.98154329856 0.70067052838 1.02323521746 0.92795394192 1.12750916125 1.04612653450 1.23380639644 1.17669206143 1.34939197068 1.45239667044 1.69085538492 2.01375422120 2.87705689757 -340.7997180663 0.00149052760   -8 
-- Local optimization: reached maximum number of likelihood evaluations allowed.
---- Best joint likelihood found -340.799718066302148 with gradient 0.00149

---- Results for RevisionsCapsellaPolyDFE10/GOTermCount3_3.43326039387309_PolyDFE.input 
--  Model: C
--        eps_an     theta_bar             a 
-- 0.00028435136 0.01367720927            -1 
--           S_d             b           p_b           S_b 
-- -548.91180356 0.30531437967 0.00908906260 7.35149447678 
--           r 2           r 3           r 4           r 5           r 6           r 7           r 8           r 9          r 10          r 11          r 12          r 13          r 14          r 15          r 16          r 17          r 18          r 19          r 20          r 21          r 22          r 23          r 24          r 25          r 26          r 27          r 28          r 29          r 30          r 31          r 32          r 33          r 34          r 35          r 36          r 37          r 38          r 39          r 40          r 41          r 42          r 43          r 44          r 45          r 46          r 47          r 48          r 49 
-- 0.90988287081 0.90045388741 0.88816123554 0.87891510744 0.94204451830 0.80841018694 0.91848663001 0.92501269627 0.86636498892 0.78121239932 0.79355670081 0.80226869209 0.82184923208 0.86995103889 0.83493857850 0.81291010860 0.89315361722 0.78570904094 0.69129420450 0.79017024017 0.78588481279 0.68861974829 0.72611737390 0.74693459897 0.66562904446 0.71124086254 0.89970073009 0.74660832560 0.82867720335 0.74284695074 0.86344119914 0.95962736250 0.99691101617 0.89684528990 0.91395353417 0.98154329856 0.70067052838 1.02323521746 0.92795394192 1.12750916125 1.04612653450 1.23380639644 1.17669206143 1.34939197068 1.45239667044 1.69085538492 2.01375422120 2.87705689757 

---- Expected P_neut(i), 0 < i < n (neutral SFS per site) 
E[P_neut(1)] = 0.0136735485
E[P_neut(2)] = 0.0062207231
E[P_neut(3)] = 0.0041042047
E[P_neut(4)] = 0.0030361510
E[P_neut(5)] = 0.0024036541
E[P_neut(6)] = 0.0021469167
E[P_neut(7)] = 0.0015792046
E[P_neut(8)] = 0.0015699421
E[P_neut(9)] = 0.0014054397
E[P_neut(10)] = 0.0011846988
E[P_neut(11)] = 0.0009711718
E[P_neut(12)] = 0.0009042846
E[P_neut(13)] = 0.0008439245
E[P_neut(14)] = 0.0008027707
E[P_neut(15)] = 0.0007931076
E[P_neut(16)] = 0.0007136379
E[P_neut(17)] = 0.0006539472
E[P_neut(18)] = 0.0006785702
E[P_neut(19)] = 0.0005655275
E[P_neut(20)] = 0.0004727218
E[P_neut(21)] = 0.0005145883
E[P_neut(22)] = 0.0004885638
E[P_neut(23)] = 0.0004094815
E[P_neut(24)] = 0.0004137844
E[P_neut(25)] = 0.0004086392
E[P_neut(26)] = 0.0003501699
E[P_neut(27)] = 0.0003603025
E[P_neut(28)] = 0.0004394924
E[P_neut(29)] = 0.0003521675
E[P_neut(30)] = 0.0003778267
E[P_neut(31)] = 0.0003278119
E[P_neut(32)] = 0.0003691339
E[P_neut(33)] = 0.0003978009
E[P_neut(34)] = 0.0004011172
E[P_neut(35)] = 0.0003505928
E[P_neut(36)] = 0.0003473611
E[P_neut(37)] = 0.0003629685
E[P_neut(38)] = 0.0002523754
E[P_neut(39)] = 0.0003590204
E[P_neut(40)] = 0.0003175422
E[P_neut(41)] = 0.0003764191
E[P_neut(42)] = 0.0003410185
E[P_neut(43)] = 0.0003927801
E[P_neut(44)] = 0.0003662762
E[P_neut(45)] = 0.0004106985
E[P_neut(46)] = 0.0004325828
E[P_neut(47)] = 0.0004930739
E[P_neut(48)] = 0.0005754090
E[P_neut(49)] = 0.0008067242

---- Expected P_sel(i), 0 < i < n (selected SFS per site) 
E[P_sel(1)] = 0.0057343389
E[P_sel(2)] = 0.0019519395
E[P_sel(3)] = 0.0011134232
E[P_sel(4)] = 0.0007502027
E[P_sel(5)] = 0.0005549802
E[P_sel(6)] = 0.0004702362
E[P_sel(7)] = 0.0003313767
E[P_sel(8)] = 0.0003178159
E[P_sel(9)] = 0.0002759003
E[P_sel(10)] = 0.0002264256
E[P_sel(11)] = 0.0001812854
E[P_sel(12)] = 0.0001652892
E[P_sel(13)] = 0.0001513705
E[P_sel(14)] = 0.0001415527
E[P_sel(15)] = 0.0001376970
E[P_sel(16)] = 0.0001221587
E[P_sel(17)] = 0.0001105006
E[P_sel(18)] = 0.0001133072
E[P_sel(19)] = 0.0000934060
E[P_sel(20)] = 0.0000772975
E[P_sel(21)] = 0.0000833705
E[P_sel(22)] = 0.0000784857
E[P_sel(23)] = 0.0000652722
E[P_sel(24)] = 0.0000654911
E[P_sel(25)] = 0.0000642599
E[P_sel(26)] = 0.0000547443
E[P_sel(27)] = 0.0000560336
E[P_sel(28)] = 0.0000680317
E[P_sel(29)] = 0.0000542933
E[P_sel(30)] = 0.0000580470
E[P_sel(31)] = 0.0000502192
E[P_sel(32)] = 0.0000564225
E[P_sel(33)] = 0.0000607059
E[P_sel(34)] = 0.0000611545
E[P_sel(35)] = 0.0000534399
E[P_sel(36)] = 0.0000529751
E[P_sel(37)] = 0.0000554295
E[P_sel(38)] = 0.0000386293
E[P_sel(39)] = 0.0000551268
E[P_sel(40)] = 0.0000489716
E[P_sel(41)] = 0.0000583739
E[P_sel(42)] = 0.0000532559
E[P_sel(43)] = 0.0000618623
E[P_sel(44)] = 0.0000583029
E[P_sel(45)] = 0.0000662060
E[P_sel(46)] = 0.0000708235
E[P_sel(47)] = 0.0000822772
E[P_sel(48)] = 0.0000983766
E[P_sel(49)] = 0.0001430362

---- alpha_dfe = 0.365590

