---- Running command
---- ./polyDFE -d RevisionsCapsellaPolyDFE10/GOTermCount8_8.37892095357591_PolyDFE.input -m C -i /home/jejames/ArabidopsisCrossGenome/model.txt 1 -e 
---- Performing inference using model C

---- Performing inference on RevisionsCapsellaPolyDFE10/GOTermCount8_8.37892095357591_PolyDFE.input
----      with -i /home/jejames/ArabidopsisCrossGenome/model.txt 1
---- Data RevisionsCapsellaPolyDFE10/GOTermCount8_8.37892095357591_PolyDFE.input does not contain divergence counts. Using option -w.
---- No mutation variability. Using Poisson likelihood.


---- Calculating initial values

-- Starting local optimization
-- Optimizing all parameters
  it        eps_an     theta_bar           S_d             b           p_b           S_b           r 2           r 3           r 4           r 5           r 6           r 7           r 8           r 9          r 10          r 11          r 12          r 13          r 14          r 15          r 16          r 17          r 18          r 19          r 20          r 21          r 22          r 23          r 24          r 25          r 26          r 27          r 28          r 29          r 30          r 31          r 32          r 33          r 34          r 35          r 36          r 37          r 38          r 39          r 40          r 41          r 42          r 43          r 44          r 45          r 46          r 47          r 48          r 49           ln lk          grad status 
   0           0.1 0.01639934337        -20000         0.406           0.1            20 0.93431992018 0.81908879281 0.94080478882 0.83284835384 0.88717991353 0.89129531094 0.88327236448 0.81297805121 0.75906218822 0.79884436315 0.84103757898 0.91328566677 0.77169936814 0.93531759228 0.83072830063 0.70597771865 0.66968739607 0.77402726970 0.76737612238 0.90351679414 0.76454938476 0.73333056202 0.78417026937 0.68589956767 0.81493182573 0.83392916528 0.84270036581 0.71728466910 0.88169271699 0.85051546391 0.81809112071 0.92047721982 0.84943465247 1.01845693382 1.21815763219 1.12279680744 1.22264715663 1.36668606584 1.25374127036 1.42654639175 1.64815430661 1.94300798137 2.07233122713 2.51226305287 2.52793481875 3.26671100764 4.67309610907             1 -5762.157126709 79.9436241998   -2 
 414 0.00866882553 0.01487906489 -1229.6029051 0.31575198042 0.00006788086 0.42058279494 0.89313089722 0.83451936753 0.89887133216 0.81358476235 0.83256274274 0.78902245840 0.84255581699 0.78490012463 0.73402657339 0.72630250678 0.79369109730 0.81971284905 0.73884996292 0.83399834958 0.74933040415 0.67827670634 0.72643842395 0.71770994041 0.72319655121 0.82143997135 0.74074018712 0.65420328219 0.71547941608 0.67777796488 0.74644626196 0.76388049601 0.73531550159 0.65716679264 0.80680423274 0.74666774284 0.68005481691 0.72039487113 0.70581200591 0.72552454615 0.91894069541 0.80611041463 0.93818380955 0.91401452974 0.90319194940 0.96526692253 0.97286575740 1.26712003935 1.21646151578 1.47481467992 1.29689143130 1.74691080093 2.14868993278 2.65205979415 -337.5237788344 0.00004728040    0 
---- Best joint likelihood found -337.523778834420057 with gradient 0.00005

---- Results for RevisionsCapsellaPolyDFE10/GOTermCount8_8.37892095357591_PolyDFE.input 
--  Model: C
--        eps_an     theta_bar             a 
-- 0.00866882553 0.01487906489            -1 
--           S_d             b           p_b           S_b 
-- -1229.6029051 0.31575198042 0.00006788086 0.42058279494 
--           r 2           r 3           r 4           r 5           r 6           r 7           r 8           r 9          r 10          r 11          r 12          r 13          r 14          r 15          r 16          r 17          r 18          r 19          r 20          r 21          r 22          r 23          r 24          r 25          r 26          r 27          r 28          r 29          r 30          r 31          r 32          r 33          r 34          r 35          r 36          r 37          r 38          r 39          r 40          r 41          r 42          r 43          r 44          r 45          r 46          r 47          r 48          r 49 
-- 0.89313089722 0.83451936753 0.89887133216 0.81358476235 0.83256274274 0.78902245840 0.84255581699 0.78490012463 0.73402657339 0.72630250678 0.79369109730 0.81971284905 0.73884996292 0.83399834958 0.74933040415 0.67827670634 0.72643842395 0.71770994041 0.72319655121 0.82143997135 0.74074018712 0.65420328219 0.71547941608 0.67777796488 0.74644626196 0.76388049601 0.73531550159 0.65716679264 0.80680423274 0.74666774284 0.68005481691 0.72039487113 0.70581200591 0.72552454615 0.91894069541 0.80611041463 0.93818380955 0.91401452974 0.90319194940 0.96526692253 0.97286575740 1.26712003935 1.21646151578 1.47481467992 1.29689143130 1.74691080093 2.14868993278 2.65205979415 

---- Expected P_neut(i), 0 < i < n (neutral SFS per site) 
E[P_neut(1)] = 0.0147570620
E[P_neut(2)] = 0.0065926504
E[P_neut(3)] = 0.0041078702
E[P_neut(4)] = 0.0033182427
E[P_neut(5)] = 0.0024043155
E[P_neut(6)] = 0.0020502940
E[P_neut(7)] = 0.0016663930
E[P_neut(8)] = 0.0015564585
E[P_neut(9)] = 0.0012894078
E[P_neut(10)] = 0.0010856076
E[P_neut(11)] = 0.0009769339
E[P_neut(12)] = 0.0009787685
E[P_neut(13)] = 0.0009328741
E[P_neut(14)] = 0.0007817279
E[P_neut(15)] = 0.0008227766
E[P_neut(16)] = 0.0006934704
E[P_neut(17)] = 0.0005913238
E[P_neut(18)] = 0.0005980203
E[P_neut(19)] = 0.0005602793
E[P_neut(20)] = 0.0005368292
E[P_neut(21)] = 0.0005798898
E[P_neut(22)] = 0.0005000226
E[P_neut(23)] = 0.0004231949
E[P_neut(24)] = 0.0004434272
E[P_neut(25)] = 0.0004033881
E[P_neut(26)] = 0.0004273123
E[P_neut(27)] = 0.0004209761
E[P_neut(28)] = 0.0003916987
E[P_neut(29)] = 0.0003392958
E[P_neut(30)] = 0.0004013450
E[P_neut(31)] = 0.0003601435
E[P_neut(32)] = 0.0003186700
E[P_neut(33)] = 0.0003271427
E[P_neut(34)] = 0.0003122403
E[P_neut(35)] = 0.0003129299
E[P_neut(36)] = 0.0003833196
E[P_neut(37)] = 0.0003294897
E[P_neut(38)] = 0.0003726966
E[P_neut(39)] = 0.0003542034
E[P_neut(40)] = 0.0003425216
E[P_neut(41)] = 0.0003585114
E[P_neut(42)] = 0.0003552476
E[P_neut(43)] = 0.0004491928
E[P_neut(44)] = 0.0004256912
E[P_neut(45)] = 0.0005044020
E[P_neut(46)] = 0.0004448383
E[P_neut(47)] = 0.0005841155
E[P_neut(48)] = 0.0007178779
E[P_neut(49)] = 0.0009273125

---- Expected P_sel(i), 0 < i < n (selected SFS per site) 
E[P_sel(1)] = 0.0047750477
E[P_sel(2)] = 0.0015333672
E[P_sel(3)] = 0.0008143903
E[P_sel(4)] = 0.0005939809
E[P_sel(5)] = 0.0003993921
E[P_sel(6)] = 0.0003213275
E[P_sel(7)] = 0.0002489595
E[P_sel(8)] = 0.0002234014
E[P_sel(9)] = 0.0001787278
E[P_sel(10)] = 0.0001459416
E[P_sel(11)] = 0.0001277956
E[P_sel(12)] = 0.0001249339
E[P_sel(13)] = 0.0001164612
E[P_sel(14)] = 0.0000955955
E[P_sel(15)] = 0.0000987601
E[P_sel(16)] = 0.0000817892
E[P_sel(17)] = 0.0000686064
E[P_sel(18)] = 0.0000683370
E[P_sel(19)] = 0.0000631071
E[P_sel(20)] = 0.0000596505
E[P_sel(21)] = 0.0000636268
E[P_sel(22)] = 0.0000541972
E[P_sel(23)] = 0.0000453424
E[P_sel(24)] = 0.0000469947
E[P_sel(25)] = 0.0000423077
E[P_sel(26)] = 0.0000443724
E[P_sel(27)] = 0.0000432984
E[P_sel(28)] = 0.0000399254
E[P_sel(29)] = 0.0000342937
E[P_sel(30)] = 0.0000402138
E[P_sel(31)] = 0.0000358036
E[P_sel(32)] = 0.0000314499
E[P_sel(33)] = 0.0000320443
E[P_sel(34)] = 0.0000303906
E[P_sel(35)] = 0.0000302787
E[P_sel(36)] = 0.0000367998
E[P_sel(37)] = 0.0000315013
E[P_sel(38)] = 0.0000354036
E[P_sel(39)] = 0.0000334743
E[P_sel(40)] = 0.0000322516
E[P_sel(41)] = 0.0000336590
E[P_sel(42)] = 0.0000333407
E[P_sel(43)] = 0.0000418706
E[P_sel(44)] = 0.0000398353
E[P_sel(45)] = 0.0000471361
E[P_sel(46)] = 0.0000425311
E[P_sel(47)] = 0.0000560786
E[P_sel(48)] = 0.0000720597
E[P_sel(49)] = 0.0001123031

---- alpha_dfe = 0.000961

