---- Running command
---- ./polyDFE -d RevisionsCapsellaPolyDFE10/GOTermCount4_4.13950762016413_PolyDFE.input -m C -i /home/jejames/ArabidopsisCrossGenome/model.txt 1 -e 
---- Performing inference using model C

---- Performing inference on RevisionsCapsellaPolyDFE10/GOTermCount4_4.13950762016413_PolyDFE.input
----      with -i /home/jejames/ArabidopsisCrossGenome/model.txt 1
---- Data RevisionsCapsellaPolyDFE10/GOTermCount4_4.13950762016413_PolyDFE.input does not contain divergence counts. Using option -w.
---- No mutation variability. Using Poisson likelihood.


---- Calculating initial values

-- Starting local optimization
-- Optimizing all parameters
  it        eps_an     theta_bar           S_d             b           p_b           S_b           r 2           r 3           r 4           r 5           r 6           r 7           r 8           r 9          r 10          r 11          r 12          r 13          r 14          r 15          r 16          r 17          r 18          r 19          r 20          r 21          r 22          r 23          r 24          r 25          r 26          r 27          r 28          r 29          r 30          r 31          r 32          r 33          r 34          r 35          r 36          r 37          r 38          r 39          r 40          r 41          r 42          r 43          r 44          r 45          r 46          r 47          r 48          r 49           ln lk          grad status 
   0           0.1 0.01632086253        -20000         0.406           0.1            20 0.88039825762 0.82476664592 0.86621032980 0.90085044596 0.83036714374 0.91358639286 0.80979049989 0.92445550715 0.89151628292 0.84422319020 0.85276913503 0.79439950217 0.75677245384 0.75420037336 0.72682016179 0.95420037336 0.85500933416 0.77481850238 0.74092511926 0.81369010578 0.81593030491 0.87591785936 0.82041070317 0.76747562746 0.75071561916 0.74150591163 0.88977390582 0.87342874922 1.04169259489 0.98639286455 0.93590541381 1.22800248911 1.03671437461 1.08608172578 1.26496577473 1.06986102468 1.22489110143 1.31051649035 1.56150176311 1.70769549885 1.74237710018 1.84451358639 1.79614187927 2.17859365276 2.32814768720 3.04754200373 4.41866832607             1 -5621.152075124 56.7051288397   -2 
 468 0.00088613414 0.01439826473 -779.26440040 0.29820173541 0.00570889103 13.2794838383 0.88663294450 0.85847091640 0.88632356841 0.87496204991 0.84514168689 0.88677609430 0.82684667301 0.88420196371 0.86817725720 0.85101043110 0.83244329115 0.74941146111 0.71387183220 0.72326236326 0.72594189431 0.82510401494 0.73566280376 0.69376090940 0.71960581668 0.75369144609 0.70140376200 0.82041110237 0.69798769477 0.71729060963 0.59690937876 0.69646891432 0.78915578043 0.75763788447 0.82007556245 0.84124654403 0.79414172831 0.92783526933 0.86075152228 0.83679699057 1.03827645967 0.93608932317 0.89769640940 1.07539394453 1.20374184583 1.32631772870 1.22719096678 1.22060357551 1.32306303642 1.21928369075 1.38996742317 1.74872010224 1.94834214584 2.86678976357 -341.9916652627 0.00209484872   -8 
-- Local optimization: reached maximum number of likelihood evaluations allowed.
---- Best joint likelihood found -341.991665262714491 with gradient 0.00209

---- Results for RevisionsCapsellaPolyDFE10/GOTermCount4_4.13950762016413_PolyDFE.input 
--  Model: C
--        eps_an     theta_bar             a 
-- 0.00088613414 0.01439826473            -1 
--           S_d             b           p_b           S_b 
-- -779.26440040 0.29820173541 0.00570889103 13.2794838383 
--           r 2           r 3           r 4           r 5           r 6           r 7           r 8           r 9          r 10          r 11          r 12          r 13          r 14          r 15          r 16          r 17          r 18          r 19          r 20          r 21          r 22          r 23          r 24          r 25          r 26          r 27          r 28          r 29          r 30          r 31          r 32          r 33          r 34          r 35          r 36          r 37          r 38          r 39          r 40          r 41          r 42          r 43          r 44          r 45          r 46          r 47          r 48          r 49 
-- 0.88663294450 0.85847091640 0.88632356841 0.87496204991 0.84514168689 0.88677609430 0.82684667301 0.88420196371 0.86817725720 0.85101043110 0.83244329115 0.74941146111 0.71387183220 0.72326236326 0.72594189431 0.82510401494 0.73566280376 0.69376090940 0.71960581668 0.75369144609 0.70140376200 0.82041110237 0.69798769477 0.71729060963 0.59690937876 0.69646891432 0.78915578043 0.75763788447 0.82007556245 0.84124654403 0.79414172831 0.92783526933 0.86075152228 0.83679699057 1.03827645967 0.93608932317 0.89769640940 1.07539394453 1.20374184583 1.32631772870 1.22719096678 1.22060357551 1.32306303642 1.21928369075 1.38996742317 1.74872010224 1.94834214584 2.86678976357 

---- Expected P_neut(i), 0 < i < n (neutral SFS per site) 
E[P_neut(1)] = 0.0143862524
E[P_neut(2)] = 0.0063778496
E[P_neut(3)] = 0.0041169875
E[P_neut(4)] = 0.0031879388
E[P_neut(5)] = 0.0025177001
E[P_neut(6)] = 0.0020266821
E[P_neut(7)] = 0.0018227511
E[P_neut(8)] = 0.0014871988
E[P_neut(9)] = 0.0014137119
E[P_neut(10)] = 0.0012493009
E[P_neut(11)] = 0.0011132805
E[P_neut(12)] = 0.0009982279
E[P_neut(13)] = 0.0008296046
E[P_neut(14)] = 0.0007338971
E[P_neut(15)] = 0.0006939380
E[P_neut(16)] = 0.0006530131
E[P_neut(17)] = 0.0006985669
E[P_neut(18)] = 0.0005882545
E[P_neut(19)] = 0.0005256147
E[P_neut(20)] = 0.0005179435
E[P_neut(21)] = 0.0005166301
E[P_neut(22)] = 0.0004589981
E[P_neut(23)] = 0.0005134608
E[P_neut(24)] = 0.0004186640
E[P_neut(25)] = 0.0004131096
E[P_neut(26)] = 0.0003306343
E[P_neut(27)] = 0.0003715313
E[P_neut(28)] = 0.0004058498
E[P_neut(29)] = 0.0003762856
E[P_neut(30)] = 0.0003936991
E[P_neut(31)] = 0.0003908451
E[P_neut(32)] = 0.0003575255
E[P_neut(33)] = 0.0004050853
E[P_neut(34)] = 0.0003647655
E[P_neut(35)] = 0.0003445509
E[P_neut(36)] = 0.0004155431
E[P_neut(37)] = 0.0003646847
E[P_neut(38)] = 0.0003407224
E[P_neut(39)] = 0.0003976560
E[P_neut(40)] = 0.0004340186
E[P_neut(41)] = 0.0004666133
E[P_neut(42)] = 0.0004216464
E[P_neut(43)] = 0.0004099652
E[P_neut(44)] = 0.0004343638
E[P_neut(45)] = 0.0003920108
E[P_neut(46)] = 0.0004375094
E[P_neut(47)] = 0.0005388898
E[P_neut(48)] = 0.0005895705
E[P_neut(49)] = 0.0008543960

---- Expected P_sel(i), 0 < i < n (selected SFS per site) 
E[P_sel(1)] = 0.0055531598
E[P_sel(2)] = 0.0018333380
E[P_sel(3)] = 0.0010236952
E[P_sel(4)] = 0.0007223949
E[P_sel(5)] = 0.0005333143
E[P_sel(6)] = 0.0004073344
E[P_sel(7)] = 0.0003510134
E[P_sel(8)] = 0.0002762968
E[P_sel(9)] = 0.0002546782
E[P_sel(10)] = 0.0002190930
E[P_sel(11)] = 0.0001906560
E[P_sel(12)] = 0.0001673645
E[P_sel(13)] = 0.0001364584
E[P_sel(14)] = 0.0001186404
E[P_sel(15)] = 0.0001104235
E[P_sel(16)] = 0.0001024182
E[P_sel(17)] = 0.0001081157
E[P_sel(18)] = 0.0000899342
E[P_sel(19)] = 0.0000794532
E[P_sel(20)] = 0.0000774794
E[P_sel(21)] = 0.0000765397
E[P_sel(22)] = 0.0000673960
E[P_sel(23)] = 0.0000747738
E[P_sel(24)] = 0.0000605070
E[P_sel(25)] = 0.0000592888
E[P_sel(26)] = 0.0000471504
E[P_sel(27)] = 0.0000526768
E[P_sel(28)] = 0.0000572431
E[P_sel(29)] = 0.0000528285
E[P_sel(30)] = 0.0000550500
E[P_sel(31)] = 0.0000544631
E[P_sel(32)] = 0.0000496811
E[P_sel(33)] = 0.0000561686
E[P_sel(34)] = 0.0000505040
E[P_sel(35)] = 0.0000476722
E[P_sel(36)] = 0.0000574982
E[P_sel(37)] = 0.0000505155
E[P_sel(38)] = 0.0000472973
E[P_sel(39)] = 0.0000553748
E[P_sel(40)] = 0.0000607121
E[P_sel(41)] = 0.0000656705
E[P_sel(42)] = 0.0000598207
E[P_sel(43)] = 0.0000587745
E[P_sel(44)] = 0.0000630914
E[P_sel(45)] = 0.0000579321
E[P_sel(46)] = 0.0000660929
E[P_sel(47)] = 0.0000838200
E[P_sel(48)] = 0.0000958871
E[P_sel(49)] = 0.0001519002

---- alpha_dfe = 0.405377

