---- Running command
---- ./polyDFE -d RevisionsCapsellaPolyDFE10/GOTermCount5_5_PolyDFE.input -m C -i /home/jejames/ArabidopsisCrossGenome/model.txt 1 -e 
---- Performing inference using model C

---- Performing inference on RevisionsCapsellaPolyDFE10/GOTermCount5_5_PolyDFE.input
----      with -i /home/jejames/ArabidopsisCrossGenome/model.txt 1
---- Data RevisionsCapsellaPolyDFE10/GOTermCount5_5_PolyDFE.input does not contain divergence counts. Using option -w.
---- No mutation variability. Using Poisson likelihood.


---- Calculating initial values

-- Starting local optimization
-- Optimizing all parameters
  it        eps_an     theta_bar           S_d             b           p_b           S_b           r 2           r 3           r 4           r 5           r 6           r 7           r 8           r 9          r 10          r 11          r 12          r 13          r 14          r 15          r 16          r 17          r 18          r 19          r 20          r 21          r 22          r 23          r 24          r 25          r 26          r 27          r 28          r 29          r 30          r 31          r 32          r 33          r 34          r 35          r 36          r 37          r 38          r 39          r 40          r 41          r 42          r 43          r 44          r 45          r 46          r 47          r 48          r 49           ln lk          grad status 
   0           0.1 0.01615489736        -20000         0.406           0.1            20 0.95028053517 0.91657315494 0.83970651704 0.95511437203 0.85714285714 0.83987915407 0.89771255934 0.85882606819 0.87095381959 0.92671558049 0.82762192490 0.92071644367 0.86283987915 0.85261113508 0.89909365558 0.77186016400 0.85222270176 0.82166594734 0.79154078549 0.68429003021 0.68364264134 0.91027190332 0.98921018558 0.91713422529 0.93698748381 1.04061286145 0.96676737160 0.99503668536 0.84548985757 1.04091497626 1.15045317220 1.06534311609 1.22969356927 1.22809667673 1.19948208890 1.10025895554 1.41372464393 1.69667673716 1.38454898575 1.52002589555 1.66767371601 1.74449719464 2.18385843763 2.31894691411 2.57298230470 3.47073802330 4.72542080276             1 -5864.926051838 67.7666241596   -2 
 947 0.00709374981 0.01464129286 -843.95628323 0.30722372854 0.00002380000 0.11697891973 0.90278307250 0.86836747145 0.85303354838 0.90650477316 0.84579156692 0.82347522252 0.85561878785 0.85254669499 0.84485927706 0.87019920650 0.84139399472 0.87405321226 0.80899280992 0.83332610733 0.84466705556 0.71862502171 0.81709283670 0.72829746267 0.73652148042 0.59994259652 0.57722239480 0.78242320590 0.82562664127 0.82516080194 0.78911712497 0.83580773430 0.80743380926 0.91898503179 0.70019851988 0.82781150073 0.94482960355 0.86779082923 0.99814515543 1.01999990021 0.95807740349 0.80237897377 1.05124656401 1.25028073915 0.95003388854 1.08888065498 1.11312610030 1.08161715727 1.47788710189 1.30812424869 1.39665068304 1.82034331216 2.05963519730 2.61393092174 -326.7094708842 0.00008636803    0 
---- Best joint likelihood found -326.709470884299549 with gradient 0.00009

---- Results for RevisionsCapsellaPolyDFE10/GOTermCount5_5_PolyDFE.input 
--  Model: C
--        eps_an     theta_bar             a 
-- 0.00709374981 0.01464129286            -1 
--           S_d             b           p_b           S_b 
-- -843.95628323 0.30722372854 0.00002380000 0.11697891973 
--           r 2           r 3           r 4           r 5           r 6           r 7           r 8           r 9          r 10          r 11          r 12          r 13          r 14          r 15          r 16          r 17          r 18          r 19          r 20          r 21          r 22          r 23          r 24          r 25          r 26          r 27          r 28          r 29          r 30          r 31          r 32          r 33          r 34          r 35          r 36          r 37          r 38          r 39          r 40          r 41          r 42          r 43          r 44          r 45          r 46          r 47          r 48          r 49 
-- 0.90278307250 0.86836747145 0.85303354838 0.90650477316 0.84579156692 0.82347522252 0.85561878785 0.85254669499 0.84485927706 0.87019920650 0.84139399472 0.87405321226 0.80899280992 0.83332610733 0.84466705556 0.71862502171 0.81709283670 0.72829746267 0.73652148042 0.59994259652 0.57722239480 0.78242320590 0.82562664127 0.82516080194 0.78911712497 0.83580773430 0.80743380926 0.91898503179 0.70019851988 0.82781150073 0.94482960355 0.86779082923 0.99814515543 1.01999990021 0.95807740349 0.80237897377 1.05124656401 1.25028073915 0.95003388854 1.08888065498 1.11312610030 1.08161715727 1.47788710189 1.30812424869 1.39665068304 1.82034331216 2.05963519730 2.61393092174 

---- Expected P_neut(i), 0 < i < n (neutral SFS per site) 
E[P_neut(1)] = 0.0145429717
E[P_neut(2)] = 0.0065665300
E[P_neut(3)] = 0.0042119668
E[P_neut(4)] = 0.0031033826
E[P_neut(5)] = 0.0026386694
E[P_neut(6)] = 0.0020527613
E[P_neut(7)] = 0.0017127860
E[P_neut(8)] = 0.0015575651
E[P_neut(9)] = 0.0013798516
E[P_neut(10)] = 0.0012306752
E[P_neut(11)] = 0.0011533716
E[P_neut(12)] = 0.0010221822
E[P_neut(13)] = 0.0009796745
E[P_neut(14)] = 0.0008428125
E[P_neut(15)] = 0.0008106549
E[P_neut(16)] = 0.0007705047
E[P_neut(17)] = 0.0006172584
E[P_neut(18)] = 0.0006629794
E[P_neut(19)] = 0.0005600142
E[P_neut(20)] = 0.0005377806
E[P_neut(21)] = 0.0004186067
E[P_neut(22)] = 0.0003844192
E[P_neut(23)] = 0.0004977553
E[P_neut(24)] = 0.0005032560
E[P_neut(25)] = 0.0004832568
E[P_neut(26)] = 0.0004447936
E[P_neut(27)] = 0.0004535516
E[P_neut(28)] = 0.0004219398
E[P_neut(29)] = 0.0004636459
E[P_neut(30)] = 0.0003431277
E[P_neut(31)] = 0.0003921829
E[P_neut(32)] = 0.0004339458
E[P_neut(33)] = 0.0003866768
E[P_neut(34)] = 0.0004322615
E[P_neut(35)] = 0.0004294323
E[P_neut(36)] = 0.0003928901
E[P_neut(37)] = 0.0003222407
E[P_neut(38)] = 0.0004094515
E[P_neut(39)] = 0.0004742643
E[P_neut(40)] = 0.0003540512
E[P_neut(41)] = 0.0003959246
E[P_neut(42)] = 0.0003963938
E[P_neut(43)] = 0.0003778911
E[P_neut(44)] = 0.0005029291
E[P_neut(45)] = 0.0004414250
E[P_neut(46)] = 0.0004635344
E[P_neut(47)] = 0.0005931084
E[P_neut(48)] = 0.0006706699
E[P_neut(49)] = 0.0008793686

---- Expected P_sel(i), 0 < i < n (selected SFS per site) 
E[P_sel(1)] = 0.0053361836
E[P_sel(2)] = 0.0017636331
E[P_sel(3)] = 0.0009698405
E[P_sel(4)] = 0.0006472689
E[P_sel(5)] = 0.0005119940
E[P_sel(6)] = 0.0003763366
E[P_sel(7)] = 0.0002998338
E[P_sel(8)] = 0.0002621908
E[P_sel(9)] = 0.0002245498
E[P_sel(10)] = 0.0001944194
E[P_sel(11)] = 0.0001774092
E[P_sel(12)] = 0.0001535337
E[P_sel(13)] = 0.0001440139
E[P_sel(14)] = 0.0001214329
E[P_sel(15)] = 0.0001146707
E[P_sel(16)] = 0.0001071521
E[P_sel(17)] = 0.0000844862
E[P_sel(18)] = 0.0000894070
E[P_sel(19)] = 0.0000744741
E[P_sel(20)] = 0.0000705872
E[P_sel(21)] = 0.0000542513
E[P_sel(22)] = 0.0000492394
E[P_sel(23)] = 0.0000630517
E[P_sel(24)] = 0.0000630721
E[P_sel(25)] = 0.0000599511
E[P_sel(26)] = 0.0000546455
E[P_sel(27)] = 0.0000552039
E[P_sel(28)] = 0.0000508942
E[P_sel(29)] = 0.0000554435
E[P_sel(30)] = 0.0000407127
E[P_sel(31)] = 0.0000461607
E[P_sel(32)] = 0.0000506929
E[P_sel(33)] = 0.0000448440
E[P_sel(34)] = 0.0000497904
E[P_sel(35)] = 0.0000491380
E[P_sel(36)] = 0.0000446858
E[P_sel(37)] = 0.0000364935
E[P_sel(38)] = 0.0000460417
E[P_sel(39)] = 0.0000530185
E[P_sel(40)] = 0.0000394909
E[P_sel(41)] = 0.0000439514
E[P_sel(42)] = 0.0000438827
E[P_sel(43)] = 0.0000417832
E[P_sel(44)] = 0.0000553238
E[P_sel(45)] = 0.0000489608
E[P_sel(46)] = 0.0000516870
E[P_sel(47)] = 0.0000666476
E[P_sel(48)] = 0.0000784207
E[P_sel(49)] = 0.0001195409

---- alpha_dfe = 0.000243

