---- Running command
---- ./polyDFE -d RevisionsCapsellaPolyDFE10/GOTermCount2_2.89732142857143_PolyDFE.input -m C -i /home/jejames/ArabidopsisCrossGenome/model.txt 1 -e 
---- Performing inference using model C

---- Performing inference on RevisionsCapsellaPolyDFE10/GOTermCount2_2.89732142857143_PolyDFE.input
----      with -i /home/jejames/ArabidopsisCrossGenome/model.txt 1
---- Data RevisionsCapsellaPolyDFE10/GOTermCount2_2.89732142857143_PolyDFE.input does not contain divergence counts. Using option -w.
---- No mutation variability. Using Poisson likelihood.


---- Calculating initial values

-- Starting local optimization
-- Optimizing all parameters
  it        eps_an     theta_bar           S_d             b           p_b           S_b           r 2           r 3           r 4           r 5           r 6           r 7           r 8           r 9          r 10          r 11          r 12          r 13          r 14          r 15          r 16          r 17          r 18          r 19          r 20          r 21          r 22          r 23          r 24          r 25          r 26          r 27          r 28          r 29          r 30          r 31          r 32          r 33          r 34          r 35          r 36          r 37          r 38          r 39          r 40          r 41          r 42          r 43          r 44          r 45          r 46          r 47          r 48          r 49           ln lk          grad status 
   0           0.1 0.01676795087        -80000         0.208           0.1            20 0.90339447968 0.88423624207 0.89079375964 0.88140750900 0.86019201097 0.98585633464 0.91993828218 0.85363449339 0.84261957826 0.87124978570 0.88256471798 0.88702211554 0.78544488256 0.89940853763 0.85719183953 0.96031201782 0.95045431167 0.89576547231 0.86319218241 0.89825132864 0.87785016286 0.96999828561 1.01422938453 0.92148122749 0.88479341676 0.99057088976 0.83884793416 0.82281844676 0.95534030516 1.03634493399 1.16303788787 1.04945996914 1.23864220812 1.00655751757 1.01988685067 1.40819475398 1.17915309446 1.32384707697 1.53265900908 1.40052288702 1.56068918223 1.86876392936 2.00840048002 2.27005828904 2.61032058974 3.00750042859 4.05486027773             1 -5587.233028223 81.9824613069   -2 
 792 0.00025825165 0.01488652175 -599.02917450 0.28197638802 0.00467115611 6.11096605483 0.89349576268 0.88675481269 0.91135589176 0.90322379437 0.85436669374 0.95399172197 0.87227931994 0.79479264258 0.83047195025 0.87547864866 0.91400518624 0.82854426191 0.76816460287 0.85771398257 0.83452292300 0.89928447563 0.80818973285 0.80325704366 0.80107147304 0.82617508613 0.76644209498 0.83501427266 0.82072823649 0.79603002980 0.81283827688 0.82822308102 0.79785426536 0.67709385356 0.81797372467 0.83289706544 0.99998325918 0.79177200925 0.96503243231 0.87438236385 0.83439817577 1.12208856537 0.88224071776 0.99583034756 1.25213928587 1.00971442365 1.07270385355 1.09751913144 1.39553436303 1.43546703691 1.54874913835 1.65305911258 1.69147121877 2.95595478607 -339.5266853045 0.00423168207   -3 
-- Local optimization: stuck in the same solution
---- Best joint likelihood found -339.526685304588455 with gradient 0.00423

---- Results for RevisionsCapsellaPolyDFE10/GOTermCount2_2.89732142857143_PolyDFE.input 
--  Model: C
--        eps_an     theta_bar             a 
-- 0.00025825165 0.01488652175            -1 
--           S_d             b           p_b           S_b 
-- -599.02917450 0.28197638802 0.00467115611 6.11096605483 
--           r 2           r 3           r 4           r 5           r 6           r 7           r 8           r 9          r 10          r 11          r 12          r 13          r 14          r 15          r 16          r 17          r 18          r 19          r 20          r 21          r 22          r 23          r 24          r 25          r 26          r 27          r 28          r 29          r 30          r 31          r 32          r 33          r 34          r 35          r 36          r 37          r 38          r 39          r 40          r 41          r 42          r 43          r 44          r 45          r 46          r 47          r 48          r 49 
-- 0.89349576268 0.88675481269 0.91135589176 0.90322379437 0.85436669374 0.95399172197 0.87227931994 0.79479264258 0.83047195025 0.87547864866 0.91400518624 0.82854426191 0.76816460287 0.85771398257 0.83452292300 0.89928447563 0.80818973285 0.80325704366 0.80107147304 0.82617508613 0.76644209498 0.83501427266 0.82072823649 0.79603002980 0.81283827688 0.82822308102 0.79785426536 0.67709385356 0.81797372467 0.83289706544 0.99998325918 0.79177200925 0.96503243231 0.87438236385 0.83439817577 1.12208856537 0.88224071776 0.99583034756 1.25213928587 1.00971442365 1.07270385355 1.09751913144 1.39553436303 1.43546703691 1.54874913835 1.65305911258 1.69147121877 2.95595478607 

---- Expected P_neut(i), 0 < i < n (neutral SFS per site) 
E[P_neut(1)] = 0.0148829092
E[P_neut(2)] = 0.0066489400
E[P_neut(3)] = 0.0043992305
E[P_neut(4)] = 0.0033909833
E[P_neut(5)] = 0.0026886003
E[P_neut(6)] = 0.0021193326
E[P_neut(7)] = 0.0020283768
E[P_neut(8)] = 0.0016228296
E[P_neut(9)] = 0.0013143883
E[P_neut(10)] = 0.0012360849
E[P_neut(11)] = 0.0011845951
E[P_neut(12)] = 0.0011336596
E[P_neut(13)] = 0.0009486517
E[P_neut(14)] = 0.0008166852
E[P_neut(15)] = 0.0008511014
E[P_neut(16)] = 0.0007763551
E[P_neut(17)] = 0.0007873723
E[P_neut(18)] = 0.0006683439
E[P_neut(19)] = 0.0006292936
E[P_neut(20)] = 0.0005962092
E[P_neut(21)] = 0.0005855992
E[P_neut(22)] = 0.0005185964
E[P_neut(23)] = 0.0005404331
E[P_neut(24)] = 0.0005090633
E[P_neut(25)] = 0.0004740047
E[P_neut(26)] = 0.0004654088
E[P_neut(27)] = 0.0004566646
E[P_neut(28)] = 0.0004242128
E[P_neut(29)] = 0.0003476329
E[P_neut(30)] = 0.0004059420
E[P_neut(31)] = 0.0004000251
E[P_neut(32)] = 0.0004652485
E[P_neut(33)] = 0.0003572848
E[P_neut(34)] = 0.0004226201
E[P_neut(35)] = 0.0003720241
E[P_neut(36)] = 0.0003451576
E[P_neut(37)] = 0.0004515878
E[P_neut(38)] = 0.0003458219
E[P_neut(39)] = 0.0003803219
E[P_neut(40)] = 0.0004661989
E[P_neut(41)] = 0.0003668579
E[P_neut(42)] = 0.0003805312
E[P_neut(43)] = 0.0003803849
E[P_neut(44)] = 0.0004725767
E[P_neut(45)] = 0.0004754410
E[P_neut(46)] = 0.0005019527
E[P_neut(47)] = 0.0005245820
E[P_neut(48)] = 0.0005261679
E[P_neut(49)] = 0.0009016510

---- Expected P_sel(i), 0 < i < n (selected SFS per site) 
E[P_sel(1)] = 0.0063398040
E[P_sel(2)] = 0.0021544967
E[P_sel(3)] = 0.0012433773
E[P_sel(4)] = 0.0008776188
E[P_sel(5)] = 0.0006525758
E[P_sel(6)] = 0.0004892443
E[P_sel(7)] = 0.0004494656
E[P_sel(8)] = 0.0003474183
E[P_sel(9)] = 0.0002731617
E[P_sel(10)] = 0.0002503018
E[P_sel(11)] = 0.0002344128
E[P_sel(12)] = 0.0002197464
E[P_sel(13)] = 0.0001804785
E[P_sel(14)] = 0.0001527492
E[P_sel(15)] = 0.0001567205
E[P_sel(16)] = 0.0001409149
E[P_sel(17)] = 0.0001410257
E[P_sel(18)] = 0.0001182356
E[P_sel(19)] = 0.0001100535
E[P_sel(20)] = 0.0001031530
E[P_sel(21)] = 0.0001003040
E[P_sel(22)] = 0.0000879945
E[P_sel(23)] = 0.0000908931
E[P_sel(24)] = 0.0000849102
E[P_sel(25)] = 0.0000784496
E[P_sel(26)] = 0.0000764665
E[P_sel(27)] = 0.0000745180
E[P_sel(28)] = 0.0000687804
E[P_sel(29)] = 0.0000560280
E[P_sel(30)] = 0.0000650617
E[P_sel(31)] = 0.0000637829
E[P_sel(32)] = 0.0000738294
E[P_sel(33)] = 0.0000564513
E[P_sel(34)] = 0.0000665097
E[P_sel(35)] = 0.0000583414
E[P_sel(36)] = 0.0000539603
E[P_sel(37)] = 0.0000704105
E[P_sel(38)] = 0.0000538060
E[P_sel(39)] = 0.0000590743
E[P_sel(40)] = 0.0000723295
E[P_sel(41)] = 0.0000568918
E[P_sel(42)] = 0.0000590250
E[P_sel(43)] = 0.0000590629
E[P_sel(44)] = 0.0000735004
E[P_sel(45)] = 0.0000741624
E[P_sel(46)] = 0.0000786226
E[P_sel(47)] = 0.0000826425
E[P_sel(48)] = 0.0000836108
E[P_sel(49)] = 0.0001452160

---- alpha_dfe = 0.180653

