---- Running command
---- ./polyDFE -d RevisionsCapsellaPolyDFE10/GOTermCount9_10.3554140127389_PolyDFE.input -m C -i /home/jejames/ArabidopsisCrossGenome/model.txt 1 -e 
---- Performing inference using model C

---- Performing inference on RevisionsCapsellaPolyDFE10/GOTermCount9_10.3554140127389_PolyDFE.input
----      with -i /home/jejames/ArabidopsisCrossGenome/model.txt 1
---- Data RevisionsCapsellaPolyDFE10/GOTermCount9_10.3554140127389_PolyDFE.input does not contain divergence counts. Using option -w.
---- No mutation variability. Using Poisson likelihood.


---- Calculating initial values

-- Starting local optimization
-- Optimizing all parameters
  it        eps_an     theta_bar           S_d             b           p_b           S_b           r 2           r 3           r 4           r 5           r 6           r 7           r 8           r 9          r 10          r 11          r 12          r 13          r 14          r 15          r 16          r 17          r 18          r 19          r 20          r 21          r 22          r 23          r 24          r 25          r 26          r 27          r 28          r 29          r 30          r 31          r 32          r 33          r 34          r 35          r 36          r 37          r 38          r 39          r 40          r 41          r 42          r 43          r 44          r 45          r 46          r 47          r 48          r 49           ln lk          grad status 
   0           0.1 0.01568458525        -20000         0.406           0.1            20 0.90837113402 0.90457731958 0.89468041237 0.85402061855 0.89022680412 0.88358762886 0.88973195876 0.77752577319 0.86391752577 0.82874226804 0.78878350515 0.85773195876 0.71703092783 0.79360824742 0.80098969072 0.70032989690 0.83134020618 0.81484536082 0.64989690721 0.68412371134 0.63142268041 0.87637113402 0.70960824742 0.63917525773 0.65723711340 0.79719587628 0.67430927835 0.75340206185 0.75711340206 1.02268041237 0.84453608247 0.91311340206 0.96181443298 1.07814432989 1.39249484536 1.09855670103 1.16898969072 1.35575257731 1.41030927835 1.58082474226 1.30416494845 1.89554639175 1.85435051546 2.37154639175 2.76189690721 3.34911340206 4.44569072164             1 -5552.525614667 78.4243040143   -2 
 958 0.00068632922 0.01401042623 -1355.9438034 0.31027121950 0.00337620756 24.2199327808 0.89552140262 0.90548120258 0.85651856498 0.86027600062 0.88972108954 0.84810833847 0.83556375704 0.75811233781 0.80056323338 0.76042123524 0.75729059817 0.79253130955 0.68853409173 0.68089818242 0.73412272223 0.63117637367 0.77230533991 0.73945611023 0.61915040718  0.6834799495 0.64761697787 0.77611801535 0.66873355553 0.64844730196 0.63038830767 0.66269669521 0.62539897426 0.71444431292 0.72513959375 0.80493371405 0.70244400579 0.74194030882 0.79912663960 0.90275687749 1.08365071660 0.77601218526 0.93122242042 0.89559974632 0.99781324455 1.27895511443 0.86248734929 1.27794289690 1.14671403129 1.45401467705 1.45977672839 2.01242902656 2.04603735093 2.78571160227 -335.8700478634 0.00126034057   -8 
-- Local optimization: reached maximum number of likelihood evaluations allowed.
---- Best joint likelihood found -335.870047863460627 with gradient 0.00126

---- Results for RevisionsCapsellaPolyDFE10/GOTermCount9_10.3554140127389_PolyDFE.input 
--  Model: C
--        eps_an     theta_bar             a 
-- 0.00068632922 0.01401042623            -1 
--           S_d             b           p_b           S_b 
-- -1355.9438034 0.31027121950 0.00337620756 24.2199327808 
--           r 2           r 3           r 4           r 5           r 6           r 7           r 8           r 9          r 10          r 11          r 12          r 13          r 14          r 15          r 16          r 17          r 18          r 19          r 20          r 21          r 22          r 23          r 24          r 25          r 26          r 27          r 28          r 29          r 30          r 31          r 32          r 33          r 34          r 35          r 36          r 37          r 38          r 39          r 40          r 41          r 42          r 43          r 44          r 45          r 46          r 47          r 48          r 49 
-- 0.89552140262 0.90548120258 0.85651856498 0.86027600062 0.88972108954 0.84810833847 0.83556375704 0.75811233781 0.80056323338 0.76042123524 0.75729059817 0.79253130955 0.68853409173 0.68089818242 0.73412272223 0.63117637367 0.77230533991 0.73945611023 0.61915040718  0.6834799495 0.64761697787 0.77611801535 0.66873355553 0.64844730196 0.63038830767 0.66269669521 0.62539897426 0.71444431292 0.72513959375 0.80493371405 0.70244400579 0.74194030882 0.79912663960 0.90275687749 1.08365071660 0.77601218526 0.93122242042 0.89559974632 0.99781324455 1.27895511443 0.86248734929 1.27794289690 1.14671403129 1.45401467705 1.45977672839 2.01242902656 2.04603735093 2.78571160227 

---- Expected P_neut(i), 0 < i < n (neutral SFS per site) 
E[P_neut(1)] = 0.0140013571
E[P_neut(2)] = 0.0062694226
E[P_neut(3)] = 0.0042262353
E[P_neut(4)] = 0.0029982937
E[P_neut(5)] = 0.0024092229
E[P_neut(6)] = 0.0020763867
E[P_neut(7)] = 0.0016966006
E[P_neut(8)] = 0.0014625187
E[P_neut(9)] = 0.0011796541
E[P_neut(10)] = 0.0011210933
E[P_neut(11)] = 0.0009680857
E[P_neut(12)] = 0.0008837925
E[P_neut(13)] = 0.0008537463
E[P_neut(14)] = 0.0006888634
E[P_neut(15)] = 0.0006357898
E[P_neut(16)] = 0.0006426206
E[P_neut(17)] = 0.0005200386
E[P_neut(18)] = 0.0006009278
E[P_neut(19)] = 0.0005451436
E[P_neut(20)] = 0.0004336628
E[P_neut(21)] = 0.0004559166
E[P_neut(22)] = 0.0004123585
E[P_neut(23)] = 0.0004726830
E[P_neut(24)] = 0.0003903503
E[P_neut(25)] = 0.0003634009
E[P_neut(26)] = 0.0003397274
E[P_neut(27)] = 0.0003439649
E[P_neut(28)] = 0.0003130006
E[P_neut(29)] = 0.0003452371
E[P_neut(30)] = 0.0003387157
E[P_neut(31)] = 0.0003639137
E[P_neut(32)] = 0.0003077496
E[P_neut(33)] = 0.0003151378
E[P_neut(34)] = 0.0003295124
E[P_neut(35)] = 0.0003615601
E[P_neut(36)] = 0.0004219170
E[P_neut(37)] = 0.0002942294
E[P_neut(38)] = 0.0003437086
E[P_neut(39)] = 0.0003221807
E[P_neut(40)] = 0.0003500247
E[P_neut(41)] = 0.0004375516
E[P_neut(42)] = 0.0002885167
E[P_neut(43)] = 0.0004172635
E[P_neut(44)] = 0.0003663106
E[P_neut(45)] = 0.0004540408
E[P_neut(46)] = 0.0004463646
E[P_neut(47)] = 0.0006023839
E[P_neut(48)] = 0.0006011010
E[P_neut(49)] = 0.0008055794

---- Expected P_sel(i), 0 < i < n (selected SFS per site) 
E[P_sel(1)] = 0.0044993419
E[P_sel(2)] = 0.0014607339
E[P_sel(3)] = 0.0008441038
E[P_sel(4)] = 0.0005428614
E[P_sel(5)] = 0.0004062231
E[P_sel(6)] = 0.0003312141
E[P_sel(7)] = 0.0002586727
E[P_sel(8)] = 0.0002146796
E[P_sel(9)] = 0.0001675978
E[P_sel(10)] = 0.0001548049
E[P_sel(11)] = 0.0001303463
E[P_sel(12)] = 0.0001163396
E[P_sel(13)] = 0.0001101186
E[P_sel(14)] = 0.0000872190
E[P_sel(15)] = 0.0000791490
E[P_sel(16)] = 0.0000787664
E[P_sel(17)] = 0.0000628346
E[P_sel(18)] = 0.0000716537
E[P_sel(19)] = 0.0000642087
E[P_sel(20)] = 0.0000504995
E[P_sel(21)] = 0.0000525323
E[P_sel(22)] = 0.0000470485
E[P_sel(23)] = 0.0000534410
E[P_sel(24)] = 0.0000437601
E[P_sel(25)] = 0.0000404207
E[P_sel(26)] = 0.0000375151
E[P_sel(27)] = 0.0000377318
E[P_sel(28)] = 0.0000341278
E[P_sel(29)] = 0.0000374373
E[P_sel(30)] = 0.0000365512
E[P_sel(31)] = 0.0000391033
E[P_sel(32)] = 0.0000329493
E[P_sel(33)] = 0.0000336392
E[P_sel(34)] = 0.0000350952
E[P_sel(35)] = 0.0000384504
E[P_sel(36)] = 0.0000448401
E[P_sel(37)] = 0.0000312859
E[P_sel(38)] = 0.0000365980
E[P_sel(39)] = 0.0000344018
E[P_sel(40)] = 0.0000375352
E[P_sel(41)] = 0.0000472018
E[P_sel(42)] = 0.0000314024
E[P_sel(43)] = 0.0000459148
E[P_sel(44)] = 0.0000409397
E[P_sel(45)] = 0.0000517797
E[P_sel(46)] = 0.0000523807
E[P_sel(47)] = 0.0000736616
E[P_sel(48)] = 0.0000787882
E[P_sel(49)] = 0.0001236980

---- alpha_dfe = 0.483163

