---- Running command
---- ./polyDFE -d RevisionsCapsellaPolyDFE10/GOTermCount1_1.97474747474747_PolyDFE.input -m C -i /home/jejames/ArabidopsisCrossGenome/model.txt 1 -e 
---- Performing inference using model C

---- Performing inference on RevisionsCapsellaPolyDFE10/GOTermCount1_1.97474747474747_PolyDFE.input
----      with -i /home/jejames/ArabidopsisCrossGenome/model.txt 1
---- Data RevisionsCapsellaPolyDFE10/GOTermCount1_1.97474747474747_PolyDFE.input does not contain divergence counts. Using option -w.
---- No mutation variability. Using Poisson likelihood.


---- Calculating initial values

-- Starting local optimization
-- Optimizing all parameters
  it        eps_an     theta_bar           S_d             b           p_b           S_b           r 2           r 3           r 4           r 5           r 6           r 7           r 8           r 9          r 10          r 11          r 12          r 13          r 14          r 15          r 16          r 17          r 18          r 19          r 20          r 21          r 22          r 23          r 24          r 25          r 26          r 27          r 28          r 29          r 30          r 31          r 32          r 33          r 34          r 35          r 36          r 37          r 38          r 39          r 40          r 41          r 42          r 43          r 44          r 45          r 46          r 47          r 48          r 49           ln lk          grad status 
   0           0.1 0.01635892800        -80000         0.208           0.1            20 0.93681210260 0.91664108748 0.93383030037 1.00087700065 0.87533435650 0.96904187678 0.83841262880 1.10699408024 0.88752466564 0.85761894321 0.86770445077 0.80263100197 0.80789300591 0.82876562157 0.88050866038 0.78123218592 0.87691295768 0.84564788423 0.85419864064 0.89322516991 0.86726595044 0.91778118833 0.83981582986 0.82218811664 0.98276693707 0.98267923700 0.99574654680 0.92830519622 1.00767375575 0.99912299934 1.34566980925 1.14606445954 0.97654023240 1.19710589782 1.01661916246 1.22008331506 1.53466345099 1.50835343126 1.36110502082 1.51918438938 1.74961631221 2.13632975224 1.89660162245 2.45669809252 2.57382153036 3.61078710809 4.50006577504             1 -5749.106048941 84.5186882388   -2 
1282 0.00500185886 0.01474274509 -510.95607240 0.29464871394 0.00443662305 8.56578688834 0.90976828385 0.91132376738 0.92518675747 0.92223080687 0.85499785738 0.90812164913 0.86763233907 1.00567200054 0.85584371180 0.83316839600 0.82311153586 0.76269322645 0.79174091080 0.88019427593 0.81144757544 0.70159946508 0.75463113762 0.77545231387 0.74399293407 0.78905812712 0.84004217601 0.75561036574 0.74183018170 0.71284620971 0.86291640413 0.87351914390 0.83629123329 0.87508966380 0.79589522600 0.92451733708 1.03818170678 0.92596432475 0.91376887268 1.01416863502 0.78301586246 0.96122149770 1.11978640743 1.12953083806 1.00552093054 1.15825287332 1.18720897924 1.39016048594 1.16841513541 1.30719376265 1.43193236425 1.77412175549 2.04382399325 2.85884052344 -347.1160154793 0.00093094642   -8 
-- Local optimization: reached maximum number of likelihood evaluations allowed.
---- Best joint likelihood found -347.116015479358907 with gradient 0.00093

---- Results for RevisionsCapsellaPolyDFE10/GOTermCount1_1.97474747474747_PolyDFE.input 
--  Model: C
--        eps_an     theta_bar             a 
-- 0.00500185886 0.01474274509            -1 
--           S_d             b           p_b           S_b 
-- -510.95607240 0.29464871394 0.00443662305 8.56578688834 
--           r 2           r 3           r 4           r 5           r 6           r 7           r 8           r 9          r 10          r 11          r 12          r 13          r 14          r 15          r 16          r 17          r 18          r 19          r 20          r 21          r 22          r 23          r 24          r 25          r 26          r 27          r 28          r 29          r 30          r 31          r 32          r 33          r 34          r 35          r 36          r 37          r 38          r 39          r 40          r 41          r 42          r 43          r 44          r 45          r 46          r 47          r 48          r 49 
-- 0.90976828385 0.91132376738 0.92518675747 0.92223080687 0.85499785738 0.90812164913 0.86763233907 1.00567200054 0.85584371180 0.83316839600 0.82311153586 0.76269322645 0.79174091080 0.88019427593 0.81144757544 0.70159946508 0.75463113762 0.77545231387 0.74399293407 0.78905812712 0.84004217601 0.75561036574 0.74183018170 0.71284620971 0.86291640413 0.87351914390 0.83629123329 0.87508966380 0.79589522600 0.92451733708 1.03818170678 0.92596432475 0.91376887268 1.01416863502 0.78301586246 0.96122149770 1.11978640743 1.12953083806 1.00552093054 1.15825287332 1.18720897924 1.39016048594 1.16841513541 1.30719376265 1.43193236425 1.77412175549 2.04382399325 2.85884052344 

---- Expected P_neut(i), 0 < i < n (neutral SFS per site) 
E[P_neut(1)] = 0.0146733063
E[P_neut(2)] = 0.0066758372
E[P_neut(3)] = 0.0044588542
E[P_neut(4)] = 0.0033951875
E[P_neut(5)] = 0.0027077836
E[P_neut(6)] = 0.0020922860
E[P_neut(7)] = 0.0019054183
E[P_neut(8)] = 0.0015929972
E[P_neut(9)] = 0.0016412173
E[P_neut(10)] = 0.0012572912
E[P_neut(11)] = 0.0011132039
E[P_neut(12)] = 0.0010083585
E[P_neut(13)] = 0.0008625273
E[P_neut(14)] = 0.0008311789
E[P_neut(15)] = 0.0008629083
E[P_neut(16)] = 0.0007459273
E[P_neut(17)] = 0.0006074671
E[P_neut(18)] = 0.0006173750
E[P_neut(19)] = 0.0006008894
E[P_neut(20)] = 0.0005476381
E[P_neut(21)] = 0.0005534012
E[P_neut(22)] = 0.0005623198
E[P_neut(23)] = 0.0004843010
E[P_neut(24)] = 0.0004558603
E[P_neut(25)] = 0.0004203724
E[P_neut(26)] = 0.0004891302
E[P_neut(27)] = 0.0004770024
E[P_neut(28)] = 0.0004409428
E[P_neut(29)] = 0.0004454154
E[P_neut(30)] = 0.0003919095
E[P_neut(31)] = 0.0004404854
E[P_neut(32)] = 0.0004790006
E[P_neut(33)] = 0.0004146486
E[P_neut(34)] = 0.0003979774
E[P_neut(35)] = 0.0004293798
E[P_neut(36)] = 0.0003232276
E[P_neut(37)] = 0.0003854118
E[P_neut(38)] = 0.0004373252
E[P_neut(39)] = 0.0004304339
E[P_neut(40)] = 0.0003750609
E[P_neut(41)] = 0.0004226403
E[P_neut(42)] = 0.0004226445
E[P_neut(43)] = 0.0004838054
E[P_neut(44)] = 0.0004000419
E[P_neut(45)] = 0.0004397175
E[P_neut(46)] = 0.0004736870
E[P_neut(47)] = 0.0005761156
E[P_neut(48)] = 0.0006581450
E[P_neut(49)] = 0.0009295849

---- Expected P_sel(i), 0 < i < n (selected SFS per site) 
E[P_sel(1)] = 0.0063471045
E[P_sel(2)] = 0.0021781502
E[P_sel(3)] = 0.0012614429
E[P_sel(4)] = 0.0008760492
E[P_sel(5)] = 0.0006533000
E[P_sel(6)] = 0.0004789894
E[P_sel(7)] = 0.0004178897
E[P_sel(8)] = 0.0003370033
E[P_sel(9)] = 0.0003366092
E[P_sel(10)] = 0.0002509515
E[P_sel(11)] = 0.0002168878
E[P_sel(12)] = 0.0001922600
E[P_sel(13)] = 0.0001612776
E[P_sel(14)] = 0.0001526883
E[P_sel(15)] = 0.0001559453
E[P_sel(16)] = 0.0001327974
E[P_sel(17)] = 0.0001066508
E[P_sel(18)] = 0.0001070028
E[P_sel(19)] = 0.0001029121
E[P_sel(20)] = 0.0000927544
E[P_sel(21)] = 0.0000927582
E[P_sel(22)] = 0.0000933418
E[P_sel(23)] = 0.0000796604
E[P_sel(24)] = 0.0000743468
E[P_sel(25)] = 0.0000680159
E[P_sel(26)] = 0.0000785537
E[P_sel(27)] = 0.0000760764
E[P_sel(28)] = 0.0000698764
E[P_sel(29)] = 0.0000701637
E[P_sel(30)] = 0.0000613992
E[P_sel(31)] = 0.0000686606
E[P_sel(32)] = 0.0000743186
E[P_sel(33)] = 0.0000640766
E[P_sel(34)] = 0.0000612970
E[P_sel(35)] = 0.0000659377
E[P_sel(36)] = 0.0000495386
E[P_sel(37)] = 0.0000589343
E[P_sel(38)] = 0.0000667896
E[P_sel(39)] = 0.0000657213
E[P_sel(40)] = 0.0000573449
E[P_sel(41)] = 0.0000647548
E[P_sel(42)] = 0.0000648896
E[P_sel(43)] = 0.0000745658
E[P_sel(44)] = 0.0000621603
E[P_sel(45)] = 0.0000690025
E[P_sel(46)] = 0.0000753464
E[P_sel(47)] = 0.0000932012
E[P_sel(48)] = 0.0001102976
E[P_sel(49)] = 0.0001710963

---- alpha_dfe = 0.229486

