---- Running command
---- ./polyDFE -d RevisionsCapsellaPolyDFE10/GOTermCount7_7.04444444444444_PolyDFE.input -m C -i /home/jejames/ArabidopsisCrossGenome/model.txt 1 -e 
---- Performing inference using model C

---- Performing inference on RevisionsCapsellaPolyDFE10/GOTermCount7_7.04444444444444_PolyDFE.input
----      with -i /home/jejames/ArabidopsisCrossGenome/model.txt 1
---- Data RevisionsCapsellaPolyDFE10/GOTermCount7_7.04444444444444_PolyDFE.input does not contain divergence counts. Using option -w.
---- No mutation variability. Using Poisson likelihood.


---- Calculating initial values

-- Starting local optimization
-- Optimizing all parameters
  it        eps_an     theta_bar           S_d             b           p_b           S_b           r 2           r 3           r 4           r 5           r 6           r 7           r 8           r 9          r 10          r 11          r 12          r 13          r 14          r 15          r 16          r 17          r 18          r 19          r 20          r 21          r 22          r 23          r 24          r 25          r 26          r 27          r 28          r 29          r 30          r 31          r 32          r 33          r 34          r 35          r 36          r 37          r 38          r 39          r 40          r 41          r 42          r 43          r 44          r 45          r 46          r 47          r 48          r 49           ln lk          grad status 
   0           0.1 0.01519154644        -20000         0.406           0.1            20 0.96306535919 0.96354054170 0.87329906259 0.94021340014 0.91753423474 0.95343211369 0.82007862110 0.86932480884 0.81040217719 0.88859129984 0.84651604820 0.79407317810 0.86483217417 0.80867424078 0.93654153527 0.73437297507 0.85532852391 0.73787204630 0.87519979264 0.81554278802 0.90189641021 0.78392155168 0.89057842671 1.02596224458 0.86595533284 0.91092487796 0.94466283640 1.01598341181 0.82552162080 0.97891917577 1.07823232105 1.08341613028 1.10890319236 1.13698215905 1.22856278888 1.16039569743 1.27547626247 1.39833254136 1.52749578815 1.35314700419 1.44602358633 1.88910968076 2.31889066482 2.13248952438 2.63493023456 3.64443388483 4.65091364637             1 -5755.869439401 69.6180222032   -2 
 190 0.00937860448 0.01377363681 -908.86829907 0.31242814763 0.00209631293 2.39992509130 0.92099257910 0.93341121370 0.91323624097 0.89922265545 0.88079343552 0.91415640396 0.82994590863 0.80366657995 0.78197256912 0.80197153087 0.77475545079 0.79655341775 0.74568502849 0.71730503702 0.80506592094 0.70941203756 0.75495664352 0.68850026710 0.83283344046 0.76684314536 0.79531713218 0.74814135642 0.78275888342 0.90546057156 0.77996406146 0.72961791272 0.82952397094 0.83155645104 0.71398099807 0.74938463014 0.93904036601 0.95335236320 0.83136824304 0.87654736652 1.01380101427 0.95326326801 0.99934099579 1.03421112468 1.09170261724 0.87719726408 1.01349456727 1.18582363768 1.42800167352 1.25864408779 1.52567163157 1.72696752404 1.80539772095 2.41502346868 -335.7745193017 0.00442645242   -8 
-- Local optimization: reached maximum number of likelihood evaluations allowed.
---- Best joint likelihood found -335.774519301755731 with gradient 0.00443

---- Results for RevisionsCapsellaPolyDFE10/GOTermCount7_7.04444444444444_PolyDFE.input 
--  Model: C
--        eps_an     theta_bar             a 
-- 0.00937860448 0.01377363681            -1 
--           S_d             b           p_b           S_b 
-- -908.86829907 0.31242814763 0.00209631293 2.39992509130 
--           r 2           r 3           r 4           r 5           r 6           r 7           r 8           r 9          r 10          r 11          r 12          r 13          r 14          r 15          r 16          r 17          r 18          r 19          r 20          r 21          r 22          r 23          r 24          r 25          r 26          r 27          r 28          r 29          r 30          r 31          r 32          r 33          r 34          r 35          r 36          r 37          r 38          r 39          r 40          r 41          r 42          r 43          r 44          r 45          r 46          r 47          r 48          r 49 
-- 0.92099257910 0.93341121370 0.91323624097 0.89922265545 0.88079343552 0.91415640396 0.82994590863 0.80366657995 0.78197256912 0.80197153087 0.77475545079 0.79655341775 0.74568502849 0.71730503702 0.80506592094 0.70941203756 0.75495664352 0.68850026710 0.83283344046 0.76684314536 0.79531713218 0.74814135642 0.78275888342 0.90546057156 0.77996406146 0.72961791272 0.82952397094 0.83155645104 0.71398099807 0.74938463014 0.93904036601 0.95335236320 0.83136824304 0.87654736652 1.01380101427 0.95326326801 0.99934099579 1.03421112468 1.09170261724 0.87719726408 1.01349456727 1.18582363768 1.42800167352 1.25864408779 1.52567163157 1.72696752404 1.80539772095 2.41502346868 

---- Expected P_neut(i), 0 < i < n (neutral SFS per site) 
E[P_neut(1)] = 0.0136508260
E[P_neut(2)] = 0.0062880816
E[P_neut(3)] = 0.0042500436
E[P_neut(4)] = 0.0031194381
E[P_neut(5)] = 0.0024574945
E[P_neut(6)] = 0.0020071841
E[P_neut(7)] = 0.0017854438
E[P_neut(8)] = 0.0014186376
E[P_neut(9)] = 0.0012211633
E[P_neut(10)] = 0.0010704849
E[P_neut(11)] = 0.0009981954
E[P_neut(12)] = 0.0008843238
E[P_neut(13)] = 0.0008393697
E[P_neut(14)] = 0.0007303856
E[P_neut(15)] = 0.0006557178
E[P_neut(16)] = 0.0006897017
E[P_neut(17)] = 0.0005731168
E[P_neut(18)] = 0.0005760671
E[P_neut(19)] = 0.0004975550
E[P_neut(20)] = 0.0005712524
E[P_neut(21)] = 0.0005019498
E[P_neut(22)] = 0.0004970848
E[P_neut(23)] = 0.0004473162
E[P_neut(24)] = 0.0004488886
E[P_neut(25)] = 0.0004988594
E[P_neut(26)] = 0.0004135280
E[P_neut(27)] = 0.0003729145
E[P_neut(28)] = 0.0004088987
E[P_neut(29)] = 0.0003959632
E[P_neut(30)] = 0.0003301087
E[P_neut(31)] = 0.0003345180
E[P_neut(32)] = 0.0004058148
E[P_neut(33)] = 0.0003995717
E[P_neut(34)] = 0.0003401342
E[P_neut(35)] = 0.0003478920
E[P_neut(36)] = 0.0003911239
E[P_neut(37)] = 0.0003594492
E[P_neut(38)] = 0.0003671682
E[P_neut(39)] = 0.0003712448
E[P_neut(40)] = 0.0003824936
E[P_neut(41)] = 0.0003034590
E[P_neut(42)] = 0.0003426533
E[P_neut(43)] = 0.0003931470
E[P_neut(44)] = 0.0004617884
E[P_neut(45)] = 0.0004048656
E[P_neut(46)] = 0.0004820351
E[P_neut(47)] = 0.0005415438
E[P_neut(48)] = 0.0005726873
E[P_neut(49)] = 0.0008016610

---- Expected P_sel(i), 0 < i < n (selected SFS per site) 
E[P_sel(1)] = 0.0048696171
E[P_sel(2)] = 0.0016335115
E[P_sel(3)] = 0.0009450422
E[P_sel(4)] = 0.0006278067
E[P_sel(5)] = 0.0004599727
E[P_sel(6)] = 0.0003549033
E[P_sel(7)] = 0.0003014244
E[P_sel(8)] = 0.0002303160
E[P_sel(9)] = 0.0001916918
E[P_sel(10)] = 0.0001631021
E[P_sel(11)] = 0.0001481444
E[P_sel(12)] = 0.0001281719
E[P_sel(13)] = 0.0001190775
E[P_sel(14)] = 0.0001015877
E[P_sel(15)] = 0.0000895773
E[P_sel(16)] = 0.0000926698
E[P_sel(17)] = 0.0000758002
E[P_sel(18)] = 0.0000750985
E[P_sel(19)] = 0.0000639946
E[P_sel(20)] = 0.0000725512
E[P_sel(21)] = 0.0000629794
E[P_sel(22)] = 0.0000616664
E[P_sel(23)] = 0.0000549011
E[P_sel(24)] = 0.0000545363
E[P_sel(25)] = 0.0000600256
E[P_sel(26)] = 0.0000493049
E[P_sel(27)] = 0.0000440784
E[P_sel(28)] = 0.0000479329
E[P_sel(29)] = 0.0000460524
E[P_sel(30)] = 0.0000381215
E[P_sel(31)] = 0.0000383459
E[P_sel(32)] = 0.0000461971
E[P_sel(33)] = 0.0000451907
E[P_sel(34)] = 0.0000382717
E[P_sel(35)] = 0.0000389064
E[P_sel(36)] = 0.0000434975
E[P_sel(37)] = 0.0000398161
E[P_sel(38)] = 0.0000404850
E[P_sel(39)] = 0.0000407910
E[P_sel(40)] = 0.0000418757
E[P_sel(41)] = 0.0000332770
E[P_sel(42)] = 0.0000375004
E[P_sel(43)] = 0.0000430391
E[P_sel(44)] = 0.0000504533
E[P_sel(45)] = 0.0000447787
E[P_sel(46)] = 0.0000536985
E[P_sel(47)] = 0.0000616661
E[P_sel(48)] = 0.0000692531
E[P_sel(49)] = 0.0001163711

---- alpha_dfe = 0.056877

