---- Running command
---- ./polyDFE -d RevisionsCapsellaPolyDFE10/GOTermCount10_15.8066298342541_PolyDFE.input -m C -i /home/jejames/ArabidopsisCrossGenome/model.txt 1 -e 
---- Performing inference using model C

---- Performing inference on RevisionsCapsellaPolyDFE10/GOTermCount10_15.8066298342541_PolyDFE.input
----      with -i /home/jejames/ArabidopsisCrossGenome/model.txt 1
---- Data RevisionsCapsellaPolyDFE10/GOTermCount10_15.8066298342541_PolyDFE.input does not contain divergence counts. Using option -w.
---- No mutation variability. Using Poisson likelihood.


---- Calculating initial values

-- Starting local optimization
-- Optimizing all parameters
  it        eps_an     theta_bar           S_d             b           p_b           S_b           r 2           r 3           r 4           r 5           r 6           r 7           r 8           r 9          r 10          r 11          r 12          r 13          r 14          r 15          r 16          r 17          r 18          r 19          r 20          r 21          r 22          r 23          r 24          r 25          r 26          r 27          r 28          r 29          r 30          r 31          r 32          r 33          r 34          r 35          r 36          r 37          r 38          r 39          r 40          r 41          r 42          r 43          r 44          r 45          r 46          r 47          r 48          r 49           ln lk          grad status 
   0           0.1 0.01566317346        -20000         0.406           0.1            20 0.89410743181 0.85167936219 0.80246280143 0.86632197971 0.73765639183 0.72660535975 0.74231361250 0.80313375695 0.75107550222 0.77755851126 0.62943521332 0.81631605951 0.80617279078 0.76903342937 0.67948060149 0.68772940758 0.83972056676 0.72889450211 0.63780242333 0.58183683940 0.85006117535 0.75616687058 0.76062675139 0.71042349133 0.76654694715 0.74274776019 0.71942218889 0.91336780202 0.74831274420 1.01306389864 1.00785412637 0.76192919445 0.86419070923 1.12029837786 0.92497138572 1.16679164857 0.90136953861 1.16829143150 1.27402612779 1.21202194419 1.52338477325 1.34072700003 1.72790780281 2.11350988672 2.44551446501 3.29632553183 4.28716896238             1 -5650.246799726 93.1347046984   -2 
 885 0.00036485444 0.01402133690 -1745.7758501 0.34392643913 0.00636430124 6.75704065956 0.86835171306 0.84031916633 0.80092352459 0.84628834427 0.72957795886 0.72755488162 0.73183683309 0.74488236030 0.72767147987 0.74316409185 0.59710773140 0.71486317588 0.78111964368 0.73322568073 0.63017607046 0.68511899118 0.73262665822 0.62743962505 0.59173116999 0.53779543101 0.78865346428 0.66813985218 0.72314355103 0.63313802580 0.64621424631 0.58192733633 0.66177253279 0.79074318644 0.64099286533 0.83858969145 0.84953255854 0.66352246497 0.72759016110 0.86616938303 0.72342568607 0.86709860952 0.75286219276 0.85177095434 0.92360920215 0.90272080101 1.06218723783 0.94157748263 1.15007700865 1.20471716096 1.37582217578 1.78424690235 2.00758441651 3.15915141019 -321.7270677508 0.00166839118   -8 
-- Local optimization: reached maximum number of likelihood evaluations allowed.
---- Best joint likelihood found -321.727067750851404 with gradient 0.00167

---- Results for RevisionsCapsellaPolyDFE10/GOTermCount10_15.8066298342541_PolyDFE.input 
--  Model: C
--        eps_an     theta_bar             a 
-- 0.00036485444 0.01402133690            -1 
--           S_d             b           p_b           S_b 
-- -1745.7758501 0.34392643913 0.00636430124 6.75704065956 
--           r 2           r 3           r 4           r 5           r 6           r 7           r 8           r 9          r 10          r 11          r 12          r 13          r 14          r 15          r 16          r 17          r 18          r 19          r 20          r 21          r 22          r 23          r 24          r 25          r 26          r 27          r 28          r 29          r 30          r 31          r 32          r 33          r 34          r 35          r 36          r 37          r 38          r 39          r 40          r 41          r 42          r 43          r 44          r 45          r 46          r 47          r 48          r 49 
-- 0.86835171306 0.84031916633 0.80092352459 0.84628834427 0.72957795886 0.72755488162 0.73183683309 0.74488236030 0.72767147987 0.74316409185 0.59710773140 0.71486317588 0.78111964368 0.73322568073 0.63017607046 0.68511899118 0.73262665822 0.62743962505 0.59173116999 0.53779543101 0.78865346428 0.66813985218 0.72314355103 0.63313802580 0.64621424631 0.58192733633 0.66177253279 0.79074318644 0.64099286533 0.83858969145 0.84953255854 0.66352246497 0.72759016110 0.86616938303 0.72342568607 0.86709860952 0.75286219276 0.85177095434 0.92360920215 0.90272080101 1.06218723783 0.94157748263 1.15007700865 1.20471716096 1.37582217578 1.78424690235 2.00758441651 3.15915141019 

---- Expected P_neut(i), 0 < i < n (neutral SFS per site) 
E[P_neut(1)] = 0.0140165510
E[P_neut(2)] = 0.0060857188
E[P_neut(3)] = 0.0039262273
E[P_neut(4)] = 0.0028066333
E[P_neut(5)] = 0.0023724899
E[P_neut(6)] = 0.0017044547
E[P_neut(7)] = 0.0014569078
E[P_neut(8)] = 0.0012823277
E[P_neut(9)] = 0.0011601611
E[P_neut(10)] = 0.0010200386
E[P_neut(11)] = 0.0009470528
E[P_neut(12)] = 0.0006975342
E[P_neut(13)] = 0.0007708645
E[P_neut(14)] = 0.0007821275
E[P_neut(15)] = 0.0006852635
E[P_neut(16)] = 0.0005521524
E[P_neut(17)] = 0.0005649722
E[P_neut(18)] = 0.0005706168
E[P_neut(19)] = 0.0004629980
E[P_neut(20)] = 0.0004148011
E[P_neut(21)] = 0.0003590852
E[P_neut(22)] = 0.0005025728
E[P_neut(23)] = 0.0004072753
E[P_neut(24)] = 0.0004224496
E[P_neut(25)] = 0.0003550977
E[P_neut(26)] = 0.0003485188
E[P_neut(27)] = 0.0003022383
E[P_neut(28)] = 0.0003314530
E[P_neut(29)] = 0.0003823114
E[P_neut(30)] = 0.0002996279
E[P_neut(31)] = 0.0003793257
E[P_neut(32)] = 0.0003723094
E[P_neut(33)] = 0.0002820267
E[P_neut(34)] = 0.0003001446
E[P_neut(35)] = 0.0003471193
E[P_neut(36)] = 0.0002819436
E[P_neut(37)] = 0.0003287528
E[P_neut(38)] = 0.0002779462
E[P_neut(39)] = 0.0003064638
E[P_neut(40)] = 0.0003240100
E[P_neut(41)] = 0.0003090267
E[P_neut(42)] = 0.0003549406
E[P_neut(43)] = 0.0003074470
E[P_neut(44)] = 0.0003669796
E[P_neut(45)] = 0.0003761010
E[P_neut(46)] = 0.0004202380
E[P_neut(47)] = 0.0005335266
E[P_neut(48)] = 0.0005884450
E[P_neut(49)] = 0.0009087763

---- Expected P_sel(i), 0 < i < n (selected SFS per site) 
E[P_sel(1)] = 0.0038660066
E[P_sel(2)] = 0.0011718674
E[P_sel(3)] = 0.0006384781
E[P_sel(4)] = 0.0004102346
E[P_sel(5)] = 0.0003211276
E[P_sel(6)] = 0.0002173786
E[P_sel(7)] = 0.0001770659
E[P_sel(8)] = 0.0001496988
E[P_sel(9)] = 0.0001308605
E[P_sel(10)] = 0.0001116709
E[P_sel(11)] = 0.0001009931
E[P_sel(12)] = 0.0000726683
E[P_sel(13)] = 0.0000786459
E[P_sel(14)] = 0.0000783049
E[P_sel(15)] = 0.0000674444
E[P_sel(16)] = 0.0000535051
E[P_sel(17)] = 0.0000539762
E[P_sel(18)] = 0.0000538125
E[P_sel(19)] = 0.0000431476
E[P_sel(20)] = 0.0000382379
E[P_sel(21)] = 0.0000327735
E[P_sel(22)] = 0.0000454542
E[P_sel(23)] = 0.0000365307
E[P_sel(24)] = 0.0000376072
E[P_sel(25)] = 0.0000313969
E[P_sel(26)] = 0.0000306279
E[P_sel(27)] = 0.0000264174
E[P_sel(28)] = 0.0000288343
E[P_sel(29)] = 0.0000331236
E[P_sel(30)] = 0.0000258726
E[P_sel(31)] = 0.0000326663
E[P_sel(32)] = 0.0000319989
E[P_sel(33)] = 0.0000242095
E[P_sel(34)] = 0.0000257520
E[P_sel(35)] = 0.0000297921
E[P_sel(36)] = 0.0000242280
E[P_sel(37)] = 0.0000283091
E[P_sel(38)] = 0.0000240088
E[P_sel(39)] = 0.0000265848
E[P_sel(40)] = 0.0000282597
E[P_sel(41)] = 0.0000271377
E[P_sel(42)] = 0.0000314292
E[P_sel(43)] = 0.0000275026
E[P_sel(44)] = 0.0000332260
E[P_sel(45)] = 0.0000345559
E[P_sel(46)] = 0.0000392864
E[P_sel(47)] = 0.0000509330
E[P_sel(48)] = 0.0000576952
E[P_sel(49)] = 0.0000926549

---- alpha_dfe = 0.409880

