---- Running command
---- ./polyDFE -d RevisionsCapsellaPolyDFE10/GOTermCount6_5.98523985239852_PolyDFE.input -m C -i /home/jejames/ArabidopsisCrossGenome/model.txt 1 -e 
---- Performing inference using model C

---- Performing inference on RevisionsCapsellaPolyDFE10/GOTermCount6_5.98523985239852_PolyDFE.input
----      with -i /home/jejames/ArabidopsisCrossGenome/model.txt 1
---- Data RevisionsCapsellaPolyDFE10/GOTermCount6_5.98523985239852_PolyDFE.input does not contain divergence counts. Using option -w.
---- No mutation variability. Using Poisson likelihood.


---- Calculating initial values

-- Starting local optimization
-- Optimizing all parameters
  it        eps_an     theta_bar           S_d             b           p_b           S_b           r 2           r 3           r 4           r 5           r 6           r 7           r 8           r 9          r 10          r 11          r 12          r 13          r 14          r 15          r 16          r 17          r 18          r 19          r 20          r 21          r 22          r 23          r 24          r 25          r 26          r 27          r 28          r 29          r 30          r 31          r 32          r 33          r 34          r 35          r 36          r 37          r 38          r 39          r 40          r 41          r 42          r 43          r 44          r 45          r 46          r 47          r 48          r 49           ln lk          grad status 
   0           0.1 0.01557834698        -20000         0.406           0.1            20 0.94532689776 0.88591487494 0.96814392277 0.93659499780 0.95989469065 0.90702062308 0.91724440544 0.97661254936 0.89776217639 0.81619131197 0.86090390522 0.97999122422 0.98288723124 0.84313295304 0.92461605967 0.76235190873 0.92093023255 0.97459412022 0.73628784554 0.81733216322 0.81088196577 0.88810881965 0.85405879771 0.94339622641 0.84308907415 1.04256252742 0.83545414655 0.99635805177 0.98859148749 1.14396665204 1.03062746818 1.15550680122 1.21290039491 1.24243089074 1.39008336989 1.20465116279 1.45897323387 1.40153576129 1.28828433523 1.61373409390 1.91110136024 1.69245283018 2.03492759982 2.56888986397 2.51092584466 2.99034664326 4.35559455901             1 -5644.545467409 67.3872524121   -2 
 323 0.00300911397 0.01389683456 -631.20394057 0.35593002514 0.00819030780 7.47285004423 0.96137113002 0.86862189325 0.92573593365 0.89420474377 0.95380095953 0.89474065745 0.91926839102 0.92012310938 0.88970105298 0.85975550238 0.84571638841 0.87209627143 0.92478369795 0.84219472283 0.87114324948 0.76141558637 0.85153184900 0.89285440860 0.65964080191 0.77121331976 0.66769834098 0.72378004056 0.67564945044 0.88213888288 0.81067842671 0.84318014478 0.74304340896 0.83134012623 0.81378430815 0.96336396950 0.94421239076 0.94818736018 0.95803015266 1.02292964856 1.03155827787 0.94168495433 1.15643810126 1.16334049947 1.01017903487 1.14961223152 1.39218123469 1.33862166194 1.18810847617 1.42655438839 1.17859398614 1.40898172118 1.87578159885 3.09629423617 -344.1800581733 0.00107369845   -8 
-- Local optimization: reached maximum number of likelihood evaluations allowed.
---- Best joint likelihood found -344.180058173363250 with gradient 0.00107

---- Results for RevisionsCapsellaPolyDFE10/GOTermCount6_5.98523985239852_PolyDFE.input 
--  Model: C
--        eps_an     theta_bar             a 
-- 0.00300911397 0.01389683456            -1 
--           S_d             b           p_b           S_b 
-- -631.20394057 0.35593002514 0.00819030780 7.47285004423 
--           r 2           r 3           r 4           r 5           r 6           r 7           r 8           r 9          r 10          r 11          r 12          r 13          r 14          r 15          r 16          r 17          r 18          r 19          r 20          r 21          r 22          r 23          r 24          r 25          r 26          r 27          r 28          r 29          r 30          r 31          r 32          r 33          r 34          r 35          r 36          r 37          r 38          r 39          r 40          r 41          r 42          r 43          r 44          r 45          r 46          r 47          r 48          r 49 
-- 0.96137113002 0.86862189325 0.92573593365 0.89420474377 0.95380095953 0.89474065745 0.91926839102 0.92012310938 0.88970105298 0.85975550238 0.84571638841 0.87209627143 0.92478369795 0.84219472283 0.87114324948 0.76141558637 0.85153184900 0.89285440860 0.65964080191 0.77121331976 0.66769834098 0.72378004056 0.67564945044 0.88213888288 0.81067842671 0.84318014478 0.74304340896 0.83134012623 0.81378430815 0.96336396950 0.94421239076 0.94818736018 0.95803015266 1.02292964856 1.03155827787 0.94168495433 1.15643810126 1.16334049947 1.01017903487 1.14961223152 1.39218123469 1.33862166194 1.18810847617 1.42655438839 1.17859398614 1.40898172118 1.87578159885 3.09629423617 

---- Expected P_neut(i), 0 < i < n (neutral SFS per site) 
E[P_neut(1)] = 0.0138576598
E[P_neut(2)] = 0.0066615410
E[P_neut(3)] = 0.0040128441
E[P_neut(4)] = 0.0032075933
E[P_neut(5)] = 0.0024791701
E[P_neut(6)] = 0.0022036173
E[P_neut(7)] = 0.0017722514
E[P_neut(8)] = 0.0015934461
E[P_neut(9)] = 0.0014176527
E[P_neut(10)] = 0.0012337384
E[P_neut(11)] = 0.0010841499
E[P_neut(12)] = 0.0009777239
E[P_neut(13)] = 0.0009305188
E[P_neut(14)] = 0.0009164050
E[P_neut(15)] = 0.0007791303
E[P_neut(16)] = 0.0007555349
E[P_neut(17)] = 0.0006217560
E[P_neut(18)] = 0.0006566777
E[P_neut(19)] = 0.0006523792
E[P_neut(20)] = 0.0004581011
E[P_neut(21)] = 0.0005100166
E[P_neut(22)] = 0.0004216084
E[P_neut(23)] = 0.0004373053
E[P_neut(24)] = 0.0003913511
E[P_neut(25)] = 0.0004903575
E[P_neut(26)] = 0.0004331758
E[P_neut(27)] = 0.0004339928
E[P_neut(28)] = 0.0003689434
E[P_neut(29)] = 0.0003987161
E[P_neut(30)] = 0.0003772124
E[P_neut(31)] = 0.0004325272
E[P_neut(32)] = 0.0004107932
E[P_neut(33)] = 0.0003999685
E[P_neut(34)] = 0.0003926746
E[P_neut(35)] = 0.0004072824
E[P_neut(36)] = 0.0003997694
E[P_neut(37)] = 0.0003554286
E[P_neut(38)] = 0.0004245911
E[P_neut(39)] = 0.0004165531
E[P_neut(40)] = 0.0003536217
E[P_neut(41)] = 0.0003927605
E[P_neut(42)] = 0.0004640598
E[P_neut(43)] = 0.0004366620
E[P_neut(44)] = 0.0003807672
E[P_neut(45)] = 0.0004466994
E[P_neut(46)] = 0.0003646657
E[P_neut(47)] = 0.0004274581
E[P_neut(48)] = 0.0005615381
E[P_neut(49)] = 0.0009173113

---- Expected P_sel(i), 0 < i < n (selected SFS per site) 
E[P_sel(1)] = 0.0051029804
E[P_sel(2)] = 0.0017398882
E[P_sel(3)] = 0.0008828287
E[P_sel(4)] = 0.0006323919
E[P_sel(5)] = 0.0004514842
E[P_sel(6)] = 0.0003773623
E[P_sel(7)] = 0.0002887059
E[P_sel(8)] = 0.0002489678
E[P_sel(9)] = 0.0002137490
E[P_sel(10)] = 0.0001803463
E[P_sel(11)] = 0.0001542101
E[P_sel(12)] = 0.0001357396
E[P_sel(13)] = 0.0001264147
E[P_sel(14)] = 0.0001220795
E[P_sel(15)] = 0.0001019620
E[P_sel(16)] = 0.0000972893
E[P_sel(17)] = 0.0000788870
E[P_sel(18)] = 0.0000822015
E[P_sel(19)] = 0.0000806594
E[P_sel(20)] = 0.0000559994
E[P_sel(21)] = 0.0000617032
E[P_sel(22)] = 0.0000505254
E[P_sel(23)] = 0.0000519550
E[P_sel(24)] = 0.0000461316
E[P_sel(25)] = 0.0000573942
E[P_sel(26)] = 0.0000503799
E[P_sel(27)] = 0.0000501913
E[P_sel(28)] = 0.0000424592
E[P_sel(29)] = 0.0000456933
E[P_sel(30)] = 0.0000430772
E[P_sel(31)] = 0.0000492607
E[P_sel(32)] = 0.0000466920
E[P_sel(33)] = 0.0000454042
E[P_sel(34)] = 0.0000445633
E[P_sel(35)] = 0.0000462411
E[P_sel(36)] = 0.0000454587
E[P_sel(37)] = 0.0000405203
E[P_sel(38)] = 0.0000485639
E[P_sel(39)] = 0.0000478774
E[P_sel(40)] = 0.0000409186
E[P_sel(41)] = 0.0000457992
E[P_sel(42)] = 0.0000546115
E[P_sel(43)] = 0.0000520084
E[P_sel(44)] = 0.0000460803
E[P_sel(45)] = 0.0000549607
E[P_sel(46)] = 0.0000460564
E[P_sel(47)] = 0.0000555170
E[P_sel(48)] = 0.0000761400
E[P_sel(49)] = 0.0001346649

---- alpha_dfe = 0.427415

