---- Running command
---- ./polyDFE -d RevisionsCapsellaPolyDFE10/aranetconnec10_386.080910240202_PolyDFE.input -m C -i /home/jejames/ArabidopsisCrossGenome/model.txt 1 -e 
---- Performing inference using model C

---- Performing inference on RevisionsCapsellaPolyDFE10/aranetconnec10_386.080910240202_PolyDFE.input
----      with -i /home/jejames/ArabidopsisCrossGenome/model.txt 1
---- Data RevisionsCapsellaPolyDFE10/aranetconnec10_386.080910240202_PolyDFE.input does not contain divergence counts. Using option -w.
---- No mutation variability. Using Poisson likelihood.


---- Calculating initial values

-- Starting local optimization
-- Optimizing all parameters
  it        eps_an     theta_bar           S_d             b           p_b           S_b           r 2           r 3           r 4           r 5           r 6           r 7           r 8           r 9          r 10          r 11          r 12          r 13          r 14          r 15          r 16          r 17          r 18          r 19          r 20          r 21          r 22          r 23          r 24          r 25          r 26          r 27          r 28          r 29          r 30          r 31          r 32          r 33          r 34          r 35          r 36          r 37          r 38          r 39          r 40          r 41          r 42          r 43          r 44          r 45          r 46          r 47          r 48          r 49           ln lk          grad status 
   0           0.1 0.01609537570        -20000         0.604           0.1            20 0.88261329364 0.82816967608 0.81328580940 0.81547922133 0.76589244447 0.85433394696 0.74387998903 0.80055618659 0.73126787043 0.73588970271 0.71630566761 0.77548862167 0.75672711605 0.79315342133 0.72758607183 0.77439191571 0.73675140025 0.72261172692 0.60710508793 0.84309271082 0.65230504093 0.65673103286 0.70408522972 0.80294543887 0.67314245427 0.67788179076 0.62841251811 0.75535623359 0.67564921076 0.89730131996 0.85856409854 0.91383024558 0.70447691042 0.97332654420 1.15624143198 1.08256629195 1.00614938701 1.11817006776 1.25807841447 1.34734244643 1.32591751204 1.96044024910 1.74235243429 1.89651795856 2.44855273980 2.93071168383 4.29219380361             1 -5863.774776238 83.8894770022   -2 
 823 0.00765881022 0.01441383324 -1357.7631407 0.44568517140 0.03528124676 0.47472227503 0.90236146965 0.80677932320 0.79460450240 0.80053934151 0.73105850587 0.78838921380 0.75200111878 0.74436101753 0.68134504428 0.70851688131 0.72987362879 0.73921672533 0.69029012208 0.75073948958 0.71110387595 0.73577506765 0.72623004764 0.66140444200 0.58613746492 0.71316999743 0.61854241173 0.65375577561 0.68313306344 0.69882323068 0.59984956842 0.59574214158 0.61858761462 0.64008437466 0.54690196282 0.74985006132 0.68159588855 0.67690631816 0.54667275821 0.72605649370 0.94477733592 0.85313478036 0.77586633589  0.8667406332 0.95083022474 0.91632176504 0.82498366065 1.33300822229 1.15178272362 1.06792924619 1.23450890621 1.39668927493 1.80513395033 2.46528193739 -321.3871904441 0.00009710968    0 
---- Best joint likelihood found -321.387190444163537 with gradient 0.00010

---- Results for RevisionsCapsellaPolyDFE10/aranetconnec10_386.080910240202_PolyDFE.input 
--  Model: C
--        eps_an     theta_bar             a 
-- 0.00765881022 0.01441383324            -1 
--           S_d             b           p_b           S_b 
-- -1357.7631407 0.44568517140 0.03528124676 0.47472227503 
--           r 2           r 3           r 4           r 5           r 6           r 7           r 8           r 9          r 10          r 11          r 12          r 13          r 14          r 15          r 16          r 17          r 18          r 19          r 20          r 21          r 22          r 23          r 24          r 25          r 26          r 27          r 28          r 29          r 30          r 31          r 32          r 33          r 34          r 35          r 36          r 37          r 38          r 39          r 40          r 41          r 42          r 43          r 44          r 45          r 46          r 47          r 48          r 49 
-- 0.90236146965 0.80677932320 0.79460450240 0.80053934151 0.73105850587 0.78838921380 0.75200111878 0.74436101753 0.68134504428 0.70851688131 0.72987362879 0.73921672533 0.69029012208 0.75073948958 0.71110387595 0.73577506765 0.72623004764 0.66140444200 0.58613746492 0.71316999743 0.61854241173 0.65375577561 0.68313306344 0.69882323068 0.59984956842 0.59574214158 0.61858761462 0.64008437466 0.54690196282 0.74985006132 0.68159588855 0.67690631816 0.54667275821 0.72605649370 0.94477733592 0.85313478036 0.77586633589  0.8667406332 0.95083022474 0.91632176504 0.82498366065 1.33300822229 1.15178272362 1.06792924619 1.23450890621 1.39668927493 1.80513395033 2.46528193739 

---- Expected P_neut(i), 0 < i < n (neutral SFS per site) 
E[P_neut(1)] = 0.0143089945
E[P_neut(2)] = 0.0064575883
E[P_neut(3)] = 0.0038498538
E[P_neut(4)] = 0.0028443572
E[P_neut(5)] = 0.0022927132
E[P_neut(6)] = 0.0017456650
E[P_neut(7)] = 0.0016143762
E[P_neut(8)] = 0.0013466938
E[P_neut(9)] = 0.0011854587
E[P_neut(10)] = 0.0009771819
E[P_neut(11)] = 0.0009237469
E[P_neut(12)] = 0.0008722293
E[P_neut(13)] = 0.0008158794
E[P_neut(14)] = 0.0007081488
E[P_neut(15)] = 0.0007181672
E[P_neut(16)] = 0.0006374770
E[P_neut(17)] = 0.0006213300
E[P_neut(18)] = 0.0005794396
E[P_neut(19)] = 0.0005005839
E[P_neut(20)] = 0.0004212016
E[P_neut(21)] = 0.0004881882
E[P_neut(22)] = 0.0004045881
E[P_neut(23)] = 0.0004089991
E[P_neut(24)] = 0.0004096783
E[P_neut(25)] = 0.0004029089
E[P_neut(26)] = 0.0003331388
E[P_neut(27)] = 0.0003187364
E[P_neut(28)] = 0.0003191013
E[P_neut(29)] = 0.0003194527
E[P_neut(30)] = 0.0002639879
E[P_neut(31)] = 0.0003498247
E[P_neut(32)] = 0.0003091154
E[P_neut(33)] = 0.0002981745
E[P_neut(34)] = 0.0002348857
E[P_neut(35)] = 0.0003022424
E[P_neut(36)] = 0.0003808199
E[P_neut(37)] = 0.0003360816
E[P_neut(38)] = 0.0002987554
E[P_neut(39)] = 0.0003249918
E[P_neut(40)] = 0.0003475251
E[P_neut(41)] = 0.0003288023
E[P_neut(42)] = 0.0002913318
E[P_neut(43)] = 0.0004558426
E[P_neut(44)] = 0.0003878700
E[P_neut(45)] = 0.0003571206
E[P_neut(46)] = 0.0004057932
E[P_neut(47)] = 0.0004547399
E[P_neut(48)] = 0.0005877160
E[P_neut(49)] = 0.0008300257

---- Expected P_sel(i), 0 < i < n (selected SFS per site) 
E[P_sel(1)] = 0.0037361042
E[P_sel(2)] = 0.0011282031
E[P_sel(3)] = 0.0005615188
E[P_sel(4)] = 0.0003720594
E[P_sel(5)] = 0.0002780395
E[P_sel(6)] = 0.0001999594
E[P_sel(7)] = 0.0001767736
E[P_sel(8)] = 0.0001421662
E[P_sel(9)] = 0.0001213426
E[P_sel(10)] = 0.0000974225
E[P_sel(11)] = 0.0000900292
E[P_sel(12)] = 0.0000833362
E[P_sel(13)] = 0.0000765882
E[P_sel(14)] = 0.0000654345
E[P_sel(15)] = 0.0000654429
E[P_sel(16)] = 0.0000573617
E[P_sel(17)] = 0.0000552665
E[P_sel(18)] = 0.0000510043
E[P_sel(19)] = 0.0000436424
E[P_sel(20)] = 0.0000364053
E[P_sel(21)] = 0.0000418598
E[P_sel(22)] = 0.0000344375
E[P_sel(23)] = 0.0000345799
E[P_sel(24)] = 0.0000344236
E[P_sel(25)] = 0.0000336625
E[P_sel(26)] = 0.0000276886
E[P_sel(27)] = 0.0000263649
E[P_sel(28)] = 0.0000262787
E[P_sel(29)] = 0.0000262035
E[P_sel(30)] = 0.0000215746
E[P_sel(31)] = 0.0000284905
E[P_sel(32)] = 0.0000251044
E[P_sel(33)] = 0.0000241527
E[P_sel(34)] = 0.0000189897
E[P_sel(35)] = 0.0000243747
E[P_sel(36)] = 0.0000306342
E[P_sel(37)] = 0.0000270083
E[P_sel(38)] = 0.0000239925
E[P_sel(39)] = 0.0000260684
E[P_sel(40)] = 0.0000278517
E[P_sel(41)] = 0.0000263832
E[P_sel(42)] = 0.0000234373
E[P_sel(43)] = 0.0000365888
E[P_sel(44)] = 0.0000312640
E[P_sel(45)] = 0.0000290737
E[P_sel(46)] = 0.0000333084
E[P_sel(47)] = 0.0000380255
E[P_sel(48)] = 0.0000513366
E[P_sel(49)] = 0.0000858629

---- alpha_dfe = 0.566752

