---- Running command
---- ./polyDFE -d RevisionsCapsellaPolyDFE10/aranetconnec2_5.19768786127168_PolyDFE.input -m C -i /home/jejames/ArabidopsisCrossGenome/model.txt 1 -e 
---- Performing inference using model C

---- Performing inference on RevisionsCapsellaPolyDFE10/aranetconnec2_5.19768786127168_PolyDFE.input
----      with -i /home/jejames/ArabidopsisCrossGenome/model.txt 1
---- Data RevisionsCapsellaPolyDFE10/aranetconnec2_5.19768786127168_PolyDFE.input does not contain divergence counts. Using option -w.
---- No mutation variability. Using Poisson likelihood.


---- Calculating initial values

-- Starting local optimization
-- Optimizing all parameters
  it        eps_an     theta_bar           S_d             b           p_b           S_b           r 2           r 3           r 4           r 5           r 6           r 7           r 8           r 9          r 10          r 11          r 12          r 13          r 14          r 15          r 16          r 17          r 18          r 19          r 20          r 21          r 22          r 23          r 24          r 25          r 26          r 27          r 28          r 29          r 30          r 31          r 32          r 33          r 34          r 35          r 36          r 37          r 38          r 39          r 40          r 41          r 42          r 43          r 44          r 45          r 46          r 47          r 48          r 49           ln lk          grad status 
   0           0.1 0.01668369131        -80000         0.208           0.1            20 0.91024041261 0.86810581482 0.88561683720 0.88012644538 0.88320439231 0.85978703934 0.92338407786 0.87035188420 0.80983279261 0.73113717660 0.76915398053 0.75646784793 0.79777056817 0.86723234339 0.83919807004 0.76012810914 0.81756925380 0.79107395391 0.75118542550 0.73284252558 0.88303801680 0.90978287996 0.98028450212 0.82147907827 0.81973213542 0.98714749188 1.07728142417 0.90587305548 0.85724981282 0.88840362698 1.04883121204 0.98140753681 1.00266200815 0.97537642459 1.09308709757 1.15576907079 1.18384493802 1.13875717494 1.46909574910 1.30459196406 1.56351385076 1.74740038266 1.92346726561 2.26104317444 2.27110889277 3.07507694867 4.46818068380             1 -5472.872980659 80.0718773360   -2 
1132 0.00005951933 0.01479045267 -702.62970730 0.26868982053 0.00541778760 11.4519727581 0.89835372603 0.88322213560 0.91147204112 0.87763144321 0.83908440296 0.85205852942 0.86616181621 0.86291474960 0.76851701874 0.79914837796 0.83861948404 0.71791098109 0.77591019135 0.86770942982 0.81846407235 0.70448337722 0.73839064750 0.67917540367 0.70532713807 0.66784752914 0.75371764180 0.74155144973 0.70940301899 0.67666265107 0.70561058516 0.79867808537 0.87859287827 0.73574286452 0.76901124895 0.76894400519 0.99010083000 0.77746457267 0.86117230579 0.92535497110 0.84203316304 0.83320125926 0.93862699158 0.94578014633 1.03899048493 0.90253574180 1.10548001645 1.12880419456 1.32228007916 1.35581164106 1.25939830989 1.63547022869 2.06334202761 2.86351229436 -353.2157845117 0.00009392347    0 
---- Best joint likelihood found -353.215784511756510 with gradient 0.00009

---- Results for RevisionsCapsellaPolyDFE10/aranetconnec2_5.19768786127168_PolyDFE.input 
--  Model: C
--        eps_an     theta_bar             a 
-- 0.00005951933 0.01479045267            -1 
--           S_d             b           p_b           S_b 
-- -702.62970730 0.26868982053 0.00541778760 11.4519727581 
--           r 2           r 3           r 4           r 5           r 6           r 7           r 8           r 9          r 10          r 11          r 12          r 13          r 14          r 15          r 16          r 17          r 18          r 19          r 20          r 21          r 22          r 23          r 24          r 25          r 26          r 27          r 28          r 29          r 30          r 31          r 32          r 33          r 34          r 35          r 36          r 37          r 38          r 39          r 40          r 41          r 42          r 43          r 44          r 45          r 46          r 47          r 48          r 49 
-- 0.89835372603 0.88322213560 0.91147204112 0.87763144321 0.83908440296 0.85205852942 0.86616181621 0.86291474960 0.76851701874 0.79914837796 0.83861948404 0.71791098109 0.77591019135 0.86770942982 0.81846407235 0.70448337722 0.73839064750 0.67917540367 0.70532713807 0.66784752914 0.75371764180 0.74155144973 0.70940301899 0.67666265107 0.70561058516 0.79867808537 0.87859287827 0.73574286452 0.76901124895 0.76894400519 0.99010083000 0.77746457267 0.86117230579 0.92535497110 0.84203316304 0.83320125926 0.93862699158 0.94578014633 1.03899048493 0.90253574180 1.10548001645 1.12880419456 1.32228007916 1.35581164106 1.25939830989 1.63547022869 2.06334202761 2.86351229436 

---- Expected P_neut(i), 0 < i < n (neutral SFS per site) 
E[P_neut(1)] = 0.0147896238
E[P_neut(2)] = 0.0066431716
E[P_neut(3)] = 0.0043541899
E[P_neut(4)] = 0.0033700945
E[P_neut(5)] = 0.0025959853
E[P_neut(6)] = 0.0020683097
E[P_neut(7)] = 0.0018002490
E[P_neut(8)] = 0.0016012935
E[P_neut(9)] = 0.0014180349
E[P_neut(10)] = 0.0011366267
E[P_neut(11)] = 0.0010744816
E[P_neut(12)] = 0.0010335904
E[P_neut(13)] = 0.0008167580
E[P_neut(14)] = 0.0008196906
E[P_neut(15)] = 0.0008555600
E[P_neut(16)] = 0.0007565681
E[P_neut(17)] = 0.0006129036
E[P_neut(18)] = 0.0006067207
E[P_neut(19)] = 0.0005286910
E[P_neut(20)] = 0.0005215969
E[P_neut(21)] = 0.0004703642
E[P_neut(22)] = 0.0005067168
E[P_neut(23)] = 0.0004768621
E[P_neut(24)] = 0.0004371809
E[P_neut(25)] = 0.0004003259
E[P_neut(26)] = 0.0004013983
E[P_neut(27)] = 0.0004375138
E[P_neut(28)] = 0.0004641021
E[P_neut(29)] = 0.0003752460
E[P_neut(30)] = 0.0003791426
E[P_neut(31)] = 0.0003668816
E[P_neut(32)] = 0.0004576351
E[P_neut(33)] = 0.0003484719
E[P_neut(34)] = 0.0003746442
E[P_neut(35)] = 0.0003910682
E[P_neut(36)] = 0.0003459741
E[P_neut(37)] = 0.0003330943
E[P_neut(38)] = 0.0003653745
E[P_neut(39)] = 0.0003587225
E[P_neut(40)] = 0.0003842233
E[P_neut(41)] = 0.0003256482
E[P_neut(42)] = 0.0003893709
E[P_neut(43)] = 0.0003883521
E[P_neut(44)] = 0.0004445767
E[P_neut(45)] = 0.0004457517
E[P_neut(46)] = 0.0004051128
E[P_neut(47)] = 0.0005148955
E[P_neut(48)] = 0.0006361443
E[P_neut(49)] = 0.0008651685

---- Expected P_sel(i), 0 < i < n (selected SFS per site) 
E[P_sel(1)] = 0.0062355378
E[P_sel(2)] = 0.0021528413
E[P_sel(3)] = 0.0012390296
E[P_sel(4)] = 0.0008821345
E[P_sel(5)] = 0.0006394173
E[P_sel(6)] = 0.0004858330
E[P_sel(7)] = 0.0004068126
E[P_sel(8)] = 0.0003502677
E[P_sel(9)] = 0.0003016255
E[P_sel(10)] = 0.0002359278
E[P_sel(11)] = 0.0002182504
E[P_sel(12)] = 0.0002059143
E[P_sel(13)] = 0.0001598943
E[P_sel(14)] = 0.0001579369
E[P_sel(15)] = 0.0001624692
E[P_sel(16)] = 0.0001417657
E[P_sel(17)] = 0.0001134411
E[P_sel(18)] = 0.0001110259
E[P_sel(19)] = 0.0000957319
E[P_sel(20)] = 0.0000935269
E[P_sel(21)] = 0.0000835762
E[P_sel(22)] = 0.0000892766
E[P_sel(23)] = 0.0000833580
E[P_sel(24)] = 0.0000758649
E[P_sel(25)] = 0.0000690001
E[P_sel(26)] = 0.0000687527
E[P_sel(27)] = 0.0000745074
E[P_sel(28)] = 0.0000786186
E[P_sel(29)] = 0.0000632617
E[P_sel(30)] = 0.0000636427
E[P_sel(31)] = 0.0000613486
E[P_sel(32)] = 0.0000762689
E[P_sel(33)] = 0.0000579124
E[P_sel(34)] = 0.0000621205
E[P_sel(35)] = 0.0000647340
E[P_sel(36)] = 0.0000572083
E[P_sel(37)] = 0.0000550574
E[P_sel(38)] = 0.0000604158
E[P_sel(39)] = 0.0000593888
E[P_sel(40)] = 0.0000637506
E[P_sel(41)] = 0.0000542130
E[P_sel(42)] = 0.0000651234
E[P_sel(43)] = 0.0000653602
E[P_sel(44)] = 0.0000754380
E[P_sel(45)] = 0.0000764492
E[P_sel(46)] = 0.0000704570
E[P_sel(47)] = 0.0000912303
E[P_sel(48)] = 0.0001157633
E[P_sel(49)] = 0.0001653782

---- alpha_dfe = 0.310546

