---- Running command
---- ./polyDFE -d RevisionsCapsellaPolyDFE10/aranetconnec3_10.2599531615925_PolyDFE.input -m C -i /home/jejames/ArabidopsisCrossGenome/model.txt 1 -e 
---- Performing inference using model C

---- Performing inference on RevisionsCapsellaPolyDFE10/aranetconnec3_10.2599531615925_PolyDFE.input
----      with -i /home/jejames/ArabidopsisCrossGenome/model.txt 1
---- Data RevisionsCapsellaPolyDFE10/aranetconnec3_10.2599531615925_PolyDFE.input does not contain divergence counts. Using option -w.
---- No mutation variability. Using Poisson likelihood.


---- Calculating initial values

-- Starting local optimization
-- Optimizing all parameters
  it        eps_an     theta_bar           S_d             b           p_b           S_b           r 2           r 3           r 4           r 5           r 6           r 7           r 8           r 9          r 10          r 11          r 12          r 13          r 14          r 15          r 16          r 17          r 18          r 19          r 20          r 21          r 22          r 23          r 24          r 25          r 26          r 27          r 28          r 29          r 30          r 31          r 32          r 33          r 34          r 35          r 36          r 37          r 38          r 39          r 40          r 41          r 42          r 43          r 44          r 45          r 46          r 47          r 48          r 49           ln lk          grad status 
   0           0.1 0.01597695664        -80000         0.208           0.1            20 0.89131640708 0.87074887988 0.87015148282 0.94559419671 0.90531256667 0.85845956902 0.84762107958 1.02922978451 0.99509280989 0.89042031149 0.77883507574 0.78715596330 0.85427778963 0.91209729037 0.77013014721 0.85671004907 0.85410710475 0.89101770855 0.76637508000 0.81992745892 0.76791124386 0.90881160657 0.91452954981 0.84275656069 0.83985491785 0.93782803499 0.86264134841 0.78579048431 1.02666951141 1.12570940900 1.10330701941 1.11103050992 1.03298485171 1.23213142735 1.21356944740 1.21728184339 1.44151909537 1.51939406870 1.41327074887 1.46959675698 1.62551738852 1.80917431192 1.92259441007 2.55003200341 2.59492212502 3.08453168337 4.41595903563             1 -5847.410504971 89.7376218322   -2 
1488 0.00018570299 0.01416894693 -412.97300441 0.33572403235 0.00863897144 9.91850543484 0.88473525952 0.87358746844 0.91122546387 0.88494713116 0.92483100834 0.86905148395 0.84191830088 0.92958593735 0.95242140305 0.87158392980 0.77148832169 0.76869635111 0.79085370472 0.81983759036 0.75390224109 0.81729465540 0.82485247660 0.76173157533 0.69492217241 0.70352704484 0.71933688866 0.89903958594 0.73932718558 0.73713005487 0.72578985364 0.84418722006 0.68585889162 0.69782392968 0.86464048548 0.93839896189 0.96940739397 1.00019933467 0.95820472994 0.90329184594 1.01383628518 0.96226331270 1.07665691234 1.13959939632 1.09057170571 1.08546978756 1.17630804712 1.23836066470 1.36102135808 1.45387750482 1.51381813501 1.65458675365 2.04325771635 2.86629372106 -344.5041591494 0.00034108743   -3 
-- Local optimization: stuck in the same solution
---- Best joint likelihood found -344.504159149448469 with gradient 0.00034

---- Results for RevisionsCapsellaPolyDFE10/aranetconnec3_10.2599531615925_PolyDFE.input 
--  Model: C
--        eps_an     theta_bar             a 
-- 0.00018570299 0.01416894693            -1 
--           S_d             b           p_b           S_b 
-- -412.97300441 0.33572403235 0.00863897144 9.91850543484 
--           r 2           r 3           r 4           r 5           r 6           r 7           r 8           r 9          r 10          r 11          r 12          r 13          r 14          r 15          r 16          r 17          r 18          r 19          r 20          r 21          r 22          r 23          r 24          r 25          r 26          r 27          r 28          r 29          r 30          r 31          r 32          r 33          r 34          r 35          r 36          r 37          r 38          r 39          r 40          r 41          r 42          r 43          r 44          r 45          r 46          r 47          r 48          r 49 
-- 0.88473525952 0.87358746844 0.91122546387 0.88494713116 0.92483100834 0.86905148395 0.84191830088 0.92958593735 0.95242140305 0.87158392980 0.77148832169 0.76869635111 0.79085370472 0.81983759036 0.75390224109 0.81729465540 0.82485247660 0.76173157533 0.69492217241 0.70352704484 0.71933688866 0.89903958594 0.73932718558 0.73713005487 0.72578985364 0.84418722006 0.68585889162 0.69782392968 0.86464048548 0.93839896189 0.96940739397 1.00019933467 0.95820472994 0.90329184594 1.01383628518 0.96226331270 1.07665691234 1.13959939632 1.09057170571 1.08546978756 1.17630804712 1.23836066470 1.36102135808 1.45387750482 1.51381813501 1.65458675365 2.04325771635 2.86629372106 

---- Expected P_neut(i), 0 < i < n (neutral SFS per site) 
E[P_neut(1)] = 0.0141664696
E[P_neut(2)] = 0.0062668315
E[P_neut(3)] = 0.0041252646
E[P_neut(4)] = 0.0032272635
E[P_neut(5)] = 0.0025073731
E[P_neut(6)] = 0.0021836561
E[P_neut(7)] = 0.0017588269
E[P_neut(8)] = 0.0014909338
E[P_neut(9)] = 0.0014632705
E[P_neut(10)] = 0.0013493020
E[P_neut(11)] = 0.0011225435
E[P_neut(12)] = 0.0009108368
E[P_neut(13)] = 0.0008377296
E[P_neut(14)] = 0.0008003229
E[P_neut(15)] = 0.0007743398
E[P_neut(16)] = 0.0006675752
E[P_neut(17)] = 0.0006811418
E[P_neut(18)] = 0.0006492531
E[P_neut(19)] = 0.0005680233
E[P_neut(20)] = 0.0004923002
E[P_neut(21)] = 0.0004746531
E[P_neut(22)] = 0.0004632623
E[P_neut(23)] = 0.0005538248
E[P_neut(24)] = 0.0004364710
E[P_neut(25)] = 0.0004177743
E[P_neut(26)] = 0.0003955337
E[P_neut(27)] = 0.0004430296
E[P_neut(28)] = 0.0003470894
E[P_neut(29)] = 0.0003409707
E[P_neut(30)] = 0.0004083838
E[P_neut(31)] = 0.0004289331
E[P_neut(32)] = 0.0004292747
E[P_neut(33)] = 0.0004294944
E[P_neut(34)] = 0.0003993661
E[P_neut(35)] = 0.0003657529
E[P_neut(36)] = 0.0003991021
E[P_neut(37)] = 0.0003685806
E[P_neut(38)] = 0.0004015445
E[P_neut(39)] = 0.0004141553
E[P_neut(40)] = 0.0003864852
E[P_neut(41)] = 0.0003753232
E[P_neut(42)] = 0.0003970377
E[P_neut(43)] = 0.0004083036
E[P_neut(44)] = 0.0004386024
E[P_neut(45)] = 0.0004581565
E[P_neut(46)] = 0.0004668000
E[P_neut(47)] = 0.0004994768
E[P_neut(48)] = 0.0006041938
E[P_neut(49)] = 0.0008313010

---- Expected P_sel(i), 0 < i < n (selected SFS per site) 
E[P_sel(1)] = 0.0060924703
E[P_sel(2)] = 0.0019780686
E[P_sel(3)] = 0.0011104303
E[P_sel(4)] = 0.0007838434
E[P_sel(5)] = 0.0005651512
E[P_sel(6)] = 0.0004643882
E[P_sel(7)] = 0.0003567781
E[P_sel(8)] = 0.0002906999
E[P_sel(9)] = 0.0002758018
E[P_sel(10)] = 0.0002469305
E[P_sel(11)] = 0.0002001605
E[P_sel(12)] = 0.0001586945
E[P_sel(13)] = 0.0001429555
E[P_sel(14)] = 0.0001340319
E[P_sel(15)] = 0.0001274883
E[P_sel(16)] = 0.0001082148
E[P_sel(17)] = 0.0001088551
E[P_sel(18)] = 0.0001024155
E[P_sel(19)] = 0.0000885366
E[P_sel(20)] = 0.0000758957
E[P_sel(21)] = 0.0000724414
E[P_sel(22)] = 0.0000700528
E[P_sel(23)] = 0.0000830429
E[P_sel(24)] = 0.0000649447
E[P_sel(25)] = 0.0000617309
E[P_sel(26)] = 0.0000580794
E[P_sel(27)] = 0.0000646917
E[P_sel(28)] = 0.0000504349
E[P_sel(29)] = 0.0000493375
E[P_sel(30)] = 0.0000588842
E[P_sel(31)] = 0.0000616737
E[P_sel(32)] = 0.0000615951
E[P_sel(33)] = 0.0000615463
E[P_sel(34)] = 0.0000572011
E[P_sel(35)] = 0.0000524075
E[P_sel(36)] = 0.0000572620
E[P_sel(37)] = 0.0000530086
E[P_sel(38)] = 0.0000579528
E[P_sel(39)] = 0.0000600615
E[P_sel(40)] = 0.0000564026
E[P_sel(41)] = 0.0000552109
E[P_sel(42)] = 0.0000589840
E[P_sel(43)] = 0.0000614017
E[P_sel(44)] = 0.0000669514
E[P_sel(45)] = 0.0000712289
E[P_sel(46)] = 0.0000742399
E[P_sel(47)] = 0.0000817445
E[P_sel(48)] = 0.0001027446
E[P_sel(49)] = 0.0001506836

---- alpha_dfe = 0.443070

