---- Running command
---- ./polyDFE -d RevisionsCapsellaPolyDFE10/aranetconnec4_16.769512195122_PolyDFE.input -m C -i /home/jejames/ArabidopsisCrossGenome/model.txt 1 -e 
---- Performing inference using model C

---- Performing inference on RevisionsCapsellaPolyDFE10/aranetconnec4_16.769512195122_PolyDFE.input
----      with -i /home/jejames/ArabidopsisCrossGenome/model.txt 1
---- Data RevisionsCapsellaPolyDFE10/aranetconnec4_16.769512195122_PolyDFE.input does not contain divergence counts. Using option -w.
---- No mutation variability. Using Poisson likelihood.


---- Calculating initial values

-- Starting local optimization
-- Optimizing all parameters
  it        eps_an     theta_bar           S_d             b           p_b           S_b           r 2           r 3           r 4           r 5           r 6           r 7           r 8           r 9          r 10          r 11          r 12          r 13          r 14          r 15          r 16          r 17          r 18          r 19          r 20          r 21          r 22          r 23          r 24          r 25          r 26          r 27          r 28          r 29          r 30          r 31          r 32          r 33          r 34          r 35          r 36          r 37          r 38          r 39          r 40          r 41          r 42          r 43          r 44          r 45          r 46          r 47          r 48          r 49           ln lk          grad status 
   0           0.1 0.01600545903        -80000         0.208           0.1            20 0.95693820825 0.90160359204 0.86243318366 0.91982039769 0.92033354714 0.83185802865 0.84464400256 0.85169980756 0.89972204404 0.89655762240 0.84207825529 0.91836647423 0.79324353217 0.81654906991 0.86482788112 0.83745991019 0.89903784477 0.93923455206 0.78768441308 0.84143681847 0.79777635236 0.68159076330 0.72661962796 0.91939277314 0.85832798802 0.73547145606 0.80461834509 0.83459482574 0.88389993585 1.06581141757 1.13850759033 1.19666452854 1.18640153944 1.22279238828 1.11610006414 1.37335899080 1.24960444729 1.52431045542 1.32734658969 1.53760957878 1.69005772931 1.71190934359 2.03771648492 2.30532392559 2.71062646995 3.32024802223 4.39461193072             1 -5845.933745172 93.6098556979   -2 
1128 0.00031689257 0.01443947182 -572.23797995 0.30953579418 0.00409285428 16.9457311831 0.91370743010 0.87481040323 0.84890580641 0.86832724235 0.87135836949 0.82484255937 0.84148016784 0.82831804158 0.85125412581 0.77883888346 0.76134372601 0.83189752929 0.79766855822 0.83079380787 0.80608365382 0.77313172400 0.78250673626 0.84740236180 0.72696260742 0.81964380540 0.68957666588 0.62248735575 0.72414703358 0.76252411138 0.81354642033 0.71434862099 0.71629599171 0.77077003065 0.81313631187 0.90758640746 0.89294766343 0.92990887403 0.93492070402 0.97981945907 0.85434267195 1.01904082449 0.94716699772 1.15691396672 0.92920413535 1.20338648580 1.03181019570 1.25540260604 1.19666466324 1.26938877948 1.55394712779 1.88192861465 1.99382163376 3.00965590851 -341.0409954782 0.00762032867   -8 
-- Local optimization: reached maximum number of likelihood evaluations allowed.
---- Best joint likelihood found -341.040995478255695 with gradient 0.00762

---- Results for RevisionsCapsellaPolyDFE10/aranetconnec4_16.769512195122_PolyDFE.input 
--  Model: C
--        eps_an     theta_bar             a 
-- 0.00031689257 0.01443947182            -1 
--           S_d             b           p_b           S_b 
-- -572.23797995 0.30953579418 0.00409285428 16.9457311831 
--           r 2           r 3           r 4           r 5           r 6           r 7           r 8           r 9          r 10          r 11          r 12          r 13          r 14          r 15          r 16          r 17          r 18          r 19          r 20          r 21          r 22          r 23          r 24          r 25          r 26          r 27          r 28          r 29          r 30          r 31          r 32          r 33          r 34          r 35          r 36          r 37          r 38          r 39          r 40          r 41          r 42          r 43          r 44          r 45          r 46          r 47          r 48          r 49 
-- 0.91370743010 0.87481040323 0.84890580641 0.86832724235 0.87135836949 0.82484255937 0.84148016784 0.82831804158 0.85125412581 0.77883888346 0.76134372601 0.83189752929 0.79766855822 0.83079380787 0.80608365382 0.77313172400 0.78250673626 0.84740236180 0.72696260742 0.81964380540 0.68957666588 0.62248735575 0.72414703358 0.76252411138 0.81354642033 0.71434862099 0.71629599171 0.77077003065 0.81313631187 0.90758640746 0.89294766343 0.92990887403 0.93492070402 0.97981945907 0.85434267195 1.01904082449 0.94716699772 1.15691396672 0.92920413535 1.20338648580 1.03181019570 1.25540260604 1.19666466324 1.26938877948 1.55394712779 1.88192861465 1.99382163376 3.00965590851 

---- Expected P_neut(i), 0 < i < n (neutral SFS per site) 
E[P_neut(1)] = 0.0144351771
E[P_neut(2)] = 0.0065948260
E[P_neut(3)] = 0.0042094490
E[P_neut(4)] = 0.0030636213
E[P_neut(5)] = 0.0025069718
E[P_neut(6)] = 0.0020964524
E[P_neut(7)] = 0.0017010645
E[P_neut(8)] = 0.0015184473
E[P_neut(9)] = 0.0013286548
E[P_neut(10)] = 0.0012288828
E[P_neut(11)] = 0.0010221774
E[P_neut(12)] = 0.0009159405
E[P_neut(13)] = 0.0009238456
E[P_neut(14)] = 0.0008225559
E[P_neut(15)] = 0.0007996229
E[P_neut(16)] = 0.0007273592
E[P_neut(17)] = 0.0006566040
E[P_neut(18)] = 0.0006276501
E[P_neut(19)] = 0.0006439321
E[P_neut(20)] = 0.0005248055
E[P_neut(21)] = 0.0005635251
E[P_neut(22)] = 0.0004525701
E[P_neut(23)] = 0.0003907967
E[P_neut(24)] = 0.0004356843
E[P_neut(25)] = 0.0004404178
E[P_neut(26)] = 0.0004518095
E[P_neut(27)] = 0.0003820330
E[P_neut(28)] = 0.0003694169
E[P_neut(29)] = 0.0003838333
E[P_neut(30)] = 0.0003914176
E[P_neut(31)] = 0.0004228143
E[P_neut(32)] = 0.0004029991
E[P_neut(33)] = 0.0004069699
E[P_neut(34)] = 0.0003971565
E[P_neut(35)] = 0.0004043561
E[P_neut(36)] = 0.0003428259
E[P_neut(37)] = 0.0003978536
E[P_neut(38)] = 0.0003600866
E[P_neut(39)] = 0.0004285274
E[P_neut(40)] = 0.0003357136
E[P_neut(41)] = 0.0004240982
E[P_neut(42)] = 0.0003551021
E[P_neut(43)] = 0.0004219719
E[P_neut(44)] = 0.0003932493
E[P_neut(45)] = 0.0004079834
E[P_neut(46)] = 0.0004886030
E[P_neut(47)] = 0.0005793225
E[P_neut(48)] = 0.0006016865
E[P_neut(49)] = 0.0008911894

---- Expected P_sel(i), 0 < i < n (selected SFS per site) 
E[P_sel(1)] = 0.0058987558
E[P_sel(2)] = 0.0019969100
E[P_sel(3)] = 0.0010962421
E[P_sel(4)] = 0.0007240033
E[P_sel(5)] = 0.0005519991
E[P_sel(6)] = 0.0004368122
E[P_sel(7)] = 0.0003388173
E[P_sel(8)] = 0.0002912002
E[P_sel(9)] = 0.0002466332
E[P_sel(10)] = 0.0002217050
E[P_sel(11)] = 0.0001798119
E[P_sel(12)] = 0.0001575200
E[P_sel(13)] = 0.0001556651
E[P_sel(14)] = 0.0001360449
E[P_sel(15)] = 0.0001300199
E[P_sel(16)] = 0.0001164333
E[P_sel(17)] = 0.0001035992
E[P_sel(18)] = 0.0000977146
E[P_sel(19)] = 0.0000990116
E[P_sel(20)] = 0.0000797670
E[P_sel(21)] = 0.0000847347
E[P_sel(22)] = 0.0000673710
E[P_sel(23)] = 0.0000576330
E[P_sel(24)] = 0.0000636947
E[P_sel(25)] = 0.0000638660
E[P_sel(26)] = 0.0000650257
E[P_sel(27)] = 0.0000546008
E[P_sel(28)] = 0.0000524593
E[P_sel(29)] = 0.0000541868
E[P_sel(30)] = 0.0000549628
E[P_sel(31)] = 0.0000590880
E[P_sel(32)] = 0.0000560814
E[P_sel(33)] = 0.0000564286
E[P_sel(34)] = 0.0000549029
E[P_sel(35)] = 0.0000557679
E[P_sel(36)] = 0.0000472069
E[P_sel(37)] = 0.0000547397
E[P_sel(38)] = 0.0000495491
E[P_sel(39)] = 0.0000590325
E[P_sel(40)] = 0.0000463603
E[P_sel(41)] = 0.0000587828
E[P_sel(42)] = 0.0000494959
E[P_sel(43)] = 0.0000592635
E[P_sel(44)] = 0.0000558082
E[P_sel(45)] = 0.0000587243
E[P_sel(46)] = 0.0000716837
E[P_sel(47)] = 0.0000873497
E[P_sel(48)] = 0.0000947907
E[P_sel(49)] = 0.0001542568

---- alpha_dfe = 0.377391

