---- Running command
---- ./polyDFE -d RevisionsCapsellaPolyDFE10/aranetconnec7_68.4915254237288_PolyDFE.input -m C -i /home/jejames/ArabidopsisCrossGenome/model.txt 1 -e 
---- Performing inference using model C

---- Performing inference on RevisionsCapsellaPolyDFE10/aranetconnec7_68.4915254237288_PolyDFE.input
----      with -i /home/jejames/ArabidopsisCrossGenome/model.txt 1
---- Data RevisionsCapsellaPolyDFE10/aranetconnec7_68.4915254237288_PolyDFE.input does not contain divergence counts. Using option -w.
---- No mutation variability. Using Poisson likelihood.


---- Calculating initial values

-- Starting local optimization
-- Optimizing all parameters
  it        eps_an     theta_bar           S_d             b           p_b           S_b           r 2           r 3           r 4           r 5           r 6           r 7           r 8           r 9          r 10          r 11          r 12          r 13          r 14          r 15          r 16          r 17          r 18          r 19          r 20          r 21          r 22          r 23          r 24          r 25          r 26          r 27          r 28          r 29          r 30          r 31          r 32          r 33          r 34          r 35          r 36          r 37          r 38          r 39          r 40          r 41          r 42          r 43          r 44          r 45          r 46          r 47          r 48          r 49           ln lk          grad status 
   0           0.1 0.01587161187        -20000         0.406           0.1            20 0.92520027864 0.91078892372 0.87356321839 0.95567746429 0.89263322884 0.97770811563 0.91814698711 1.00039184952 0.88906304423 0.92720306513 0.89759665621 0.90277777777 0.88810518982 0.87578369905 0.80111459421 0.81491640543 0.84952978056 0.84626436781 0.82288401253 0.81648380355 0.85823754789 0.99538488331 1.02298850574 0.78369905956 0.73693834900 1.01802507836 0.95576454197 0.95580808080 0.97309299895 0.98123476140 0.99756182514 1.13362068965 1.22866597004 1.08041623127 0.99216300940 1.08738244514 1.35997910135 1.33124346917 1.49425287356 1.45842041100 1.83594566353 1.93207941483 2.05555555555 2.48824451410 2.61163357715 3.18612852664 4.39916405433             1 -5611.651498370 73.3882710741   -2 
 636 0.00014774482 0.01405270978 -808.73350348 0.34580937791 0.00624005042 5.59564403022 0.93989273130 0.93128123947 0.88621870500 0.92542323112 0.85630352026 0.89981318802 0.92977665981 0.93296028156 0.90560459952 0.89665075395 0.82978542681 0.87301988256 0.86108489171 0.85915100622 0.76870712515 0.76363480992 0.77009438208 0.82640746542 0.75233295397 0.76511855931 0.76927646503 0.86786515684 0.92098942511 0.84827878415 0.62663400891 0.78262105404 0.88101533408 0.79688019072 0.85808204013 0.76224420204 0.97830092074 0.88474044048 0.93074315752 0.85428211624 0.80067613250 0.87354771092 1.08279878850 0.93105062254 1.06289695997 1.05511894562 1.39795078335 1.35923207245 1.39992948900 1.42802441444 1.51676561804 1.76934869814 2.00158368264 3.49019220357 -340.2861949548 0.00136521895   -8 
-- Local optimization: reached maximum number of likelihood evaluations allowed.
---- Best joint likelihood found -340.286194954874190 with gradient 0.00137

---- Results for RevisionsCapsellaPolyDFE10/aranetconnec7_68.4915254237288_PolyDFE.input 
--  Model: C
--        eps_an     theta_bar             a 
-- 0.00014774482 0.01405270978            -1 
--           S_d             b           p_b           S_b 
-- -808.73350348 0.34580937791 0.00624005042 5.59564403022 
--           r 2           r 3           r 4           r 5           r 6           r 7           r 8           r 9          r 10          r 11          r 12          r 13          r 14          r 15          r 16          r 17          r 18          r 19          r 20          r 21          r 22          r 23          r 24          r 25          r 26          r 27          r 28          r 29          r 30          r 31          r 32          r 33          r 34          r 35          r 36          r 37          r 38          r 39          r 40          r 41          r 42          r 43          r 44          r 45          r 46          r 47          r 48          r 49 
-- 0.93989273130 0.93128123947 0.88621870500 0.92542323112 0.85630352026 0.89981318802 0.92977665981 0.93296028156 0.90560459952 0.89665075395 0.82978542681 0.87301988256 0.86108489171 0.85915100622 0.76870712515 0.76363480992 0.77009438208 0.82640746542 0.75233295397 0.76511855931 0.76927646503 0.86786515684 0.92098942511 0.84827878415 0.62663400891 0.78262105404 0.88101533408 0.79688019072 0.85808204013 0.76224420204 0.97830092074 0.88474044048 0.93074315752 0.85428211624 0.80067613250 0.87354771092 1.08279878850 0.93105062254 1.06289695997 1.05511894562 1.39795078335 1.35923207245 1.39992948900 1.42802441444 1.51676561804 1.76934869814 2.00158368264 3.49019220357 

---- Expected P_neut(i), 0 < i < n (neutral SFS per site) 
E[P_neut(1)] = 0.0140507815
E[P_neut(2)] = 0.0066031308
E[P_neut(3)] = 0.0043617753
E[P_neut(4)] = 0.0031130520
E[P_neut(5)] = 0.0026006224
E[P_neut(6)] = 0.0020053339
E[P_neut(7)] = 0.0018062007
E[P_neut(8)] = 0.0016330630
E[P_neut(9)] = 0.0014565738
E[P_neut(10)] = 0.0012724870
E[P_neut(11)] = 0.0011453688
E[P_neut(12)] = 0.0009716434
E[P_neut(13)] = 0.0009436246
E[P_neut(14)] = 0.0008642453
E[P_neut(15)] = 0.0008048251
E[P_neut(16)] = 0.0006751082
E[P_neut(17)] = 0.0006312058
E[P_neut(18)] = 0.0006011920
E[P_neut(19)] = 0.0006111852
E[P_neut(20)] = 0.0005285971
E[P_neut(21)] = 0.0005119809
E[P_neut(22)] = 0.0004913754
E[P_neut(23)] = 0.0005302365
E[P_neut(24)] = 0.0005392369
E[P_neut(25)] = 0.0004768246
E[P_neut(26)] = 0.0003387183
E[P_neut(27)] = 0.0004073495
E[P_neut(28)] = 0.0004421734
E[P_neut(29)] = 0.0003861678
E[P_neut(30)] = 0.0004019646
E[P_neut(31)] = 0.0003455746
E[P_neut(32)] = 0.0004296434
E[P_neut(33)] = 0.0003767952
E[P_neut(34)] = 0.0003847330
E[P_neut(35)] = 0.0003430676
E[P_neut(36)] = 0.0003126279
E[P_neut(37)] = 0.0003318664
E[P_neut(38)] = 0.0004005122
E[P_neut(39)] = 0.0003356013
E[P_neut(40)] = 0.0003735474
E[P_neut(41)] = 0.0003618028
E[P_neut(42)] = 0.0004679102
E[P_neut(43)] = 0.0004444081
E[P_neut(44)] = 0.0004473394
E[P_neut(45)] = 0.0004462653
E[P_neut(46)] = 0.0004637539
E[P_neut(47)] = 0.0005295907
E[P_neut(48)] = 0.0005868824
E[P_neut(49)] = 0.0010028805

---- Expected P_sel(i), 0 < i < n (selected SFS per site) 
E[P_sel(1)] = 0.0048778061
E[P_sel(2)] = 0.0016256592
E[P_sel(3)] = 0.0009068455
E[P_sel(4)] = 0.0005810607
E[P_sel(5)] = 0.0004489528
E[P_sel(6)] = 0.0003258040
E[P_sel(7)] = 0.0002793322
E[P_sel(8)] = 0.0002423334
E[P_sel(9)] = 0.0002086259
E[P_sel(10)] = 0.0001767214
E[P_sel(11)] = 0.0001547924
E[P_sel(12)] = 0.0001281600
E[P_sel(13)] = 0.0001217713
E[P_sel(14)] = 0.0001093388
E[P_sel(15)] = 0.0000999985
E[P_sel(16)] = 0.0000825056
E[P_sel(17)] = 0.0000759770
E[P_sel(18)] = 0.0000713580
E[P_sel(19)] = 0.0000716121
E[P_sel(20)] = 0.0000611986
E[P_sel(21)] = 0.0000586216
E[P_sel(22)] = 0.0000556877
E[P_sel(23)] = 0.0000595233
E[P_sel(24)] = 0.0000600036
E[P_sel(25)] = 0.0000526293
E[P_sel(26)] = 0.0000371073
E[P_sel(27)] = 0.0000443208
E[P_sel(28)] = 0.0000478092
E[P_sel(29)] = 0.0000415174
E[P_sel(30)] = 0.0000429960
E[P_sel(31)] = 0.0000367979
E[P_sel(32)] = 0.0000455697
E[P_sel(33)] = 0.0000398312
E[P_sel(34)] = 0.0000405591
E[P_sel(35)] = 0.0000360910
E[P_sel(36)] = 0.0000328414
E[P_sel(37)] = 0.0000348361
E[P_sel(38)] = 0.0000420405
E[P_sel(39)] = 0.0000352558
E[P_sel(40)] = 0.0000393067
E[P_sel(41)] = 0.0000381708
E[P_sel(42)] = 0.0000495440
E[P_sel(43)] = 0.0000472843
E[P_sel(44)] = 0.0000478911
E[P_sel(45)] = 0.0000481496
E[P_sel(46)] = 0.0000505165
E[P_sel(47)] = 0.0000583719
E[P_sel(48)] = 0.0000656559
E[P_sel(49)] = 0.0001144567

---- alpha_dfe = 0.307014

