---- Running command
---- ./polyDFE -d RevisionsCapsellaPolyDFE10/aranetconnec8_103.735872235872_PolyDFE.input -m C -i /home/jejames/ArabidopsisCrossGenome/model.txt 1 -e 
---- Performing inference using model C

---- Performing inference on RevisionsCapsellaPolyDFE10/aranetconnec8_103.735872235872_PolyDFE.input
----      with -i /home/jejames/ArabidopsisCrossGenome/model.txt 1
---- Data RevisionsCapsellaPolyDFE10/aranetconnec8_103.735872235872_PolyDFE.input does not contain divergence counts. Using option -w.
---- No mutation variability. Using Poisson likelihood.


---- Calculating initial values

-- Starting local optimization
-- Optimizing all parameters
  it        eps_an     theta_bar           S_d             b           p_b           S_b           r 2           r 3           r 4           r 5           r 6           r 7           r 8           r 9          r 10          r 11          r 12          r 13          r 14          r 15          r 16          r 17          r 18          r 19          r 20          r 21          r 22          r 23          r 24          r 25          r 26          r 27          r 28          r 29          r 30          r 31          r 32          r 33          r 34          r 35          r 36          r 37          r 38          r 39          r 40          r 41          r 42          r 43          r 44          r 45          r 46          r 47          r 48          r 49           ln lk          grad status 
   0           0.1 0.01476895905        -20000         0.406           0.1            20 0.92791771986 0.86616403730 0.92216508323 0.88381417240 0.93140416630 0.97895057962 0.88416281704 0.93937941253 0.74304889741 0.86864813039 0.86184955983 0.92857142857 0.84990848078 0.80667654493 1.03198814608 0.75865074522 0.84093088119 0.89592957378 0.97010372178 0.81818181818 0.74496644295 0.82092739475 0.85139022051 0.93698248060 0.86795084110 0.95428397106 0.82123245881 0.96809901507 0.96356663470 0.94299660071 1.18260263226 1.05848513902 1.12612219994 1.19890176937 1.21903599755 1.33997210842 1.11287370347 1.74723263313 1.50788808506 1.63492547720 1.50823672971 1.80088032772 1.95206136145 2.40041837357 2.74644818268 3.82005578314 4.79874487928             1 -5731.539334123 72.3271465527   -2 
 531 0.00047763039 0.01309220636 -845.15088696 0.32337806534 0.00241378334 8.56283044352 0.92568140217 0.88194246733 0.93769790665 0.87830043091 0.93453375206 0.92985341295 0.87960125676 0.85360991041 0.79379184580 0.80470700262 0.85363857021 0.86160727685 0.75335417244 0.72978735617 0.91650191438 0.75482226908 0.76202496744 0.77891451358 0.90606876630 0.88463185066 0.67916959768 0.65869088494 0.75231121792 0.78614326277 0.82679390422 0.80415004881 0.77688321327 0.89856548761 0.75641486661 0.79988166879 0.98090778127 0.86346082389 0.89998336683 1.00294367749 0.97504574581 1.05280452796 0.92883184308 1.36366013397 1.11920407317 1.26877412964 0.96014402852 1.32970076849 1.27647105484 1.66760893381 1.49013572756 2.23659291535 2.42461642555 3.80749166935 -342.3803473467 0.00210452064   -8 
-- Local optimization: reached maximum number of likelihood evaluations allowed.
---- Best joint likelihood found -342.380347346796839 with gradient 0.00210

---- Results for RevisionsCapsellaPolyDFE10/aranetconnec8_103.735872235872_PolyDFE.input 
--  Model: C
--        eps_an     theta_bar             a 
-- 0.00047763039 0.01309220636            -1 
--           S_d             b           p_b           S_b 
-- -845.15088696 0.32337806534 0.00241378334 8.56283044352 
--           r 2           r 3           r 4           r 5           r 6           r 7           r 8           r 9          r 10          r 11          r 12          r 13          r 14          r 15          r 16          r 17          r 18          r 19          r 20          r 21          r 22          r 23          r 24          r 25          r 26          r 27          r 28          r 29          r 30          r 31          r 32          r 33          r 34          r 35          r 36          r 37          r 38          r 39          r 40          r 41          r 42          r 43          r 44          r 45          r 46          r 47          r 48          r 49 
-- 0.92568140217 0.88194246733 0.93769790665 0.87830043091 0.93453375206 0.92985341295 0.87960125676 0.85360991041 0.79379184580 0.80470700262 0.85363857021 0.86160727685 0.75335417244 0.72978735617 0.91650191438 0.75482226908 0.76202496744 0.77891451358 0.90606876630 0.88463185066 0.67916959768 0.65869088494 0.75231121792 0.78614326277 0.82679390422 0.80415004881 0.77688321327 0.89856548761 0.75641486661 0.79988166879 0.98090778127 0.86346082389 0.89998336683 1.00294367749 0.97504574581 1.05280452796 0.92883184308 1.36366013397 1.11920407317 1.26877412964 0.96014402852 1.32970076849 1.27647105484 1.66760893381 1.49013572756 2.23659291535 2.42461642555 3.80749166935 

---- Expected P_neut(i), 0 < i < n (neutral SFS per site) 
E[P_neut(1)] = 0.0130864390
E[P_neut(2)] = 0.0060570276
E[P_neut(3)] = 0.0038473168
E[P_neut(4)] = 0.0030678703
E[P_neut(5)] = 0.0022989114
E[P_neut(6)] = 0.0020383922
E[P_neut(7)] = 0.0017384817
E[P_neut(8)] = 0.0014389456
E[P_neut(9)] = 0.0012413379
E[P_neut(10)] = 0.0010389273
E[P_neut(11)] = 0.0009575239
E[P_neut(12)] = 0.0009310424
E[P_neut(13)] = 0.0008674820
E[P_neut(14)] = 0.0007043378
E[P_neut(15)] = 0.0006368434
E[P_neut(16)] = 0.0007497468
E[P_neut(17)] = 0.0005811971
E[P_neut(18)] = 0.0005541818
E[P_neut(19)] = 0.0005366266
E[P_neut(20)] = 0.0005929963
E[P_neut(21)] = 0.0005514438
E[P_neut(22)] = 0.0004041545
E[P_neut(23)] = 0.0003749514
E[P_neut(24)] = 0.0004103951
E[P_neut(25)] = 0.0004116940
E[P_neut(26)] = 0.0004163263
E[P_neut(27)] = 0.0003899224
E[P_neut(28)] = 0.0003632737
E[P_neut(29)] = 0.0004057319
E[P_neut(30)] = 0.0003302303
E[P_neut(31)] = 0.0003379084
E[P_neut(32)] = 0.0004013933
E[P_neut(33)] = 0.0003426779
E[P_neut(34)] = 0.0003467447
E[P_neut(35)] = 0.0003752892
E[P_neut(36)] = 0.0003547644
E[P_neut(37)] = 0.0003727645
E[P_neut(38)] = 0.0003203040
E[P_neut(39)] = 0.0004580162
E[P_neut(40)] = 0.0003666427
E[P_neut(41)] = 0.0004055472
E[P_neut(42)] = 0.0002998399
E[P_neut(43)] = 0.0004054912
E[P_neut(44)] = 0.0003806067
E[P_neut(45)] = 0.0004860374
E[P_neut(46)] = 0.0004253756
E[P_neut(47)] = 0.0006245607
E[P_neut(48)] = 0.0006639029
E[P_neut(49)] = 0.0010230830

---- Expected P_sel(i), 0 < i < n (selected SFS per site) 
E[P_sel(1)] = 0.0046590005
E[P_sel(2)] = 0.0015560456
E[P_sel(3)] = 0.0008416929
E[P_sel(4)] = 0.0006055004
E[P_sel(5)] = 0.0004209763
E[P_sel(6)] = 0.0003520659
E[P_sel(7)] = 0.0002862626
E[P_sel(8)] = 0.0002276038
E[P_sel(9)] = 0.0001896622
E[P_sel(10)] = 0.0001539931
E[P_sel(11)] = 0.0001381534
E[P_sel(12)] = 0.0001311257
E[P_sel(13)] = 0.0001195266
E[P_sel(14)] = 0.0000951271
E[P_sel(15)] = 0.0000844474
E[P_sel(16)] = 0.0000977507
E[P_sel(17)] = 0.0000745947
E[P_sel(18)] = 0.0000700955
E[P_sel(19)] = 0.0000669561
E[P_sel(20)] = 0.0000730512
E[P_sel(21)] = 0.0000671231
E[P_sel(22)] = 0.0000486437
E[P_sel(23)] = 0.0000446531
E[P_sel(24)] = 0.0000483886
E[P_sel(25)] = 0.0000480869
E[P_sel(26)] = 0.0000481981
E[P_sel(27)] = 0.0000447650
E[P_sel(28)] = 0.0000413781
E[P_sel(29)] = 0.0000458730
E[P_sel(30)] = 0.0000370781
E[P_sel(31)] = 0.0000376933
E[P_sel(32)] = 0.0000445028
E[P_sel(33)] = 0.0000377800
E[P_sel(34)] = 0.0000380318
E[P_sel(35)] = 0.0000409661
E[P_sel(36)] = 0.0000385618
E[P_sel(37)] = 0.0000403675
E[P_sel(38)] = 0.0000345771
E[P_sel(39)] = 0.0000493052
E[P_sel(40)] = 0.0000393932
E[P_sel(41)] = 0.0000435168
E[P_sel(42)] = 0.0000321690
E[P_sel(43)] = 0.0000435161
E[P_sel(44)] = 0.0000409184
E[P_sel(45)] = 0.0000523895
E[P_sel(46)] = 0.0000460994
E[P_sel(47)] = 0.0000681048
E[P_sel(48)] = 0.0000732901
E[P_sel(49)] = 0.0001156429

---- alpha_dfe = 0.183849

