---- Running command
---- ./polyDFE -d RevisionsCapsellaPolyDFE10/aranetconnec5_27.4539249146758_PolyDFE.input -m C -i /home/jejames/ArabidopsisCrossGenome/model.txt 1 -e 
---- Performing inference using model C

---- Performing inference on RevisionsCapsellaPolyDFE10/aranetconnec5_27.4539249146758_PolyDFE.input
----      with -i /home/jejames/ArabidopsisCrossGenome/model.txt 1
---- Data RevisionsCapsellaPolyDFE10/aranetconnec5_27.4539249146758_PolyDFE.input does not contain divergence counts. Using option -w.
---- No mutation variability. Using Poisson likelihood.


---- Calculating initial values

-- Starting local optimization
-- Optimizing all parameters
  it        eps_an     theta_bar           S_d             b           p_b           S_b           r 2           r 3           r 4           r 5           r 6           r 7           r 8           r 9          r 10          r 11          r 12          r 13          r 14          r 15          r 16          r 17          r 18          r 19          r 20          r 21          r 22          r 23          r 24          r 25          r 26          r 27          r 28          r 29          r 30          r 31          r 32          r 33          r 34          r 35          r 36          r 37          r 38          r 39          r 40          r 41          r 42          r 43          r 44          r 45          r 46          r 47          r 48          r 49           ln lk          grad status 
   0           0.1 0.01651392789        -20000         0.406           0.1            20 0.89547608066 0.98033625424 0.87778290218 0.86264726845 0.89052869900 0.83350802901 0.84155800595 0.89090604167 0.82009140077 0.78680139197 0.89002557544 0.84155800595 0.72198230682 0.83015387195 0.86403085824 0.71418389166 0.83996478135 0.74642572638 0.71611253196 0.89103182256 0.92884994339 0.75891996142 0.82109764789 0.77564881975 0.94184730199 0.95429961007 0.87224854303 0.95811496373 0.81254454739 0.87472223386 0.98880550081 0.96574567104 1.12900926585 0.99786172487 1.13202800721 1.20380696826 1.27617290679 1.16749821810 1.34837113747 1.45943566307 1.44572554609 1.65863066538 1.95547356504 2.25462244769 2.59594985535 3.44061045658 4.24837533017             1 -5572.583588058 64.8093339811   -2 
1555 0.00982074161 0.01496858442 -1056.6953740 0.31312796062 0.02192842165 0.00214575183 0.87956280977 0.91009593636 0.86853236822 0.86788951081 0.83815437739 0.82536284074 0.81298637723 0.84369813805 0.78241630360 0.76874720805 0.84271210551 0.76983681769 0.71356842252 0.81459425512 0.79568594351 0.67688108117 0.79569658813 0.71083399278 0.68541443584 0.79633093356 0.80582328211 0.67073868255 0.70140539433 0.75703499360 0.80864370563 0.74481741374 0.77910011484 0.75961825824 0.73067651595 0.70321570358 0.78756302483 0.84748851401 0.90477003521 0.75150452438 0.96098234541 0.95898984643 0.87949891963 0.84591625626 0.89540891598 0.99241833428 0.85855558123 0.99979916880 1.06835473072 1.34022705509 1.42337425096 1.64376677035 1.65969443974 2.29699108572 -329.3667432023 0.00099434739   -3 
-- Local optimization: stuck in the same solution
---- Best joint likelihood found -329.366743202326234 with gradient 0.00099

---- Results for RevisionsCapsellaPolyDFE10/aranetconnec5_27.4539249146758_PolyDFE.input 
--  Model: C
--        eps_an     theta_bar             a 
-- 0.00982074161 0.01496858442            -1 
--           S_d             b           p_b           S_b 
-- -1056.6953740 0.31312796062 0.02192842165 0.00214575183 
--           r 2           r 3           r 4           r 5           r 6           r 7           r 8           r 9          r 10          r 11          r 12          r 13          r 14          r 15          r 16          r 17          r 18          r 19          r 20          r 21          r 22          r 23          r 24          r 25          r 26          r 27          r 28          r 29          r 30          r 31          r 32          r 33          r 34          r 35          r 36          r 37          r 38          r 39          r 40          r 41          r 42          r 43          r 44          r 45          r 46          r 47          r 48          r 49 
-- 0.87956280977 0.91009593636 0.86853236822 0.86788951081 0.83815437739 0.82536284074 0.81298637723 0.84369813805 0.78241630360 0.76874720805 0.84271210551 0.76983681769 0.71356842252 0.81459425512 0.79568594351 0.67688108117 0.79569658813 0.71083399278 0.68541443584 0.79633093356 0.80582328211 0.67073868255 0.70140539433 0.75703499360 0.80864370563 0.74481741374 0.77910011484 0.75961825824 0.73067651595 0.70321570358 0.78756302483 0.84748851401 0.90477003521 0.75150452438 0.96098234541 0.95898984643 0.87949891963 0.84591625626 0.89540891598 0.99241833428 0.85855558123 0.99979916880 1.06835473072 1.34022705509 1.42337425096 1.64376677035 1.65969443974 2.29699108572 

---- Expected P_neut(i), 0 < i < n (neutral SFS per site) 
E[P_neut(1)] = 0.0148284729
E[P_neut(2)] = 0.0065233390
E[P_neut(3)] = 0.0045014950
E[P_neut(4)] = 0.0032228046
E[P_neut(5)] = 0.0025770772
E[P_neut(6)] = 0.0020740316
E[P_neut(7)] = 0.0017510155
E[P_neut(8)] = 0.0015092230
E[P_neut(9)] = 0.0013929961
E[P_neut(10)] = 0.0011629554
E[P_neut(11)] = 0.0010390112
E[P_neut(12)] = 0.0010442629
E[P_neut(13)] = 0.0008815178
E[P_neut(14)] = 0.0007593678
E[P_neut(15)] = 0.0008080614
E[P_neut(16)] = 0.0007409946
E[P_neut(17)] = 0.0005939193
E[P_neut(18)] = 0.0006588114
E[P_neut(19)] = 0.0005578444
E[P_neut(20)] = 0.0005115267
E[P_neut(21)] = 0.0005658926
E[P_neut(22)] = 0.0005469802
E[P_neut(23)] = 0.0004362903
E[P_neut(24)] = 0.0004377361
E[P_neut(25)] = 0.0004532697
E[P_neut(26)] = 0.0004652723
E[P_neut(27)] = 0.0004131526
E[P_neut(28)] = 0.0004177950
E[P_neut(29)] = 0.0003938070
E[P_neut(30)] = 0.0003660306
E[P_neut(31)] = 0.0003417181
E[P_neut(32)] = 0.0003712774
E[P_neut(33)] = 0.0003864931
E[P_neut(34)] = 0.0004017259
E[P_neut(35)] = 0.0003262256
E[P_neut(36)] = 0.0004031392
E[P_neut(37)] = 0.0003928605
E[P_neut(38)] = 0.0003533646
E[P_neut(39)] = 0.0003317559
E[P_neut(40)] = 0.0003432861
E[P_neut(41)] = 0.0003725419
E[P_neut(42)] = 0.0003179187
E[P_neut(43)] = 0.0003619517
E[P_neut(44)] = 0.0003804149
E[P_neut(45)] = 0.0004669450
E[P_neut(46)] = 0.0004905421
E[P_neut(47)] = 0.0005629620
E[P_neut(48)] = 0.0005771344
E[P_neut(49)] = 0.0008417994

---- Expected P_sel(i), 0 < i < n (selected SFS per site) 
E[P_sel(1)] = 0.0052562821
E[P_sel(2)] = 0.0017122085
E[P_sel(3)] = 0.0010233232
E[P_sel(4)] = 0.0006688724
E[P_sel(5)] = 0.0005007976
E[P_sel(6)] = 0.0003829941
E[P_sel(7)] = 0.0003101778
E[P_sel(8)] = 0.0002581880
E[P_sel(9)] = 0.0002312348
E[P_sel(10)] = 0.0001880420
E[P_sel(11)] = 0.0001641299
E[P_sel(12)] = 0.0001615450
E[P_sel(13)] = 0.0001337840
E[P_sel(14)] = 0.0001132553
E[P_sel(15)] = 0.0001186456
E[P_sel(16)] = 0.0001071880
E[P_sel(17)] = 0.0000847357
E[P_sel(18)] = 0.0000928138
E[P_sel(19)] = 0.0000776513
E[P_sel(20)] = 0.0000704014
E[P_sel(21)] = 0.0000770632
E[P_sel(22)] = 0.0000737406
E[P_sel(23)] = 0.0000582569
E[P_sel(24)] = 0.0000579233
E[P_sel(25)] = 0.0000594657
E[P_sel(26)] = 0.0000605404
E[P_sel(27)] = 0.0000533395
E[P_sel(28)] = 0.0000535419
E[P_sel(29)] = 0.0000501118
E[P_sel(30)] = 0.0000462573
E[P_sel(31)] = 0.0000429120
E[P_sel(32)] = 0.0000463399
E[P_sel(33)] = 0.0000479319
E[P_sel(34)] = 0.0000495572
E[P_sel(35)] = 0.0000400710
E[P_sel(36)] = 0.0000491970
E[P_sel(37)] = 0.0000477415
E[P_sel(38)] = 0.0000428227
E[P_sel(39)] = 0.0000400525
E[P_sel(40)] = 0.0000413160
E[P_sel(41)] = 0.0000447374
E[P_sel(42)] = 0.0000382297
E[P_sel(43)] = 0.0000434535
E[P_sel(44)] = 0.0000457673
E[P_sel(45)] = 0.0000562116
E[P_sel(46)] = 0.0000596382
E[P_sel(47)] = 0.0000697984
E[P_sel(48)] = 0.0000757039
E[P_sel(49)] = 0.0001314138

---- alpha_dfe = 0.193917

