---- Running command
---- ./polyDFE -d RevisionsCapsellaPolyDFE10/aranetconnec6_44.0229357798165_PolyDFE.input -m C -i /home/jejames/ArabidopsisCrossGenome/model.txt 1 -e 
---- Performing inference using model C

---- Performing inference on RevisionsCapsellaPolyDFE10/aranetconnec6_44.0229357798165_PolyDFE.input
----      with -i /home/jejames/ArabidopsisCrossGenome/model.txt 1
---- Data RevisionsCapsellaPolyDFE10/aranetconnec6_44.0229357798165_PolyDFE.input does not contain divergence counts. Using option -w.
---- No mutation variability. Using Poisson likelihood.


---- Calculating initial values

-- Starting local optimization
-- Optimizing all parameters
  it        eps_an     theta_bar           S_d             b           p_b           S_b           r 2           r 3           r 4           r 5           r 6           r 7           r 8           r 9          r 10          r 11          r 12          r 13          r 14          r 15          r 16          r 17          r 18          r 19          r 20          r 21          r 22          r 23          r 24          r 25          r 26          r 27          r 28          r 29          r 30          r 31          r 32          r 33          r 34          r 35          r 36          r 37          r 38          r 39          r 40          r 41          r 42          r 43          r 44          r 45          r 46          r 47          r 48          r 49           ln lk          grad status 
   0           0.1 0.01601264928        -20000         0.406           0.1            20 0.93043773328 0.85866983372 0.91398031896 0.81544791313 0.88462843569 0.87410926365 0.95995928062 0.83372921615 0.82880895826 0.83937054631 0.88717339667 0.91478622327 0.91864608076 0.76030709195 0.73837801153 0.80615880556 0.84976247030 0.83008143875 0.77281981676 0.76603325415 0.79224635222 0.96288598574 0.82660332541 0.81650831353 0.91313199864 1.01124024431 0.80878859857 1.05785544621 1.06761112996 1.03876823888 1.00033932813 0.98260943332 1.08449270444 1.12084323040 1.22616219884 1.08445028842 1.30072955548 1.37466067186 1.46929080420 1.62775704105 1.74762470308 2.07193756362 2.24703087885 2.07096199524 2.50330844927 3.37309127926 4.38140481845             1 -5694.981833721 67.9593216177   -2 
 937 0.00056291140 0.01427984360 -924.56031820 0.30604497443 0.00126863645 88.6116891509 0.90434134893 0.86919921168 0.89162832111 0.83781518522 0.87742658829 0.84802090770 0.89609085352 0.82321998318 0.84572938237 0.86645222457 0.78929807286 0.82857580327 0.83276997034 0.71999403845 0.67704614240 0.75206157711 0.75693762041 0.70593000706 0.69757492641 0.69951525619 0.79531166904 0.87422556707 0.72507947147 0.84470127744 0.80344602811 0.80286819288 0.70851226666 0.87423862644 0.92918603836 0.81352084796 0.88998777030 0.87767616253 0.93181167693 0.95171671359 0.96170597450 0.92342760652 0.91053221681 0.98468160093 1.12268165796 1.31833420869 1.18843998754 1.35801542586 1.43101704020 1.16091253057 1.48003558941 1.94203141195 1.99668275790 2.68411918916 -340.8039914885 0.00009914951    0 
---- Best joint likelihood found -340.803991488574525 with gradient 0.00010

---- Results for RevisionsCapsellaPolyDFE10/aranetconnec6_44.0229357798165_PolyDFE.input 
--  Model: C
--        eps_an     theta_bar             a 
-- 0.00056291140 0.01427984360            -1 
--           S_d             b           p_b           S_b 
-- -924.56031820 0.30604497443 0.00126863645 88.6116891509 
--           r 2           r 3           r 4           r 5           r 6           r 7           r 8           r 9          r 10          r 11          r 12          r 13          r 14          r 15          r 16          r 17          r 18          r 19          r 20          r 21          r 22          r 23          r 24          r 25          r 26          r 27          r 28          r 29          r 30          r 31          r 32          r 33          r 34          r 35          r 36          r 37          r 38          r 39          r 40          r 41          r 42          r 43          r 44          r 45          r 46          r 47          r 48          r 49 
-- 0.90434134893 0.86919921168 0.89162832111 0.83781518522 0.87742658829 0.84802090770 0.89609085352 0.82321998318 0.84572938237 0.86645222457 0.78929807286 0.82857580327 0.83276997034 0.71999403845 0.67704614240 0.75206157711 0.75693762041 0.70593000706 0.69757492641 0.69951525619 0.79531166904 0.87422556707 0.72507947147 0.84470127744 0.80344602811 0.80286819288 0.70851226666 0.87423862644 0.92918603836 0.81352084796 0.88998777030 0.87767616253 0.93181167693 0.95171671359 0.96170597450 0.92342760652 0.91053221681 0.98468160093 1.12268165796 1.31833420869 1.18843998754 1.35801542586 1.43101704020 1.16091253057 1.48003558941 1.94203141195 1.99668275790 2.68411918916 

---- Expected P_neut(i), 0 < i < n (neutral SFS per site) 
E[P_neut(1)] = 0.0142722456
E[P_neut(2)] = 0.0064536262
E[P_neut(3)] = 0.0041353461
E[P_neut(4)] = 0.0031815451
E[P_neut(5)] = 0.0023916344
E[P_neut(6)] = 0.0020873383
E[P_neut(7)] = 0.0017292238
E[P_neut(8)] = 0.0015988317
E[P_neut(9)] = 0.0013056846
E[P_neut(10)] = 0.0012072341
E[P_neut(11)] = 0.0011243700
E[P_neut(12)] = 0.0009389183
E[P_neut(13)] = 0.0009098370
E[P_neut(14)] = 0.0008491527
E[P_neut(15)] = 0.0006852596
E[P_neut(16)] = 0.0006041372
E[P_neut(17)] = 0.0006315830
E[P_neut(18)] = 0.0006003828
E[P_neut(19)] = 0.0005304686
E[P_neut(20)] = 0.0004980316
E[P_neut(21)] = 0.0004756397
E[P_neut(22)] = 0.0005161367
E[P_neut(23)] = 0.0005427076
E[P_neut(24)] = 0.0004314231
E[P_neut(25)] = 0.0004824881
E[P_neut(26)] = 0.0004412669
E[P_neut(27)] = 0.0004246899
E[P_neut(28)] = 0.0003614245
E[P_neut(29)] = 0.0004305079
E[P_neut(30)] = 0.0004423191
E[P_neut(31)] = 0.0003748280
E[P_neut(32)] = 0.0003972672
E[P_neut(33)] = 0.0003799321
E[P_neut(34)] = 0.0003914765
E[P_neut(35)] = 0.0003884634
E[P_neut(36)] = 0.0003817359
E[P_neut(37)] = 0.0003567010
E[P_neut(38)] = 0.0003425008
E[P_neut(39)] = 0.0003609712
E[P_neut(40)] = 0.0004012472
E[P_neut(41)] = 0.0004596379
E[P_neut(42)] = 0.0004047381
E[P_neut(43)] = 0.0004517025
E[P_neut(44)] = 0.0004653391
E[P_neut(45)] = 0.0003695318
E[P_neut(46)] = 0.0004609827
E[P_neut(47)] = 0.0005920373
E[P_neut(48)] = 0.0005973069
E[P_neut(49)] = 0.0007898184

---- Expected P_sel(i), 0 < i < n (selected SFS per site) 
E[P_sel(1)] = 0.0051332379
E[P_sel(2)] = 0.0016999459
E[P_sel(3)] = 0.0009351272
E[P_sel(4)] = 0.0006523492
E[P_sel(5)] = 0.0004566276
E[P_sel(6)] = 0.0003769115
E[P_sel(7)] = 0.0002983312
E[P_sel(8)] = 0.0002654365
E[P_sel(9)] = 0.0002096988
E[P_sel(10)] = 0.0001883317
E[P_sel(11)] = 0.0001709277
E[P_sel(12)] = 0.0001394544
E[P_sel(13)] = 0.0001323145
E[P_sel(14)] = 0.0001211312
E[P_sel(15)] = 0.0000960331
E[P_sel(16)] = 0.0000832873
E[P_sel(17)] = 0.0000857556
E[P_sel(18)] = 0.0000803695
E[P_sel(19)] = 0.0000700730
E[P_sel(20)] = 0.0000649725
E[P_sel(21)] = 0.0000613279
E[P_sel(22)] = 0.0000658185
E[P_sel(23)] = 0.0000684884
E[P_sel(24)] = 0.0000539102
E[P_sel(25)] = 0.0000597317
E[P_sel(26)] = 0.0000541488
E[P_sel(27)] = 0.0000516818
E[P_sel(28)] = 0.0000436376
E[P_sel(29)] = 0.0000515925
E[P_sel(30)] = 0.0000526375
E[P_sel(31)] = 0.0000443139
E[P_sel(32)] = 0.0000466790
E[P_sel(33)] = 0.0000443884
E[P_sel(34)] = 0.0000454968
E[P_sel(35)] = 0.0000449327
E[P_sel(36)] = 0.0000439699
E[P_sel(37)] = 0.0000409378
E[P_sel(38)] = 0.0000391910
E[P_sel(39)] = 0.0000412144
E[P_sel(40)] = 0.0000457507
E[P_sel(41)] = 0.0000523949
E[P_sel(42)] = 0.0000462060
E[P_sel(43)] = 0.0000517291
E[P_sel(44)] = 0.0000536152
E[P_sel(45)] = 0.0000430321
E[P_sel(46)] = 0.0000545912
E[P_sel(47)] = 0.0000721706
E[P_sel(48)] = 0.0000772456
E[P_sel(49)] = 0.0001198134

---- alpha_dfe = 0.525028

