---- Running command
---- ./polyDFE -d RevisionsCapsellaPolyDFE10/aranetconnec1_1.88709677419355_PolyDFE.input -m C -i /home/jejames/ArabidopsisCrossGenome/model.txt 1 -e 
---- Performing inference using model C

---- Performing inference on RevisionsCapsellaPolyDFE10/aranetconnec1_1.88709677419355_PolyDFE.input
----      with -i /home/jejames/ArabidopsisCrossGenome/model.txt 1
---- Data RevisionsCapsellaPolyDFE10/aranetconnec1_1.88709677419355_PolyDFE.input does not contain divergence counts. Using option -w.
---- No mutation variability. Using Poisson likelihood.


---- Calculating initial values

-- Starting local optimization
-- Optimizing all parameters
  it        eps_an     theta_bar           S_d             b           p_b           S_b           r 2           r 3           r 4           r 5           r 6           r 7           r 8           r 9          r 10          r 11          r 12          r 13          r 14          r 15          r 16          r 17          r 18          r 19          r 20          r 21          r 22          r 23          r 24          r 25          r 26          r 27          r 28          r 29          r 30          r 31          r 32          r 33          r 34          r 35          r 36          r 37          r 38          r 39          r 40          r 41          r 42          r 43          r 44          r 45          r 46          r 47          r 48          r 49           ln lk          grad status 
   0           0.1 0.01630973978        -80000         0.208           0.1            20 0.93695416033 0.87829676298 0.91853139257 1.02650445361 0.94060395394 0.89572018248 0.85961329567 1.01008038235 0.88029545948 0.83688898544 0.84414512274 0.84670866825 0.90089072344 0.80686508798 0.88429285248 0.77631979144 1.01829241798 0.73969150553 0.74038670432 0.82850315011 0.90427981751 0.92139908755 0.84883771453 0.80382359330 0.86534868563 0.81885726699 0.91731479469 0.92235498587 0.92287638496 1.05600695198 1.16515316098 1.05961329567 1.07547251792 1.25005431240 1.32800347599 0.98227243102 1.20695198783 1.48950684336 1.51900934173 1.65140126004 1.92891592439 1.69085379100 2.27886161199 2.59070171627 2.32848142515 3.43489028894 4.50071692374             1 -5738.705950335 83.8159999688   -2 
 307 0.01284853799 0.01471666426 -604.22844252 0.27429508649 0.00026987803 1.00910855255 0.90976771855 0.90525605705 0.92115813879 0.95082669932 0.93053936705 0.92327579918 0.85799189950 0.93422262264 0.82506877925 0.82158211469 0.82275074681 0.78959610497 0.83205718406 0.76890974142 0.80852786847 0.71310610632 0.83808521415 0.72116289123 0.66726958619 0.72628452556 0.77371951761 0.74530344381 0.74820663240 0.71480419024 0.76884651544 0.78229001302 0.81932643746 0.80492572425 0.70460371875 0.95702602692 0.83913214780 0.84650022441 0.98069071707 1.00378495616 0.98038280520 0.79996686270 0.89083759879 1.08731512314 1.11214455556 1.20508473963 1.38415640550 1.11405758422 1.36848260686 1.33347441873 1.31071819969 1.62993461956 1.72821489179 2.23839149026 -349.1842066949 0.00009702855    0 
---- Best joint likelihood found -349.184206694906834 with gradient 0.00010

---- Results for RevisionsCapsellaPolyDFE10/aranetconnec1_1.88709677419355_PolyDFE.input 
--  Model: C
--        eps_an     theta_bar             a 
-- 0.01284853799 0.01471666426            -1 
--           S_d             b           p_b           S_b 
-- -604.22844252 0.27429508649 0.00026987803 1.00910855255 
--           r 2           r 3           r 4           r 5           r 6           r 7           r 8           r 9          r 10          r 11          r 12          r 13          r 14          r 15          r 16          r 17          r 18          r 19          r 20          r 21          r 22          r 23          r 24          r 25          r 26          r 27          r 28          r 29          r 30          r 31          r 32          r 33          r 34          r 35          r 36          r 37          r 38          r 39          r 40          r 41          r 42          r 43          r 44          r 45          r 46          r 47          r 48          r 49 
-- 0.90976771855 0.90525605705 0.92115813879 0.95082669932 0.93053936705 0.92327579918 0.85799189950 0.93422262264 0.82506877925 0.82158211469 0.82275074681 0.78959610497 0.83205718406 0.76890974142 0.80852786847 0.71310610632 0.83808521415 0.72116289123 0.66726958619 0.72628452556 0.77371951761 0.74530344381 0.74820663240 0.71480419024 0.76884651544 0.78229001302 0.81932643746 0.80492572425 0.70460371875 0.95702602692 0.83913214780 0.84650022441 0.98069071707 1.00378495616 0.98038280520 0.79996686270 0.89083759879 1.08731512314 1.11214455556 1.20508473963 1.38415640550 1.11405758422 1.36848260686 1.33347441873 1.31071819969 1.62993461956 1.72821489179 2.23839149026 

---- Expected P_neut(i), 0 < i < n (neutral SFS per site) 
E[P_neut(1)] = 0.0145362144
E[P_neut(2)] = 0.0066151681
E[P_neut(3)] = 0.0043902830
E[P_neut(4)] = 0.0033509367
E[P_neut(5)] = 0.0027682447
E[P_neut(6)] = 0.0022589613
E[P_neut(7)] = 0.0019210361
E[P_neut(8)] = 0.0015642995
E[P_neut(9)] = 0.0015135567
E[P_neut(10)] = 0.0012038823
E[P_neut(11)] = 0.0010903260
E[P_neut(12)] = 0.0010004807
E[P_neut(13)] = 0.0008864665
E[P_neut(14)] = 0.0008685619
E[P_neut(15)] = 0.0007501160
E[P_neut(16)] = 0.0007395759
E[P_neut(17)] = 0.0006142447
E[P_neut(18)] = 0.0006813666
E[P_neut(19)] = 0.0005572453
E[P_neut(20)] = 0.0004891316
E[P_neut(21)] = 0.0005076842
E[P_neut(22)] = 0.0005164544
E[P_neut(23)] = 0.0004762374
E[P_neut(24)] = 0.0004584927
E[P_neut(25)] = 0.0004207813
E[P_neut(26)] = 0.0004354901
E[P_neut(27)] = 0.0004270450
E[P_neut(28)] = 0.0004317510
E[P_neut(29)] = 0.0004097679
E[P_neut(30)] = 0.0003475148
E[P_neut(31)] = 0.0004556695
E[P_neut(32)] = 0.0003897589
E[P_neut(33)] = 0.0003805862
E[P_neut(34)] = 0.0004285863
E[P_neut(35)] = 0.0004263374
E[P_neut(36)] = 0.0004068654
E[P_neut(37)] = 0.0003255816
E[P_neut(38)] = 0.0003535357
E[P_neut(39)] = 0.0004191498
E[P_neut(40)] = 0.0004195202
E[P_neut(41)] = 0.0004466268
E[P_neut(42)] = 0.0004990518
E[P_neut(43)] = 0.0004013250
E[P_neut(44)] = 0.0004811605
E[P_neut(45)] = 0.0004664502
E[P_neut(46)] = 0.0004574918
E[P_neut(47)] = 0.0005608661
E[P_neut(48)] = 0.0006090707
E[P_neut(49)] = 0.0008527285

---- Expected P_sel(i), 0 < i < n (selected SFS per site) 
E[P_sel(1)] = 0.0062343072
E[P_sel(2)] = 0.0021662304
E[P_sel(3)] = 0.0012557698
E[P_sel(4)] = 0.0008783203
E[P_sel(5)] = 0.0006805970
E[P_sel(6)] = 0.0005281594
E[P_sel(7)] = 0.0004311159
E[P_sel(8)] = 0.0003389457
E[P_sel(9)] = 0.0003183148
E[P_sel(10)] = 0.0002465649
E[P_sel(11)] = 0.0002181074
E[P_sel(12)] = 0.0001959699
E[P_sel(13)] = 0.0001703246
E[P_sel(14)] = 0.0001639279
E[P_sel(15)] = 0.0001392612
E[P_sel(16)] = 0.0001352513
E[P_sel(17)] = 0.0001107586
E[P_sel(18)] = 0.0001212688
E[P_sel(19)] = 0.0000979277
E[P_sel(20)] = 0.0000849771
E[P_sel(21)] = 0.0000872282
E[P_sel(22)] = 0.0000878146
E[P_sel(23)] = 0.0000801772
E[P_sel(24)] = 0.0000764658
E[P_sel(25)] = 0.0000695494
E[P_sel(26)] = 0.0000713672
E[P_sel(27)] = 0.0000694139
E[P_sel(28)] = 0.0000696344
E[P_sel(29)] = 0.0000655968
E[P_sel(30)] = 0.0000552429
E[P_sel(31)] = 0.0000719182
E[P_sel(32)] = 0.0000611636
E[P_sel(33)] = 0.0000593334
E[P_sel(34)] = 0.0000664295
E[P_sel(35)] = 0.0000657040
E[P_sel(36)] = 0.0000624272
E[P_sel(37)] = 0.0000497979
E[P_sel(38)] = 0.0000538412
E[P_sel(39)] = 0.0000634902
E[P_sel(40)] = 0.0000633603
E[P_sel(41)] = 0.0000673888
E[P_sel(42)] = 0.0000749534
E[P_sel(43)] = 0.0000607834
E[P_sel(44)] = 0.0000727750
E[P_sel(45)] = 0.0000713396
E[P_sel(46)] = 0.0000712250
E[P_sel(47)] = 0.0000887783
E[P_sel(48)] = 0.0001030529
E[P_sel(49)] = 0.0001756974

---- alpha_dfe = 0.003156

