---- Running command
---- ./polyDFE -d /home/jejames/CapsellaCrossGenome/PolyDFE10/norm.exp10_-3.44228953862949_PolyDFE.input -m C -i /home/jejames/CapsellaCrossGenome/model.txt 1 -e 
---- Performing inference using model C

---- Performing inference on /home/jejames/CapsellaCrossGenome/PolyDFE10/norm.exp10_-3.44228953862949_PolyDFE.input
----      with -i /home/jejames/CapsellaCrossGenome/model.txt 1
---- Data /home/jejames/CapsellaCrossGenome/PolyDFE10/norm.exp10_-3.44228953862949_PolyDFE.input does not contain divergence counts. Using option -w.
---- No mutation variability. Using Poisson likelihood.


---- Calculating initial values

-- Starting local optimization
-- Optimizing all parameters
  it        eps_an     theta_bar           S_d             b           p_b           S_b           r 2           r 3           r 4           r 5           r 6           r 7           r 8           r 9          r 10          r 11          r 12          r 13          r 14          r 15          r 16          r 17          r 18          r 19          r 20          r 21          r 22          r 23          r 24          r 25          r 26          r 27          r 28          r 29          r 30          r 31          r 32          r 33          r 34          r 35          r 36          r 37          r 38          r 39          r 40          r 41          r 42          r 43          r 44          r 45          r 46          r 47          r 48          r 49           ln lk          grad status 
   0           0.1 0.01751419399        -20000         0.604           0.1            20 0.93697121807 0.90353398372 0.85398534590 0.95332550702 0.94069546208 0.86851799376 0.98093348985 0.88859652673 0.80921345585 0.84516050682 0.88847508399 0.90725822774 0.88523661093 1.02801279196 0.90871554062 0.83888596526 0.86855847467 0.76759907703 0.76185078735 0.73193539246 0.73561915556 0.73367607173 0.88216006153 0.88045986317 0.93883334008 0.84378415577 0.62793992632 1.02015949479 0.86102902481 1.13192729627 1.04667449297 1.08339068129 1.08318827672 1.18588835364 1.13378941828 1.19224385702 1.44751649597 1.58191312796 1.41035501760 1.64477998623 1.59988665344 1.78419625146 2.09642553536 2.45921547990 2.43193134437 3.34858114399 4.81301866170             1 -5995.098854837 91.9188406355   -2 
 851 0.00066549524 0.01580597513 -1868.6636415 0.37261245415 0.00919763471 4.13966919684 0.87926516058 0.89379463694 0.84721955074 0.91757738364 0.90710810914 0.82397450211 0.92705190531 0.88989933219 0.79577980547 0.80453010361 0.80473370026 0.80820413160 0.85986875905 0.94128466323 0.84563526682 0.78775526868 0.81738103665 0.73714558995 0.71315096919 0.64799984385 0.66246437325 0.65625549484 0.83615825124 0.84488900582 0.77325090883 0.69324116637 0.61992706774 0.91245451074 0.65670726785 0.90814078571 0.81468951902 0.87632523875 0.86532031353 0.91899935122 0.83636178379 0.98041248926 1.03702646764 1.15872920119 1.11016888944 1.25817298501 1.12600098438 1.10355406405 1.38658074086 1.49746943143 1.40048537377 1.74850931368 2.21821651511 3.18022973707 -333.4258038613 0.00024169755   -3 
-- Local optimization: stuck in the same solution
---- Best joint likelihood found -333.425803861321356 with gradient 0.00024

---- Results for /home/jejames/CapsellaCrossGenome/PolyDFE10/norm.exp10_-3.44228953862949_PolyDFE.input 
--  Model: C
--        eps_an     theta_bar             a 
-- 0.00066549524 0.01580597513            -1 
--           S_d             b           p_b           S_b 
-- -1868.6636415 0.37261245415 0.00919763471 4.13966919684 
--           r 2           r 3           r 4           r 5           r 6           r 7           r 8           r 9          r 10          r 11          r 12          r 13          r 14          r 15          r 16          r 17          r 18          r 19          r 20          r 21          r 22          r 23          r 24          r 25          r 26          r 27          r 28          r 29          r 30          r 31          r 32          r 33          r 34          r 35          r 36          r 37          r 38          r 39          r 40          r 41          r 42          r 43          r 44          r 45          r 46          r 47          r 48          r 49 
-- 0.87926516058 0.89379463694 0.84721955074 0.91757738364 0.90710810914 0.82397450211 0.92705190531 0.88989933219 0.79577980547 0.80453010361 0.80473370026 0.80820413160 0.85986875905 0.94128466323 0.84563526682 0.78775526868 0.81738103665 0.73714558995 0.71315096919 0.64799984385 0.66246437325 0.65625549484 0.83615825124 0.84488900582 0.77325090883 0.69324116637 0.61992706774 0.91245451074 0.65670726785 0.90814078571 0.81468951902 0.87632523875 0.86532031353 0.91899935122 0.83636178379 0.98041248926 1.03702646764 1.15872920119 1.11016888944 1.25817298501 1.12600098438 1.10355406405 1.38658074086 1.49746943143 1.40048537377 1.74850931368 2.21821651511 3.18022973707 

---- Expected P_neut(i), 0 < i < n (neutral SFS per site) 
E[P_neut(1)] = 0.0157961390
E[P_neut(2)] = 0.0069446833
E[P_neut(3)] = 0.0047063560
E[P_neut(4)] = 0.0033458751
E[P_neut(5)] = 0.0028990607
E[P_neut(6)] = 0.0023883626
E[P_neut(7)] = 0.0018595633
E[P_neut(8)] = 0.0018306830
E[P_neut(9)] = 0.0015621412
E[P_neut(10)] = 0.0012572625
E[P_neut(11)] = 0.0011555780
E[P_neut(12)] = 0.0010595484
E[P_neut(13)] = 0.0009822751
E[P_neut(14)] = 0.0009703886
E[P_neut(15)] = 0.0009914776
E[P_neut(16)] = 0.0008350924
E[P_neut(17)] = 0.0007322178
E[P_neut(18)] = 0.0007175404
E[P_neut(19)] = 0.0006131266
E[P_neut(20)] = 0.0005634575
E[P_neut(21)] = 0.0004877335
E[P_neut(22)] = 0.0004758659
E[P_neut(23)] = 0.0004509594
E[P_neut(24)] = 0.0005506254
E[P_neut(25)] = 0.0005341718
E[P_neut(26)] = 0.0004701300
E[P_neut(27)] = 0.0004058579
E[P_neut(28)] = 0.0003500321
E[P_neut(29)] = 0.0004973120
E[P_neut(30)] = 0.0003461414
E[P_neut(31)] = 0.0004631338
E[P_neut(32)] = 0.0004026149
E[P_neut(33)] = 0.0004199407
E[P_neut(34)] = 0.0004025597
E[P_neut(35)] = 0.0004154033
E[P_neut(36)] = 0.0003676104
E[P_neut(37)] = 0.0004191962
E[P_neut(38)] = 0.0004317661
E[P_neut(39)] = 0.0004700682
E[P_neut(40)] = 0.0004392277
E[P_neut(41)] = 0.0004857575
E[P_neut(42)] = 0.0004246880
E[P_neut(43)] = 0.0004066135
E[P_neut(44)] = 0.0004993556
E[P_neut(45)] = 0.0005275573
E[P_neut(46)] = 0.0004831259
E[P_neut(47)] = 0.0005907616
E[P_neut(48)] = 0.0007345774
E[P_neut(49)] = 0.0010356857

---- Expected P_sel(i), 0 < i < n (selected SFS per site) 
E[P_sel(1)] = 0.0039997182
E[P_sel(2)] = 0.0011937654
E[P_sel(3)] = 0.0006756925
E[P_sel(4)] = 0.0004291747
E[P_sel(5)] = 0.0003430502
E[P_sel(6)] = 0.0002656105
E[P_sel(7)] = 0.0001967198
E[P_sel(8)] = 0.0001857887
E[P_sel(9)] = 0.0001530419
E[P_sel(10)] = 0.0001194798
E[P_sel(11)] = 0.0001069315
E[P_sel(12)] = 0.0000957678
E[P_sel(13)] = 0.0000869456
E[P_sel(14)] = 0.0000843003
E[P_sel(15)] = 0.0000846936
E[P_sel(16)] = 0.0000702586
E[P_sel(17)] = 0.0000607620
E[P_sel(18)] = 0.0000588073
E[P_sel(19)] = 0.0000496858
E[P_sel(20)] = 0.0000451972
E[P_sel(21)] = 0.0000387633
E[P_sel(22)] = 0.0000375074
E[P_sel(23)] = 0.0000352804
E[P_sel(24)] = 0.0000427929
E[P_sel(25)] = 0.0000412717
E[P_sel(26)] = 0.0000361387
E[P_sel(27)] = 0.0000310619
E[P_sel(28)] = 0.0000266915
E[P_sel(29)] = 0.0000378099
E[P_sel(30)] = 0.0000262580
E[P_sel(31)] = 0.0000350781
E[P_sel(32)] = 0.0000304697
E[P_sel(33)] = 0.0000317775
E[P_sel(34)] = 0.0000304826
E[P_sel(35)] = 0.0000315007
E[P_sel(36)] = 0.0000279394
E[P_sel(37)] = 0.0000319573
E[P_sel(38)] = 0.0000330470
E[P_sel(39)] = 0.0000361563
E[P_sel(40)] = 0.0000339878
E[P_sel(41)] = 0.0000378568
E[P_sel(42)] = 0.0000333792
E[P_sel(43)] = 0.0000322689
E[P_sel(44)] = 0.0000400721
E[P_sel(45)] = 0.0000428856
E[P_sel(46)] = 0.0000398718
E[P_sel(47)] = 0.0000496106
E[P_sel(48)] = 0.0000629963
E[P_sel(49)] = 0.0000918790

---- alpha_dfe = 0.445508

