---- Running command
---- ./polyDFE -d /home/jejames/CapsellaCrossGenome/PolyDFE10/norm.exp1_-9.51592373506144_PolyDFE.input -m C -i /home/jejames/CapsellaCrossGenome/model.txt 1 -e 
---- Performing inference using model C

---- Performing inference on /home/jejames/CapsellaCrossGenome/PolyDFE10/norm.exp1_-9.51592373506144_PolyDFE.input
----      with -i /home/jejames/CapsellaCrossGenome/model.txt 1
---- Data /home/jejames/CapsellaCrossGenome/PolyDFE10/norm.exp1_-9.51592373506144_PolyDFE.input does not contain divergence counts. Using option -w.
---- No mutation variability. Using Poisson likelihood.


---- Calculating initial values

-- Starting local optimization
-- Optimizing all parameters
  it        eps_an     theta_bar           S_d             b           p_b           S_b           r 2           r 3           r 4           r 5           r 6           r 7           r 8           r 9          r 10          r 11          r 12          r 13          r 14          r 15          r 16          r 17          r 18          r 19          r 20          r 21          r 22          r 23          r 24          r 25          r 26          r 27          r 28          r 29          r 30          r 31          r 32          r 33          r 34          r 35          r 36          r 37          r 38          r 39          r 40          r 41          r 42          r 43          r 44          r 45          r 46          r 47          r 48          r 49           ln lk          grad status 
   0           0.1 0.01594351168        -40000         0.208           0.1            20 0.95523666738 0.92974941100 0.97031484257 0.99892910687 0.97459841507 0.91754122938 0.97459841507 0.99117584065 0.92910687513 0.85474405654 0.96431784107 0.92161062325 0.96491754122 0.90469051188 0.90606125508 1.05517241379 1.05710002141 1.00676804454 0.79674448490 0.99040479760 1.05264510601 0.94581280788 1.00955236667 0.94238594988 1.02240308417 0.92525165988 1.11904047976 1.17888198757 1.09231098736 1.07958877704 1.12263868065 1.24536303276 1.13309059755 1.36731634182 1.35857785393 1.54529877918 1.43893767402 1.48014564146 1.64660526879 1.57888198757 1.86386806596 1.95245234525 2.05063182694 2.72949239665 2.69359605911 3.69436710216 4.50289141143             1 -6280.317023896 89.0362328247   -2 
 292 0.00682886634 0.01449080283 -349.85603862 0.28920708451 0.00025186924 1.05922102791 0.91967649918 0.90828627965 0.96307411655 0.90272801101 0.93800615932 0.89785652125 0.89677269674 0.91585088934 0.86835579306 0.87399830720 0.89864432751 0.86039758285 0.86860660757 0.83895923036 0.84732904141 0.93408056460 0.97352515554 0.87375762227 0.78436273556 0.87582580327 0.86673228635 0.91107887655 0.84865586927 0.84522030077 0.83266023128 0.83268933316 0.97462942420 0.93784594133 0.96101265548 0.93448531404 0.91717365325 0.96289077457 1.00261640231 1.17204721271 0.99410065752 1.12897892388 1.08402594127 1.16516785334 1.15149554184 1.28539409766 1.26088229352 1.33453945882 1.36502397503 1.52310495945 1.55549730438 1.89297189104 1.90996125897 2.78138767096 -351.4168276335 0.00123500913   -8 
-- Local optimization: reached maximum number of likelihood evaluations allowed.
---- Best joint likelihood found -351.416827633555840 with gradient 0.00124

---- Results for /home/jejames/CapsellaCrossGenome/PolyDFE10/norm.exp1_-9.51592373506144_PolyDFE.input 
--  Model: C
--        eps_an     theta_bar             a 
-- 0.00682886634 0.01449080283            -1 
--           S_d             b           p_b           S_b 
-- -349.85603862 0.28920708451 0.00025186924 1.05922102791 
--           r 2           r 3           r 4           r 5           r 6           r 7           r 8           r 9          r 10          r 11          r 12          r 13          r 14          r 15          r 16          r 17          r 18          r 19          r 20          r 21          r 22          r 23          r 24          r 25          r 26          r 27          r 28          r 29          r 30          r 31          r 32          r 33          r 34          r 35          r 36          r 37          r 38          r 39          r 40          r 41          r 42          r 43          r 44          r 45          r 46          r 47          r 48          r 49 
-- 0.91967649918 0.90828627965 0.96307411655 0.90272801101 0.93800615932 0.89785652125 0.89677269674 0.91585088934 0.86835579306 0.87399830720 0.89864432751 0.86039758285 0.86860660757 0.83895923036 0.84732904141 0.93408056460 0.97352515554 0.87375762227 0.78436273556 0.87582580327 0.86673228635 0.91107887655 0.84865586927 0.84522030077 0.83266023128 0.83268933316 0.97462942420 0.93784594133 0.96101265548 0.93448531404 0.91717365325 0.96289077457 1.00261640231 1.17204721271 0.99410065752 1.12897892388 1.08402594127 1.16516785334 1.15149554184 1.28539409766 1.26088229352 1.33453945882 1.36502397503 1.52310495945 1.55549730438 1.89297189104 1.90996125897 2.78138767096 

---- Expected P_neut(i), 0 < i < n (neutral SFS per site) 
E[P_neut(1)] = 0.0143974641
E[P_neut(2)] = 0.0066218593
E[P_neut(3)] = 0.0043612913
E[P_neut(4)] = 0.0034684501
E[P_neut(5)] = 0.0026017340
E[P_neut(6)] = 0.0022530101
E[P_neut(7)] = 0.0018490446
E[P_neut(8)] = 0.0016162477
E[P_neut(9)] = 0.0014676341
E[P_neut(10)] = 0.0012525731
E[P_neut(11)] = 0.0011464519
E[P_neut(12)] = 0.0010805856
E[P_neut(13)] = 0.0009555356
E[P_neut(14)] = 0.0008956507
E[P_neut(15)] = 0.0008082586
E[P_neut(16)] = 0.0007650825
E[P_neut(17)] = 0.0007936606
E[P_neut(18)] = 0.0007812154
E[P_neut(19)] = 0.0006648244
E[P_neut(20)] = 0.0005675914
E[P_neut(21)] = 0.0006034264
E[P_neut(22)] = 0.0005704389
E[P_neut(23)] = 0.0005731435
E[P_neut(24)] = 0.0005120743
E[P_neut(25)] = 0.0004899168
E[P_neut(26)] = 0.0004644037
E[P_neut(27)] = 0.0004477694
E[P_neut(28)] = 0.0005048528
E[P_neut(29)] = 0.0004695524
E[P_neut(30)] = 0.0004649058
E[P_neut(31)] = 0.0004383884
E[P_neut(32)] = 0.0004178465
E[P_neut(33)] = 0.0004253698
E[P_neut(34)] = 0.0004296376
E[P_neut(35)] = 0.0004874753
E[P_neut(36)] = 0.0004035547
E[P_neut(37)] = 0.0004456870
E[P_neut(38)] = 0.0004179667
E[P_neut(39)] = 0.0004378347
E[P_neut(40)] = 0.0004228966
E[P_neut(41)] = 0.0004612697
E[P_neut(42)] = 0.0004431503
E[P_neut(43)] = 0.0004593551
E[P_neut(44)] = 0.0004619524
E[P_neut(45)] = 0.0005049837
E[P_neut(46)] = 0.0005104880
E[P_neut(47)] = 0.0006096061
E[P_neut(48)] = 0.0006181676
E[P_neut(49)] = 0.0009158804

---- Expected P_sel(i), 0 < i < n (selected SFS per site) 
E[P_sel(1)] = 0.0068685979
E[P_sel(2)] = 0.0024146870
E[P_sel(3)] = 0.0013824426
E[P_sel(4)] = 0.0010034331
E[P_sel(5)] = 0.0007037924
E[P_sel(6)] = 0.0005781972
E[P_sel(7)] = 0.0004544290
E[P_sel(8)] = 0.0003829591
E[P_sel(9)] = 0.0003369172
E[P_sel(10)] = 0.0002796652
E[P_sel(11)] = 0.0002496967
E[P_sel(12)] = 0.0002301597
E[P_sel(13)] = 0.0001994132
E[P_sel(14)] = 0.0001834771
E[P_sel(15)] = 0.0001627265
E[P_sel(16)] = 0.0001516104
E[P_sel(17)] = 0.0001549607
E[P_sel(18)] = 0.0001504247
E[P_sel(19)] = 0.0001263384
E[P_sel(20)] = 0.0001065292
E[P_sel(21)] = 0.0001119462
E[P_sel(22)] = 0.0001046588
E[P_sel(23)] = 0.0001040591
E[P_sel(24)] = 0.0000920424
E[P_sel(25)] = 0.0000872214
E[P_sel(26)] = 0.0000819279
E[P_sel(27)] = 0.0000783088
E[P_sel(28)] = 0.0000875501
E[P_sel(29)] = 0.0000807806
E[P_sel(30)] = 0.0000793603
E[P_sel(31)] = 0.0000742951
E[P_sel(32)] = 0.0000703335
E[P_sel(33)] = 0.0000711107
E[P_sel(34)] = 0.0000713430
E[P_sel(35)] = 0.0000804162
E[P_sel(36)] = 0.0000662258
E[P_sel(37)] = 0.0000727020
E[P_sel(38)] = 0.0000678611
E[P_sel(39)] = 0.0000707149
E[P_sel(40)] = 0.0000680196
E[P_sel(41)] = 0.0000738913
E[P_sel(42)] = 0.0000707924
E[P_sel(43)] = 0.0000732076
E[P_sel(44)] = 0.0000736614
E[P_sel(45)] = 0.0000804762
E[P_sel(46)] = 0.0000820860
E[P_sel(47)] = 0.0000986173
E[P_sel(48)] = 0.0001042182
E[P_sel(49)] = 0.0001716253

---- alpha_dfe = 0.002821

