---- Running command
---- ./polyDFE -d /home/jejames/CapsellaCrossGenome/PolyDFE10/norm.exp7_-5.56645602758514_PolyDFE.input -m C -i /home/jejames/CapsellaCrossGenome/model.txt 1 -e 
---- Performing inference using model C

---- Performing inference on /home/jejames/CapsellaCrossGenome/PolyDFE10/norm.exp7_-5.56645602758514_PolyDFE.input
----      with -i /home/jejames/CapsellaCrossGenome/model.txt 1
---- Data /home/jejames/CapsellaCrossGenome/PolyDFE10/norm.exp7_-5.56645602758514_PolyDFE.input does not contain divergence counts. Using option -w.
---- No mutation variability. Using Poisson likelihood.


---- Calculating initial values

-- Starting local optimization
-- Optimizing all parameters
  it        eps_an     theta_bar           S_d             b           p_b           S_b           r 2           r 3           r 4           r 5           r 6           r 7           r 8           r 9          r 10          r 11          r 12          r 13          r 14          r 15          r 16          r 17          r 18          r 19          r 20          r 21          r 22          r 23          r 24          r 25          r 26          r 27          r 28          r 29          r 30          r 31          r 32          r 33          r 34          r 35          r 36          r 37          r 38          r 39          r 40          r 41          r 42          r 43          r 44          r 45          r 46          r 47          r 48          r 49           ln lk          grad status 
   0           0.1 0.01560424966        -20000         0.406           0.1            20 0.87452844424 0.86713444997 0.84804587294 0.88011166440 0.81869624264 0.79274181379 0.70740908405 0.82775011317 0.79824958503 0.85732609023 0.77636939791 0.68854685378 0.77531311302 0.81767768220 0.75207484532 0.61630451184 0.77953825260 0.75618681152 0.72732759921 0.66387505658 0.69133846386 0.70193903727 0.70529651425 0.75448921080 0.67775765806 0.89735174287 0.82073336351 0.81175494190 0.85559076505 0.99988682661 0.88365776369 1.00712992304 0.83884110457 1.01007243096 1.10276143051 1.11106081183 1.25433831296 1.22702580353 1.45465519843 1.39512599969 1.35626980534 1.65135053568 1.98023238267 2.43435943866 2.39474875509 3.11702127659 3.90946129470             1 -5840.816984234 71.8947750013   -2 
 438 0.00474391752 0.01393116227 -1065.7032924 0.30653819948 0.00291110841 16.9459098384 0.87030294179 0.87591185409 0.85520508507 0.86231965488 0.78383098834 0.75049456318 0.73301469331 0.77859984745 0.74905914161 0.77507634041 0.75204418080 0.69736927588 0.73531249255 0.72876175255 0.78879535684 0.65053377692 0.65691567957 0.66319551064 0.64801934510 0.56280383683 0.59634491520 0.67143345536 0.67620140071 0.65612727653 0.68391041138 0.76037170223 0.75278154487 0.70944728065 0.78866790290 0.75289387763 0.74903948264 0.84064040375 0.68716340453 0.70838712574 0.86784594196 0.84166884880 0.94933937857 0.90151357553 1.02359809797 1.07305772728 1.03899638955 1.11667418858 1.29283957547 1.33805479553 1.39601782254 1.60028540506 1.64276661262 2.76978427603 -347.1204151251 0.00169299658   -8 
-- Local optimization: reached maximum number of likelihood evaluations allowed.
---- Best joint likelihood found -347.120415125185275 with gradient 0.00169

---- Results for /home/jejames/CapsellaCrossGenome/PolyDFE10/norm.exp7_-5.56645602758514_PolyDFE.input 
--  Model: C
--        eps_an     theta_bar             a 
-- 0.00474391752 0.01393116227            -1 
--           S_d             b           p_b           S_b 
-- -1065.7032924 0.30653819948 0.00291110841 16.9459098384 
--           r 2           r 3           r 4           r 5           r 6           r 7           r 8           r 9          r 10          r 11          r 12          r 13          r 14          r 15          r 16          r 17          r 18          r 19          r 20          r 21          r 22          r 23          r 24          r 25          r 26          r 27          r 28          r 29          r 30          r 31          r 32          r 33          r 34          r 35          r 36          r 37          r 38          r 39          r 40          r 41          r 42          r 43          r 44          r 45          r 46          r 47          r 48          r 49 
-- 0.87030294179 0.87591185409 0.85520508507 0.86231965488 0.78383098834 0.75049456318 0.73301469331 0.77859984745 0.74905914161 0.77507634041 0.75204418080 0.69736927588 0.73531249255 0.72876175255 0.78879535684 0.65053377692 0.65691567957 0.66319551064 0.64801934510 0.56280383683 0.59634491520 0.67143345536 0.67620140071 0.65612727653 0.68391041138 0.76037170223 0.75278154487 0.70944728065 0.78866790290 0.75289387763 0.74903948264 0.84064040375 0.68716340453 0.70838712574 0.86784594196 0.84166884880 0.94933937857 0.90151357553 1.02359809797 1.07305772728 1.03899638955 1.11667418858 1.29283957547 1.33805479553 1.39601782254 1.60028540506 1.64276661262 2.76978427603 

---- Expected P_neut(i), 0 < i < n (neutral SFS per site) 
E[P_neut(1)] = 0.0138688097
E[P_neut(2)] = 0.0060356692
E[P_neut(3)] = 0.0040504444
E[P_neut(4)] = 0.0029663761
E[P_neut(5)] = 0.0023931903
E[P_neut(6)] = 0.0018132543
E[P_neut(7)] = 0.0014882395
E[P_neut(8)] = 0.0012720478
E[P_neut(9)] = 0.0012012124
E[P_neut(10)] = 0.0010402672
E[P_neut(11)] = 0.0009784814
E[P_neut(12)] = 0.0008705801
E[P_neut(13)] = 0.0007452785
E[P_neut(14)] = 0.0007298190
E[P_neut(15)] = 0.0006749600
E[P_neut(16)] = 0.0006848798
E[P_neut(17)] = 0.0005322541
E[P_neut(18)] = 0.0005075572
E[P_neut(19)] = 0.0004855659
E[P_neut(20)] = 0.0004509792
E[P_neut(21)] = 0.0003732033
E[P_neut(22)] = 0.0003776116
E[P_neut(23)] = 0.0004066209
E[P_neut(24)] = 0.0003923877
E[P_neut(25)] = 0.0003656246
E[P_neut(26)] = 0.0003665724
E[P_neut(27)] = 0.0003923963
E[P_neut(28)] = 0.0003745547
E[P_neut(29)] = 0.0003409622
E[P_neut(30)] = 0.0003666393
E[P_neut(31)] = 0.0003390465
E[P_neut(32)] = 0.0003269584
E[P_neut(33)] = 0.0003557272
E[P_neut(34)] = 0.0002834808
E[P_neut(35)] = 0.0002838348
E[P_neut(36)] = 0.0003377141
E[P_neut(37)] = 0.0003189452
E[P_neut(38)] = 0.0003505276
E[P_neut(39)] = 0.0003251580
E[P_neut(40)] = 0.0003597570
E[P_neut(41)] = 0.0003685960
E[P_neut(42)] = 0.0003490498
E[P_neut(43)] = 0.0003671500
E[P_neut(44)] = 0.0004160272
E[P_neut(45)] = 0.0004236696
E[P_neut(46)] = 0.0004349100
E[P_neut(47)] = 0.0004913826
E[P_neut(48)] = 0.0005032809
E[P_neut(49)] = 0.0008498284

---- Expected P_sel(i), 0 < i < n (selected SFS per site) 
E[P_sel(1)] = 0.0048051915
E[P_sel(2)] = 0.0015287585
E[P_sel(3)] = 0.0008812093
E[P_sel(4)] = 0.0005855773
E[P_sel(5)] = 0.0004401963
E[P_sel(6)] = 0.0003156249
E[P_sel(7)] = 0.0002476645
E[P_sel(8)] = 0.0002038289
E[P_sel(9)] = 0.0001863143
E[P_sel(10)] = 0.0001568188
E[P_sel(11)] = 0.0001438327
E[P_sel(12)] = 0.0001251019
E[P_sel(13)] = 0.0001049270
E[P_sel(14)] = 0.0001008528
E[P_sel(15)] = 0.0000916980
E[P_sel(16)] = 0.0000915966
E[P_sel(17)] = 0.0000701477
E[P_sel(18)] = 0.0000660000
E[P_sel(19)] = 0.0000623538
E[P_sel(20)] = 0.0000572386
E[P_sel(21)] = 0.0000468533
E[P_sel(22)] = 0.0000469266
E[P_sel(23)] = 0.0000500543
E[P_sel(24)] = 0.0000478753
E[P_sel(25)] = 0.0000442411
E[P_sel(26)] = 0.0000440140
E[P_sel(27)] = 0.0000467765
E[P_sel(28)] = 0.0000443521
E[P_sel(29)] = 0.0000401271
E[P_sel(30)] = 0.0000429082
E[P_sel(31)] = 0.0000394801
E[P_sel(32)] = 0.0000379013
E[P_sel(33)] = 0.0000410691
E[P_sel(34)] = 0.0000326388
E[P_sel(35)] = 0.0000325889
E[P_sel(36)] = 0.0000386862
E[P_sel(37)] = 0.0000364932
E[P_sel(38)] = 0.0000400930
E[P_sel(39)] = 0.0000372341
E[P_sel(40)] = 0.0000412545
E[P_sel(41)] = 0.0000424160
E[P_sel(42)] = 0.0000403773
E[P_sel(43)] = 0.0000427865
E[P_sel(44)] = 0.0000489607
E[P_sel(45)] = 0.0000506714
E[P_sel(46)] = 0.0000531546
E[P_sel(47)] = 0.0000620089
E[P_sel(48)] = 0.0000675549
E[P_sel(49)] = 0.0001306602

---- alpha_dfe = 0.338492

