---- Running command
---- ./polyDFE -d /home/jejames/CapsellaCrossGenome/PolyDFE10/norm.exp9_-4.66536522434242_PolyDFE.input -m C -i /home/jejames/CapsellaCrossGenome/model.txt 1 -e 
---- Performing inference using model C

---- Performing inference on /home/jejames/CapsellaCrossGenome/PolyDFE10/norm.exp9_-4.66536522434242_PolyDFE.input
----      with -i /home/jejames/CapsellaCrossGenome/model.txt 1
---- Data /home/jejames/CapsellaCrossGenome/PolyDFE10/norm.exp9_-4.66536522434242_PolyDFE.input does not contain divergence counts. Using option -w.
---- No mutation variability. Using Poisson likelihood.


---- Calculating initial values

-- Starting local optimization
-- Optimizing all parameters
  it        eps_an     theta_bar           S_d             b           p_b           S_b           r 2           r 3           r 4           r 5           r 6           r 7           r 8           r 9          r 10          r 11          r 12          r 13          r 14          r 15          r 16          r 17          r 18          r 19          r 20          r 21          r 22          r 23          r 24          r 25          r 26          r 27          r 28          r 29          r 30          r 31          r 32          r 33          r 34          r 35          r 36          r 37          r 38          r 39          r 40          r 41          r 42          r 43          r 44          r 45          r 46          r 47          r 48          r 49           ln lk          grad status 
   0           0.1 0.01629106495        -20000         0.406           0.1            20 0.90579710144 0.94469660774 0.95715878324 0.90639433030 0.85714285714 0.89994425863 0.92594362159 0.83062589584 0.83333333333 0.84440197483 0.85188724319 0.84989648033 0.85451505016 0.84627329192 0.86446886446 0.69784201305 0.74820831342 0.88055422838 0.78197165153 0.71571906354 0.79009396400 0.85256410256 0.81605351170 0.60718267240 0.75155279503 0.75143334925 0.84503901895 0.85905398948 0.80984233158 0.98248128682 1.06513776078 0.83958432871 1.04642458990 1.16081382385 1.19971333014 1.26397515527 1.16045548654 1.22981366459 1.46042363433 1.40715082019 1.74414715719 1.81649147953 1.91304347826 2.46715241280 3.09523809523 3.25796305144 4.38604873387             1 -6023.010895633 94.4417916643   -2 
1162 0.00280154477 0.01457582609 -1320.5738978 0.36138989526 0.01581504808 0.90890573669 0.91143224813 0.91217865981 0.93310072373 0.89157638575 0.86970560927 0.87581123010 0.83009867809 0.84496172207 0.78352756839 0.75557858972 0.79837505880 0.77860555416 0.77479258182 0.79017421656 0.83114868923 0.72631486931 0.69091256459 0.82722007676 0.73811662739 0.71355242136 0.72190915483 0.75103341229 0.70615552184 0.67350461665 0.66854722544 0.66086614823 0.73683972796 0.79414561215 0.66062243343 0.80285803396 0.89642797945 0.73763122525 0.82164221669 0.86485040387 0.99293004667 0.98253200283 0.84134227113 1.00572162300 0.98987692706 0.99158541016 1.12488759796 1.07103561410 1.28742142265 1.58223341097 1.73021053711 1.76303887702 1.97119952555 3.18267979924 -338.9657241574 0.00124216509   -8 
-- Local optimization: reached maximum number of likelihood evaluations allowed.
---- Best joint likelihood found -338.965724157485056 with gradient 0.00124

---- Results for /home/jejames/CapsellaCrossGenome/PolyDFE10/norm.exp9_-4.66536522434242_PolyDFE.input 
--  Model: C
--        eps_an     theta_bar             a 
-- 0.00280154477 0.01457582609            -1 
--           S_d             b           p_b           S_b 
-- -1320.5738978 0.36138989526 0.01581504808 0.90890573669 
--           r 2           r 3           r 4           r 5           r 6           r 7           r 8           r 9          r 10          r 11          r 12          r 13          r 14          r 15          r 16          r 17          r 18          r 19          r 20          r 21          r 22          r 23          r 24          r 25          r 26          r 27          r 28          r 29          r 30          r 31          r 32          r 33          r 34          r 35          r 36          r 37          r 38          r 39          r 40          r 41          r 42          r 43          r 44          r 45          r 46          r 47          r 48          r 49 
-- 0.91143224813 0.91217865981 0.93310072373 0.89157638575 0.86970560927 0.87581123010 0.83009867809 0.84496172207 0.78352756839 0.75557858972 0.79837505880 0.77860555416 0.77479258182 0.79017421656 0.83114868923 0.72631486931 0.69091256459 0.82722007676 0.73811662739 0.71355242136 0.72190915483 0.75103341229 0.70615552184 0.67350461665 0.66854722544 0.66086614823 0.73683972796 0.79414561215 0.66062243343 0.80285803396 0.89642797945 0.73763122525 0.82164221669 0.86485040387 0.99293004667 0.98253200283 0.84134227113 1.00572162300 0.98987692706 0.99158541016 1.12488759796 1.07103561410 1.28742142265 1.58223341097 1.73021053711 1.76303887702 1.97119952555 3.18267979924 

---- Expected P_neut(i), 0 < i < n (neutral SFS per site) 
E[P_neut(1)] = 0.0145376436
E[P_neut(2)] = 0.0066255068
E[P_neut(3)] = 0.0044210347
E[P_neut(4)] = 0.0033921886
E[P_neut(5)] = 0.0025932468
E[P_neut(6)] = 0.0021080554
E[P_neut(7)] = 0.0018195755
E[P_neut(8)] = 0.0015092783
E[P_neut(9)] = 0.0013656000
E[P_neut(10)] = 0.0011398672
E[P_neut(11)] = 0.0009994465
E[P_neut(12)] = 0.0009679353
E[P_neut(13)] = 0.0008716247
E[P_neut(14)] = 0.0008055265
E[P_neut(15)] = 0.0007666874
E[P_neut(16)] = 0.0007560330
E[P_neut(17)] = 0.0006219116
E[P_neut(18)] = 0.0005590555
E[P_neut(19)] = 0.0006338805
E[P_neut(20)] = 0.0005373252
E[P_neut(21)] = 0.0004949981
E[P_neut(22)] = 0.0004780266
E[P_neut(23)] = 0.0004756197
E[P_neut(24)] = 0.0004287152
E[P_neut(25)] = 0.0003926754
E[P_neut(26)] = 0.0003749449
E[P_neut(27)] = 0.0003570995
E[P_neut(28)] = 0.0003838385
E[P_neut(29)] = 0.0003994185
E[P_neut(30)] = 0.0003215784
E[P_neut(31)] = 0.0003782145
E[P_neut(32)] = 0.0004087416
E[P_neut(33)] = 0.0003266375
E[P_neut(34)] = 0.0003533731
E[P_neut(35)] = 0.0003613109
E[P_neut(36)] = 0.0004031552
E[P_neut(37)] = 0.0003884212
E[P_neut(38)] = 0.0003245300
E[P_neut(39)] = 0.0003776294
E[P_neut(40)] = 0.0003628958
E[P_neut(41)] = 0.0003553627
E[P_neut(42)] = 0.0003935283
E[P_neut(43)] = 0.0003671438
E[P_neut(44)] = 0.0004312068
E[P_neut(45)] = 0.0005183426
E[P_neut(46)] = 0.0005562343
E[P_neut(47)] = 0.0005576450
E[P_neut(48)] = 0.0006155126
E[P_neut(49)] = 0.0009849210

---- Expected P_sel(i), 0 < i < n (selected SFS per site) 
E[P_sel(1)] = 0.0042957286
E[P_sel(2)] = 0.0013680647
E[P_sel(3)] = 0.0007709796
E[P_sel(4)] = 0.0005320674
E[P_sel(5)] = 0.0003770000
E[P_sel(6)] = 0.0002890381
E[P_sel(7)] = 0.0002379673
E[P_sel(8)] = 0.0001897523
E[P_sel(9)] = 0.0001660170
E[P_sel(10)] = 0.0001345871
E[P_sel(11)] = 0.0001150142
E[P_sel(12)] = 0.0001088777
E[P_sel(13)] = 0.0000960502
E[P_sel(14)] = 0.0000871347
E[P_sel(15)] = 0.0000815479
E[P_sel(16)] = 0.0000791836
E[P_sel(17)] = 0.0000642177
E[P_sel(18)] = 0.0000569732
E[P_sel(19)] = 0.0000638235
E[P_sel(20)] = 0.0000534965
E[P_sel(21)] = 0.0000487675
E[P_sel(22)] = 0.0000466383
E[P_sel(23)] = 0.0000459828
E[P_sel(24)] = 0.0000410959
E[P_sel(25)] = 0.0000373419
E[P_sel(26)] = 0.0000353903
E[P_sel(27)] = 0.0000334711
E[P_sel(28)] = 0.0000357415
E[P_sel(29)] = 0.0000369636
E[P_sel(30)] = 0.0000295914
E[P_sel(31)] = 0.0000346155
E[P_sel(32)] = 0.0000372169
E[P_sel(33)] = 0.0000296064
E[P_sel(34)] = 0.0000318923
E[P_sel(35)] = 0.0000324754
E[P_sel(36)] = 0.0000360964
E[P_sel(37)] = 0.0000346604
E[P_sel(38)] = 0.0000288818
E[P_sel(39)] = 0.0000335011
E[P_sel(40)] = 0.0000321241
E[P_sel(41)] = 0.0000314085
E[P_sel(42)] = 0.0000347152
E[P_sel(43)] = 0.0000323868
E[P_sel(44)] = 0.0000379975
E[P_sel(45)] = 0.0000456648
E[P_sel(46)] = 0.0000491373
E[P_sel(47)] = 0.0000496154
E[P_sel(48)] = 0.0000557309
E[P_sel(49)] = 0.0000940598

---- alpha_dfe = 0.287430

