---- Running command
---- ./polyDFE -d /home/jejames/CapsellaCrossGenome/PolyDFE10/norm.exp3_-7.25427768970338_PolyDFE.input -m C -i /home/jejames/CapsellaCrossGenome/model.txt 1 -e 
---- Performing inference using model C

---- Performing inference on /home/jejames/CapsellaCrossGenome/PolyDFE10/norm.exp3_-7.25427768970338_PolyDFE.input
----      with -i /home/jejames/CapsellaCrossGenome/model.txt 1
---- Data /home/jejames/CapsellaCrossGenome/PolyDFE10/norm.exp3_-7.25427768970338_PolyDFE.input does not contain divergence counts. Using option -w.
---- No mutation variability. Using Poisson likelihood.


---- Calculating initial values

-- Starting local optimization
-- Optimizing all parameters
  it        eps_an     theta_bar           S_d             b           p_b           S_b           r 2           r 3           r 4           r 5           r 6           r 7           r 8           r 9          r 10          r 11          r 12          r 13          r 14          r 15          r 16          r 17          r 18          r 19          r 20          r 21          r 22          r 23          r 24          r 25          r 26          r 27          r 28          r 29          r 30          r 31          r 32          r 33          r 34          r 35          r 36          r 37          r 38          r 39          r 40          r 41          r 42          r 43          r 44          r 45          r 46          r 47          r 48          r 49           ln lk          grad status 
   0           0.1 0.01596741992        -80000         0.208           0.1            20 0.96497550309 0.89840871360 0.86634004130 0.93918289670 0.87265659796 0.93306879378 0.84739037130 1.03202818156 0.78309106369 0.90415839980 0.81192047617 0.95853747418 0.85994250313 0.83876584200 0.79685791796 0.68145928655 0.94165283232 0.77778677572 0.84706644531 0.92513260719 0.80884317933 0.94246264728 0.76770457950 0.98190063570 0.91590071668 1.03640118232 0.82989836822 0.97696076446 1.03737296027 0.87739401546 1.17649916993 1.00214600963 1.14264890472 1.28821314329 1.24338988541 1.06219378871 1.35247196015 1.18435437502 1.24063651455 1.67340162772 1.80945054055 2.13807345021 2.29469166295 2.31586832408 2.79572417702 3.05251649997 4.75005061343             1 -6164.873603228 94.8600384753   -2 
 857 0.00989420351 0.01441506873 -730.17574699 0.26815159899 0.00026285973 1.04018137527 0.92245084403 0.90579657136 0.85910378499 0.91864402680 0.89132311568 0.89961241341 0.86866498879 0.92972168833 0.80006062349 0.87466151591 0.77908426412 0.84669952140 0.74798227254 0.80693665686 0.74037567788 0.64669944306 0.83834650711 0.76578416843 0.75127114869 0.78339177959 0.77921719986 0.79281971017 0.64367396426 0.83102703987 0.83046716490 0.85177586058 0.75442438250 0.88876469207 0.85768880592 0.74767034089 0.99291291865 0.75822442715 0.90553055776 0.96210796667 0.92923181655 0.83849839233 0.97187397093 0.87224596848 0.94852835227 1.14413787935 1.16296758782 1.50379692893 1.52985179855 1.38385225235 1.61159686226 1.47647273710 1.87863972344 2.52316116141 -346.9340274957 0.00080957859   -8 
-- Local optimization: reached maximum number of likelihood evaluations allowed.
---- Best joint likelihood found -346.934027495782857 with gradient 0.00081

---- Results for /home/jejames/CapsellaCrossGenome/PolyDFE10/norm.exp3_-7.25427768970338_PolyDFE.input 
--  Model: C
--        eps_an     theta_bar             a 
-- 0.00989420351 0.01441506873            -1 
--           S_d             b           p_b           S_b 
-- -730.17574699 0.26815159899 0.00026285973 1.04018137527 
--           r 2           r 3           r 4           r 5           r 6           r 7           r 8           r 9          r 10          r 11          r 12          r 13          r 14          r 15          r 16          r 17          r 18          r 19          r 20          r 21          r 22          r 23          r 24          r 25          r 26          r 27          r 28          r 29          r 30          r 31          r 32          r 33          r 34          r 35          r 36          r 37          r 38          r 39          r 40          r 41          r 42          r 43          r 44          r 45          r 46          r 47          r 48          r 49 
-- 0.92245084403 0.90579657136 0.85910378499 0.91864402680 0.89132311568 0.89961241341 0.86866498879 0.92972168833 0.80006062349 0.87466151591 0.77908426412 0.84669952140 0.74798227254 0.80693665686 0.74037567788 0.64669944306 0.83834650711 0.76578416843 0.75127114869 0.78339177959 0.77921719986 0.79281971017 0.64367396426 0.83102703987 0.83046716490 0.85177586058 0.75442438250 0.88876469207 0.85768880592 0.74767034089 0.99291291865 0.75822442715 0.90553055776 0.96210796667 0.92923181655 0.83849839233 0.97187397093 0.87224596848 0.94852835227 1.14413787935 1.16296758782 1.50379692893 1.52985179855 1.38385225235 1.61159686226 1.47647273710 1.87863972344 2.52316116141 

---- Expected P_neut(i), 0 < i < n (neutral SFS per site) 
E[P_neut(1)] = 0.0142797873
E[P_neut(2)] = 0.0065883957
E[P_neut(3)] = 0.0043137905
E[P_neut(4)] = 0.0030703743
E[P_neut(5)] = 0.0026266450
E[P_neut(6)] = 0.0021251854
E[P_neut(7)] = 0.0018392260
E[P_neut(8)] = 0.0015536957
E[P_neut(9)] = 0.0014783579
E[P_neut(10)] = 0.0011452641
E[P_neut(11)] = 0.0011380587
E[P_neut(12)] = 0.0009302674
E[P_neut(13)] = 0.0009328069
E[P_neut(14)] = 0.0007662196
E[P_neut(15)] = 0.0007717178
E[P_neut(16)] = 0.0006642342
E[P_neut(17)] = 0.0005462171
E[P_neut(18)] = 0.0006691617
E[P_neut(19)] = 0.0005786826
E[P_neut(20)] = 0.0005402014
E[P_neut(21)] = 0.0005367956
E[P_neut(22)] = 0.0005093580
E[P_neut(23)] = 0.0004964766
E[P_neut(24)] = 0.0003873389
E[P_neut(25)] = 0.0004791725
E[P_neut(26)] = 0.0004597019
E[P_neut(27)] = 0.0004551728
E[P_neut(28)] = 0.0003896045
E[P_neut(29)] = 0.0004427290
E[P_neut(30)] = 0.0004134013
E[P_neut(31)] = 0.0003499769
E[P_neut(32)] = 0.0004494957
E[P_neut(33)] = 0.0003333564
E[P_neut(34)] = 0.0003867214
E[P_neut(35)] = 0.0004000050
E[P_neut(36)] = 0.0003760203
E[P_neut(37)] = 0.0003327331
E[P_neut(38)] = 0.0003742865
E[P_neut(39)] = 0.0003305480
E[P_neut(40)] = 0.0003498563
E[P_neut(41)] = 0.0004130175
E[P_neut(42)] = 0.0004106865
E[P_neut(43)] = 0.0005174659
E[P_neut(44)] = 0.0005174313
E[P_neut(45)] = 0.0004651145
E[P_neut(46)] = 0.0005306635
E[P_neut(47)] = 0.0004914223
E[P_neut(48)] = 0.0006243821
E[P_neut(49)] = 0.0008775577

---- Expected P_sel(i), 0 < i < n (selected SFS per site) 
E[P_sel(1)] = 0.0059260877
E[P_sel(2)] = 0.0020922001
E[P_sel(3)] = 0.0011997857
E[P_sel(4)] = 0.0007838023
E[P_sel(5)] = 0.0006299215
E[P_sel(6)] = 0.0004851932
E[P_sel(7)] = 0.0004033505
E[P_sel(8)] = 0.0003294009
E[P_sel(9)] = 0.0003043696
E[P_sel(10)] = 0.0002297807
E[P_sel(11)] = 0.0002231622
E[P_sel(12)] = 0.0001786347
E[P_sel(13)] = 0.0001758019
E[P_sel(14)] = 0.0001419003
E[P_sel(15)] = 0.0001406581
E[P_sel(16)] = 0.0001192834
E[P_sel(17)] = 0.0000967473
E[P_sel(18)] = 0.0001169996
E[P_sel(19)] = 0.0000999709
E[P_sel(20)] = 0.0000922511
E[P_sel(21)] = 0.0000906832
E[P_sel(22)] = 0.0000851762
E[P_sel(23)] = 0.0000822142
E[P_sel(24)] = 0.0000635482
E[P_sel(25)] = 0.0000779272
E[P_sel(26)] = 0.0000741307
E[P_sel(27)] = 0.0000728138
E[P_sel(28)] = 0.0000618515
E[P_sel(29)] = 0.0000697624
E[P_sel(30)] = 0.0000646839
E[P_sel(31)] = 0.0000544078
E[P_sel(32)] = 0.0000694092
E[P_sel(33)] = 0.0000511633
E[P_sel(34)] = 0.0000590036
E[P_sel(35)] = 0.0000607028
E[P_sel(36)] = 0.0000567616
E[P_sel(37)] = 0.0000500615
E[P_sel(38)] = 0.0000559888
E[P_sel(39)] = 0.0000493667
E[P_sel(40)] = 0.0000520035
E[P_sel(41)] = 0.0000612292
E[P_sel(42)] = 0.0000607322
E[P_sel(43)] = 0.0000762144
E[P_sel(44)] = 0.0000762630
E[P_sel(45)] = 0.0000691566
E[P_sel(46)] = 0.0000791140
E[P_sel(47)] = 0.0000756132
E[P_sel(48)] = 0.0000998208
E[P_sel(49)] = 0.0001625900

---- alpha_dfe = 0.003158

