---- Running command
---- ./polyDFE -d /home/jejames/CapsellaCrossGenome/PolyDFE10/norm.exp5_-6.24340016215024_PolyDFE.input -m C -i /home/jejames/CapsellaCrossGenome/model.txt 1 -e 
---- Performing inference using model C

---- Performing inference on /home/jejames/CapsellaCrossGenome/PolyDFE10/norm.exp5_-6.24340016215024_PolyDFE.input
----      with -i /home/jejames/CapsellaCrossGenome/model.txt 1
---- Data /home/jejames/CapsellaCrossGenome/PolyDFE10/norm.exp5_-6.24340016215024_PolyDFE.input does not contain divergence counts. Using option -w.
---- No mutation variability. Using Poisson likelihood.


---- Calculating initial values

-- Starting local optimization
-- Optimizing all parameters
  it        eps_an     theta_bar           S_d             b           p_b           S_b           r 2           r 3           r 4           r 5           r 6           r 7           r 8           r 9          r 10          r 11          r 12          r 13          r 14          r 15          r 16          r 17          r 18          r 19          r 20          r 21          r 22          r 23          r 24          r 25          r 26          r 27          r 28          r 29          r 30          r 31          r 32          r 33          r 34          r 35          r 36          r 37          r 38          r 39          r 40          r 41          r 42          r 43          r 44          r 45          r 46          r 47          r 48          r 49           ln lk          grad status 
   0           0.1 0.01518008384        -20000         0.406           0.1            20 0.87906179381 0.86203537754 0.85171043403 0.90742616691 0.95683004753 0.88447751889 0.91140029611 0.87419153744 0.88560741837 0.81430686511 0.81680043637 0.86207433959 0.74511026260 0.82404737785 0.76739655575 0.74448686978 0.73918803085 0.88315280916 0.73248655809 0.89184134652 0.78602041611 0.75185069742 0.80511182108 0.95457024857 0.88030857944 0.79003350736 0.97420712226 0.87002259798 0.72469414789 0.89016597833 0.85529494272 0.97202524740 1.11143146575 1.15912101613 1.08563858801 1.20805735213 0.89277643575 1.42834878828 1.33561910698 1.46485623003 1.43349177900 1.72060313254 1.98348009039 2.10745733655 2.55396244058 3.03066313410 4.05641704979             1 -6031.126441470 58.9280175585   -2 
 164 0.01401301473 0.01364447288 -814.57122993 0.28921569002 0.00069521406 1.12417424554 0.88129267493 0.87660084645 0.87840136765 0.89333299927 0.90556076382 0.88119539160 0.91691002812 0.78131233279 0.84089209649 0.79683597759 0.79106075742 0.77220509993 0.69068744929 0.76319292010 0.74938520749 0.65390807677 0.71987396847 0.77971053161 0.65870597489 0.77923664899 0.67088128418 0.62119055643 0.64340078445 0.74913950139 0.77725496796 0.64330882704 0.82854646060 0.71014512034 0.59188983398 0.73382342292 0.73119843310 0.85278835273 0.86127495577 0.98847837477 0.85754958974 0.96909659482 0.81914783055 1.05282259142 0.95492795476 1.10834551284 0.84044060881 1.15493688407 1.20346972423 1.20560133263 1.30671512727 1.38720440691 1.46698758156 1.92105787780 -346.2709717132 0.00454043268   -8 
-- Local optimization: reached maximum number of likelihood evaluations allowed.
---- Best joint likelihood found -346.270971713231233 with gradient 0.00454

---- Results for /home/jejames/CapsellaCrossGenome/PolyDFE10/norm.exp5_-6.24340016215024_PolyDFE.input 
--  Model: C
--        eps_an     theta_bar             a 
-- 0.01401301473 0.01364447288            -1 
--           S_d             b           p_b           S_b 
-- -814.57122993 0.28921569002 0.00069521406 1.12417424554 
--           r 2           r 3           r 4           r 5           r 6           r 7           r 8           r 9          r 10          r 11          r 12          r 13          r 14          r 15          r 16          r 17          r 18          r 19          r 20          r 21          r 22          r 23          r 24          r 25          r 26          r 27          r 28          r 29          r 30          r 31          r 32          r 33          r 34          r 35          r 36          r 37          r 38          r 39          r 40          r 41          r 42          r 43          r 44          r 45          r 46          r 47          r 48          r 49 
-- 0.88129267493 0.87660084645 0.87840136765 0.89333299927 0.90556076382 0.88119539160 0.91691002812 0.78131233279 0.84089209649 0.79683597759 0.79106075742 0.77220509993 0.69068744929 0.76319292010 0.74938520749 0.65390807677 0.71987396847 0.77971053161 0.65870597489 0.77923664899 0.67088128418 0.62119055643 0.64340078445 0.74913950139 0.77725496796 0.64330882704 0.82854646060 0.71014512034 0.59188983398 0.73382342292 0.73119843310 0.85278835273 0.86127495577 0.98847837477 0.85754958974 0.96909659482 0.81914783055 1.05282259142 0.95492795476 1.10834551284 0.84044060881 1.15493688407 1.20346972423 1.20560133263 1.30671512727 1.38720440691 1.46698758156 1.92105787780 

---- Expected P_neut(i), 0 < i < n (neutral SFS per site) 
E[P_neut(1)] = 0.0134607687
E[P_neut(2)] = 0.0059339788
E[P_neut(3)] = 0.0039366933
E[P_neut(4)] = 0.0029597747
E[P_neut(5)] = 0.0024087730
E[P_neut(6)] = 0.0020356889
E[P_neut(7)] = 0.0016987014
E[P_neut(8)] = 0.0015457561
E[P_neut(9)] = 0.0011730807
E[P_neut(10)] = 0.0011358396
E[P_neut(11)] = 0.0009797117
E[P_neut(12)] = 0.0008909846
E[P_neut(13)] = 0.0008041376
E[P_neut(14)] = 0.0006682693
E[P_neut(15)] = 0.0006898961
E[P_neut(16)] = 0.0006349486
E[P_neut(17)] = 0.0005224236
E[P_neut(18)] = 0.0005424056
E[P_neut(19)] = 0.0005566133
E[P_neut(20)] = 0.0004468599
E[P_neut(21)] = 0.0005038860
E[P_neut(22)] = 0.0004159100
E[P_neut(23)] = 0.0003679054
E[P_neut(24)] = 0.0003663761
E[P_neut(25)] = 0.0004088645
E[P_neut(26)] = 0.0004073036
E[P_neut(27)] = 0.0003257051
E[P_neut(28)] = 0.0004039256
E[P_neut(29)] = 0.0003365353
E[P_neut(30)] = 0.0002717257
E[P_neut(31)] = 0.0003263085
E[P_neut(32)] = 0.0003150533
E[P_neut(33)] = 0.0003550150
E[P_neut(34)] = 0.0003497483
E[P_neut(35)] = 0.0003896787
E[P_neut(36)] = 0.0003299008
E[P_neut(37)] = 0.0003637228
E[P_neut(38)] = 0.0003026100
E[P_neut(39)] = 0.0003770276
E[P_neut(40)] = 0.0003372505
E[P_neut(41)] = 0.0003802784
E[P_neut(42)] = 0.0002911208
E[P_neut(43)] = 0.0003854107
E[P_neut(44)] = 0.0003968256
E[P_neut(45)] = 0.0003945896
E[P_neut(46)] = 0.0004241527
E[P_neut(47)] = 0.0004529419
E[P_neut(48)] = 0.0004954138
E[P_neut(49)] = 0.0007186393

---- Expected P_sel(i), 0 < i < n (selected SFS per site) 
E[P_sel(1)] = 0.0051914862
E[P_sel(2)] = 0.0017098130
E[P_sel(3)] = 0.0009823017
E[P_sel(4)] = 0.0006732039
E[P_sel(5)] = 0.0005120734
E[P_sel(6)] = 0.0004104246
E[P_sel(7)] = 0.0003279366
E[P_sel(8)] = 0.0002877668
E[P_sel(9)] = 0.0002114800
E[P_sel(10)] = 0.0001991978
E[P_sel(11)] = 0.0001675745
E[P_sel(12)] = 0.0001490749
E[P_sel(13)] = 0.0001318067
E[P_sel(14)] = 0.0001075181
E[P_sel(15)] = 0.0001091030
E[P_sel(16)] = 0.0000988447
E[P_sel(17)] = 0.0000801186
E[P_sel(18)] = 0.0000820629
E[P_sel(19)] = 0.0000831297
E[P_sel(20)] = 0.0000659276
E[P_sel(21)] = 0.0000734846
E[P_sel(22)] = 0.0000599820
E[P_sel(23)] = 0.0000525179
E[P_sel(24)] = 0.0000517852
E[P_sel(25)] = 0.0000572548
E[P_sel(26)] = 0.0000565277
E[P_sel(27)] = 0.0000448227
E[P_sel(28)] = 0.0000551311
E[P_sel(29)] = 0.0000455976
E[P_sel(30)] = 0.0000365525
E[P_sel(31)] = 0.0000435907
E[P_sel(32)] = 0.0000418049
E[P_sel(33)] = 0.0000467748
E[P_sel(34)] = 0.0000458344
E[P_sel(35)] = 0.0000507577
E[P_sel(36)] = 0.0000427656
E[P_sel(37)] = 0.0000469332
E[P_sel(38)] = 0.0000389801
E[P_sel(39)] = 0.0000482723
E[P_sel(40)] = 0.0000431822
E[P_sel(41)] = 0.0000484431
E[P_sel(42)] = 0.0000375418
E[P_sel(43)] = 0.0000493245
E[P_sel(44)] = 0.0000510818
E[P_sel(45)] = 0.0000513768
E[P_sel(46)] = 0.0000560972
E[P_sel(47)] = 0.0000620740
E[P_sel(48)] = 0.0000738879
E[P_sel(49)] = 0.0001371030

---- alpha_dfe = 0.010166

