---- Running command
---- ./polyDFE -d /home/jejames/CapsellaCrossGenome/PolyDFE10/norm.exp2_-8.06587838522702_PolyDFE.input -m C -i /home/jejames/CapsellaCrossGenome/model.txt 1 -e 
---- Performing inference using model C

---- Performing inference on /home/jejames/CapsellaCrossGenome/PolyDFE10/norm.exp2_-8.06587838522702_PolyDFE.input
----      with -i /home/jejames/CapsellaCrossGenome/model.txt 1
---- Data /home/jejames/CapsellaCrossGenome/PolyDFE10/norm.exp2_-8.06587838522702_PolyDFE.input does not contain divergence counts. Using option -w.
---- No mutation variability. Using Poisson likelihood.


---- Calculating initial values

-- Starting local optimization
-- Optimizing all parameters
  it        eps_an     theta_bar           S_d             b           p_b           S_b           r 2           r 3           r 4           r 5           r 6           r 7           r 8           r 9          r 10          r 11          r 12          r 13          r 14          r 15          r 16          r 17          r 18          r 19          r 20          r 21          r 22          r 23          r 24          r 25          r 26          r 27          r 28          r 29          r 30          r 31          r 32          r 33          r 34          r 35          r 36          r 37          r 38          r 39          r 40          r 41          r 42          r 43          r 44          r 45          r 46          r 47          r 48          r 49           ln lk          grad status 
   0           0.1 0.01640516011        -80000         0.208           0.1            20 0.90728316223 0.88489208633 0.87899118907 0.86452186565 0.90016975183 0.91864036860 0.85296257376 0.98249939374 0.86492603669 0.77936302643 0.79298359065 0.75818446366 0.92175248565 0.80025866946 0.95578368765 0.79839948266 0.94939778514 0.87005900897 0.85360924743 0.98965322124 0.68377657424 0.81525341524 0.79637862743 0.84875919489 0.87115027079 0.84354538840 0.95174197720 0.95408616926 1.04761134912 1.14893703015 1.11874545307 1.03766874141 1.12957723708 1.07509498019 1.31096920216 1.23672298116 1.22100072750 1.41391156737 1.51968312990 1.57258911971 1.73486379435 1.70839059089 2.07711583542 2.36803815374 2.47829601487 3.65103871958 4.91989329884             1 -6172.379514601 89.6128932691   -2 
 919 0.00021845160 0.01450106988 -557.69629590 0.27856827998 0.00303635801 8.56587267287 0.91711063483 0.90091022197 0.87805780060 0.86039761875 0.86394108394 0.88390070265 0.84404514176 0.92459583952 0.82541347334 0.78477779143 0.81329604194 0.81244857041 0.88745546477 0.82050281692 0.83295983705 0.74316509433 0.82415078920 0.71970033988 0.72854983124 0.90231629071 0.70854149760 0.82955006811 0.74399588265 0.77249205342 0.74067469745 0.70342128867 0.84376785005 0.79653905496 0.80708765178 0.92158275016 0.93974826711 0.85849118764 0.97332097467 0.93622409989 0.99530937836 0.90517740267 1.02056178261 1.14075155983 1.17940672992 1.24464321075 1.20290392631 1.12926085900 1.28754776238 1.58646569826 1.41106858284 2.30423569740 2.50715425208 3.11698790961 -351.0251066363 0.00046619110   -8 
-- Local optimization: reached maximum number of likelihood evaluations allowed.
---- Best joint likelihood found -351.025106636336147 with gradient 0.00047

---- Results for /home/jejames/CapsellaCrossGenome/PolyDFE10/norm.exp2_-8.06587838522702_PolyDFE.input 
--  Model: C
--        eps_an     theta_bar             a 
-- 0.00021845160 0.01450106988            -1 
--           S_d             b           p_b           S_b 
-- -557.69629590 0.27856827998 0.00303635801 8.56587267287 
--           r 2           r 3           r 4           r 5           r 6           r 7           r 8           r 9          r 10          r 11          r 12          r 13          r 14          r 15          r 16          r 17          r 18          r 19          r 20          r 21          r 22          r 23          r 24          r 25          r 26          r 27          r 28          r 29          r 30          r 31          r 32          r 33          r 34          r 35          r 36          r 37          r 38          r 39          r 40          r 41          r 42          r 43          r 44          r 45          r 46          r 47          r 48          r 49 
-- 0.91711063483 0.90091022197 0.87805780060 0.86039761875 0.86394108394 0.88390070265 0.84404514176 0.92459583952 0.82541347334 0.78477779143 0.81329604194 0.81244857041 0.88745546477 0.82050281692 0.83295983705 0.74316509433 0.82415078920 0.71970033988 0.72854983124 0.90231629071 0.70854149760 0.82955006811 0.74399588265 0.77249205342 0.74067469745 0.70342128867 0.84376785005 0.79653905496 0.80708765178 0.92158275016 0.93974826711 0.85849118764 0.97332097467 0.93622409989 0.99530937836 0.90517740267 1.02056178261 1.14075155983 1.17940672992 1.24464321075 1.20290392631 1.12926085900 1.28754776238 1.58646569826 1.41106858284 2.30423569740 2.50715425208 3.11698790961 

---- Expected P_neut(i), 0 < i < n (neutral SFS per site) 
E[P_neut(1)] = 0.0144981036
E[P_neut(2)] = 0.0066482556
E[P_neut(3)] = 0.0043539247
E[P_neut(4)] = 0.0031825962
E[P_neut(5)] = 0.0024949038
E[P_neut(6)] = 0.0020876482
E[P_neut(7)] = 0.0018307555
E[P_neut(8)] = 0.0015297012
E[P_neut(9)] = 0.0014895073
E[P_neut(10)] = 0.0011967698
E[P_neut(11)] = 0.0010344228
E[P_neut(12)] = 0.0009826756
E[P_neut(13)] = 0.0009061390
E[P_neut(14)] = 0.0009191049
E[P_neut(15)] = 0.0007931227
E[P_neut(16)] = 0.0007548513
E[P_neut(17)] = 0.0006338668
E[P_neut(18)] = 0.0006638962
E[P_neut(19)] = 0.0005492597
E[P_neut(20)] = 0.0005282074
E[P_neut(21)] = 0.0006230248
E[P_neut(22)] = 0.0004670212
E[P_neut(23)] = 0.0005229841
E[P_neut(24)] = 0.0004495227
E[P_neut(25)] = 0.0004480785
E[P_neut(26)] = 0.0004131070
E[P_neut(27)] = 0.0003778229
E[P_neut(28)] = 0.0004369900
E[P_neut(29)] = 0.0003983480
E[P_neut(30)] = 0.0003901513
E[P_neut(31)] = 0.0004311205
E[P_neut(32)] = 0.0004259069
E[P_neut(33)] = 0.0003772997
E[P_neut(34)] = 0.0004151976
E[P_neut(35)] = 0.0003879814
E[P_neut(36)] = 0.0004010313
E[P_neut(37)] = 0.0003548783
E[P_neut(38)] = 0.0003895832
E[P_neut(39)] = 0.0004242902
E[P_neut(40)] = 0.0004277346
E[P_neut(41)] = 0.0004404404
E[P_neut(42)] = 0.0004155624
E[P_neut(43)] = 0.0003811422
E[P_neut(44)] = 0.0004247003
E[P_neut(45)] = 0.0005116657
E[P_neut(46)] = 0.0004454244
E[P_neut(47)] = 0.0007117297
E[P_neut(48)] = 0.0007587125
E[P_neut(49)] = 0.0009254083

---- Expected P_sel(i), 0 < i < n (selected SFS per site) 
E[P_sel(1)] = 0.0063131337
E[P_sel(2)] = 0.0022104382
E[P_sel(3)] = 0.0012640950
E[P_sel(4)] = 0.0008465712
E[P_sel(5)] = 0.0006225544
E[P_sel(6)] = 0.0004955239
E[P_sel(7)] = 0.0004171391
E[P_sel(8)] = 0.0003367340
E[P_sel(9)] = 0.0003182874
E[P_sel(10)] = 0.0002491564
E[P_sel(11)] = 0.0002104283
E[P_sel(12)] = 0.0001957874
E[P_sel(13)] = 0.0001771674
E[P_sel(14)] = 0.0001766362
E[P_sel(15)] = 0.0001500336
E[P_sel(16)] = 0.0001407241
E[P_sel(17)] = 0.0001165798
E[P_sel(18)] = 0.0001205726
E[P_sel(19)] = 0.0000985847
E[P_sel(20)] = 0.0000937660
E[P_sel(21)] = 0.0001094582
E[P_sel(22)] = 0.0000812545
E[P_sel(23)] = 0.0000901602
E[P_sel(24)] = 0.0000768281
E[P_sel(25)] = 0.0000759586
E[P_sel(26)] = 0.0000694928
E[P_sel(27)] = 0.0000630971
E[P_sel(28)] = 0.0000724794
E[P_sel(29)] = 0.0000656455
E[P_sel(30)] = 0.0000639055
E[P_sel(31)] = 0.0000702154
E[P_sel(32)] = 0.0000689991
E[P_sel(33)] = 0.0000608236
E[P_sel(34)] = 0.0000666290
E[P_sel(35)] = 0.0000620029
E[P_sel(36)] = 0.0000638482
E[P_sel(37)] = 0.0000563123
E[P_sel(38)] = 0.0000616406
E[P_sel(39)] = 0.0000669701
E[P_sel(40)] = 0.0000673888
E[P_sel(41)] = 0.0000693048
E[P_sel(42)] = 0.0000653521
E[P_sel(43)] = 0.0000599557
E[P_sel(44)] = 0.0000668813
E[P_sel(45)] = 0.0000807527
E[P_sel(46)] = 0.0000705728
E[P_sel(47)] = 0.0001133613
E[P_sel(48)] = 0.0001219162
E[P_sel(49)] = 0.0001513290

---- alpha_dfe = 0.159316

