---- Running command
---- ./polyDFE -d /home/jejames/CapsellaCrossGenome/PolyDFE10/norm.exp4_-6.67264217728496_PolyDFE.input -m C -i /home/jejames/CapsellaCrossGenome/model.txt 1 -e 
---- Performing inference using model C

---- Performing inference on /home/jejames/CapsellaCrossGenome/PolyDFE10/norm.exp4_-6.67264217728496_PolyDFE.input
----      with -i /home/jejames/CapsellaCrossGenome/model.txt 1
---- Data /home/jejames/CapsellaCrossGenome/PolyDFE10/norm.exp4_-6.67264217728496_PolyDFE.input does not contain divergence counts. Using option -w.
---- No mutation variability. Using Poisson likelihood.


---- Calculating initial values

-- Starting local optimization
-- Optimizing all parameters
  it        eps_an     theta_bar           S_d             b           p_b           S_b           r 2           r 3           r 4           r 5           r 6           r 7           r 8           r 9          r 10          r 11          r 12          r 13          r 14          r 15          r 16          r 17          r 18          r 19          r 20          r 21          r 22          r 23          r 24          r 25          r 26          r 27          r 28          r 29          r 30          r 31          r 32          r 33          r 34          r 35          r 36          r 37          r 38          r 39          r 40          r 41          r 42          r 43          r 44          r 45          r 46          r 47          r 48          r 49           ln lk          grad status 
   0           0.1 0.01554745083        -80000         0.208           0.1            20 0.91555273491 0.91245884732 0.84407599857 0.88711276823 0.81416841854 0.91571139581 0.84153742414 0.89318154773 0.88056800602 0.78100829003 0.91483876085 0.88588314624 0.80520407758 0.76990202689 0.90563642854 0.93526635198 0.91245884732 0.74610289159 0.76315893855 0.73801118559 0.79933362421 0.93237079052 0.82440204672 0.72389036531 0.69509341160 0.94030383562 1.07064376660 0.89032565150 0.97338463369 1.02058625203 1.09412558010 1.15580500575 1.13688469318 0.95236206417 1.15663797548 1.08896910078 1.35353615485 1.40771885288 1.49141247867 1.49291975724 1.64594819721 2.05013684502 1.79588274959 2.02947126254 2.40847249216 3.22890801634 4.62464797112             1 -6161.206879010 92.1425249290   -2 
 226 0.00927427991 0.01405847372 -670.91134008 0.27361397979 0.00046814496 1.29068777565 0.89987864606 0.86218685590 0.83107386716 0.84791543312 0.78989446700 0.88059358674 0.85929171557 0.84827273821 0.90504151797 0.80716923588 0.89624530015 0.83590721533 0.76435780703 0.77515943722 0.73967924194 0.85512844670 0.77660949081 0.69716851761 0.67719858787 0.73147246466 0.71057690131 0.70314916169 0.73253449676 0.66755343410 0.72834551188 0.86065746687 0.86554297733 0.80683481568 0.81849348096 0.89318983690 0.88183439470 0.84640416405 0.84672709492 0.75924894986 0.93584154265 0.80930494662 0.90298128627 1.06287625301 1.10177004908 1.02333133990 1.11651033141 1.29547199111 1.12107222993 0.99993899719 1.22109939249 1.63255489714 2.03350924194 2.44832582355 -350.4048584703 0.00366487694   -3 
-- Local optimization: stuck in the same solution
---- Best joint likelihood found -350.404858470367458 with gradient 0.00366

---- Results for /home/jejames/CapsellaCrossGenome/PolyDFE10/norm.exp4_-6.67264217728496_PolyDFE.input 
--  Model: C
--        eps_an     theta_bar             a 
-- 0.00927427991 0.01405847372            -1 
--           S_d             b           p_b           S_b 
-- -670.91134008 0.27361397979 0.00046814496 1.29068777565 
--           r 2           r 3           r 4           r 5           r 6           r 7           r 8           r 9          r 10          r 11          r 12          r 13          r 14          r 15          r 16          r 17          r 18          r 19          r 20          r 21          r 22          r 23          r 24          r 25          r 26          r 27          r 28          r 29          r 30          r 31          r 32          r 33          r 34          r 35          r 36          r 37          r 38          r 39          r 40          r 41          r 42          r 43          r 44          r 45          r 46          r 47          r 48          r 49 
-- 0.89987864606 0.86218685590 0.83107386716 0.84791543312 0.78989446700 0.88059358674 0.85929171557 0.84827273821 0.90504151797 0.80716923588 0.89624530015 0.83590721533 0.76435780703 0.77515943722 0.73967924194 0.85512844670 0.77660949081 0.69716851761 0.67719858787 0.73147246466 0.71057690131 0.70314916169 0.73253449676 0.66755343410 0.72834551188 0.86065746687 0.86554297733 0.80683481568 0.81849348096 0.89318983690 0.88183439470 0.84640416405 0.84672709492 0.75924894986 0.93584154265 0.80930494662 0.90298128627 1.06287625301 1.10177004908 1.02333133990 1.11651033141 1.29547199111 1.12107222993 0.99993899719 1.22109939249 1.63255489714 2.03350924194 2.44832582355 

---- Expected P_neut(i), 0 < i < n (neutral SFS per site) 
E[P_neut(1)] = 0.0139346062
E[P_neut(2)] = 0.0062723197
E[P_neut(3)] = 0.0040074013
E[P_neut(4)] = 0.0028972793
E[P_neut(5)] = 0.0023648660
E[P_neut(6)] = 0.0018369424
E[P_neut(7)] = 0.0017560692
E[P_neut(8)] = 0.0014995027
E[P_neut(9)] = 0.0013160121
E[P_neut(10)] = 0.0012641414
E[P_neut(11)] = 0.0010255831
E[P_neut(12)] = 0.0010433471
E[P_neut(13)] = 0.0008984359
E[P_neut(14)] = 0.0007638212
E[P_neut(15)] = 0.0007225945
E[P_neut(16)] = 0.0006471420
E[P_neut(17)] = 0.0007039504
E[P_neut(18)] = 0.0006045201
E[P_neut(19)] = 0.0005148212
E[P_neut(20)] = 0.0004751614
E[P_neut(21)] = 0.0004887711
E[P_neut(22)] = 0.0004538931
E[P_neut(23)] = 0.0004299616
E[P_neut(24)] = 0.0004287694
E[P_neut(25)] = 0.0003753913
E[P_neut(26)] = 0.0003941512
E[P_neut(27)] = 0.0004479607
E[P_neut(28)] = 0.0004347598
E[P_neut(29)] = 0.0003920473
E[P_neut(30)] = 0.0003844165
E[P_neut(31)] = 0.0004060883
E[P_neut(32)] = 0.0003894463
E[P_neut(33)] = 0.0003637946
E[P_neut(34)] = 0.0003528891
E[P_neut(35)] = 0.0003088775
E[P_neut(36)] = 0.0003691875
E[P_neut(37)] = 0.0003130343
E[P_neut(38)] = 0.0003407064
E[P_neut(39)] = 0.0003891529
E[P_neut(40)] = 0.0003954390
E[P_neut(41)] = 0.0003599243
E[P_neut(42)] = 0.0003842631
E[P_neut(43)] = 0.0004360171
E[P_neut(44)] = 0.0003720373
E[P_neut(45)] = 0.0003316049
E[P_neut(46)] = 0.0003968194
E[P_neut(47)] = 0.0005212665
E[P_neut(48)] = 0.0006487246
E[P_neut(49)] = 0.0008263109

---- Expected P_sel(i), 0 < i < n (selected SFS per site) 
E[P_sel(1)] = 0.0058358078
E[P_sel(2)] = 0.0020026272
E[P_sel(3)] = 0.0011178065
E[P_sel(4)] = 0.0007407049
E[P_sel(5)] = 0.0005672787
E[P_sel(6)] = 0.0004190926
E[P_sel(7)] = 0.0003845332
E[P_sel(8)] = 0.0003171970
E[P_sel(9)] = 0.0002701831
E[P_sel(10)] = 0.0002527863
E[P_sel(11)] = 0.0002003109
E[P_sel(12)] = 0.0001995555
E[P_sel(13)] = 0.0001685688
E[P_sel(14)] = 0.0001407815
E[P_sel(15)] = 0.0001310561
E[P_sel(16)] = 0.0001156003
E[P_sel(17)] = 0.0001240048
E[P_sel(18)] = 0.0001050869
E[P_sel(19)] = 0.0000883869
E[P_sel(20)] = 0.0000806368
E[P_sel(21)] = 0.0000820427
E[P_sel(22)] = 0.0000753945
E[P_sel(23)] = 0.0000707165
E[P_sel(24)] = 0.0000698631
E[P_sel(25)] = 0.0000606189
E[P_sel(26)] = 0.0000631057
E[P_sel(27)] = 0.0000711318
E[P_sel(28)] = 0.0000684960
E[P_sel(29)] = 0.0000613096
E[P_sel(30)] = 0.0000596819
E[P_sel(31)] = 0.0000626106
E[P_sel(32)] = 0.0000596650
E[P_sel(33)] = 0.0000554108
E[P_sel(34)] = 0.0000534140
E[P_sel(35)] = 0.0000465241
E[P_sel(36)] = 0.0000552679
E[P_sel(37)] = 0.0000467030
E[P_sel(38)] = 0.0000506085
E[P_sel(39)] = 0.0000574616
E[P_sel(40)] = 0.0000582398
E[P_sel(41)] = 0.0000528900
E[P_sel(42)] = 0.0000563297
E[P_sel(43)] = 0.0000637679
E[P_sel(44)] = 0.0000545575
E[P_sel(45)] = 0.0000492578
E[P_sel(46)] = 0.0000591883
E[P_sel(47)] = 0.0000785261
E[P_sel(48)] = 0.0001013872
E[P_sel(49)] = 0.0001516707

---- alpha_dfe = 0.006338

