---- Running command
---- ./polyDFE -d /home/jejames/CapsellaCrossGenome/PolyDFE10/norm.exp6_-5.894160806213_PolyDFE.input -m C -i /home/jejames/CapsellaCrossGenome/model.txt 1 -e 
---- Performing inference using model C

---- Performing inference on /home/jejames/CapsellaCrossGenome/PolyDFE10/norm.exp6_-5.894160806213_PolyDFE.input
----      with -i /home/jejames/CapsellaCrossGenome/model.txt 1
---- Data /home/jejames/CapsellaCrossGenome/PolyDFE10/norm.exp6_-5.894160806213_PolyDFE.input does not contain divergence counts. Using option -w.
---- No mutation variability. Using Poisson likelihood.


---- Calculating initial values

-- Starting local optimization
-- Optimizing all parameters
  it        eps_an     theta_bar           S_d             b           p_b           S_b           r 2           r 3           r 4           r 5           r 6           r 7           r 8           r 9          r 10          r 11          r 12          r 13          r 14          r 15          r 16          r 17          r 18          r 19          r 20          r 21          r 22          r 23          r 24          r 25          r 26          r 27          r 28          r 29          r 30          r 31          r 32          r 33          r 34          r 35          r 36          r 37          r 38          r 39          r 40          r 41          r 42          r 43          r 44          r 45          r 46          r 47          r 48          r 49           ln lk          grad status 
   0           0.1 0.01550945094        -20000         0.406           0.1            20 0.93314190369 0.85340110977 0.88533623064 0.86162741065 0.83652167164 0.80780722517 0.82852819060 0.90450506383 0.81603352605 0.91129564238 0.77854953242 0.87268635287 0.77140972410 0.78809514570 0.79903767801 0.81401575414 0.83954832951 0.76085522486 0.79313957549 0.76923673897 0.95184509720 0.78537891428 0.78693104652 0.74696364130 0.73144231888 0.83815141050 0.82030188972 0.73819409413 1.02207908113 0.87571301074 1.11505180241 1.10892088005 0.92747662100 1.01315432074 1.20135035505 1.22036397501 1.19141670870 1.35442939738 1.31465600869 1.44775134841 1.59877381552 1.67855341275 1.80466415738 2.04124791432 2.52749214233 3.31741104342 4.27643475224             1 -6138.212861481 71.8241417861   -2 
2001 0.00067600886 0.01385578744 -802.60213952 0.32255155255 0.00204416338 39.4219710031 0.90615826885 0.85547169046 0.90583327905 0.83684779707 0.81004618295 0.80090059175 0.82258082649 0.83195871892 0.76741995068 0.85545138442 0.74632520047 0.78997901108 0.76256756438 0.77984683672 0.70985518552 0.74336215522 0.77513786006 0.67733054416 0.77023456478 0.67439763873 0.84917223512 0.72842057771 0.66935950451 0.75676156556 0.67570089409 0.72848263374 0.70544208809 0.57781189197 0.83601637627 0.77182482327 0.96978072385 0.95544037536 0.77889092635 0.87643939455 0.92772558503 0.97146390802 1.02492165462 0.91425898725 0.97503665502 0.94071044375 1.09006019433 1.17372377292 1.09400701774 1.11260657637 1.46604058350 1.83188509701 1.84388226638 2.63396915194 -333.6004361657 0.00085327335   -2 
-- Local optimization: reached maximum number of iterations allowed
---- Best joint likelihood found -333.600436165775022 with gradient 0.00085

---- Results for /home/jejames/CapsellaCrossGenome/PolyDFE10/norm.exp6_-5.894160806213_PolyDFE.input 
--  Model: C
--        eps_an     theta_bar             a 
-- 0.00067600886 0.01385578744            -1 
--           S_d             b           p_b           S_b 
-- -802.60213952 0.32255155255 0.00204416338 39.4219710031 
--           r 2           r 3           r 4           r 5           r 6           r 7           r 8           r 9          r 10          r 11          r 12          r 13          r 14          r 15          r 16          r 17          r 18          r 19          r 20          r 21          r 22          r 23          r 24          r 25          r 26          r 27          r 28          r 29          r 30          r 31          r 32          r 33          r 34          r 35          r 36          r 37          r 38          r 39          r 40          r 41          r 42          r 43          r 44          r 45          r 46          r 47          r 48          r 49 
-- 0.90615826885 0.85547169046 0.90583327905 0.83684779707 0.81004618295 0.80090059175 0.82258082649 0.83195871892 0.76741995068 0.85545138442 0.74632520047 0.78997901108 0.76256756438 0.77984683672 0.70985518552 0.74336215522 0.77513786006 0.67733054416 0.77023456478 0.67439763873 0.84917223512 0.72842057771 0.66935950451 0.75676156556 0.67570089409 0.72848263374 0.70544208809 0.57781189197 0.83601637627 0.77182482327 0.96978072385 0.95544037536 0.77889092635 0.87643939455 0.92772558503 0.97146390802 1.02492165462 0.91425898725 0.97503665502 0.94071044375 1.09006019433 1.17372377292 1.09400701774 1.11260657637 1.46604058350 1.83188509701 1.84388226638 2.63396915194 

---- Expected P_neut(i), 0 < i < n (neutral SFS per site) 
E[P_neut(1)] = 0.0138469243
E[P_neut(2)] = 0.0062738842
E[P_neut(3)] = 0.0039487721
E[P_neut(4)] = 0.0031359357
E[P_neut(5)] = 0.0023177009
E[P_neut(6)] = 0.0018696063
E[P_neut(7)] = 0.0015844852
E[P_neut(8)] = 0.0014239681
E[P_neut(9)] = 0.0012801761
E[P_neut(10)] = 0.0010628303
E[P_neut(11)] = 0.0010770323
E[P_neut(12)] = 0.0008614137
E[P_neut(13)] = 0.0008416599
E[P_neut(14)] = 0.0007544436
E[P_neut(15)] = 0.0007201070
E[P_neut(16)] = 0.0006145242
E[P_neut(17)] = 0.0006057362
E[P_neut(18)] = 0.0005965553
E[P_neut(19)] = 0.0004938439
E[P_neut(20)] = 0.0005335106
E[P_neut(21)] = 0.0004448530
E[P_neut(22)] = 0.0005346904
E[P_neut(23)] = 0.0004387752
E[P_neut(24)] = 0.0003864198
E[P_neut(25)] = 0.0004194211
E[P_neut(26)] = 0.0003601089
E[P_neut(27)] = 0.0003738847
E[P_neut(28)] = 0.0003492133
E[P_neut(29)] = 0.0002761845
E[P_neut(30)] = 0.0003862219
E[P_neut(31)] = 0.0003450762
E[P_neut(32)] = 0.0004200281
E[P_neut(33)] = 0.0004013014
E[P_neut(34)] = 0.0003176171
E[P_neut(35)] = 0.0003472169
E[P_neut(36)] = 0.0003573346
E[P_neut(37)] = 0.0003641178
E[P_neut(38)] = 0.0003740430
E[P_neut(39)] = 0.0003253237
E[P_neut(40)] = 0.0003382380
E[P_neut(41)] = 0.0003185603
E[P_neut(42)] = 0.0003603305
E[P_neut(43)] = 0.0003790222
E[P_neut(44)] = 0.0003455391
E[P_neut(45)] = 0.0003439148
E[P_neut(46)] = 0.0004434128
E[P_neut(47)] = 0.0005423529
E[P_neut(48)] = 0.0005361432
E[P_neut(49)] = 0.0007536737

---- Expected P_sel(i), 0 < i < n (selected SFS per site) 
E[P_sel(1)] = 0.0050082898
E[P_sel(2)] = 0.0016404519
E[P_sel(3)] = 0.0008795890
E[P_sel(4)] = 0.0006302628
E[P_sel(5)] = 0.0004322174
E[P_sel(6)] = 0.0003288538
E[P_sel(7)] = 0.0002657074
E[P_sel(8)] = 0.0002293803
E[P_sel(9)] = 0.0001992002
E[P_sel(10)] = 0.0001604370
E[P_sel(11)] = 0.0001582605
E[P_sel(12)] = 0.0001235509
E[P_sel(13)] = 0.0001181032
E[P_sel(14)] = 0.0001037706
E[P_sel(15)] = 0.0000972481
E[P_sel(16)] = 0.0000815972
E[P_sel(17)] = 0.0000791783
E[P_sel(18)] = 0.0000768495
E[P_sel(19)] = 0.0000627589
E[P_sel(20)] = 0.0000669430
E[P_sel(21)] = 0.0000551576
E[P_sel(22)] = 0.0000655592
E[P_sel(23)] = 0.0000532364
E[P_sel(24)] = 0.0000464235
E[P_sel(25)] = 0.0000499229
E[P_sel(26)] = 0.0000424912
E[P_sel(27)] = 0.0000437577
E[P_sel(28)] = 0.0000405595
E[P_sel(29)] = 0.0000318497
E[P_sel(30)] = 0.0000442447
E[P_sel(31)] = 0.0000392904
E[P_sel(32)] = 0.0000475578
E[P_sel(33)] = 0.0000452090
E[P_sel(34)] = 0.0000356234
E[P_sel(35)] = 0.0000387938
E[P_sel(36)] = 0.0000397971
E[P_sel(37)] = 0.0000404546
E[P_sel(38)] = 0.0000414906
E[P_sel(39)] = 0.0000360719
E[P_sel(40)] = 0.0000375237
E[P_sel(41)] = 0.0000354198
E[P_sel(42)] = 0.0000402170
E[P_sel(43)] = 0.0000425690
E[P_sel(44)] = 0.0000391932
E[P_sel(45)] = 0.0000395847
E[P_sel(46)] = 0.0000521495
E[P_sel(47)] = 0.0000660134
E[P_sel(48)] = 0.0000696460
E[P_sel(49)] = 0.0001151144

---- alpha_dfe = 0.457603

