---- Running command
---- ./polyDFE -d /home/jejames/CapsellaCrossGenome/PolyDFE10/norm.exp8_-5.18446345511609_PolyDFE.input -m C -i /home/jejames/CapsellaCrossGenome/model.txt 1 -e 
---- Performing inference using model C

---- Performing inference on /home/jejames/CapsellaCrossGenome/PolyDFE10/norm.exp8_-5.18446345511609_PolyDFE.input
----      with -i /home/jejames/CapsellaCrossGenome/model.txt 1
---- Data /home/jejames/CapsellaCrossGenome/PolyDFE10/norm.exp8_-5.18446345511609_PolyDFE.input does not contain divergence counts. Using option -w.
---- No mutation variability. Using Poisson likelihood.


---- Calculating initial values

-- Starting local optimization
-- Optimizing all parameters
  it        eps_an     theta_bar           S_d             b           p_b           S_b           r 2           r 3           r 4           r 5           r 6           r 7           r 8           r 9          r 10          r 11          r 12          r 13          r 14          r 15          r 16          r 17          r 18          r 19          r 20          r 21          r 22          r 23          r 24          r 25          r 26          r 27          r 28          r 29          r 30          r 31          r 32          r 33          r 34          r 35          r 36          r 37          r 38          r 39          r 40          r 41          r 42          r 43          r 44          r 45          r 46          r 47          r 48          r 49           ln lk          grad status 
   0           0.1 0.01592520743        -20000         0.406           0.1            20 0.92520710059 0.87633136094 0.94248520710 0.92564102564 0.84591715976 0.88307692307 0.87226824457 0.86662721893 0.81696252465 0.83183431952 0.74508875739 0.94051282051 0.72347140039 0.77218934911 0.86721893491 0.84966469428 0.85917159763 0.72327416173 0.72583826429 0.72568047337 0.78800788954 0.92453648915 1.08023668639 0.87771203155 0.76820512820 0.90639053254 0.72015779092 0.87400394477 0.80473372781 0.93550295857 1.02248520710 0.99325443786 1.02737672583 1.08382642998 1.06508875739 1.08883629191 1.20820512820 1.43538461538 1.38698224852 1.37313609467 1.45136094674 1.73357001972 1.95439842209 2.26686390532 2.31723865877 3.42071005917 4.28497041420             1 -5884.977655155 80.8939508548   -2 
 370 0.00291586284 0.01427752443 -858.28775526 0.36090805458 0.00990887740 4.86514473169 0.92059889540 0.85329941566 0.90484595736 0.89572977768 0.84504966451 0.86004721808 0.85684111123 0.83722132632 0.78631683950 0.82506185119 0.73050398642 0.83042221973 0.69368369862 0.73341332053 0.80897167739 0.77476852837 0.81501998727 0.73628569159 0.66699354037 0.68235834097 0.74358075433 0.78463185097 0.93171267714 0.72854904688 0.61875592393 0.73631985324 0.64130570696 0.70772126923 0.78420807650 0.76479873332 0.88351358293 0.78169654100 0.91342478807 0.82862381512 0.86949254567 0.92760803865 0.90566058964 1.08885025523 0.93863810786 0.93810831727 0.98724014059 1.23498010741 1.23577026340 1.25309362664 1.14433470813 1.72563876906 1.88064372434 3.13990079712 -335.6907309222 0.00118186285   -8 
-- Local optimization: reached maximum number of likelihood evaluations allowed.
---- Best joint likelihood found -335.690730922263526 with gradient 0.00118

---- Results for /home/jejames/CapsellaCrossGenome/PolyDFE10/norm.exp8_-5.18446345511609_PolyDFE.input 
--  Model: C
--        eps_an     theta_bar             a 
-- 0.00291586284 0.01427752443            -1 
--           S_d             b           p_b           S_b 
-- -858.28775526 0.36090805458 0.00990887740 4.86514473169 
--           r 2           r 3           r 4           r 5           r 6           r 7           r 8           r 9          r 10          r 11          r 12          r 13          r 14          r 15          r 16          r 17          r 18          r 19          r 20          r 21          r 22          r 23          r 24          r 25          r 26          r 27          r 28          r 29          r 30          r 31          r 32          r 33          r 34          r 35          r 36          r 37          r 38          r 39          r 40          r 41          r 42          r 43          r 44          r 45          r 46          r 47          r 48          r 49 
-- 0.92059889540 0.85329941566 0.90484595736 0.89572977768 0.84504966451 0.86004721808 0.85684111123 0.83722132632 0.78631683950 0.82506185119 0.73050398642 0.83042221973 0.69368369862 0.73341332053 0.80897167739 0.77476852837 0.81501998727 0.73628569159 0.66699354037 0.68235834097 0.74358075433 0.78463185097 0.93171267714 0.72854904688 0.61875592393 0.73631985324 0.64130570696 0.70772126923 0.78420807650 0.76479873332 0.88351358293 0.78169654100 0.91342478807 0.82862381512 0.86949254567 0.92760803865 0.90566058964 1.08885025523 0.93863810786 0.93810831727 0.98724014059 1.23498010741 1.23577026340 1.25309362664 1.14433470813 1.72563876906 1.88064372434 3.13990079712 

---- Expected P_neut(i), 0 < i < n (neutral SFS per site) 
E[P_neut(1)] = 0.0142385609
E[P_neut(2)] = 0.0065544049
E[P_neut(3)] = 0.0040506883
E[P_neut(4)] = 0.0032213582
E[P_neut(5)] = 0.0025514620
E[P_neut(6)] = 0.0020061754
E[P_neut(7)] = 0.0017502729
E[P_neut(8)] = 0.0015257159
E[P_neut(9)] = 0.0013252407
E[P_neut(10)] = 0.0011203692
E[P_neut(11)] = 0.0010689343
E[P_neut(12)] = 0.0008676069
E[P_neut(13)] = 0.0009104131
E[P_neut(14)] = 0.0007063774
E[P_neut(15)] = 0.0006970385
E[P_neut(16)] = 0.0007208956
E[P_neut(17)] = 0.0006497816
E[P_neut(18)] = 0.0006457348
E[P_neut(19)] = 0.0005526947
E[P_neut(20)] = 0.0004758507
E[P_neut(21)] = 0.0004635865
E[P_neut(22)] = 0.0004821142
E[P_neut(23)] = 0.0004867847
E[P_neut(24)] = 0.0005536475
E[P_neut(25)] = 0.0004160751
E[P_neut(26)] = 0.0003404063
E[P_neut(27)] = 0.0003896488
E[P_neut(28)] = 0.0003274628
E[P_neut(29)] = 0.0003487681
E[P_neut(30)] = 0.0003735185
E[P_neut(31)] = 0.0003528260
E[P_neut(32)] = 0.0003949352
E[P_neut(33)] = 0.0003391139
E[P_neut(34)] = 0.0003845584
E[P_neut(35)] = 0.0003390698
E[P_neut(36)] = 0.0003458962
E[P_neut(37)] = 0.0003595601
E[P_neut(38)] = 0.0003418208
E[P_neut(39)] = 0.0004005779
E[P_neut(40)] = 0.0003373323
E[P_neut(41)] = 0.0003295998
E[P_neut(42)] = 0.0003390838
E[P_neut(43)] = 0.0004139765
E[P_neut(44)] = 0.0004056883
E[P_neut(45)] = 0.0004038782
E[P_neut(46)] = 0.0003635615
E[P_neut(47)] = 0.0005345224
E[P_neut(48)] = 0.0005769263
E[P_neut(49)] = 0.0009538618

---- Expected P_sel(i), 0 < i < n (selected SFS per site) 
E[P_sel(1)] = 0.0047485309
E[P_sel(2)] = 0.0015314929
E[P_sel(3)] = 0.0007956910
E[P_sel(4)] = 0.0005669042
E[P_sel(5)] = 0.0004148118
E[P_sel(6)] = 0.0003067810
E[P_sel(7)] = 0.0002547186
E[P_sel(8)] = 0.0002130676
E[P_sel(9)] = 0.0001786745
E[P_sel(10)] = 0.0001465163
E[P_sel(11)] = 0.0001360971
E[P_sel(12)] = 0.0001078764
E[P_sel(13)] = 0.0001108274
E[P_sel(14)] = 0.0000843648
E[P_sel(15)] = 0.0000818301
E[P_sel(16)] = 0.0000833197
E[P_sel(17)] = 0.0000740429
E[P_sel(18)] = 0.0000726351
E[P_sel(19)] = 0.0000614407
E[P_sel(20)] = 0.0000523313
E[P_sel(21)] = 0.0000504861
E[P_sel(22)] = 0.0000520388
E[P_sel(23)] = 0.0000521198
E[P_sel(24)] = 0.0000588489
E[P_sel(25)] = 0.0000439375
E[P_sel(26)] = 0.0000357397
E[P_sel(27)] = 0.0000407014
E[P_sel(28)] = 0.0000340563
E[P_sel(29)] = 0.0000361370
E[P_sel(30)] = 0.0000385838
E[P_sel(31)] = 0.0000363632
E[P_sel(32)] = 0.0000406371
E[P_sel(33)] = 0.0000348641
E[P_sel(34)] = 0.0000395286
E[P_sel(35)] = 0.0000348760
E[P_sel(36)] = 0.0000356278
E[P_sel(37)] = 0.0000371285
E[P_sel(38)] = 0.0000354098
E[P_sel(39)] = 0.0000416740
E[P_sel(40)] = 0.0000352962
E[P_sel(41)] = 0.0000347315
E[P_sel(42)] = 0.0000360287
E[P_sel(43)] = 0.0000443881
E[P_sel(44)] = 0.0000440197
E[P_sel(45)] = 0.0000444877
E[P_sel(46)] = 0.0000408637
E[P_sel(47)] = 0.0000611400
E[P_sel(48)] = 0.0000684378
E[P_sel(49)] = 0.0001208621

---- alpha_dfe = 0.410637

