---- Running command
---- ./polyDFE -d RevisionsPolyDFE10/connec4_-0.235081956631035_PolyDFE.input -m C -i /home/jejames/ArabidopsisCrossGenome/model.txt 1 -e 
---- Performing inference using model C

---- Performing inference on RevisionsPolyDFE10/connec4_-0.235081956631035_PolyDFE.input
----      with -i /home/jejames/ArabidopsisCrossGenome/model.txt 1
---- Data RevisionsPolyDFE10/connec4_-0.235081956631035_PolyDFE.input does not contain divergence counts. Using option -w.
---- No mutation variability. Using Poisson likelihood.


---- Calculating initial values

-- Starting local optimization
-- Optimizing all parameters
  it        eps_an     theta_bar           S_d             b           p_b           S_b           r 2           r 3           r 4           r 5           r 6           r 7           r 8           r 9          r 10          r 11          r 12          r 13          r 14          r 15          r 16          r 17          r 18          r 19          r 20          r 21          r 22          r 23          r 24          r 25          r 26          r 27          r 28          r 29          r 30          r 31          r 32          r 33          r 34          r 35          r 36          r 37          r 38          r 39          r 40          r 41          r 42          r 43          r 44          r 45          r 46          r 47          r 48          r 49           ln lk          grad status 
   0           0.1 0.00958368527        -20000         0.208           0.1            20 0.81498297389 0.69446484609 0.66234893503 0.67670427989 0.63256994057 0.56646858516 0.66395139213 0.59010482740 0.62161981705 0.70728450290 0.78360152233 0.54683848567 0.67490151565 0.63397209053 0.65807571609 0.71623155505 0.68625225345 0.77639046538 0.73846564732 0.68284703211 0.59931895573 0.62348935033 0.84769980636 0.88468985778 1.04333311076 0.81845496427 1.03198237297 0.89650797890 0.99552647392 1.13427255124 1.06616812445 1.40795887026 1.32576617480 1.16144755291 1.58162515857 1.35875008346 1.62889764305 1.73686319022 1.86686252253 1.63704346664 1.98264004807 2.14755959137 2.26507311210 2.65306803765 2.94852106563 4.02624023502 5.02210055418             1 -3601.426098791 52.1386770855   -2 
 699 0.00708882173 0.00836026887 -472.37903004 0.22701615735 0.00001853467 0.11051929447 0.81352413888 0.71874002897 0.68430244041 0.69072871608 0.64904990307 0.68161858808 0.64608175808 0.66390206808 0.60601918150 0.70156211053 0.72869924723 0.59410660077 0.72039186874 0.66177948146 0.62215147143 0.69919314036 0.70344278497 0.74622341959 0.77801802309 0.70845796119 0.71874730115 0.56208889678 0.75451346822 0.90150973675 0.79184190410 0.69490038531 0.85839821681 0.79383381038 0.84109290702 0.94822368185 0.90239778375 1.20939476453 1.04883769160 0.93894197718 1.25912227890 1.12464364502 1.30865759047 1.17345502699 1.34597779162 1.23479309837 1.41190284101 1.71465376073 1.65562056447 1.98472934075 2.13431356003 2.75377665776 2.78683816924 2.99008596040 -345.6749439749 0.00043038985   -8 
-- Local optimization: reached maximum number of likelihood evaluations allowed.
---- Best joint likelihood found -345.674943974999223 with gradient 0.00043

---- Results for RevisionsPolyDFE10/connec4_-0.235081956631035_PolyDFE.input 
--  Model: C
--        eps_an     theta_bar             a 
-- 0.00708882173 0.00836026887            -1 
--           S_d             b           p_b           S_b 
-- -472.37903004 0.22701615735 0.00001853467 0.11051929447 
--           r 2           r 3           r 4           r 5           r 6           r 7           r 8           r 9          r 10          r 11          r 12          r 13          r 14          r 15          r 16          r 17          r 18          r 19          r 20          r 21          r 22          r 23          r 24          r 25          r 26          r 27          r 28          r 29          r 30          r 31          r 32          r 33          r 34          r 35          r 36          r 37          r 38          r 39          r 40          r 41          r 42          r 43          r 44          r 45          r 46          r 47          r 48          r 49 
-- 0.81352413888 0.71874002897 0.68430244041 0.69072871608 0.64904990307 0.68161858808 0.64608175808 0.66390206808 0.60601918150 0.70156211053 0.72869924723 0.59410660077 0.72039186874 0.66177948146 0.62215147143 0.69919314036 0.70344278497 0.74622341959 0.77801802309 0.70845796119 0.71874730115 0.56208889678 0.75451346822 0.90150973675 0.79184190410 0.69490038531 0.85839821681 0.79383381038 0.84109290702 0.94822368185 0.90239778375 1.20939476453 1.04883769160 0.93894197718 1.25912227890 1.12464364502 1.30865759047 1.17345502699 1.34597779162 1.23479309837 1.41190284101 1.71465376073 1.65562056447 1.98472934075 2.13431356003 2.75377665776 2.78683816924 2.99008596040 

---- Expected P_neut(i), 0 < i < n (neutral SFS per site) 
E[P_neut(1)] = 0.0083046209
E[P_neut(2)] = 0.0033799746
E[P_neut(3)] = 0.0019922271
E[P_neut(4)] = 0.0014228492
E[P_neut(5)] = 0.0011493623
E[P_neut(6)] = 0.0009001910
E[P_neut(7)] = 0.0008106659
E[P_neut(8)] = 0.0006723832
E[P_neut(9)] = 0.0006141242
E[P_neut(10)] = 0.0005050510
E[P_neut(11)] = 0.0005312077
E[P_neut(12)] = 0.0005061189
E[P_neut(13)] = 0.0003811615
E[P_neut(14)] = 0.0004292140
E[P_neut(15)] = 0.0003678188
E[P_neut(16)] = 0.0003246083
E[P_neut(17)] = 0.0003435840
E[P_neut(18)] = 0.0003260758
E[P_neut(19)] = 0.0003278340
E[P_neut(20)] = 0.0003245781
E[P_neut(21)] = 0.0002816657
E[P_neut(22)] = 0.0002730134
E[P_neut(23)] = 0.0002043906
E[P_neut(24)] = 0.0002627724
E[P_neut(25)] = 0.0003014746
E[P_neut(26)] = 0.0002546740
E[P_neut(27)] = 0.0002150917
E[P_neut(28)] = 0.0002564207
E[P_neut(29)] = 0.0002292276
E[P_neut(30)] = 0.0002350360
E[P_neut(31)] = 0.0002562376
E[P_neut(32)] = 0.0002364038
E[P_neut(33)] = 0.0003066554
E[P_neut(34)] = 0.0002583752
E[P_neut(35)] = 0.0002253050
E[P_neut(36)] = 0.0002933823
E[P_neut(37)] = 0.0002550239
E[P_neut(38)] = 0.0002894718
E[P_neut(39)] = 0.0002535453
E[P_neut(40)] = 0.0002829157
E[P_neut(41)] = 0.0002543723
E[P_neut(42)] = 0.0002838389
E[P_neut(43)] = 0.0003367789
E[P_neut(44)] = 0.0003187590
E[P_neut(45)] = 0.0003743037
E[P_neut(46)] = 0.0003952897
E[P_neut(47)] = 0.0005005627
E[P_neut(48)] = 0.0005060556
E[P_neut(49)] = 0.0005658097

---- Expected P_sel(i), 0 < i < n (selected SFS per site) 
E[P_sel(1)] = 0.0041417420
E[P_sel(2)] = 0.0013549630
E[P_sel(3)] = 0.0007151422
E[P_sel(4)] = 0.0004754836
E[P_sel(5)] = 0.0003644336
E[P_sel(6)] = 0.0002739014
E[P_sel(7)] = 0.0002384405
E[P_sel(8)] = 0.0001921974
E[P_sel(9)] = 0.0001712632
E[P_sel(10)] = 0.0001377825
E[P_sel(11)] = 0.0001421549
E[P_sel(12)] = 0.0001330747
E[P_sel(13)] = 0.0000986251
E[P_sel(14)] = 0.0001094487
E[P_sel(15)] = 0.0000925455
E[P_sel(16)] = 0.0000806440
E[P_sel(17)] = 0.0000843623
E[P_sel(18)] = 0.0000792042
E[P_sel(19)] = 0.0000788139
E[P_sel(20)] = 0.0000772802
E[P_sel(21)] = 0.0000664470
E[P_sel(22)] = 0.0000638443
E[P_sel(23)] = 0.0000474014
E[P_sel(24)] = 0.0000604627
E[P_sel(25)] = 0.0000688461
E[P_sel(26)] = 0.0000577401
E[P_sel(27)] = 0.0000484285
E[P_sel(28)] = 0.0000573526
E[P_sel(29)] = 0.0000509472
E[P_sel(30)] = 0.0000519228
E[P_sel(31)] = 0.0000562696
E[P_sel(32)] = 0.0000516230
E[P_sel(33)] = 0.0000665802
E[P_sel(34)] = 0.0000558068
E[P_sel(35)] = 0.0000484363
E[P_sel(36)] = 0.0000627468
E[P_sel(37)] = 0.0000542849
E[P_sel(38)] = 0.0000613604
E[P_sel(39)] = 0.0000535440
E[P_sel(40)] = 0.0000594571
E[P_sel(41)] = 0.0000533212
E[P_sel(42)] = 0.0000592687
E[P_sel(43)] = 0.0000700829
E[P_sel(44)] = 0.0000662102
E[P_sel(45)] = 0.0000776084
E[P_sel(46)] = 0.0000819841
E[P_sel(47)] = 0.0001039577
E[P_sel(48)] = 0.0001072518
E[P_sel(49)] = 0.0001317417

---- alpha_dfe = 0.000098

