---- Running command
---- ./polyDFE -d RevisionsPolyDFE10/connec5_-0.038823804556219_PolyDFE.input -m C -i /home/jejames/ArabidopsisCrossGenome/model.txt 1 -e 
---- Performing inference using model C

---- Performing inference on RevisionsPolyDFE10/connec5_-0.038823804556219_PolyDFE.input
----      with -i /home/jejames/ArabidopsisCrossGenome/model.txt 1
---- Data RevisionsPolyDFE10/connec5_-0.038823804556219_PolyDFE.input does not contain divergence counts. Using option -w.
---- No mutation variability. Using Poisson likelihood.


---- Calculating initial values

-- Starting local optimization
-- Optimizing all parameters
  it        eps_an     theta_bar           S_d             b           p_b           S_b           r 2           r 3           r 4           r 5           r 6           r 7           r 8           r 9          r 10          r 11          r 12          r 13          r 14          r 15          r 16          r 17          r 18          r 19          r 20          r 21          r 22          r 23          r 24          r 25          r 26          r 27          r 28          r 29          r 30          r 31          r 32          r 33          r 34          r 35          r 36          r 37          r 38          r 39          r 40          r 41          r 42          r 43          r 44          r 45          r 46          r 47          r 48          r 49           ln lk          grad status 
   0           0.1 0.00996141298        -60000         0.208           0.1            20 0.84081463009 0.72443890274 0.71737323358 0.62932945414 0.60556940980 0.57654474923 0.62344139650 0.66334164588 0.71072319202 0.58901357716 0.72319201995 0.77265170407 0.66431144361 0.68059019118 0.56082017179 0.78428927680 0.79052369077 0.75547243003 0.61789969520 0.78262676641 0.80922693266 0.76475477971 0.66999168744 0.86589082848 0.76904959822 0.89775561097 1.04544195067 0.88791909116 1.19285120532 1.12953726794 1.29897478525 1.08354114713 1.11637572734 1.49106400665 1.40897755610 1.74799113327 1.23718481573 1.50477971737 1.86755333887 2.20393460792 2.22568578553 2.08804377944 2.17317816569 2.59663341645 3.38085342200 4.99431975616 6.32086450540             1 -3832.912925852 55.4958509744   -2 
 786 0.00013041457 0.00861671162 -512.54941570 0.25709857908 0.00005573105 0.32009095009 0.83654596493 0.77378801260 0.73865845932 0.66708688595 0.65485767972 0.64288025626 0.65916894814 0.68810662545 0.63582539973 0.65119025317 0.70980948408 0.72109773513 0.65012821460 0.61778572509 0.65292752755 0.81739886697 0.77388328385 0.78933506955 0.62470403609 0.73799901926 0.72394425802 0.69684562295 0.67208175388 0.78098004417 0.77000573726 0.71753268470 0.86459324633 0.90865775416 0.98541471233 0.92248440242 0.96642873644 0.84653985600 0.86240213274 1.19122061087 1.20251560257 1.46549467853 0.94624660346 1.19924073347 1.55194362060 1.75811138506 1.92721598683 1.67892844818 1.94665174842 2.11012012591 2.63374740510 3.40451929849 3.85332514341 5.27186587418 -340.2641067582 0.00044050337   -8 
-- Local optimization: reached maximum number of likelihood evaluations allowed.
---- Best joint likelihood found -340.264106758215974 with gradient 0.00044

---- Results for RevisionsPolyDFE10/connec5_-0.038823804556219_PolyDFE.input 
--  Model: C
--        eps_an     theta_bar             a 
-- 0.00013041457 0.00861671162            -1 
--           S_d             b           p_b           S_b 
-- -512.54941570 0.25709857908 0.00005573105 0.32009095009 
--           r 2           r 3           r 4           r 5           r 6           r 7           r 8           r 9          r 10          r 11          r 12          r 13          r 14          r 15          r 16          r 17          r 18          r 19          r 20          r 21          r 22          r 23          r 24          r 25          r 26          r 27          r 28          r 29          r 30          r 31          r 32          r 33          r 34          r 35          r 36          r 37          r 38          r 39          r 40          r 41          r 42          r 43          r 44          r 45          r 46          r 47          r 48          r 49 
-- 0.83654596493 0.77378801260 0.73865845932 0.66708688595 0.65485767972 0.64288025626 0.65916894814 0.68810662545 0.63582539973 0.65119025317 0.70980948408 0.72109773513 0.65012821460 0.61778572509 0.65292752755 0.81739886697 0.77388328385 0.78933506955 0.62470403609 0.73799901926 0.72394425802 0.69684562295 0.67208175388 0.78098004417 0.77000573726 0.71753268470 0.86459324633 0.90865775416 0.98541471233 0.92248440242 0.96642873644 0.84653985600 0.86240213274 1.19122061087 1.20251560257 1.46549467853 0.94624660346 1.19924073347 1.55194362060 1.75811138506 1.92721598683 1.67892844818 1.94665174842 2.11012012591 2.63374740510 3.40451929849 3.85332514341 5.27186587418 

---- Expected P_neut(i), 0 < i < n (neutral SFS per site) 
E[P_neut(1)] = 0.0086157088
E[P_neut(2)] = 0.0036037579
E[P_neut(3)] = 0.0022222943
E[P_neut(4)] = 0.0015910586
E[P_neut(5)] = 0.0011495218
E[P_neut(6)] = 0.0009403804
E[P_neut(7)] = 0.0007912998
E[P_neut(8)] = 0.0007099426
E[P_neut(9)] = 0.0006587641
E[P_neut(10)] = 0.0005478446
E[P_neut(11)] = 0.0005100697
E[P_neut(12)] = 0.0005096468
E[P_neut(13)] = 0.0004779430
E[P_neut(14)] = 0.0004001259
E[P_neut(15)] = 0.0003548774
E[P_neut(16)] = 0.0003516132
E[P_neut(17)] = 0.0004142860
E[P_neut(18)] = 0.0003704484
E[P_neut(19)] = 0.0003579590
E[P_neut(20)] = 0.0002691465
E[P_neut(21)] = 0.0003028112
E[P_neut(22)] = 0.0002835440
E[P_neut(23)] = 0.0002610618
E[P_neut(24)] = 0.0002412991
E[P_neut(25)] = 0.0002691792
E[P_neut(26)] = 0.0002551873
E[P_neut(27)] = 0.0002289957
E[P_neut(28)] = 0.0002660719
E[P_neut(29)] = 0.0002699919
E[P_neut(30)] = 0.0002830327
E[P_neut(31)] = 0.0002564256
E[P_neut(32)] = 0.0002602468
E[P_neut(33)] = 0.0002210673
E[P_neut(34)] = 0.0002185783
E[P_neut(35)] = 0.0002932767
E[P_neut(36)] = 0.0002878405
E[P_neut(37)] = 0.0003413082
E[P_neut(38)] = 0.0002146052
E[P_neut(39)] = 0.0002649938
E[P_neut(40)] = 0.0003343441
E[P_neut(41)] = 0.0003695289
E[P_neut(42)] = 0.0003954283
E[P_neut(43)] = 0.0003364975
E[P_neut(44)] = 0.0003812942
E[P_neut(45)] = 0.0004041483
E[P_neut(46)] = 0.0004934963
E[P_neut(47)] = 0.0006243736
E[P_neut(48)] = 0.0006921088
E[P_neut(49)] = 0.0009280671

---- Expected P_sel(i), 0 < i < n (selected SFS per site) 
E[P_sel(1)] = 0.0039760869
E[P_sel(2)] = 0.0012965294
E[P_sel(3)] = 0.0007050590
E[P_sel(4)] = 0.0004652696
E[P_sel(5)] = 0.0003166645
E[P_sel(6)] = 0.0002471892
E[P_sel(7)] = 0.0002001574
E[P_sel(8)] = 0.0001738336
E[P_sel(9)] = 0.0001568305
E[P_sel(10)] = 0.0001272372
E[P_sel(11)] = 0.0001158790
E[P_sel(12)] = 0.0001135018
E[P_sel(13)] = 0.0001045296
E[P_sel(14)] = 0.0000860685
E[P_sel(15)] = 0.0000751731
E[P_sel(16)] = 0.0000734285
E[P_sel(17)] = 0.0000853743
E[P_sel(18)] = 0.0000753950
E[P_sel(19)] = 0.0000720041
E[P_sel(20)] = 0.0000535433
E[P_sel(21)] = 0.0000596124
E[P_sel(22)] = 0.0000552666
E[P_sel(23)] = 0.0000504046
E[P_sel(24)] = 0.0000461694
E[P_sel(25)] = 0.0000510603
E[P_sel(26)] = 0.0000480068
E[P_sel(27)] = 0.0000427383
E[P_sel(28)] = 0.0000492797
E[P_sel(29)] = 0.0000496389
E[P_sel(30)] = 0.0000516683
E[P_sel(31)] = 0.0000464916
E[P_sel(32)] = 0.0000468728
E[P_sel(33)] = 0.0000395621
E[P_sel(34)] = 0.0000388743
E[P_sel(35)] = 0.0000518456
E[P_sel(36)] = 0.0000505881
E[P_sel(37)] = 0.0000596453
E[P_sel(38)] = 0.0000372980
E[P_sel(39)] = 0.0000458079
E[P_sel(40)] = 0.0000574937
E[P_sel(41)] = 0.0000632213
E[P_sel(42)] = 0.0000673168
E[P_sel(43)] = 0.0000570094
E[P_sel(44)] = 0.0000642946
E[P_sel(45)] = 0.0000678368
E[P_sel(46)] = 0.0000824654
E[P_sel(47)] = 0.0001038845
E[P_sel(48)] = 0.0001146983
E[P_sel(49)] = 0.0001533608

---- alpha_dfe = 0.000401

