---- Running command
---- ./polyDFE -d RevisionsPolyDFE10/connec3_-0.449818373911571_PolyDFE.input -m C -i /home/jejames/ArabidopsisCrossGenome/model.txt 1 -e 
---- Performing inference using model C

---- Performing inference on RevisionsPolyDFE10/connec3_-0.449818373911571_PolyDFE.input
----      with -i /home/jejames/ArabidopsisCrossGenome/model.txt 1
---- Data RevisionsPolyDFE10/connec3_-0.449818373911571_PolyDFE.input does not contain divergence counts. Using option -w.
---- No mutation variability. Using Poisson likelihood.


---- Calculating initial values

-- Starting local optimization
-- Optimizing all parameters
  it        eps_an     theta_bar           S_d             b           p_b           S_b           r 2           r 3           r 4           r 5           r 6           r 7           r 8           r 9          r 10          r 11          r 12          r 13          r 14          r 15          r 16          r 17          r 18          r 19          r 20          r 21          r 22          r 23          r 24          r 25          r 26          r 27          r 28          r 29          r 30          r 31          r 32          r 33          r 34          r 35          r 36          r 37          r 38          r 39          r 40          r 41          r 42          r 43          r 44          r 45          r 46          r 47          r 48          r 49           ln lk          grad status 
   0           0.1 0.01009691959        -30000         0.208           0.1            20 0.82253521126 0.70865191146 0.65620389000 0.60865191146 0.63058350100 0.66995305164 0.53923541247 0.60120724346 0.61368209255 0.67062374245 0.66881287726 0.55801475519 0.62159624413 0.81488933601 0.61167002012 0.67954393024 0.64225352112 0.91750503018 0.79275653923 0.90845070422 0.70972501676 0.72347417840 0.81609657947 1.03957075788 0.70274983232 0.68993963782 1.06854460093 0.86552649228 0.88329979879 1.33065057008 1.00442655935 1.07122736418 1.29979879275 1.52582159624 1.44386317907 1.19114688128 1.52662642521 1.72897384305 1.70355466130 1.55090543259 1.81690140845 2.20046948356 2.19262240107 2.70120724346 3.25177733065 3.83943661971 5.36981891348             1 -3639.375204080 51.1481371811   -2 
 456 0.01034130721 0.00883451257 -338.29302090 0.26441602858 0.00003313103 0.28377454399 0.80999209844 0.75348774438 0.67608863900 0.66838268426 0.70893785200 0.69361433799 0.60846419314 0.64131836479 0.62311421617 0.66112571059 0.63600772681 0.59104672437 0.56932949113 0.70668469650 0.59649279335 0.64422324004 0.62468033992 0.72863202444 0.79750459965 0.82772237949 0.65964141168 0.69490761065 0.74398115839 0.85619811048 0.59940270245 0.64266859255 0.90721303479 0.78756795535 0.70856581690 0.84819256663 0.85792007123 0.88623389489 1.08607979472 1.01242555232 1.08265537996 1.00094766825 1.32197395967 1.29127876216 1.29896598623 1.38406392159 1.60390355495 1.75048230893 1.85615933940 1.92558602675 2.30978306202 2.86012837411 3.19362799772 4.20446163437 -346.1974266424 0.00066526861   -8 
-- Local optimization: reached maximum number of likelihood evaluations allowed.
---- Best joint likelihood found -346.197426642403912 with gradient 0.00067

---- Results for RevisionsPolyDFE10/connec3_-0.449818373911571_PolyDFE.input 
--  Model: C
--        eps_an     theta_bar             a 
-- 0.01034130721 0.00883451257            -1 
--           S_d             b           p_b           S_b 
-- -338.29302090 0.26441602858 0.00003313103 0.28377454399 
--           r 2           r 3           r 4           r 5           r 6           r 7           r 8           r 9          r 10          r 11          r 12          r 13          r 14          r 15          r 16          r 17          r 18          r 19          r 20          r 21          r 22          r 23          r 24          r 25          r 26          r 27          r 28          r 29          r 30          r 31          r 32          r 33          r 34          r 35          r 36          r 37          r 38          r 39          r 40          r 41          r 42          r 43          r 44          r 45          r 46          r 47          r 48          r 49 
-- 0.80999209844 0.75348774438 0.67608863900 0.66838268426 0.70893785200 0.69361433799 0.60846419314 0.64131836479 0.62311421617 0.66112571059 0.63600772681 0.59104672437 0.56932949113 0.70668469650 0.59649279335 0.64422324004 0.62468033992 0.72863202444 0.79750459965 0.82772237949 0.65964141168 0.69490761065 0.74398115839 0.85619811048 0.59940270245 0.64266859255 0.90721303479 0.78756795535 0.70856581690 0.84819256663 0.85792007123 0.88623389489 1.08607979472 1.01242555232 1.08265537996 1.00094766825 1.32197395967 1.29127876216 1.29896598623 1.38406392159 1.60390355495 1.75048230893 1.85615933940 1.92558602675 2.30978306202 2.86012837411 3.19362799772 4.20446163437 

---- Expected P_neut(i), 0 < i < n (neutral SFS per site) 
E[P_neut(1)] = 0.0087509914
E[P_neut(2)] = 0.0035470207
E[P_neut(3)] = 0.0022015123
E[P_neut(4)] = 0.0014823739
E[P_neut(5)] = 0.0011726637
E[P_neut(6)] = 0.0010369127
E[P_neut(7)] = 0.0008700586
E[P_neut(8)] = 0.0006684758
E[P_neut(9)] = 0.0006261001
E[P_neut(10)] = 0.0005477651
E[P_neut(11)] = 0.0005285088
E[P_neut(12)] = 0.0004665710
E[P_neut(13)] = 0.0003999801
E[P_neut(14)] = 0.0003583000
E[P_neut(15)] = 0.0004145529
E[P_neut(16)] = 0.0003288701
E[P_neut(17)] = 0.0003337795
E[P_neut(18)] = 0.0003058758
E[P_neut(19)] = 0.0003377913
E[P_neut(20)] = 0.0003507930
E[P_neut(21)] = 0.0003470955
E[P_neut(22)] = 0.0002651122
E[P_neut(23)] = 0.0002663347
E[P_neut(24)] = 0.0002731371
E[P_neut(25)] = 0.0003025637
E[P_neut(26)] = 0.0002043963
E[P_neut(27)] = 0.0002108695
E[P_neut(28)] = 0.0002860215
E[P_neut(29)] = 0.0002410433
E[P_neut(30)] = 0.0002101463
E[P_neut(31)] = 0.0002427254
E[P_neut(32)] = 0.0002375745
E[P_neut(33)] = 0.0002382645
E[P_neut(34)] = 0.0002826931
E[P_neut(35)] = 0.0002572125
E[P_neut(36)] = 0.0002666548
E[P_neut(37)] = 0.0002406791
E[P_neut(38)] = 0.0003090058
E[P_neut(39)] = 0.0002949742
E[P_neut(40)] = 0.0002896192
E[P_neut(41)] = 0.0003016585
E[P_neut(42)] = 0.0003408338
E[P_neut(43)] = 0.0003649767
E[P_neut(44)] = 0.0003796285
E[P_neut(45)] = 0.0003863392
E[P_neut(46)] = 0.0004544590
E[P_neut(47)] = 0.0005550003
E[P_neut(48)] = 0.0006187168
E[P_neut(49)] = 0.0008415695

---- Expected P_sel(i), 0 < i < n (selected SFS per site) 
E[P_sel(1)] = 0.0043758256
E[P_sel(2)] = 0.0013872194
E[P_sel(3)] = 0.0007577094
E[P_sel(4)] = 0.0004693688
E[P_sel(5)] = 0.0003492824
E[P_sel(6)] = 0.0002943463
E[P_sel(7)] = 0.0002374094
E[P_sel(8)] = 0.0001763852
E[P_sel(9)] = 0.0001605361
E[P_sel(10)] = 0.0001369240
E[P_sel(11)] = 0.0001291547
E[P_sel(12)] = 0.0001116964
E[P_sel(13)] = 0.0000940136
E[P_sel(14)] = 0.0000827776
E[P_sel(15)] = 0.0000943093
E[P_sel(16)] = 0.0000737098
E[P_sel(17)] = 0.0000738216
E[P_sel(18)] = 0.0000667926
E[P_sel(19)] = 0.0000728929
E[P_sel(20)] = 0.0000748596
E[P_sel(21)] = 0.0000732796
E[P_sel(22)] = 0.0000553966
E[P_sel(23)] = 0.0000551287
E[P_sel(24)] = 0.0000560219
E[P_sel(25)] = 0.0000615164
E[P_sel(26)] = 0.0000412148
E[P_sel(27)] = 0.0000421833
E[P_sel(28)] = 0.0000567719
E[P_sel(29)] = 0.0000475107
E[P_sel(30)] = 0.0000411407
E[P_sel(31)] = 0.0000471863
E[P_sel(32)] = 0.0000458787
E[P_sel(33)] = 0.0000457316
E[P_sel(34)] = 0.0000539079
E[P_sel(35)] = 0.0000488071
E[P_sel(36)] = 0.0000502852
E[P_sel(37)] = 0.0000451790
E[P_sel(38)] = 0.0000576805
E[P_sel(39)] = 0.0000548387
E[P_sel(40)] = 0.0000536113
E[P_sel(41)] = 0.0000556364
E[P_sel(42)] = 0.0000625721
E[P_sel(43)] = 0.0000668957
E[P_sel(44)] = 0.0000695021
E[P_sel(45)] = 0.0000707088
E[P_sel(46)] = 0.0000832288
E[P_sel(47)] = 0.0001024084
E[P_sel(48)] = 0.0001173461
E[P_sel(49)] = 0.0001777873

---- alpha_dfe = 0.000219

