---- Running command
---- ./polyDFE -d RevisionsPolyDFE10/connec9_0.660808298250416_PolyDFE.input -m C -i /home/jejames/ArabidopsisCrossGenome/model.txt 1 -e 
---- Performing inference using model C

---- Performing inference on RevisionsPolyDFE10/connec9_0.660808298250416_PolyDFE.input
----      with -i /home/jejames/ArabidopsisCrossGenome/model.txt 1
---- Data RevisionsPolyDFE10/connec9_0.660808298250416_PolyDFE.input does not contain divergence counts. Using option -w.
---- No mutation variability. Using Poisson likelihood.


---- Calculating initial values

-- Starting local optimization
-- Optimizing all parameters
  it        eps_an     theta_bar           S_d             b           p_b           S_b           r 2           r 3           r 4           r 5           r 6           r 7           r 8           r 9          r 10          r 11          r 12          r 13          r 14          r 15          r 16          r 17          r 18          r 19          r 20          r 21          r 22          r 23          r 24          r 25          r 26          r 27          r 28          r 29          r 30          r 31          r 32          r 33          r 34          r 35          r 36          r 37          r 38          r 39          r 40          r 41          r 42          r 43          r 44          r 45          r 46          r 47          r 48          r 49           ln lk          grad status 
   0           0.1 0.00911087087        -60000         0.208           0.1            20 0.80934438583 0.79372473795 0.68150989929 0.65732684798 0.69877372062 0.65218880591 0.62040145235 0.70658354456 0.68438720284 0.69027882441 0.70123998081 0.63677467972 0.66273891895 0.57032266904 0.64999657463 0.59861615400 0.68192094265 0.69897924231 0.47955059258 0.56682880043 0.63903541823 0.84613276700 0.77111735288 0.87346715078 0.82112762896 0.80091799684 0.87470028087 0.68740152086 0.88374323491 0.74967459066 0.91416044392 1.23436322532 1.06446530108 1.04302253887 1.32931424265 1.30540522025 1.45002397752 1.93437007604 2.27718024251 2.00548057820 2.15222305953 2.59231348907 3.19517709118 2.93176680139 3.72802630677 4.24374871548 6.45502500513             1 -4179.166218053 59.7276301627   -2 
 493 0.00562265380 0.00787710208 -319.27467547 0.30320318613 0.00003126135 0.26221421656 0.84137443995 0.80604018724 0.70894893805 0.70148630055 0.71186479102 0.68937340155 0.68589734534 0.68130204926 0.65123432260 0.69715943383 0.64235812426 0.67277574059 0.61755949011 0.64737211907 0.66272184386 0.47371368261 0.65575159472 0.61706930883 0.50487014518 0.68953336571 0.67061131774 0.72939042891 0.66929684307 0.69160042203 0.78827922308 0.74259901595 0.81418216763 0.69681857142 0.75799784999 0.65866716108 0.84734371496 0.95204020971 0.91742542546 0.84200233785 1.09790754864 1.05998421655 1.21998879697 1.48900746638 1.87908466082 1.69351500363 1.59237001738 1.99092461127 2.60674680391 2.62640761199 2.76739674985 2.95546502046 4.19494616521 3.80126044431 -333.2243442974 0.00056284752   -8 
-- Local optimization: reached maximum number of likelihood evaluations allowed.
---- Best joint likelihood found -333.224344297437312 with gradient 0.00056

---- Results for RevisionsPolyDFE10/connec9_0.660808298250416_PolyDFE.input 
--  Model: C
--        eps_an     theta_bar             a 
-- 0.00562265380 0.00787710208            -1 
--           S_d             b           p_b           S_b 
-- -319.27467547 0.30320318613 0.00003126135 0.26221421656 
--           r 2           r 3           r 4           r 5           r 6           r 7           r 8           r 9          r 10          r 11          r 12          r 13          r 14          r 15          r 16          r 17          r 18          r 19          r 20          r 21          r 22          r 23          r 24          r 25          r 26          r 27          r 28          r 29          r 30          r 31          r 32          r 33          r 34          r 35          r 36          r 37          r 38          r 39          r 40          r 41          r 42          r 43          r 44          r 45          r 46          r 47          r 48          r 49 
-- 0.84137443995 0.80604018724 0.70894893805 0.70148630055 0.71186479102 0.68937340155 0.68589734534 0.68130204926 0.65123432260 0.69715943383 0.64235812426 0.67277574059 0.61755949011 0.64737211907 0.66272184386 0.47371368261 0.65575159472 0.61706930883 0.50487014518 0.68953336571 0.67061131774 0.72939042891 0.66929684307 0.69160042203 0.78827922308 0.74259901595 0.81418216763 0.69681857142 0.75799784999 0.65866716108 0.84734371496 0.95204020971 0.91742542546 0.84200233785 1.09790754864 1.05998421655 1.21998879697 1.48900746638 1.87908466082 1.69351500363 1.59237001738 1.99092461127 2.60674680391 2.62640761199 2.76739674985 2.95546502046 4.19494616521 3.80126044431 

---- Expected P_neut(i), 0 < i < n (neutral SFS per site) 
E[P_neut(1)] = 0.0078362478
E[P_neut(2)] = 0.0032990346
E[P_neut(3)] = 0.0021073054
E[P_neut(4)] = 0.0013909304
E[P_neut(5)] = 0.0011015070
E[P_neut(6)] = 0.0009319411
E[P_neut(7)] = 0.0007734410
E[P_neut(8)] = 0.0006732423
E[P_neut(9)] = 0.0005947751
E[P_neut(10)] = 0.0005121802
E[P_neut(11)] = 0.0004981200
E[P_neut(12)] = 0.0004207111
E[P_neut(13)] = 0.0004066324
E[P_neut(14)] = 0.0003468670
E[P_neut(15)] = 0.0003391151
E[P_neut(16)] = 0.0003256311
E[P_neut(17)] = 0.0002195431
E[P_neut(18)] = 0.0002865272
E[P_neut(19)] = 0.0002553299
E[P_neut(20)] = 0.0001988467
E[P_neut(21)] = 0.0002582540
E[P_neut(22)] = 0.0002400502
E[P_neut(23)] = 0.0002496172
E[P_neut(24)] = 0.0002197793
E[P_neut(25)] = 0.0002179123
E[P_neut(26)] = 0.0002387137
E[P_neut(27)] = 0.0002168356
E[P_neut(28)] = 0.0002291121
E[P_neut(29)] = 0.0001896628
E[P_neut(30)] = 0.0001990265
E[P_neut(31)] = 0.0001678647
E[P_neut(32)] = 0.0002090224
E[P_neut(33)] = 0.0002272085
E[P_neut(34)] = 0.0002131881
E[P_neut(35)] = 0.0001903471
E[P_neut(36)] = 0.0002408343
E[P_neut(37)] = 0.0002266882
E[P_neut(38)] = 0.0002538430
E[P_neut(39)] = 0.0003018613
E[P_neut(40)] = 0.0003708472
E[P_neut(41)] = 0.0003268890
E[P_neut(42)] = 0.0003007672
E[P_neut(43)] = 0.0003670255
E[P_neut(44)] = 0.0004693038
E[P_neut(45)] = 0.0004633728
E[P_neut(46)] = 0.0004790781
E[P_neut(47)] = 0.0005044446
E[P_neut(48)] = 0.0007031787
E[P_neut(49)] = 0.0006519343

---- Expected P_sel(i), 0 < i < n (selected SFS per site) 
E[P_sel(1)] = 0.0037423560
E[P_sel(2)] = 0.0011925950
E[P_sel(3)] = 0.0006580299
E[P_sel(4)] = 0.0003945592
E[P_sel(5)] = 0.0002911914
E[P_sel(6)] = 0.0002330880
E[P_sel(7)] = 0.0001848938
E[P_sel(8)] = 0.0001549036
E[P_sel(9)] = 0.0001323674
E[P_sel(10)] = 0.0001106826
E[P_sel(11)] = 0.0001049075
E[P_sel(12)] = 0.0000865559
E[P_sel(13)] = 0.0000819022
E[P_sel(14)] = 0.0000685025
E[P_sel(15)] = 0.0000657861
E[P_sel(16)] = 0.0000621170
E[P_sel(17)] = 0.0000412184
E[P_sel(18)] = 0.0000530289
E[P_sel(19)] = 0.0000466130
E[P_sel(20)] = 0.0000358273
E[P_sel(21)] = 0.0000459707
E[P_sel(22)] = 0.0000422329
E[P_sel(23)] = 0.0000434343
E[P_sel(24)] = 0.0000378404
E[P_sel(25)] = 0.0000371436
E[P_sel(26)] = 0.0000402988
E[P_sel(27)] = 0.0000362704
E[P_sel(28)] = 0.0000379847
E[P_sel(29)] = 0.0000311821
E[P_sel(30)] = 0.0000324481
E[P_sel(31)] = 0.0000271621
E[P_sel(32)] = 0.0000335621
E[P_sel(33)] = 0.0000362006
E[P_sel(34)] = 0.0000337469
E[P_sel(35)] = 0.0000299364
E[P_sel(36)] = 0.0000376096
E[P_sel(37)] = 0.0000351958
E[P_sel(38)] = 0.0000391611
E[P_sel(39)] = 0.0000462925
E[P_sel(40)] = 0.0000565104
E[P_sel(41)] = 0.0000495920
E[P_sel(42)] = 0.0000454474
E[P_sel(43)] = 0.0000551671
E[P_sel(44)] = 0.0000701850
E[P_sel(45)] = 0.0000691227
E[P_sel(46)] = 0.0000714146
E[P_sel(47)] = 0.0000756586
E[P_sel(48)] = 0.0001062157
E[P_sel(49)] = 0.0001090191

---- alpha_dfe = 0.000249

