---- Running command
---- ./polyDFE -d RevisionsPolyDFE10/connec7_0.298373367167772_PolyDFE.input -m C -i /home/jejames/ArabidopsisCrossGenome/model.txt 1 -e 
---- Performing inference using model C

---- Performing inference on RevisionsPolyDFE10/connec7_0.298373367167772_PolyDFE.input
----      with -i /home/jejames/ArabidopsisCrossGenome/model.txt 1
---- Data RevisionsPolyDFE10/connec7_0.298373367167772_PolyDFE.input does not contain divergence counts. Using option -w.
---- No mutation variability. Using Poisson likelihood.


---- Calculating initial values

-- Starting local optimization
-- Optimizing all parameters
  it        eps_an     theta_bar           S_d             b           p_b           S_b           r 2           r 3           r 4           r 5           r 6           r 7           r 8           r 9          r 10          r 11          r 12          r 13          r 14          r 15          r 16          r 17          r 18          r 19          r 20          r 21          r 22          r 23          r 24          r 25          r 26          r 27          r 28          r 29          r 30          r 31          r 32          r 33          r 34          r 35          r 36          r 37          r 38          r 39          r 40          r 41          r 42          r 43          r 44          r 45          r 46          r 47          r 48          r 49           ln lk          grad status 
   0           0.1 0.00964550832        -80000         0.208           0.1            20 0.81268923754 0.72047894302 0.74511423066 0.66336361134 0.61560693641 0.73217726396 0.61436829066 0.60198183319 0.59661436829 0.76300578034 0.67547481420 0.62262592898 0.65703275529 0.79789430222 0.75199559592 0.65510597302 0.92526837324 0.72433250756 0.63170933113 0.71820809248 0.73424167354 0.91480869804 0.78612716763 1.01500137627 0.93751720341 0.74690338563 1.01156069364 0.78426919900 1.09620148637 0.90875309661 1.23974676575 1.27167630057 1.27979631158 1.34152215799 1.53096614368 1.48692540600 1.46958436553 1.37407101568 1.65978530140 2.11037709881 1.74566473988 2.36718965042 2.35865675750 3.19570602807 3.17492430498 4.04280209193 5.63170933113             1 -3742.773822565 56.1625959837   -2 
1033 0.00725977912 0.00846298170 -573.39487475 0.26905208925 0.00005146249 0.30995823719 0.83372260150 0.73092758304 0.72372956776 0.71339267287 0.67531235906 0.68622179064 0.62564748249 0.61219345383 0.58829890169 0.65438294758 0.65704809709 0.63067742570 0.62788580245 0.70347551904 0.76630549885 0.59608744893 0.81031205049 0.70799692425 0.64935126081 0.76023218669 0.75266517488 0.85627398534 0.83714074530 0.94548825665 0.72490427669 0.77449261087 0.86756674372 0.80583164937 1.01256423188 0.75285841739 0.96579239604 1.02556882784 1.13127985910 1.06422984610 1.12479174317 1.24007643689 1.21777921922 1.32354909553 1.25630307739 1.65696438200 1.34851544515 1.74951474671 1.70403473493 2.24537151297 2.20875821718 2.81632339437 3.51058706631 3.98082833751 -334.8891118757 0.00027818921   -8 
-- Local optimization: reached maximum number of likelihood evaluations allowed.
---- Best joint likelihood found -334.889111875796232 with gradient 0.00028

---- Results for RevisionsPolyDFE10/connec7_0.298373367167772_PolyDFE.input 
--  Model: C
--        eps_an     theta_bar             a 
-- 0.00725977912 0.00846298170            -1 
--           S_d             b           p_b           S_b 
-- -573.39487475 0.26905208925 0.00005146249 0.30995823719 
--           r 2           r 3           r 4           r 5           r 6           r 7           r 8           r 9          r 10          r 11          r 12          r 13          r 14          r 15          r 16          r 17          r 18          r 19          r 20          r 21          r 22          r 23          r 24          r 25          r 26          r 27          r 28          r 29          r 30          r 31          r 32          r 33          r 34          r 35          r 36          r 37          r 38          r 39          r 40          r 41          r 42          r 43          r 44          r 45          r 46          r 47          r 48          r 49 
-- 0.83372260150 0.73092758304 0.72372956776 0.71339267287 0.67531235906 0.68622179064 0.62564748249 0.61219345383 0.58829890169 0.65438294758 0.65704809709 0.63067742570 0.62788580245 0.70347551904 0.76630549885 0.59608744893 0.81031205049 0.70799692425 0.64935126081 0.76023218669 0.75266517488 0.85627398534 0.83714074530 0.94548825665 0.72490427669 0.77449261087 0.86756674372 0.80583164937 1.01256423188 0.75285841739 0.96579239604 1.02556882784 1.13127985910 1.06422984610 1.12479174317 1.24007643689 1.21777921922 1.32354909553 1.25630307739 1.65696438200 1.34851544515 1.74951474671 1.70403473493 2.24537151297 2.20875821718 2.81632339437 3.51058706631 3.98082833751 

---- Expected P_neut(i), 0 < i < n (neutral SFS per site) 
E[P_neut(1)] = 0.0084065337
E[P_neut(2)] = 0.0035067714
E[P_neut(3)] = 0.0020506546
E[P_neut(4)] = 0.0015230613
E[P_neut(5)] = 0.0012017854
E[P_neut(6)] = 0.0009479903
E[P_neut(7)] = 0.0008261171
E[P_neut(8)] = 0.0006590231
E[P_neut(9)] = 0.0005739685
E[P_neut(10)] = 0.0004961915
E[P_neut(11)] = 0.0005018874
E[P_neut(12)] = 0.0004619871
E[P_neut(13)] = 0.0004096486
E[P_neut(14)] = 0.0003787203
E[P_neut(15)] = 0.0003958868
E[P_neut(16)] = 0.0004044285
E[P_neut(17)] = 0.0002965008
E[P_neut(18)] = 0.0003800694
E[P_neut(19)] = 0.0003145587
E[P_neut(20)] = 0.0002748513
E[P_neut(21)] = 0.0003058559
E[P_neut(22)] = 0.0002893377
E[P_neut(23)] = 0.0003145460
E[P_neut(24)] = 0.0002947660
E[P_neut(25)] = 0.0003200660
E[P_neut(26)] = 0.0002363859
E[P_neut(27)] = 0.0002432848
E[P_neut(28)] = 0.0002624198
E[P_neut(29)] = 0.0002356804
E[P_neut(30)] = 0.0002855648
E[P_neut(31)] = 0.0002063272
E[P_neut(32)] = 0.0002563329
E[P_neut(33)] = 0.0002632561
E[P_neut(34)] = 0.0002824866
E[P_neut(35)] = 0.0002583435
E[P_neut(36)] = 0.0002652551
E[P_neut(37)] = 0.0002845632
E[P_neut(38)] = 0.0002726068
E[P_neut(39)] = 0.0002887794
E[P_neut(40)] = 0.0002674866
E[P_neut(41)] = 0.0003437172
E[P_neut(42)] = 0.0002745575
E[P_neut(43)] = 0.0003478514
E[P_neut(44)] = 0.0003322906
E[P_neut(45)] = 0.0004279791
E[P_neut(46)] = 0.0004145289
E[P_neut(47)] = 0.0005184046
E[P_neut(48)] = 0.0006400772
E[P_neut(49)] = 0.0007439924

---- Expected P_sel(i), 0 < i < n (selected SFS per site) 
E[P_sel(1)] = 0.0036890704
E[P_sel(2)] = 0.0011822424
E[P_sel(3)] = 0.0006055684
E[P_sel(4)] = 0.0004128677
E[P_sel(5)] = 0.0003059338
E[P_sel(6)] = 0.0002297721
E[P_sel(7)] = 0.0001923026
E[P_sel(8)] = 0.0001482807
E[P_sel(9)] = 0.0001253540
E[P_sel(10)] = 0.0001056176
E[P_sel(11)] = 0.0001043905
E[P_sel(12)] = 0.0000941147
E[P_sel(13)] = 0.0000818778
E[P_sel(14)] = 0.0000743968
E[P_sel(15)] = 0.0000765415
E[P_sel(16)] = 0.0000770379
E[P_sel(17)] = 0.0000556930
E[P_sel(18)] = 0.0000704860
E[P_sel(19)] = 0.0000576309
E[P_sel(20)] = 0.0000497681
E[P_sel(21)] = 0.0000547925
E[P_sel(22)] = 0.0000512984
E[P_sel(23)] = 0.0000552256
E[P_sel(24)] = 0.0000512701
E[P_sel(25)] = 0.0000551747
E[P_sel(26)] = 0.0000404043
E[P_sel(27)] = 0.0000412462
E[P_sel(28)] = 0.0000441402
E[P_sel(29)] = 0.0000393486
E[P_sel(30)] = 0.0000473223
E[P_sel(31)] = 0.0000339681
E[P_sel(32)] = 0.0000419174
E[P_sel(33)] = 0.0000427544
E[P_sel(34)] = 0.0000456078
E[P_sel(35)] = 0.0000414651
E[P_sel(36)] = 0.0000423199
E[P_sel(37)] = 0.0000451459
E[P_sel(38)] = 0.0000430377
E[P_sel(39)] = 0.0000453593
E[P_sel(40)] = 0.0000418186
E[P_sel(41)] = 0.0000534517
E[P_sel(42)] = 0.0000426050
E[P_sel(43)] = 0.0000537542
E[P_sel(44)] = 0.0000512618
E[P_sel(45)] = 0.0000658089
E[P_sel(46)] = 0.0000639054
E[P_sel(47)] = 0.0000800592
E[P_sel(48)] = 0.0001005383
E[P_sel(49)] = 0.0001286001

---- alpha_dfe = 0.000408

