---- Running command
---- ./polyDFE -d RevisionsPolyDFE10/connec10_1.02877147456083_PolyDFE.input -m C -i /home/jejames/ArabidopsisCrossGenome/model.txt 1 -e 
---- Performing inference using model C

---- Performing inference on RevisionsPolyDFE10/connec10_1.02877147456083_PolyDFE.input
----      with -i /home/jejames/ArabidopsisCrossGenome/model.txt 1
---- Data RevisionsPolyDFE10/connec10_1.02877147456083_PolyDFE.input does not contain divergence counts. Using option -w.
---- No mutation variability. Using Poisson likelihood.


---- Calculating initial values

-- Starting local optimization
-- Optimizing all parameters
  it        eps_an     theta_bar           S_d             b           p_b           S_b           r 2           r 3           r 4           r 5           r 6           r 7           r 8           r 9          r 10          r 11          r 12          r 13          r 14          r 15          r 16          r 17          r 18          r 19          r 20          r 21          r 22          r 23          r 24          r 25          r 26          r 27          r 28          r 29          r 30          r 31          r 32          r 33          r 34          r 35          r 36          r 37          r 38          r 39          r 40          r 41          r 42          r 43          r 44          r 45          r 46          r 47          r 48          r 49           ln lk          grad status 
   0           0.1 0.00879832790        -80000         0.208           0.1            20 0.88108331042 0.81310145724 0.77453945559 0.70834478966 0.66483365411 0.65823480890 0.60049491339 0.61554852900 0.63445147099 0.61169920263 0.60049491339 0.59870772614 0.68229309870 0.53821831179 0.56750068737 0.78526257904 0.65452295848 0.77708276051 0.83310420676 0.75783612867 0.74704426725 0.72566675831 0.80670882595 0.80767115754 0.85963706351 0.83702227110 0.85839978003 0.96679956007 0.85372559802 1.35310695628 0.97003024470 1.19769040417 0.94418476766 1.10186967280 1.33874072037 1.50054990376 0.81495738245 1.28945559527 1.50398680230 1.78959307121 2.04399230134 2.34094033544 2.26230409678 2.93545504536 3.26629089909 4.80402804509 6.07423700852             1 -4249.646320673 63.4015739033   -2 
 612 0.00002908162 0.00781276108 -415.07039240 0.31566494712 0.00005330237 0.34331550189 0.84902525762 0.77617787671 0.75047508660 0.73505960864 0.70816679201 0.67089494408 0.63985307932 0.64029943149 0.62186597223 0.54448222703 0.63738349863 0.56775812473 0.62669249732 0.58254794765 0.55841795925 0.62765943714 0.55956603991 0.67620510595 0.73030875692 0.61825853857 0.73132753261 0.65001790480 0.71673281158 0.67573478286 0.65729252405 0.78600176747 0.72372954344 0.78495304681 0.76951384462 1.03241721520 0.92328988390 0.95501977915 0.86996137634 0.87124160175 1.10598049921 1.22518661312 0.58660592335 1.08659811530 1.24124221849 1.40275940846 1.68571184594 1.84717092271 1.63581974987 2.10000103385 2.56670822925 3.16428986072 4.03272933639 4.68431632726 -322.4602547778 0.00020119253   -3 
-- Local optimization: stuck in the same solution
---- Best joint likelihood found -322.460254777828197 with gradient 0.00020

---- Results for RevisionsPolyDFE10/connec10_1.02877147456083_PolyDFE.input 
--  Model: C
--        eps_an     theta_bar             a 
-- 0.00002908162 0.00781276108            -1 
--           S_d             b           p_b           S_b 
-- -415.07039240 0.31566494712 0.00005330237 0.34331550189 
--           r 2           r 3           r 4           r 5           r 6           r 7           r 8           r 9          r 10          r 11          r 12          r 13          r 14          r 15          r 16          r 17          r 18          r 19          r 20          r 21          r 22          r 23          r 24          r 25          r 26          r 27          r 28          r 29          r 30          r 31          r 32          r 33          r 34          r 35          r 36          r 37          r 38          r 39          r 40          r 41          r 42          r 43          r 44          r 45          r 46          r 47          r 48          r 49 
-- 0.84902525762 0.77617787671 0.75047508660 0.73505960864 0.70816679201 0.67089494408 0.63985307932 0.64029943149 0.62186597223 0.54448222703 0.63738349863 0.56775812473 0.62669249732 0.58254794765 0.55841795925 0.62765943714 0.55956603991 0.67620510595 0.73030875692 0.61825853857 0.73132753261 0.65001790480 0.71673281158 0.67573478286 0.65729252405 0.78600176747 0.72372954344 0.78495304681 0.76951384462 1.03241721520 0.92328988390 0.95501977915 0.86996137634 0.87124160175 1.10598049921 1.22518661312 0.58660592335 1.08659811530 1.24124221849 1.40275940846 1.68571184594 1.84717092271 1.63581974987 2.10000103385 2.56670822925 3.16428986072 4.03272933639 4.68431632726 

---- Expected P_neut(i), 0 < i < n (neutral SFS per site) 
E[P_neut(1)] = 0.0078125556
E[P_neut(2)] = 0.0033165384
E[P_neut(3)] = 0.0020213206
E[P_neut(4)] = 0.0014657907
E[P_neut(5)] = 0.0011485462
E[P_neut(6)] = 0.0009221046
E[P_neut(7)] = 0.0007487797
E[P_neut(8)] = 0.0006248684
E[P_neut(9)] = 0.0005558257
E[P_neut(10)] = 0.0004858419
E[P_neut(11)] = 0.0003867141
E[P_neut(12)] = 0.0004149685
E[P_neut(13)] = 0.0003412098
E[P_neut(14)] = 0.0003497253
E[P_neut(15)] = 0.0003034174
E[P_neut(16)] = 0.0002726720
E[P_neut(17)] = 0.0002884543
E[P_neut(18)] = 0.0002428748
E[P_neut(19)] = 0.0002780536
E[P_neut(20)] = 0.0002852839
E[P_neut(21)] = 0.0002300140
E[P_neut(22)] = 0.0002597114
E[P_neut(23)] = 0.0002208017
E[P_neut(24)] = 0.0002333182
E[P_neut(25)] = 0.0002111742
E[P_neut(26)] = 0.0001975114
E[P_neut(27)] = 0.0002274385
E[P_neut(28)] = 0.0002019419
E[P_neut(29)] = 0.0002114713
E[P_neut(30)] = 0.0002004034
E[P_neut(31)] = 0.0002601950
E[P_neut(32)] = 0.0002254206
E[P_neut(33)] = 0.0002261031
E[P_neut(34)] = 0.0001999080
E[P_neut(35)] = 0.0001944832
E[P_neut(36)] = 0.0002400243
E[P_neut(37)] = 0.0002587075
E[P_neut(38)] = 0.0001206141
E[P_neut(39)] = 0.0002176801
E[P_neut(40)] = 0.0002424453
E[P_neut(41)] = 0.0002673114
E[P_neut(42)] = 0.0003135820
E[P_neut(43)] = 0.0003356284
E[P_neut(44)] = 0.0002904790
E[P_neut(45)] = 0.0003646185
E[P_neut(46)] = 0.0004359664
E[P_neut(47)] = 0.0005260401
E[P_neut(48)] = 0.0006564680
E[P_neut(49)] = 0.0007470921

---- Expected P_sel(i), 0 < i < n (selected SFS per site) 
E[P_sel(1)] = 0.0034217788
E[P_sel(2)] = 0.0010772755
E[P_sel(3)] = 0.0005625051
E[P_sel(4)] = 0.0003688700
E[P_sel(5)] = 0.0002684968
E[P_sel(6)] = 0.0002034499
E[P_sel(7)] = 0.0001575593
E[P_sel(8)] = 0.0001263219
E[P_sel(9)] = 0.0001085397
E[P_sel(10)] = 0.0000920276
E[P_sel(11)] = 0.0000712887
E[P_sel(12)] = 0.0000746477
E[P_sel(13)] = 0.0000600274
E[P_sel(14)] = 0.0000602821
E[P_sel(15)] = 0.0000513237
E[P_sel(16)] = 0.0000453233
E[P_sel(17)] = 0.0000471707
E[P_sel(18)] = 0.0000391146
E[P_sel(19)] = 0.0000441408
E[P_sel(20)] = 0.0000446783
E[P_sel(21)] = 0.0000355626
E[P_sel(22)] = 0.0000396674
E[P_sel(23)] = 0.0000333352
E[P_sel(24)] = 0.0000348369
E[P_sel(25)] = 0.0000311984
E[P_sel(26)] = 0.0000288854
E[P_sel(27)] = 0.0000329400
E[P_sel(28)] = 0.0000289750
E[P_sel(29)] = 0.0000300702
E[P_sel(30)] = 0.0000282501
E[P_sel(31)] = 0.0000363725
E[P_sel(32)] = 0.0000312571
E[P_sel(33)] = 0.0000311070
E[P_sel(34)] = 0.0000272951
E[P_sel(35)] = 0.0000263597
E[P_sel(36)] = 0.0000323005
E[P_sel(37)] = 0.0000345739
E[P_sel(38)] = 0.0000160109
E[P_sel(39)] = 0.0000287063
E[P_sel(40)] = 0.0000317684
E[P_sel(41)] = 0.0000348092
E[P_sel(42)] = 0.0000405871
E[P_sel(43)] = 0.0000431840
E[P_sel(44)] = 0.0000371599
E[P_sel(45)] = 0.0000463816
E[P_sel(46)] = 0.0000551526
E[P_sel(47)] = 0.0000661909
E[P_sel(48)] = 0.0000821744
E[P_sel(49)] = 0.0000930844

---- alpha_dfe = 0.000515

