---- Running command
---- ./polyDFE -d RevisionsPolyDFE10/connec6_0.138668499235313_PolyDFE.input -m C -i /home/jejames/ArabidopsisCrossGenome/model.txt 1 -e 
---- Performing inference using model C

---- Performing inference on RevisionsPolyDFE10/connec6_0.138668499235313_PolyDFE.input
----      with -i /home/jejames/ArabidopsisCrossGenome/model.txt 1
---- Data RevisionsPolyDFE10/connec6_0.138668499235313_PolyDFE.input does not contain divergence counts. Using option -w.
---- No mutation variability. Using Poisson likelihood.


---- Calculating initial values

-- Starting local optimization
-- Optimizing all parameters
  it        eps_an     theta_bar           S_d             b           p_b           S_b           r 2           r 3           r 4           r 5           r 6           r 7           r 8           r 9          r 10          r 11          r 12          r 13          r 14          r 15          r 16          r 17          r 18          r 19          r 20          r 21          r 22          r 23          r 24          r 25          r 26          r 27          r 28          r 29          r 30          r 31          r 32          r 33          r 34          r 35          r 36          r 37          r 38          r 39          r 40          r 41          r 42          r 43          r 44          r 45          r 46          r 47          r 48          r 49           ln lk          grad status 
   0           0.1 0.00931574851        -50000         0.208           0.1            20 0.76111301958 0.73026451391 0.72277567846 0.69872895912 0.63895568533 0.67907935417 0.59965647543 0.68821710752 0.62452765372 0.75121951219 0.56887667468 0.76186877361 0.73967708691 0.56372380625 0.64197870147 0.72298179319 0.61092408107 0.83414634146 0.66643765029 0.81518378564 0.78900721401 0.79484713156 0.86733081415 1.11645482652 0.88244589488 0.82919958777 1.18886980419 1.20542768807 0.91721058055 1.00316042597 1.15644108553 1.20391618000 1.25207832360 1.25764342150 1.28862933699 1.82267262109 1.38371693576 1.46300240467 1.81655788388 2.07605633802 2.01703881827 2.80068704912 2.50910340089 3.17210580556 2.74957059429 4.54338715218 5.31281346616             1 -3816.470602922 55.6612164897   -2 
 942 0.00597001925 0.00810172205 -400.74422482 0.27514327071 0.00003113706 0.25405191583 0.78080447518 0.76611234418 0.71699262431 0.71448141339 0.67970022666 0.65414322679 0.62431082142 0.76105637828 0.62970496332 0.64138114196 0.68394643080 0.76868123945 0.69759512453 0.61896359552 0.69152000361 0.63715223354 0.66058129640 0.75355328483 0.77679959480 0.70387678080 0.73288666035 0.72275693840 0.83275779736 0.98325174338 0.74401812184 0.76655523655 0.98591569847 0.90099636944 0.84844212740 0.79074679890 0.96854811065 0.97793816645 1.15620421700 1.09261192911 1.04649907860 1.41267303623 1.26031748840 1.32488055730 1.49276163861 1.43758999366 1.80088355971 2.11367762340 1.98024302872 2.31942439256 2.06635033686 3.04932382165 3.28119824210 3.95820548476 -343.4683116334 0.00009747699    0 
---- Best joint likelihood found -343.468311633425969 with gradient 0.00010

---- Results for RevisionsPolyDFE10/connec6_0.138668499235313_PolyDFE.input 
--  Model: C
--        eps_an     theta_bar             a 
-- 0.00597001925 0.00810172205            -1 
--           S_d             b           p_b           S_b 
-- -400.74422482 0.27514327071 0.00003113706 0.25405191583 
--           r 2           r 3           r 4           r 5           r 6           r 7           r 8           r 9          r 10          r 11          r 12          r 13          r 14          r 15          r 16          r 17          r 18          r 19          r 20          r 21          r 22          r 23          r 24          r 25          r 26          r 27          r 28          r 29          r 30          r 31          r 32          r 33          r 34          r 35          r 36          r 37          r 38          r 39          r 40          r 41          r 42          r 43          r 44          r 45          r 46          r 47          r 48          r 49 
-- 0.78080447518 0.76611234418 0.71699262431 0.71448141339 0.67970022666 0.65414322679 0.62431082142 0.76105637828 0.62970496332 0.64138114196 0.68394643080 0.76868123945 0.69759512453 0.61896359552 0.69152000361 0.63715223354 0.66058129640 0.75355328483 0.77679959480 0.70387678080 0.73288666035 0.72275693840 0.83275779736 0.98325174338 0.74401812184 0.76655523655 0.98591569847 0.90099636944 0.84844212740 0.79074679890 0.96854811065 0.97793816645 1.15620421700 1.09261192911 1.04649907860 1.41267303623 1.26031748840 1.32488055730 1.49276163861 1.43758999366 1.80088355971 2.11367762340 1.98024302872 2.31942439256 2.06635033686 3.04932382165 3.28119824210 3.95820548476 

---- Expected P_neut(i), 0 < i < n (neutral SFS per site) 
E[P_neut(1)] = 0.0080572617
E[P_neut(2)] = 0.0031473540
E[P_neut(3)] = 0.0020597295
E[P_neut(4)] = 0.0014457217
E[P_neut(5)] = 0.0011532874
E[P_neut(6)] = 0.0009144880
E[P_neut(7)] = 0.0007549557
E[P_neut(8)] = 0.0006305485
E[P_neut(9)] = 0.0006827022
E[P_neut(10)] = 0.0005089288
E[P_neut(11)] = 0.0004712131
E[P_neut(12)] = 0.0004606094
E[P_neut(13)] = 0.0004780361
E[P_neut(14)] = 0.0004026904
E[P_neut(15)] = 0.0003338255
E[P_neut(16)] = 0.0003497108
E[P_neut(17)] = 0.0003032694
E[P_neut(18)] = 0.0002970137
E[P_neut(19)] = 0.0003206354
E[P_neut(20)] = 0.0003141600
E[P_neut(21)] = 0.0002714346
E[P_neut(22)] = 0.0002699847
E[P_neut(23)] = 0.0002544435
E[P_neut(24)] = 0.0002808213
E[P_neut(25)] = 0.0003186413
E[P_neut(26)] = 0.0002321337
E[P_neut(27)] = 0.0002301622
E[P_neut(28)] = 0.0002851801
E[P_neut(29)] = 0.0002518296
E[P_neut(30)] = 0.0002296388
E[P_neut(31)] = 0.0002073429
E[P_neut(32)] = 0.0002455270
E[P_neut(33)] = 0.0002404698
E[P_neut(34)] = 0.0002759529
E[P_neut(35)] = 0.0002534013
E[P_neut(36)] = 0.0002365164
E[P_neut(37)] = 0.0003103399
E[P_neut(38)] = 0.0002698563
E[P_neut(39)] = 0.0002764031
E[P_neut(40)] = 0.0003035892
E[P_neut(41)] = 0.0002864662
E[P_neut(42)] = 0.0003490877
E[P_neut(43)] = 0.0004003849
E[P_neut(44)] = 0.0003679247
E[P_neut(45)] = 0.0004220037
E[P_neut(46)] = 0.0003704318
E[P_neut(47)] = 0.0005348471
E[P_neut(48)] = 0.0005693964
E[P_neut(49)] = 0.0006989150

---- Expected P_sel(i), 0 < i < n (selected SFS per site) 
E[P_sel(1)] = 0.0038066264
E[P_sel(2)] = 0.0011461802
E[P_sel(3)] = 0.0006560428
E[P_sel(4)] = 0.0004220949
E[P_sel(5)] = 0.0003158093
E[P_sel(6)] = 0.0002381638
E[P_sel(7)] = 0.0001886526
E[P_sel(8)] = 0.0001521822
E[P_sel(9)] = 0.0001599357
E[P_sel(10)] = 0.0001160831
E[P_sel(11)] = 0.0001049813
E[P_sel(12)] = 0.0001004636
E[P_sel(13)] = 0.0001022615
E[P_sel(14)] = 0.0000846377
E[P_sel(15)] = 0.0000690133
E[P_sel(16)] = 0.0000712075
E[P_sel(17)] = 0.0000608841
E[P_sel(18)] = 0.0000588422
E[P_sel(19)] = 0.0000627429
E[P_sel(20)] = 0.0000607537
E[P_sel(21)] = 0.0000519057
E[P_sel(22)] = 0.0000510845
E[P_sel(23)] = 0.0000476653
E[P_sel(24)] = 0.0000521057
E[P_sel(25)] = 0.0000585840
E[P_sel(26)] = 0.0000423082
E[P_sel(27)] = 0.0000415983
E[P_sel(28)] = 0.0000511260
E[P_sel(29)] = 0.0000448007
E[P_sel(30)] = 0.0000405561
E[P_sel(31)] = 0.0000363620
E[P_sel(32)] = 0.0000427511
E[P_sel(33)] = 0.0000415935
E[P_sel(34)] = 0.0000474240
E[P_sel(35)] = 0.0000432800
E[P_sel(36)] = 0.0000401755
E[P_sel(37)] = 0.0000523982
E[P_sel(38)] = 0.0000453218
E[P_sel(39)] = 0.0000461718
E[P_sel(40)] = 0.0000504470
E[P_sel(41)] = 0.0000474487
E[P_sel(42)] = 0.0000574617
E[P_sel(43)] = 0.0000656231
E[P_sel(44)] = 0.0000601773
E[P_sel(45)] = 0.0000688442
E[P_sel(46)] = 0.0000605992
E[P_sel(47)] = 0.0000874060
E[P_sel(48)] = 0.0000944185
E[P_sel(49)] = 0.0001258339

---- alpha_dfe = 0.000226

