---- Running command
---- ./polyDFE -d RevisionsPolyDFE10/connec1_-1.1746476042844_PolyDFE.input -m C -i /home/jejames/ArabidopsisCrossGenome/model.txt 1 -e 
---- Performing inference using model C

---- Performing inference on RevisionsPolyDFE10/connec1_-1.1746476042844_PolyDFE.input
----      with -i /home/jejames/ArabidopsisCrossGenome/model.txt 1
---- Data RevisionsPolyDFE10/connec1_-1.1746476042844_PolyDFE.input does not contain divergence counts. Using option -w.
---- No mutation variability. Using Poisson likelihood.


---- Calculating initial values

-- Starting local optimization
-- Optimizing all parameters
  it        eps_an     theta_bar           S_d             b           p_b           S_b           r 2           r 3           r 4           r 5           r 6           r 7           r 8           r 9          r 10          r 11          r 12          r 13          r 14          r 15          r 16          r 17          r 18          r 19          r 20          r 21          r 22          r 23          r 24          r 25          r 26          r 27          r 28          r 29          r 30          r 31          r 32          r 33          r 34          r 35          r 36          r 37          r 38          r 39          r 40          r 41          r 42          r 43          r 44          r 45          r 46          r 47          r 48          r 49           ln lk          grad status 
   0           0.1 0.00963129947        -20000         0.208           0.1            20 0.78240834858 0.67412075625 0.68062614352 0.70000677644 0.69079081114 0.71674459578 0.69553432269 0.56901809310 0.67222335162 0.63434302364 0.64322016670 0.73294029951 0.72670597004 0.61394592396 0.63535949041 0.58636579250 0.68794470420 0.65792505251 0.65324930541 0.88798536287 0.64850579386 0.76370536016 0.70908721284 0.96564342346 0.85274784847 0.75015247001 0.74947482550 1.13193738564 1.01240089449 0.92220641051 1.11892661109 1.29924781459 1.27641119468 1.12895574981 1.40028461069 1.52442908450 1.64545639357 1.84732669241 1.86487768516 1.76980416073 2.58141898759 2.79440265636 2.41810666124 3.27505590567 3.11404757064 3.57986040523 5.06444399268             1 -3597.979389195 46.8810730082   -2 
 213 0.00795900786 0.00833896547 -301.52157573 0.23908789463 0.00027479365 0.89398261557 0.79626861678 0.72030238793 0.73674024780 0.71463321039 0.71431701417 0.72764755046 0.72921398649 0.66274450116 0.64710560278 0.64947071045 0.63929033758 0.67022461424 0.65937726256 0.63883473989 0.55224391817 0.65982471754 0.65542480965 0.71333099394 0.67165789985 0.74642110255 0.68770854159 0.77126965070 0.67636729796 0.82824052099 0.77861131771 0.62057853624 0.73230236974 0.90297523043 0.92846709315 0.92302402982 1.08559296126 1.09094613867 1.07553717863 0.98675002880 1.17496253579 1.20928840513 1.47283982428 1.56257475798 1.60424119606 1.47418876076 1.84271199691 1.99524131799 1.89581476876 2.30897870427 2.25141899636 2.22794926886 2.87533325273 3.75953549252 -339.2395437402 0.00378920308   -8 
-- Local optimization: reached maximum number of likelihood evaluations allowed.
---- Best joint likelihood found -339.239543740205363 with gradient 0.00379

---- Results for RevisionsPolyDFE10/connec1_-1.1746476042844_PolyDFE.input 
--  Model: C
--        eps_an     theta_bar             a 
-- 0.00795900786 0.00833896547            -1 
--           S_d             b           p_b           S_b 
-- -301.52157573 0.23908789463 0.00027479365 0.89398261557 
--           r 2           r 3           r 4           r 5           r 6           r 7           r 8           r 9          r 10          r 11          r 12          r 13          r 14          r 15          r 16          r 17          r 18          r 19          r 20          r 21          r 22          r 23          r 24          r 25          r 26          r 27          r 28          r 29          r 30          r 31          r 32          r 33          r 34          r 35          r 36          r 37          r 38          r 39          r 40          r 41          r 42          r 43          r 44          r 45          r 46          r 47          r 48          r 49 
-- 0.79626861678 0.72030238793 0.73674024780 0.71463321039 0.71431701417 0.72764755046 0.72921398649 0.66274450116 0.64710560278 0.64947071045 0.63929033758 0.67022461424 0.65937726256 0.63883473989 0.55224391817 0.65982471754 0.65542480965 0.71333099394 0.67165789985 0.74642110255 0.68770854159 0.77126965070 0.67636729796 0.82824052099 0.77861131771 0.62057853624 0.73230236974 0.90297523043 0.92846709315 0.92302402982 1.08559296126 1.09094613867 1.07553717863 0.98675002880 1.17496253579 1.20928840513 1.47283982428 1.56257475798 1.60424119606 1.47418876076 1.84271199691 1.99524131799 1.89581476876 2.30897870427 2.25141899636 2.22794926886 2.87533325273 3.75953549252 

---- Expected P_neut(i), 0 < i < n (neutral SFS per site) 
E[P_neut(1)] = 0.0082776878
E[P_neut(2)] = 0.0032975799
E[P_neut(3)] = 0.0019894029
E[P_neut(4)] = 0.0015269369
E[P_neut(5)] = 0.0011857798
E[P_neut(6)] = 0.0009877356
E[P_neut(7)] = 0.0008630130
E[P_neut(8)] = 0.0007569735
E[P_neut(9)] = 0.0006115661
E[P_neut(10)] = 0.0005379861
E[P_neut(11)] = 0.0004910963
E[P_neut(12)] = 0.0004432883
E[P_neut(13)] = 0.0004286690
E[P_neut(14)] = 0.0003917920
E[P_neut(15)] = 0.0003541926
E[P_neut(16)] = 0.0002876302
E[P_neut(17)] = 0.0003232802
E[P_neut(18)] = 0.0003034774
E[P_neut(19)] = 0.0003125603
E[P_neut(20)] = 0.0002798718
E[P_neut(21)] = 0.0002961066
E[P_neut(22)] = 0.0002603328
E[P_neut(23)] = 0.0002789343
E[P_neut(24)] = 0.0002351256
E[P_neut(25)] = 0.0002762668
E[P_neut(26)] = 0.0002496065
E[P_neut(27)] = 0.0001923662
E[P_neut(28)] = 0.0002184333
E[P_neut(29)] = 0.0002599435
E[P_neut(30)] = 0.0002582567
E[P_neut(31)] = 0.0002488080
E[P_neut(32)] = 0.0002830627
E[P_neut(33)] = 0.0002760596
E[P_neut(34)] = 0.0002639815
E[P_neut(35)] = 0.0002360547
E[P_neut(36)] = 0.0002731256
E[P_neut(37)] = 0.0002737989
E[P_neut(38)] = 0.0003241729
E[P_neut(39)] = 0.0003353686
E[P_neut(40)] = 0.0003360758
E[P_neut(41)] = 0.0003023354
E[P_neut(42)] = 0.0003690024
E[P_neut(43)] = 0.0003907555
E[P_neut(44)] = 0.0003643404
E[P_neut(45)] = 0.0004339582
E[P_neut(46)] = 0.0004171174
E[P_neut(47)] = 0.0004080828
E[P_neut(48)] = 0.0005219756
E[P_neut(49)] = 0.0007010866

---- Expected P_sel(i), 0 < i < n (selected SFS per site) 
E[P_sel(1)] = 0.0044241757
E[P_sel(2)] = 0.0014147669
E[P_sel(3)] = 0.0007612326
E[P_sel(4)] = 0.0005420768
E[P_sel(5)] = 0.0003983556
E[P_sel(6)] = 0.0003178035
E[P_sel(7)] = 0.0002679499
E[P_sel(8)] = 0.0002280684
E[P_sel(9)] = 0.0001795399
E[P_sel(10)] = 0.0001543362
E[P_sel(11)] = 0.0001380337
E[P_sel(12)] = 0.0001223226
E[P_sel(13)] = 0.0001163477
E[P_sel(14)] = 0.0001047143
E[P_sel(15)] = 0.0000933404
E[P_sel(16)] = 0.0000747901
E[P_sel(17)] = 0.0000830448
E[P_sel(18)] = 0.0000770651
E[P_sel(19)] = 0.0000785301
E[P_sel(20)] = 0.0000696003
E[P_sel(21)] = 0.0000729349
E[P_sel(22)] = 0.0000635416
E[P_sel(23)] = 0.0000674952
E[P_sel(24)] = 0.0000564213
E[P_sel(25)] = 0.0000657723
E[P_sel(26)] = 0.0000589770
E[P_sel(27)] = 0.0000451294
E[P_sel(28)] = 0.0000508870
E[P_sel(29)] = 0.0000601531
E[P_sel(30)] = 0.0000593776
E[P_sel(31)] = 0.0000568594
E[P_sel(32)] = 0.0000642918
E[P_sel(33)] = 0.0000623466
E[P_sel(34)] = 0.0000592814
E[P_sel(35)] = 0.0000527563
E[P_sel(36)] = 0.0000607214
E[P_sel(37)] = 0.0000605832
E[P_sel(38)] = 0.0000713576
E[P_sel(39)] = 0.0000734950
E[P_sel(40)] = 0.0000733470
E[P_sel(41)] = 0.0000657820
E[P_sel(42)] = 0.0000799792
E[P_sel(43)] = 0.0000844287
E[P_sel(44)] = 0.0000786165
E[P_sel(45)] = 0.0000933932
E[P_sel(46)] = 0.0000900253
E[P_sel(47)] = 0.0000887465
E[P_sel(48)] = 0.0001153619
E[P_sel(49)] = 0.0001681924

---- alpha_dfe = 0.002073

