---- Running command
---- ./polyDFE -d RevisionsPolyDFE10/connec8_0.458219033846837_PolyDFE.input -m C -i /home/jejames/ArabidopsisCrossGenome/model.txt 1 -e 
---- Performing inference using model C

---- Performing inference on RevisionsPolyDFE10/connec8_0.458219033846837_PolyDFE.input
----      with -i /home/jejames/ArabidopsisCrossGenome/model.txt 1
---- Data RevisionsPolyDFE10/connec8_0.458219033846837_PolyDFE.input does not contain divergence counts. Using option -w.
---- No mutation variability. Using Poisson likelihood.


---- Calculating initial values

-- Starting local optimization
-- Optimizing all parameters
  it        eps_an     theta_bar           S_d             b           p_b           S_b           r 2           r 3           r 4           r 5           r 6           r 7           r 8           r 9          r 10          r 11          r 12          r 13          r 14          r 15          r 16          r 17          r 18          r 19          r 20          r 21          r 22          r 23          r 24          r 25          r 26          r 27          r 28          r 29          r 30          r 31          r 32          r 33          r 34          r 35          r 36          r 37          r 38          r 39          r 40          r 41          r 42          r 43          r 44          r 45          r 46          r 47          r 48          r 49           ln lk          grad status 
   0           0.1 0.00900835920        -50000         0.208           0.1            20 0.83525827251 0.79437398143 0.68022390703 0.65825834337 0.63345851342 0.73754694253 0.71366824913 0.63388365336 0.68093247360 0.72642244738 0.78480833274 0.69269467866 0.76780273506 0.78863459221 0.80606532983 0.70105576418 0.83667540565 0.77410897753 0.80776588960 0.81839438815 0.74512860483 1.01204563168 1.17338623963 1.04513569049 1.12378657974 1.05030822645 1.07532062637 0.80138879047 1.38170481116 1.17515765606 1.23347268475 1.21122369446 1.15397151562 1.28463119110 1.44377524268 1.80372706015 1.47282647204 1.73542124282 1.61269751293 2.05101679302 2.05640189895 2.26379933394 2.40062353858 2.55721675051 2.86827747466 3.83979309856 5.46219797349             1 -3770.487211088 54.1491280928   -2 
 823 0.00001525315 0.00792968938 -355.25854390 0.29039520874 0.00001087373 0.16778254292 0.81655507452 0.79485601123 0.70844725497 0.67836030576 0.66350231433 0.69891573118 0.68046168280 0.69150498358 0.63629946959 0.72304281109 0.77353579366 0.71541717808 0.75367812768 0.74758444156 0.69887182646 0.74185989780 0.75295332513 0.74629019383 0.73360431907 0.81163921331 0.73697007110 0.93061562146 1.01864598341 0.93921235434 0.95249522857 0.93401054756 0.88012653196 0.82971780803 1.21464349917 1.11046008687 0.97210341227 1.00555964818 0.84900199522 1.07270314151 1.09291213762 1.40437536555 1.21697184246 1.29633841795 1.37825870448 1.58722718782 1.59772148945 1.62301885057 1.98380789150 1.89532837141 2.18851520236 2.61998763423 3.29103696627 4.78360099836 -325.1111467457 0.00006302267    0 
---- Best joint likelihood found -325.111146745703650 with gradient 0.00006

---- Results for RevisionsPolyDFE10/connec8_0.458219033846837_PolyDFE.input 
--  Model: C
--        eps_an     theta_bar             a 
-- 0.00001525315 0.00792968938            -1 
--           S_d             b           p_b           S_b 
-- -355.25854390 0.29039520874 0.00001087373 0.16778254292 
--           r 2           r 3           r 4           r 5           r 6           r 7           r 8           r 9          r 10          r 11          r 12          r 13          r 14          r 15          r 16          r 17          r 18          r 19          r 20          r 21          r 22          r 23          r 24          r 25          r 26          r 27          r 28          r 29          r 30          r 31          r 32          r 33          r 34          r 35          r 36          r 37          r 38          r 39          r 40          r 41          r 42          r 43          r 44          r 45          r 46          r 47          r 48          r 49 
-- 0.81655507452 0.79485601123 0.70844725497 0.67836030576 0.66350231433 0.69891573118 0.68046168280 0.69150498358 0.63629946959 0.72304281109 0.77353579366 0.71541717808 0.75367812768 0.74758444156 0.69887182646 0.74185989780 0.75295332513 0.74629019383 0.73360431907 0.81163921331 0.73697007110 0.93061562146 1.01864598341 0.93921235434 0.95249522857 0.93401054756 0.88012653196 0.82971780803 1.21464349917 1.11046008687 0.97210341227 1.00555964818 0.84900199522 1.07270314151 1.09291213762 1.40437536555 1.21697184246 1.29633841795 1.37825870448 1.58722718782 1.59772148945 1.62301885057 1.98380789150 1.89532837141 2.18851520236 2.61998763423 3.29103696627 4.78360099836 

---- Expected P_neut(i), 0 < i < n (neutral SFS per site) 
E[P_neut(1)] = 0.0079295802
E[P_neut(2)] = 0.0032374730
E[P_neut(3)] = 0.0021009618
E[P_neut(4)] = 0.0014044260
E[P_neut(5)] = 0.0010758260
E[P_neut(6)] = 0.0008768866
E[P_neut(7)] = 0.0007917332
E[P_neut(8)] = 0.0006744755
E[P_neut(9)] = 0.0006092642
E[P_neut(10)] = 0.0005045622
E[P_neut(11)] = 0.0005212238
E[P_neut(12)] = 0.0005111543
E[P_neut(13)] = 0.0004363853
E[P_neut(14)] = 0.0004268853
E[P_neut(15)] = 0.0003952052
E[P_neut(16)] = 0.0003463625
E[P_neut(17)] = 0.0003460407
E[P_neut(18)] = 0.0003317034
E[P_neut(19)] = 0.0003114653
E[P_neut(20)] = 0.0002908632
E[P_neut(21)] = 0.0003064772
E[P_neut(22)] = 0.0002656336
E[P_neut(23)] = 0.0003208468
E[P_neut(24)] = 0.0003365637
E[P_neut(25)] = 0.0002979065
E[P_neut(26)] = 0.0002905004
E[P_neut(27)] = 0.0002743123
E[P_neut(28)] = 0.0002492549
E[P_neut(29)] = 0.0002268772
E[P_neut(30)] = 0.0003210577
E[P_neut(31)] = 0.0002840521
E[P_neut(32)] = 0.0002408913
E[P_neut(33)] = 0.0002416312
E[P_neut(34)] = 0.0001980117
E[P_neut(35)] = 0.0002430367
E[P_neut(36)] = 0.0002407377
E[P_neut(37)] = 0.0003009821
E[P_neut(38)] = 0.0002539568
E[P_neut(39)] = 0.0002635824
E[P_neut(40)] = 0.0002732326
E[P_neut(41)] = 0.0003069856
E[P_neut(42)] = 0.0003016589
E[P_neut(43)] = 0.0002993107
E[P_neut(44)] = 0.0003575302
E[P_neut(45)] = 0.0003339972
E[P_neut(46)] = 0.0003772819
E[P_neut(47)] = 0.0004420612
E[P_neut(48)] = 0.0005437265
E[P_neut(49)] = 0.0007742412

---- Expected P_sel(i), 0 < i < n (selected SFS per site) 
E[P_sel(1)] = 0.0037618034
E[P_sel(2)] = 0.0011720049
E[P_sel(3)] = 0.0006606907
E[P_sel(4)] = 0.0004028755
E[P_sel(5)] = 0.0002884864
E[P_sel(6)] = 0.0002230103
E[P_sel(7)] = 0.0001927928
E[P_sel(8)] = 0.0001583144
E[P_sel(9)] = 0.0001385351
E[P_sel(10)] = 0.0001115648
E[P_sel(11)] = 0.0001124109
E[P_sel(12)] = 0.0001077883
E[P_sel(13)] = 0.0000901578
E[P_sel(14)] = 0.0000865555
E[P_sel(15)] = 0.0000787558
E[P_sel(16)] = 0.0000679212
E[P_sel(17)] = 0.0000668474
E[P_sel(18)] = 0.0000631829
E[P_sel(19)] = 0.0000585483
E[P_sel(20)] = 0.0000539970
E[P_sel(21)] = 0.0000562268
E[P_sel(22)] = 0.0000481894
E[P_sel(23)] = 0.0000575869
E[P_sel(24)] = 0.0000597948
E[P_sel(25)] = 0.0000524131
E[P_sel(26)] = 0.0000506348
E[P_sel(27)] = 0.0000473863
E[P_sel(28)] = 0.0000426882
E[P_sel(29)] = 0.0000385346
E[P_sel(30)] = 0.0000540962
E[P_sel(31)] = 0.0000474927
E[P_sel(32)] = 0.0000399767
E[P_sel(33)] = 0.0000398107
E[P_sel(34)] = 0.0000323964
E[P_sel(35)] = 0.0000394938
E[P_sel(36)] = 0.0000388633
E[P_sel(37)] = 0.0000482786
E[P_sel(38)] = 0.0000404828
E[P_sel(39)] = 0.0000417634
E[P_sel(40)] = 0.0000430377
E[P_sel(41)] = 0.0000480770
E[P_sel(42)] = 0.0000469787
E[P_sel(43)] = 0.0000463588
E[P_sel(44)] = 0.0000550810
E[P_sel(45)] = 0.0000511881
E[P_sel(46)] = 0.0000575281
E[P_sel(47)] = 0.0000670717
E[P_sel(48)] = 0.0000820986
E[P_sel(49)] = 0.0001163709

---- alpha_dfe = 0.000080

