---- Running command
---- ./polyDFE -d RevisionsPolyDFE10/connec2_-0.717530207153145_PolyDFE.input -m C -i /home/jejames/ArabidopsisCrossGenome/model.txt 1 -e 
---- Performing inference using model C

---- Performing inference on RevisionsPolyDFE10/connec2_-0.717530207153145_PolyDFE.input
----      with -i /home/jejames/ArabidopsisCrossGenome/model.txt 1
---- Data RevisionsPolyDFE10/connec2_-0.717530207153145_PolyDFE.input does not contain divergence counts. Using option -w.
---- No mutation variability. Using Poisson likelihood.


---- Calculating initial values

-- Starting local optimization
-- Optimizing all parameters
  it        eps_an     theta_bar           S_d             b           p_b           S_b           r 2           r 3           r 4           r 5           r 6           r 7           r 8           r 9          r 10          r 11          r 12          r 13          r 14          r 15          r 16          r 17          r 18          r 19          r 20          r 21          r 22          r 23          r 24          r 25          r 26          r 27          r 28          r 29          r 30          r 31          r 32          r 33          r 34          r 35          r 36          r 37          r 38          r 39          r 40          r 41          r 42          r 43          r 44          r 45          r 46          r 47          r 48          r 49           ln lk          grad status 
   0           0.1 0.00985888396        -20000         0.208           0.1            20 0.83647107324 0.78885529751 0.66895698776 0.67438504878 0.67940085199 0.64497732582 0.65466538408 0.64435893912 0.63144152810 0.64999312903 0.65878796207 0.70564793184 0.56273189501 0.68743987907 0.63872474920 0.63425862305 0.58870413631 0.64882506527 0.66236086299 0.69259310155 0.84045623196 0.73959049058 0.78988594200 0.82451559708 0.84141816682 0.98694516971 0.85419815858 0.95643809262 0.86161879895 1.00748935000 0.80032980623 1.10423251339 1.37597911227 1.16153634739 1.34808300123 1.60162154734 1.43864229765 1.44702487288 1.62429572626 2.30438367459 2.30575786725 2.33111172186 2.51532224817 3.42277037240 3.24281984334 4.27243369520 5.48467775182             1 -3879.348299266 44.5204500366   -2 
 883 0.00001385384 0.00848232096 -183.88944628 0.26996983231 0.00002535448 0.20233703854 0.81784080491 0.80918806298 0.73690948608 0.69304811841 0.71515649062 0.71158470785 0.70630020385 0.69192532655 0.70770414429 0.72650794116 0.70925358235 0.70890690417 0.60351952267 0.71838874262 0.59710086903 0.70003940146 0.74096362681 0.60333944140 0.68765300603 0.66834950727 0.73105491499 0.76821443358 0.80553486756 0.74152583940 0.70122266252 0.90985891368 0.69946417878 0.86536372344 0.75516238680 0.86245117386 0.70852941898 0.89247673156 1.09821506408 1.11135711463 1.02957161230 1.27833744348 1.21723829740 1.21435561332 1.22252021732 1.78322409334 1.59546197673 1.72289259791 1.79637979042 2.42539786657 2.48488713563 3.03141221842 3.39184591440 5.01503039911 -350.4351832984 0.00008980522    0 
---- Best joint likelihood found -350.435183298400375 with gradient 0.00009

---- Results for RevisionsPolyDFE10/connec2_-0.717530207153145_PolyDFE.input 
--  Model: C
--        eps_an     theta_bar             a 
-- 0.00001385384 0.00848232096            -1 
--           S_d             b           p_b           S_b 
-- -183.88944628 0.26996983231 0.00002535448 0.20233703854 
--           r 2           r 3           r 4           r 5           r 6           r 7           r 8           r 9          r 10          r 11          r 12          r 13          r 14          r 15          r 16          r 17          r 18          r 19          r 20          r 21          r 22          r 23          r 24          r 25          r 26          r 27          r 28          r 29          r 30          r 31          r 32          r 33          r 34          r 35          r 36          r 37          r 38          r 39          r 40          r 41          r 42          r 43          r 44          r 45          r 46          r 47          r 48          r 49 
-- 0.81784080491 0.80918806298 0.73690948608 0.69304811841 0.71515649062 0.71158470785 0.70630020385 0.69192532655 0.70770414429 0.72650794116 0.70925358235 0.70890690417 0.60351952267 0.71838874262 0.59710086903 0.70003940146 0.74096362681 0.60333944140 0.68765300603 0.66834950727 0.73105491499 0.76821443358 0.80553486756 0.74152583940 0.70122266252 0.90985891368 0.69946417878 0.86536372344 0.75516238680 0.86245117386 0.70852941898 0.89247673156 1.09821506408 1.11135711463 1.02957161230 1.27833744348 1.21723829740 1.21435561332 1.22252021732 1.78322409334 1.59546197673 1.72289259791 1.79637979042 2.42539786657 2.48488713563 3.03141221842 3.39184591440 5.01503039911 

---- Expected P_neut(i), 0 < i < n (neutral SFS per site) 
E[P_neut(1)] = 0.0084822155
E[P_neut(2)] = 0.0034685544
E[P_neut(3)] = 0.0022879068
E[P_neut(4)] = 0.0015626604
E[P_neut(5)] = 0.0011757214
E[P_neut(6)] = 0.0010110219
E[P_neut(7)] = 0.0008622627
E[P_neut(8)] = 0.0007488772
E[P_neut(9)] = 0.0006521219
E[P_neut(10)] = 0.0006002926
E[P_neut(11)] = 0.0005602208
E[P_neut(12)] = 0.0005013399
E[P_neut(13)] = 0.0004625496
E[P_neut(14)] = 0.0003656587
E[P_neut(15)] = 0.0004062384
E[P_neut(16)] = 0.0003165495
E[P_neut(17)] = 0.0003492900
E[P_neut(18)] = 0.0003491695
E[P_neut(19)] = 0.0002693532
E[P_neut(20)] = 0.0002916436
E[P_neut(21)] = 0.0002699595
E[P_neut(22)] = 0.0002818646
E[P_neut(23)] = 0.0002833149
E[P_neut(24)] = 0.0002846994
E[P_neut(25)] = 0.0002515944
E[P_neut(26)] = 0.0002287698
E[P_neut(27)] = 0.0002858413
E[P_neut(28)] = 0.0002118967
E[P_neut(29)] = 0.0002531138
E[P_neut(30)] = 0.0002135187
E[P_neut(31)] = 0.0002359872
E[P_neut(32)] = 0.0001878139
E[P_neut(33)] = 0.0002294039
E[P_neut(34)] = 0.0002739833
E[P_neut(35)] = 0.0002693415
E[P_neut(36)] = 0.0002425894
E[P_neut(37)] = 0.0002930637
E[P_neut(38)] = 0.0002717139
E[P_neut(39)] = 0.0002641209
E[P_neut(40)] = 0.0002592499
E[P_neut(41)] = 0.0003689278
E[P_neut(42)] = 0.0003222254
E[P_neut(43)] = 0.0003398707
E[P_neut(44)] = 0.0003463153
E[P_neut(45)] = 0.0004571878
E[P_neut(46)] = 0.0004582242
E[P_neut(47)] = 0.0005471180
E[P_neut(48)] = 0.0005994299
E[P_neut(49)] = 0.0008682503

---- Expected P_sel(i), 0 < i < n (selected SFS per site) 
E[P_sel(1)] = 0.0048123871
E[P_sel(2)] = 0.0015635378
E[P_sel(3)] = 0.0009094705
E[P_sel(4)] = 0.0005714439
E[P_sel(5)] = 0.0004042287
E[P_sel(6)] = 0.0003311064
E[P_sel(7)] = 0.0002713209
E[P_sel(8)] = 0.0002277963
E[P_sel(9)] = 0.0001926327
E[P_sel(10)] = 0.0001728025
E[P_sel(11)] = 0.0001575930
E[P_sel(12)] = 0.0001381268
E[P_sel(13)] = 0.0001250490
E[P_sel(14)] = 0.0000971520
E[P_sel(15)] = 0.0001062155
E[P_sel(16)] = 0.0000815410
E[P_sel(17)] = 0.0000887319
E[P_sel(18)] = 0.0000875522
E[P_sel(19)] = 0.0000667151
E[P_sel(20)] = 0.0000714040
E[P_sel(21)] = 0.0000653737
E[P_sel(22)] = 0.0000675490
E[P_sel(23)] = 0.0000672261
E[P_sel(24)] = 0.0000669179
E[P_sel(25)] = 0.0000586034
E[P_sel(26)] = 0.0000528265
E[P_sel(27)] = 0.0000654575
E[P_sel(28)] = 0.0000481372
E[P_sel(29)] = 0.0000570588
E[P_sel(30)] = 0.0000477763
E[P_sel(31)] = 0.0000524259
E[P_sel(32)] = 0.0000414354
E[P_sel(33)] = 0.0000502720
E[P_sel(34)] = 0.0000596515
E[P_sel(35)] = 0.0000582719
E[P_sel(36)] = 0.0000521634
E[P_sel(37)] = 0.0000626426
E[P_sel(38)] = 0.0000577437
E[P_sel(39)] = 0.0000558147
E[P_sel(40)] = 0.0000544855
E[P_sel(41)] = 0.0000771220
E[P_sel(42)] = 0.0000670088
E[P_sel(43)] = 0.0000703194
E[P_sel(44)] = 0.0000712976
E[P_sel(45)] = 0.0000936671
E[P_sel(46)] = 0.0000934355
E[P_sel(47)] = 0.0001110462
E[P_sel(48)] = 0.0001211167
E[P_sel(49)] = 0.0001746787

---- alpha_dfe = 0.000141

