---- Running command
---- ./polyDFE -d RevisionsPolyDFE10/express5_0.0894617310336838_PolyDFE.input -m C -i /home/jejames/ArabidopsisCrossGenome/model.txt 1 -e 
---- Performing inference using model C

---- Performing inference on RevisionsPolyDFE10/express5_0.0894617310336838_PolyDFE.input
----      with -i /home/jejames/ArabidopsisCrossGenome/model.txt 1
---- Data RevisionsPolyDFE10/express5_0.0894617310336838_PolyDFE.input does not contain divergence counts. Using option -w.
---- No mutation variability. Using Poisson likelihood.


---- Calculating initial values

-- Starting local optimization
-- Optimizing all parameters
  it        eps_an     theta_bar           S_d             b           p_b           S_b           r 2           r 3           r 4           r 5           r 6           r 7           r 8           r 9          r 10          r 11          r 12          r 13          r 14          r 15          r 16          r 17          r 18          r 19          r 20          r 21          r 22          r 23          r 24          r 25          r 26          r 27          r 28          r 29          r 30          r 31          r 32          r 33          r 34          r 35          r 36          r 37          r 38          r 39          r 40          r 41          r 42          r 43          r 44          r 45          r 46          r 47          r 48          r 49           ln lk          grad status 
   0           0.1 0.00897206361        -50000         0.208           0.1            20 0.84288924558 0.74118780096 0.62073836276 0.61894060995 0.59017656500 0.56449438202 0.60507223113 0.62465489566 0.56308186195 0.58831460674 0.55011235955 0.64770465489 0.62831460674 0.65874799357 0.66465489566 0.77277688603 0.68648475120 0.59531300160 0.54703049759 0.66067415730 0.55794542536 0.73540930979 0.73348314606 0.78651685393 0.87473515248 0.69688603531 0.78202247191 0.76340288924 0.91300160513 0.93945425361 0.79306581059 1.12719101123 1.01072231139 1.06966292134 1.22735152487 1.19730337078 1.23454253611 1.54497592295 1.36886035313 1.39255216693 2.05483146067 2.05406099518 2.11313001605 2.51942215088 3.05091492776 3.59704654895 5.28847512038             1 -3704.718826220 53.1274167050   -2 
 285 0.01365337690 0.00795882591 -473.74254513 0.26743446709 0.00025162909 0.87534616701 0.83579059680 0.75168616623 0.65206011974 0.61198364065 0.64819116228 0.58332564469 0.62637120028 0.58717312804 0.57064001609 0.56933970945 0.54969340758 0.61275137445 0.58915027281 0.58569052818 0.61473247388 0.64656816392 0.63414209988 0.58884603663 0.49693873727 0.66424370023 0.52434093802 0.66840009795 0.63777256882 0.68294319818 0.69646039568 0.63728714528 0.68349756377 0.71644745737 0.76620466843 0.76082109684 0.65889274471 0.85503600500 0.84897390025 0.93402218351 0.92575553752 0.99996495711 1.02992937957 1.29153112227 0.96118506468 1.14608988152 1.55174188453 1.63025233760 1.51787479936 1.80243843591 2.01502224203 2.28988548550 3.00381884024 3.06845821491 -317.8400961237 0.00167801839   -3 
-- Local optimization: stuck in the same solution
---- Best joint likelihood found -317.840096123762805 with gradient 0.00168

---- Results for RevisionsPolyDFE10/express5_0.0894617310336838_PolyDFE.input 
--  Model: C
--        eps_an     theta_bar             a 
-- 0.01365337690 0.00795882591            -1 
--           S_d             b           p_b           S_b 
-- -473.74254513 0.26743446709 0.00025162909 0.87534616701 
--           r 2           r 3           r 4           r 5           r 6           r 7           r 8           r 9          r 10          r 11          r 12          r 13          r 14          r 15          r 16          r 17          r 18          r 19          r 20          r 21          r 22          r 23          r 24          r 25          r 26          r 27          r 28          r 29          r 30          r 31          r 32          r 33          r 34          r 35          r 36          r 37          r 38          r 39          r 40          r 41          r 42          r 43          r 44          r 45          r 46          r 47          r 48          r 49 
-- 0.83579059680 0.75168616623 0.65206011974 0.61198364065 0.64819116228 0.58332564469 0.62637120028 0.58717312804 0.57064001609 0.56933970945 0.54969340758 0.61275137445 0.58915027281 0.58569052818 0.61473247388 0.64656816392 0.63414209988 0.58884603663 0.49693873727 0.66424370023 0.52434093802 0.66840009795 0.63777256882 0.68294319818 0.69646039568 0.63728714528 0.68349756377 0.71644745737 0.76620466843 0.76082109684 0.65889274471 0.85503600500 0.84897390025 0.93402218351 0.92575553752 0.99996495711 1.02992937957 1.29153112227 0.96118506468 1.14608988152 1.55174188453 1.63025233760 1.51787479936 1.80243843591 2.01502224203 2.28988548550 3.00381884024 3.06845821491 

---- Expected P_neut(i), 0 < i < n (neutral SFS per site) 
E[P_neut(1)] = 0.0078569658
E[P_neut(2)] = 0.0032873456
E[P_neut(3)] = 0.0019722467
E[P_neut(4)] = 0.0012844543
E[P_neut(5)] = 0.0009651865
E[P_neut(6)] = 0.0008518161
E[P_neut(7)] = 0.0006582913
E[P_neut(8)] = 0.0006186541
E[P_neut(9)] = 0.0005151935
E[P_neut(10)] = 0.0004505728
E[P_neut(11)] = 0.0004099084
E[P_neut(12)] = 0.0003625437
E[P_neut(13)] = 0.0003729519
E[P_neut(14)] = 0.0003331461
E[P_neut(15)] = 0.0003094175
E[P_neut(16)] = 0.0003043226
E[P_neut(17)] = 0.0003013840
E[P_neut(18)] = 0.0002787995
E[P_neut(19)] = 0.0002459583
E[P_neut(20)] = 0.0001978278
E[P_neut(21)] = 0.0002509903
E[P_neut(22)] = 0.0001897508
E[P_neut(23)] = 0.0002306974
E[P_neut(24)] = 0.0002115199
E[P_neut(25)] = 0.0002174170
E[P_neut(26)] = 0.0002131694
E[P_neut(27)] = 0.0001884470
E[P_neut(28)] = 0.0001942172
E[P_neut(29)] = 0.0001973760
E[P_neut(30)] = 0.0002031943
E[P_neut(31)] = 0.0001960312
E[P_neut(32)] = 0.0001654662
E[P_neut(33)] = 0.0002075320
E[P_neut(34)] = 0.0002001921
E[P_neut(35)] = 0.0002137351
E[P_neut(36)] = 0.0002064431
E[P_neut(37)] = 0.0002172810
E[P_neut(38)] = 0.0002177438
E[P_neut(39)] = 0.0002655917
E[P_neut(40)] = 0.0001948373
E[P_neut(41)] = 0.0002265282
E[P_neut(42)] = 0.0002985420
E[P_neut(43)] = 0.0003066772
E[P_neut(44)] = 0.0002825475
E[P_neut(45)] = 0.0003277320
E[P_neut(46)] = 0.0003615890
E[P_neut(47)] = 0.0004096947
E[P_neut(48)] = 0.0005366701
E[P_neut(49)] = 0.0006002545

---- Expected P_sel(i), 0 < i < n (selected SFS per site) 
E[P_sel(1)] = 0.0036185627
E[P_sel(2)] = 0.0011701713
E[P_sel(3)] = 0.0006159867
E[P_sel(4)] = 0.0003684452
E[P_sel(5)] = 0.0002601445
E[P_sel(6)] = 0.0002187075
E[P_sel(7)] = 0.0001623144
E[P_sel(8)] = 0.0001474853
E[P_sel(9)] = 0.0001193223
E[P_sel(10)] = 0.0001017230
E[P_sel(11)] = 0.0000903889
E[P_sel(12)] = 0.0000783339
E[P_sel(13)] = 0.0000790970
E[P_sel(14)] = 0.0000694493
E[P_sel(15)] = 0.0000634821
E[P_sel(16)] = 0.0000615345
E[P_sel(17)] = 0.0000601108
E[P_sel(18)] = 0.0000549092
E[P_sel(19)] = 0.0000478480
E[P_sel(20)] = 0.0000380420
E[P_sel(21)] = 0.0000477652
E[P_sel(22)] = 0.0000357403
E[P_sel(23)] = 0.0000430421
E[P_sel(24)] = 0.0000391013
E[P_sel(25)] = 0.0000398421
E[P_sel(26)] = 0.0000387388
E[P_sel(27)] = 0.0000339771
E[P_sel(28)] = 0.0000347453
E[P_sel(29)] = 0.0000350614
E[P_sel(30)] = 0.0000358290
E[P_sel(31)] = 0.0000343458
E[P_sel(32)] = 0.0000288260
E[P_sel(33)] = 0.0000359154
E[P_sel(34)] = 0.0000344450
E[P_sel(35)] = 0.0000365580
E[P_sel(36)] = 0.0000351350
E[P_sel(37)] = 0.0000367996
E[P_sel(38)] = 0.0000366871
E[P_sel(39)] = 0.0000445109
E[P_sel(40)] = 0.0000326284
E[P_sel(41)] = 0.0000377787
E[P_sel(42)] = 0.0000495457
E[P_sel(43)] = 0.0000507496
E[P_sel(44)] = 0.0000469446
E[P_sel(45)] = 0.0000543490
E[P_sel(46)] = 0.0000603410
E[P_sel(47)] = 0.0000696865
E[P_sel(48)] = 0.0000944035
E[P_sel(49)] = 0.0001280053

---- alpha_dfe = 0.002484

