---- Running command
---- ./polyDFE -d RevisionsPolyDFE10/express6_0.305164076797646_PolyDFE.input -m C -i /home/jejames/ArabidopsisCrossGenome/model.txt 1 -e 
---- Performing inference using model C

---- Performing inference on RevisionsPolyDFE10/express6_0.305164076797646_PolyDFE.input
----      with -i /home/jejames/ArabidopsisCrossGenome/model.txt 1
---- Data RevisionsPolyDFE10/express6_0.305164076797646_PolyDFE.input does not contain divergence counts. Using option -w.
---- No mutation variability. Using Poisson likelihood.


---- Calculating initial values

-- Starting local optimization
-- Optimizing all parameters
  it        eps_an     theta_bar           S_d             b           p_b           S_b           r 2           r 3           r 4           r 5           r 6           r 7           r 8           r 9          r 10          r 11          r 12          r 13          r 14          r 15          r 16          r 17          r 18          r 19          r 20          r 21          r 22          r 23          r 24          r 25          r 26          r 27          r 28          r 29          r 30          r 31          r 32          r 33          r 34          r 35          r 36          r 37          r 38          r 39          r 40          r 41          r 42          r 43          r 44          r 45          r 46          r 47          r 48          r 49           ln lk          grad status 
   0           0.1 0.00881649985        -80000         0.208           0.1            20 0.78189982728 0.73181347150 0.62535405872 0.62556131260 0.73450777202 0.67074265975 0.67260794473 0.62238341968 0.65146804835 0.82072538860 0.60518134715 0.69602763385 0.70507772020 0.70259067357 0.64663212435 0.61658031088 0.89409326424 0.63398963730 0.78065630397 0.73264248704 0.68089810017 0.86756476683 0.84891191709 0.98445595854 0.80469775474 0.80953367875 0.99039723661 0.77132987910 1.08808290155 1.08580310880 1.04124352331 1.10569948186 1.28013816925 1.21381692573 1.59419689119 1.46977547495 1.49637305699 1.83212435233 1.78791018998 2.17816925734 2.30093264248 2.38542314335 2.76006908462 3.41658031088 3.20013816925 4.47758203799 6.00538860103             1 -3958.819907263 57.4894599882   -2 
 228 0.00002720691 0.00758440337 -510.96969916 0.26647794568 0.00013833749 0.59952369480 0.79519666419 0.74983911412 0.68124636058 0.70696885400 0.74836454193 0.73259278213 0.70457536706 0.66486574377 0.61654079611 0.73601398184 0.75205250245 0.71877374325 0.66848863104 0.71156558370 0.62329317128 0.60870436713 0.77178216442 0.62924745770 0.70064722824 0.70269246918 0.63945985699 0.77669125673 0.77993510710 0.95764348073 0.70351283486 0.85874717442 0.89357087373 0.77228174579 0.95290213468 0.95405543214 0.84837618513 0.92543479222 0.99326995159 1.07670827871 1.49351294265 1.17118251365 1.30401486942 1.50005938094 1.46795786655 1.78212740603 1.86081174339 1.94120651379 1.95745544662 2.36010148750 2.45159718600 3.21653895889 3.94186371317 4.82540709887 -340.7062755660 0.00525344425   -8 
-- Local optimization: reached maximum number of likelihood evaluations allowed.
---- Best joint likelihood found -340.706275566052227 with gradient 0.00525

---- Results for RevisionsPolyDFE10/express6_0.305164076797646_PolyDFE.input 
--  Model: C
--        eps_an     theta_bar             a 
-- 0.00002720691 0.00758440337            -1 
--           S_d             b           p_b           S_b 
-- -510.96969916 0.26647794568 0.00013833749 0.59952369480 
--           r 2           r 3           r 4           r 5           r 6           r 7           r 8           r 9          r 10          r 11          r 12          r 13          r 14          r 15          r 16          r 17          r 18          r 19          r 20          r 21          r 22          r 23          r 24          r 25          r 26          r 27          r 28          r 29          r 30          r 31          r 32          r 33          r 34          r 35          r 36          r 37          r 38          r 39          r 40          r 41          r 42          r 43          r 44          r 45          r 46          r 47          r 48          r 49 
-- 0.79519666419 0.74983911412 0.68124636058 0.70696885400 0.74836454193 0.73259278213 0.70457536706 0.66486574377 0.61654079611 0.73601398184 0.75205250245 0.71877374325 0.66848863104 0.71156558370 0.62329317128 0.60870436713 0.77178216442 0.62924745770 0.70064722824 0.70269246918 0.63945985699 0.77669125673 0.77993510710 0.95764348073 0.70351283486 0.85874717442 0.89357087373 0.77228174579 0.95290213468 0.95405543214 0.84837618513 0.92543479222 0.99326995159 1.07670827871 1.49351294265 1.17118251365 1.30401486942 1.50005938094 1.46795786655 1.78212740603 1.86081174339 1.94120651379 1.95745544662 2.36010148750 2.45159718600 3.21653895889 3.94186371317 4.82540709887 

---- Expected P_neut(i), 0 < i < n (neutral SFS per site) 
E[P_neut(1)] = 0.0075842173
E[P_neut(2)] = 0.0030154810
E[P_neut(3)] = 0.0018956566
E[P_neut(4)] = 0.0012916877
E[P_neut(5)] = 0.0010723690
E[P_neut(6)] = 0.0009459665
E[P_neut(7)] = 0.0007937419
E[P_neut(8)] = 0.0006679639
E[P_neut(9)] = 0.0005602837
E[P_neut(10)] = 0.0004676043
E[P_neut(11)] = 0.0005074693
E[P_neut(12)] = 0.0004753166
E[P_neut(13)] = 0.0004193390
E[P_neut(14)] = 0.0003621478
E[P_neut(15)] = 0.0003597833
E[P_neut(16)] = 0.0002954547
E[P_neut(17)] = 0.0002715666
E[P_neut(18)] = 0.0003251915
E[P_neut(19)] = 0.0002511820
E[P_neut(20)] = 0.0002656989
E[P_neut(21)] = 0.0002537845
E[P_neut(22)] = 0.0002204516
E[P_neut(23)] = 0.0002561187
E[P_neut(24)] = 0.0002464715
E[P_neut(25)] = 0.0002905262
E[P_neut(26)] = 0.0002052213
E[P_neut(27)] = 0.0002412258
E[P_neut(28)] = 0.0002420423
E[P_neut(29)] = 0.0002019771
E[P_neut(30)] = 0.0002409071
E[P_neut(31)] = 0.0002334179
E[P_neut(32)] = 0.0002010792
E[P_neut(33)] = 0.0002126947
E[P_neut(34)] = 0.0002215714
E[P_neut(35)] = 0.0002333232
E[P_neut(36)] = 0.0003146514
E[P_neut(37)] = 0.0002400784
E[P_neut(38)] = 0.0002602736
E[P_neut(39)] = 0.0002917252
E[P_neut(40)] = 0.0002783448
E[P_neut(41)] = 0.0003296739
E[P_neut(42)] = 0.0003360363
E[P_neut(43)] = 0.0003424051
E[P_neut(44)] = 0.0003374286
E[P_neut(45)] = 0.0003977953
E[P_neut(46)] = 0.0004042394
E[P_neut(47)] = 0.0005190913
E[P_neut(48)] = 0.0006229127
E[P_neut(49)] = 0.0007470806

---- Expected P_sel(i), 0 < i < n (selected SFS per site) 
E[P_sel(1)] = 0.0034393477
E[P_sel(2)] = 0.0010564834
E[P_sel(3)] = 0.0005829055
E[P_sel(4)] = 0.0003649690
E[P_sel(5)] = 0.0002847969
E[P_sel(6)] = 0.0002393060
E[P_sel(7)] = 0.0001929493
E[P_sel(8)] = 0.0001569922
E[P_sel(9)] = 0.0001279010
E[P_sel(10)] = 0.0001040417
E[P_sel(11)] = 0.0001103587
E[P_sel(12)] = 0.0001012565
E[P_sel(13)] = 0.0000876704
E[P_sel(14)] = 0.0000744211
E[P_sel(15)] = 0.0000727695
E[P_sel(16)] = 0.0000588830
E[P_sel(17)] = 0.0000533821
E[P_sel(18)] = 0.0000631036
E[P_sel(19)] = 0.0000481538
E[P_sel(20)] = 0.0000503564
E[P_sel(21)] = 0.0000475791
E[P_sel(22)] = 0.0000409062
E[P_sel(23)] = 0.0000470604
E[P_sel(24)] = 0.0000448658
E[P_sel(25)] = 0.0000524137
E[P_sel(26)] = 0.0000367077
E[P_sel(27)] = 0.0000427940
E[P_sel(28)] = 0.0000426004
E[P_sel(29)] = 0.0000352789
E[P_sel(30)] = 0.0000417707
E[P_sel(31)] = 0.0000401861
E[P_sel(32)] = 0.0000343821
E[P_sel(33)] = 0.0000361276
E[P_sel(34)] = 0.0000373942
E[P_sel(35)] = 0.0000391329
E[P_sel(36)] = 0.0000524548
E[P_sel(37)] = 0.0000397885
E[P_sel(38)] = 0.0000428896
E[P_sel(39)] = 0.0000478057
E[P_sel(40)] = 0.0000453666
E[P_sel(41)] = 0.0000534497
E[P_sel(42)] = 0.0000542017
E[P_sel(43)] = 0.0000549525
E[P_sel(44)] = 0.0000538894
E[P_sel(45)] = 0.0000632267
E[P_sel(46)] = 0.0000639518
E[P_sel(47)] = 0.0000817482
E[P_sel(48)] = 0.0000976658
E[P_sel(49)] = 0.0001166630

---- alpha_dfe = 0.001212

