---- Running command
---- ./polyDFE -d RevisionsPolyDFE10/express4_-0.184725867335347_PolyDFE.input -m C -i /home/jejames/ArabidopsisCrossGenome/model.txt 1 -e 
---- Performing inference using model C

---- Performing inference on RevisionsPolyDFE10/express4_-0.184725867335347_PolyDFE.input
----      with -i /home/jejames/ArabidopsisCrossGenome/model.txt 1
---- Data RevisionsPolyDFE10/express4_-0.184725867335347_PolyDFE.input does not contain divergence counts. Using option -w.
---- No mutation variability. Using Poisson likelihood.


---- Calculating initial values

-- Starting local optimization
-- Optimizing all parameters
  it        eps_an     theta_bar           S_d             b           p_b           S_b           r 2           r 3           r 4           r 5           r 6           r 7           r 8           r 9          r 10          r 11          r 12          r 13          r 14          r 15          r 16          r 17          r 18          r 19          r 20          r 21          r 22          r 23          r 24          r 25          r 26          r 27          r 28          r 29          r 30          r 31          r 32          r 33          r 34          r 35          r 36          r 37          r 38          r 39          r 40          r 41          r 42          r 43          r 44          r 45          r 46          r 47          r 48          r 49           ln lk          grad status 
   0           0.1 0.00891219933        -30000         0.208           0.1            20 0.80965479301 0.81859441617 0.70361710906 0.69178929995 0.74267638564 0.71578874982 0.67115940035 0.64922294044 0.60033007839 0.61043872919 0.59991748040 0.64007701829 0.59496630449 0.68594416173 0.43900426351 0.71193783523 0.69935359647 0.89107413010 0.54738000275 0.75381653142 0.70801815431 0.87147572548 0.83014715995 1.01430339705 1.08527025168 0.88935497180 1.02434328152 0.75381653142 0.78806216476 1.14688488516 0.97923256773 1.00075642965 0.91417961765 1.11917205336 1.29225691101 1.33324164489 1.20987484527 1.45626461284 2.02723146747 1.80724797139 2.36831247421 2.67012790537 2.54160363086 3.05735112089 3.23284280016 4.24040709668 5.62123504332             1 -3726.829776708 53.4360721972   -2 
 995 0.00003596916 0.00797080739 -464.42811602 0.24211105889 0.00007082106 0.37161461439 0.76069826197 0.74524076945 0.73112095013 0.70238809811 0.70747440959 0.67842485347 0.65567021037 0.70285496860 0.58031275336 0.66131666765 0.61705766968 0.56395147767 0.57094965893 0.66548240075 0.51327176050 0.64118151386 0.71574151615 0.79452883485 0.57685250369 0.66697329691 0.72244416172 0.74431707643 0.69745751348 0.86276073356 0.83520238758 0.81929303753 0.84373036885 0.75679794206 0.82373924850 0.94319303532 0.81205950471 0.86111755764 0.90068442844 0.91831647068 1.02884899302 1.08421134723 0.89303257335 1.14832691116 1.61340788352 1.34744523940 1.78456247236 1.84510847607 1.87733817661 2.49061439412 2.29116783392 2.98652475064 3.26349457968 4.56297999339 -334.4244425707 0.00026661819   -8 
-- Local optimization: reached maximum number of likelihood evaluations allowed.
---- Best joint likelihood found -334.424442570727194 with gradient 0.00027

---- Results for RevisionsPolyDFE10/express4_-0.184725867335347_PolyDFE.input 
--  Model: C
--        eps_an     theta_bar             a 
-- 0.00003596916 0.00797080739            -1 
--           S_d             b           p_b           S_b 
-- -464.42811602 0.24211105889 0.00007082106 0.37161461439 
--           r 2           r 3           r 4           r 5           r 6           r 7           r 8           r 9          r 10          r 11          r 12          r 13          r 14          r 15          r 16          r 17          r 18          r 19          r 20          r 21          r 22          r 23          r 24          r 25          r 26          r 27          r 28          r 29          r 30          r 31          r 32          r 33          r 34          r 35          r 36          r 37          r 38          r 39          r 40          r 41          r 42          r 43          r 44          r 45          r 46          r 47          r 48          r 49 
-- 0.76069826197 0.74524076945 0.73112095013 0.70238809811 0.70747440959 0.67842485347 0.65567021037 0.70285496860 0.58031275336 0.66131666765 0.61705766968 0.56395147767 0.57094965893 0.66548240075 0.51327176050 0.64118151386 0.71574151615 0.79452883485 0.57685250369 0.66697329691 0.72244416172 0.74431707643 0.69745751348 0.86276073356 0.83520238758 0.81929303753 0.84373036885 0.75679794206 0.82373924850 0.94319303532 0.81205950471 0.86111755764 0.90068442844 0.91831647068 1.02884899302 1.08421134723 0.89303257335 1.14832691116 1.61340788352 1.34744523940 1.78456247236 1.84510847607 1.87733817661 2.49061439412 2.29116783392 2.98652475064 3.26349457968 4.56297999339 

---- Expected P_neut(i), 0 < i < n (neutral SFS per site) 
E[P_neut(1)] = 0.0079705474
E[P_neut(2)] = 0.0030316001
E[P_neut(3)] = 0.0019800039
E[P_neut(4)] = 0.0014568679
E[P_neut(5)] = 0.0011196956
E[P_neut(6)] = 0.0009398355
E[P_neut(7)] = 0.0007724979
E[P_neut(8)] = 0.0006532663
E[P_neut(9)] = 0.0006224672
E[P_neut(10)] = 0.0004625510
E[P_neut(11)] = 0.0004791937
E[P_neut(12)] = 0.0004098626
E[P_neut(13)] = 0.0003457766
E[P_neut(14)] = 0.0003250629
E[P_neut(15)] = 0.0003536236
E[P_neut(16)] = 0.0002556978
E[P_neut(17)] = 0.0003006281
E[P_neut(18)] = 0.0003169424
E[P_neut(19)] = 0.0003333144
E[P_neut(20)] = 0.0002298986
E[P_neut(21)] = 0.0002531563
E[P_neut(22)] = 0.0002617476
E[P_neut(23)] = 0.0002579476
E[P_neut(24)] = 0.0002316384
E[P_neut(25)] = 0.0002750760
E[P_neut(26)] = 0.0002560467
E[P_neut(27)] = 0.0002418682
E[P_neut(28)] = 0.0002401869
E[P_neut(29)] = 0.0002080116
E[P_neut(30)] = 0.0002188626
E[P_neut(31)] = 0.0002425197
E[P_neut(32)] = 0.0002022782
E[P_neut(33)] = 0.0002079973
E[P_neut(34)] = 0.0002111540
E[P_neut(35)] = 0.0002091402
E[P_neut(36)] = 0.0002278023
E[P_neut(37)] = 0.0002335727
E[P_neut(38)] = 0.0001873288
E[P_neut(39)] = 0.0002347035
E[P_neut(40)] = 0.0003215092
E[P_neut(41)] = 0.0002619697
E[P_neut(42)] = 0.0003386876
E[P_neut(43)] = 0.0003420388
E[P_neut(44)] = 0.0003401102
E[P_neut(45)] = 0.0004411846
E[P_neut(46)] = 0.0003970481
E[P_neut(47)] = 0.0005065427
E[P_neut(48)] = 0.0005420205
E[P_neut(49)] = 0.0007425179

---- Expected P_sel(i), 0 < i < n (selected SFS per site) 
E[P_sel(1)] = 0.0038718055
E[P_sel(2)] = 0.0011673401
E[P_sel(3)] = 0.0006777362
E[P_sel(4)] = 0.0004619608
E[P_sel(5)] = 0.0003356879
E[P_sel(6)] = 0.0002696296
E[P_sel(7)] = 0.0002137590
E[P_sel(8)] = 0.0001753259
E[P_sel(9)] = 0.0001627018
E[P_sel(10)] = 0.0001181220
E[P_sel(11)] = 0.0001198585
E[P_sel(12)] = 0.0001006154
E[P_sel(13)] = 0.0000834485
E[P_sel(14)] = 0.0000772324
E[P_sel(15)] = 0.0000828137
E[P_sel(16)] = 0.0000590831
E[P_sel(17)] = 0.0000686011
E[P_sel(18)] = 0.0000714804
E[P_sel(19)] = 0.0000743475
E[P_sel(20)] = 0.0000507483
E[P_sel(21)] = 0.0000553333
E[P_sel(22)] = 0.0000566771
E[P_sel(23)] = 0.0000553579
E[P_sel(24)] = 0.0000492899
E[P_sel(25)] = 0.0000580577
E[P_sel(26)] = 0.0000536210
E[P_sel(27)] = 0.0000502735
E[P_sel(28)] = 0.0000495655
E[P_sel(29)] = 0.0000426289
E[P_sel(30)] = 0.0000445534
E[P_sel(31)] = 0.0000490513
E[P_sel(32)] = 0.0000406574
E[P_sel(33)] = 0.0000415549
E[P_sel(34)] = 0.0000419391
E[P_sel(35)] = 0.0000413039
E[P_sel(36)] = 0.0000447419
E[P_sel(37)] = 0.0000456301
E[P_sel(38)] = 0.0000364060
E[P_sel(39)] = 0.0000453821
E[P_sel(40)] = 0.0000618600
E[P_sel(41)] = 0.0000501628
E[P_sel(42)] = 0.0000645488
E[P_sel(43)] = 0.0000648898
E[P_sel(44)] = 0.0000642365
E[P_sel(45)] = 0.0000829627
E[P_sel(46)] = 0.0000743470
E[P_sel(47)] = 0.0000944561
E[P_sel(48)] = 0.0001006685
E[P_sel(49)] = 0.0001374111

---- alpha_dfe = 0.000466

