---- Running command
---- ./polyDFE -d RevisionsPolyDFE10/express7_0.501543350071212_PolyDFE.input -m C -i /home/jejames/ArabidopsisCrossGenome/model.txt 1 -e 
---- Performing inference using model C

---- Performing inference on RevisionsPolyDFE10/express7_0.501543350071212_PolyDFE.input
----      with -i /home/jejames/ArabidopsisCrossGenome/model.txt 1
---- Data RevisionsPolyDFE10/express7_0.501543350071212_PolyDFE.input does not contain divergence counts. Using option -w.
---- No mutation variability. Using Poisson likelihood.


---- Calculating initial values

-- Starting local optimization
-- Optimizing all parameters
  it        eps_an     theta_bar           S_d             b           p_b           S_b           r 2           r 3           r 4           r 5           r 6           r 7           r 8           r 9          r 10          r 11          r 12          r 13          r 14          r 15          r 16          r 17          r 18          r 19          r 20          r 21          r 22          r 23          r 24          r 25          r 26          r 27          r 28          r 29          r 30          r 31          r 32          r 33          r 34          r 35          r 36          r 37          r 38          r 39          r 40          r 41          r 42          r 43          r 44          r 45          r 46          r 47          r 48          r 49           ln lk          grad status 
   0           0.1 0.00908688051        -80000         0.208           0.1            20 0.79809753483 0.79180064308 0.68327974276 0.60959271168 0.63143086816 0.58286441586 0.58628081457 0.55948553054 0.69131832797 0.66392015005 0.66881028938 0.64878081457 0.66117363344 0.72045819935 0.54555198285 0.53409699892 0.76085209003 0.86039657020 0.72615219721 0.68790192926 0.80171489817 0.66097266881 0.78456591639 0.63638799571 0.82207931404 0.76145498392 1.23043944265 1.08983118971 1.28215434083 1.33735262593 1.36977491961 1.19594051446 1.32328510182 1.24966505894 1.21784565916 1.54910235798 1.34405144694 1.12077974276 1.73633440514 1.62593783494 1.59244372990 2.26694801714 2.29608788853 2.83360128617 3.17390139335 3.58922829581 5.18649517684             1 -3698.586622237 56.7616303826   -2 
 854 0.00637516096 0.00807954144 -666.06671326 0.26709073517 0.00005996544 0.41105635869 0.78210725158 0.76345304636 0.65339321834 0.63679923810 0.66972176712 0.64001713095 0.62827527858 0.56191348535 0.63201267095 0.63298852421 0.68125153004 0.62538931555 0.61953998135 0.67364944396 0.54640419712 0.54453105560 0.69517122065 0.64753052840 0.67135684876 0.70876602428 0.73777791733 0.61678994531 0.69592534623 0.71860494433 0.68634949025 0.66821253555 0.93072645404 0.86452746513 1.00339964313 1.00684205208 1.07540786562 1.07796164121 1.22265357455 0.90736700437 0.97443256503 1.25665532732 1.18080641661 0.93117792988 1.26153914424 1.28045863668 1.35423316605 1.73152629331 1.76712837925 2.16773467049 2.28911449429 2.23175814559 3.11379514869 3.77982822170 -333.7051293936 0.00024054152   -8 
-- Local optimization: reached maximum number of likelihood evaluations allowed.
---- Best joint likelihood found -333.705129393603784 with gradient 0.00024

---- Results for RevisionsPolyDFE10/express7_0.501543350071212_PolyDFE.input 
--  Model: C
--        eps_an     theta_bar             a 
-- 0.00637516096 0.00807954144            -1 
--           S_d             b           p_b           S_b 
-- -666.06671326 0.26709073517 0.00005996544 0.41105635869 
--           r 2           r 3           r 4           r 5           r 6           r 7           r 8           r 9          r 10          r 11          r 12          r 13          r 14          r 15          r 16          r 17          r 18          r 19          r 20          r 21          r 22          r 23          r 24          r 25          r 26          r 27          r 28          r 29          r 30          r 31          r 32          r 33          r 34          r 35          r 36          r 37          r 38          r 39          r 40          r 41          r 42          r 43          r 44          r 45          r 46          r 47          r 48          r 49 
-- 0.78210725158 0.76345304636 0.65339321834 0.63679923810 0.66972176712 0.64001713095 0.62827527858 0.56191348535 0.63201267095 0.63298852421 0.68125153004 0.62538931555 0.61953998135 0.67364944396 0.54640419712 0.54453105560 0.69517122065 0.64753052840 0.67135684876 0.70876602428 0.73777791733 0.61678994531 0.69592534623 0.71860494433 0.68634949025 0.66821253555 0.93072645404 0.86452746513 1.00339964313 1.00684205208 1.07540786562 1.07796164121 1.22265357455 0.90736700437 0.97443256503 1.25665532732 1.18080641661 0.93117792988 1.26153914424 1.28045863668 1.35423316605 1.73152629331 1.76712837925 2.16773467049 2.28911449429 2.23175814559 3.11379514869 3.77982822170 

---- Expected P_neut(i), 0 < i < n (neutral SFS per site) 
E[P_neut(1)] = 0.0080320064
E[P_neut(2)] = 0.0031427328
E[P_neut(3)] = 0.0020454546
E[P_neut(4)] = 0.0013139288
E[P_neut(5)] = 0.0010249303
E[P_neut(6)] = 0.0008981601
E[P_neut(7)] = 0.0007360854
E[P_neut(8)] = 0.0006321377
E[P_neut(9)] = 0.0005028375
E[P_neut(10)] = 0.0005090064
E[P_neut(11)] = 0.0004631983
E[P_neut(12)] = 0.0004573597
E[P_neut(13)] = 0.0003879530
E[P_neut(14)] = 0.0003566576
E[P_neut(15)] = 0.0003618740
E[P_neut(16)] = 0.0002760117
E[P_neut(17)] = 0.0002588304
E[P_neut(18)] = 0.0003117787
E[P_neut(19)] = 0.0002752727
E[P_neut(20)] = 0.0002712065
E[P_neut(21)] = 0.0002724878
E[P_neut(22)] = 0.0002709351
E[P_neut(23)] = 0.0002165622
E[P_neut(24)] = 0.0002341477
E[P_neut(25)] = 0.0002322399
E[P_neut(26)] = 0.0002134181
E[P_neut(27)] = 0.0002000640
E[P_neut(28)] = 0.0002685810
E[P_neut(29)] = 0.0002410645
E[P_neut(30)] = 0.0002702399
E[P_neut(31)] = 0.0002624961
E[P_neut(32)] = 0.0002717833
E[P_neut(33)] = 0.0002638896
E[P_neut(34)] = 0.0002904503
E[P_neut(35)] = 0.0002104382
E[P_neut(36)] = 0.0002195787
E[P_neut(37)] = 0.0002751393
E[P_neut(38)] = 0.0002523861
E[P_neut(39)] = 0.0001946442
E[P_neut(40)] = 0.0002564473
E[P_neut(41)] = 0.0002539370
E[P_neut(42)] = 0.0002628982
E[P_neut(43)] = 0.0003279827
E[P_neut(44)] = 0.0003281713
E[P_neut(45)] = 0.0003932856
E[P_neut(46)] = 0.0004079157
E[P_neut(47)] = 0.0003943129
E[P_neut(48)] = 0.0005409269
E[P_neut(49)] = 0.0006707856

---- Expected P_sel(i), 0 < i < n (selected SFS per site) 
E[P_sel(1)] = 0.0034147806
E[P_sel(2)] = 0.0010251702
E[P_sel(3)] = 0.0005848457
E[P_sel(4)] = 0.0003449272
E[P_sel(5)] = 0.0002527871
E[P_sel(6)] = 0.0002109886
E[P_sel(7)] = 0.0001661117
E[P_sel(8)] = 0.0001379256
E[P_sel(9)] = 0.0001065392
E[P_sel(10)] = 0.0001051136
E[P_sel(11)] = 0.0000935020
E[P_sel(12)] = 0.0000904196
E[P_sel(13)] = 0.0000752560
E[P_sel(14)] = 0.0000680138
E[P_sel(15)] = 0.0000679240
E[P_sel(16)] = 0.0000510257
E[P_sel(17)] = 0.0000471997
E[P_sel(18)] = 0.0000561363
E[P_sel(19)] = 0.0000489652
E[P_sel(20)] = 0.0000476941
E[P_sel(21)] = 0.0000474078
E[P_sel(22)] = 0.0000466555
E[P_sel(23)] = 0.0000369315
E[P_sel(24)] = 0.0000395611
E[P_sel(25)] = 0.0000388917
E[P_sel(26)] = 0.0000354378
E[P_sel(27)] = 0.0000329511
E[P_sel(28)] = 0.0000438906
E[P_sel(29)] = 0.0000391009
E[P_sel(30)] = 0.0000435140
E[P_sel(31)] = 0.0000419742
E[P_sel(32)] = 0.0000431711
E[P_sel(33)] = 0.0000416388
E[P_sel(34)] = 0.0000455401
E[P_sel(35)] = 0.0000328274
E[P_sel(36)] = 0.0000340511
E[P_sel(37)] = 0.0000424134
E[P_sel(38)] = 0.0000387235
E[P_sel(39)] = 0.0000297450
E[P_sel(40)] = 0.0000389636
E[P_sel(41)] = 0.0000383986
E[P_sel(42)] = 0.0000396224
E[P_sel(43)] = 0.0000492002
E[P_sel(44)] = 0.0000491254
E[P_sel(45)] = 0.0000586459
E[P_sel(46)] = 0.0000608443
E[P_sel(47)] = 0.0000594413
E[P_sel(48)] = 0.0000823151
E[P_sel(49)] = 0.0001115743

---- alpha_dfe = 0.000515

