---- Running command
---- ./polyDFE -d RevisionsPolyDFE10/express3_-0.575736924373584_PolyDFE.input -m C -i /home/jejames/ArabidopsisCrossGenome/model.txt 1 -e 
---- Performing inference using model C

---- Performing inference on RevisionsPolyDFE10/express3_-0.575736924373584_PolyDFE.input
----      with -i /home/jejames/ArabidopsisCrossGenome/model.txt 1
---- Data RevisionsPolyDFE10/express3_-0.575736924373584_PolyDFE.input does not contain divergence counts. Using option -w.
---- No mutation variability. Using Poisson likelihood.


---- Calculating initial values

-- Starting local optimization
-- Optimizing all parameters
  it        eps_an     theta_bar           S_d             b           p_b           S_b           r 2           r 3           r 4           r 5           r 6           r 7           r 8           r 9          r 10          r 11          r 12          r 13          r 14          r 15          r 16          r 17          r 18          r 19          r 20          r 21          r 22          r 23          r 24          r 25          r 26          r 27          r 28          r 29          r 30          r 31          r 32          r 33          r 34          r 35          r 36          r 37          r 38          r 39          r 40          r 41          r 42          r 43          r 44          r 45          r 46          r 47          r 48          r 49           ln lk          grad status 
   0           0.1 0.00949112334        -20000         0.208           0.1            20 0.84903134906 0.74011976047 0.71377245508 0.60056357872 0.65642831983 0.71356111306 0.51680169073 0.53765410355 0.77632969355 0.66333215921 0.80986262768 0.69601972525 0.72095808383 0.55054596688 0.72927087002 0.79401197604 0.68094399436 0.82853117294 0.76505811905 0.90982740401 0.82916519901 0.88305741458 1.19873194786 1.03909827404 1.13744276153 0.96054948925 1.13420218386 1.17470940472 1.02923564635 1.15963367382 1.33680873547 1.41113067981 1.30059880239 1.10707995773 1.67129270870 1.77245508982 1.45093342726 1.38471292708 2.02324762240 1.94096512856 1.93208876364 2.85656921451 2.65642831983 2.74216273335 3.10123282846 4.49637196195 5.93110250088             1 -3828.310811097 51.2687126742   -2 
 454 0.00704441693 0.00810003189 -240.07737090 0.26133181117 0.00015869854 0.63022497433 0.87611293588 0.77732674534 0.77233220804 0.70856592293 0.69965673802 0.71968001884 0.62773713103 0.67348136945 0.70892070022 0.67944978608 0.80694305858 0.79976711997 0.75385250047 0.61179745158 0.74177732094 0.74585534525 0.75545723210 0.83890637734 0.80554376026 0.89659284330 0.82399662275 0.79914172463 1.05542521884 0.88394489911 0.95574016784 0.82930608426 0.93688811546 1.03056953731 0.88052847998 0.90179288956 1.06324051869 1.08845342098 1.14698311066 1.05530415388 1.31730307589 1.46852982267 1.26367630610 1.23523208398 1.58323648830 1.51209226093 1.47867686183 2.16251477755 2.24056400430 2.19104350525 2.25170767458 3.23763976475 3.41672219430 3.92775772602 -354.9416392365 0.00150614523   -8 
-- Local optimization: reached maximum number of likelihood evaluations allowed.
---- Best joint likelihood found -354.941639236541050 with gradient 0.00151

---- Results for RevisionsPolyDFE10/express3_-0.575736924373584_PolyDFE.input 
--  Model: C
--        eps_an     theta_bar             a 
-- 0.00704441693 0.00810003189            -1 
--           S_d             b           p_b           S_b 
-- -240.07737090 0.26133181117 0.00015869854 0.63022497433 
--           r 2           r 3           r 4           r 5           r 6           r 7           r 8           r 9          r 10          r 11          r 12          r 13          r 14          r 15          r 16          r 17          r 18          r 19          r 20          r 21          r 22          r 23          r 24          r 25          r 26          r 27          r 28          r 29          r 30          r 31          r 32          r 33          r 34          r 35          r 36          r 37          r 38          r 39          r 40          r 41          r 42          r 43          r 44          r 45          r 46          r 47          r 48          r 49 
-- 0.87611293588 0.77732674534 0.77233220804 0.70856592293 0.69965673802 0.71968001884 0.62773713103 0.67348136945 0.70892070022 0.67944978608 0.80694305858 0.79976711997 0.75385250047 0.61179745158 0.74177732094 0.74585534525 0.75545723210 0.83890637734 0.80554376026 0.89659284330 0.82399662275 0.79914172463 1.05542521884 0.88394489911 0.95574016784 0.82930608426 0.93688811546 1.03056953731 0.88052847998 0.90179288956 1.06324051869 1.08845342098 1.14698311066 1.05530415388 1.31730307589 1.46852982267 1.26367630610 1.23523208398 1.58323648830 1.51209226093 1.47867686183 2.16251477755 2.24056400430 2.19104350525 2.25170767458 3.23763976475 3.41672219430 3.92775772602 

---- Expected P_neut(i), 0 < i < n (neutral SFS per site) 
E[P_neut(1)] = 0.0080475457
E[P_neut(2)] = 0.0035273375
E[P_neut(3)] = 0.0020879364
E[P_neut(4)] = 0.0015557547
E[P_neut(5)] = 0.0011425734
E[P_neut(6)] = 0.0009407922
E[P_neut(7)] = 0.0008297791
E[P_neut(8)] = 0.0006331179
E[P_neut(9)] = 0.0006039701
E[P_neut(10)] = 0.0005724414
E[P_neut(11)] = 0.0004986068
E[P_neut(12)] = 0.0005427492
E[P_neut(13)] = 0.0004970727
E[P_neut(14)] = 0.0004351747
E[P_neut(15)] = 0.0003297651
E[P_neut(16)] = 0.0003748058
E[P_neut(17)] = 0.0003547581
E[P_neut(18)] = 0.0003394582
E[P_neut(19)] = 0.0003567810
E[P_neut(20)] = 0.0003256231
E[P_neut(21)] = 0.0003454216
E[P_neut(22)] = 0.0003031539
E[P_neut(23)] = 0.0002812080
E[P_neut(24)] = 0.0003557956
E[P_neut(25)] = 0.0002863993
E[P_neut(26)] = 0.0002981628
E[P_neut(27)] = 0.0002490228
E[P_neut(28)] = 0.0002712573
E[P_neut(29)] = 0.0002882583
E[P_neut(30)] = 0.0002383671
E[P_neut(31)] = 0.0002364902
E[P_neut(32)] = 0.0002696327
E[P_neut(33)] = 0.0002677883
E[P_neut(34)] = 0.0002739734
E[P_neut(35)] = 0.0002448353
E[P_neut(36)] = 0.0002973789
E[P_neut(37)] = 0.0003227359
E[P_neut(38)] = 0.0002713031
E[P_neut(39)] = 0.0002582665
E[P_neut(40)] = 0.0003223933
E[P_neut(41)] = 0.0003008971
E[P_neut(42)] = 0.0002876430
E[P_neut(43)] = 0.0004103559
E[P_neut(44)] = 0.0004162172
E[P_neut(45)] = 0.0003996973
E[P_neut(46)] = 0.0004047221
E[P_neut(47)] = 0.0005688325
E[P_neut(48)] = 0.0005975080
E[P_neut(49)] = 0.0007017711

---- Expected P_sel(i), 0 < i < n (selected SFS per site) 
E[P_sel(1)] = 0.0043606350
E[P_sel(2)] = 0.0015147951
E[P_sel(3)] = 0.0007920295
E[P_sel(4)] = 0.0005440406
E[P_sel(5)] = 0.0003762047
E[P_sel(6)] = 0.0002954243
E[P_sel(7)] = 0.0002506360
E[P_sel(8)] = 0.0001850859
E[P_sel(9)] = 0.0001716124
E[P_sel(10)] = 0.0001586254
E[P_sel(11)] = 0.0001351350
E[P_sel(12)] = 0.0001441782
E[P_sel(13)] = 0.0001296244
E[P_sel(14)] = 0.0001115929
E[P_sel(15)] = 0.0000832593
E[P_sel(16)] = 0.0000932845
E[P_sel(17)] = 0.0000871189
E[P_sel(18)] = 0.0000823202
E[P_sel(19)] = 0.0000855149
E[P_sel(20)] = 0.0000771789
E[P_sel(21)] = 0.0000810091
E[P_sel(22)] = 0.0000703878
E[P_sel(23)] = 0.0000646748
E[P_sel(24)] = 0.0000810912
E[P_sel(25)] = 0.0000647113
E[P_sel(26)] = 0.0000668153
E[P_sel(27)] = 0.0000553626
E[P_sel(28)] = 0.0000598484
E[P_sel(29)] = 0.0000631381
E[P_sel(30)] = 0.0000518498
E[P_sel(31)] = 0.0000511008
E[P_sel(32)] = 0.0000578714
E[P_sel(33)] = 0.0000571182
E[P_sel(34)] = 0.0000580860
E[P_sel(35)] = 0.0000516027
E[P_sel(36)] = 0.0000623335
E[P_sel(37)] = 0.0000672886
E[P_sel(38)] = 0.0000563200
E[P_sel(39)] = 0.0000533387
E[P_sel(40)] = 0.0000662373
E[P_sel(41)] = 0.0000615736
E[P_sel(42)] = 0.0000586399
E[P_sel(43)] = 0.0000832645
E[P_sel(44)] = 0.0000842084
E[P_sel(45)] = 0.0000808140
E[P_sel(46)] = 0.0000820623
E[P_sel(47)] = 0.0001151774
E[P_sel(48)] = 0.0001234593
E[P_sel(49)] = 0.0001573174

---- alpha_dfe = 0.001124

