---- Running command
---- ./polyDFE -d RevisionsPolyDFE10/express1_-2.0948272601904_PolyDFE.input -m C -i /home/jejames/ArabidopsisCrossGenome/model.txt 1 -e 
---- Performing inference using model C

---- Performing inference on RevisionsPolyDFE10/express1_-2.0948272601904_PolyDFE.input
----      with -i /home/jejames/ArabidopsisCrossGenome/model.txt 1
---- Data RevisionsPolyDFE10/express1_-2.0948272601904_PolyDFE.input does not contain divergence counts. Using option -w.
---- No mutation variability. Using Poisson likelihood.


---- Calculating initial values

-- Starting local optimization
-- Optimizing all parameters
  it        eps_an     theta_bar           S_d             b           p_b           S_b           r 2           r 3           r 4           r 5           r 6           r 7           r 8           r 9          r 10          r 11          r 12          r 13          r 14          r 15          r 16          r 17          r 18          r 19          r 20          r 21          r 22          r 23          r 24          r 25          r 26          r 27          r 28          r 29          r 30          r 31          r 32          r 33          r 34          r 35          r 36          r 37          r 38          r 39          r 40          r 41          r 42          r 43          r 44          r 45          r 46          r 47          r 48          r 49           ln lk          grad status 
   0           0.1 0.01016592629        -20000         0.208           0.1            20 0.82146301143 0.71972723515 0.75657804105 0.67123570739 0.65091610414 0.68948891031 0.68328970932 0.75134316021 0.57377049180 0.61144785783 0.69926987188 0.68501170960 0.61041465766 0.64781650365 0.69541259126 0.73185011709 0.67943242870 0.69885659181 0.88166414106 0.74493731919 0.65918170546 0.75409836065 0.82490701198 0.99876015980 0.73605179776 0.82573357211 0.91610414657 1.10862377737 0.99187215869 1.03774624603 0.99628047940 1.32972861275 1.12177985948 1.06798457087 1.62915002066 1.64382146301 1.29301556688 1.67357762777 1.92037470726 2.33833861413 1.96721311475 1.86595949855 2.47003719520 2.79274004683 3.02273040363 3.84274693483 6.30500068880             1 -4534.088844943 31.1412048846   -2 
 824 0.00372401430 0.00884141870 -47.016629137 0.35295694041 0.00010073266 0.31862666597 0.82022837689 0.76349773316 0.70146938546 0.67740327891 0.69387004547 0.72785664553 0.67637869698 0.74788919777 0.58130800915 0.67594323604 0.64221121620 0.68195374229 0.56412274626 0.67184160406 0.67722504078 0.69445537218 0.71294210229 0.62798052279 0.82794510033 0.71714294245 0.66979007305 0.68580718808 0.80981064408 0.81952779306 0.70637378453 0.70665039406 0.83547204957 0.86950258060 0.97436190171 0.90189739068 0.91527054776 1.00766693801 0.92938198464 0.90718010844 1.16826069548 1.25997970939 1.12337416526 1.40827196289 1.69763760675 1.75433535693 1.63186254557 1.52328411541 2.00232361885 2.09137421873 2.43468150989 2.81128934683 4.05979404479 4.27665837970 -336.5638721880 0.00007335244    0 
---- Best joint likelihood found -336.563872188087885 with gradient 0.00007

---- Results for RevisionsPolyDFE10/express1_-2.0948272601904_PolyDFE.input 
--  Model: C
--        eps_an     theta_bar             a 
-- 0.00372401430 0.00884141870            -1 
--           S_d             b           p_b           S_b 
-- -47.016629137 0.35295694041 0.00010073266 0.31862666597 
--           r 2           r 3           r 4           r 5           r 6           r 7           r 8           r 9          r 10          r 11          r 12          r 13          r 14          r 15          r 16          r 17          r 18          r 19          r 20          r 21          r 22          r 23          r 24          r 25          r 26          r 27          r 28          r 29          r 30          r 31          r 32          r 33          r 34          r 35          r 36          r 37          r 38          r 39          r 40          r 41          r 42          r 43          r 44          r 45          r 46          r 47          r 48          r 49 
-- 0.82022837689 0.76349773316 0.70146938546 0.67740327891 0.69387004547 0.72785664553 0.67637869698 0.74788919777 0.58130800915 0.67594323604 0.64221121620 0.68195374229 0.56412274626 0.67184160406 0.67722504078 0.69445537218 0.71294210229 0.62798052279 0.82794510033 0.71714294245 0.66979007305 0.68580718808 0.80981064408 0.81952779306 0.70637378453 0.70665039406 0.83547204957 0.86950258060 0.97436190171 0.90189739068 0.91527054776 1.00766693801 0.92938198464 0.90718010844 1.16826069548 1.25997970939 1.12337416526 1.40827196289 1.69763760675 1.75433535693 1.63186254557 1.52328411541 2.00232361885 2.09137421873 2.43468150989 2.81128934683 4.05979404479 4.27665837970 

---- Expected P_neut(i), 0 < i < n (neutral SFS per site) 
E[P_neut(1)] = 0.0088113668
E[P_neut(2)] = 0.0036152728
E[P_neut(3)] = 0.0022437243
E[P_neut(4)] = 0.0015464647
E[P_neut(5)] = 0.0011949106
E[P_neut(6)] = 0.0010201566
E[P_neut(7)] = 0.0009170693
E[P_neut(8)] = 0.0007460139
E[P_neut(9)] = 0.0007333840
E[P_neut(10)] = 0.0005134422
E[P_neut(11)] = 0.0005424654
E[P_neut(12)] = 0.0004723828
E[P_neut(13)] = 0.0004631970
E[P_neut(14)] = 0.0003560022
E[P_neut(15)] = 0.0003953809
E[P_neut(16)] = 0.0003737333
E[P_neut(17)] = 0.0003608351
E[P_neut(18)] = 0.0003498276
E[P_neut(19)] = 0.0002920928
E[P_neut(20)] = 0.0003657168
E[P_neut(21)] = 0.0003017943
E[P_neut(22)] = 0.0002691570
E[P_neut(23)] = 0.0002635108
E[P_neut(24)] = 0.0002981117
E[P_neut(25)] = 0.0002898315
E[P_neut(26)] = 0.0002404221
E[P_neut(27)] = 0.0002315197
E[P_neut(28)] = 0.0002638328
E[P_neut(29)] = 0.0002652281
E[P_neut(30)] = 0.0002874517
E[P_neut(31)] = 0.0002573578
E[P_neut(32)] = 0.0002532464
E[P_neut(33)] = 0.0002703155
E[P_neut(34)] = 0.0002421717
E[P_neut(35)] = 0.0002297859
E[P_neut(36)] = 0.0002871772
E[P_neut(37)] = 0.0003016873
E[P_neut(38)] = 0.0002621630
E[P_neut(39)] = 0.0003200939
E[P_neut(40)] = 0.0003757547
E[P_neut(41)] = 0.0003796398
E[P_neut(42)] = 0.0003450278
E[P_neut(43)] = 0.0003154663
E[P_neut(44)] = 0.0004046589
E[P_neut(45)] = 0.0004138353
E[P_neut(46)] = 0.0004719888
E[P_neut(47)] = 0.0005352566
E[P_neut(48)] = 0.0007585172
E[P_neut(49)] = 0.0008017198

---- Expected P_sel(i), 0 < i < n (selected SFS per site) 
E[P_sel(1)] = 0.0062339822
E[P_sel(2)] = 0.0020899650
E[P_sel(3)] = 0.0011363784
E[P_sel(4)] = 0.0007120161
E[P_sel(5)] = 0.0005112484
E[P_sel(6)] = 0.0004114034
E[P_sel(7)] = 0.0003520818
E[P_sel(8)] = 0.0002745487
E[P_sel(9)] = 0.0002601550
E[P_sel(10)] = 0.0001762689
E[P_sel(11)] = 0.0001809274
E[P_sel(12)] = 0.0001534675
E[P_sel(13)] = 0.0001468995
E[P_sel(14)] = 0.0001104251
E[P_sel(15)] = 0.0001201867
E[P_sel(16)] = 0.0001114661
E[P_sel(17)] = 0.0001057227
E[P_sel(18)] = 0.0001008107
E[P_sel(19)] = 0.0000828607
E[P_sel(20)] = 0.0001022305
E[P_sel(21)] = 0.0000831875
E[P_sel(22)] = 0.0000732107
E[P_sel(23)] = 0.0000707761
E[P_sel(24)] = 0.0000791096
E[P_sel(25)] = 0.0000760295
E[P_sel(26)] = 0.0000623769
E[P_sel(27)] = 0.0000594343
E[P_sel(28)] = 0.0000670420
E[P_sel(29)] = 0.0000667422
E[P_sel(30)] = 0.0000716600
E[P_sel(31)] = 0.0000635726
E[P_sel(32)] = 0.0000620199
E[P_sel(33)] = 0.0000656396
E[P_sel(34)] = 0.0000583365
E[P_sel(35)] = 0.0000549269
E[P_sel(36)] = 0.0000680855
E[P_sel(37)] = 0.0000710214
E[P_sel(38)] = 0.0000612989
E[P_sel(39)] = 0.0000743154
E[P_sel(40)] = 0.0000866020
E[P_sel(41)] = 0.0000870267
E[P_sel(42)] = 0.0000786454
E[P_sel(43)] = 0.0000716245
E[P_sel(44)] = 0.0000912816
E[P_sel(45)] = 0.0000929931
E[P_sel(46)] = 0.0001057593
E[P_sel(47)] = 0.0001200673
E[P_sel(48)] = 0.0001706298
E[P_sel(49)] = 0.0001903592

---- alpha_dfe = 0.000551

