---- Running command
---- ./polyDFE -d RevisionsPolyDFE10/express8_0.704782347565955_PolyDFE.input -m C -i /home/jejames/ArabidopsisCrossGenome/model.txt 1 -e 
---- Performing inference using model C

---- Performing inference on RevisionsPolyDFE10/express8_0.704782347565955_PolyDFE.input
----      with -i /home/jejames/ArabidopsisCrossGenome/model.txt 1
---- Data RevisionsPolyDFE10/express8_0.704782347565955_PolyDFE.input does not contain divergence counts. Using option -w.
---- No mutation variability. Using Poisson likelihood.


---- Calculating initial values

-- Starting local optimization
-- Optimizing all parameters
  it        eps_an     theta_bar           S_d             b           p_b           S_b           r 2           r 3           r 4           r 5           r 6           r 7           r 8           r 9          r 10          r 11          r 12          r 13          r 14          r 15          r 16          r 17          r 18          r 19          r 20          r 21          r 22          r 23          r 24          r 25          r 26          r 27          r 28          r 29          r 30          r 31          r 32          r 33          r 34          r 35          r 36          r 37          r 38          r 39          r 40          r 41          r 42          r 43          r 44          r 45          r 46          r 47          r 48          r 49           ln lk          grad status 
   0           0.1 0.00977180535        -80000         0.208           0.1            20 0.81909109216 0.73363764516 0.71638584949 0.71390212794 0.64643888031 0.63388601731 0.66536886621 0.57454521044 0.63569846277 0.71920520910 0.61220379942 0.55152044035 0.66254950661 0.60012082969 0.66375780358 0.65389004497 0.64402228636 0.63898771564 0.69678458750 0.74572061488 0.76941666107 0.75035241995 0.73142243404 0.92300463180 0.84822447472 0.82285023830 0.69356246224 0.85849499899 0.86795999194 1.05920655165 1.02463583271 0.96804725783 1.00879371685 1.32509901322 1.41370745787 1.41075384305 1.32644156541 1.58649392495 1.40430959253 1.53849768409 2.11733906155 2.25434651272 2.49580452440 2.72773041551 3.24843928307 4.50218164731 5.24884204873             1 -3682.993159774 57.3108770122   -2 
 547 0.00000864486 0.00854858997 -1038.5780433 0.23805673499 0.00002874122 0.21229556104 0.79732053897 0.74989743840 0.75967152794 0.68700516741 0.70927598466 0.64311889854 0.68956063670 0.62304542051 0.68116979403 0.71119968295 0.67091204318 0.59371011915 0.64404548102 0.57636783322 0.61856988587 0.62707123862 0.64342261432 0.70804645693 0.74203204123 0.64738400646 0.72591574119 0.72261570198 0.68280213872 0.79976601778 0.72689050726 0.66381463886 0.52513217542 0.69711009434 0.70223297809 0.86879183145  0.8092931966 0.85993530370 0.81615165419 0.97838683074 1.02141179190 1.09158204897 1.17763201353 1.26683602950 1.14461461071 1.23430830705 1.56844695642 1.76348863373 2.04563880104 2.11209144936 2.22929646723 2.80944150893 3.22222519254 4.75468492676 -335.7645776093 0.00096813444   -8 
-- Local optimization: reached maximum number of likelihood evaluations allowed.
---- Best joint likelihood found -335.764577609318735 with gradient 0.00097

---- Results for RevisionsPolyDFE10/express8_0.704782347565955_PolyDFE.input 
--  Model: C
--        eps_an     theta_bar             a 
-- 0.00000864486 0.00854858997            -1 
--           S_d             b           p_b           S_b 
-- -1038.5780433 0.23805673499 0.00002874122 0.21229556104 
--           r 2           r 3           r 4           r 5           r 6           r 7           r 8           r 9          r 10          r 11          r 12          r 13          r 14          r 15          r 16          r 17          r 18          r 19          r 20          r 21          r 22          r 23          r 24          r 25          r 26          r 27          r 28          r 29          r 30          r 31          r 32          r 33          r 34          r 35          r 36          r 37          r 38          r 39          r 40          r 41          r 42          r 43          r 44          r 45          r 46          r 47          r 48          r 49 
-- 0.79732053897 0.74989743840 0.75967152794 0.68700516741 0.70927598466 0.64311889854 0.68956063670 0.62304542051 0.68116979403 0.71119968295 0.67091204318 0.59371011915 0.64404548102 0.57636783322 0.61856988587 0.62707123862 0.64342261432 0.70804645693 0.74203204123 0.64738400646 0.72591574119 0.72261570198 0.68280213872 0.79976601778 0.72689050726 0.66381463886 0.52513217542 0.69711009434 0.70223297809 0.86879183145  0.8092931966 0.85993530370 0.81615165419 0.97838683074 1.02141179190 1.09158204897 1.17763201353 1.26683602950 1.14461461071 1.23430830705 1.56844695642 1.76348863373 2.04563880104 2.11209144936 2.22929646723 2.80944150893 3.22222519254 4.75468492676 

---- Expected P_neut(i), 0 < i < n (neutral SFS per site) 
E[P_neut(1)] = 0.0085485232
E[P_neut(2)] = 0.0034079587
E[P_neut(3)] = 0.0021368412
E[P_neut(4)] = 0.0016235196
E[P_neut(5)] = 0.0011745784
E[P_neut(6)] = 0.0010105463
E[P_neut(7)] = 0.0007853905
E[P_neut(8)] = 0.0007368428
E[P_neut(9)] = 0.0005917926
E[P_neut(10)] = 0.0005823012
E[P_neut(11)] = 0.0005527026
E[P_neut(12)] = 0.0004779442
E[P_neut(13)] = 0.0003904130
E[P_neut(14)] = 0.0003932616
E[P_neut(15)] = 0.0003284747
E[P_neut(16)] = 0.0003304927
E[P_neut(17)] = 0.0003153271
E[P_neut(18)] = 0.0003055746
E[P_neut(19)] = 0.0003185677
E[P_neut(20)] = 0.0003171654
E[P_neut(21)] = 0.0002635338
E[P_neut(22)] = 0.0002820697
E[P_neut(23)] = 0.0002685797
E[P_neut(24)] = 0.0002432081
E[P_neut(25)] = 0.0002734749
E[P_neut(26)] = 0.0002389958
E[P_neut(27)] = 0.0002101738
E[P_neut(28)] = 0.0001603275
E[P_neut(29)] = 0.0002054939
E[P_neut(30)] = 0.0002001044
E[P_neut(31)] = 0.0002395796
E[P_neut(32)] = 0.0002161981
E[P_neut(33)] = 0.0002227655
E[P_neut(34)] = 0.0002052054
E[P_neut(35)] = 0.0002389673
E[P_neut(36)] = 0.0002425466
E[P_neut(37)] = 0.0002522036
E[P_neut(38)] = 0.0002649253
E[P_neut(39)] = 0.0002776860
E[P_neut(40)] = 0.0002446239
E[P_neut(41)] = 0.0002573589
E[P_neut(42)] = 0.0003192419
E[P_neut(43)] = 0.0003505931
E[P_neut(44)] = 0.0003974446
E[P_neut(45)] = 0.0004012379
E[P_neut(46)] = 0.0004143005
E[P_neut(47)] = 0.0005110090
E[P_neut(48)] = 0.0005738887
E[P_neut(49)] = 0.0008295739

---- Expected P_sel(i), 0 < i < n (selected SFS per site) 
E[P_sel(1)] = 0.0035162030
E[P_sel(2)] = 0.0011006273
E[P_sel(3)] = 0.0006134821
E[P_sel(4)] = 0.0004320839
E[P_sel(5)] = 0.0002957509
E[P_sel(6)] = 0.0002436279
E[P_sel(7)] = 0.0001827186
E[P_sel(8)] = 0.0001663371
E[P_sel(9)] = 0.0001301577
E[P_sel(10)] = 0.0001251678
E[P_sel(11)] = 0.0001164009
E[P_sel(12)] = 0.0000988173
E[P_sel(13)] = 0.0000793760
E[P_sel(14)] = 0.0000787334
E[P_sel(15)] = 0.0000648341
E[P_sel(16)] = 0.0000643768
E[P_sel(17)] = 0.0000606703
E[P_sel(18)] = 0.0000581187
E[P_sel(19)] = 0.0000599349
E[P_sel(20)] = 0.0000590618
E[P_sel(21)] = 0.0000485999
E[P_sel(22)] = 0.0000515402
E[P_sel(23)] = 0.0000486458
E[P_sel(24)] = 0.0000436824
E[P_sel(25)] = 0.0000487260
E[P_sel(26)] = 0.0000422566
E[P_sel(27)] = 0.0000368874
E[P_sel(28)] = 0.0000279399
E[P_sel(29)] = 0.0000355671
E[P_sel(30)] = 0.0000344068
E[P_sel(31)] = 0.0000409330
E[P_sel(32)] = 0.0000367117
E[P_sel(33)] = 0.0000376023
E[P_sel(34)] = 0.0000344390
E[P_sel(35)] = 0.0000398814
E[P_sel(36)] = 0.0000402594
E[P_sel(37)] = 0.0000416420
E[P_sel(38)] = 0.0000435186
E[P_sel(39)] = 0.0000453874
E[P_sel(40)] = 0.0000397894
E[P_sel(41)] = 0.0000416628
E[P_sel(42)] = 0.0000514423
E[P_sel(43)] = 0.0000562397
E[P_sel(44)] = 0.0000634749
E[P_sel(45)] = 0.0000638054
E[P_sel(46)] = 0.0000656061
E[P_sel(47)] = 0.0000805880
E[P_sel(48)] = 0.0000901423
E[P_sel(49)] = 0.0001298016

---- alpha_dfe = 0.000206

