---- Running command
---- ./polyDFE -d RevisionsPolyDFE10/express10_1.42089477270782_PolyDFE.input -m C -i /home/jejames/ArabidopsisCrossGenome/model.txt 1 -e 
---- Performing inference using model C

---- Performing inference on RevisionsPolyDFE10/express10_1.42089477270782_PolyDFE.input
----      with -i /home/jejames/ArabidopsisCrossGenome/model.txt 1
---- Data RevisionsPolyDFE10/express10_1.42089477270782_PolyDFE.input does not contain divergence counts. Using option -w.
---- No mutation variability. Using Poisson likelihood.


---- Calculating initial values

-- Starting local optimization
-- Optimizing all parameters
  it        eps_an     theta_bar           S_d             b           p_b           S_b           r 2           r 3           r 4           r 5           r 6           r 7           r 8           r 9          r 10          r 11          r 12          r 13          r 14          r 15          r 16          r 17          r 18          r 19          r 20          r 21          r 22          r 23          r 24          r 25          r 26          r 27          r 28          r 29          r 30          r 31          r 32          r 33          r 34          r 35          r 36          r 37          r 38          r 39          r 40          r 41          r 42          r 43          r 44          r 45          r 46          r 47          r 48          r 49           ln lk          grad status 
   0           0.1 0.01036388972        -20000         0.406           0.1            20 0.87969924812 0.72932330827 0.72799646174 0.76072534276 0.64484741264 0.77915376676 0.74008550788 0.75762936753 0.61034940291 0.69327731092 0.74214949137 0.68708536046 0.83591331269 0.84918177797 0.77723721067 0.66290726817 0.90358248562 0.92997198879 0.82854194309 0.80650154798 0.81571575998 0.80193129883 0.87218045112 1.17941913607 0.83753501400 0.82994250331 1.08771929824 0.78881026094 1.27819548872 1.22482677281 1.24782544596 1.46196373286 1.63157894736 1.94014447884 1.51260504201 1.67190033908 1.87955182072 2.11300309597 1.92245319180 2.53265516733 2.52321981424 2.75762936753 2.08226448474 3.23750552852 3.73330384785 4.71870853604 6.02565236620             1 -3804.092343700 50.5221232559   -2 
 290 0.00062417998 0.00905438798 -1050.3556096 0.28531607964 0.00009083406 0.34054543975 0.87767949208 0.77088952506 0.71461981258 0.75786292641 0.68090348762 0.77814532394 0.71968813284 0.74019192990 0.65149580752 0.64109056423 0.70579929809 0.68169433210 0.85919517452 0.89619522235 0.72455679555 0.78128511817 0.83920163780 0.85055057754 0.89953755027 0.70915965537 0.77391505652 0.77314963506 0.80979270291 0.97500656182 0.68182230673 0.78018071354 0.88432405383 0.75488925150 1.07030854501 1.01420375654 1.24568498597 1.25886594080 1.34501940643 1.55720068343 1.19157731814 1.27677181702 1.58370413450 1.71539701204 1.56664834739 2.10250344830 1.81960357947 2.01967555736 1.79331982794 2.52393020399 2.97669705829 3.61547440924 3.71157264666 4.71413075283 -333.1663001890 0.00104851874   -8 
-- Local optimization: reached maximum number of likelihood evaluations allowed.
---- Best joint likelihood found -333.166300189066646 with gradient 0.00105

---- Results for RevisionsPolyDFE10/express10_1.42089477270782_PolyDFE.input 
--  Model: C
--        eps_an     theta_bar             a 
-- 0.00062417998 0.00905438798            -1 
--           S_d             b           p_b           S_b 
-- -1050.3556096 0.28531607964 0.00009083406 0.34054543975 
--           r 2           r 3           r 4           r 5           r 6           r 7           r 8           r 9          r 10          r 11          r 12          r 13          r 14          r 15          r 16          r 17          r 18          r 19          r 20          r 21          r 22          r 23          r 24          r 25          r 26          r 27          r 28          r 29          r 30          r 31          r 32          r 33          r 34          r 35          r 36          r 37          r 38          r 39          r 40          r 41          r 42          r 43          r 44          r 45          r 46          r 47          r 48          r 49 
-- 0.87767949208 0.77088952506 0.71461981258 0.75786292641 0.68090348762 0.77814532394 0.71968813284 0.74019192990 0.65149580752 0.64109056423 0.70579929809 0.68169433210 0.85919517452 0.89619522235 0.72455679555 0.78128511817 0.83920163780 0.85055057754 0.89953755027 0.70915965537 0.77391505652 0.77314963506 0.80979270291 0.97500656182 0.68182230673 0.78018071354 0.88432405383 0.75488925150 1.07030854501 1.01420375654 1.24568498597 1.25886594080 1.34501940643 1.55720068343 1.19157731814 1.27677181702 1.58370413450 1.71539701204 1.56664834739 2.10250344830 1.81960357947 2.01967555736 1.79331982794 2.52393020399 2.97669705829 3.61547440924 3.71157264666 4.71413075283 

---- Expected P_neut(i), 0 < i < n (neutral SFS per site) 
E[P_neut(1)] = 0.0090492801
E[P_neut(2)] = 0.0039713822
E[P_neut(3)] = 0.0023256268
E[P_neut(4)] = 0.0016169673
E[P_neut(5)] = 0.0013718574
E[P_neut(6)] = 0.0010271164
E[P_neut(7)] = 0.0010061557
E[P_neut(8)] = 0.0008142784
E[P_neut(9)] = 0.0007444900
E[P_neut(10)] = 0.0005897427
E[P_neut(11)] = 0.0005276176
E[P_neut(12)] = 0.0005324515
E[P_neut(13)] = 0.0004746929
E[P_neut(14)] = 0.0005555178
E[P_neut(15)] = 0.0005408804
E[P_neut(16)] = 0.0004099938
E[P_neut(17)] = 0.0004160770
E[P_neut(18)] = 0.0004220930
E[P_neut(19)] = 0.0004052590
E[P_neut(20)] = 0.0004071855
E[P_neut(21)] = 0.0003057185
E[P_neut(22)] = 0.0003184946
E[P_neut(23)] = 0.0003043384
E[P_neut(24)] = 0.0003054649
E[P_neut(25)] = 0.0003531235
E[P_neut(26)] = 0.0002374842
E[P_neut(27)] = 0.0002616585
E[P_neut(28)] = 0.0002859851
E[P_neut(29)] = 0.0002357355
E[P_neut(30)] = 0.0003230855
E[P_neut(31)] = 0.0002962937
E[P_neut(32)] = 0.0003525096
E[P_neut(33)] = 0.0003454460
E[P_neut(34)] = 0.0003582185
E[P_neut(35)] = 0.0004029290
E[P_neut(36)] = 0.0002998543
E[P_neut(37)] = 0.0003125442
E[P_neut(38)] = 0.0003774514
E[P_neut(39)] = 0.0003983339
E[P_neut(40)] = 0.0003547729
E[P_neut(41)] = 0.0004644892
E[P_neut(42)] = 0.0003925349
E[P_neut(43)] = 0.0004256402
E[P_neut(44)] = 0.0003694431
E[P_neut(45)] = 0.0005083762
E[P_neut(46)] = 0.0005865607
E[P_neut(47)] = 0.0006975262
E[P_neut(48)] = 0.0007021685
E[P_neut(49)] = 0.0008762011

---- Expected P_sel(i), 0 < i < n (selected SFS per site) 
E[P_sel(1)] = 0.0032937376
E[P_sel(2)] = 0.0010782980
E[P_sel(3)] = 0.0005474414
E[P_sel(4)] = 0.0003472801
E[P_sel(5)] = 0.0002755718
E[P_sel(6)] = 0.0001957912
E[P_sel(7)] = 0.0001837367
E[P_sel(8)] = 0.0001434018
E[P_sel(9)] = 0.0001270644
E[P_sel(10)] = 0.0000979190
E[P_sel(11)] = 0.0000854769
E[P_sel(12)] = 0.0000843723
E[P_sel(13)] = 0.0000737208
E[P_sel(14)] = 0.0000846960
E[P_sel(15)] = 0.0000810688
E[P_sel(16)] = 0.0000604859
E[P_sel(17)] = 0.0000604845
E[P_sel(18)] = 0.0000605165
E[P_sel(19)] = 0.0000573527
E[P_sel(20)] = 0.0000569221
E[P_sel(21)] = 0.0000422438
E[P_sel(22)] = 0.0000435261
E[P_sel(23)] = 0.0000411570
E[P_sel(24)] = 0.0000408975
E[P_sel(25)] = 0.0000468275
E[P_sel(26)] = 0.0000312051
E[P_sel(27)] = 0.0000340802
E[P_sel(28)] = 0.0000369347
E[P_sel(29)] = 0.0000301983
E[P_sel(30)] = 0.0000410644
E[P_sel(31)] = 0.0000373752
E[P_sel(32)] = 0.0000441413
E[P_sel(33)] = 0.0000429514
E[P_sel(34)] = 0.0000442346
E[P_sel(35)] = 0.0000494270
E[P_sel(36)] = 0.0000365492
E[P_sel(37)] = 0.0000378562
E[P_sel(38)] = 0.0000454395
E[P_sel(39)] = 0.0000476694
E[P_sel(40)] = 0.0000422158
E[P_sel(41)] = 0.0000549617
E[P_sel(42)] = 0.0000462015
E[P_sel(43)] = 0.0000498384
E[P_sel(44)] = 0.0000430437
E[P_sel(45)] = 0.0000589353
E[P_sel(46)] = 0.0000676757
E[P_sel(47)] = 0.0000801410
E[P_sel(48)] = 0.0000805027
E[P_sel(49)] = 0.0001009146

---- alpha_dfe = 0.000960

