---- Running command
---- ./polyDFE -d RevisionsPolyDFE10/express2_-1.22192042048981_PolyDFE.input -m C -i /home/jejames/ArabidopsisCrossGenome/model.txt 1 -e 
---- Performing inference using model C

---- Performing inference on RevisionsPolyDFE10/express2_-1.22192042048981_PolyDFE.input
----      with -i /home/jejames/ArabidopsisCrossGenome/model.txt 1
---- Data RevisionsPolyDFE10/express2_-1.22192042048981_PolyDFE.input does not contain divergence counts. Using option -w.
---- No mutation variability. Using Poisson likelihood.


---- Calculating initial values

-- Starting local optimization
-- Optimizing all parameters
  it        eps_an     theta_bar           S_d             b           p_b           S_b           r 2           r 3           r 4           r 5           r 6           r 7           r 8           r 9          r 10          r 11          r 12          r 13          r 14          r 15          r 16          r 17          r 18          r 19          r 20          r 21          r 22          r 23          r 24          r 25          r 26          r 27          r 28          r 29          r 30          r 31          r 32          r 33          r 34          r 35          r 36          r 37          r 38          r 39          r 40          r 41          r 42          r 43          r 44          r 45          r 46          r 47          r 48          r 49           ln lk          grad status 
   0           0.1 0.00980018990        -20000         0.208           0.1            20 0.81826407739 0.77448319064 0.74225656017 0.70787220714 0.59845479223 0.61683023595 0.60806013781 0.62330340363 0.74058606528 0.70362636597 0.74337022342 0.70125983155 0.75422844017 0.58780538734 0.69158488202 0.73480893714 0.58258509083 0.72471636388 0.51785341407 0.85800793485 0.91111575137 0.76202408296 0.71998329505 0.92225238393 0.93923574859 0.98475673418 0.92573258161 0.97494257673 0.81019001879 0.97529059650 1.12479988863 1.44476926289 1.29922739611 1.23512215493 1.41825015660 1.68685181318 1.50762163290 1.60430152432 1.93777406556 2.04043989698 1.83587387763 2.25669938052 2.50212292058 3.21361453330 3.31064244449 4.51778381012 5.68636458550             1 -3934.408348484 41.8504917193   -2 
 491 0.00812301603 0.00851941532 -135.46040975 0.28533319707 0.00007119449 0.35995646007 0.81451528613 0.80936453858 0.76009849548 0.75100066232 0.63078847966 0.65178701163 0.65545763566 0.66108027337 0.69969641832 0.65603297019 0.67063448825 0.71960202753 0.70723765838 0.65244351678 0.68313101640 0.71115008629 0.59864294793 0.71632958259 0.63920776162 0.82694484485 0.87075406522 0.77494928879 0.76904286067 0.87341471289 0.75990912988 0.85126654115 0.92903411773 0.85681495549 0.75906243046 0.86448514103 1.02919997505 1.06284655131 0.96774077183 0.96529785757 1.12148280276 1.38178634021 1.27502150785 1.20957325514 1.57907039290 1.54101310642 1.59129416857 1.69978663817 1.85351191633 2.22028191196 2.62646396245 2.88085187277 3.51163443591 4.51364380606 -342.9325039903 0.00009911824    0 
---- Best joint likelihood found -342.932503990326268 with gradient 0.00010

---- Results for RevisionsPolyDFE10/express2_-1.22192042048981_PolyDFE.input 
--  Model: C
--        eps_an     theta_bar             a 
-- 0.00812301603 0.00851941532            -1 
--           S_d             b           p_b           S_b 
-- -135.46040975 0.28533319707 0.00007119449 0.35995646007 
--           r 2           r 3           r 4           r 5           r 6           r 7           r 8           r 9          r 10          r 11          r 12          r 13          r 14          r 15          r 16          r 17          r 18          r 19          r 20          r 21          r 22          r 23          r 24          r 25          r 26          r 27          r 28          r 29          r 30          r 31          r 32          r 33          r 34          r 35          r 36          r 37          r 38          r 39          r 40          r 41          r 42          r 43          r 44          r 45          r 46          r 47          r 48          r 49 
-- 0.81451528613 0.80936453858 0.76009849548 0.75100066232 0.63078847966 0.65178701163 0.65545763566 0.66108027337 0.69969641832 0.65603297019 0.67063448825 0.71960202753 0.70723765838 0.65244351678 0.68313101640 0.71115008629 0.59864294793 0.71632958259 0.63920776162 0.82694484485 0.87075406522 0.77494928879 0.76904286067 0.87341471289 0.75990912988 0.85126654115 0.92903411773 0.85681495549 0.75906243046 0.86448514103 1.02919997505 1.06284655131 0.96774077183 0.96529785757 1.12148280276 1.38178634021 1.27502150785 1.20957325514 1.57907039290 1.54101310642 1.59129416857 1.69978663817 1.85351191633 2.22028191196 2.62646396245 2.88085187277 3.51163443591 4.51364380606 

---- Expected P_neut(i), 0 < i < n (neutral SFS per site) 
E[P_neut(1)] = 0.0084565867
E[P_neut(2)] = 0.0034464763
E[P_neut(3)] = 0.0022840091
E[P_neut(4)] = 0.0016096997
E[P_neut(5)] = 0.0012726374
E[P_neut(6)] = 0.0008912979
E[P_neut(7)] = 0.0007895554
E[P_neut(8)] = 0.0006949665
E[P_neut(9)] = 0.0006232975
E[P_neut(10)] = 0.0005939902
E[P_neut(11)] = 0.0005061116
E[P_neut(12)] = 0.0004745723
E[P_neut(13)] = 0.0004703375
E[P_neut(14)] = 0.0004290350
E[P_neut(15)] = 0.0003694610
E[P_neut(16)] = 0.0003627574
E[P_neut(17)] = 0.0003557212
E[P_neut(18)] = 0.0002832624
E[P_neut(19)] = 0.0003205160
E[P_neut(20)] = 0.0002718230
E[P_neut(21)] = 0.0003347998
E[P_neut(22)] = 0.0003367533
E[P_neut(23)] = 0.0002868986
E[P_neut(24)] = 0.0002727966
E[P_neut(25)] = 0.0002976393
E[P_neut(26)] = 0.0002491942
E[P_neut(27)] = 0.0002687533
E[P_neut(28)] = 0.0002831153
E[P_neut(29)] = 0.0002523895
E[P_neut(30)] = 0.0002160197
E[P_neut(31)] = 0.0002382569
E[P_neut(32)] = 0.0002740815
E[P_neut(33)] = 0.0002750549
E[P_neut(34)] = 0.0002434728
E[P_neut(35)] = 0.0002360664
E[P_neut(36)] = 0.0002667395
E[P_neut(37)] = 0.0003194087
E[P_neut(38)] = 0.0002873991
E[P_neut(39)] = 0.0002662080
E[P_neut(40)] = 0.0003384291
E[P_neut(41)] = 0.0003226902
E[P_neut(42)] = 0.0003258312
E[P_neut(43)] = 0.0003404799
E[P_neut(44)] = 0.0003632429
E[P_neut(45)] = 0.0004273244
E[P_neut(46)] = 0.0004956325
E[P_neut(47)] = 0.0005366236
E[P_neut(48)] = 0.0006463931
E[P_neut(49)] = 0.0008475961

---- Expected P_sel(i), 0 < i < n (selected SFS per site) 
E[P_sel(1)] = 0.0050326508
E[P_sel(2)] = 0.0016312800
E[P_sel(3)] = 0.0009497932
E[P_sel(4)] = 0.0006135602
E[P_sel(5)] = 0.0004547591
E[P_sel(6)] = 0.0003026092
E[P_sel(7)] = 0.0002570435
E[P_sel(8)] = 0.0002183300
E[P_sel(9)] = 0.0001898579
E[P_sel(10)] = 0.0001760732
E[P_sel(11)] = 0.0001464540
E[P_sel(12)] = 0.0001343421
E[P_sel(13)] = 0.0001305084
E[P_sel(14)] = 0.0001169112
E[P_sel(15)] = 0.0000989959
E[P_sel(16)] = 0.0000956897
E[P_sel(17)] = 0.0000924659
E[P_sel(18)] = 0.0000726194
E[P_sel(19)] = 0.0000811416
E[P_sel(20)] = 0.0000679839
E[P_sel(21)] = 0.0000827831
E[P_sel(22)] = 0.0000823621
E[P_sel(23)] = 0.0000694451
E[P_sel(24)] = 0.0000653850
E[P_sel(25)] = 0.0000706712
E[P_sel(26)] = 0.0000586394
E[P_sel(27)] = 0.0000626993
E[P_sel(28)] = 0.0000655097
E[P_sel(29)] = 0.0000579437
E[P_sel(30)] = 0.0000492152
E[P_sel(31)] = 0.0000538888
E[P_sel(32)] = 0.0000615324
E[P_sel(33)] = 0.0000613496
E[P_sel(34)] = 0.0000539652
E[P_sel(35)] = 0.0000520006
E[P_sel(36)] = 0.0000584055
E[P_sel(37)] = 0.0000695070
E[P_sel(38)] = 0.0000622145
E[P_sel(39)] = 0.0000573554
E[P_sel(40)] = 0.0000725073
E[P_sel(41)] = 0.0000688354
E[P_sel(42)] = 0.0000692377
E[P_sel(43)] = 0.0000721012
E[P_sel(44)] = 0.0000766800
E[P_sel(45)] = 0.0000901898
E[P_sel(46)] = 0.0001045851
E[P_sel(47)] = 0.0001141360
E[P_sel(48)] = 0.0001396969
E[P_sel(49)] = 0.0001995428

---- alpha_dfe = 0.000424

