---- Running command
---- ./polyDFE -d RevisionsPolyDFE10/express9_0.944897126032871_PolyDFE.input -m C -i /home/jejames/ArabidopsisCrossGenome/model.txt 1 -e 
---- Performing inference using model C

---- Performing inference on RevisionsPolyDFE10/express9_0.944897126032871_PolyDFE.input
----      with -i /home/jejames/ArabidopsisCrossGenome/model.txt 1
---- Data RevisionsPolyDFE10/express9_0.944897126032871_PolyDFE.input does not contain divergence counts. Using option -w.
---- No mutation variability. Using Poisson likelihood.


---- Calculating initial values

-- Starting local optimization
-- Optimizing all parameters
  it        eps_an     theta_bar           S_d             b           p_b           S_b           r 2           r 3           r 4           r 5           r 6           r 7           r 8           r 9          r 10          r 11          r 12          r 13          r 14          r 15          r 16          r 17          r 18          r 19          r 20          r 21          r 22          r 23          r 24          r 25          r 26          r 27          r 28          r 29          r 30          r 31          r 32          r 33          r 34          r 35          r 36          r 37          r 38          r 39          r 40          r 41          r 42          r 43          r 44          r 45          r 46          r 47          r 48          r 49           ln lk          grad status 
   0           0.1 0.00985876766        -20000         0.406           0.1            20 0.77983373558 0.65788415124 0.70555108608 0.68315902386 0.60096540627 0.68141592920 0.58192544918 0.62148028962 0.63220702601 0.72492625368 0.79243765084 0.67544918208 0.60163582729 0.69288012872 0.67578439259 0.64963797264 0.58286403861 0.78848216680 0.61276481630 0.74899436846 0.54572271386 0.81878519710 0.70635559131 0.98887101099 0.75127379994 0.83085277554 0.99490480021 0.90989541432 1.03177795655 0.77105122016 0.91606328774 1.08407079646 1.25368731563 1.22251273799 1.18020917135 1.62476535264 1.38844194153 1.79625905068 1.73504961115 2.17149369804 2.26669348350 2.61759184768 2.37758112094 2.96259050683 2.71078037007 4.28218020917 4.96862429605             1 -3774.375338270 40.6323788443   -2 
 350 0.00022552678 0.00854327902 -987.19337801 0.26390222681 0.00023199938 0.33723928752 0.78843836264 0.69919199855 0.69938417228 0.70740450756 0.66463944580 0.69731145428 0.61368623635 0.74628200899 0.62203769124 0.68370681781 0.73134317346 0.61019553332 0.58886574461 0.64599489867 0.62326219082 0.60087940062 0.58809269016 0.69914180139 0.63794556841 0.71114861066 0.64344614904 0.80218829797 0.76021394116 0.80424839441 0.71391109300 0.74378071774 0.85727243300 0.95553079848 0.91275559706 0.65503995096 0.79754202502 0.92466030250 1.07110823116 1.03864669957 1.01594905710 1.41375412237 1.16416977257 1.37681208957 1.35359610731 1.83222330075 1.83190136465 1.99523117966 1.95963989669 2.07759791659 2.12635545382 2.88965504911 2.93394021885 4.19683887198 -334.6191688758 0.00876583197   -8 
-- Local optimization: reached maximum number of likelihood evaluations allowed.
---- Best joint likelihood found -334.619168875866308 with gradient 0.00877

---- Results for RevisionsPolyDFE10/express9_0.944897126032871_PolyDFE.input 
--  Model: C
--        eps_an     theta_bar             a 
-- 0.00022552678 0.00854327902            -1 
--           S_d             b           p_b           S_b 
-- -987.19337801 0.26390222681 0.00023199938 0.33723928752 
--           r 2           r 3           r 4           r 5           r 6           r 7           r 8           r 9          r 10          r 11          r 12          r 13          r 14          r 15          r 16          r 17          r 18          r 19          r 20          r 21          r 22          r 23          r 24          r 25          r 26          r 27          r 28          r 29          r 30          r 31          r 32          r 33          r 34          r 35          r 36          r 37          r 38          r 39          r 40          r 41          r 42          r 43          r 44          r 45          r 46          r 47          r 48          r 49 
-- 0.78843836264 0.69919199855 0.69938417228 0.70740450756 0.66463944580 0.69731145428 0.61368623635 0.74628200899 0.62203769124 0.68370681781 0.73134317346 0.61019553332 0.58886574461 0.64599489867 0.62326219082 0.60087940062 0.58809269016 0.69914180139 0.63794556841 0.71114861066 0.64344614904 0.80218829797 0.76021394116 0.80424839441 0.71391109300 0.74378071774 0.85727243300 0.95553079848 0.91275559706 0.65503995096 0.79754202502 0.92466030250 1.07110823116 1.03864669957 1.01594905710 1.41375412237 1.16416977257 1.37681208957 1.35359610731 1.83222330075 1.83190136465 1.99523117966 1.95963989669 2.07759791659 2.12635545382 2.88965504911 2.93394021885 4.19683887198 

---- Expected P_neut(i), 0 < i < n (neutral SFS per site) 
E[P_neut(1)] = 0.0085415173
E[P_neut(2)] = 0.0033672827
E[P_neut(3)] = 0.0019908002
E[P_neut(4)] = 0.0014935107
E[P_neut(5)] = 0.0012085272
E[P_neut(6)] = 0.0009462391
E[P_neut(7)] = 0.0008509441
E[P_neut(8)] = 0.0006552978
E[P_neut(9)] = 0.0007083369
E[P_neut(10)] = 0.0005313695
E[P_neut(11)] = 0.0005309572
E[P_neut(12)] = 0.0005206140
E[P_neut(13)] = 0.0004009886
E[P_neut(14)] = 0.0003593194
E[P_neut(15)] = 0.0003679018
E[P_neut(16)] = 0.0003327796
E[P_neut(17)] = 0.0003019553
E[P_neut(18)] = 0.0002791095
E[P_neut(19)] = 0.0003143363
E[P_neut(20)] = 0.0002725045
E[P_neut(21)] = 0.0002893097
E[P_neut(22)] = 0.0002498726
E[P_neut(23)] = 0.0002979562
E[P_neut(24)] = 0.0002706052
E[P_neut(25)] = 0.0002748367
E[P_neut(26)] = 0.0002345905
E[P_neut(27)] = 0.0002353595
E[P_neut(28)] = 0.0002615658
E[P_neut(29)] = 0.0002814971
E[P_neut(30)] = 0.0002599337
E[P_neut(31)] = 0.0001805524
E[P_neut(32)] = 0.0002129407
E[P_neut(33)] = 0.0002393969
E[P_neut(34)] = 0.0002691548
E[P_neut(35)] = 0.0002535529
E[P_neut(36)] = 0.0002411249
E[P_neut(37)] = 0.0003264518
E[P_neut(38)] = 0.0002617907
E[P_neut(39)] = 0.0003016540
E[P_neut(40)] = 0.0002891584
E[P_neut(41)] = 0.0003818589
E[P_neut(42)] = 0.0003726934
E[P_neut(43)] = 0.0003965169
E[P_neut(44)] = 0.0003806219
E[P_neut(45)] = 0.0003946169
E[P_neut(46)] = 0.0003951619
E[P_neut(47)] = 0.0005255887
E[P_neut(48)] = 0.0005228391
E[P_neut(49)] = 0.0007334916

---- Expected P_sel(i), 0 < i < n (selected SFS per site) 
E[P_sel(1)] = 0.0033286257
E[P_sel(2)] = 0.0010031442
E[P_sel(3)] = 0.0005201955
E[P_sel(4)] = 0.0003586871
E[P_sel(5)] = 0.0002729006
E[P_sel(6)] = 0.0002036000
E[P_sel(7)] = 0.0001759924
E[P_sel(8)] = 0.0001310715
E[P_sel(9)] = 0.0001376444
E[P_sel(10)] = 0.0001006642
E[P_sel(11)] = 0.0000983316
E[P_sel(12)] = 0.0000944659
E[P_sel(13)] = 0.0000714180
E[P_sel(14)] = 0.0000629147
E[P_sel(15)] = 0.0000634111
E[P_sel(16)] = 0.0000565250
E[P_sel(17)] = 0.0000505946
E[P_sel(18)] = 0.0000461728
E[P_sel(19)] = 0.0000513791
E[P_sel(20)] = 0.0000440386
E[P_sel(21)] = 0.0000462546
E[P_sel(22)] = 0.0000395439
E[P_sel(23)] = 0.0000466977
E[P_sel(24)] = 0.0000420197
E[P_sel(25)] = 0.0000423001
E[P_sel(26)] = 0.0000358006
E[P_sel(27)] = 0.0000356265
E[P_sel(28)] = 0.0000392843
E[P_sel(29)] = 0.0000419601
E[P_sel(30)] = 0.0000384652
E[P_sel(31)] = 0.0000265318
E[P_sel(32)] = 0.0000310793
E[P_sel(33)] = 0.0000347120
E[P_sel(34)] = 0.0000387794
E[P_sel(35)] = 0.0000363073
E[P_sel(36)] = 0.0000343217
E[P_sel(37)] = 0.0000461971
E[P_sel(38)] = 0.0000368398
E[P_sel(39)] = 0.0000422161
E[P_sel(40)] = 0.0000402517
E[P_sel(41)] = 0.0000528796
E[P_sel(42)] = 0.0000513484
E[P_sel(43)] = 0.0000543632
E[P_sel(44)] = 0.0000519350
E[P_sel(45)] = 0.0000535967
E[P_sel(46)] = 0.0000534331
E[P_sel(47)] = 0.0000707573
E[P_sel(48)] = 0.0000701433
E[P_sel(49)] = 0.0000982970

---- alpha_dfe = 0.002083

