---- Running command
---- ./polyDFE -d /home/jejames/ArabidopsisCrossGenome/PolyDFE10/fpkm10polcounts8_778705.247912646_PolyDFE.input -m C -i /home/jejames/ArabidopsisCrossGenome/model.txt 1 -e 
---- Performing inference using model C

---- Performing inference on /home/jejames/ArabidopsisCrossGenome/PolyDFE10/fpkm10polcounts8_778705.247912646_PolyDFE.input
----      with -i /home/jejames/ArabidopsisCrossGenome/model.txt 1
---- Data /home/jejames/ArabidopsisCrossGenome/PolyDFE10/fpkm10polcounts8_778705.247912646_PolyDFE.input does not contain divergence counts. Using option -w.
---- No mutation variability. Using Poisson likelihood.


---- Calculating initial values

-- Starting local optimization
-- Optimizing all parameters
  it        eps_an     theta_bar           S_d             b           p_b           S_b           r 2           r 3           r 4           r 5           r 6           r 7           r 8           r 9          r 10          r 11          r 12          r 13          r 14          r 15          r 16          r 17          r 18          r 19          r 20          r 21          r 22          r 23          r 24          r 25          r 26          r 27          r 28          r 29          r 30          r 31          r 32          r 33          r 34          r 35          r 36          r 37          r 38          r 39          r 40          r 41          r 42          r 43          r 44          r 45          r 46          r 47          r 48          r 49           ln lk          grad status 
   0           0.1 0.00933126581        -20000         0.406           0.1            20 0.78996940428 0.70622112904 0.61863339132 0.68720379146 0.58383826264 0.58959745635 0.54280400743 0.60687503749 0.59091727158 0.67640530325 0.50752894594 0.61533385326 0.70634111224 0.63171156038 0.69494270802 0.45077689123 0.62523246745 0.69416281720 0.64191013258 0.65510828484 0.54904313396 0.78511008458 0.61911332413 0.79488871557 0.67070610114 0.64952906593 0.91379206911 0.76549283100 0.89087527746 0.82014517967 0.78900953866 1.06509088727 1.21566980622 1.17163597096 1.31525586417 1.20085188073 1.33361329413 1.36870838082 1.49979002939 2.05627212190 1.86201931729 2.05339252504 2.21201031855 2.53494510768 3.09628651988 3.93616893634 5.22934789129             1 -3967.700539200 40.9354417196   -2 
 741 0.00031398636 0.00819913478 -1376.0366343 0.24056519562 0.00007854863 0.22039969796 0.78754372913 0.70946700652 0.60562814945 0.66341855516 0.67023095109 0.61554545520 0.52746922549 0.65528816608 0.58769510483 0.65593490350 0.55816523735 0.57830778190 0.63139316197 0.66269771923 0.64775486531 0.45265087571 0.56485149212 0.62845957548 0.67070341831 0.55000844493 0.55783087077 0.71554365146 0.62056947419 0.75945155775 0.63554238240 0.60179060075 0.70654005755 0.70593685779 0.67439424627 0.60881711239 0.74378636464 0.89720736175 0.97058543878 0.97858571639 0.98529175605 1.03901505265 1.08173444048 1.13785328805 1.19562148958 1.47064002851 1.37090674868 1.67568885228 1.80463252265 1.84844709685 2.35080728132 2.60738188913 3.09524887741 4.65219078261 -335.2100327353 0.00040472502   -8 
-- Local optimization: reached maximum number of likelihood evaluations allowed.
---- Best joint likelihood found -335.210032735386335 with gradient 0.00040

---- Results for /home/jejames/ArabidopsisCrossGenome/PolyDFE10/fpkm10polcounts8_778705.247912646_PolyDFE.input 
--  Model: C
--        eps_an     theta_bar             a 
-- 0.00031398636 0.00819913478            -1 
--           S_d             b           p_b           S_b 
-- -1376.0366343 0.24056519562 0.00007854863 0.22039969796 
--           r 2           r 3           r 4           r 5           r 6           r 7           r 8           r 9          r 10          r 11          r 12          r 13          r 14          r 15          r 16          r 17          r 18          r 19          r 20          r 21          r 22          r 23          r 24          r 25          r 26          r 27          r 28          r 29          r 30          r 31          r 32          r 33          r 34          r 35          r 36          r 37          r 38          r 39          r 40          r 41          r 42          r 43          r 44          r 45          r 46          r 47          r 48          r 49 
-- 0.78754372913 0.70946700652 0.60562814945 0.66341855516 0.67023095109 0.61554545520 0.52746922549 0.65528816608 0.58769510483 0.65593490350 0.55816523735 0.57830778190 0.63139316197 0.66269771923 0.64775486531 0.45265087571 0.56485149212 0.62845957548 0.67070341831 0.55000844493 0.55783087077 0.71554365146 0.62056947419 0.75945155775 0.63554238240 0.60179060075 0.70654005755 0.70593685779 0.67439424627 0.60881711239 0.74378636464 0.89720736175 0.97058543878 0.97858571639 0.98529175605 1.03901505265 1.08173444048 1.13785328805 1.19562148958 1.47064002851 1.37090674868 1.67568885228 1.80463252265 1.84844709685 2.35080728132 2.60738188913 3.09524887741 4.65219078261 

---- Expected P_neut(i), 0 < i < n (neutral SFS per site) 
E[P_neut(1)] = 0.0081968048
E[P_neut(2)] = 0.0032277409
E[P_neut(3)] = 0.0019385392
E[P_neut(4)] = 0.0012411485
E[P_neut(5)] = 0.0010876558
E[P_neut(6)] = 0.0009157037
E[P_neut(7)] = 0.0007208654
E[P_neut(8)] = 0.0005405132
E[P_neut(9)] = 0.0005968822
E[P_neut(10)] = 0.0004817848
E[P_neut(11)] = 0.0004888397
E[P_neut(12)] = 0.0003813262
E[P_neut(13)] = 0.0003646980
E[P_neut(14)] = 0.0003697313
E[P_neut(15)] = 0.0003621948
E[P_neut(16)] = 0.0003319086
E[P_neut(17)] = 0.0002183159
E[P_neut(18)] = 0.0002572731
E[P_neut(19)] = 0.0002711667
E[P_neut(20)] = 0.0002749309
E[P_neut(21)] = 0.0002147378
E[P_neut(22)] = 0.0002078965
E[P_neut(23)] = 0.0002550572
E[P_neut(24)] = 0.0002120019
E[P_neut(25)] = 0.0002490738
E[P_neut(26)] = 0.0002004228
E[P_neut(27)] = 0.0001827695
E[P_neut(28)] = 0.0002068938
E[P_neut(29)] = 0.0001995934
E[P_neut(30)] = 0.0001843434
E[P_neut(31)] = 0.0001610595
E[P_neut(32)] = 0.0001905961
E[P_neut(33)] = 0.0002229175
E[P_neut(34)] = 0.0002340884
E[P_neut(35)] = 0.0002292862
E[P_neut(36)] = 0.0002244495
E[P_neut(37)] = 0.0002302861
E[P_neut(38)] = 0.0002334487
E[P_neut(39)] = 0.0002392941
E[P_neut(40)] = 0.0002451509
E[P_neut(41)] = 0.0002941921
E[P_neut(42)] = 0.0002677107
E[P_neut(43)] = 0.0003196423
E[P_neut(44)] = 0.0003364644
E[P_neut(45)] = 0.0003370284
E[P_neut(46)] = 0.0004192710
E[P_neut(47)] = 0.0004553229
E[P_neut(48)] = 0.0005295636
E[P_neut(49)] = 0.0007807777

---- Expected P_sel(i), 0 < i < n (selected SFS per site) 
E[P_sel(1)] = 0.0031440503
E[P_sel(2)] = 0.0009660828
E[P_sel(3)] = 0.0005148974
E[P_sel(4)] = 0.0003053035
E[P_sel(5)] = 0.0002529592
E[P_sel(6)] = 0.0002038086
E[P_sel(7)] = 0.0001547648
E[P_sel(8)] = 0.0001125631
E[P_sel(9)] = 0.0001210715
E[P_sel(10)] = 0.0000954869
E[P_sel(11)] = 0.0000949038
E[P_sel(12)] = 0.0000726636
E[P_sel(13)] = 0.0000683261
E[P_sel(14)] = 0.0000681998
E[P_sel(15)] = 0.0000658566
E[P_sel(16)] = 0.0000595499
E[P_sel(17)] = 0.0000386844
E[P_sel(18)] = 0.0000450591
E[P_sel(19)] = 0.0000469741
E[P_sel(20)] = 0.0000471349
E[P_sel(21)] = 0.0000364554
E[P_sel(22)] = 0.0000349665
E[P_sel(23)] = 0.0000425196
E[P_sel(24)] = 0.0000350438
E[P_sel(25)] = 0.0000408395
E[P_sel(26)] = 0.0000326084
E[P_sel(27)] = 0.0000295156
E[P_sel(28)] = 0.0000331729
E[P_sel(29)] = 0.0000317825
E[P_sel(30)] = 0.0000291599
E[P_sel(31)] = 0.0000253139
E[P_sel(32)] = 0.0000297706
E[P_sel(33)] = 0.0000346101
E[P_sel(34)] = 0.0000361344
E[P_sel(35)] = 0.0000351944
E[P_sel(36)] = 0.0000342640
E[P_sel(37)] = 0.0000349684
E[P_sel(38)] = 0.0000352660
E[P_sel(39)] = 0.0000359690
E[P_sel(40)] = 0.0000366692
E[P_sel(41)] = 0.0000437957
E[P_sel(42)] = 0.0000396688
E[P_sel(43)] = 0.0000471515
E[P_sel(44)] = 0.0000494183
E[P_sel(45)] = 0.0000492940
E[P_sel(46)] = 0.0000610651
E[P_sel(47)] = 0.0000660717
E[P_sel(48)] = 0.0000766044
E[P_sel(49)] = 0.0001128810

---- alpha_dfe = 0.000616

