---- Running command
---- ./polyDFE -d /home/jejames/ArabidopsisCrossGenome/PolyDFE10/fpkm10polcounts10_6940169.75061756_PolyDFE.input -m C -i /home/jejames/ArabidopsisCrossGenome/model.txt 1 -e 
---- Performing inference using model C

---- Performing inference on /home/jejames/ArabidopsisCrossGenome/PolyDFE10/fpkm10polcounts10_6940169.75061756_PolyDFE.input
----      with -i /home/jejames/ArabidopsisCrossGenome/model.txt 1
---- Data /home/jejames/ArabidopsisCrossGenome/PolyDFE10/fpkm10polcounts10_6940169.75061756_PolyDFE.input does not contain divergence counts. Using option -w.
---- No mutation variability. Using Poisson likelihood.


---- Calculating initial values

-- Starting local optimization
-- Optimizing all parameters
  it        eps_an     theta_bar           S_d             b           p_b           S_b           r 2           r 3           r 4           r 5           r 6           r 7           r 8           r 9          r 10          r 11          r 12          r 13          r 14          r 15          r 16          r 17          r 18          r 19          r 20          r 21          r 22          r 23          r 24          r 25          r 26          r 27          r 28          r 29          r 30          r 31          r 32          r 33          r 34          r 35          r 36          r 37          r 38          r 39          r 40          r 41          r 42          r 43          r 44          r 45          r 46          r 47          r 48          r 49           ln lk          grad status 
   0           0.1 0.01014667189        -20000         0.406           0.1            20 0.84813793103 0.72496551724 0.76386206896 0.79379310344 0.62441379310 0.84048275862 0.80331034482 0.73427586206 0.73379310344 0.71158620689 0.84827586206 0.64013793103 0.81103448275 0.92068965517 0.80551724137 0.78551724137 0.88510344827 0.88710344827 0.91310344827 0.81103448275 0.82386206896 0.88510344827 0.93020689655 1.17241379310 1.03641379310 0.86027586206 1.24937931034           0.8 1.40275862068         1.054 1.27337931034 1.52482758620 1.52413793103 1.76206896551 1.29103448275 1.90358620689 1.53310344827 2.04951724137          1.92 2.28186206896 2.50262068965 2.81427586206 2.12717241379 3.22137931034 3.42937931034 4.71944827586 5.23365517241             1 -3977.100749394 63.0043445751   -2 
1176 0.00414718786 0.00904617113 -1717.8941840 0.29419135233 0.00001847042 0.22031903197 0.82614005829 0.74518688066 0.72670789088 0.76996633723 0.60712107186 0.78628997494 0.75066502460 0.74759617668 0.74251623413 0.63399564909 0.77395488443 0.62098155616 0.83734959035 0.81708292676 0.75276575254 0.81116558404 0.85599962764 0.84507411345 0.87605821538 0.82832271528 0.75985251975 0.90387461144 0.81488019694 0.92485213974 0.82197382845 0.80955133508 1.00935642662 0.79985132408 1.17571796409 0.93838588157 1.03933523102 1.23063696870 1.38817510376 1.32502052085 1.02097041403 1.60007367089 1.29590123499 1.58918356934 1.43731706260 1.90426042656 1.89694834341 2.11117323614 1.81573987547 2.28538565725 2.57351325651 3.32247286335 3.21060107650 4.37335736726 -327.5188019073 0.00024390697   -8 
-- Local optimization: reached maximum number of likelihood evaluations allowed.
---- Best joint likelihood found -327.518801907304692 with gradient 0.00024

---- Results for /home/jejames/ArabidopsisCrossGenome/PolyDFE10/fpkm10polcounts10_6940169.75061756_PolyDFE.input 
--  Model: C
--        eps_an     theta_bar             a 
-- 0.00414718786 0.00904617113            -1 
--           S_d             b           p_b           S_b 
-- -1717.8941840 0.29419135233 0.00001847042 0.22031903197 
--           r 2           r 3           r 4           r 5           r 6           r 7           r 8           r 9          r 10          r 11          r 12          r 13          r 14          r 15          r 16          r 17          r 18          r 19          r 20          r 21          r 22          r 23          r 24          r 25          r 26          r 27          r 28          r 29          r 30          r 31          r 32          r 33          r 34          r 35          r 36          r 37          r 38          r 39          r 40          r 41          r 42          r 43          r 44          r 45          r 46          r 47          r 48          r 49 
-- 0.82614005829 0.74518688066 0.72670789088 0.76996633723 0.60712107186 0.78628997494 0.75066502460 0.74759617668 0.74251623413 0.63399564909 0.77395488443 0.62098155616 0.83734959035 0.81708292676 0.75276575254 0.81116558404 0.85599962764 0.84507411345 0.87605821538 0.82832271528 0.75985251975 0.90387461144 0.81488019694 0.92485213974 0.82197382845 0.80955133508 1.00935642662 0.79985132408 1.17571796409 0.93838588157 1.03933523102 1.23063696870 1.38817510376 1.32502052085 1.02097041403 1.60007367089 1.29590123499 1.58918356934 1.43731706260 1.90426042656 1.89694834341 2.11117323614 1.81573987547 2.28538565725 2.57351325651 3.32247286335 3.21060107650 4.37335736726 

---- Expected P_neut(i), 0 < i < n (neutral SFS per site) 
E[P_neut(1)] = 0.0090120034
E[P_neut(2)] = 0.0037237147
E[P_neut(3)] = 0.0022403625
E[P_neut(4)] = 0.0016387640
E[P_neut(5)] = 0.0013891775
E[P_neut(6)] = 0.0009131055
E[P_neut(7)] = 0.0010137584
E[P_neut(8)] = 0.0008470047
E[P_neut(9)] = 0.0007500576
E[P_neut(10)] = 0.0006702553
E[P_neut(11)] = 0.0005207513
E[P_neut(12)] = 0.0005823038
E[P_neut(13)] = 0.0004319461
E[P_neut(14)] = 0.0005398778
E[P_neut(15)] = 0.0004921415
E[P_neut(16)] = 0.0004253697
E[P_neut(17)] = 0.0004312526
E[P_neut(18)] = 0.0004296299
E[P_neut(19)] = 0.0004018188
E[P_neut(20)] = 0.0003960756
E[P_neut(21)] = 0.0003563716
E[P_neut(22)] = 0.0003125001
E[P_neut(23)] = 0.0003551551
E[P_neut(24)] = 0.0003070600
E[P_neut(25)] = 0.0003346548
E[P_neut(26)] = 0.0002860768
E[P_neut(27)] = 0.0002715843
E[P_neut(28)] = 0.0003260438
E[P_neut(29)] = 0.0002499482
E[P_neut(30)] = 0.0003546979
E[P_neut(31)] = 0.0002743652
E[P_neut(32)] = 0.0002943782
E[P_neut(33)] = 0.0003377411
E[P_neut(34)] = 0.0003695765
E[P_neut(35)] = 0.0003430908
E[P_neut(36)] = 0.0002577319
E[P_neut(37)] = 0.0003913735
E[P_neut(38)] = 0.0003096388
E[P_neut(39)] = 0.0003692496
E[P_neut(40)] = 0.0003264930
E[P_neut(41)] = 0.0004215267
E[P_neut(42)] = 0.0004104001
E[P_neut(43)] = 0.0004465125
E[P_neut(44)] = 0.0003755546
E[P_neut(45)] = 0.0004632939
E[P_neut(46)] = 0.0005108135
E[P_neut(47)] = 0.0006461489
E[P_neut(48)] = 0.0006180634
E[P_neut(49)] = 0.0008415584

---- Expected P_sel(i), 0 < i < n (selected SFS per site) 
E[P_sel(1)] = 0.0028075592
E[P_sel(2)] = 0.0008493040
E[P_sel(3)] = 0.0004403140
E[P_sel(4)] = 0.0002928765
E[P_sel(5)] = 0.0002316600
E[P_sel(6)] = 0.0001442242
E[P_sel(7)] = 0.0001531731
E[P_sel(8)] = 0.0001232688
E[P_sel(9)] = 0.0001056765
E[P_sel(10)] = 0.0000917963
E[P_sel(11)] = 0.0000695197
E[P_sel(12)] = 0.0000759980
E[P_sel(13)] = 0.0000551967
E[P_sel(14)] = 0.0000677155
E[P_sel(15)] = 0.0000606429
E[P_sel(16)] = 0.0000515623
E[P_sel(17)] = 0.0000514909
E[P_sel(18)] = 0.0000505756
E[P_sel(19)] = 0.0000466730
E[P_sel(20)] = 0.0000454250
E[P_sel(21)] = 0.0000403890
E[P_sel(22)] = 0.0000350146
E[P_sel(23)] = 0.0000393695
E[P_sel(24)] = 0.0000336892
E[P_sel(25)] = 0.0000363579
E[P_sel(26)] = 0.0000307897
E[P_sel(27)] = 0.0000289689
E[P_sel(28)] = 0.0000344759
E[P_sel(29)] = 0.0000262143
E[P_sel(30)] = 0.0000368996
E[P_sel(31)] = 0.0000283279
E[P_sel(32)] = 0.0000301692
E[P_sel(33)] = 0.0000343611
E[P_sel(34)] = 0.0000373353
E[P_sel(35)] = 0.0000344358
E[P_sel(36)] = 0.0000257191
E[P_sel(37)] = 0.0000387666
E[P_sel(38)] = 0.0000305149
E[P_sel(39)] = 0.0000361517
E[P_sel(40)] = 0.0000318179
E[P_sel(41)] = 0.0000408362
E[P_sel(42)] = 0.0000395735
E[P_sel(43)] = 0.0000428633
E[P_sel(44)] = 0.0000358999
E[P_sel(45)] = 0.0000441776
E[P_sel(46)] = 0.0000485770
E[P_sel(47)] = 0.0000613703
E[P_sel(48)] = 0.0000595919
E[P_sel(49)] = 0.0000861277

---- alpha_dfe = 0.000225

