---- Running command
---- ./polyDFE -d /home/jejames/ArabidopsisCrossGenome/PolyDFE10/fpkm10polcounts9_1329375.41876628_PolyDFE.input -m C -i /home/jejames/ArabidopsisCrossGenome/model.txt 1 -e 
---- Performing inference using model C

---- Performing inference on /home/jejames/ArabidopsisCrossGenome/PolyDFE10/fpkm10polcounts9_1329375.41876628_PolyDFE.input
----      with -i /home/jejames/ArabidopsisCrossGenome/model.txt 1
---- Data /home/jejames/ArabidopsisCrossGenome/PolyDFE10/fpkm10polcounts9_1329375.41876628_PolyDFE.input does not contain divergence counts. Using option -w.
---- No mutation variability. Using Poisson likelihood.


---- Calculating initial values

-- Starting local optimization
-- Optimizing all parameters
  it        eps_an     theta_bar           S_d             b           p_b           S_b           r 2           r 3           r 4           r 5           r 6           r 7           r 8           r 9          r 10          r 11          r 12          r 13          r 14          r 15          r 16          r 17          r 18          r 19          r 20          r 21          r 22          r 23          r 24          r 25          r 26          r 27          r 28          r 29          r 30          r 31          r 32          r 33          r 34          r 35          r 36          r 37          r 38          r 39          r 40          r 41          r 42          r 43          r 44          r 45          r 46          r 47          r 48          r 49           ln lk          grad status 
   0           0.1 0.00974052581        -20000         0.406           0.1            20 0.78454055475 0.71618246352 0.76902852635 0.68949651636 0.66451952149 0.64736426975 0.69883002497 0.63947679768 0.66057578546 0.76133824109 0.68778756408 0.62120415406 0.74536611016 0.77593006441 0.62784277639 0.70507427369 0.81162087550 0.84047587748 0.70987248586 0.80886026028 0.89943473116 0.76192980149 0.87708689365 0.96950177468 0.75877481267 0.95122913106 1.02694886288 0.90350992506 1.06480872880 1.09418956224 1.37557512817 1.21250164322 1.10174838964 1.38720914946 1.53805705271 1.51511765479 1.61850926777 1.94051531484 2.11647167082 2.07236755619 2.32167740239 2.55218877349 2.67516760878 3.08202970947 3.40147232811 4.10253713684 5.90613908242             1 -4085.886227179 51.6896038162   -2 
 750 0.00002213393 0.00838430324 -1000.9849875 0.28156496033 0.00002675024 0.20457487014 0.80879859288 0.76225811346 0.78812048957 0.71117578184 0.76014146554 0.69101296437 0.72360007956 0.69800024617 0.65219510036 0.69772537008 0.70844204101 0.66196542002 0.72330745416 0.75846763190 0.61499084600 0.66349787024 0.75297932177 0.75641653778 0.66542271055 0.74122857971 0.86273934550 0.69656223898 0.87550537374 0.81990257404 0.69641080965 0.87067034357 0.81945291771 0.85124818128 0.87149979455 0.92709588028 1.22122323289 1.13375232621 0.98463884857 1.11213910680 1.30224171353 1.31221581354 1.39558529041 1.55875357690 1.61780651224 1.88954013413 1.73867296157 2.04057957985 2.00386607588 2.55725162902 2.83975725121 2.96286407866 3.72563475650 4.12390748541 -332.4591742789 0.00008106283    0 
---- Best joint likelihood found -332.459174278975183 with gradient 0.00008

---- Results for /home/jejames/ArabidopsisCrossGenome/PolyDFE10/fpkm10polcounts9_1329375.41876628_PolyDFE.input 
--  Model: C
--        eps_an     theta_bar             a 
-- 0.00002213393 0.00838430324            -1 
--           S_d             b           p_b           S_b 
-- -1000.9849875 0.28156496033 0.00002675024 0.20457487014 
--           r 2           r 3           r 4           r 5           r 6           r 7           r 8           r 9          r 10          r 11          r 12          r 13          r 14          r 15          r 16          r 17          r 18          r 19          r 20          r 21          r 22          r 23          r 24          r 25          r 26          r 27          r 28          r 29          r 30          r 31          r 32          r 33          r 34          r 35          r 36          r 37          r 38          r 39          r 40          r 41          r 42          r 43          r 44          r 45          r 46          r 47          r 48          r 49 
-- 0.80879859288 0.76225811346 0.78812048957 0.71117578184 0.76014146554 0.69101296437 0.72360007956 0.69800024617 0.65219510036 0.69772537008 0.70844204101 0.66196542002 0.72330745416 0.75846763190 0.61499084600 0.66349787024 0.75297932177 0.75641653778 0.66542271055 0.74122857971 0.86273934550 0.69656223898 0.87550537374 0.81990257404 0.69641080965 0.87067034357 0.81945291771 0.85124818128 0.87149979455 0.92709588028 1.22122323289 1.13375232621 0.98463884857 1.11213910680 1.30224171353 1.31221581354 1.39558529041 1.55875357690 1.61780651224 1.88954013413 1.73867296157 2.04057957985 2.00386607588 2.55725162902 2.83975725121 2.96286407866 3.72563475650 4.12390748541 

---- Expected P_neut(i), 0 < i < n (neutral SFS per site) 
E[P_neut(1)] = 0.0083841333
E[P_neut(2)] = 0.0033905457
E[P_neut(3)] = 0.0021302989
E[P_neut(4)] = 0.0016519352
E[P_neut(5)] = 0.0011925268
E[P_neut(6)] = 0.0010621944
E[P_neut(7)] = 0.0008276565
E[P_neut(8)] = 0.0007583512
E[P_neut(9)] = 0.0006502437
E[P_neut(10)] = 0.0005468156
E[P_neut(11)] = 0.0005318085
E[P_neut(12)] = 0.0004949786
E[P_neut(13)] = 0.0004269293
E[P_neut(14)] = 0.0004331706
E[P_neut(15)] = 0.0004239447
E[P_neut(16)] = 0.0003222651
E[P_neut(17)] = 0.0003272325
E[P_neut(18)] = 0.0003507330
E[P_neut(19)] = 0.0003337890
E[P_neut(20)] = 0.0002789545
E[P_neut(21)] = 0.0002959363
E[P_neut(22)] = 0.0003287922
E[P_neut(23)] = 0.0002539216
E[P_neut(24)] = 0.0003058525
E[P_neut(25)] = 0.0002749725
E[P_neut(26)] = 0.0002245756
E[P_neut(27)] = 0.0002703687
E[P_neut(28)] = 0.0002453783
E[P_neut(29)] = 0.0002461088
E[P_neut(30)] = 0.0002435647
E[P_neut(31)] = 0.0002507455
E[P_neut(32)] = 0.0003199727
E[P_neut(33)] = 0.0002880531
E[P_neut(34)] = 0.0002428109
E[P_neut(35)] = 0.0002664181
E[P_neut(36)] = 0.0003032915
E[P_neut(37)] = 0.0002973546
E[P_neut(38)] = 0.0003079255
E[P_neut(39)] = 0.0003351085
E[P_neut(40)] = 0.0003391091
E[P_neut(41)] = 0.0003864077
E[P_neut(42)] = 0.0003470939
E[P_neut(43)] = 0.0003978895
E[P_neut(44)] = 0.0003818564
E[P_neut(45)] = 0.0004764775
E[P_neut(46)] = 0.0005176205
E[P_neut(47)] = 0.0005285791
E[P_neut(48)] = 0.0006508284
E[P_neut(49)] = 0.0007058045

---- Expected P_sel(i), 0 < i < n (selected SFS per site) 
E[P_sel(1)] = 0.0031177049
E[P_sel(2)] = 0.0009452614
E[P_sel(3)] = 0.0005159956
E[P_sel(4)] = 0.0003655446
E[P_sel(5)] = 0.0002470340
E[P_sel(6)] = 0.0002089503
E[P_sel(7)] = 0.0001560624
E[P_sel(8)] = 0.0001379686
E[P_sel(9)] = 0.0001146982
E[P_sel(10)] = 0.0000938667
E[P_sel(11)] = 0.0000891039
E[P_sel(12)] = 0.0000811401
E[P_sel(13)] = 0.0000686070
E[P_sel(14)] = 0.0000683521
E[P_sel(15)] = 0.0000657797
E[P_sel(16)] = 0.0000492277
E[P_sel(17)] = 0.0000492630
E[P_sel(18)] = 0.0000520845
E[P_sel(19)] = 0.0000489354
E[P_sel(20)] = 0.0000404033
E[P_sel(21)] = 0.0000423734
E[P_sel(22)] = 0.0000465672
E[P_sel(23)] = 0.0000355918
E[P_sel(24)] = 0.0000424483
E[P_sel(25)] = 0.0000378027
E[P_sel(26)] = 0.0000305954
E[P_sel(27)] = 0.0000365147
E[P_sel(28)] = 0.0000328633
E[P_sel(29)] = 0.0000326966
E[P_sel(30)] = 0.0000321081
E[P_sel(31)] = 0.0000328076
E[P_sel(32)] = 0.0000415628
E[P_sel(33)] = 0.0000371549
E[P_sel(34)] = 0.0000311071
E[P_sel(35)] = 0.0000339072
E[P_sel(36)] = 0.0000383539
E[P_sel(37)] = 0.0000373700
E[P_sel(38)] = 0.0000384653
E[P_sel(39)] = 0.0000416154
E[P_sel(40)] = 0.0000418716
E[P_sel(41)] = 0.0000474461
E[P_sel(42)] = 0.0000423877
E[P_sel(43)] = 0.0000483333
E[P_sel(44)] = 0.0000461462
E[P_sel(45)] = 0.0000572896
E[P_sel(46)] = 0.0000619298
E[P_sel(47)] = 0.0000629370
E[P_sel(48)] = 0.0000771309
E[P_sel(49)] = 0.0000832926

---- alpha_dfe = 0.000254

