---- Running command
---- ./polyDFE -d /home/jejames/ArabidopsisCrossGenome/PolyDFE10/fpkm10polcounts2_6639.88412942795_PolyDFE.input -m C -i /home/jejames/ArabidopsisCrossGenome/model.txt 1 -e 
---- Performing inference using model C

---- Performing inference on /home/jejames/ArabidopsisCrossGenome/PolyDFE10/fpkm10polcounts2_6639.88412942795_PolyDFE.input
----      with -i /home/jejames/ArabidopsisCrossGenome/model.txt 1
---- Data /home/jejames/ArabidopsisCrossGenome/PolyDFE10/fpkm10polcounts2_6639.88412942795_PolyDFE.input does not contain divergence counts. Using option -w.
---- No mutation variability. Using Poisson likelihood.


---- Calculating initial values

-- Starting local optimization
-- Optimizing all parameters
  it        eps_an     theta_bar           S_d             b           p_b           S_b           r 2           r 3           r 4           r 5           r 6           r 7           r 8           r 9          r 10          r 11          r 12          r 13          r 14          r 15          r 16          r 17          r 18          r 19          r 20          r 21          r 22          r 23          r 24          r 25          r 26          r 27          r 28          r 29          r 30          r 31          r 32          r 33          r 34          r 35          r 36          r 37          r 38          r 39          r 40          r 41          r 42          r 43          r 44          r 45          r 46          r 47          r 48          r 49           ln lk          grad status 
   0           0.1 0.00994466758        -20000         0.208           0.1            20 0.84985537733 0.77721535629 0.69787010255 0.71752563765 0.78293452537 0.68150144622 0.72258743097 0.63660268209 0.78096239810 0.65369445174 0.79042860899 0.69136208256 0.72705758611 0.54332106231 0.63423612937 0.68728635287 0.59045490402 0.64074414935 0.61924796213 0.73027872732 0.76939258480 0.72423087036 0.85669208519 0.95319484617 0.96910333946 1.11997107546 0.86142519063 1.14574020510 1.10241914278 1.09433342098 0.86458059426 1.24737049697 1.22258743097 1.10209045490 1.68025243229 1.55909808046 1.34393899552 1.57927951617 2.24033657638 1.95135419405 2.11490928214 2.39988167236 2.84906652642 3.21555351038 3.04207204838 4.29154614777 6.10886142519             1 -4400.789820027 39.5319220077   -2 
1207 0.00754664200 0.00862765251 -95.810925359 0.29522697587 0.00005847152 0.31910002539 0.81983681959 0.80399634049 0.76977311849 0.78228419796 0.75837230154 0.76898650704 0.75996467875 0.69911584229 0.75740685391 0.68923404855 0.70106651419 0.71157452431 0.69450671749 0.58352500080 0.65328155065 0.65930559439 0.65085697888 0.65013183303 0.63980122944 0.78550852480 0.73791699964 0.68578053157 0.77984280959 0.86527973057 0.81665685985 0.82205728258 0.75173163094 0.98889874235 0.95094823058 0.95027535587 0.79833191114 0.92213779527 0.99251894938 0.93344271228 1.34173562076 1.32702343370 1.27546308895 1.31168916962 1.67900509888 1.40612028578 1.55025573027 1.83000485742 2.09538474100 2.39101858727 2.56285589953 2.78592522576 3.86063364018 4.25719804881 -354.4065941119 0.00034514237   -8 
-- Local optimization: reached maximum number of likelihood evaluations allowed.
---- Best joint likelihood found -354.406594111988227 with gradient 0.00035

---- Results for /home/jejames/ArabidopsisCrossGenome/PolyDFE10/fpkm10polcounts2_6639.88412942795_PolyDFE.input 
--  Model: C
--        eps_an     theta_bar             a 
-- 0.00754664200 0.00862765251            -1 
--           S_d             b           p_b           S_b 
-- -95.810925359 0.29522697587 0.00005847152 0.31910002539 
--           r 2           r 3           r 4           r 5           r 6           r 7           r 8           r 9          r 10          r 11          r 12          r 13          r 14          r 15          r 16          r 17          r 18          r 19          r 20          r 21          r 22          r 23          r 24          r 25          r 26          r 27          r 28          r 29          r 30          r 31          r 32          r 33          r 34          r 35          r 36          r 37          r 38          r 39          r 40          r 41          r 42          r 43          r 44          r 45          r 46          r 47          r 48          r 49 
-- 0.81983681959 0.80399634049 0.76977311849 0.78228419796 0.75837230154 0.76898650704 0.75996467875 0.69911584229 0.75740685391 0.68923404855 0.70106651419 0.71157452431 0.69450671749 0.58352500080 0.65328155065 0.65930559439 0.65085697888 0.65013183303 0.63980122944 0.78550852480 0.73791699964 0.68578053157 0.77984280959 0.86527973057 0.81665685985 0.82205728258 0.75173163094 0.98889874235 0.95094823058 0.95027535587 0.79833191114 0.92213779527 0.99251894938 0.93344271228 1.34173562076 1.32702343370 1.27546308895 1.31168916962 1.67900509888 1.40612028578 1.55025573027 1.83000485742 2.09538474100 2.39101858727 2.56285589953 2.78592522576 3.86063364018 4.25719804881 

---- Expected P_neut(i), 0 < i < n (neutral SFS per site) 
E[P_neut(1)] = 0.0085681996
E[P_neut(2)] = 0.0035151807
E[P_neut(3)] = 0.0022986104
E[P_neut(4)] = 0.0016514313
E[P_neut(5)] = 0.0013431279
E[P_neut(6)] = 0.0010853666
E[P_neut(7)] = 0.0009434109
E[P_neut(8)] = 0.0008158070
E[P_neut(9)] = 0.0006673673
E[P_neut(10)] = 0.0006512658
E[P_neut(11)] = 0.0005386986
E[P_neut(12)] = 0.0005024281
E[P_neut(13)] = 0.0004710188
E[P_neut(14)] = 0.0004271941
E[P_neut(15)] = 0.0003348336
E[P_neut(16)] = 0.0003515101
E[P_neut(17)] = 0.0003338978
E[P_neut(18)] = 0.0003112349
E[P_neut(19)] = 0.0002949844
E[P_neut(20)] = 0.0002759801
E[P_neut(21)] = 0.0003225036
E[P_neut(22)] = 0.0002889501
E[P_neut(23)] = 0.0002572878
E[P_neut(24)] = 0.0002802716
E[P_neut(25)] = 0.0002986133
E[P_neut(26)] = 0.0002710641
E[P_neut(27)] = 0.0002626414
E[P_neut(28)] = 0.0002320673
E[P_neut(29)] = 0.0002944178
E[P_neut(30)] = 0.0002735007
E[P_neut(31)] = 0.0002647045
E[P_neut(32)] = 0.0002159715
E[P_neut(33)] = 0.0002417931
E[P_neut(34)] = 0.0002526139
E[P_neut(35)] = 0.0002308941
E[P_neut(36)] = 0.0003223596
E[P_neut(37)] = 0.0003106637
E[P_neut(38)] = 0.0002912040
E[P_neut(39)] = 0.0002920641
E[P_neut(40)] = 0.0003643453
E[P_neut(41)] = 0.0002987154
E[P_neut(42)] = 0.0003222359
E[P_neut(43)] = 0.0003715595
E[P_neut(44)] = 0.0004159982
E[P_neut(45)] = 0.0004651468
E[P_neut(46)] = 0.0004895857
E[P_neut(47)] = 0.0005249941
E[P_neut(48)] = 0.0007153739
E[P_neut(49)] = 0.0008090372

---- Expected P_sel(i), 0 < i < n (selected SFS per site) 
E[P_sel(1)] = 0.0054331743
E[P_sel(2)] = 0.0017912441
E[P_sel(3)] = 0.0010300716
E[P_sel(4)] = 0.0006777677
E[P_sel(5)] = 0.0005161481
E[P_sel(6)] = 0.0003958961
E[P_sel(7)] = 0.0003296384
E[P_sel(8)] = 0.0002748422
E[P_sel(9)] = 0.0002178056
E[P_sel(10)] = 0.0002066560
E[P_sel(11)] = 0.0001667417
E[P_sel(12)] = 0.0001520493
E[P_sel(13)] = 0.0001396381
E[P_sel(14)] = 0.0001242731
E[P_sel(15)] = 0.0000957415
E[P_sel(16)] = 0.0000989019
E[P_sel(17)] = 0.0000925459
E[P_sel(18)] = 0.0000850617
E[P_sel(19)] = 0.0000795462
E[P_sel(20)] = 0.0000734942
E[P_sel(21)] = 0.0000848804
E[P_sel(22)] = 0.0000752055
E[P_sel(23)] = 0.0000662493
E[P_sel(24)] = 0.0000714389
E[P_sel(25)] = 0.0000753784
E[P_sel(26)] = 0.0000677917
E[P_sel(27)] = 0.0000651018
E[P_sel(28)] = 0.0000570399
E[P_sel(29)] = 0.0000717682
E[P_sel(30)] = 0.0000661397
E[P_sel(31)] = 0.0000635318
E[P_sel(32)] = 0.0000514748
E[P_sel(33)] = 0.0000572205
E[P_sel(34)] = 0.0000593767
E[P_sel(35)] = 0.0000539213
E[P_sel(36)] = 0.0000747875
E[P_sel(37)] = 0.0000716619
E[P_sel(38)] = 0.0000668126
E[P_sel(39)] = 0.0000666556
E[P_sel(40)] = 0.0000826915
E[P_sel(41)] = 0.0000675504
E[P_sel(42)] = 0.0000726075
E[P_sel(43)] = 0.0000833642
E[P_sel(44)] = 0.0000930013
E[P_sel(45)] = 0.0001038011
E[P_sel(46)] = 0.0001093408
E[P_sel(47)] = 0.0001181194
E[P_sel(48)] = 0.0001625293
E[P_sel(49)] = 0.0002013901

---- alpha_dfe = 0.000323

