---- Running command
---- ./polyDFE -d /home/jejames/ArabidopsisCrossGenome/PolyDFE10/fpkm10polcounts5_198011.752171591_PolyDFE.input -m C -i /home/jejames/ArabidopsisCrossGenome/model.txt 1 -e 
---- Performing inference using model C

---- Performing inference on /home/jejames/ArabidopsisCrossGenome/PolyDFE10/fpkm10polcounts5_198011.752171591_PolyDFE.input
----      with -i /home/jejames/ArabidopsisCrossGenome/model.txt 1
---- Data /home/jejames/ArabidopsisCrossGenome/PolyDFE10/fpkm10polcounts5_198011.752171591_PolyDFE.input does not contain divergence counts. Using option -w.
---- No mutation variability. Using Poisson likelihood.


---- Calculating initial values

-- Starting local optimization
-- Optimizing all parameters
  it        eps_an     theta_bar           S_d             b           p_b           S_b           r 2           r 3           r 4           r 5           r 6           r 7           r 8           r 9          r 10          r 11          r 12          r 13          r 14          r 15          r 16          r 17          r 18          r 19          r 20          r 21          r 22          r 23          r 24          r 25          r 26          r 27          r 28          r 29          r 30          r 31          r 32          r 33          r 34          r 35          r 36          r 37          r 38          r 39          r 40          r 41          r 42          r 43          r 44          r 45          r 46          r 47          r 48          r 49           ln lk          grad status 
   0           0.1 0.00922160372        -20000         0.208           0.1            20 0.75418353168 0.75357941158 0.61958557361 0.59475623754 0.64701262611 0.62755995891 0.57028937352 0.53772730018 0.56001933184 0.53361928351 0.65317465112 0.58823174047 0.59795807406 0.56636259288 0.67564791880 0.66139068446 0.64157554521 0.68525342838 0.65849090799 0.74089288950 0.68978432912 0.85869630882 0.88008216033 1.04210717090 0.91572524617 0.72095692623 0.86437503775 0.93904428200 0.91524195009 1.07309853198 0.98592400169 1.02869570470 1.25499909381 1.23693590285 1.31142391107 1.11985742765 1.35214160575 1.19452667190 1.40880807104 1.63722588050 1.97909744457 2.06778227511 2.29928109708 2.72125898628 3.21246903884 4.49187458466 4.92382045550             1 -3832.288002212 58.6624613351   -2 
1321 0.00005269933 0.00799845439 -466.31847381 0.23605818019 0.00002226839 0.17655410927 0.77976100201 0.74361395651 0.65850982326 0.64093269823 0.66555969173 0.63913740847 0.64081625113 0.53985632169 0.60471183507 0.54708638584 0.66229030064 0.51798366375 0.58092721540 0.57073336683 0.56975003956 0.52148922201 0.63404843826 0.62599626704 0.60714656601 0.65807363763 0.69257819443 0.77226381469 0.82265650527 0.93082763483 0.86864291074 0.75184245399 0.78238258136 0.80470645858 0.83510217154 0.89235083022 0.90536624898 0.85032630330 0.93772347000 1.00860805447 1.05060146947 0.90924062833 1.17010643280 1.03176587658 1.19023583948 1.25902040439 1.50375599333 1.75954749282 1.84331151248 2.31767259419 2.29133135654 3.08986532435 3.16081671084 3.89109196284 -334.8264170503 0.00008017758    0 
---- Best joint likelihood found -334.826417050352973 with gradient 0.00008

---- Results for /home/jejames/ArabidopsisCrossGenome/PolyDFE10/fpkm10polcounts5_198011.752171591_PolyDFE.input 
--  Model: C
--        eps_an     theta_bar             a 
-- 0.00005269933 0.00799845439            -1 
--           S_d             b           p_b           S_b 
-- -466.31847381 0.23605818019 0.00002226839 0.17655410927 
--           r 2           r 3           r 4           r 5           r 6           r 7           r 8           r 9          r 10          r 11          r 12          r 13          r 14          r 15          r 16          r 17          r 18          r 19          r 20          r 21          r 22          r 23          r 24          r 25          r 26          r 27          r 28          r 29          r 30          r 31          r 32          r 33          r 34          r 35          r 36          r 37          r 38          r 39          r 40          r 41          r 42          r 43          r 44          r 45          r 46          r 47          r 48          r 49 
-- 0.77976100201 0.74361395651 0.65850982326 0.64093269823 0.66555969173 0.63913740847 0.64081625113 0.53985632169 0.60471183507 0.54708638584 0.66229030064 0.51798366375 0.58092721540 0.57073336683 0.56975003956 0.52148922201 0.63404843826 0.62599626704 0.60714656601 0.65807363763 0.69257819443 0.77226381469 0.82265650527 0.93082763483 0.86864291074 0.75184245399 0.78238258136 0.80470645858 0.83510217154 0.89235083022 0.90536624898 0.85032630330 0.93772347000 1.00860805447 1.05060146947 0.90924062833 1.17010643280 1.03176587658 1.19023583948 1.25902040439 1.50375599333 1.75954749282 1.84331151248 2.31767259419 2.29133135654 3.08986532435 3.16081671084 3.89109196284 

---- Expected P_neut(i), 0 < i < n (neutral SFS per site) 
E[P_neut(1)] = 0.0079980663
E[P_neut(2)] = 0.0031183048
E[P_neut(3)] = 0.0019825107
E[P_neut(4)] = 0.0013167168
E[P_neut(5)] = 0.0010252619
E[P_neut(6)] = 0.0008872124
E[P_neut(7)] = 0.0007302804
E[P_neut(8)] = 0.0006406738
E[P_neut(9)] = 0.0004797672
E[P_neut(10)] = 0.0004836631
E[P_neut(11)] = 0.0003977943
E[P_neut(12)] = 0.0004414313
E[P_neut(13)] = 0.0003186912
E[P_neut(14)] = 0.0003318891
E[P_neut(15)] = 0.0003043284
E[P_neut(16)] = 0.0002848166
E[P_neut(17)] = 0.0002453572
E[P_neut(18)] = 0.0002817419
E[P_neut(19)] = 0.0002635247
E[P_neut(20)] = 0.0002428106
E[P_neut(21)] = 0.0002506448
E[P_neut(22)] = 0.0002517965
E[P_neut(23)] = 0.0002685592
E[P_neut(24)] = 0.0002741655
E[P_neut(25)] = 0.0002978073
E[P_neut(26)] = 0.0002672235
E[P_neut(27)] = 0.0002227275
E[P_neut(28)] = 0.0002234962
E[P_neut(29)] = 0.0002219466
E[P_neut(30)] = 0.0002226520
E[P_neut(31)] = 0.0002302413
E[P_neut(32)] = 0.0002263008
E[P_neut(33)] = 0.0002061020
E[P_neut(34)] = 0.0002206016
E[P_neut(35)] = 0.0002304983
E[P_neut(36)] = 0.0002334271
E[P_neut(37)] = 0.0001965610
E[P_neut(38)] = 0.0002463009
E[P_neut(39)] = 0.0002116132
E[P_neut(40)] = 0.0002380141
E[P_neut(41)] = 0.0002456274
E[P_neut(42)] = 0.0002863930
E[P_neut(43)] = 0.0003273157
E[P_neut(44)] = 0.0003351119
E[P_neut(45)] = 0.0004119834
E[P_neut(46)] = 0.0003984638
E[P_neut(47)] = 0.0005259097
E[P_neut(48)] = 0.0005268376
E[P_neut(49)] = 0.0006355456

---- Expected P_sel(i), 0 < i < n (selected SFS per site) 
E[P_sel(1)] = 0.0039283036
E[P_sel(2)] = 0.0012210102
E[P_sel(3)] = 0.0006921516
E[P_sel(4)] = 0.0004266995
E[P_sel(5)] = 0.0003145851
E[P_sel(6)] = 0.0002607943
E[P_sel(7)] = 0.0002072380
E[P_sel(8)] = 0.0001764743
E[P_sel(9)] = 0.0001287904
E[P_sel(10)] = 0.0001269246
E[P_sel(11)] = 0.0001022994
E[P_sel(12)] = 0.0001114677
E[P_sel(13)] = 0.0000791476
E[P_sel(14)] = 0.0000811780
E[P_sel(15)] = 0.0000733960
E[P_sel(16)] = 0.0000677977
E[P_sel(17)] = 0.0000576962
E[P_sel(18)] = 0.0000654984
E[P_sel(19)] = 0.0000606072
E[P_sel(20)] = 0.0000552783
E[P_sel(21)] = 0.0000565150
E[P_sel(22)] = 0.0000562577
E[P_sel(23)] = 0.0000594825
E[P_sel(24)] = 0.0000602215
E[P_sel(25)] = 0.0000648964
E[P_sel(26)] = 0.0000577898
E[P_sel(27)] = 0.0000478161
E[P_sel(28)] = 0.0000476449
E[P_sel(29)] = 0.0000469952
E[P_sel(30)] = 0.0000468376
E[P_sel(31)] = 0.0000481297
E[P_sel(32)] = 0.0000470184
E[P_sel(33)] = 0.0000425698
E[P_sel(34)] = 0.0000453049
E[P_sel(35)] = 0.0000470756
E[P_sel(36)] = 0.0000474178
E[P_sel(37)] = 0.0000397207
E[P_sel(38)] = 0.0000495196
E[P_sel(39)] = 0.0000423355
E[P_sel(40)] = 0.0000473884
E[P_sel(41)] = 0.0000486748
E[P_sel(42)] = 0.0000564940
E[P_sel(43)] = 0.0000642784
E[P_sel(44)] = 0.0000655235
E[P_sel(45)] = 0.0000802109
E[P_sel(46)] = 0.0000772585
E[P_sel(47)] = 0.0001015577
E[P_sel(48)] = 0.0001013472
E[P_sel(49)] = 0.0001218683

---- alpha_dfe = 0.000128

