---- Running command
---- ./polyDFE -d /home/jejames/ArabidopsisCrossGenome/PolyDFE10/fpkm10polcounts4_90518.4944738291_PolyDFE.input -m C -i /home/jejames/ArabidopsisCrossGenome/model.txt 1 -e 
---- Performing inference using model C

---- Performing inference on /home/jejames/ArabidopsisCrossGenome/PolyDFE10/fpkm10polcounts4_90518.4944738291_PolyDFE.input
----      with -i /home/jejames/ArabidopsisCrossGenome/model.txt 1
---- Data /home/jejames/ArabidopsisCrossGenome/PolyDFE10/fpkm10polcounts4_90518.4944738291_PolyDFE.input does not contain divergence counts. Using option -w.
---- No mutation variability. Using Poisson likelihood.


---- Calculating initial values

-- Starting local optimization
-- Optimizing all parameters
  it        eps_an     theta_bar           S_d             b           p_b           S_b           r 2           r 3           r 4           r 5           r 6           r 7           r 8           r 9          r 10          r 11          r 12          r 13          r 14          r 15          r 16          r 17          r 18          r 19          r 20          r 21          r 22          r 23          r 24          r 25          r 26          r 27          r 28          r 29          r 30          r 31          r 32          r 33          r 34          r 35          r 36          r 37          r 38          r 39          r 40          r 41          r 42          r 43          r 44          r 45          r 46          r 47          r 48          r 49           ln lk          grad status 
   0           0.1 0.00917943490        -20000         0.208           0.1            20 0.85864085501 0.78624722726 0.69234388653 0.59386973180 0.72393627747 0.71002218189 0.66357464542 0.57471264367 0.66747328090 0.78449956308 0.72030651341 0.69819183975 0.72178530617 0.80963904012 0.67217853061 0.88559521408 0.81427707199 0.82247765006 0.73401895543 0.95563621697 0.67876588021 0.88741009612 0.92599314377 1.10909457551 1.05908449284 0.95462794918 1.14996303018 1.11695906432 1.03649929421 1.24191705316 1.32714929085 1.27545876184 1.33696309739 1.38099079115 1.60435571687 1.56933521543 1.52490421455 1.96350070578 1.87403374336 1.95671170262 1.99314377898 2.71983598843 2.82449418565 3.33635813672 2.89103986018 4.71042548900 5.81730187537             1 -4081.012222308 51.6473875368   -2 
 563 0.00466237152 0.00804581449 -195.10937275 0.27224985667 0.00006517594 0.43296851556 0.82544354065 0.76723261453 0.73962452106 0.68972564726 0.71251146354 0.66594153708 0.69279477488 0.67267296709 0.63132955055 0.79698495322 0.72696257760 0.79565154689 0.73040217247 0.81959129024 0.70634693390 0.79082642635 0.80621945685 0.80642026102 0.72407907668 0.90185739555 0.71288967366 0.73564170472 0.87995614951 0.98084999036 0.87446755768 0.88776964526 1.01891941844 0.93270849066 0.94161297544 0.97551268246 1.03996654244 0.96232434288 1.15489948467 1.13562943049 1.27425230326 1.32323606994 1.20615935420 1.56148619259 1.64578502781 1.71445828869 1.62306193326 1.96834692775 1.96982418209 2.42008181601 2.25242436935 3.18448487775 3.38457050811 4.87990872663 -351.0630505781 0.00057644639   -8 
-- Local optimization: reached maximum number of likelihood evaluations allowed.
---- Best joint likelihood found -351.063050578107607 with gradient 0.00058

---- Results for /home/jejames/ArabidopsisCrossGenome/PolyDFE10/fpkm10polcounts4_90518.4944738291_PolyDFE.input 
--  Model: C
--        eps_an     theta_bar             a 
-- 0.00466237152 0.00804581449            -1 
--           S_d             b           p_b           S_b 
-- -195.10937275 0.27224985667 0.00006517594 0.43296851556 
--           r 2           r 3           r 4           r 5           r 6           r 7           r 8           r 9          r 10          r 11          r 12          r 13          r 14          r 15          r 16          r 17          r 18          r 19          r 20          r 21          r 22          r 23          r 24          r 25          r 26          r 27          r 28          r 29          r 30          r 31          r 32          r 33          r 34          r 35          r 36          r 37          r 38          r 39          r 40          r 41          r 42          r 43          r 44          r 45          r 46          r 47          r 48          r 49 
-- 0.82544354065 0.76723261453 0.73962452106 0.68972564726 0.71251146354 0.66594153708 0.69279477488 0.67267296709 0.63132955055 0.79698495322 0.72696257760 0.79565154689 0.73040217247 0.81959129024 0.70634693390 0.79082642635 0.80621945685 0.80642026102 0.72407907668 0.90185739555 0.71288967366 0.73564170472 0.87995614951 0.98084999036 0.87446755768 0.88776964526 1.01891941844 0.93270849066 0.94161297544 0.97551268246 1.03996654244 0.96232434288 1.15489948467 1.13562943049 1.27425230326 1.32323606994 1.20615935420 1.56148619259 1.64578502781 1.71445828869 1.62306193326 1.96834692775 1.96982418209 2.42008181601 2.25242436935 3.18448487775 3.38457050811 4.87990872663 

---- Expected P_neut(i), 0 < i < n (neutral SFS per site) 
E[P_neut(1)] = 0.0080120378
E[P_neut(2)] = 0.0033078456
E[P_neut(3)] = 0.0020506185
E[P_neut(4)] = 0.0014826209
E[P_neut(5)] = 0.0011067237
E[P_neut(6)] = 0.0009526805
E[P_neut(7)] = 0.0007635830
E[P_neut(8)] = 0.0006949634
E[P_neut(9)] = 0.0006001207
E[P_neut(10)] = 0.0005071312
E[P_neut(11)] = 0.0005817289
E[P_neut(12)] = 0.0004863353
E[P_neut(13)] = 0.0004914814
E[P_neut(14)] = 0.0004191336
E[P_neut(15)] = 0.0004387861
E[P_neut(16)] = 0.0003548142
E[P_neut(17)] = 0.0003736337
E[P_neut(18)] = 0.0003599107
E[P_neut(19)] = 0.0003410782
E[P_neut(20)] = 0.0002911096
E[P_neut(21)] = 0.0003451277
E[P_neut(22)] = 0.0002608667
E[P_neut(23)] = 0.0002573743
E[P_neut(24)] = 0.0002948848
E[P_neut(25)] = 0.0003156695
E[P_neut(26)] = 0.0002707216
E[P_neut(27)] = 0.0002645156
E[P_neut(28)] = 0.0002926375
E[P_neut(29)] = 0.0002591769
E[P_neut(30)] = 0.0002527155
E[P_neut(31)] = 0.0002535986
E[P_neut(32)] = 0.0002619416
E[P_neut(33)] = 0.0002352779
E[P_neut(34)] = 0.0002736791
E[P_neut(35)] = 0.0002618915
E[P_neut(36)] = 0.0002854181
E[P_neut(37)] = 0.0002886979
E[P_neut(38)] = 0.0002564643
E[P_neut(39)] = 0.0003233552
E[P_neut(40)] = 0.0003318669
E[P_neut(41)] = 0.0003376793
E[P_neut(42)] = 0.0003127240
E[P_neut(43)] = 0.0003701528
E[P_neut(44)] = 0.0003629762
E[P_neut(45)] = 0.0004358579
E[P_neut(46)] = 0.0003990688
E[P_neut(47)] = 0.0005521961
E[P_neut(48)] = 0.0005801627
E[P_neut(49)] = 0.0008350592

---- Expected P_sel(i), 0 < i < n (selected SFS per site) 
E[P_sel(1)] = 0.0044746367
E[P_sel(2)] = 0.0014617896
E[P_sel(3)] = 0.0007977244
E[P_sel(4)] = 0.0005301360
E[P_sel(5)] = 0.0003717544
E[P_sel(6)] = 0.0003047047
E[P_sel(7)] = 0.0002345365
E[P_sel(8)] = 0.0002063102
E[P_sel(9)] = 0.0001729423
E[P_sel(10)] = 0.0001423779
E[P_sel(11)] = 0.0001595963
E[P_sel(12)] = 0.0001306660
E[P_sel(13)] = 0.0001295486
E[P_sel(14)] = 0.0001085557
E[P_sel(15)] = 0.0001118353
E[P_sel(16)] = 0.0000890769
E[P_sel(17)] = 0.0000925092
E[P_sel(18)] = 0.0000879469
E[P_sel(19)] = 0.0000823243
E[P_sel(20)] = 0.0000694481
E[P_sel(21)] = 0.0000814376
E[P_sel(22)] = 0.0000609096
E[P_sel(23)] = 0.0000595022
E[P_sel(24)] = 0.0000675326
E[P_sel(25)] = 0.0000716407
E[P_sel(26)] = 0.0000609102
E[P_sel(27)] = 0.0000590205
E[P_sel(28)] = 0.0000647743
E[P_sel(29)] = 0.0000569370
E[P_sel(30)] = 0.0000551053
E[P_sel(31)] = 0.0000549109
E[P_sel(32)] = 0.0000563306
E[P_sel(33)] = 0.0000502705
E[P_sel(34)] = 0.0000580887
E[P_sel(35)] = 0.0000552632
E[P_sel(36)] = 0.0000598558
E[P_sel(37)] = 0.0000602110
E[P_sel(38)] = 0.0000532049
E[P_sel(39)] = 0.0000667123
E[P_sel(40)] = 0.0000680806
E[P_sel(41)] = 0.0000689553
E[P_sel(42)] = 0.0000636125
E[P_sel(43)] = 0.0000749250
E[P_sel(44)] = 0.0000732689
E[P_sel(45)] = 0.0000876212
E[P_sel(46)] = 0.0000803024
E[P_sel(47)] = 0.0001109135
E[P_sel(48)] = 0.0001178748
E[P_sel(49)] = 0.0001770714

---- alpha_dfe = 0.000419

