---- Running command
---- ./polyDFE -d /home/jejames/ArabidopsisCrossGenome/PolyDFE10/fpkm10polcounts1_969.244967089827_PolyDFE.input -m C -i /home/jejames/ArabidopsisCrossGenome/model.txt 1 -e 
---- Performing inference using model C

---- Performing inference on /home/jejames/ArabidopsisCrossGenome/PolyDFE10/fpkm10polcounts1_969.244967089827_PolyDFE.input
----      with -i /home/jejames/ArabidopsisCrossGenome/model.txt 1
---- Data /home/jejames/ArabidopsisCrossGenome/PolyDFE10/fpkm10polcounts1_969.244967089827_PolyDFE.input does not contain divergence counts. Using option -w.
---- No mutation variability. Using Poisson likelihood.


---- Calculating initial values

-- Starting local optimization
-- Optimizing all parameters
  it        eps_an     theta_bar           S_d             b           p_b           S_b           r 2           r 3           r 4           r 5           r 6           r 7           r 8           r 9          r 10          r 11          r 12          r 13          r 14          r 15          r 16          r 17          r 18          r 19          r 20          r 21          r 22          r 23          r 24          r 25          r 26          r 27          r 28          r 29          r 30          r 31          r 32          r 33          r 34          r 35          r 36          r 37          r 38          r 39          r 40          r 41          r 42          r 43          r 44          r 45          r 46          r 47          r 48          r 49           ln lk          grad status 
   0           0.1 0.01023253353        -20000         0.208           0.1            20 0.82554693903 0.70985435975 0.76893008007 0.63299918037 0.53414034424 0.63507975537 0.65620074396 0.67694344618 0.60462770317 0.59435092364 0.60828447134 0.75896853918 0.55872895782 0.73765840741 0.72328352562 0.78135048231 0.59239644410 0.66364037576 0.79061849820 0.88310951390 0.65746169850 0.81640501859 0.82769056175 0.92995397515 0.85732299350 0.86306033667 0.89326019796 1.17565096778 0.83790429355 0.98896664775 1.24683185171 1.33364857196 1.14255091103 1.19160204274 1.49120484206 1.52562890107 1.23623983355 1.65481369396 1.38957190593 2.11190971565 1.98335540003 1.71067398020 1.96406279553 2.47399281255 3.25111909715 3.84332639808 5.94060904104             1 -5151.169883140 35.3338389901   -2 
 387 0.00237804768 0.00896387321 -36.697889750 0.33183704334 0.00001081382 0.07954123639 0.79519689292 0.75425606835 0.69087709743 0.65831526531 0.63274940545 0.64526106947 0.62699727393 0.64121087237 0.59071508390 0.66566036164 0.59466331814 0.68689062554 0.58401019170 0.66642231782 0.67571583990 0.72901719527 0.64760965279 0.61557830224 0.80657564004 0.72571649272 0.65700221317 0.73553973323 0.78967942092 0.79772503282 0.82203981904 0.76660979381 0.88872178998 0.88225293935 0.87965289447 0.89104197093 1.10763134185 0.94825641592 0.92148920671 0.97896483530 1.06614184115 1.21222765902 1.04571217927 1.38676152651 1.29322181003 1.57326655655 1.60498545170 1.55627960295 1.65308898843 1.89237379403 2.35652354298 2.65935526430 3.54396711246 4.20913262311 -351.8785514367 0.00053582807   -3 
-- Local optimization: stuck in the same solution
---- Best joint likelihood found -351.878551436746193 with gradient 0.00054

---- Results for /home/jejames/ArabidopsisCrossGenome/PolyDFE10/fpkm10polcounts1_969.244967089827_PolyDFE.input 
--  Model: C
--        eps_an     theta_bar             a 
-- 0.00237804768 0.00896387321            -1 
--           S_d             b           p_b           S_b 
-- -36.697889750 0.33183704334 0.00001081382 0.07954123639 
--           r 2           r 3           r 4           r 5           r 6           r 7           r 8           r 9          r 10          r 11          r 12          r 13          r 14          r 15          r 16          r 17          r 18          r 19          r 20          r 21          r 22          r 23          r 24          r 25          r 26          r 27          r 28          r 29          r 30          r 31          r 32          r 33          r 34          r 35          r 36          r 37          r 38          r 39          r 40          r 41          r 42          r 43          r 44          r 45          r 46          r 47          r 48          r 49 
-- 0.79519689292 0.75425606835 0.69087709743 0.65831526531 0.63274940545 0.64526106947 0.62699727393 0.64121087237 0.59071508390 0.66566036164 0.59466331814 0.68689062554 0.58401019170 0.66642231782 0.67571583990 0.72901719527 0.64760965279 0.61557830224 0.80657564004 0.72571649272 0.65700221317 0.73553973323 0.78967942092 0.79772503282 0.82203981904 0.76660979381 0.88872178998 0.88225293935 0.87965289447 0.89104197093 1.10763134185 0.94825641592 0.92148920671 0.97896483530 1.06614184115 1.21222765902 1.04571217927 1.38676152651 1.29322181003 1.57326655655 1.60498545170 1.55627960295 1.65308898843 1.89237379403 2.35652354298 2.65935526430 3.54396711246 4.20913262311 

---- Expected P_neut(i), 0 < i < n (neutral SFS per site) 
E[P_neut(1)] = 0.0089443878
E[P_neut(2)] = 0.0035571205
E[P_neut(3)] = 0.0022495320
E[P_neut(4)] = 0.0015456439
E[P_neut(5)] = 0.0011783007
E[P_neut(6)] = 0.0009438671
E[P_neut(7)] = 0.0008250977
E[P_neut(8)] = 0.0007016844
E[P_neut(9)] = 0.0006379363
E[P_neut(10)] = 0.0005289395
E[P_neut(11)] = 0.0005419130
E[P_neut(12)] = 0.0004437375
E[P_neut(13)] = 0.0004732029
E[P_neut(14)] = 0.0003736702
E[P_neut(15)] = 0.0003978975
E[P_neut(16)] = 0.0003782419
E[P_neut(17)] = 0.0003840994
E[P_neut(18)] = 0.0003224760
E[P_neut(19)] = 0.0002903413
E[P_neut(20)] = 0.0003612675
E[P_neut(21)] = 0.0003096847
E[P_neut(22)] = 0.0002677347
E[P_neut(23)] = 0.0002865881
E[P_neut(24)] = 0.0002949137
E[P_neut(25)] = 0.0002860282
E[P_neut(26)] = 0.0002834374
E[P_neut(27)] = 0.0002545873
E[P_neut(28)] = 0.0002844739
E[P_neut(29)] = 0.0002727917
E[P_neut(30)] = 0.0002630712
E[P_neut(31)] = 0.0002577291
E[P_neut(32)] = 0.0003102999
E[P_neut(33)] = 0.0002578789
E[P_neut(34)] = 0.0002432670
E[P_neut(35)] = 0.0002510742
E[P_neut(36)] = 0.0002657235
E[P_neut(37)] = 0.0002941105
E[P_neut(38)] = 0.0002471443
E[P_neut(39)] = 0.0003192693
E[P_neut(40)] = 0.0002903769
E[P_neut(41)] = 0.0003446657
E[P_neut(42)] = 0.0003434010
E[P_neut(43)] = 0.0003256189
E[P_neut(44)] = 0.0003382217
E[P_neut(45)] = 0.0003788657
E[P_neut(46)] = 0.0004617980
E[P_neut(47)] = 0.0005113474
E[P_neut(48)] = 0.0006687281
E[P_neut(49)] = 0.0007894881

---- Expected P_sel(i), 0 < i < n (selected SFS per site) 
E[P_sel(1)] = 0.0066686530
E[P_sel(2)] = 0.0022224121
E[P_sel(3)] = 0.0012485667
E[P_sel(4)] = 0.0007868466
E[P_sel(5)] = 0.0005609480
E[P_sel(6)] = 0.0004255639
E[P_sel(7)] = 0.0003554628
E[P_sel(8)] = 0.0002907119
E[P_sel(9)] = 0.0002554436
E[P_sel(10)] = 0.0002055029
E[P_sel(11)] = 0.0002049165
E[P_sel(12)] = 0.0001637334
E[P_sel(13)] = 0.0001707333
E[P_sel(14)] = 0.0001320674
E[P_sel(15)] = 0.0001379814
E[P_sel(16)] = 0.0001288596
E[P_sel(17)] = 0.0001287032
E[P_sel(18)] = 0.0001063766
E[P_sel(19)] = 0.0000943868
E[P_sel(20)] = 0.0001158352
E[P_sel(21)] = 0.0000979989
E[P_sel(22)] = 0.0000836726
E[P_sel(23)] = 0.0000885102
E[P_sel(24)] = 0.0000900549
E[P_sel(25)] = 0.0000864002
E[P_sel(26)] = 0.0000847334
E[P_sel(27)] = 0.0000753546
E[P_sel(28)] = 0.0000833957
E[P_sel(29)] = 0.0000792394
E[P_sel(30)] = 0.0000757445
E[P_sel(31)] = 0.0000735673
E[P_sel(32)] = 0.0000878389
E[P_sel(33)] = 0.0000724310
E[P_sel(34)] = 0.0000678024
E[P_sel(35)] = 0.0000694571
E[P_sel(36)] = 0.0000729687
E[P_sel(37)] = 0.0000802081
E[P_sel(38)] = 0.0000669515
E[P_sel(39)] = 0.0000859118
E[P_sel(40)] = 0.0000776469
E[P_sel(41)] = 0.0000915954
E[P_sel(42)] = 0.0000907349
E[P_sel(43)] = 0.0000856036
E[P_sel(44)] = 0.0000884702
E[P_sel(45)] = 0.0000986547
E[P_sel(46)] = 0.0001197499
E[P_sel(47)] = 0.0001324393
E[P_sel(48)] = 0.0001733057
E[P_sel(49)] = 0.0002103166

---- alpha_dfe = 0.000045

