---- Running command
---- ./polyDFE -d /home/jejames/ArabidopsisCrossGenome/PolyDFE10/fpkm10polcounts3_30923.2199057942_PolyDFE.input -m C -i /home/jejames/ArabidopsisCrossGenome/model.txt 1 -e 
---- Performing inference using model C

---- Performing inference on /home/jejames/ArabidopsisCrossGenome/PolyDFE10/fpkm10polcounts3_30923.2199057942_PolyDFE.input
----      with -i /home/jejames/ArabidopsisCrossGenome/model.txt 1
---- Data /home/jejames/ArabidopsisCrossGenome/PolyDFE10/fpkm10polcounts3_30923.2199057942_PolyDFE.input does not contain divergence counts. Using option -w.
---- No mutation variability. Using Poisson likelihood.


---- Calculating initial values

-- Starting local optimization
-- Optimizing all parameters
  it        eps_an     theta_bar           S_d             b           p_b           S_b           r 2           r 3           r 4           r 5           r 6           r 7           r 8           r 9          r 10          r 11          r 12          r 13          r 14          r 15          r 16          r 17          r 18          r 19          r 20          r 21          r 22          r 23          r 24          r 25          r 26          r 27          r 28          r 29          r 30          r 31          r 32          r 33          r 34          r 35          r 36          r 37          r 38          r 39          r 40          r 41          r 42          r 43          r 44          r 45          r 46          r 47          r 48          r 49           ln lk          grad status 
   0           0.1 0.01004646415        -20000         0.208           0.1            20 0.80877456420 0.71920088790 0.67141085068 0.72762290265 0.67767839655 0.72847163282 0.63876738264 0.64986616178 0.80302931383 0.67147613762 0.69178037474 0.68068159561 0.70744923940 0.59541685708 0.57243585558 0.73806881243 0.67689495331 0.92661748384 0.61108572174 0.74583795782 0.95371156231 0.89495331984 0.92132924201 0.99562577528 1.10674414049 0.85316968074 0.97982633675 0.78762159691 0.88529085330 1.13945289547 1.13651498335 1.51890056799 1.35849056603 0.98713847359 1.33028660964 1.78272507671 1.65476268198 1.66775478226 2.37644447346 2.23242149245 2.10315335901 2.99262257622 2.90135143957 2.99960827838 2.94013187961 3.70673108311 5.72226937389             1 -3816.266128794 48.6857940069   -2 
 441 0.01538800882 0.00878383554 -276.70040882 0.23597240166 0.00001922913 0.10188432386 0.82617975241 0.74810992810 0.72554177834 0.70389001100 0.68687784782 0.70687082872 0.72372661610 0.73037742842 0.72719677080 0.61108354492 0.72723590269 0.72262422469 0.65546663825 0.66041316975 0.65105403750 0.76071660748 0.70852496406 0.86257426312 0.69208129669 0.68907012667 0.92800370424 0.91063353197 0.77438786327 0.88149194923 0.94390135925 0.73326440111 0.81837270230 0.76282388376 0.75610583939 0.89552888957 0.94893642304 1.19082673604 1.16267140829 0.87900999357 1.04321083285 1.31002432737 1.27742609413 1.35223663653 1.74778113109 1.84824339115 1.75074466053 2.07412178045 2.24345773641 2.12491525314 2.10169682276 2.67826674917 3.23466270270 3.38529413494 -352.8871662202 0.00008996688    0 
---- Best joint likelihood found -352.887166220272661 with gradient 0.00009

---- Results for /home/jejames/ArabidopsisCrossGenome/PolyDFE10/fpkm10polcounts3_30923.2199057942_PolyDFE.input 
--  Model: C
--        eps_an     theta_bar             a 
-- 0.01538800882 0.00878383554            -1 
--           S_d             b           p_b           S_b 
-- -276.70040882 0.23597240166 0.00001922913 0.10188432386 
--           r 2           r 3           r 4           r 5           r 6           r 7           r 8           r 9          r 10          r 11          r 12          r 13          r 14          r 15          r 16          r 17          r 18          r 19          r 20          r 21          r 22          r 23          r 24          r 25          r 26          r 27          r 28          r 29          r 30          r 31          r 32          r 33          r 34          r 35          r 36          r 37          r 38          r 39          r 40          r 41          r 42          r 43          r 44          r 45          r 46          r 47          r 48          r 49 
-- 0.82617975241 0.74810992810 0.72554177834 0.70389001100 0.68687784782 0.70687082872 0.72372661610 0.73037742842 0.72719677080 0.61108354492 0.72723590269 0.72262422469 0.65546663825 0.66041316975 0.65105403750 0.76071660748 0.70852496406 0.86257426312 0.69208129669 0.68907012667 0.92800370424 0.91063353197 0.77438786327 0.88149194923 0.94390135925 0.73326440111 0.81837270230 0.76282388376 0.75610583939 0.89552888957 0.94893642304 1.19082673604 1.16267140829 0.87900999357 1.04321083285 1.31002432737 1.27742609413 1.35223663653 1.74778113109 1.84824339115 1.75074466053 2.07412178045 2.24345773641 2.12491525314 2.10169682276 2.67826674917 3.23466270270 3.38529413494 

---- Expected P_neut(i), 0 < i < n (neutral SFS per site) 
E[P_neut(1)] = 0.0086580081
E[P_neut(2)] = 0.0035817866
E[P_neut(3)] = 0.0021644209
E[P_neut(4)] = 0.0015749184
E[P_neut(5)] = 0.0012239250
E[P_neut(6)] = 0.0009969884
E[P_neut(7)] = 0.0008798758
E[P_neut(8)] = 0.0007880434
E[P_neut(9)] = 0.0007079591
E[P_neut(10)] = 0.0006348345
E[P_neut(11)] = 0.0004851465
E[P_neut(12)] = 0.0005286791
E[P_neut(13)] = 0.0004855348
E[P_neut(14)] = 0.0004088393
E[P_neut(15)] = 0.0003841743
E[P_neut(16)] = 0.0003565441
E[P_neut(17)] = 0.0003918885
E[P_neut(18)] = 0.0003444415
E[P_neut(19)] = 0.0003965426
E[P_neut(20)] = 0.0003026858
E[P_neut(21)] = 0.0002873431
E[P_neut(22)] = 0.0003687686
E[P_neut(23)] = 0.0003460956
E[P_neut(24)] = 0.0002839664
E[P_neut(25)] = 0.0003097152
E[P_neut(26)] = 0.0003183417
E[P_neut(27)] = 0.0002402316
E[P_neut(28)] = 0.0002584814
E[P_neut(29)] = 0.0002319321
E[P_neut(30)] = 0.0002226543
E[P_neut(31)] = 0.0002559794
E[P_neut(32)] = 0.0002617904
E[P_neut(33)] = 0.0003181413
E[P_neut(34)] = 0.0003012518
E[P_neut(35)] = 0.0002231586
E[P_neut(36)] = 0.0002569502
E[P_neut(37)] = 0.0003137287
E[P_neut(38)] = 0.0002989293
E[P_neut(39)] = 0.0003073819
E[P_neut(40)] = 0.0003877288
E[P_neut(41)] = 0.0004008434
E[P_neut(42)] = 0.0003727425
E[P_neut(43)] = 0.0004308212
E[P_neut(44)] = 0.0004564493
E[P_neut(45)] = 0.0004274215
E[P_neut(46)] = 0.0004196667
E[P_neut(47)] = 0.0005265455
E[P_neut(48)] = 0.0006386591
E[P_neut(49)] = 0.0007326819

---- Expected P_sel(i), 0 < i < n (selected SFS per site) 
E[P_sel(1)] = 0.0047299168
E[P_sel(2)] = 0.0015776289
E[P_sel(3)] = 0.0008516853
E[P_sel(4)] = 0.0005756890
E[P_sel(5)] = 0.0004236281
E[P_sel(6)] = 0.0003305297
E[P_sel(7)] = 0.0002816650
E[P_sel(8)] = 0.0002449538
E[P_sel(9)] = 0.0002144323
E[P_sel(10)] = 0.0001879856
E[P_sel(11)] = 0.0001408041
E[P_sel(12)] = 0.0001507287
E[P_sel(13)] = 0.0001361398
E[P_sel(14)] = 0.0001129279
E[P_sel(15)] = 0.0001046624
E[P_sel(16)] = 0.0000958343
E[P_sel(17)] = 0.0001040863
E[P_sel(18)] = 0.0000904702
E[P_sel(19)] = 0.0001030761
E[P_sel(20)] = 0.0000778878
E[P_sel(21)] = 0.0000732395
E[P_sel(22)] = 0.0000931634
E[P_sel(23)] = 0.0000866924
E[P_sel(24)] = 0.0000705459
E[P_sel(25)] = 0.0000763543
E[P_sel(26)] = 0.0000779027
E[P_sel(27)] = 0.0000583888
E[P_sel(28)] = 0.0000624066
E[P_sel(29)] = 0.0000556291
E[P_sel(30)] = 0.0000530823
E[P_sel(31)] = 0.0000606847
E[P_sel(32)] = 0.0000616863
E[P_sel(33)] = 0.0000745398
E[P_sel(34)] = 0.0000701995
E[P_sel(35)] = 0.0000518132
E[P_sel(36)] = 0.0000593508
E[P_sel(37)] = 0.0000721205
E[P_sel(38)] = 0.0000684737
E[P_sel(39)] = 0.0000700594
E[P_sel(40)] = 0.0000880423
E[P_sel(41)] = 0.0000907409
E[P_sel(42)] = 0.0000842674
E[P_sel(43)] = 0.0000970673
E[P_sel(44)] = 0.0001026914
E[P_sel(45)] = 0.0000965557
E[P_sel(46)] = 0.0000956533
E[P_sel(47)] = 0.0001209496
E[P_sel(48)] = 0.0001514404
E[P_sel(49)] = 0.0002033944

---- alpha_dfe = 0.000094

