---- Running command
---- ./polyDFE -d /home/jejames/ArabidopsisCrossGenome/PolyDFE10/fpkm10polcounts7_501649.801655515_PolyDFE.input -m C -i /home/jejames/ArabidopsisCrossGenome/model.txt 1 -e 
---- Performing inference using model C

---- Performing inference on /home/jejames/ArabidopsisCrossGenome/PolyDFE10/fpkm10polcounts7_501649.801655515_PolyDFE.input
----      with -i /home/jejames/ArabidopsisCrossGenome/model.txt 1
---- Data /home/jejames/ArabidopsisCrossGenome/PolyDFE10/fpkm10polcounts7_501649.801655515_PolyDFE.input does not contain divergence counts. Using option -w.
---- No mutation variability. Using Poisson likelihood.


---- Calculating initial values

-- Starting local optimization
-- Optimizing all parameters
  it        eps_an     theta_bar           S_d             b           p_b           S_b           r 2           r 3           r 4           r 5           r 6           r 7           r 8           r 9          r 10          r 11          r 12          r 13          r 14          r 15          r 16          r 17          r 18          r 19          r 20          r 21          r 22          r 23          r 24          r 25          r 26          r 27          r 28          r 29          r 30          r 31          r 32          r 33          r 34          r 35          r 36          r 37          r 38          r 39          r 40          r 41          r 42          r 43          r 44          r 45          r 46          r 47          r 48          r 49           ln lk          grad status 
   0           0.1 0.00873924277        -70000         0.208           0.1            20 0.87831398900 0.80342089187 0.68442272449 0.60109957238 0.66670739156 0.56658521686 0.57275503970 0.57617593158 0.58460598656 0.68338423946 0.55565058032 0.73219303604 0.57556505803 0.50946854001 0.52193036041 0.63970678069 0.62565668906 0.61979230299 0.66707391569 0.62858888210 0.55503970678 0.73060476481 0.63921808185 0.77886377519 0.76872327428 0.72571777642 0.88430054978 0.86805131337 1.08857666463 1.07183872938 0.78387293830 1.01600488698 1.00940745265 1.29138668295 1.35687232742 1.57764202810 1.35100794135 1.41276725717 1.10690287110 1.38252901649 1.61124007330 2.11453879047 2.28735491753 2.50702504581 2.94770922419 3.95064141722 5.57409896151             1 -3990.435556860 58.4136140849   -2 
1214 0.00832264805 0.00775245293 -647.66457947 0.25961116181 0.00005216388 0.28573609754 0.86472145420 0.76307700348 0.69831086466 0.65450330228 0.68096978878 0.61322394641 0.62479029663 0.57479997337 0.56759606220 0.66520895771 0.60443433264 0.66776140159 0.53600586101 0.49853512436 0.53581422912 0.56780814823 0.62162578724 0.60094307594 0.67183504961 0.52906660392 0.59073982203 0.59948014787 0.59817842557 0.73346687033 0.63653216760 0.64612071841 0.76017817441 0.80859251315 0.90333456033 0.82845117368 0.62226002969 0.78089815192 0.83914762847 0.97861485903 0.98430646426 1.15289011169 1.10049871768 1.14075901786 0.90058664360 1.02929189539 1.37811396470 1.49538236498 1.52124499324 1.87204713888 1.91030360207 2.57056571538 3.26908544719 3.81374223780 -336.5179892053 0.00009382405    0 
---- Best joint likelihood found -336.517989205369702 with gradient 0.00009

---- Results for /home/jejames/ArabidopsisCrossGenome/PolyDFE10/fpkm10polcounts7_501649.801655515_PolyDFE.input 
--  Model: C
--        eps_an     theta_bar             a 
-- 0.00832264805 0.00775245293            -1 
--           S_d             b           p_b           S_b 
-- -647.66457947 0.25961116181 0.00005216388 0.28573609754 
--           r 2           r 3           r 4           r 5           r 6           r 7           r 8           r 9          r 10          r 11          r 12          r 13          r 14          r 15          r 16          r 17          r 18          r 19          r 20          r 21          r 22          r 23          r 24          r 25          r 26          r 27          r 28          r 29          r 30          r 31          r 32          r 33          r 34          r 35          r 36          r 37          r 38          r 39          r 40          r 41          r 42          r 43          r 44          r 45          r 46          r 47          r 48          r 49 
-- 0.86472145420 0.76307700348 0.69831086466 0.65450330228 0.68096978878 0.61322394641 0.62479029663 0.57479997337 0.56759606220 0.66520895771 0.60443433264 0.66776140159 0.53600586101 0.49853512436 0.53581422912 0.56780814823 0.62162578724 0.60094307594 0.67183504961 0.52906660392 0.59073982203 0.59948014787 0.59817842557 0.73346687033 0.63653216760 0.64612071841 0.76017817441 0.80859251315 0.90333456033 0.82845117368 0.62226002969 0.78089815192 0.83914762847 0.97861485903 0.98430646426 1.15289011169 1.10049871768 1.14075901786 0.90058664360 1.02929189539 1.37811396470 1.49538236498 1.52124499324 1.87204713888 1.91030360207 2.57056571538 3.26908544719 3.81374223780 

---- Expected P_neut(i), 0 < i < n (neutral SFS per site) 
E[P_neut(1)] = 0.0076929538
E[P_neut(2)] = 0.0033283541
E[P_neut(3)] = 0.0019590235
E[P_neut(4)] = 0.0013448211
E[P_neut(5)] = 0.0010090395
E[P_neut(6)] = 0.0008747723
E[P_neut(7)] = 0.0006757329
E[P_neut(8)] = 0.0006025352
E[P_neut(9)] = 0.0004926223
E[P_neut(10)] = 0.0004378167
E[P_neut(11)] = 0.0004668037
E[P_neut(12)] = 0.0003891061
E[P_neut(13)] = 0.0003969107
E[P_neut(14)] = 0.0002961053
E[P_neut(15)] = 0.0002573176
E[P_neut(16)] = 0.0002590489
E[P_neut(17)] = 0.0002583074
E[P_neut(18)] = 0.0002667556
E[P_neut(19)] = 0.0002448827
E[P_neut(20)] = 0.0002601939
E[P_neut(21)] = 0.0001954861
E[P_neut(22)] = 0.0002081866
E[P_neut(23)] = 0.0002019250
E[P_neut(24)] = 0.0001931944
E[P_neut(25)] = 0.0002274467
E[P_neut(26)] = 0.0001898241
E[P_neut(27)] = 0.0001856570
E[P_neut(28)] = 0.0002104539
E[P_neut(29)] = 0.0002159843
E[P_neut(30)] = 0.0002336599
E[P_neut(31)] = 0.0002074948
E[P_neut(32)] = 0.0001517249
E[P_neut(33)] = 0.0001840790
E[P_neut(34)] = 0.0001919051
E[P_neut(35)] = 0.0002171022
E[P_neut(36)] = 0.0002126725
E[P_neut(37)] = 0.0002428640
E[P_neut(38)] = 0.0002258962
E[P_neut(39)] = 0.0002287756
E[P_neut(40)] = 0.0001767534
E[P_neut(41)] = 0.0001971238
E[P_neut(42)] = 0.0002572973
E[P_neut(43)] = 0.0002730103
E[P_neut(44)] = 0.0002731234
E[P_neut(45)] = 0.0003282719
E[P_neut(46)] = 0.0003305310
E[P_neut(47)] = 0.0004368867
E[P_neut(48)] = 0.0005514902
E[P_neut(49)] = 0.0006628840

---- Expected P_sel(i), 0 < i < n (selected SFS per site) 
E[P_sel(1)] = 0.0033451946
E[P_sel(2)] = 0.0011195524
E[P_sel(3)] = 0.0005798002
E[P_sel(4)] = 0.0003664567
E[P_sel(5)] = 0.0002587800
E[P_sel(6)] = 0.0002139829
E[P_sel(7)] = 0.0001589626
E[P_sel(8)] = 0.0001371637
E[P_sel(9)] = 0.0001090163
E[P_sel(10)] = 0.0000945014
E[P_sel(11)] = 0.0000985255
E[P_sel(12)] = 0.0000804839
E[P_sel(13)] = 0.0000806122
E[P_sel(14)] = 0.0000591332
E[P_sel(15)] = 0.0000505932
E[P_sel(16)] = 0.0000502183
E[P_sel(17)] = 0.0000494133
E[P_sel(18)] = 0.0000504031
E[P_sel(19)] = 0.0000457184
E[P_sel(20)] = 0.0000480407
E[P_sel(21)] = 0.0000357135
E[P_sel(22)] = 0.0000376605
E[P_sel(23)] = 0.0000361857
E[P_sel(24)] = 0.0000343104
E[P_sel(25)] = 0.0000400476
E[P_sel(26)] = 0.0000331494
E[P_sel(27)] = 0.0000321677
E[P_sel(28)] = 0.0000361879
E[P_sel(29)] = 0.0000368674
E[P_sel(30)] = 0.0000396115
E[P_sel(31)] = 0.0000349417
E[P_sel(32)] = 0.0000254010
E[P_sel(33)] = 0.0000306144
E[P_sel(34)] = 0.0000317223
E[P_sel(35)] = 0.0000356695
E[P_sel(36)] = 0.0000347583
E[P_sel(37)] = 0.0000394985
E[P_sel(38)] = 0.0000365571
E[P_sel(39)] = 0.0000368711
E[P_sel(40)] = 0.0000283908
E[P_sel(41)] = 0.0000315291
E[P_sel(42)] = 0.0000409635
E[P_sel(43)] = 0.0000433229
E[P_sel(44)] = 0.0000433403
E[P_sel(45)] = 0.0000519268
E[P_sel(46)] = 0.0000525165
E[P_sel(47)] = 0.0000696887
E[P_sel(48)] = 0.0000897627
E[P_sel(49)] = 0.0001195242

---- alpha_dfe = 0.000398

