---- Running command
---- ./polyDFE -d /home/jejames/ArabidopsisCrossGenome/PolyDFE10/fpkm10polcounts6_334010.430035328_PolyDFE.input -m C -i /home/jejames/ArabidopsisCrossGenome/model.txt 1 -e 
---- Performing inference using model C

---- Performing inference on /home/jejames/ArabidopsisCrossGenome/PolyDFE10/fpkm10polcounts6_334010.430035328_PolyDFE.input
----      with -i /home/jejames/ArabidopsisCrossGenome/model.txt 1
---- Data /home/jejames/ArabidopsisCrossGenome/PolyDFE10/fpkm10polcounts6_334010.430035328_PolyDFE.input does not contain divergence counts. Using option -w.
---- No mutation variability. Using Poisson likelihood.


---- Calculating initial values

-- Starting local optimization
-- Optimizing all parameters
  it        eps_an     theta_bar           S_d             b           p_b           S_b           r 2           r 3           r 4           r 5           r 6           r 7           r 8           r 9          r 10          r 11          r 12          r 13          r 14          r 15          r 16          r 17          r 18          r 19          r 20          r 21          r 22          r 23          r 24          r 25          r 26          r 27          r 28          r 29          r 30          r 31          r 32          r 33          r 34          r 35          r 36          r 37          r 38          r 39          r 40          r 41          r 42          r 43          r 44          r 45          r 46          r 47          r 48          r 49           ln lk          grad status 
   0           0.1 0.00896625184        -60000         0.208           0.1            20 0.81553032678 0.75004704258 0.68945618766 0.63946559618 0.61155365991 0.60942106253 0.59060402684 0.63733299880 0.59085492065 0.77758263814 0.70902590478 0.66863200150 0.58571159756 0.60967195634 0.49074829078 0.58859687637 0.70450981622 0.75437496079 0.58207363733 0.71786991155 0.62924167346 0.62177758263 0.74214388759 0.67427711221 0.84312864580 0.87894373706 0.74465282569 0.77306654958 0.93332497020 1.27748855297 1.15611867277 1.01009847582 1.02577933889 1.03619143197 1.27127893119 1.53170670513 1.13930878755 1.52399172050 2.00213259737 1.85416797340 2.40519350185 2.62158941228 2.82882769867 3.24876121181 3.26613560810 4.34535532835 5.86790440945             1 -4366.187681948 62.8679482493   -2 
 491 0.00340821559 0.00775469859 -434.18739455 0.27803249285 0.00004276133 0.31812285425 0.80839978282 0.77309460717 0.72628837212 0.67167138413 0.67402115618 0.66280681535 0.65971406708 0.69934600909 0.58512019934 0.73634539240 0.74009131316 0.71073069986 0.64382236812 0.63558030448 0.54402979130 0.65604942700 0.64815719997 0.63978447169 0.62671005472 0.76895605855 0.61911795143 0.62764062040 0.60374824314 0.57465446958 0.59980822566 0.73110546971 0.62291878712 0.69419891492 0.86001671957 1.03534209802 0.86936097699 0.95380639318 0.90640209560 0.92275555243 1.21765910250 1.20370852145 1.00670690343 1.29933973644 1.54130556282 1.52398638062 1.97968107812 1.88231407121 2.31801329301 2.20227100212 2.32282537803 2.87895309503 3.50340237817 4.38302088210 -358.5511619422 0.00110749853   -8 
-- Local optimization: reached maximum number of likelihood evaluations allowed.
---- Best joint likelihood found -358.551161942281851 with gradient 0.00111

---- Results for /home/jejames/ArabidopsisCrossGenome/PolyDFE10/fpkm10polcounts6_334010.430035328_PolyDFE.input 
--  Model: C
--        eps_an     theta_bar             a 
-- 0.00340821559 0.00775469859            -1 
--           S_d             b           p_b           S_b 
-- -434.18739455 0.27803249285 0.00004276133 0.31812285425 
--           r 2           r 3           r 4           r 5           r 6           r 7           r 8           r 9          r 10          r 11          r 12          r 13          r 14          r 15          r 16          r 17          r 18          r 19          r 20          r 21          r 22          r 23          r 24          r 25          r 26          r 27          r 28          r 29          r 30          r 31          r 32          r 33          r 34          r 35          r 36          r 37          r 38          r 39          r 40          r 41          r 42          r 43          r 44          r 45          r 46          r 47          r 48          r 49 
-- 0.80839978282 0.77309460717 0.72628837212 0.67167138413 0.67402115618 0.66280681535 0.65971406708 0.69934600909 0.58512019934 0.73634539240 0.74009131316 0.71073069986 0.64382236812 0.63558030448 0.54402979130 0.65604942700 0.64815719997 0.63978447169 0.62671005472 0.76895605855 0.61911795143 0.62764062040 0.60374824314 0.57465446958 0.59980822566 0.73110546971 0.62291878712 0.69419891492 0.86001671957 1.03534209802 0.86936097699 0.95380639318 0.90640209560 0.92275555243 1.21765910250 1.20370852145 1.00670690343 1.29933973644 1.54130556282 1.52398638062 1.97968107812 1.88231407121 2.31801329301 2.20227100212 2.32282537803 2.87895309503 3.50340237817 4.38302088210 

---- Expected P_neut(i), 0 < i < n (neutral SFS per site) 
E[P_neut(1)] = 0.0077306330
E[P_neut(2)] = 0.0031256945
E[P_neut(3)] = 0.0019931799
E[P_neut(4)] = 0.0014045726
E[P_neut(5)] = 0.0010394649
E[P_neut(6)] = 0.0008695618
E[P_neut(7)] = 0.0007329211
E[P_neut(8)] = 0.0006385517
E[P_neut(9)] = 0.0006015084
E[P_neut(10)] = 0.0004532150
E[P_neut(11)] = 0.0005182147
E[P_neut(12)] = 0.0004773356
E[P_neut(13)] = 0.0004233766
E[P_neut(14)] = 0.0003562963
E[P_neut(15)] = 0.0003281592
E[P_neut(16)] = 0.0002634801
E[P_neut(17)] = 0.0002990066
E[P_neut(18)] = 0.0002790032
E[P_neut(19)] = 0.0002611157
E[P_neut(20)] = 0.0002429269
E[P_neut(21)] = 0.0002836183
E[P_neut(22)] = 0.0002180748
E[P_neut(23)] = 0.0002116102
E[P_neut(24)] = 0.0001950234
E[P_neut(25)] = 0.0001782509
E[P_neut(26)] = 0.0001789525
E[P_neut(27)] = 0.0002099871
E[P_neut(28)] = 0.0001726753
E[P_neut(29)] = 0.0001859663
E[P_neut(30)] = 0.0002223762
E[P_neut(31)] = 0.0002589997
E[P_neut(32)] = 0.0002109097
E[P_neut(33)] = 0.0002243918
E[P_neut(34)] = 0.0002069257
E[P_neut(35)] = 0.0002048714
E[P_neut(36)] = 0.0002626153
E[P_neut(37)] = 0.0002528661
E[P_neut(38)] = 0.0002063695
E[P_neut(39)] = 0.0002592473
E[P_neut(40)] = 0.0002993371
E[P_neut(41)] = 0.0002893166
E[P_neut(42)] = 0.0003664535
E[P_neut(43)] = 0.0003408055
E[P_neut(44)] = 0.0004101106
E[P_neut(45)] = 0.0003817669
E[P_neut(46)] = 0.0003950471
E[P_neut(47)] = 0.0004802007
E[P_neut(48)] = 0.0005747503
E[P_neut(49)] = 0.0007177187

---- Expected P_sel(i), 0 < i < n (selected SFS per site) 
E[P_sel(1)] = 0.0035657413
E[P_sel(2)] = 0.0011059494
E[P_sel(3)] = 0.0006157192
E[P_sel(4)] = 0.0003972503
E[P_sel(5)] = 0.0002755606
E[P_sel(6)] = 0.0002190936
E[P_sel(7)] = 0.0001771482
E[P_sel(8)] = 0.0001489908
E[P_sel(9)] = 0.0001361607
E[P_sel(10)] = 0.0000998689
E[P_sel(11)] = 0.0001115189
E[P_sel(12)] = 0.0001005427
E[P_sel(13)] = 0.0000874387
E[P_sel(14)] = 0.0000722702
E[P_sel(15)] = 0.0000654753
E[P_sel(16)] = 0.0000517642
E[P_sel(17)] = 0.0000579093
E[P_sel(18)] = 0.0000533146
E[P_sel(19)] = 0.0000492661
E[P_sel(20)] = 0.0000452931
E[P_sel(21)] = 0.0000522904
E[P_sel(22)] = 0.0000397766
E[P_sel(23)] = 0.0000382051
E[P_sel(24)] = 0.0000348703
E[P_sel(25)] = 0.0000315767
E[P_sel(26)] = 0.0000314206
E[P_sel(27)] = 0.0000365564
E[P_sel(28)] = 0.0000298170
E[P_sel(29)] = 0.0000318625
E[P_sel(30)] = 0.0000378084
E[P_sel(31)] = 0.0000437123
E[P_sel(32)] = 0.0000353502
E[P_sel(33)] = 0.0000373545
E[P_sel(34)] = 0.0000342191
E[P_sel(35)] = 0.0000336716
E[P_sel(36)] = 0.0000428881
E[P_sel(37)] = 0.0000410613
E[P_sel(38)] = 0.0000333402
E[P_sel(39)] = 0.0000416369
E[P_sel(40)] = 0.0000477871
E[P_sel(41)] = 0.0000459823
E[P_sel(42)] = 0.0000579190
E[P_sel(43)] = 0.0000536433
E[P_sel(44)] = 0.0000642526
E[P_sel(45)] = 0.0000596396
E[P_sel(46)] = 0.0000616273
E[P_sel(47)] = 0.0000748654
E[P_sel(48)] = 0.0000900737
E[P_sel(49)] = 0.0001174643

---- alpha_dfe = 0.000333

