---- Running command
---- ./polyDFE -d RevisionsPolyDFE10/GOTermCount6_5.49478079331942_PolyDFE.input -m C -i /home/jejames/ArabidopsisCrossGenome/model.txt 1 -e 
---- Performing inference using model C

---- Performing inference on RevisionsPolyDFE10/GOTermCount6_5.49478079331942_PolyDFE.input
----      with -i /home/jejames/ArabidopsisCrossGenome/model.txt 1
---- Data RevisionsPolyDFE10/GOTermCount6_5.49478079331942_PolyDFE.input does not contain divergence counts. Using option -w.
---- No mutation variability. Using Poisson likelihood.


---- Calculating initial values

-- Starting local optimization
-- Optimizing all parameters
  it        eps_an     theta_bar           S_d             b           p_b           S_b           r 2           r 3           r 4           r 5           r 6           r 7           r 8           r 9          r 10          r 11          r 12          r 13          r 14          r 15          r 16          r 17          r 18          r 19          r 20          r 21          r 22          r 23          r 24          r 25          r 26          r 27          r 28          r 29          r 30          r 31          r 32          r 33          r 34          r 35          r 36          r 37          r 38          r 39          r 40          r 41          r 42          r 43          r 44          r 45          r 46          r 47          r 48          r 49           ln lk          grad status 
   0           0.1 0.01004190003        -40000         0.208           0.1            20 0.79432810345 0.85236000787 0.74574935994 0.67058360139 0.64517823147 0.69067156830 0.72421716011 0.73025667957 0.63546248276 0.65929232587 0.80745749359 0.45657454211 0.63598765837 0.69027768660 0.70373531149 0.65509092102 0.70898706755 0.81198713319 0.76150462811 0.94433138580 0.70189719687 0.73380161491 0.97210004595 0.77135167071 1.01214468587 0.94649773518 1.12860237641 0.92332436158 1.14225694216 1.17829711809 1.09236525963 1.21965469703 1.31687783102 1.44521761964 1.29508304339 1.39663887612 1.45933171404 1.37484408849 1.86962515591 1.94866408455 2.23606643471 2.72966585702 2.60539617934 3.03387382656 3.26134051073 4.41830236985 5.45132278605             1 -4190.975868696 59.9910753947   -2 
 484 0.00356744540 0.00876262156 -308.91782597 0.29254006856 0.00009035491 0.56860333905 0.80813978370 0.82519405428 0.75539464074 0.71546901319 0.69854414845 0.75309047190 0.69790452539 0.76147694000 0.68881219715 0.64832447537 0.78102172579 0.57067675929 0.59864662711 0.66065618047 0.67507057451 0.63609351970 0.70678087503 0.71968514002 0.76882083003 0.75703590563 0.73937612987 0.75383855567 0.79058180055 0.78572035025 0.83781978961 0.97295852329 0.91872970324 0.86672094020 0.91983162820 1.11171343652 0.93306302613 0.92040414720 1.04378730228 1.23378313846 1.06176267269 1.24737086152 1.17595491757 1.18367656489 1.42470750641 1.33245719632 1.57349830942 2.12324863841 1.97407380731 2.27097308806 2.41148533401 3.01180304401 3.43183888882 5.37858168047 -347.8144035035 0.00038899949   -8 
-- Local optimization: reached maximum number of likelihood evaluations allowed.
---- Best joint likelihood found -347.814403503511016 with gradient 0.00039

---- Results for RevisionsPolyDFE10/GOTermCount6_5.49478079331942_PolyDFE.input 
--  Model: C
--        eps_an     theta_bar             a 
-- 0.00356744540 0.00876262156            -1 
--           S_d             b           p_b           S_b 
-- -308.91782597 0.29254006856 0.00009035491 0.56860333905 
--           r 2           r 3           r 4           r 5           r 6           r 7           r 8           r 9          r 10          r 11          r 12          r 13          r 14          r 15          r 16          r 17          r 18          r 19          r 20          r 21          r 22          r 23          r 24          r 25          r 26          r 27          r 28          r 29          r 30          r 31          r 32          r 33          r 34          r 35          r 36          r 37          r 38          r 39          r 40          r 41          r 42          r 43          r 44          r 45          r 46          r 47          r 48          r 49 
-- 0.80813978370 0.82519405428 0.75539464074 0.71546901319 0.69854414845 0.75309047190 0.69790452539 0.76147694000 0.68881219715 0.64832447537 0.78102172579 0.57067675929 0.59864662711 0.66065618047 0.67507057451 0.63609351970 0.70678087503 0.71968514002 0.76882083003 0.75703590563 0.73937612987 0.75383855567 0.79058180055 0.78572035025 0.83781978961 0.97295852329 0.91872970324 0.86672094020 0.91983162820 1.11171343652 0.93306302613 0.92040414720 1.04378730228 1.23378313846 1.06176267269 1.24737086152 1.17595491757 1.18367656489 1.42470750641 1.33245719632 1.57349830942 2.12324863841 1.97407380731 2.27097308806 2.41148533401 3.01180304401 3.43183888882 5.37858168047 

---- Expected P_neut(i), 0 < i < n (neutral SFS per site) 
E[P_neut(1)] = 0.0087347927
E[P_neut(2)] = 0.0035303153
E[P_neut(3)] = 0.0024036923
E[P_neut(4)] = 0.0016505447
E[P_neut(5)] = 0.0012509813
E[P_neut(6)] = 0.0010179427
E[P_neut(7)] = 0.0009409014
E[P_neut(8)] = 0.0007628782
E[P_neut(9)] = 0.0007397637
E[P_neut(10)] = 0.0006025402
E[P_neut(11)] = 0.0005155629
E[P_neut(12)] = 0.0005692493
E[P_neut(13)] = 0.0003843450
E[P_neut(14)] = 0.0003742791
E[P_neut(15)] = 0.0003856638
E[P_neut(16)] = 0.0003693525
E[P_neut(17)] = 0.0003275755
E[P_neut(18)] = 0.0003437537
E[P_neut(19)] = 0.0003318490
E[P_neut(20)] = 0.0003366011
E[P_neut(21)] = 0.0003156940
E[P_neut(22)] = 0.0002944693
E[P_neut(23)] = 0.0002873020
E[P_neut(24)] = 0.0002886263
E[P_neut(25)] = 0.0002753988
E[P_neut(26)] = 0.0002823877
E[P_neut(27)] = 0.0003156636
E[P_neut(28)] = 0.0002875421
E[P_neut(29)] = 0.0002620805
E[P_neut(30)] = 0.0002689144
E[P_neut(31)] = 0.0003143057
E[P_neut(32)] = 0.0002558184
E[P_neut(33)] = 0.0002446964
E[P_neut(34)] = 0.0002693685
E[P_neut(35)] = 0.0003091656
E[P_neut(36)] = 0.0002588543
E[P_neut(37)] = 0.0002957303
E[P_neut(38)] = 0.0002722369
E[P_neut(39)] = 0.0002668452
E[P_neut(40)] = 0.0003131441
E[P_neut(41)] = 0.0002864050
E[P_neut(42)] = 0.0003298409
E[P_neut(43)] = 0.0004344992
E[P_neut(44)] = 0.0003953747
E[P_neut(45)] = 0.0004451106
E[P_neut(46)] = 0.0004636328
E[P_neut(47)] = 0.0005681122
E[P_neut(48)] = 0.0006368943
E[P_neut(49)] = 0.0009896753

---- Expected P_sel(i), 0 < i < n (selected SFS per site) 
E[P_sel(1)] = 0.0042722917
E[P_sel(2)] = 0.0013213583
E[P_sel(3)] = 0.0007814280
E[P_sel(4)] = 0.0004892922
E[P_sel(5)] = 0.0003465196
E[P_sel(6)] = 0.0002673452
E[P_sel(7)] = 0.0002365328
E[P_sel(8)] = 0.0001848354
E[P_sel(9)] = 0.0001736112
E[P_sel(10)] = 0.0001374704
E[P_sel(11)] = 0.0001147170
E[P_sel(12)] = 0.0001238383
E[P_sel(13)] = 0.0000818926
E[P_sel(14)] = 0.0000782648
E[P_sel(15)] = 0.0000792497
E[P_sel(16)] = 0.0000746867
E[P_sel(17)] = 0.0000652488
E[P_sel(18)] = 0.0000675125
E[P_sel(19)] = 0.0000643105
E[P_sel(20)] = 0.0000644240
E[P_sel(21)] = 0.0000597104
E[P_sel(22)] = 0.0000550716
E[P_sel(23)] = 0.0000531588
E[P_sel(24)] = 0.0000528629
E[P_sel(25)] = 0.0000499510
E[P_sel(26)] = 0.0000507429
E[P_sel(27)] = 0.0000562160
E[P_sel(28)] = 0.0000507703
E[P_sel(29)] = 0.0000458957
E[P_sel(30)] = 0.0000467201
E[P_sel(31)] = 0.0000541841
E[P_sel(32)] = 0.0000437818
E[P_sel(33)] = 0.0000415798
E[P_sel(34)] = 0.0000454577
E[P_sel(35)] = 0.0000518205
E[P_sel(36)] = 0.0000431145
E[P_sel(37)] = 0.0000489411
E[P_sel(38)] = 0.0000448203
E[P_sel(39)] = 0.0000436692
E[P_sel(40)] = 0.0000509573
E[P_sel(41)] = 0.0000464023
E[P_sel(42)] = 0.0000531402
E[P_sel(43)] = 0.0000696338
E[P_sel(44)] = 0.0000631227
E[P_sel(45)] = 0.0000708004
E[P_sel(46)] = 0.0000736397
E[P_sel(47)] = 0.0000902310
E[P_sel(48)] = 0.0001018041
E[P_sel(49)] = 0.0001636147

---- alpha_dfe = 0.000787

