---- Running command
---- ./polyDFE -d RevisionsPolyDFE10/GOTermCount1_1.97130434782609_PolyDFE.input -m C -i /home/jejames/ArabidopsisCrossGenome/model.txt 1 -e 
---- Performing inference using model C

---- Performing inference on RevisionsPolyDFE10/GOTermCount1_1.97130434782609_PolyDFE.input
----      with -i /home/jejames/ArabidopsisCrossGenome/model.txt 1
---- Data RevisionsPolyDFE10/GOTermCount1_1.97130434782609_PolyDFE.input does not contain divergence counts. Using option -w.
---- No mutation variability. Using Poisson likelihood.


---- Calculating initial values

-- Starting local optimization
-- Optimizing all parameters
  it        eps_an     theta_bar           S_d             b           p_b           S_b           r 2           r 3           r 4           r 5           r 6           r 7           r 8           r 9          r 10          r 11          r 12          r 13          r 14          r 15          r 16          r 17          r 18          r 19          r 20          r 21          r 22          r 23          r 24          r 25          r 26          r 27          r 28          r 29          r 30          r 31          r 32          r 33          r 34          r 35          r 36          r 37          r 38          r 39          r 40          r 41          r 42          r 43          r 44          r 45          r 46          r 47          r 48          r 49           ln lk          grad status 
   0           0.1 0.00966123287        -20000         0.208           0.1            20 0.85643164693 0.75282561894 0.70102260495 0.69597685683 0.74192680301 0.69274757804 0.71528525296 0.70781754574 0.87796017222 0.75558396124 0.65554359526 0.76964477933 0.75820775026 0.82144779332 0.67707212055 0.83375941872 0.66724973089 0.77845801937 0.77099031216 1.00450753498 0.76224434876 0.82164962325 0.92680301399 0.92505382131 1.06001076426 0.97907696447 0.74407965554 1.09062163616 1.20492465016 1.08658503767 1.03121636167 1.42310279870 1.60347147470 1.23856297093 1.46528525296 1.79224973089 1.70775026910 1.86026641550 2.11248654467 2.09909849300 2.37634553283 2.65857104413 2.31485468245 2.84882938643 3.23398815931 4.20546286329 5.95801937567             1 -3747.322479175 48.2805464425   -2 
 690 0.00951061951 0.00857016760 -294.24386152 0.23274846618 0.00006909541 0.33512331262 0.82580327954 0.74891062499 0.73340972457 0.70639268497 0.79938680583 0.67317551945 0.70561604829 0.74064643000 0.77599929012 0.70618267765 0.69205159540 0.72166545278 0.74947954214 0.77727294440 0.64330775158 0.74138103686 0.72458365119 0.72070980291 0.73469173677 0.84088765807 0.72923442216 0.76551431560 0.85640009866 0.86672022051 0.88957455519 0.78620793782 0.77728252271 0.95062307971 0.96996173332 1.05080932010 1.01127245170 1.04513636152 1.41537254983 1.01723191261 1.32877499710 1.32436412543 1.44223208173 1.63398633282 1.60157327453 1.67966700976 1.68382106413 1.86756690381 1.71782298054 2.05845353676 2.29231084851 2.77809039710 3.47377592092 3.82938812960 -339.1174752804 0.00015092244   -8 
-- Local optimization: reached maximum number of likelihood evaluations allowed.
---- Best joint likelihood found -339.117475280408712 with gradient 0.00015

---- Results for RevisionsPolyDFE10/GOTermCount1_1.97130434782609_PolyDFE.input 
--  Model: C
--        eps_an     theta_bar             a 
-- 0.00951061951 0.00857016760            -1 
--           S_d             b           p_b           S_b 
-- -294.24386152 0.23274846618 0.00006909541 0.33512331262 
--           r 2           r 3           r 4           r 5           r 6           r 7           r 8           r 9          r 10          r 11          r 12          r 13          r 14          r 15          r 16          r 17          r 18          r 19          r 20          r 21          r 22          r 23          r 24          r 25          r 26          r 27          r 28          r 29          r 30          r 31          r 32          r 33          r 34          r 35          r 36          r 37          r 38          r 39          r 40          r 41          r 42          r 43          r 44          r 45          r 46          r 47          r 48          r 49 
-- 0.82580327954 0.74891062499 0.73340972457 0.70639268497 0.79938680583 0.67317551945 0.70561604829 0.74064643000 0.77599929012 0.70618267765 0.69205159540 0.72166545278 0.74947954214 0.77727294440 0.64330775158 0.74138103686 0.72458365119 0.72070980291 0.73469173677 0.84088765807 0.72923442216 0.76551431560 0.85640009866 0.86672022051 0.88957455519 0.78620793782 0.77728252271 0.95062307971 0.96996173332 1.05080932010 1.01127245170 1.04513636152 1.41537254983 1.01723191261 1.32877499710 1.32436412543 1.44223208173 1.63398633282 1.60157327453 1.67966700976 1.68382106413 1.86756690381 1.71782298054 2.05845353676 2.29231084851 2.77809039710 3.47377592092 3.82938812960 

---- Expected P_neut(i), 0 < i < n (neutral SFS per site) 
E[P_neut(1)] = 0.0084950299
E[P_neut(2)] = 0.0035108804
E[P_neut(3)] = 0.0021239003
E[P_neut(4)] = 0.0015604782
E[P_neut(5)] = 0.0012029939
E[P_neut(6)] = 0.0011341360
E[P_neut(7)] = 0.0008198769
E[P_neut(8)] = 0.0007519846
E[P_neut(9)] = 0.0007019054
E[P_neut(10)] = 0.0006619829
E[P_neut(11)] = 0.0005483735
E[P_neut(12)] = 0.0004926427
E[P_neut(13)] = 0.0004741461
E[P_neut(14)] = 0.0004574426
E[P_neut(15)] = 0.0004422360
E[P_neut(16)] = 0.0003446943
E[P_neut(17)] = 0.0003727774
E[P_neut(18)] = 0.0003442838
E[P_neut(19)] = 0.0003247555
E[P_neut(20)] = 0.0003144627
E[P_neut(21)] = 0.0003425770
E[P_neut(22)] = 0.0002836364
E[P_neut(23)] = 0.0002849034
E[P_neut(24)] = 0.0003056925
E[P_neut(25)] = 0.0002971175
E[P_neut(26)] = 0.0002933429
E[P_neut(27)] = 0.0002498925
E[P_neut(28)] = 0.0002383477
E[P_neut(29)] = 0.0002815229
E[P_neut(30)] = 0.0002774500
E[P_neut(31)] = 0.0002908325
E[P_neut(32)] = 0.0002715419
E[P_neut(33)] = 0.0002723972
E[P_neut(34)] = 0.0003566482
E[P_neut(35)] = 0.0002509360
E[P_neut(36)] = 0.0003176834
E[P_neut(37)] = 0.0003083646
E[P_neut(38)] = 0.0003268748
E[P_neut(39)] = 0.0003608828
E[P_neut(40)] = 0.0003462053
E[P_neut(41)] = 0.0003544667
E[P_neut(42)] = 0.0003475078
E[P_neut(43)] = 0.0003765161
E[P_neut(44)] = 0.0003422688
E[P_neut(45)] = 0.0003998155
E[P_neut(46)] = 0.0004379587
E[P_neut(47)] = 0.0005220976
E[P_neut(48)] = 0.0006479818
E[P_neut(49)] = 0.0007449030

---- Expected P_sel(i), 0 < i < n (selected SFS per site) 
E[P_sel(1)] = 0.0046095371
E[P_sel(2)] = 0.0015383856
E[P_sel(3)] = 0.0008325908
E[P_sel(4)] = 0.0005687670
E[P_sel(5)] = 0.0004155824
E[P_sel(6)] = 0.0003757147
E[P_sel(7)] = 0.0002622751
E[P_sel(8)] = 0.0002336397
E[P_sel(9)] = 0.0002126221
E[P_sel(10)] = 0.0001961161
E[P_sel(11)] = 0.0001592263
E[P_sel(12)] = 0.0001405120
E[P_sel(13)] = 0.0001330599
E[P_sel(14)] = 0.0001264641
E[P_sel(15)] = 0.0001206120
E[P_sel(16)] = 0.0000927580
E[P_sel(17)] = 0.0000991666
E[P_sel(18)] = 0.0000905648
E[P_sel(19)] = 0.0000845284
E[P_sel(20)] = 0.0000810449
E[P_sel(21)] = 0.0000874711
E[P_sel(22)] = 0.0000717798
E[P_sel(23)] = 0.0000714922
E[P_sel(24)] = 0.0000760919
E[P_sel(25)] = 0.0000733905
E[P_sel(26)] = 0.0000719273
E[P_sel(27)] = 0.0000608447
E[P_sel(28)] = 0.0000576444
E[P_sel(29)] = 0.0000676473
E[P_sel(30)] = 0.0000662498
E[P_sel(31)] = 0.0000690271
E[P_sel(32)] = 0.0000640860
E[P_sel(33)] = 0.0000639383
E[P_sel(34)] = 0.0000832154
E[P_sel(35)] = 0.0000583214
E[P_sel(36)] = 0.0000734263
E[P_sel(37)] = 0.0000709446
E[P_sel(38)] = 0.0000748504
E[P_sel(39)] = 0.0000822723
E[P_sel(40)] = 0.0000786803
E[P_sel(41)] = 0.0000802558
E[P_sel(42)] = 0.0000784390
E[P_sel(43)] = 0.0000847000
E[P_sel(44)] = 0.0000771642
E[P_sel(45)] = 0.0000898119
E[P_sel(46)] = 0.0000985711
E[P_sel(47)] = 0.0001179911
E[P_sel(48)] = 0.0001489181
E[P_sel(49)] = 0.0001885638

---- alpha_dfe = 0.000379

