---- Running command
---- ./polyDFE -d RevisionsPolyDFE10/GOTermCount3_3.18740157480315_PolyDFE.input -m C -i /home/jejames/ArabidopsisCrossGenome/model.txt 1 -e 
---- Performing inference using model C

---- Performing inference on RevisionsPolyDFE10/GOTermCount3_3.18740157480315_PolyDFE.input
----      with -i /home/jejames/ArabidopsisCrossGenome/model.txt 1
---- Data RevisionsPolyDFE10/GOTermCount3_3.18740157480315_PolyDFE.input does not contain divergence counts. Using option -w.
---- No mutation variability. Using Poisson likelihood.


---- Calculating initial values

-- Starting local optimization
-- Optimizing all parameters
  it        eps_an     theta_bar           S_d             b           p_b           S_b           r 2           r 3           r 4           r 5           r 6           r 7           r 8           r 9          r 10          r 11          r 12          r 13          r 14          r 15          r 16          r 17          r 18          r 19          r 20          r 21          r 22          r 23          r 24          r 25          r 26          r 27          r 28          r 29          r 30          r 31          r 32          r 33          r 34          r 35          r 36          r 37          r 38          r 39          r 40          r 41          r 42          r 43          r 44          r 45          r 46          r 47          r 48          r 49           ln lk          grad status 
   0           0.1 0.00967369095        -20000         0.208           0.1            20 0.75933811899 0.67544713468 0.60712982114 0.50796933933 0.66540941720 0.62769193332 0.64776736829 0.63128117775 0.55967879304 0.58419515756 0.69935515269 0.81378513201 0.57148071541 0.66705195279 0.63657379243 0.78805207446 0.69095997079 0.60104635600 0.63389706776 0.64004136756 0.80569412337 0.82692541671 0.77673682929 0.82126779413 0.74023603844 0.85247597031 0.78014356977 0.89798028957 0.81944275459 0.98065458084 0.93247353692 1.24066188100 1.08796690594 1.40315123494 1.48704221924 1.75793892201 1.43788782090 1.55876627326 1.46003163401 2.13754714685 2.19479255383 2.05608954860 2.80253072149 2.38167660299 2.61649835746 3.74273025915 5.39919698260             1 -4550.585598644 36.3512875639   -2 
 898 0.00003184420 0.00797992785 -75.736467624 0.31177222481 0.00002544836 0.21632192186 0.78596482922 0.73283802906 0.70066172855 0.67145850939 0.72301808701 0.72640568235 0.70127778414 0.74180013500 0.62198996954 0.71887603447 0.77754050833 0.77543289859 0.64758399879 0.66685608717 0.65665730496 0.78757513541 0.80800520477 0.69965234449 0.68889453248 0.68912619751 0.81528206135 0.75196456501 0.73056495967 0.79259179837 0.73582060395 0.81275493281 0.75371946132 0.83280716882 0.85699139539 0.75857207530 0.89476697908 0.95450521555 1.02595570012 1.15009258638 1.15625946320 1.29900909403 1.17404421576 1.26540251328 1.25550321042 1.76899955041 1.74392242942 1.85371541578 2.01871361694 1.97739694103 2.05394496622 2.50819553817 3.33840109815 4.53895411031 -376.7090521618 0.00008034862    0 
---- Best joint likelihood found -376.709052161885381 with gradient 0.00008

---- Results for RevisionsPolyDFE10/GOTermCount3_3.18740157480315_PolyDFE.input 
--  Model: C
--        eps_an     theta_bar             a 
-- 0.00003184420 0.00797992785            -1 
--           S_d             b           p_b           S_b 
-- -75.736467624 0.31177222481 0.00002544836 0.21632192186 
--           r 2           r 3           r 4           r 5           r 6           r 7           r 8           r 9          r 10          r 11          r 12          r 13          r 14          r 15          r 16          r 17          r 18          r 19          r 20          r 21          r 22          r 23          r 24          r 25          r 26          r 27          r 28          r 29          r 30          r 31          r 32          r 33          r 34          r 35          r 36          r 37          r 38          r 39          r 40          r 41          r 42          r 43          r 44          r 45          r 46          r 47          r 48          r 49 
-- 0.78596482922 0.73283802906 0.70066172855 0.67145850939 0.72301808701 0.72640568235 0.70127778414 0.74180013500 0.62198996954 0.71887603447 0.77754050833 0.77543289859 0.64758399879 0.66685608717 0.65665730496 0.78757513541 0.80800520477 0.69965234449 0.68889453248 0.68912619751 0.81528206135 0.75196456501 0.73056495967 0.79259179837 0.73582060395 0.81275493281 0.75371946132 0.83280716882 0.85699139539 0.75857207530 0.89476697908 0.95450521555 1.02595570012 1.15009258638 1.15625946320 1.29900909403 1.17404421576 1.26540251328 1.25550321042 1.76899955041 1.74392242942 1.85371541578 2.01871361694 1.97739694103 2.05394496622 2.50819553817 3.33840109815 4.53895411031 

---- Expected P_neut(i), 0 < i < n (neutral SFS per site) 
E[P_neut(1)] = 0.0079796973
E[P_neut(2)] = 0.0031358891
E[P_neut(3)] = 0.0019492830
E[P_neut(4)] = 0.0013977743
E[P_neut(5)] = 0.0010716151
E[P_neut(6)] = 0.0009615864
E[P_neut(7)] = 0.0008280796
E[P_neut(8)] = 0.0006995065
E[P_neut(9)] = 0.0006577135
E[P_neut(10)] = 0.0004963357
E[P_neut(11)] = 0.0005214988
E[P_neut(12)] = 0.0005170511
E[P_neut(13)] = 0.0004759860
E[P_neut(14)] = 0.0003691159
E[P_neut(15)] = 0.0003547613
E[P_neut(16)] = 0.0003275021
E[P_neut(17)] = 0.0003696893
E[P_neut(18)] = 0.0003582081
E[P_neut(19)] = 0.0002938482
E[P_neut(20)] = 0.0002748649
E[P_neut(21)] = 0.0002618645
E[P_neut(22)] = 0.0002957198
E[P_neut(23)] = 0.0002608960
E[P_neut(24)] = 0.0002429101
E[P_neut(25)] = 0.0002529930
E[P_neut(26)] = 0.0002258388
E[P_neut(27)] = 0.0002402127
E[P_neut(28)] = 0.0002148107
E[P_neut(29)] = 0.0002291645
E[P_neut(30)] = 0.0002279591
E[P_neut(31)] = 0.0001952725
E[P_neut(32)] = 0.0002231348
E[P_neut(33)] = 0.0002308191
E[P_neut(34)] = 0.0002407984
E[P_neut(35)] = 0.0002622217
E[P_neut(36)] = 0.0002563055
E[P_neut(37)] = 0.0002801684
E[P_neut(38)] = 0.0002465557
E[P_neut(39)] = 0.0002589268
E[P_neut(40)] = 0.0002504785
E[P_neut(41)] = 0.0003443146
E[P_neut(42)] = 0.0003313540
E[P_neut(43)] = 0.0003440274
E[P_neut(44)] = 0.0003661369
E[P_neut(45)] = 0.0003506782
E[P_neut(46)] = 0.0003563447
E[P_neut(47)] = 0.0004259042
E[P_neut(48)] = 0.0005550864
E[P_neut(49)] = 0.0007394250

---- Expected P_sel(i), 0 < i < n (selected SFS per site) 
E[P_sel(1)] = 0.0052480152
E[P_sel(2)] = 0.0016641567
E[P_sel(3)] = 0.0009078145
E[P_sel(4)] = 0.0005946279
E[P_sel(5)] = 0.0004257953
E[P_sel(6)] = 0.0003618498
E[P_sel(7)] = 0.0002978944
E[P_sel(8)] = 0.0002421879
E[P_sel(9)] = 0.0002202706
E[P_sel(10)] = 0.0001614179
E[P_sel(11)] = 0.0001652104
E[P_sel(12)] = 0.0001599652
E[P_sel(13)] = 0.0001441138
E[P_sel(14)] = 0.0001095622
E[P_sel(15)] = 0.0001033890
E[P_sel(16)] = 0.0000938331
E[P_sel(17)] = 0.0001042494
E[P_sel(18)] = 0.0000995168
E[P_sel(19)] = 0.0000804987
E[P_sel(20)] = 0.0000743068
E[P_sel(21)] = 0.0000699090
E[P_sel(22)] = 0.0000780112
E[P_sel(23)] = 0.0000680473
E[P_sel(24)] = 0.0000626731
E[P_sel(25)] = 0.0000646012
E[P_sel(26)] = 0.0000570974
E[P_sel(27)] = 0.0000601549
E[P_sel(28)] = 0.0000533026
E[P_sel(29)] = 0.0000563644
E[P_sel(30)] = 0.0000555925
E[P_sel(31)] = 0.0000472313
E[P_sel(32)] = 0.0000535432
E[P_sel(33)] = 0.0000549626
E[P_sel(34)] = 0.0000569130
E[P_sel(35)] = 0.0000615300
E[P_sel(36)] = 0.0000597212
E[P_sel(37)] = 0.0000648379
E[P_sel(38)] = 0.0000566823
E[P_sel(39)] = 0.0000591435
E[P_sel(40)] = 0.0000568553
E[P_sel(41)] = 0.0000776775
E[P_sel(42)] = 0.0000743087
E[P_sel(43)] = 0.0000767029
E[P_sel(44)] = 0.0000811695
E[P_sel(45)] = 0.0000773125
E[P_sel(46)] = 0.0000781385
E[P_sel(47)] = 0.0000929000
E[P_sel(48)] = 0.0001204601
E[P_sel(49)] = 0.0001597180

---- alpha_dfe = 0.000133

