---- Running command
---- ./polyDFE -d RevisionsPolyDFE10/GOTermCount8_7.56011450381679_PolyDFE.input -m C -i /home/jejames/ArabidopsisCrossGenome/model.txt 1 -e 
---- Performing inference using model C

---- Performing inference on RevisionsPolyDFE10/GOTermCount8_7.56011450381679_PolyDFE.input
----      with -i /home/jejames/ArabidopsisCrossGenome/model.txt 1
---- Data RevisionsPolyDFE10/GOTermCount8_7.56011450381679_PolyDFE.input does not contain divergence counts. Using option -w.
---- No mutation variability. Using Poisson likelihood.


---- Calculating initial values

-- Starting local optimization
-- Optimizing all parameters
  it        eps_an     theta_bar           S_d             b           p_b           S_b           r 2           r 3           r 4           r 5           r 6           r 7           r 8           r 9          r 10          r 11          r 12          r 13          r 14          r 15          r 16          r 17          r 18          r 19          r 20          r 21          r 22          r 23          r 24          r 25          r 26          r 27          r 28          r 29          r 30          r 31          r 32          r 33          r 34          r 35          r 36          r 37          r 38          r 39          r 40          r 41          r 42          r 43          r 44          r 45          r 46          r 47          r 48          r 49           ln lk          grad status 
   0           0.1 0.00910911016        -80000         0.208           0.1            20 0.79827663815 0.71937495980 0.72741302810 0.73307182817 0.73114269178 0.63828692688 0.62812680856 0.49192977943 0.70349173686 0.66349430904 0.69911902771 0.68632242299 0.68780142756 0.62504019034 0.73975950099 0.76413092405 0.75699311941 0.76361648768 0.79351810172 0.71435920519 0.72998520995 0.80309947913 0.79634750176 1.01279660472 1.07671532377 0.84554047971 1.01549739566 0.97157739052 1.14397787923 1.16616294772 1.24699376245 1.46633656999 1.20468137097 1.42241656485 1.28711979936 1.59173043534 1.15825348852 1.30911195421 1.86740402546 1.81917561571 2.23895569416 2.54941804385 2.53231303453 2.89370458491 3.34846633657 4.23426146228 5.50344029322             1 -4183.180607929 62.2503336771   -2 
1110 0.01035824960 0.00785982780 -481.77315866 0.28363559838 0.00000804671 0.12896203752 0.84611226086 0.73969229301 0.78850380909 0.75061890879 0.75690708407 0.64652119997 0.64777508466 0.59843737605 0.69243978028 0.66346907202 0.72409338446 0.74415067566 0.74530438934 0.66101530358 0.71543102644 0.66263241295 0.70645569396 0.80143302875 0.77351497791 0.69455678086 0.73182838867 0.73636821419 0.95232831626 0.92667049223 0.96667473728 0.82104423497 0.78537212072 0.91814410079 0.92993010928 0.96263012035 1.02044982950 1.13787506630 1.10006713880 1.11083812371 0.94787817039 1.29416395274 0.91924357094 1.14250264090 1.51864179087 1.57511025699 1.76310716374 1.97495750250 1.89137863489 2.10354977704 2.19230718596 2.77500825125 3.15223328361 3.44765385688 -347.2334509563 0.00009240439    0 
---- Best joint likelihood found -347.233450956323395 with gradient 0.00009

---- Results for RevisionsPolyDFE10/GOTermCount8_7.56011450381679_PolyDFE.input 
--  Model: C
--        eps_an     theta_bar             a 
-- 0.01035824960 0.00785982780            -1 
--           S_d             b           p_b           S_b 
-- -481.77315866 0.28363559838 0.00000804671 0.12896203752 
--           r 2           r 3           r 4           r 5           r 6           r 7           r 8           r 9          r 10          r 11          r 12          r 13          r 14          r 15          r 16          r 17          r 18          r 19          r 20          r 21          r 22          r 23          r 24          r 25          r 26          r 27          r 28          r 29          r 30          r 31          r 32          r 33          r 34          r 35          r 36          r 37          r 38          r 39          r 40          r 41          r 42          r 43          r 44          r 45          r 46          r 47          r 48          r 49 
-- 0.84611226086 0.73969229301 0.78850380909 0.75061890879 0.75690708407 0.64652119997 0.64777508466 0.59843737605 0.69243978028 0.66346907202 0.72409338446 0.74415067566 0.74530438934 0.66101530358 0.71543102644 0.66263241295 0.70645569396 0.80143302875 0.77351497791 0.69455678086 0.73182838867 0.73636821419 0.95232831626 0.92667049223 0.96667473728 0.82104423497 0.78537212072 0.91814410079 0.92993010928 0.96263012035 1.02044982950 1.13787506630 1.10006713880 1.11083812371 0.94787817039 1.29416395274 0.91924357094 1.14250264090 1.51864179087 1.57511025699 1.76310716374 1.97495750250 1.89137863489 2.10354977704 2.19230718596 2.77500825125 3.15223328361 3.44765385688 

---- Expected P_neut(i), 0 < i < n (neutral SFS per site) 
E[P_neut(1)] = 0.0077841421
E[P_neut(2)] = 0.0032960522
E[P_neut(3)] = 0.0019226845
E[P_neut(4)] = 0.0015372073
E[P_neut(5)] = 0.0011715306
E[P_neut(6)] = 0.0009847557
E[P_neut(7)] = 0.0007221549
E[P_neut(8)] = 0.0006332505
E[P_neut(9)] = 0.0005203381
E[P_neut(10)] = 0.0005416993
E[P_neut(11)] = 0.0004715429
E[P_neut(12)] = 0.0004713276
E[P_neut(13)] = 0.0004481024
E[P_neut(14)] = 0.0004162355
E[P_neut(15)] = 0.0003453606
E[P_neut(16)] = 0.0003504416
E[P_neut(17)] = 0.0003059972
E[P_neut(18)] = 0.0003078798
E[P_neut(19)] = 0.0003306269
E[P_neut(20)] = 0.0003033596
E[P_neut(21)] = 0.0002598419
E[P_neut(22)] = 0.0002610319
E[P_neut(23)] = 0.0002515095
E[P_neut(24)] = 0.0003116771
E[P_neut(25)] = 0.0002913388
E[P_neut(26)] = 0.0002924304
E[P_neut(27)] = 0.0002391407
E[P_neut(28)] = 0.0002208850
E[P_neut(29)] = 0.0002489584
E[P_neut(30)] = 0.0002442615
E[P_neut(31)] = 0.0002449740
E[P_neut(32)] = 0.0002512416
E[P_neut(33)] = 0.0002713814
E[P_neut(34)] = 0.0002553103
E[P_neut(35)] = 0.0002504608
E[P_neut(36)] = 0.0002091394
E[P_neut(37)] = 0.0002767291
E[P_neut(38)] = 0.0001930773
E[P_neut(39)] = 0.0002327787
E[P_neut(40)] = 0.0003009530
E[P_neut(41)] = 0.0003042393
E[P_neut(42)] = 0.0003331203
E[P_neut(43)] = 0.0003647761
E[P_neut(44)] = 0.0003446324
E[P_neut(45)] = 0.0003758284
E[P_neut(46)] = 0.0003867591
E[P_neut(47)] = 0.0004793326
E[P_neut(48)] = 0.0005452630
E[P_neut(49)] = 0.0006287054

---- Expected P_sel(i), 0 < i < n (selected SFS per site) 
E[P_sel(1)] = 0.0034645478
E[P_sel(2)] = 0.0011157520
E[P_sel(3)] = 0.0005661480
E[P_sel(4)] = 0.0004136278
E[P_sel(5)] = 0.0002950108
E[P_sel(6)] = 0.0002354446
E[P_sel(7)] = 0.0001653938
E[P_sel(8)] = 0.0001399213
E[P_sel(9)] = 0.0001114484
E[P_sel(10)] = 0.0001129203
E[P_sel(11)] = 0.0000959567
E[P_sel(12)] = 0.0000938572
E[P_sel(13)] = 0.0000874305
E[P_sel(14)] = 0.0000797656
E[P_sel(15)] = 0.0000650509
E[P_sel(16)] = 0.0000649869
E[P_sel(17)] = 0.0000559129
E[P_sel(18)] = 0.0000555032
E[P_sel(19)] = 0.0000588519
E[P_sel(20)] = 0.0000533471
E[P_sel(21)] = 0.0000451706
E[P_sel(22)] = 0.0000448929
E[P_sel(23)] = 0.0000428106
E[P_sel(24)] = 0.0000525351
E[P_sel(25)] = 0.0000486497
E[P_sel(26)] = 0.0000483980
E[P_sel(27)] = 0.0000392411
E[P_sel(28)] = 0.0000359518
E[P_sel(29)] = 0.0000401991
E[P_sel(30)] = 0.0000391503
E[P_sel(31)] = 0.0000389854
E[P_sel(32)] = 0.0000396972
E[P_sel(33)] = 0.0000425832
E[P_sel(34)] = 0.0000398196
E[P_sel(35)] = 0.0000388202
E[P_sel(36)] = 0.0000322720
E[P_sel(37)] = 0.0000424163
E[P_sel(38)] = 0.0000295107
E[P_sel(39)] = 0.0000353481
E[P_sel(40)] = 0.0000454351
E[P_sel(41)] = 0.0000456946
E[P_sel(42)] = 0.0000498543
E[P_sel(43)] = 0.0000543921
E[P_sel(44)] = 0.0000514936
E[P_sel(45)] = 0.0000561337
E[P_sel(46)] = 0.0000581423
E[P_sel(47)] = 0.0000722677
E[P_sel(48)] = 0.0000851167
E[P_sel(49)] = 0.0001145766

---- alpha_dfe = 0.000061

