---- Running command
---- ./polyDFE -d RevisionsPolyDFE10/GOTermCount9_9.44852191641182_PolyDFE.input -m C -i /home/jejames/ArabidopsisCrossGenome/model.txt 1 -e 
---- Performing inference using model C

---- Performing inference on RevisionsPolyDFE10/GOTermCount9_9.44852191641182_PolyDFE.input
----      with -i /home/jejames/ArabidopsisCrossGenome/model.txt 1
---- Data RevisionsPolyDFE10/GOTermCount9_9.44852191641182_PolyDFE.input does not contain divergence counts. Using option -w.
---- No mutation variability. Using Poisson likelihood.


---- Calculating initial values

-- Starting local optimization
-- Optimizing all parameters
  it        eps_an     theta_bar           S_d             b           p_b           S_b           r 2           r 3           r 4           r 5           r 6           r 7           r 8           r 9          r 10          r 11          r 12          r 13          r 14          r 15          r 16          r 17          r 18          r 19          r 20          r 21          r 22          r 23          r 24          r 25          r 26          r 27          r 28          r 29          r 30          r 31          r 32          r 33          r 34          r 35          r 36          r 37          r 38          r 39          r 40          r 41          r 42          r 43          r 44          r 45          r 46          r 47          r 48          r 49           ln lk          grad status 
   0           0.1 0.00975908083        -20000         0.406           0.1            20 0.85671697410 0.68641699273 0.65759890690 0.67014471150 0.68977082168 0.63822122849 0.56145581019 0.58524315259 0.61238432395 0.68728650394 0.60816098378 0.56518228681 0.78603813427 0.69405626979 0.50978200111 0.60921681883 0.74455002794 0.70213030246 0.51301161418 0.80081982485 0.69411837774 0.80423576175 0.82429662753 0.90056518228 0.80255884727 0.71604248183 0.99472082479 0.73125892801 0.96329420532 0.91453946959 0.94205328861 0.96944289174 0.96503322774 1.01080678218 1.37730575740 1.05707720017 1.47270355878 1.58412520961 1.57505744984 1.79013725855 1.69554686044 2.16856095894 2.23812185578 3.30352152040 2.92267561021 4.07502639587 5.94149431712             1 -4174.752993399 43.6275384698   -2 
 916 0.00000561344 0.00847450226 -970.73602462 0.26476197834 0.00000869488 0.09921699668 0.85252748073 0.72743837804 0.69159548543 0.71769597710 0.68530526580 0.65202201051 0.63093988954 0.61985913805 0.57864354685 0.69498118217 0.64335099047 0.59464658640 0.67680659960 0.66687547848 0.56432294056 0.71480521182 0.71936487394 0.66860167834 0.63376858318 0.79511498518 0.67365084574 0.79256033994 0.81390469431 0.76580909050 0.65713074127 0.61062479404 0.88549026170 0.65991385950 0.82988769790 0.76319203953 0.75656153167 0.82822932899 0.76041642948 0.79693012417 1.02389204748 0.87239842315 1.12578542058 1.19919562470 1.28915491773 1.48407978433 1.29925328751 1.60840868628 1.66454588127 2.36510174937 2.10883696994 2.86658872831 3.70869724211 4.99118004493 -338.9091092639 0.00025208558   -8 
-- Local optimization: reached maximum number of likelihood evaluations allowed.
---- Best joint likelihood found -338.909109263951962 with gradient 0.00025

---- Results for RevisionsPolyDFE10/GOTermCount9_9.44852191641182_PolyDFE.input 
--  Model: C
--        eps_an     theta_bar             a 
-- 0.00000561344 0.00847450226            -1 
--           S_d             b           p_b           S_b 
-- -970.73602462 0.26476197834 0.00000869488 0.09921699668 
--           r 2           r 3           r 4           r 5           r 6           r 7           r 8           r 9          r 10          r 11          r 12          r 13          r 14          r 15          r 16          r 17          r 18          r 19          r 20          r 21          r 22          r 23          r 24          r 25          r 26          r 27          r 28          r 29          r 30          r 31          r 32          r 33          r 34          r 35          r 36          r 37          r 38          r 39          r 40          r 41          r 42          r 43          r 44          r 45          r 46          r 47          r 48          r 49 
-- 0.85252748073 0.72743837804 0.69159548543 0.71769597710 0.68530526580 0.65202201051 0.63093988954 0.61985913805 0.57864354685 0.69498118217 0.64335099047 0.59464658640 0.67680659960 0.66687547848 0.56432294056 0.71480521182 0.71936487394 0.66860167834 0.63376858318 0.79511498518 0.67365084574 0.79256033994 0.81390469431 0.76580909050 0.65713074127 0.61062479404 0.88549026170 0.65991385950 0.82988769790 0.76319203953 0.75656153167 0.82822932899 0.76041642948 0.79693012417 1.02389204748 0.87239842315 1.12578542058 1.19919562470 1.28915491773 1.48407978433 1.29925328751 1.60840868628 1.66454588127 2.36510174937 2.10883696994 2.86658872831 3.70869724211 4.99118004493 

---- Expected P_neut(i), 0 < i < n (neutral SFS per site) 
E[P_neut(1)] = 0.0084744595
E[P_neut(2)] = 0.0036123564
E[P_neut(3)] = 0.0020548841
E[P_neut(4)] = 0.0014652258
E[P_neut(5)] = 0.0012164189
E[P_neut(6)] = 0.0009679332
E[P_neut(7)] = 0.0007893633
E[P_neut(8)] = 0.0006683604
E[P_neut(9)] = 0.0005836649
E[P_neut(10)] = 0.0004903704
E[P_neut(11)] = 0.0005354184
E[P_neut(12)] = 0.0004543388
E[P_neut(13)] = 0.0003876400
E[P_neut(14)] = 0.0004096847
E[P_neut(15)] = 0.0003767615
E[P_neut(16)] = 0.0002988966
E[P_neut(17)] = 0.0003563297
E[P_neut(18)] = 0.0003386803
E[P_neut(19)] = 0.0002982135
E[P_neut(20)] = 0.0002685435
E[P_neut(21)] = 0.0003208661
E[P_neut(22)] = 0.0002594935
E[P_neut(23)] = 0.0002920235
E[P_neut(24)] = 0.0002873928
E[P_neut(25)] = 0.0002595940
E[P_neut(26)] = 0.0002141872
E[P_neut(27)] = 0.0001916576
E[P_neut(28)] = 0.0002680031
E[P_neut(29)] = 0.0001928435
E[P_neut(30)] = 0.0002344297
E[P_neut(31)] = 0.0002086351
E[P_neut(32)] = 0.0002003596
E[P_neut(33)] = 0.0002126927
E[P_neut(34)] = 0.0001895345
E[P_neut(35)] = 0.0001929606
E[P_neut(36)] = 0.0002410280
E[P_neut(37)] = 0.0001998157
E[P_neut(38)] = 0.0002510662
E[P_neut(39)] = 0.0002605807
E[P_neut(40)] = 0.0002731249
E[P_neut(41)] = 0.0003067537
E[P_neut(42)] = 0.0002621576
E[P_neut(43)] = 0.0003169902
E[P_neut(44)] = 0.0003205990
E[P_neut(45)] = 0.0004454057
E[P_neut(46)] = 0.0003885135
E[P_neut(47)] = 0.0005168791
E[P_neut(48)] = 0.0006547950
E[P_neut(49)] = 0.0008632625

---- Expected P_sel(i), 0 < i < n (selected SFS per site) 
E[P_sel(1)] = 0.0033078854
E[P_sel(2)] = 0.0010770343
E[P_sel(3)] = 0.0005371029
E[P_sel(4)] = 0.0003518741
E[P_sel(5)] = 0.0002745947
E[P_sel(6)] = 0.0002081577
E[P_sel(7)] = 0.0001631413
E[P_sel(8)] = 0.0001335705
E[P_sel(9)] = 0.0001133060
E[P_sel(10)] = 0.0000927943
E[P_sel(11)] = 0.0000990373
E[P_sel(12)] = 0.0000823315
E[P_sel(13)] = 0.0000689442
E[P_sel(14)] = 0.0000716267
E[P_sel(15)] = 0.0000648365
E[P_sel(16)] = 0.0000506867
E[P_sel(17)] = 0.0000596034
E[P_sel(18)] = 0.0000559280
E[P_sel(19)] = 0.0000486539
E[P_sel(20)] = 0.0000433161
E[P_sel(21)] = 0.0000511996
E[P_sel(22)] = 0.0000409838
E[P_sel(23)] = 0.0000456732
E[P_sel(24)] = 0.0000445318
E[P_sel(25)] = 0.0000398674
E[P_sel(26)] = 0.0000326142
E[P_sel(27)] = 0.0000289454
E[P_sel(28)] = 0.0000401578
E[P_sel(29)] = 0.0000286774
E[P_sel(30)] = 0.0000346075
E[P_sel(31)] = 0.0000305827
E[P_sel(32)] = 0.0000291698
E[P_sel(33)] = 0.0000307613
E[P_sel(34)] = 0.0000272370
E[P_sel(35)] = 0.0000275577
E[P_sel(36)] = 0.0000342156
E[P_sel(37)] = 0.0000281996
E[P_sel(38)] = 0.0000352312
E[P_sel(39)] = 0.0000363642
E[P_sel(40)] = 0.0000379095
E[P_sel(41)] = 0.0000423538
E[P_sel(42)] = 0.0000360111
E[P_sel(43)] = 0.0000433256
E[P_sel(44)] = 0.0000436052
E[P_sel(45)] = 0.0000602915
E[P_sel(46)] = 0.0000523456
E[P_sel(47)] = 0.0000693234
E[P_sel(48)] = 0.0000874301
E[P_sel(49)] = 0.0001147693

---- alpha_dfe = 0.000069

