---- Running command
---- ./polyDFE -d RevisionsPolyDFE10/GOTermCount2_2.98611111111111_PolyDFE.input -m C -i /home/jejames/ArabidopsisCrossGenome/model.txt 1 -e 
---- Performing inference using model C

---- Performing inference on RevisionsPolyDFE10/GOTermCount2_2.98611111111111_PolyDFE.input
----      with -i /home/jejames/ArabidopsisCrossGenome/model.txt 1
---- Data RevisionsPolyDFE10/GOTermCount2_2.98611111111111_PolyDFE.input does not contain divergence counts. Using option -w.
---- No mutation variability. Using Poisson likelihood.


---- Calculating initial values

-- Starting local optimization
-- Optimizing all parameters
  it        eps_an     theta_bar           S_d             b           p_b           S_b           r 2           r 3           r 4           r 5           r 6           r 7           r 8           r 9          r 10          r 11          r 12          r 13          r 14          r 15          r 16          r 17          r 18          r 19          r 20          r 21          r 22          r 23          r 24          r 25          r 26          r 27          r 28          r 29          r 30          r 31          r 32          r 33          r 34          r 35          r 36          r 37          r 38          r 39          r 40          r 41          r 42          r 43          r 44          r 45          r 46          r 47          r 48          r 49           ln lk          grad status 
   0           0.1 0.00991022240        -20000         0.208           0.1            20 0.85372941556 0.78792379722 0.63855343881 0.70552147239 0.65095253471 0.67355505327 0.69228285437 0.63990958992 0.68195027445 0.65779786890 0.63777849531 0.68756861478 0.67265095253 0.55505327736 0.52489505973 0.64443009363 0.57307071359 0.73496932515 0.67807555699 0.87471746851 0.80271230222 0.76196319018 0.83383919922 1.11398127219 0.87646109137 0.93632547626 0.94930577978 1.13303196641 0.93961898611 0.70268001291 1.23371004197 1.37029383274 1.25592508879 0.98773006134 1.43209557636 1.36435259928 1.48957055214 1.64714239586 1.61188246690 1.66541814659 1.89861155957 2.36034872457 2.72780109783 2.97868905392 3.11320632870 4.74401033257 6.10655473038             1 -3982.366719149 37.8880488197   -2 
 658 0.00008660098 0.00886689063 -166.54076465 0.23943974469 0.00005884613 0.31027210916 0.80170928723 0.76159642285 0.65730123067 0.66663852829 0.65378866295 0.64956749945 0.69914737280 0.61359557080 0.63155005526 0.63164873082 0.59794349145 0.67274698218 0.56338852481 0.58692806902 0.59192710930 0.55839266056 0.57741092952 0.68879369723 0.71429653006 0.67504011544 0.67200570246 0.67686565389 0.65455580862 0.80651851602 0.79558765712 0.72499453195 0.85642248833 0.90544757702 0.86171208161 0.69044496015 0.95915234255 1.01845960809 0.92664011103 0.85459375918 1.10202478727 1.16546054478 1.37322892464 1.47594069441 1.34546400015 1.46001927517 1.66964823864 1.93502081627 2.03242402322 2.37742069930 2.52338417226 3.34204378325 3.77472887607 4.87970204150 -342.9751807707 0.00008369282    0 
---- Best joint likelihood found -342.975180770782060 with gradient 0.00008

---- Results for RevisionsPolyDFE10/GOTermCount2_2.98611111111111_PolyDFE.input 
--  Model: C
--        eps_an     theta_bar             a 
-- 0.00008660098 0.00886689063            -1 
--           S_d             b           p_b           S_b 
-- -166.54076465 0.23943974469 0.00005884613 0.31027210916 
--           r 2           r 3           r 4           r 5           r 6           r 7           r 8           r 9          r 10          r 11          r 12          r 13          r 14          r 15          r 16          r 17          r 18          r 19          r 20          r 21          r 22          r 23          r 24          r 25          r 26          r 27          r 28          r 29          r 30          r 31          r 32          r 33          r 34          r 35          r 36          r 37          r 38          r 39          r 40          r 41          r 42          r 43          r 44          r 45          r 46          r 47          r 48          r 49 
-- 0.80170928723 0.76159642285 0.65730123067 0.66663852829 0.65378866295 0.64956749945 0.69914737280 0.61359557080 0.63155005526 0.63164873082 0.59794349145 0.67274698218 0.56338852481 0.58692806902 0.59192710930 0.55839266056 0.57741092952 0.68879369723 0.71429653006 0.67504011544 0.67200570246 0.67686565389 0.65455580862 0.80651851602 0.79558765712 0.72499453195 0.85642248833 0.90544757702 0.86171208161 0.69044496015 0.95915234255 1.01845960809 0.92664011103 0.85459375918 1.10202478727 1.16546054478 1.37322892464 1.47594069441 1.34546400015 1.46001927517 1.66964823864 1.93502081627 2.03242402322 2.37742069930 2.52338417226 3.34204378325 3.77472887607 4.87970204150 

---- Expected P_neut(i), 0 < i < n (neutral SFS per site) 
E[P_neut(1)] = 0.0088661992
E[P_neut(2)] = 0.0035540869
E[P_neut(3)] = 0.0022508571
E[P_neut(4)] = 0.0014569705
E[P_neut(5)] = 0.0011821404
E[P_neut(6)] = 0.0009661306
E[P_neut(7)] = 0.0008227696
E[P_neut(8)] = 0.0007748713
E[P_neut(9)] = 0.0006044955
E[P_neut(10)] = 0.0005599659
E[P_neut(11)] = 0.0005091450
E[P_neut(12)] = 0.0004418144
E[P_neut(13)] = 0.0004588440
E[P_neut(14)] = 0.0003568144
E[P_neut(15)] = 0.0003469372
E[P_neut(16)] = 0.0003280271
E[P_neut(17)] = 0.0002912459
E[P_neut(18)] = 0.0002844339
E[P_neut(19)] = 0.0003214344
E[P_neut(20)] = 0.0003166741
E[P_neut(21)] = 0.0002850234
E[P_neut(22)] = 0.0002708455
E[P_neut(23)] = 0.0002609412
E[P_neut(24)] = 0.0002418307
E[P_neut(25)] = 0.0002860525
E[P_neut(26)] = 0.0002713201
E[P_neut(27)] = 0.0002380926
E[P_neut(28)] = 0.0002712073
E[P_neut(29)] = 0.0002768457
E[P_neut(30)] = 0.0002546956
E[P_neut(31)] = 0.0001974978
E[P_neut(32)] = 0.0002657735
E[P_neut(33)] = 0.0002736552
E[P_neut(34)] = 0.0002416668
E[P_neut(35)] = 0.0002165139
E[P_neut(36)] = 0.0002714389
E[P_neut(37)] = 0.0002793131
E[P_neut(38)] = 0.0003204387
E[P_neut(39)] = 0.0003355793
E[P_neut(40)] = 0.0002982747
E[P_neut(41)] = 0.0003157770
E[P_neut(42)] = 0.0003525268
E[P_neut(43)] = 0.0003990511
E[P_neut(44)] = 0.0004096228
E[P_neut(45)] = 0.0004685136
E[P_neut(46)] = 0.0004864878
E[P_neut(47)] = 0.0006306411
E[P_neut(48)] = 0.0006975413
E[P_neut(49)] = 0.0008837074

---- Expected P_sel(i), 0 < i < n (selected SFS per site) 
E[P_sel(1)] = 0.0053265055
E[P_sel(2)] = 0.0017428479
E[P_sel(3)] = 0.0009879868
E[P_sel(4)] = 0.0005941405
E[P_sel(5)] = 0.0004565225
E[P_sel(6)] = 0.0003574186
E[P_sel(7)] = 0.0002938146
E[P_sel(8)] = 0.0002685472
E[P_sel(9)] = 0.0002041356
E[P_sel(10)] = 0.0001848262
E[P_sel(11)] = 0.0001646578
E[P_sel(12)] = 0.0001402758
E[P_sel(13)] = 0.0001432599
E[P_sel(14)] = 0.0001097023
E[P_sel(15)] = 0.0001051597
E[P_sel(16)] = 0.0000981229
E[P_sel(17)] = 0.0000860526
E[P_sel(18)] = 0.0000830738
E[P_sel(19)] = 0.0000928645
E[P_sel(20)] = 0.0000905536
E[P_sel(21)] = 0.0000807133
E[P_sel(22)] = 0.0000759923
E[P_sel(23)] = 0.0000725715
E[P_sel(24)] = 0.0000666935
E[P_sel(25)] = 0.0000782573
E[P_sel(26)] = 0.0000736571
E[P_sel(27)] = 0.0000641603
E[P_sel(28)] = 0.0000725658
E[P_sel(29)] = 0.0000735687
E[P_sel(30)] = 0.0000672370
E[P_sel(31)] = 0.0000518060
E[P_sel(32)] = 0.0000692865
E[P_sel(33)] = 0.0000709165
E[P_sel(34)] = 0.0000622659
E[P_sel(35)] = 0.0000554733
E[P_sel(36)] = 0.0000691676
E[P_sel(37)] = 0.0000707989
E[P_sel(38)] = 0.0000808058
E[P_sel(39)] = 0.0000842012
E[P_sel(40)] = 0.0000744775
E[P_sel(41)] = 0.0000784739
E[P_sel(42)] = 0.0000872023
E[P_sel(43)] = 0.0000982649
E[P_sel(44)] = 0.0001004251
E[P_sel(45)] = 0.0001143700
E[P_sel(46)] = 0.0001182624
E[P_sel(47)] = 0.0001526840
E[P_sel(48)] = 0.0001682333
E[P_sel(49)] = 0.0002124698

---- alpha_dfe = 0.000289

