---- Running command
---- ./polyDFE -d RevisionsPolyDFE10/GOTermCount5_4.74136321195145_PolyDFE.input -m C -i /home/jejames/ArabidopsisCrossGenome/model.txt 1 -e 
---- Performing inference using model C

---- Performing inference on RevisionsPolyDFE10/GOTermCount5_4.74136321195145_PolyDFE.input
----      with -i /home/jejames/ArabidopsisCrossGenome/model.txt 1
---- Data RevisionsPolyDFE10/GOTermCount5_4.74136321195145_PolyDFE.input does not contain divergence counts. Using option -w.
---- No mutation variability. Using Poisson likelihood.


---- Calculating initial values

-- Starting local optimization
-- Optimizing all parameters
  it        eps_an     theta_bar           S_d             b           p_b           S_b           r 2           r 3           r 4           r 5           r 6           r 7           r 8           r 9          r 10          r 11          r 12          r 13          r 14          r 15          r 16          r 17          r 18          r 19          r 20          r 21          r 22          r 23          r 24          r 25          r 26          r 27          r 28          r 29          r 30          r 31          r 32          r 33          r 34          r 35          r 36          r 37          r 38          r 39          r 40          r 41          r 42          r 43          r 44          r 45          r 46          r 47          r 48          r 49           ln lk          grad status 
   0           0.1 0.00954691712        -30000         0.208           0.1            20 0.84714908003 0.75872830115 0.73545283141 0.65372862622 0.57967622391 0.70450555880 0.69644366426 0.58396723229 0.58123659059 0.70301020739 0.74975619270 0.80040309472 0.74182432871 0.72166959235 0.69280280866 0.72836616604 0.75716793446 0.88446784994 0.79448670437 0.60347181587 0.68227033352 0.77010597490 0.75053637604 0.87770626097 0.82660425199 0.83382094792 0.82465379364 1.01436837656 1.05129705480 1.21734607632 0.96326636759 1.05344255900 1.40146934529 1.31981015538 1.62668227033 1.64300110525 1.40576035368 1.74195435927 1.78401924452 2.19114491905 1.88687341525 2.49372602561 2.55744099863 3.09830310122 3.14621936155 4.30856251219 5.72654573824             1 -4277.118094971 58.8114288588   -2 
1166 0.01109782137 0.00828490897 -234.56174915 0.30059852397 0.00002935485 0.26247136565 0.83558610485 0.80115373045 0.74433966022 0.68818587725 0.69346029849 0.74984412015 0.71512484944 0.66055078640 0.66974947518 0.71416227951 0.77118766840 0.80058823917 0.75105167236 0.77518575564 0.62549238588 0.74448092208 0.76579645882 0.86083089585 0.76560330238 0.67304705403 0.76695178961 0.66304269211 0.69561373107 0.80886103810 0.76045606897 0.82870087712 0.72167916764 0.90556675484 0.81799250016 0.91840723870 0.81219109117 0.89538163416 0.96241817586 1.13009312841 1.15333079019 1.21004144034 1.11390753816 1.37356406675 1.49299398032 1.54624594312 1.58982932147 1.75742088420 2.02244334269 2.12345368051 2.13373925408 2.87208204891 3.48910414114 3.87642471553 -361.5969831582 0.00009778322    0 
---- Best joint likelihood found -361.596983158213106 with gradient 0.00010

---- Results for RevisionsPolyDFE10/GOTermCount5_4.74136321195145_PolyDFE.input 
--  Model: C
--        eps_an     theta_bar             a 
-- 0.01109782137 0.00828490897            -1 
--           S_d             b           p_b           S_b 
-- -234.56174915 0.30059852397 0.00002935485 0.26247136565 
--           r 2           r 3           r 4           r 5           r 6           r 7           r 8           r 9          r 10          r 11          r 12          r 13          r 14          r 15          r 16          r 17          r 18          r 19          r 20          r 21          r 22          r 23          r 24          r 25          r 26          r 27          r 28          r 29          r 30          r 31          r 32          r 33          r 34          r 35          r 36          r 37          r 38          r 39          r 40          r 41          r 42          r 43          r 44          r 45          r 46          r 47          r 48          r 49 
-- 0.83558610485 0.80115373045 0.74433966022 0.68818587725 0.69346029849 0.74984412015 0.71512484944 0.66055078640 0.66974947518 0.71416227951 0.77118766840 0.80058823917 0.75105167236 0.77518575564 0.62549238588 0.74448092208 0.76579645882 0.86083089585 0.76560330238 0.67304705403 0.76695178961 0.66304269211 0.69561373107 0.80886103810 0.76045606897 0.82870087712 0.72167916764 0.90556675484 0.81799250016 0.91840723870 0.81219109117 0.89538163416 0.96241817586 1.13009312841 1.15333079019 1.21004144034 1.11390753816 1.37356406675 1.49299398032 1.54624594312 1.58982932147 1.75742088420 2.02244334269 2.12345368051 2.13373925408 2.87208204891 3.48910414114 3.87642471553 

---- Expected P_neut(i), 0 < i < n (neutral SFS per site) 
E[P_neut(1)] = 0.0082002383
E[P_neut(2)] = 0.0034296471
E[P_neut(3)] = 0.0021935599
E[P_neut(4)] = 0.0015288520
E[P_neut(5)] = 0.0011319952
E[P_neut(6)] = 0.0009511421
E[P_neut(7)] = 0.0008813930
E[P_neut(8)] = 0.0007358544
E[P_neut(9)] = 0.0006047863
E[P_neut(10)] = 0.0005521552
E[P_neut(11)] = 0.0005351570
E[P_neut(12)] = 0.0005292213
E[P_neut(13)] = 0.0005075601
E[P_neut(14)] = 0.0004424699
E[P_neut(15)] = 0.0004263734
E[P_neut(16)] = 0.0003228924
E[P_neut(17)] = 0.0003612892
E[P_neut(18)] = 0.0003508972
E[P_neut(19)] = 0.0003739217
E[P_neut(20)] = 0.0003161350
E[P_neut(21)] = 0.0002654545
E[P_neut(22)] = 0.0002879884
E[P_neut(23)] = 0.0002390083
E[P_neut(24)] = 0.0002401533
E[P_neut(25)] = 0.0002680536
E[P_neut(26)] = 0.0002422953
E[P_neut(27)] = 0.0002541142
E[P_neut(28)] = 0.0002143729
E[P_neut(29)] = 0.0002587839
E[P_neut(30)] = 0.0002269124
E[P_neut(31)] = 0.0002468908
E[P_neut(32)] = 0.0002118571
E[P_neut(33)] = 0.0002263244
E[P_neut(34)] = 0.0002355079
E[P_neut(35)] = 0.0002692891
E[P_neut(36)] = 0.0002674102
E[P_neut(37)] = 0.0002736035
E[P_neut(38)] = 0.0002460722
E[P_neut(39)] = 0.0002945223
E[P_neut(40)] = 0.0003119591
E[P_neut(41)] = 0.0003157321
E[P_neut(42)] = 0.0003183479
E[P_neut(43)] = 0.0003446977
E[P_neut(44)] = 0.0003872131
E[P_neut(45)] = 0.0003992634
E[P_neut(46)] = 0.0003971453
E[P_neut(47)] = 0.0005252106
E[P_neut(48)] = 0.0006339576
E[P_neut(49)] = 0.0007400957

---- Expected P_sel(i), 0 < i < n (selected SFS per site) 
E[P_sel(1)] = 0.0042373038
E[P_sel(2)] = 0.0013604784
E[P_sel(3)] = 0.0007544510
E[P_sel(4)] = 0.0004786554
E[P_sel(5)] = 0.0003305672
E[P_sel(6)] = 0.0002629846
E[P_sel(7)] = 0.0002330740
E[P_sel(8)] = 0.0001873433
E[P_sel(9)] = 0.0001489773
E[P_sel(10)] = 0.0001321428
E[P_sel(11)] = 0.0001248428
E[P_sel(12)] = 0.0001206693
E[P_sel(13)] = 0.0001133003
E[P_sel(14)] = 0.0000968710
E[P_sel(15)] = 0.0000916979
E[P_sel(16)] = 0.0000682948
E[P_sel(17)] = 0.0000752651
E[P_sel(18)] = 0.0000720576
E[P_sel(19)] = 0.0000757472
E[P_sel(20)] = 0.0000632247
E[P_sel(21)] = 0.0000524404
E[P_sel(22)] = 0.0000562555
E[P_sel(23)] = 0.0000461757
E[P_sel(24)] = 0.0000459215
E[P_sel(25)] = 0.0000507535
E[P_sel(26)] = 0.0000454456
E[P_sel(27)] = 0.0000472323
E[P_sel(28)] = 0.0000395118
E[P_sel(29)] = 0.0000472913
E[P_sel(30)] = 0.0000411538
E[P_sel(31)] = 0.0000444449
E[P_sel(32)] = 0.0000378698
E[P_sel(33)] = 0.0000401690
E[P_sel(34)] = 0.0000414960
E[P_sel(35)] = 0.0000471634
E[P_sel(36)] = 0.0000465516
E[P_sel(37)] = 0.0000473763
E[P_sel(38)] = 0.0000424142
E[P_sel(39)] = 0.0000504261
E[P_sel(40)] = 0.0000531227
E[P_sel(41)] = 0.0000535400
E[P_sel(42)] = 0.0000538619
E[P_sel(43)] = 0.0000581855
E[P_sel(44)] = 0.0000651037
E[P_sel(45)] = 0.0000671728
E[P_sel(46)] = 0.0000674275
E[P_sel(47)] = 0.0000897980
E[P_sel(48)] = 0.0001115261
E[P_sel(49)] = 0.0001517973

---- alpha_dfe = 0.000211

