---- Running command
---- ./polyDFE -d RevisionsPolyDFE10/GOTermCount7_6.36766121270452_PolyDFE.input -m C -i /home/jejames/ArabidopsisCrossGenome/model.txt 1 -e 
---- Performing inference using model C

---- Performing inference on RevisionsPolyDFE10/GOTermCount7_6.36766121270452_PolyDFE.input
----      with -i /home/jejames/ArabidopsisCrossGenome/model.txt 1
---- Data RevisionsPolyDFE10/GOTermCount7_6.36766121270452_PolyDFE.input does not contain divergence counts. Using option -w.
---- No mutation variability. Using Poisson likelihood.


---- Calculating initial values

-- Starting local optimization
-- Optimizing all parameters
  it        eps_an     theta_bar           S_d             b           p_b           S_b           r 2           r 3           r 4           r 5           r 6           r 7           r 8           r 9          r 10          r 11          r 12          r 13          r 14          r 15          r 16          r 17          r 18          r 19          r 20          r 21          r 22          r 23          r 24          r 25          r 26          r 27          r 28          r 29          r 30          r 31          r 32          r 33          r 34          r 35          r 36          r 37          r 38          r 39          r 40          r 41          r 42          r 43          r 44          r 45          r 46          r 47          r 48          r 49           ln lk          grad status 
   0           0.1 0.00938105159        -60000         0.208           0.1            20 0.83747060360 0.71864384635 0.77580350143 0.69636791220 0.60125424614 0.68957407891 0.63966553436 0.60732950091 0.63430885811 0.79618500130 0.66788607264 0.65815259994 0.76456754638 0.66141886595 0.64384635484 0.63855500391 0.72785471648 0.81173242748 0.81656650117 0.84916383590 0.87810295270 0.96158871178 0.83250587927 1.04520512150 0.91546903579 0.98771883982 1.27854716488 1.00594460412 1.14645936765 1.55121505095 1.27724065847 0.98085968121 1.11941468513 1.08603344656 1.32636529919 1.58315913247 1.36033446563 1.76299973869 1.93101646198 1.97393519728 2.56806898353 2.84269662921 2.43166971518 3.02194930755 3.36856545597 4.06199372876 5.55003919519             1 -4122.777804987 60.2860444372   -2 
 476 0.00317947406 0.00813424981 -454.52996977 0.26858529320 0.00010847681 0.55483099442 0.83756978863 0.76340699442 0.75470194941 0.72820215980  0.6822014027 0.74676863687 0.70555652847 0.64092785077 0.63455845917 0.73628845659 0.67567350127 0.64610984885 0.77177834078 0.71567236548 0.66736608291 0.68673318542 0.71389992154 0.70863926899 0.83449908697 0.84670074871 0.78289196219 0.92079659444 0.87780939009 0.92581007429 0.76749658686 0.81772390235 0.94536111935 0.85509441158 1.00888357107 1.14081764292 1.07213909127 0.88381949741 0.95949638569 0.88172469779 1.08150683858 1.29350517889 1.13391193370 1.32716905939 1.58666829247 1.55749113778 1.93298198957 2.02532988447 2.10467293151 2.32467568408 2.72586324788 2.80959280662 3.52408156052 3.37128224615 -350.9770688214 0.00148050191   -8 
-- Local optimization: reached maximum number of likelihood evaluations allowed.
---- Best joint likelihood found -350.977068821429611 with gradient 0.00148

---- Results for RevisionsPolyDFE10/GOTermCount7_6.36766121270452_PolyDFE.input 
--  Model: C
--        eps_an     theta_bar             a 
-- 0.00317947406 0.00813424981            -1 
--           S_d             b           p_b           S_b 
-- -454.52996977 0.26858529320 0.00010847681 0.55483099442 
--           r 2           r 3           r 4           r 5           r 6           r 7           r 8           r 9          r 10          r 11          r 12          r 13          r 14          r 15          r 16          r 17          r 18          r 19          r 20          r 21          r 22          r 23          r 24          r 25          r 26          r 27          r 28          r 29          r 30          r 31          r 32          r 33          r 34          r 35          r 36          r 37          r 38          r 39          r 40          r 41          r 42          r 43          r 44          r 45          r 46          r 47          r 48          r 49 
-- 0.83756978863 0.76340699442 0.75470194941 0.72820215980  0.6822014027 0.74676863687 0.70555652847 0.64092785077 0.63455845917 0.73628845659 0.67567350127 0.64610984885 0.77177834078 0.71567236548 0.66736608291 0.68673318542 0.71389992154 0.70863926899 0.83449908697 0.84670074871 0.78289196219 0.92079659444 0.87780939009 0.92581007429 0.76749658686 0.81772390235 0.94536111935 0.85509441158 1.00888357107 1.14081764292 1.07213909127 0.88381949741 0.95949638569 0.88172469779 1.08150683858 1.29350517889 1.13391193370 1.32716905939 1.58666829247 1.55749113778 1.93298198957 2.02532988447 2.10467293151 2.32467568408 2.72586324788 2.80959280662 3.52408156052 3.37128224615 

---- Expected P_neut(i), 0 < i < n (neutral SFS per site) 
E[P_neut(1)] = 0.0081101666
E[P_neut(2)] = 0.0033975689
E[P_neut(3)] = 0.0020648792
E[P_neut(4)] = 0.0015313865
E[P_neut(5)] = 0.0011822451
E[P_neut(6)] = 0.0009231626
E[P_neut(7)] = 0.0008662309
E[P_neut(8)] = 0.0007163060
E[P_neut(9)] = 0.0005784148
E[P_neut(10)] = 0.0005155505
E[P_neut(11)] = 0.0005436175
E[P_neut(12)] = 0.0004573236
E[P_neut(13)] = 0.0004038971
E[P_neut(14)] = 0.0004477682
E[P_neut(15)] = 0.0003875148
E[P_neut(16)] = 0.0003389338
E[P_neut(17)] = 0.0003282396
E[P_neut(18)] = 0.0003224541
E[P_neut(19)] = 0.0003033687
E[P_neut(20)] = 0.0003391918
E[P_neut(21)] = 0.0003276853
E[P_neut(22)] = 0.0002894182
E[P_neut(23)] = 0.0003253996
E[P_neut(24)] = 0.0002973309
E[P_neut(25)] = 0.0003012308
E[P_neut(26)] = 0.0002402982
E[P_neut(27)] = 0.0002466066
E[P_neut(28)] = 0.0002746830
E[P_neut(29)] = 0.0002401268
E[P_neut(30)] = 0.0002737597
E[P_neut(31)] = 0.0002993579
E[P_neut(32)] = 0.0002726920
E[P_neut(33)] = 0.0002182069
E[P_neut(34)] = 0.0002299013
E[P_neut(35)] = 0.0002055015
E[P_neut(36)] = 0.0002450167
E[P_neut(37)] = 0.0002847514
E[P_neut(38)] = 0.0002434088
E[P_neut(39)] = 0.0002776593
E[P_neut(40)] = 0.0003232742
E[P_neut(41)] = 0.0003098599
E[P_neut(42)] = 0.0003754563
E[P_neut(43)] = 0.0003846697
E[P_neut(44)] = 0.0003907929
E[P_neut(45)] = 0.0004226415
E[P_neut(46)] = 0.0004853656
E[P_neut(47)] = 0.0004912890
E[P_neut(48)] = 0.0006061354
E[P_neut(49)] = 0.0005837333

---- Expected P_sel(i), 0 < i < n (selected SFS per site) 
E[P_sel(1)] = 0.0037644371
E[P_sel(2)] = 0.0012191955
E[P_sel(3)] = 0.0006499090
E[P_sel(4)] = 0.0004426248
E[P_sel(5)] = 0.0003210379
E[P_sel(6)] = 0.0002386938
E[P_sel(7)] = 0.0002151593
E[P_sel(8)] = 0.0001719712
E[P_sel(9)] = 0.0001348507
E[P_sel(10)] = 0.0001171235
E[P_sel(11)] = 0.0001207021
E[P_sel(12)] = 0.0000994546
E[P_sel(13)] = 0.0000861827
E[P_sel(14)] = 0.0000939132
E[P_sel(15)] = 0.0000799876
E[P_sel(16)] = 0.0000689241
E[P_sel(17)] = 0.0000658322
E[P_sel(18)] = 0.0000638340
E[P_sel(19)] = 0.0000593253
E[P_sel(20)] = 0.0000655756
E[P_sel(21)] = 0.0000626655
E[P_sel(22)] = 0.0000547756
E[P_sel(23)] = 0.0000609838
E[P_sel(24)] = 0.0000552021
E[P_sel(25)] = 0.0000554261
E[P_sel(26)] = 0.0000438370
E[P_sel(27)] = 0.0000446196
E[P_sel(28)] = 0.0000493063
E[P_sel(29)] = 0.0000427794
E[P_sel(30)] = 0.0000484137
E[P_sel(31)] = 0.0000525633
E[P_sel(32)] = 0.0000475581
E[P_sel(33)] = 0.0000378114
E[P_sel(34)] = 0.0000395843
E[P_sel(35)] = 0.0000351752
E[P_sel(36)] = 0.0000416887
E[P_sel(37)] = 0.0000481547
E[P_sel(38)] = 0.0000409502
E[P_sel(39)] = 0.0000464645
E[P_sel(40)] = 0.0000537931
E[P_sel(41)] = 0.0000513167
E[P_sel(42)] = 0.0000618802
E[P_sel(43)] = 0.0000631363
E[P_sel(44)] = 0.0000638699
E[P_sel(45)] = 0.0000688516
E[P_sel(46)] = 0.0000788491
E[P_sel(47)] = 0.0000798303
E[P_sel(48)] = 0.0000989571
E[P_sel(49)] = 0.0001007036

---- alpha_dfe = 0.000913

