---- Running command
---- ./polyDFE -d RevisionsPolyDFE10/GOTermCount4_4_PolyDFE.input -m C -i /home/jejames/ArabidopsisCrossGenome/model.txt 1 -e 
---- Performing inference using model C

---- Performing inference on RevisionsPolyDFE10/GOTermCount4_4_PolyDFE.input
----      with -i /home/jejames/ArabidopsisCrossGenome/model.txt 1
---- Data RevisionsPolyDFE10/GOTermCount4_4_PolyDFE.input does not contain divergence counts. Using option -w.
---- No mutation variability. Using Poisson likelihood.


---- Calculating initial values

-- Starting local optimization
-- Optimizing all parameters
  it        eps_an     theta_bar           S_d             b           p_b           S_b           r 2           r 3           r 4           r 5           r 6           r 7           r 8           r 9          r 10          r 11          r 12          r 13          r 14          r 15          r 16          r 17          r 18          r 19          r 20          r 21          r 22          r 23          r 24          r 25          r 26          r 27          r 28          r 29          r 30          r 31          r 32          r 33          r 34          r 35          r 36          r 37          r 38          r 39          r 40          r 41          r 42          r 43          r 44          r 45          r 46          r 47          r 48          r 49           ln lk          grad status 
   0           0.1 0.00943382438        -20000         0.208           0.1            20 0.83191324554 0.74632068164 0.74928995610 0.63936225148 0.63400464756 0.62806609863 0.62690420862 0.72327652982 0.75393751613 0.67241156726 0.63594113090 0.70823650916 0.48980118770 0.66324554608 0.61554350632 0.66059901884 0.64717273431 0.65614510715 0.55254324812 0.68590240123 0.60779757294 0.74528789052 0.78853601859 1.09734056287 0.97508391427 0.76336173508 0.88923315259 0.88729666924 0.95274980635 1.15059385489 1.26620191066 1.31642137877 1.23780015491 1.45720371804 1.48257164988 1.51897753679 1.44474567518 1.71940356312 2.14820552543 2.13045442809 2.07668474051 2.08171959721 2.76349083397 3.22134004647 3.67596178672 4.50826232894 5.93648334624             1 -3906.312334051 49.6221327933   -2 
 831 0.00973963404 0.00833039558 -225.53180689 0.25139591758 0.00014069911 0.56939689271 0.82976571052 0.78069606032 0.70878116121 0.68206509483 0.63120080405 0.60781714849 0.69180514136 0.68693069802 0.63906465331 0.63297432832 0.59236833156 0.65773056923 0.53681302305 0.59265682958 0.62812347556 0.61175766260 0.57859079208 0.51615645263 0.52409487122 0.64755955883 0.66903871745 0.65852446060 0.63452326594 0.90338551751 0.84254976451 0.67761401976 0.80907742256 0.75758049857 0.94357224211 0.91540125454 1.08558630867 1.17928652190 1.12797700508 1.08276249500 1.34946110760 1.40755400396 1.23663004177 1.43050599252 1.62282645519 1.61211653830 1.72396240088 1.79358956601 2.29053239189 2.54470489681 2.90994892016 3.18979297824 3.39226404000 3.94822290916 -336.0977963100 0.00067847393   -8 
-- Local optimization: reached maximum number of likelihood evaluations allowed.
---- Best joint likelihood found -336.097796310006515 with gradient 0.00068

---- Results for RevisionsPolyDFE10/GOTermCount4_4_PolyDFE.input 
--  Model: C
--        eps_an     theta_bar             a 
-- 0.00973963404 0.00833039558            -1 
--           S_d             b           p_b           S_b 
-- -225.53180689 0.25139591758 0.00014069911 0.56939689271 
--           r 2           r 3           r 4           r 5           r 6           r 7           r 8           r 9          r 10          r 11          r 12          r 13          r 14          r 15          r 16          r 17          r 18          r 19          r 20          r 21          r 22          r 23          r 24          r 25          r 26          r 27          r 28          r 29          r 30          r 31          r 32          r 33          r 34          r 35          r 36          r 37          r 38          r 39          r 40          r 41          r 42          r 43          r 44          r 45          r 46          r 47          r 48          r 49 
-- 0.82976571052 0.78069606032 0.70878116121 0.68206509483 0.63120080405 0.60781714849 0.69180514136 0.68693069802 0.63906465331 0.63297432832 0.59236833156 0.65773056923 0.53681302305 0.59265682958 0.62812347556 0.61175766260 0.57859079208 0.51615645263 0.52409487122 0.64755955883 0.66903871745 0.65852446060 0.63452326594 0.90338551751 0.84254976451 0.67761401976 0.80907742256 0.75758049857 0.94357224211 0.91540125454 1.08558630867 1.17928652190 1.12797700508 1.08276249500 1.34946110760 1.40755400396 1.23663004177 1.43050599252 1.62282645519 1.61211653830 1.72396240088 1.79358956601 2.29053239189 2.54470489681 2.90994892016 3.18979297824 3.39226404000 3.94822290916 

---- Expected P_neut(i), 0 < i < n (neutral SFS per site) 
E[P_neut(1)] = 0.0082557981
E[P_neut(2)] = 0.0034282108
E[P_neut(3)] = 0.0021522282
E[P_neut(4)] = 0.0014668627
E[P_neut(5)] = 0.0011298946
E[P_neut(6)] = 0.0008720470
E[P_neut(7)] = 0.0007196760
E[P_neut(8)] = 0.0007166904
E[P_neut(9)] = 0.0006328203
E[P_neut(10)] = 0.0005304728
E[P_neut(11)] = 0.0004776642
E[P_neut(12)] = 0.0004098571
E[P_neut(13)] = 0.0004204551
E[P_neut(14)] = 0.0003193492
E[P_neut(15)] = 0.0003284420
E[P_neut(16)] = 0.0003265389
E[P_neut(17)] = 0.0002997552
E[P_neut(18)] = 0.0002679161
E[P_neut(19)] = 0.0002264963
E[P_neut(20)] = 0.0002187216
E[P_neut(21)] = 0.0002564951
E[P_neut(22)] = 0.0002532115
E[P_neut(23)] = 0.0002382249
E[P_neut(24)] = 0.0002207271
E[P_neut(25)] = 0.0003010223
E[P_neut(26)] = 0.0002694686
E[P_neut(27)] = 0.0002093532
E[P_neut(28)] = 0.0002408349
E[P_neut(29)] = 0.0002180012
E[P_neut(30)] = 0.0002615852
E[P_neut(31)] = 0.0002457971
E[P_neut(32)] = 0.0002824606
E[P_neut(33)] = 0.0002977149
E[P_neut(34)] = 0.0002768609
E[P_neut(35)] = 0.0002584054
E[P_neut(36)] = 0.0003123348
E[P_neut(37)] = 0.0003179234
E[P_neut(38)] = 0.0002724600
E[P_neut(39)] = 0.0003072487
E[P_neut(40)] = 0.0003398630
E[P_neut(41)] = 0.0003305529
E[P_neut(42)] = 0.0003456213
E[P_neut(43)] = 0.0003511331
E[P_neut(44)] = 0.0004379717
E[P_neut(45)] = 0.0004775553
E[P_neut(46)] = 0.0005362230
E[P_neut(47)] = 0.0005809742
E[P_neut(48)] = 0.0006166546
E[P_neut(49)] = 0.0007458272

---- Expected P_sel(i), 0 < i < n (selected SFS per site) 
E[P_sel(1)] = 0.0045954857
E[P_sel(2)] = 0.0015276975
E[P_sel(3)] = 0.0008515511
E[P_sel(4)] = 0.0005365911
E[P_sel(5)] = 0.0003901481
E[P_sel(6)] = 0.0002877159
E[P_sel(7)] = 0.0002287956
E[P_sel(8)] = 0.0002207957
E[P_sel(9)] = 0.0001897014
E[P_sel(10)] = 0.0001552106
E[P_sel(11)] = 0.0001368064
E[P_sel(12)] = 0.0001151418
E[P_sel(13)] = 0.0001160466
E[P_sel(14)] = 0.0000867032
E[P_sel(15)] = 0.0000878898
E[P_sel(16)] = 0.0000861791
E[P_sel(17)] = 0.0000780879
E[P_sel(18)] = 0.0000689570
E[P_sel(19)] = 0.0000576414
E[P_sel(20)] = 0.0000550696
E[P_sel(21)] = 0.0000639491
E[P_sel(22)] = 0.0000625255
E[P_sel(23)] = 0.0000582934
E[P_sel(24)] = 0.0000535416
E[P_sel(25)] = 0.0000724190
E[P_sel(26)] = 0.0000643143
E[P_sel(27)] = 0.0000495920
E[P_sel(28)] = 0.0000566336
E[P_sel(29)] = 0.0000509106
E[P_sel(30)] = 0.0000606621
E[P_sel(31)] = 0.0000566345
E[P_sel(32)] = 0.0000646762
E[P_sel(33)] = 0.0000677623
E[P_sel(34)] = 0.0000626661
E[P_sel(35)] = 0.0000581712
E[P_sel(36)] = 0.0000698955
E[P_sel(37)] = 0.0000708221
E[P_sel(38)] = 0.0000604197
E[P_sel(39)] = 0.0000678190
E[P_sel(40)] = 0.0000746764
E[P_sel(41)] = 0.0000724078
E[P_sel(42)] = 0.0000754543
E[P_sel(43)] = 0.0000763669
E[P_sel(44)] = 0.0000949026
E[P_sel(45)] = 0.0001034019
E[P_sel(46)] = 0.0001161656
E[P_sel(47)] = 0.0001268268
E[P_sel(48)] = 0.0001378495
E[P_sel(49)] = 0.0001846547

---- alpha_dfe = 0.000903

