---- Running command
---- ./polyDFE -d RevisionsPolyDFE10/GOTermCount10_14.678_PolyDFE.input -m C -i /home/jejames/ArabidopsisCrossGenome/model.txt 1 -e 
---- Performing inference using model C

---- Performing inference on RevisionsPolyDFE10/GOTermCount10_14.678_PolyDFE.input
----      with -i /home/jejames/ArabidopsisCrossGenome/model.txt 1
---- Data RevisionsPolyDFE10/GOTermCount10_14.678_PolyDFE.input does not contain divergence counts. Using option -w.
---- No mutation variability. Using Poisson likelihood.


---- Calculating initial values

-- Starting local optimization
-- Optimizing all parameters
  it        eps_an     theta_bar           S_d             b           p_b           S_b           r 2           r 3           r 4           r 5           r 6           r 7           r 8           r 9          r 10          r 11          r 12          r 13          r 14          r 15          r 16          r 17          r 18          r 19          r 20          r 21          r 22          r 23          r 24          r 25          r 26          r 27          r 28          r 29          r 30          r 31          r 32          r 33          r 34          r 35          r 36          r 37          r 38          r 39          r 40          r 41          r 42          r 43          r 44          r 45          r 46          r 47          r 48          r 49           ln lk          grad status 
   0           0.1 0.00882587338        -20000         0.406           0.1            20 0.77598427541 0.75799630710 0.64804336172 0.69807612126 0.57609148847 0.63374828756 0.51462266960 0.57144558937 0.53963904937 0.67615700756 0.58824230150 0.58383465364 0.60873190779 0.58609804038 0.67186848531 0.56906307701 0.65721603430 0.78652689260 0.60992316397 0.57412591577 0.51104890106 0.72333075227 0.69331109655 0.81898862350 0.68914169992 0.69474060396 0.91726725832 0.64083626183 0.80052415271 0.91399130382 0.90916671630 1.13610101852 1.02269343022 1.13407588301 1.39376973018 1.55589969622 1.19280481267 1.69110727261 1.51051283578 1.74364167014 1.70111382452 2.04896062898 1.96033116921 2.50878551432 2.84948478170 3.85764488653 4.76311870867             1 -4151.129460744 54.8969260190   -2 
 403 0.00039837729 0.00775400450 -1148.6737142 0.30295406577 0.00009038952 0.36288876693 0.77322325662 0.77313861881 0.67261713809 0.68217806241 0.58758787870 0.63084882388 0.53862786461 0.59676833227 0.54325571020 0.61101660771 0.55655983622 0.55100661686 0.59781347214 0.57320713561 0.64269562453 0.50475894146 0.58733942280 0.68271246014 0.59579023385 0.60613879536 0.55198888362 0.74263182863 0.65809580989 0.75037474271 0.54987742723 0.61165053001 0.77775985040 0.63987458809 0.68556298923 0.74405673487 0.73505255053 0.94095886754 0.85942919070 0.96392525046 1.08640289415 1.24185819844 1.10931801485 1.25631109802 1.15738365440 1.53901893868 1.37598149302 1.37879881339 1.54457835848 1.73325286198 2.13608163911 2.55459048193 2.89747628061 3.69697120512 -322.9151632349 0.00091231073   -8 
-- Local optimization: reached maximum number of likelihood evaluations allowed.
---- Best joint likelihood found -322.915163234983424 with gradient 0.00091

---- Results for RevisionsPolyDFE10/GOTermCount10_14.678_PolyDFE.input 
--  Model: C
--        eps_an     theta_bar             a 
-- 0.00039837729 0.00775400450            -1 
--           S_d             b           p_b           S_b 
-- -1148.6737142 0.30295406577 0.00009038952 0.36288876693 
--           r 2           r 3           r 4           r 5           r 6           r 7           r 8           r 9          r 10          r 11          r 12          r 13          r 14          r 15          r 16          r 17          r 18          r 19          r 20          r 21          r 22          r 23          r 24          r 25          r 26          r 27          r 28          r 29          r 30          r 31          r 32          r 33          r 34          r 35          r 36          r 37          r 38          r 39          r 40          r 41          r 42          r 43          r 44          r 45          r 46          r 47          r 48          r 49 
-- 0.77322325662 0.77313861881 0.67261713809 0.68217806241 0.58758787870 0.63084882388 0.53862786461 0.59676833227 0.54325571020 0.61101660771 0.55655983622 0.55100661686 0.59781347214 0.57320713561 0.64269562453 0.50475894146 0.58733942280 0.68271246014 0.59579023385 0.60613879536 0.55198888362 0.74263182863 0.65809580989 0.75037474271 0.54987742723 0.61165053001 0.77775985040 0.63987458809 0.68556298923 0.74405673487 0.73505255053 0.94095886754 0.85942919070 0.96392525046 1.08640289415 1.24185819844 1.10931801485 1.25631109802 1.15738365440 1.53901893868 1.37598149302 1.37879881339 1.54457835848 1.73325286198 2.13608163911 2.55459048193 2.89747628061 3.69697120512 

---- Expected P_neut(i), 0 < i < n (neutral SFS per site) 
E[P_neut(1)] = 0.0077511485
E[P_neut(2)] = 0.0029967805
E[P_neut(3)] = 0.0019976786
E[P_neut(4)] = 0.0013034931
E[P_neut(5)] = 0.0010576199
E[P_neut(6)] = 0.0007591658
E[P_neut(7)] = 0.0006986213
E[P_neut(8)] = 0.0005219586
E[P_neut(9)] = 0.0005140605
E[P_neut(10)] = 0.0004211623
E[P_neut(11)] = 0.0004306393
E[P_neut(12)] = 0.0003595775
E[P_neut(13)] = 0.0003286272
E[P_neut(14)] = 0.0003310648
E[P_neut(15)] = 0.0002962771
E[P_neut(16)] = 0.0003114205
E[P_neut(17)] = 0.0002302260
E[P_neut(18)] = 0.0002529831
E[P_neut(19)] = 0.0002785819
E[P_neut(20)] = 0.0002309666
E[P_neut(21)] = 0.0002237887
E[P_neut(22)] = 0.0001945594
E[P_neut(23)] = 0.0002503342
E[P_neut(24)] = 0.0002126005
E[P_neut(25)] = 0.0002327364
E[P_neut(26)] = 0.0001640098
E[P_neut(27)] = 0.0001756868
E[P_neut(28)] = 0.0002153757
E[P_neut(29)] = 0.0001711103
E[P_neut(30)] = 0.0001772167
E[P_neut(31)] = 0.0001861472
E[P_neut(32)] = 0.0001781424
E[P_neut(33)] = 0.0002211006
E[P_neut(34)] = 0.0001960465
E[P_neut(35)] = 0.0002135838
E[P_neut(36)] = 0.0002340379
E[P_neut(37)] = 0.0002602806
E[P_neut(38)] = 0.0002264125
E[P_neut(39)] = 0.0002498526
E[P_neut(40)] = 0.0002244374
E[P_neut(41)] = 0.0002911513
E[P_neut(42)] = 0.0002541393
E[P_neut(43)] = 0.0002488122
E[P_neut(44)] = 0.0002723911
E[P_neut(45)] = 0.0002989614
E[P_neut(46)] = 0.0003604453
E[P_neut(47)] = 0.0004220815
E[P_neut(48)] = 0.0004690712
E[P_neut(49)] = 0.0005878831

---- Expected P_sel(i), 0 < i < n (selected SFS per site) 
E[P_sel(1)] = 0.0026386390
E[P_sel(2)] = 0.0007450747
E[P_sel(3)] = 0.0004264358
E[P_sel(4)] = 0.0002523350
E[P_sel(5)] = 0.0001906538
E[P_sel(6)] = 0.0001294253
E[P_sel(7)] = 0.0001137862
E[P_sel(8)] = 0.0000817947
E[P_sel(9)] = 0.0000779162
E[P_sel(10)] = 0.0000619931
E[P_sel(11)] = 0.0000617542
E[P_sel(12)] = 0.0000503645
E[P_sel(13)] = 0.0000450540
E[P_sel(14)] = 0.0000445067
E[P_sel(15)] = 0.0000391152
E[P_sel(16)] = 0.0000404296
E[P_sel(17)] = 0.0000294232
E[P_sel(18)] = 0.0000318608
E[P_sel(19)] = 0.0000346035
E[P_sel(20)] = 0.0000283174
E[P_sel(21)] = 0.0000271009
E[P_sel(22)] = 0.0000232866
E[P_sel(23)] = 0.0000296303
E[P_sel(24)] = 0.0000248978
E[P_sel(25)] = 0.0000269801
E[P_sel(26)] = 0.0000188287
E[P_sel(27)] = 0.0000199818
E[P_sel(28)] = 0.0000242765
E[P_sel(29)] = 0.0000191213
E[P_sel(30)] = 0.0000196393
E[P_sel(31)] = 0.0000204640
E[P_sel(32)] = 0.0000194323
E[P_sel(33)] = 0.0000239371
E[P_sel(34)] = 0.0000210715
E[P_sel(35)] = 0.0000227946
E[P_sel(36)] = 0.0000248071
E[P_sel(37)] = 0.0000274053
E[P_sel(38)] = 0.0000236867
E[P_sel(39)] = 0.0000259756
E[P_sel(40)] = 0.0000231917
E[P_sel(41)] = 0.0000299063
E[P_sel(42)] = 0.0000259552
E[P_sel(43)] = 0.0000252727
E[P_sel(44)] = 0.0000275166
E[P_sel(45)] = 0.0000300476
E[P_sel(46)] = 0.0000360434
E[P_sel(47)] = 0.0000420222
E[P_sel(48)] = 0.0000465419
E[P_sel(49)] = 0.0000585655

---- alpha_dfe = 0.001116

