---- Running command
---- ./polyDFE -d /home/jejames/ArabidopsisCrossGenome/PolyDFE10/NetworkConnectivity10polcounts7_62.546499477534_PolyDFE.input -m C -i /home/jejames/ArabidopsisCrossGenome/model.txt 1 -e 
---- Performing inference using model C

---- Performing inference on /home/jejames/ArabidopsisCrossGenome/PolyDFE10/NetworkConnectivity10polcounts7_62.546499477534_PolyDFE.input
----      with -i /home/jejames/ArabidopsisCrossGenome/model.txt 1
---- Data /home/jejames/ArabidopsisCrossGenome/PolyDFE10/NetworkConnectivity10polcounts7_62.546499477534_PolyDFE.input does not contain divergence counts. Using option -w.
---- No mutation variability. Using Poisson likelihood.


---- Calculating initial values

-- Starting local optimization
-- Optimizing all parameters
  it        eps_an     theta_bar           S_d             b           p_b           S_b           r 2           r 3           r 4           r 5           r 6           r 7           r 8           r 9          r 10          r 11          r 12          r 13          r 14          r 15          r 16          r 17          r 18          r 19          r 20          r 21          r 22          r 23          r 24          r 25          r 26          r 27          r 28          r 29          r 30          r 31          r 32          r 33          r 34          r 35          r 36          r 37          r 38          r 39          r 40          r 41          r 42          r 43          r 44          r 45          r 46          r 47          r 48          r 49           ln lk          grad status 
   0           0.1 0.00926490160        -70000         0.208           0.1            20 0.79931200550 0.76965944272 0.73753009975 0.66460268317 0.66790505675 0.64196766425 0.66322669418 0.65820433436 0.58548331613 0.70608875129 0.58782249742 0.57151702786 0.64341245270 0.54282765737 0.72872377020 0.59649122807 0.81857585139 0.77647058823 0.78844169246 0.74406604747 0.65992432060 0.96367389060 1.05510835913 1.15239078087 1.12872377020 0.81919504643 0.93237014103 0.94771241830 1.06707946336 0.99387684898 1.12060543515 0.97626418988 1.21169590643 1.18954248366 1.02043343653 1.40261437908 1.27581699346 1.70918472652 1.92363261093 2.16353629170 1.97936016511 2.35782593739 2.91214310285 3.30650154798 3.16477468180 4.27155142758 5.94757481940             1 -3730.749248036 56.8248646433   -2 
 443 0.01844623141 0.00823719932 -657.68880893 0.25023937300 0.00017015611 0.60892336076 0.80293243255 0.76779330319 0.72586416725 0.66390603040 0.69830509666 0.64012847818 0.63664601038 0.68385354057 0.59988718458 0.63967058107 0.65589453305 0.63671108029 0.61030521185 0.55965082244 0.67914829253 0.58020275668 0.68865679657 0.77638396992 0.82092448473 0.75172588809 0.78436610490 0.85397595545 0.91721292179 1.00765572125 0.87268096309 0.77847415842 0.74234454533 0.83201049672 0.83921155713 0.83692128678 0.93587173998 0.83004321297 0.97240917338 0.85787551584 0.84079248234 1.04734472835 1.11306129422 1.33905093383 1.53231969164 1.63356519975 1.55035702207 1.76553677450 2.24521716878 2.39716590124 2.09186294327 2.76174483486 3.32437116265 3.12798720687 -333.0705661645 0.00088750600   -8 
-- Local optimization: reached maximum number of likelihood evaluations allowed.
---- Best joint likelihood found -333.070566164543891 with gradient 0.00089

---- Results for /home/jejames/ArabidopsisCrossGenome/PolyDFE10/NetworkConnectivity10polcounts7_62.546499477534_PolyDFE.input 
--  Model: C
--        eps_an     theta_bar             a 
-- 0.01844623141 0.00823719932            -1 
--           S_d             b           p_b           S_b 
-- -657.68880893 0.25023937300 0.00017015611 0.60892336076 
--           r 2           r 3           r 4           r 5           r 6           r 7           r 8           r 9          r 10          r 11          r 12          r 13          r 14          r 15          r 16          r 17          r 18          r 19          r 20          r 21          r 22          r 23          r 24          r 25          r 26          r 27          r 28          r 29          r 30          r 31          r 32          r 33          r 34          r 35          r 36          r 37          r 38          r 39          r 40          r 41          r 42          r 43          r 44          r 45          r 46          r 47          r 48          r 49 
-- 0.80293243255 0.76779330319 0.72586416725 0.66390603040 0.69830509666 0.64012847818 0.63664601038 0.68385354057 0.59988718458 0.63967058107 0.65589453305 0.63671108029 0.61030521185 0.55965082244 0.67914829253 0.58020275668 0.68865679657 0.77638396992 0.82092448473 0.75172588809 0.78436610490 0.85397595545 0.91721292179 1.00765572125 0.87268096309 0.77847415842 0.74234454533 0.83201049672 0.83921155713 0.83692128678 0.93587173998 0.83004321297 0.97240917338 0.85787551584 0.84079248234 1.04734472835 1.11306129422 1.33905093383 1.53231969164 1.63356519975 1.55035702207 1.76553677450 2.24521716878 2.39716590124 2.09186294327 2.76174483486 3.32437116265 3.12798720687 

---- Expected P_neut(i), 0 < i < n (neutral SFS per site) 
E[P_neut(1)] = 0.0080949537
E[P_neut(2)] = 0.0032564797
E[P_neut(3)] = 0.0020781964
E[P_neut(4)] = 0.0014741088
E[P_neut(5)] = 0.0010816640
E[P_neut(6)] = 0.0009487491
E[P_neut(7)] = 0.0007456103
E[P_neut(8)] = 0.0006490394
E[P_neut(9)] = 0.0006204017
E[P_neut(10)] = 0.0004908447
E[P_neut(11)] = 0.0004753896
E[P_neut(12)] = 0.0004463735
E[P_neut(13)] = 0.0004002988
E[P_neut(14)] = 0.0003560111
E[P_neut(15)] = 0.0003053856
E[P_neut(16)] = 0.0003475386
E[P_neut(17)] = 0.0002797681
E[P_neut(18)] = 0.0003137752
E[P_neut(19)] = 0.0003344843
E[P_neut(20)] = 0.0003361196
E[P_neut(21)] = 0.0002937829
E[P_neut(22)] = 0.0002922920
E[P_neut(23)] = 0.0003045815
E[P_neut(24)] = 0.0003140958
E[P_neut(25)] = 0.0003320104
E[P_neut(26)] = 0.0002771857
E[P_neut(27)] = 0.0002387587
E[P_neut(28)] = 0.0002197760
E[P_neut(29)] = 0.0002374052
E[P_neut(30)] = 0.0002324114
E[P_neut(31)] = 0.0002244902
E[P_neut(32)] = 0.0002422745
E[P_neut(33)] = 0.0002085528
E[P_neut(34)] = 0.0002376900
E[P_neut(35)] = 0.0002038446
E[P_neut(36)] = 0.0001954577
E[P_neut(37)] = 0.0002363081
E[P_neut(38)] = 0.0002451309
E[P_neut(39)] = 0.0002864402
E[P_neut(40)] = 0.0003188449
E[P_neut(41)] = 0.0003336866
E[P_neut(42)] = 0.0003105450
E[P_neut(43)] = 0.0003458673
E[P_neut(44)] = 0.0004302556
E[P_neut(45)] = 0.0004508798
E[P_neut(46)] = 0.0003952521
E[P_neut(47)] = 0.0005139813
E[P_neut(48)] = 0.0006209673
E[P_neut(49)] = 0.0006680794

---- Expected P_sel(i), 0 < i < n (selected SFS per site) 
E[P_sel(1)] = 0.0035791170
E[P_sel(2)] = 0.0011234215
E[P_sel(3)] = 0.0006337976
E[P_sel(4)] = 0.0004152301
E[P_sel(5)] = 0.0002872104
E[P_sel(6)] = 0.0002406798
E[P_sel(7)] = 0.0001822307
E[P_sel(8)] = 0.0001537080
E[P_sel(9)] = 0.0001429451
E[P_sel(10)] = 0.0001103685
E[P_sel(11)] = 0.0001046695
E[P_sel(12)] = 0.0000964371
E[P_sel(13)] = 0.0000849746
E[P_sel(14)] = 0.0000743859
E[P_sel(15)] = 0.0000628508
E[P_sel(16)] = 0.0000705531
E[P_sel(17)] = 0.0000560685
E[P_sel(18)] = 0.0000621365
E[P_sel(19)] = 0.0000655132
E[P_sel(20)] = 0.0000651392
E[P_sel(21)] = 0.0000563602
E[P_sel(22)] = 0.0000555497
E[P_sel(23)] = 0.0000573656
E[P_sel(24)] = 0.0000586512
E[P_sel(25)] = 0.0000614933
E[P_sel(26)] = 0.0000509444
E[P_sel(27)] = 0.0000435630
E[P_sel(28)] = 0.0000398207
E[P_sel(29)] = 0.0000427216
E[P_sel(30)] = 0.0000415668
E[P_sel(31)] = 0.0000399072
E[P_sel(32)] = 0.0000427957
E[P_sel(33)] = 0.0000366329
E[P_sel(34)] = 0.0000415379
E[P_sel(35)] = 0.0000354418
E[P_sel(36)] = 0.0000338584
E[P_sel(37)] = 0.0000407221
E[P_sel(38)] = 0.0000420812
E[P_sel(39)] = 0.0000489234
E[P_sel(40)] = 0.0000541983
E[P_sel(41)] = 0.0000566307
E[P_sel(42)] = 0.0000526248
E[P_sel(43)] = 0.0000584859
E[P_sel(44)] = 0.0000726376
E[P_sel(45)] = 0.0000761858
E[P_sel(46)] = 0.0000679674
E[P_sel(47)] = 0.0000893170
E[P_sel(48)] = 0.0001119625
E[P_sel(49)] = 0.0001506556

---- alpha_dfe = 0.001446

