---- Running command
---- ./polyDFE -d /home/jejames/ArabidopsisCrossGenome/PolyDFE10/NetworkConnectivity10polcounts6_42.6734475374732_PolyDFE.input -m C -i /home/jejames/ArabidopsisCrossGenome/model.txt 1 -e 
---- Performing inference using model C

---- Performing inference on /home/jejames/ArabidopsisCrossGenome/PolyDFE10/NetworkConnectivity10polcounts6_42.6734475374732_PolyDFE.input
----      with -i /home/jejames/ArabidopsisCrossGenome/model.txt 1
---- Data /home/jejames/ArabidopsisCrossGenome/PolyDFE10/NetworkConnectivity10polcounts6_42.6734475374732_PolyDFE.input does not contain divergence counts. Using option -w.
---- No mutation variability. Using Poisson likelihood.


---- Calculating initial values

-- Starting local optimization
-- Optimizing all parameters
  it        eps_an     theta_bar           S_d             b           p_b           S_b           r 2           r 3           r 4           r 5           r 6           r 7           r 8           r 9          r 10          r 11          r 12          r 13          r 14          r 15          r 16          r 17          r 18          r 19          r 20          r 21          r 22          r 23          r 24          r 25          r 26          r 27          r 28          r 29          r 30          r 31          r 32          r 33          r 34          r 35          r 36          r 37          r 38          r 39          r 40          r 41          r 42          r 43          r 44          r 45          r 46          r 47          r 48          r 49           ln lk          grad status 
   0           0.1 0.01001439749        -50000         0.208           0.1            20 0.79801022910 0.73817697751 0.69894205843 0.63686681146 0.64443354585 0.73173124080 0.68941357808 0.64443354585 0.60463812793 0.68282771666 0.68773208155 0.76872416450 0.67974497302 0.63371400546 0.66475162894 0.70629860575 0.75289007216 0.84530231906 0.64036992923 0.86071603727 0.94486092622 0.77509983885 0.80879983185 1.27863798780 0.89077278778 0.62236390387 1.40657184894 0.94479086386 1.07825965108 1.11854550549 1.10530372031 1.24157500175 1.27919848665 1.14516920058 1.60666993624 2.06347649407 1.49625166398 1.67771316471 1.81321376024 2.29230014713 1.97155468366 2.85602185945 2.33363693687 2.90688712954 2.72654662649 5.29503257899 6.10383241084             1 -4127.179729473 58.4319238220   -2 
 592 0.00260001836 0.00843158244 -273.46753280 0.30786769800 0.00008358172 0.47597374514 0.84881162863 0.82916612982 0.71936595925 0.72669606759 0.71878555349 0.74131874119 0.74038731419 0.75236230775 0.63455029234 0.78558519413 0.77662346508 0.75069472631 0.67936411361 0.67623774058 0.65314008959 0.68089212900 0.75204048288 0.84701315156 0.69224294888 0.86234341853 0.85878510649 0.74130280172 0.79471207479 1.04618784361 0.77052816713 0.61990276251 1.17589889595 0.86901480630 1.05176114119 0.91149550681 0.84581397494 0.98983857801 1.07555224137 1.12353691009 1.29898500986 1.67022101731 1.27254599759 1.41582517414 1.69281753087 1.80185774549 1.91459387088 2.20247621658 1.80141046835 2.27219502178 2.22736005604 3.63942126267 4.01549736336 4.84341829336 -353.1216307797 0.00059098238   -8 
-- Local optimization: reached maximum number of likelihood evaluations allowed.
---- Best joint likelihood found -353.121630779714337 with gradient 0.00059

---- Results for /home/jejames/ArabidopsisCrossGenome/PolyDFE10/NetworkConnectivity10polcounts6_42.6734475374732_PolyDFE.input 
--  Model: C
--        eps_an     theta_bar             a 
-- 0.00260001836 0.00843158244            -1 
--           S_d             b           p_b           S_b 
-- -273.46753280 0.30786769800 0.00008358172 0.47597374514 
--           r 2           r 3           r 4           r 5           r 6           r 7           r 8           r 9          r 10          r 11          r 12          r 13          r 14          r 15          r 16          r 17          r 18          r 19          r 20          r 21          r 22          r 23          r 24          r 25          r 26          r 27          r 28          r 29          r 30          r 31          r 32          r 33          r 34          r 35          r 36          r 37          r 38          r 39          r 40          r 41          r 42          r 43          r 44          r 45          r 46          r 47          r 48          r 49 
-- 0.84881162863 0.82916612982 0.71936595925 0.72669606759 0.71878555349 0.74131874119 0.74038731419 0.75236230775 0.63455029234 0.78558519413 0.77662346508 0.75069472631 0.67936411361 0.67623774058 0.65314008959 0.68089212900 0.75204048288 0.84701315156 0.69224294888 0.86234341853 0.85878510649 0.74130280172 0.79471207479 1.04618784361 0.77052816713 0.61990276251 1.17589889595 0.86901480630 1.05176114119 0.91149550681 0.84581397494 0.98983857801 1.07555224137 1.12353691009 1.29898500986 1.67022101731 1.27254599759 1.41582517414 1.69281753087 1.80185774549 1.91459387088 2.20247621658 1.80141046835 2.27219502178 2.22736005604 3.63942126267 4.01549736336 4.84341829336 

---- Expected P_neut(i), 0 < i < n (neutral SFS per site) 
E[P_neut(1)] = 0.0084118271
E[P_neut(2)] = 0.0035709426
E[P_neut(3)] = 0.0023260327
E[P_neut(4)] = 0.0015134673
E[P_neut(5)] = 0.0012233603
E[P_neut(6)] = 0.0010083546
E[P_neut(7)] = 0.0008917284
E[P_neut(8)] = 0.0007793001
E[P_neut(9)] = 0.0007039758
E[P_neut(10)] = 0.0005345630
E[P_neut(11)] = 0.0006013872
E[P_neut(12)] = 0.0005449958
E[P_neut(13)] = 0.0004866117
E[P_neut(14)] = 0.0004088783
E[P_neut(15)] = 0.0003798324
E[P_neut(16)] = 0.0003439864
E[P_neut(17)] = 0.0003374853
E[P_neut(18)] = 0.0003519353
E[P_neut(19)] = 0.0003755442
E[P_neut(20)] = 0.0002918450
E[P_neut(21)] = 0.0003459910
E[P_neut(22)] = 0.0003291975
E[P_neut(23)] = 0.0002715513
E[P_neut(24)] = 0.0002791188
E[P_neut(25)] = 0.0003528408
E[P_neut(26)] = 0.0002499521
E[P_neut(27)] = 0.0001937870
E[P_neut(28)] = 0.0003540311
E[P_neut(29)] = 0.0002529043
E[P_neut(30)] = 0.0002955906
E[P_neut(31)] = 0.0002482472
E[P_neut(32)] = 0.0002231974
E[P_neut(33)] = 0.0002531267
E[P_neut(34)] = 0.0002669252
E[P_neut(35)] = 0.0002709473
E[P_neut(36)] = 0.0003045089
E[P_neut(37)] = 0.0003808873
E[P_neut(38)] = 0.0002830419
E[P_neut(39)] = 0.0003068633
E[P_neut(40)] = 0.0003572916
E[P_neut(41)] = 0.0003714183
E[P_neut(42)] = 0.0003853880
E[P_neut(43)] = 0.0004330676
E[P_neut(44)] = 0.0003469274
E[P_neut(45)] = 0.0004278170
E[P_neut(46)] = 0.0004111456
E[P_neut(47)] = 0.0006572569
E[P_neut(48)] = 0.0007128241
E[P_neut(49)] = 0.0008531774

---- Expected P_sel(i), 0 < i < n (selected SFS per site) 
E[P_sel(1)] = 0.0041491547
E[P_sel(2)] = 0.0013362943
E[P_sel(3)] = 0.0007510803
E[P_sel(4)] = 0.0004436059
E[P_sel(5)] = 0.0003338906
E[P_sel(6)] = 0.0002602255
E[P_sel(7)] = 0.0002197610
E[P_sel(8)] = 0.0001847321
E[P_sel(9)] = 0.0001613567
E[P_sel(10)] = 0.0001189431
E[P_sel(11)] = 0.0001303455
E[P_sel(12)] = 0.0001153470
E[P_sel(13)] = 0.0001007695
E[P_sel(14)] = 0.0000830117
E[P_sel(15)] = 0.0000757175
E[P_sel(16)] = 0.0000674147
E[P_sel(17)] = 0.0000651015
E[P_sel(18)] = 0.0000668911
E[P_sel(19)] = 0.0000703876
E[P_sel(20)] = 0.0000539788
E[P_sel(21)] = 0.0000632044
E[P_sel(22)] = 0.0000594254
E[P_sel(23)] = 0.0000484725
E[P_sel(24)] = 0.0000492899
E[P_sel(25)] = 0.0000616717
E[P_sel(26)] = 0.0000432611
E[P_sel(27)] = 0.0000332266
E[P_sel(28)] = 0.0000601510
E[P_sel(29)] = 0.0000426001
E[P_sel(30)] = 0.0000493695
E[P_sel(31)] = 0.0000411348
E[P_sel(32)] = 0.0000366977
E[P_sel(33)] = 0.0000413015
E[P_sel(34)] = 0.0000432348
E[P_sel(35)] = 0.0000435798
E[P_sel(36)] = 0.0000486415
E[P_sel(37)] = 0.0000604357
E[P_sel(38)] = 0.0000446474
E[P_sel(39)] = 0.0000481076
E[P_sel(40)] = 0.0000556491
E[P_sel(41)] = 0.0000575393
E[P_sel(42)] = 0.0000593788
E[P_sel(43)] = 0.0000663687
E[P_sel(44)] = 0.0000529737
E[P_sel(45)] = 0.0000650120
E[P_sel(46)] = 0.0000623346
E[P_sel(47)] = 0.0000992791
E[P_sel(48)] = 0.0001080828
E[P_sel(49)] = 0.0001337838

---- alpha_dfe = 0.000727

