---- Running command
---- ./polyDFE -d /home/jejames/ArabidopsisCrossGenome/PolyDFE10/NetworkConnectivity10polcounts1_1.74883286647993_PolyDFE.input -m C -i /home/jejames/ArabidopsisCrossGenome/model.txt 1 -e 
---- Performing inference using model C

---- Performing inference on /home/jejames/ArabidopsisCrossGenome/PolyDFE10/NetworkConnectivity10polcounts1_1.74883286647993_PolyDFE.input
----      with -i /home/jejames/ArabidopsisCrossGenome/model.txt 1
---- Data /home/jejames/ArabidopsisCrossGenome/PolyDFE10/NetworkConnectivity10polcounts1_1.74883286647993_PolyDFE.input does not contain divergence counts. Using option -w.
---- No mutation variability. Using Poisson likelihood.


---- Calculating initial values

-- Starting local optimization
-- Optimizing all parameters
  it        eps_an     theta_bar           S_d             b           p_b           S_b           r 2           r 3           r 4           r 5           r 6           r 7           r 8           r 9          r 10          r 11          r 12          r 13          r 14          r 15          r 16          r 17          r 18          r 19          r 20          r 21          r 22          r 23          r 24          r 25          r 26          r 27          r 28          r 29          r 30          r 31          r 32          r 33          r 34          r 35          r 36          r 37          r 38          r 39          r 40          r 41          r 42          r 43          r 44          r 45          r 46          r 47          r 48          r 49           ln lk          grad status 
   0           0.1 0.00966225811        -20000         0.208           0.1            20 0.83493282149 0.73848368522 0.66081710995 0.71188648204 0.64738140937 0.71689059500 0.74691527282 0.52872223745 0.64367973676 0.58363038113 0.65313956676 0.79311763092 0.68809980806 0.63853852481 0.65478475459 0.65142582944 0.65889772415 0.65642994241 0.64025226213 0.88675623800 0.66657526734 0.72052371812 0.76501233890 0.82259391280 1.04263778448 0.94947902385 0.72552783109 1.16095420893 1.07554154099 0.79901288730 1.06608171099 1.24643542637 1.14902659720 1.12523992322 1.51275020564 1.64861530024 1.52646010419 1.72703591993 1.89470797916 1.89148615300 2.58541266794 2.37578831916 2.43103921030 3.12482862626 3.05867836578 3.86296956402 5.29750479846             1 -3732.029428861 36.1490170654   -2 
 512 0.00501531781 0.00846746981 -171.41223482 0.24550508239 0.00006393134 0.25369486377 0.81006549153 0.75266318984 0.74562179220 0.70441570820 0.67089945517 0.70346469759 0.71596094497 0.63760719740 0.62382376697 0.65783675392 0.62226325619 0.66721407245 0.60950036245 0.64284862711 0.53498327294 0.64661579763 0.61516832876 0.71672938410 0.71394409454 0.70676395424 0.67694395416 0.78921937585 0.72464067569 0.75843350189 0.82938711468 0.70908463536 0.75487632420 0.93558052301 0.95352552627 0.83464376877 0.95878860607 1.00094408020 0.99534421464 1.00509396932 1.23949388902 1.25399603140 1.37024437350 1.52461902839 1.55528352351 1.44822573584 1.79896921887 1.75161033267 2.03152278954 2.23794483795 2.24769263847 2.50683933053 3.08597662482 4.33182104012 -348.9995084144 0.00008794620    0 
---- Best joint likelihood found -348.999508414438310 with gradient 0.00009

---- Results for /home/jejames/ArabidopsisCrossGenome/PolyDFE10/NetworkConnectivity10polcounts1_1.74883286647993_PolyDFE.input 
--  Model: C
--        eps_an     theta_bar             a 
-- 0.00501531781 0.00846746981            -1 
--           S_d             b           p_b           S_b 
-- -171.41223482 0.24550508239 0.00006393134 0.25369486377 
--           r 2           r 3           r 4           r 5           r 6           r 7           r 8           r 9          r 10          r 11          r 12          r 13          r 14          r 15          r 16          r 17          r 18          r 19          r 20          r 21          r 22          r 23          r 24          r 25          r 26          r 27          r 28          r 29          r 30          r 31          r 32          r 33          r 34          r 35          r 36          r 37          r 38          r 39          r 40          r 41          r 42          r 43          r 44          r 45          r 46          r 47          r 48          r 49 
-- 0.81006549153 0.75266318984 0.74562179220 0.70441570820 0.67089945517 0.70346469759 0.71596094497 0.63760719740 0.62382376697 0.65783675392 0.62226325619 0.66721407245 0.60950036245 0.64284862711 0.53498327294 0.64661579763 0.61516832876 0.71672938410 0.71394409454 0.70676395424 0.67694395416 0.78921937585 0.72464067569 0.75843350189 0.82938711468 0.70908463536 0.75487632420 0.93558052301 0.95352552627 0.83464376877 0.95878860607 1.00094408020 0.99534421464 1.00509396932 1.23949388902 1.25399603140 1.37024437350 1.52461902839 1.55528352351 1.44822573584 1.79896921887 1.75161033267 2.03152278954 2.23794483795 2.24769263847 2.50683933053 3.08597662482 4.33182104012 

---- Expected P_neut(i), 0 < i < n (neutral SFS per site) 
E[P_neut(1)] = 0.0084287570
E[P_neut(2)] = 0.0034151323
E[P_neut(3)] = 0.0021159949
E[P_neut(4)] = 0.0015725415
E[P_neut(5)] = 0.0011890528
E[P_neut(6)] = 0.0009440157
E[P_neut(7)] = 0.0008484002
E[P_neut(8)] = 0.0007558156
E[P_neut(9)] = 0.0005983714
E[P_neut(10)] = 0.0005272229
E[P_neut(11)] = 0.0005055035
E[P_neut(12)] = 0.0004384121
E[P_neut(13)] = 0.0004338455
E[P_neut(14)] = 0.0003682509
E[P_neut(15)] = 0.0003622863
E[P_neut(16)] = 0.0002829454
E[P_neut(17)] = 0.0003217434
E[P_neut(18)] = 0.0002892055
E[P_neut(19)] = 0.0003189564
E[P_neut(20)] = 0.0003020988
E[P_neut(21)] = 0.0002849171
E[P_neut(22)] = 0.0002603838
E[P_neut(23)] = 0.0002902099
E[P_neut(24)] = 0.0002557338
E[P_neut(25)] = 0.0002568805
E[P_neut(26)] = 0.0002700356
E[P_neut(27)] = 0.0002227180
E[P_neut(28)] = 0.0002284437
E[P_neut(29)] = 0.0002732316
E[P_neut(30)] = 0.0002692978
E[P_neut(31)] = 0.0002284367
E[P_neut(32)] = 0.0002538825
E[P_neut(33)] = 0.0002571594
E[P_neut(34)] = 0.0002480605
E[P_neut(35)] = 0.0002437605
E[P_neut(36)] = 0.0002919249
E[P_neut(37)] = 0.0002877180
E[P_neut(38)] = 0.0003059998
E[P_neut(39)] = 0.0003318966
E[P_neut(40)] = 0.0003302309
E[P_neut(41)] = 0.0003006014
E[P_neut(42)] = 0.0003646654
E[P_neut(43)] = 0.0003474613
E[P_neut(44)] = 0.0003937391
E[P_neut(45)] = 0.0004249760
E[P_neut(46)] = 0.0004195860
E[P_neut(47)] = 0.0004600189
E[P_neut(48)] = 0.0005588539
E[P_neut(49)] = 0.0007872753

---- Expected P_sel(i), 0 < i < n (selected SFS per site) 
E[P_sel(1)] = 0.0049966995
E[P_sel(2)] = 0.0016430840
E[P_sel(3)] = 0.0009084445
E[P_sel(4)] = 0.0006259537
E[P_sel(5)] = 0.0004475243
E[P_sel(6)] = 0.0003399627
E[P_sel(7)] = 0.0002946697
E[P_sel(8)] = 0.0002545555
E[P_sel(9)] = 0.0001962422
E[P_sel(10)] = 0.0001688848
E[P_sel(11)] = 0.0001585782
E[P_sel(12)] = 0.0001349604
E[P_sel(13)] = 0.0001312894
E[P_sel(14)] = 0.0001096875
E[P_sel(15)] = 0.0001063659
E[P_sel(16)] = 0.0000819465
E[P_sel(17)] = 0.0000920231
E[P_sel(18)] = 0.0000817435
E[P_sel(19)] = 0.0000891652
E[P_sel(20)] = 0.0000835661
E[P_sel(21)] = 0.0000780343
E[P_sel(22)] = 0.0000706486
E[P_sel(23)] = 0.0000780401
E[P_sel(24)] = 0.0000681816
E[P_sel(25)] = 0.0000679306
E[P_sel(26)] = 0.0000708530
E[P_sel(27)] = 0.0000580041
E[P_sel(28)] = 0.0000590671
E[P_sel(29)] = 0.0000701578
E[P_sel(30)] = 0.0000686898
E[P_sel(31)] = 0.0000579019
E[P_sel(32)] = 0.0000639445
E[P_sel(33)] = 0.0000643874
E[P_sel(34)] = 0.0000617446
E[P_sel(35)] = 0.0000603538
E[P_sel(36)] = 0.0000718722
E[P_sel(37)] = 0.0000704855
E[P_sel(38)] = 0.0000745780
E[P_sel(39)] = 0.0000805037
E[P_sel(40)] = 0.0000797304
E[P_sel(41)] = 0.0000722986
E[P_sel(42)] = 0.0000873434
E[P_sel(43)] = 0.0000829521
E[P_sel(44)] = 0.0000936339
E[P_sel(45)] = 0.0001008280
E[P_sel(46)] = 0.0000995859
E[P_sel(47)] = 0.0001093943
E[P_sel(48)] = 0.0001341009
E[P_sel(49)] = 0.0001974940

---- alpha_dfe = 0.000317

