---- Running command
---- ./polyDFE -d /home/jejames/ArabidopsisCrossGenome/PolyDFE10/NetworkConnectivity10polcounts8_91.8010810810811_PolyDFE.input -m C -i /home/jejames/ArabidopsisCrossGenome/model.txt 1 -e 
---- Performing inference using model C

---- Performing inference on /home/jejames/ArabidopsisCrossGenome/PolyDFE10/NetworkConnectivity10polcounts8_91.8010810810811_PolyDFE.input
----      with -i /home/jejames/ArabidopsisCrossGenome/model.txt 1
---- Data /home/jejames/ArabidopsisCrossGenome/PolyDFE10/NetworkConnectivity10polcounts8_91.8010810810811_PolyDFE.input does not contain divergence counts. Using option -w.
---- No mutation variability. Using Poisson likelihood.


---- Calculating initial values

-- Starting local optimization
-- Optimizing all parameters
  it        eps_an     theta_bar           S_d             b           p_b           S_b           r 2           r 3           r 4           r 5           r 6           r 7           r 8           r 9          r 10          r 11          r 12          r 13          r 14          r 15          r 16          r 17          r 18          r 19          r 20          r 21          r 22          r 23          r 24          r 25          r 26          r 27          r 28          r 29          r 30          r 31          r 32          r 33          r 34          r 35          r 36          r 37          r 38          r 39          r 40          r 41          r 42          r 43          r 44          r 45          r 46          r 47          r 48          r 49           ln lk          grad status 
   0           0.1 0.00921006067        -60000         0.208           0.1            20 0.83182514269 0.79040790755 0.73646108868 0.65049422246 0.64318529862 0.71481275233 0.56912153696 0.69601837672 0.66824446610 0.71975497702 0.73924544062 0.75741333704 0.72699429207 0.77265766392 0.63483224279 0.65439231518 0.89837115411 0.71947654183 0.63204789085 0.75866629541 0.93261868300 0.97981344841 0.86036475010 0.97452317972 0.85966866211 1.02993178337 1.01545315327 0.87004037310 1.01489628289 1.07030488653 1.36544619239 1.32542113323 1.15968258387 1.41305861060 1.78922455798 1.47577613810 1.38869553111 1.46596129750 1.33648893220 2.05199777251 1.86523736600 1.92461367116 2.26646248085 2.57169706250 2.96185437839 3.87686203536 5.93066963664             1 -3669.828926096 54.3166747632   -2 
 691 0.00612978059 0.00807823531 -501.00819627 0.26797136991 0.00008281042 0.46951198820 0.84967587308 0.78532894073 0.74604659330 0.69569477549 0.73808844913 0.69053597736 0.63564729480 0.66004081110 0.69216036658 0.63413967188 0.71452463744 0.66889510959 0.69353003487 0.69860370297 0.69104904942 0.61122360031 0.74977809772 0.65875997220 0.68278872319 0.64780030684 0.80485765112 0.82048066011 0.85193970375 0.88121126586 0.76255067426 0.91051667540 0.85700958794 0.83943743984 1.00032875205 0.90222038378 1.06055135555 1.07390926603 1.04558595423 1.14267565580 1.28352783458 1.33514166338 1.18998339774 1.12393942277 1.12173988594 1.44142726369 1.47670352744 1.49214711706 1.68590869515 1.95630370735 2.17272546424 2.57951792055 3.78644623772 4.12258699043 -332.3117305391 0.00025173516   -3 
-- Local optimization: stuck in the same solution
---- Best joint likelihood found -332.311730539159441 with gradient 0.00025

---- Results for /home/jejames/ArabidopsisCrossGenome/PolyDFE10/NetworkConnectivity10polcounts8_91.8010810810811_PolyDFE.input 
--  Model: C
--        eps_an     theta_bar             a 
-- 0.00612978059 0.00807823531            -1 
--           S_d             b           p_b           S_b 
-- -501.00819627 0.26797136991 0.00008281042 0.46951198820 
--           r 2           r 3           r 4           r 5           r 6           r 7           r 8           r 9          r 10          r 11          r 12          r 13          r 14          r 15          r 16          r 17          r 18          r 19          r 20          r 21          r 22          r 23          r 24          r 25          r 26          r 27          r 28          r 29          r 30          r 31          r 32          r 33          r 34          r 35          r 36          r 37          r 38          r 39          r 40          r 41          r 42          r 43          r 44          r 45          r 46          r 47          r 48          r 49 
-- 0.84967587308 0.78532894073 0.74604659330 0.69569477549 0.73808844913 0.69053597736 0.63564729480 0.66004081110 0.69216036658 0.63413967188 0.71452463744 0.66889510959 0.69353003487 0.69860370297 0.69104904942 0.61122360031 0.74977809772 0.65875997220 0.68278872319 0.64780030684 0.80485765112 0.82048066011 0.85193970375 0.88121126586 0.76255067426 0.91051667540 0.85700958794 0.83943743984 1.00032875205 0.90222038378 1.06055135555 1.07390926603 1.04558595423 1.14267565580 1.28352783458 1.33514166338 1.18998339774 1.12393942277 1.12173988594 1.44142726369 1.47670352744 1.49214711706 1.68590869515 1.95630370735 2.17272546424 2.57951792055 3.78644623772 4.12258699043 

---- Expected P_neut(i), 0 < i < n (neutral SFS per site) 
E[P_neut(1)] = 0.0080328837
E[P_neut(2)] = 0.0034148100
E[P_neut(3)] = 0.0021044458
E[P_neut(4)] = 0.0014997882
E[P_neut(5)] = 0.0011192601
E[P_neut(6)] = 0.0009895479
E[P_neut(7)] = 0.0007937352
E[P_neut(8)] = 0.0006396701
E[P_neut(9)] = 0.0005905499
E[P_neut(10)] = 0.0005571047
E[P_neut(11)] = 0.0004642751
E[P_neut(12)] = 0.0004796104
E[P_neut(13)] = 0.0004148922
E[P_neut(14)] = 0.0003994910
E[P_neut(15)] = 0.0003755428
E[P_neut(16)] = 0.0003482876
E[P_neut(17)] = 0.0002902786
E[P_neut(18)] = 0.0003360720
E[P_neut(19)] = 0.0002798095
E[P_neut(20)] = 0.0002757470
E[P_neut(21)] = 0.0002491003
E[P_neut(22)] = 0.0002952417
E[P_neut(23)] = 0.0002880789
E[P_neut(24)] = 0.0002864516
E[P_neut(25)] = 0.0002847453
E[P_neut(26)] = 0.0002372310
E[P_neut(27)] = 0.0002725176
E[P_neut(28)] = 0.0002475504
E[P_neut(29)] = 0.0002339277
E[P_neut(30)] = 0.0002694024
E[P_neut(31)] = 0.0002353837
E[P_neut(32)] = 0.0002681522
E[P_neut(33)] = 0.0002630566
E[P_neut(34)] = 0.0002490421
E[P_neut(35)] = 0.0002644268
E[P_neut(36)] = 0.0002887053
E[P_neut(37)] = 0.0002922634
E[P_neut(38)] = 0.0002543706
E[P_neut(39)] = 0.0002342339
E[P_neut(40)] = 0.0002285807
E[P_neut(41)] = 0.0002858952
E[P_neut(42)] = 0.0002862210
E[P_neut(43)] = 0.0002834901
E[P_neut(44)] = 0.0003137206
E[P_neut(45)] = 0.0003559256
E[P_neut(46)] = 0.0003884574
E[P_neut(47)] = 0.0004536056
E[P_neut(48)] = 0.0006543768
E[P_neut(49)] = 0.0007250094

---- Expected P_sel(i), 0 < i < n (selected SFS per site) 
E[P_sel(1)] = 0.0036477238
E[P_sel(2)] = 0.0011964353
E[P_sel(3)] = 0.0006466750
E[P_sel(4)] = 0.0004232559
E[P_sel(5)] = 0.0002967579
E[P_sel(6)] = 0.0002498613
E[P_sel(7)] = 0.0001925348
E[P_sel(8)] = 0.0001499728
E[P_sel(9)] = 0.0001344556
E[P_sel(10)] = 0.0001236339
E[P_sel(11)] = 0.0001006803
E[P_sel(12)] = 0.0001018727
E[P_sel(13)] = 0.0000864637
E[P_sel(14)] = 0.0000818294
E[P_sel(15)] = 0.0000757113
E[P_sel(16)] = 0.0000691864
E[P_sel(17)] = 0.0000568649
E[P_sel(18)] = 0.0000649979
E[P_sel(19)] = 0.0000534624
E[P_sel(20)] = 0.0000520830
E[P_sel(21)] = 0.0000465445
E[P_sel(22)] = 0.0000546040
E[P_sel(23)] = 0.0000527593
E[P_sel(24)] = 0.0000519752
E[P_sel(25)] = 0.0000512067
E[P_sel(26)] = 0.0000423010
E[P_sel(27)] = 0.0000481970
E[P_sel(28)] = 0.0000434413
E[P_sel(29)] = 0.0000407405
E[P_sel(30)] = 0.0000465780
E[P_sel(31)] = 0.0000404168
E[P_sel(32)] = 0.0000457364
E[P_sel(33)] = 0.0000445698
E[P_sel(34)] = 0.0000419438
E[P_sel(35)] = 0.0000442672
E[P_sel(36)] = 0.0000480468
E[P_sel(37)] = 0.0000483667
E[P_sel(38)] = 0.0000419011
E[P_sel(39)] = 0.0000383914
E[P_sel(40)] = 0.0000373167
E[P_sel(41)] = 0.0000464125
E[P_sel(42)] = 0.0000462762
E[P_sel(43)] = 0.0000457214
E[P_sel(44)] = 0.0000504719
E[P_sel(45)] = 0.0000570798
E[P_sel(46)] = 0.0000623556
E[P_sel(47)] = 0.0000730905
E[P_sel(48)] = 0.0001062524
E[P_sel(49)] = 0.0001274860

---- alpha_dfe = 0.000683

