---- Running command
---- ./polyDFE -d /home/jejames/ArabidopsisCrossGenome/PolyDFE10/NetworkConnectivity10polcounts2_4.94140625_PolyDFE.input -m C -i /home/jejames/ArabidopsisCrossGenome/model.txt 1 -e 
---- Performing inference using model C

---- Performing inference on /home/jejames/ArabidopsisCrossGenome/PolyDFE10/NetworkConnectivity10polcounts2_4.94140625_PolyDFE.input
----      with -i /home/jejames/ArabidopsisCrossGenome/model.txt 1
---- Data /home/jejames/ArabidopsisCrossGenome/PolyDFE10/NetworkConnectivity10polcounts2_4.94140625_PolyDFE.input does not contain divergence counts. Using option -w.
---- No mutation variability. Using Poisson likelihood.


---- Calculating initial values

-- Starting local optimization
-- Optimizing all parameters
  it        eps_an     theta_bar           S_d             b           p_b           S_b           r 2           r 3           r 4           r 5           r 6           r 7           r 8           r 9          r 10          r 11          r 12          r 13          r 14          r 15          r 16          r 17          r 18          r 19          r 20          r 21          r 22          r 23          r 24          r 25          r 26          r 27          r 28          r 29          r 30          r 31          r 32          r 33          r 34          r 35          r 36          r 37          r 38          r 39          r 40          r 41          r 42          r 43          r 44          r 45          r 46          r 47          r 48          r 49           ln lk          grad status 
   0           0.1 0.01066211121        -20000         0.208           0.1            20 0.75918102047 0.67214819629 0.65024374390 0.66233344166 0.68911277218 0.66883327916 0.55222619434 0.66103347416 0.68183295417 0.65778355541 0.58888527786 0.56698082547 0.56327591810 0.62008449788 0.56886577835 0.61436464088 0.61189470263 0.64588885277 0.70718232044 0.64835879103 0.82365940851 0.75047123821 0.61930451738 0.79623009424 0.49515762105 0.76867078323 0.69886252843 0.81995450113 0.65518362040 0.94098147546 0.80493987650 1.29554761130 1.15580110497 1.19207019824 1.24250893727 1.24816379590 1.56841078973 1.52096197595 1.66655833604 1.73220669483 2.50607734806 2.54338641533 2.46811829704 3.34026649333 3.19623009424 3.61397465063 4.74228144296             1 -3720.959617508 42.1616181401   -2 
1309 0.00017593010 0.00916485741 -259.31082387 0.23608032735 0.00002341603 0.16457860171 0.76477893983 0.73516117997 0.66678753287 0.66165080113 0.71448542781 0.71794777810 0.62629336192 0.72209182037 0.69277154316 0.66283265291 0.62087267306 0.61380836973 0.57358758266 0.59123143121 0.56176552379 0.67487411411 0.72401309747 0.60660236924 0.65868439918 0.66600629068 0.73807718898 0.71062135303 0.61616300360 0.67995600595 0.56207581795 0.67846723314 0.65803242451 0.70899430461 0.66666795999 0.79890628743 0.79935046417 0.99036484303 1.01348442004 1.08729345077 0.88864595120 1.12293230669 1.34715824212 1.23583727488 1.25869029769 1.48842252340 1.77896788298 1.79950416381 1.63424209254 2.25607675649 2.47672377411 2.49224916678 2.96902814772 4.28778952036 -353.9134755570 0.00008526508    0 
---- Best joint likelihood found -353.913475557074605 with gradient 0.00009

---- Results for /home/jejames/ArabidopsisCrossGenome/PolyDFE10/NetworkConnectivity10polcounts2_4.94140625_PolyDFE.input 
--  Model: C
--        eps_an     theta_bar             a 
-- 0.00017593010 0.00916485741            -1 
--           S_d             b           p_b           S_b 
-- -259.31082387 0.23608032735 0.00002341603 0.16457860171 
--           r 2           r 3           r 4           r 5           r 6           r 7           r 8           r 9          r 10          r 11          r 12          r 13          r 14          r 15          r 16          r 17          r 18          r 19          r 20          r 21          r 22          r 23          r 24          r 25          r 26          r 27          r 28          r 29          r 30          r 31          r 32          r 33          r 34          r 35          r 36          r 37          r 38          r 39          r 40          r 41          r 42          r 43          r 44          r 45          r 46          r 47          r 48          r 49 
-- 0.76477893983 0.73516117997 0.66678753287 0.66165080113 0.71448542781 0.71794777810 0.62629336192 0.72209182037 0.69277154316 0.66283265291 0.62087267306 0.61380836973 0.57358758266 0.59123143121 0.56176552379 0.67487411411 0.72401309747 0.60660236924 0.65868439918 0.66600629068 0.73807718898 0.71062135303 0.61616300360 0.67995600595 0.56207581795 0.67846723314 0.65803242451 0.70899430461 0.66666795999 0.79890628743 0.79935046417 0.99036484303 1.01348442004 1.08729345077 0.88864595120 1.12293230669 1.34715824212 1.23583727488 1.25869029769 1.48842252340 1.77896788298 1.79950416381 1.63424209254 2.25607675649 2.47672377411 2.49224916678 2.96902814772 4.28778952036 

---- Expected P_neut(i), 0 < i < n (neutral SFS per site) 
E[P_neut(1)] = 0.0091633861
E[P_neut(2)] = 0.0035040281
E[P_neut(3)] = 0.0022455728
E[P_neut(4)] = 0.0015275712
E[P_neut(5)] = 0.0012126545
E[P_neut(6)] = 0.0010912274
E[P_neut(7)] = 0.0009398862
E[P_neut(8)] = 0.0007174282
E[P_neut(9)] = 0.0007352479
E[P_neut(10)] = 0.0006348543
E[P_neut(11)] = 0.0005522055
E[P_neut(12)] = 0.0004741579
E[P_neut(13)] = 0.0004327010
E[P_neut(14)] = 0.0003754629
E[P_neut(15)] = 0.0003612233
E[P_neut(16)] = 0.0003217728
E[P_neut(17)] = 0.0003638153
E[P_neut(18)] = 0.0003686130
E[P_neut(19)] = 0.0002925914
E[P_neut(20)] = 0.0003018202
E[P_neut(21)] = 0.0002906479
E[P_neut(22)] = 0.0003074553
E[P_neut(23)] = 0.0002831535
E[P_neut(24)] = 0.0002352870
E[P_neut(25)] = 0.0002492680
E[P_neut(26)] = 0.0001981352
E[P_neut(27)] = 0.0002303077
E[P_neut(28)] = 0.0002154010
E[P_neut(29)] = 0.0002240749
E[P_neut(30)] = 0.0002036812
E[P_neut(31)] = 0.0002361990
E[P_neut(32)] = 0.0002289600
E[P_neut(33)] = 0.0002750627
E[P_neut(34)] = 0.0002731980
E[P_neut(35)] = 0.0002847246
E[P_neut(36)] = 0.0002262572
E[P_neut(37)] = 0.0002781762
E[P_neut(38)] = 0.0003249345
E[P_neut(39)] = 0.0002904633
E[P_neut(40)] = 0.0002884539
E[P_neut(41)] = 0.0003327825
E[P_neut(42)] = 0.0003882481
E[P_neut(43)] = 0.0003836374
E[P_neut(44)] = 0.0003405320
E[P_neut(45)] = 0.0004596130
E[P_neut(46)] = 0.0004936346
E[P_neut(47)] = 0.0004862906
E[P_neut(48)] = 0.0005674068
E[P_neut(49)] = 0.0008034505

---- Expected P_sel(i), 0 < i < n (selected SFS per site) 
E[P_sel(1)] = 0.0050736138
E[P_sel(2)] = 0.0015676843
E[P_sel(3)] = 0.0008980623
E[P_sel(4)] = 0.0005675488
E[P_sel(5)] = 0.0004267737
E[P_sel(6)] = 0.0003680049
E[P_sel(7)] = 0.0003060501
E[P_sel(8)] = 0.0002267817
E[P_sel(9)] = 0.0002265227
E[P_sel(10)] = 0.0001912189
E[P_sel(11)] = 0.0001630013
E[P_sel(12)] = 0.0001374363
E[P_sel(13)] = 0.0001233573
E[P_sel(14)] = 0.0001054231
E[P_sel(15)] = 0.0001000088
E[P_sel(16)] = 0.0000879309
E[P_sel(17)] = 0.0000982159
E[P_sel(18)] = 0.0000983810
E[P_sel(19)] = 0.0000772558
E[P_sel(20)] = 0.0000788877
E[P_sel(21)] = 0.0000752404
E[P_sel(22)] = 0.0000788676
E[P_sel(23)] = 0.0000720046
E[P_sel(24)] = 0.0000593377
E[P_sel(25)] = 0.0000623662
E[P_sel(26)] = 0.0000491971
E[P_sel(27)] = 0.0000567694
E[P_sel(28)] = 0.0000527235
E[P_sel(29)] = 0.0000544768
E[P_sel(30)] = 0.0000491969
E[P_sel(31)] = 0.0000566928
E[P_sel(32)] = 0.0000546221
E[P_sel(33)] = 0.0000652347
E[P_sel(34)] = 0.0000644232
E[P_sel(35)] = 0.0000667707
E[P_sel(36)] = 0.0000527758
E[P_sel(37)] = 0.0000645479
E[P_sel(38)] = 0.0000750154
E[P_sel(39)] = 0.0000667281
E[P_sel(40)] = 0.0000659496
E[P_sel(41)] = 0.0000757288
E[P_sel(42)] = 0.0000879458
E[P_sel(43)] = 0.0000865188
E[P_sel(44)] = 0.0000764697
E[P_sel(45)] = 0.0001027690
E[P_sel(46)] = 0.0001099270
E[P_sel(47)] = 0.0001078813
E[P_sel(48)] = 0.0001254322
E[P_sel(49)] = 0.0001772597

---- alpha_dfe = 0.000117

