---- Running command
---- ./polyDFE -d /home/jejames/ArabidopsisCrossGenome/PolyDFE10/NetworkConnectivity10polcounts10_358.340864440079_PolyDFE.input -m C -i /home/jejames/ArabidopsisCrossGenome/model.txt 1 -e 
---- Performing inference using model C

---- Performing inference on /home/jejames/ArabidopsisCrossGenome/PolyDFE10/NetworkConnectivity10polcounts10_358.340864440079_PolyDFE.input
----      with -i /home/jejames/ArabidopsisCrossGenome/model.txt 1
---- Data /home/jejames/ArabidopsisCrossGenome/PolyDFE10/NetworkConnectivity10polcounts10_358.340864440079_PolyDFE.input does not contain divergence counts. Using option -w.
---- No mutation variability. Using Poisson likelihood.


---- Calculating initial values

-- Starting local optimization
-- Optimizing all parameters
  it        eps_an     theta_bar           S_d             b           p_b           S_b           r 2           r 3           r 4           r 5           r 6           r 7           r 8           r 9          r 10          r 11          r 12          r 13          r 14          r 15          r 16          r 17          r 18          r 19          r 20          r 21          r 22          r 23          r 24          r 25          r 26          r 27          r 28          r 29          r 30          r 31          r 32          r 33          r 34          r 35          r 36          r 37          r 38          r 39          r 40          r 41          r 42          r 43          r 44          r 45          r 46          r 47          r 48          r 49           ln lk          grad status 
   0           0.1 0.00859485008        -20000         0.406           0.1            20 0.82369421652 0.79927956774 0.75752117937 0.67974117804 0.65319191514 0.69948635848 0.64465345874 0.56553932359 0.62704289240 0.60976585951 0.56433860316 0.59489026749 0.65372556867 0.60836501901 0.52724968314 0.64071776399 0.63037822693 0.76425855513 0.78847308385 0.63458074844 0.65452604896 0.67660596357 0.84050430258 0.65039023414 0.84117136948 0.80868521112 0.77326395837 0.61323460743 0.87852711626 1.13114535387 0.86451871122 0.97958775265 0.83009805883 1.00860516309 1.10466279767 1.41671669668 1.07731305449 1.14208525115 1.44086451871 1.74491361483 2.21893135881 2.41518244279 2.48896004269 2.94776866119 3.28637182309 4.34540724434 5.78266960176             1 -4109.032731548 51.5996827255   -2 
1223 0.00127857856 0.00759340503 -837.10938655 0.31377944451 0.00003682187 0.26038761220 0.81153691868 0.76241696056 0.77150118750 0.74101336061 0.65397868106 0.69300906346 0.65288718592 0.61206766246 0.60661436090 0.55955982479 0.59019889156 0.58750606428 0.66374921765 0.57075652768 0.48659078623 0.51372381156 0.54706791476 0.68934255767 0.69093290734 0.62360963688 0.62192891300 0.62591770654 0.65587725336 0.48968627264 0.56199809376 0.75620439010 0.66465603517 0.57520823965 0.71619195316 0.89081048835 0.75553007497 0.80773492571 0.83424828123 0.84639761228 0.98871547977 1.13876804500 0.81643672373 0.96670502796 1.09105690739 1.45553958369 1.69987415142 1.91895481632 1.83978021333 2.36386794042 2.64412971541 2.89619207280 3.66229154787 4.03537667491 -322.2047909731 0.00009386152    0 
---- Best joint likelihood found -322.204790973169679 with gradient 0.00009

---- Results for /home/jejames/ArabidopsisCrossGenome/PolyDFE10/NetworkConnectivity10polcounts10_358.340864440079_PolyDFE.input 
--  Model: C
--        eps_an     theta_bar             a 
-- 0.00127857856 0.00759340503            -1 
--           S_d             b           p_b           S_b 
-- -837.10938655 0.31377944451 0.00003682187 0.26038761220 
--           r 2           r 3           r 4           r 5           r 6           r 7           r 8           r 9          r 10          r 11          r 12          r 13          r 14          r 15          r 16          r 17          r 18          r 19          r 20          r 21          r 22          r 23          r 24          r 25          r 26          r 27          r 28          r 29          r 30          r 31          r 32          r 33          r 34          r 35          r 36          r 37          r 38          r 39          r 40          r 41          r 42          r 43          r 44          r 45          r 46          r 47          r 48          r 49 
-- 0.81153691868 0.76241696056 0.77150118750 0.74101336061 0.65397868106 0.69300906346 0.65288718592 0.61206766246 0.60661436090 0.55955982479 0.59019889156 0.58750606428 0.66374921765 0.57075652768 0.48659078623 0.51372381156 0.54706791476 0.68934255767 0.69093290734 0.62360963688 0.62192891300 0.62591770654 0.65587725336 0.48968627264 0.56199809376 0.75620439010 0.66465603517 0.57520823965 0.71619195316 0.89081048835 0.75553007497 0.80773492571 0.83424828123 0.84639761228 0.98871547977 1.13876804500 0.81643672373 0.96670502796 1.09105690739 1.45553958369 1.69987415142 1.91895481632 1.83978021333 2.36386794042 2.64412971541 2.89619207280 3.66229154787 4.03537667491 

---- Expected P_neut(i), 0 < i < n (neutral SFS per site) 
E[P_neut(1)] = 0.0075844958
E[P_neut(2)] = 0.0030779655
E[P_neut(3)] = 0.0019279112
E[P_neut(4)] = 0.0014632657
E[P_neut(5)] = 0.0011244341
E[P_neut(6)] = 0.0008270019
E[P_neut(7)] = 0.0007512290
E[P_neut(8)] = 0.0006193052
E[P_neut(9)] = 0.0005160930
E[P_neut(10)] = 0.0004603027
E[P_neut(11)] = 0.0003860163
E[P_neut(12)] = 0.0003731994
E[P_neut(13)] = 0.0003430271
E[P_neut(14)] = 0.0003598147
E[P_neut(15)] = 0.0002887977
E[P_neut(16)] = 0.0002308730
E[P_neut(17)] = 0.0002294097
E[P_neut(18)] = 0.0002307179
E[P_neut(19)] = 0.0002754245
E[P_neut(20)] = 0.0002622230
E[P_neut(21)] = 0.0002253957
E[P_neut(22)] = 0.0002146177
E[P_neut(23)] = 0.0002066532
E[P_neut(24)] = 0.0002074588
E[P_neut(25)] = 0.0001487354
E[P_neut(26)] = 0.0001641893
E[P_neut(27)] = 0.0002126651
E[P_neut(28)] = 0.0001802941
E[P_neut(29)] = 0.0001507092
E[P_neut(30)] = 0.0001813815
E[P_neut(31)] = 0.0002182760
E[P_neut(32)] = 0.0001793485
E[P_neut(33)] = 0.0001859181
E[P_neut(34)] = 0.0001863742
E[P_neut(35)] = 0.0001837643
E[P_neut(36)] = 0.0002087414
E[P_neut(37)] = 0.0002338461
E[P_neut(38)] = 0.0001634146
E[P_neut(39)] = 0.0001884733
E[P_neut(40)] = 0.0002074451
E[P_neut(41)] = 0.0002698888
E[P_neut(42)] = 0.0003077288
E[P_neut(43)] = 0.0003393977
E[P_neut(44)] = 0.0003181567
E[P_neut(45)] = 0.0003998135
E[P_neut(46)] = 0.0004377916
E[P_neut(47)] = 0.0004697831
E[P_neut(48)] = 0.0005825584
E[P_neut(49)] = 0.0006342612

---- Expected P_sel(i), 0 < i < n (selected SFS per site) 
E[P_sel(1)] = 0.0027508367
E[P_sel(2)] = 0.0008116977
E[P_sel(3)] = 0.0004343955
E[P_sel(4)] = 0.0002979715
E[P_sel(5)] = 0.0002126756
E[P_sel(6)] = 0.0001476344
E[P_sel(7)] = 0.0001279061
E[P_sel(8)] = 0.0001013124
E[P_sel(9)] = 0.0000815625
E[P_sel(10)] = 0.0000705734
E[P_sel(11)] = 0.0000576039
E[P_sel(12)] = 0.0000543512
E[P_sel(13)] = 0.0000488580
E[P_sel(14)] = 0.0000502198
E[P_sel(15)] = 0.0000395585
E[P_sel(16)] = 0.0000310775
E[P_sel(17)] = 0.0000303835
E[P_sel(18)] = 0.0000300960
E[P_sel(19)] = 0.0000354178
E[P_sel(20)] = 0.0000332688
E[P_sel(21)] = 0.0000282336
E[P_sel(22)] = 0.0000265592
E[P_sel(23)] = 0.0000252801
E[P_sel(24)] = 0.0000251012
E[P_sel(25)] = 0.0000178078
E[P_sel(26)] = 0.0000194612
E[P_sel(27)] = 0.0000249645
E[P_sel(28)] = 0.0000209693
E[P_sel(29)] = 0.0000173732
E[P_sel(30)] = 0.0000207298
E[P_sel(31)] = 0.0000247396
E[P_sel(32)] = 0.0000201652
E[P_sel(33)] = 0.0000207421
E[P_sel(34)] = 0.0000206374
E[P_sel(35)] = 0.0000202030
E[P_sel(36)] = 0.0000227890
E[P_sel(37)] = 0.0000253534
E[P_sel(38)] = 0.0000176064
E[P_sel(39)] = 0.0000201740
E[P_sel(40)] = 0.0000220688
E[P_sel(41)] = 0.0000285330
E[P_sel(42)] = 0.0000323445
E[P_sel(43)] = 0.0000354756
E[P_sel(44)] = 0.0000330843
E[P_sel(45)] = 0.0000413670
E[P_sel(46)] = 0.0000451023
E[P_sel(47)] = 0.0000482405
E[P_sel(48)] = 0.0000597705
E[P_sel(49)] = 0.0000665893

---- alpha_dfe = 0.000420

