---- Running command
---- ./polyDFE -d /home/jejames/ArabidopsisCrossGenome/PolyDFE10/NetworkConnectivity10polcounts5_27.3945578231293_PolyDFE.input -m C -i /home/jejames/ArabidopsisCrossGenome/model.txt 1 -e 
---- Performing inference using model C

---- Performing inference on /home/jejames/ArabidopsisCrossGenome/PolyDFE10/NetworkConnectivity10polcounts5_27.3945578231293_PolyDFE.input
----      with -i /home/jejames/ArabidopsisCrossGenome/model.txt 1
---- Data /home/jejames/ArabidopsisCrossGenome/PolyDFE10/NetworkConnectivity10polcounts5_27.3945578231293_PolyDFE.input does not contain divergence counts. Using option -w.
---- No mutation variability. Using Poisson likelihood.


---- Calculating initial values

-- Starting local optimization
-- Optimizing all parameters
  it        eps_an     theta_bar           S_d             b           p_b           S_b           r 2           r 3           r 4           r 5           r 6           r 7           r 8           r 9          r 10          r 11          r 12          r 13          r 14          r 15          r 16          r 17          r 18          r 19          r 20          r 21          r 22          r 23          r 24          r 25          r 26          r 27          r 28          r 29          r 30          r 31          r 32          r 33          r 34          r 35          r 36          r 37          r 38          r 39          r 40          r 41          r 42          r 43          r 44          r 45          r 46          r 47          r 48          r 49           ln lk          grad status 
   0           0.1 0.00921274413        -30000         0.208           0.1            20 0.85251773782 0.77660673692 0.69187848729 0.67438175931 0.61293655713 0.57670317558 0.56981470000 0.62554246745 0.61031893641 0.69484053179 0.79024591857 0.67789488186 0.63553075704 0.64166150031 0.57091685609 0.83378108424 0.61996280223 0.84156506165 0.59791968037 0.80285182889 0.60618585107 0.82227733002 0.92250464972 0.74051112488 0.97072397878 0.95040297582 1.08011297099 0.86898119446 1.12833230006 1.08266170696 1.10215609285 1.29117586278 1.36309154784 1.32362058276 1.61438313701 1.66432458496 1.58104291520 1.53936763794 1.69180960253 1.92333126679 1.69539160983 2.26300199765 2.38534132396 2.54804711717 3.41902596955 4.60384376937 5.85906178962             1 -3776.913586266 53.0632619600   -2 
 581 0.00001700932 0.00804685246 -427.28294571 0.24515590574 0.00004729607 0.26064326386 0.83830354799 0.74909874131 0.67936842606 0.70591642258 0.66075015696 0.67860569859 0.64481410518 0.67601965757 0.56391814636 0.68935289457 0.74878346670 0.72013718857 0.68365294961 0.69189457041 0.69855374237 0.75762765565 0.69412694008 0.80870292825 0.64656282297 0.70905649465 0.62659550244 0.68756900007 0.84449716472 0.77785282254 0.81207565336 0.82877813138 0.82579254145 0.84864786832 0.96982028248 0.90269143276 1.04082011972 1.05448852733 1.11218535188 1.03085347865 1.31678020610 1.24475797205 1.16620423308 1.26568193561 1.23337957576 1.55946374234 1.35799437616 1.77460952025 1.92492064914 2.01886722560 2.65187126445 2.89244695040 3.43882192520 4.31081523745 -352.2900707897 0.00040609502   -8 
-- Local optimization: reached maximum number of likelihood evaluations allowed.
---- Best joint likelihood found -352.290070789740184 with gradient 0.00041

---- Results for /home/jejames/ArabidopsisCrossGenome/PolyDFE10/NetworkConnectivity10polcounts5_27.3945578231293_PolyDFE.input 
--  Model: C
--        eps_an     theta_bar             a 
-- 0.00001700932 0.00804685246            -1 
--           S_d             b           p_b           S_b 
-- -427.28294571 0.24515590574 0.00004729607 0.26064326386 
--           r 2           r 3           r 4           r 5           r 6           r 7           r 8           r 9          r 10          r 11          r 12          r 13          r 14          r 15          r 16          r 17          r 18          r 19          r 20          r 21          r 22          r 23          r 24          r 25          r 26          r 27          r 28          r 29          r 30          r 31          r 32          r 33          r 34          r 35          r 36          r 37          r 38          r 39          r 40          r 41          r 42          r 43          r 44          r 45          r 46          r 47          r 48          r 49 
-- 0.83830354799 0.74909874131 0.67936842606 0.70591642258 0.66075015696 0.67860569859 0.64481410518 0.67601965757 0.56391814636 0.68935289457 0.74878346670 0.72013718857 0.68365294961 0.69189457041 0.69855374237 0.75762765565 0.69412694008 0.80870292825 0.64656282297 0.70905649465 0.62659550244 0.68756900007 0.84449716472 0.77785282254 0.81207565336 0.82877813138 0.82579254145 0.84864786832 0.96982028248 0.90269143276 1.04082011972 1.05448852733 1.11218535188 1.03085347865 1.31678020610 1.24475797205 1.16620423308 1.26568193561 1.23337957576 1.55946374234 1.35799437616 1.77460952025 1.92492064914 2.01886722560 2.65187126445 2.89244695040 3.43882192520 4.31081523745 

---- Expected P_neut(i), 0 < i < n (neutral SFS per site) 
E[P_neut(1)] = 0.0080467276
E[P_neut(2)] = 0.0033728049
E[P_neut(3)] = 0.0020092699
E[P_neut(4)] = 0.0013666790
E[P_neut(5)] = 0.0011360679
E[P_neut(6)] = 0.0008861508
E[P_neut(7)] = 0.0007800838
E[P_neut(8)] = 0.0006485839
E[P_neut(9)] = 0.0006044205
E[P_neut(10)] = 0.0004537731
E[P_neut(11)] = 0.0005042796
E[P_neut(12)] = 0.0005021082
E[P_neut(13)] = 0.0004457538
E[P_neut(14)] = 0.0003929451
E[P_neut(15)] = 0.0003711693
E[P_neut(16)] = 0.0003513209
E[P_neut(17)] = 0.0003586170
E[P_neut(18)] = 0.0003103068
E[P_neut(19)] = 0.0003424989
E[P_neut(20)] = 0.0002601398
E[P_neut(21)] = 0.0002716981
E[P_neut(22)] = 0.0002291875
E[P_neut(23)] = 0.0002405552
E[P_neut(24)] = 0.0002831471
E[P_neut(25)] = 0.0002503707
E[P_neut(26)] = 0.0002513333
E[P_neut(27)] = 0.0002470019
E[P_neut(28)] = 0.0002373224
E[P_neut(29)] = 0.0002354815
E[P_neut(30)] = 0.0002601334
E[P_neut(31)] = 0.0002343188
E[P_neut(32)] = 0.0002617298
E[P_neut(33)] = 0.0002571324
E[P_neut(34)] = 0.0002632248
E[P_neut(35)] = 0.0002370059
E[P_neut(36)] = 0.0002943332
E[P_neut(37)] = 0.0002707161
E[P_neut(38)] = 0.0002469589
E[P_neut(39)] = 0.0002611517
E[P_neut(40)] = 0.0002481241
E[P_neut(41)] = 0.0003060727
E[P_neut(42)] = 0.0002601871
E[P_neut(43)] = 0.0003321011
E[P_neut(44)] = 0.0003520444
E[P_neut(45)] = 0.0003610249
E[P_neut(46)] = 0.0004639114
E[P_neut(47)] = 0.0004952405
E[P_neut(48)] = 0.0005765412
E[P_neut(49)] = 0.0007080533

---- Expected P_sel(i), 0 < i < n (selected SFS per site) 
E[P_sel(1)] = 0.0039560417
E[P_sel(2)] = 0.0013129485
E[P_sel(3)] = 0.0006944307
E[P_sel(4)] = 0.0004371769
E[P_sel(5)] = 0.0003433606
E[P_sel(6)] = 0.0002561517
E[P_sel(7)] = 0.0002173939
E[P_sel(8)] = 0.0001752410
E[P_sel(9)] = 0.0001589953
E[P_sel(10)] = 0.0001165878
E[P_sel(11)] = 0.0001268699
E[P_sel(12)] = 0.0001239512
E[P_sel(13)] = 0.0001081565
E[P_sel(14)] = 0.0000938454
E[P_sel(15)] = 0.0000873582
E[P_sel(16)] = 0.0000815715
E[P_sel(17)] = 0.0000822170
E[P_sel(18)] = 0.0000703012
E[P_sel(19)] = 0.0000767320
E[P_sel(20)] = 0.0000576687
E[P_sel(21)] = 0.0000596319
E[P_sel(22)] = 0.0000498264
E[P_sel(23)] = 0.0000518271
E[P_sel(24)] = 0.0000604794
E[P_sel(25)] = 0.0000530389
E[P_sel(26)] = 0.0000528235
E[P_sel(27)] = 0.0000515206
E[P_sel(28)] = 0.0000491417
E[P_sel(29)] = 0.0000484190
E[P_sel(30)] = 0.0000531266
E[P_sel(31)] = 0.0000475424
E[P_sel(32)] = 0.0000527691
E[P_sel(33)] = 0.0000515258
E[P_sel(34)] = 0.0000524346
E[P_sel(35)] = 0.0000469409
E[P_sel(36)] = 0.0000579703
E[P_sel(37)] = 0.0000530303
E[P_sel(38)] = 0.0000481219
E[P_sel(39)] = 0.0000506267
E[P_sel(40)] = 0.0000478611
E[P_sel(41)] = 0.0000587518
E[P_sel(42)] = 0.0000497071
E[P_sel(43)] = 0.0000631519
E[P_sel(44)] = 0.0000666417
E[P_sel(45)] = 0.0000680402
E[P_sel(46)] = 0.0000870529
E[P_sel(47)] = 0.0000925409
E[P_sel(48)] = 0.0001072922
E[P_sel(49)] = 0.0001312597

---- alpha_dfe = 0.000294

