---- Running command
---- ./polyDFE -d /home/jejames/ArabidopsisCrossGenome/PolyDFE10/NetworkConnectivity10polcounts3_9.87664307381193_PolyDFE.input -m C -i /home/jejames/ArabidopsisCrossGenome/model.txt 1 -e 
---- Performing inference using model C

---- Performing inference on /home/jejames/ArabidopsisCrossGenome/PolyDFE10/NetworkConnectivity10polcounts3_9.87664307381193_PolyDFE.input
----      with -i /home/jejames/ArabidopsisCrossGenome/model.txt 1
---- Data /home/jejames/ArabidopsisCrossGenome/PolyDFE10/NetworkConnectivity10polcounts3_9.87664307381193_PolyDFE.input does not contain divergence counts. Using option -w.
---- No mutation variability. Using Poisson likelihood.


---- Calculating initial values

-- Starting local optimization
-- Optimizing all parameters
  it        eps_an     theta_bar           S_d             b           p_b           S_b           r 2           r 3           r 4           r 5           r 6           r 7           r 8           r 9          r 10          r 11          r 12          r 13          r 14          r 15          r 16          r 17          r 18          r 19          r 20          r 21          r 22          r 23          r 24          r 25          r 26          r 27          r 28          r 29          r 30          r 31          r 32          r 33          r 34          r 35          r 36          r 37          r 38          r 39          r 40          r 41          r 42          r 43          r 44          r 45          r 46          r 47          r 48          r 49           ln lk          grad status 
   0           0.1 0.01004334748        -20000         0.208           0.1            20 0.81261444557 0.69786368260 0.74899966090 0.61173279077 0.68769074262 0.57917938284 0.62068497795 0.70315361139 0.71753136656 0.64082739911 0.73652085452 0.68857239742 0.65988470668 0.77721261444 0.66517463546 0.62604272634 0.68728382502 0.67392336385 0.79077653441 0.76622583926 0.76690403526 0.71129196337 0.89359104781 0.96642929806 0.81288572397 0.77639877924 1.03682604272 0.86931163106 0.90946083418 1.31820956256 1.10030518819 1.08992878942 1.46883689386 1.12987453374 1.40386571719 1.37761953204 1.40454391319 1.61607324516 1.74160732451 2.13550356052 1.52675483214 1.92472024415 2.17836554764 2.91759918616 3.14777890810 3.79315022041 5.46571719226             1 -3681.993399165 50.3522386501   -2 
 302 0.01231088164 0.00863759203 -238.53010673 0.27606184797 0.00024083575 0.91853910112 0.84121886087 0.79079262532 0.78204598675 0.68232059334 0.70190578391 0.68270222672 0.66689932030 0.67574027578 0.69810573685 0.63494812186 0.74746533445 0.71971006400 0.64942646104 0.76328939639 0.67933958792 0.64345163743 0.69760179201 0.64953893532 0.80422643265 0.82157228803 0.72951878329 0.64050728927 0.84361449092 0.92048402653 0.69722731552 0.74728900216 0.84100431159 0.77558956778 0.71471532473 0.94084039550 0.81122669353 0.90613375514 1.14127349860 0.78290776150 1.16429375681 1.10683177954 1.16163290257 1.15849273326 1.41666530620 1.59427923255 1.23733471849 1.58664541986 1.68870742792 2.06249355186 2.14045310191 3.09437161113 3.20040303956 3.82483386460 -347.0085046170 0.00189734982   -8 
-- Local optimization: reached maximum number of likelihood evaluations allowed.
---- Best joint likelihood found -347.008504617031747 with gradient 0.00190

---- Results for /home/jejames/ArabidopsisCrossGenome/PolyDFE10/NetworkConnectivity10polcounts3_9.87664307381193_PolyDFE.input 
--  Model: C
--        eps_an     theta_bar             a 
-- 0.01231088164 0.00863759203            -1 
--           S_d             b           p_b           S_b 
-- -238.53010673 0.27606184797 0.00024083575 0.91853910112 
--           r 2           r 3           r 4           r 5           r 6           r 7           r 8           r 9          r 10          r 11          r 12          r 13          r 14          r 15          r 16          r 17          r 18          r 19          r 20          r 21          r 22          r 23          r 24          r 25          r 26          r 27          r 28          r 29          r 30          r 31          r 32          r 33          r 34          r 35          r 36          r 37          r 38          r 39          r 40          r 41          r 42          r 43          r 44          r 45          r 46          r 47          r 48          r 49 
-- 0.84121886087 0.79079262532 0.78204598675 0.68232059334 0.70190578391 0.68270222672 0.66689932030 0.67574027578 0.69810573685 0.63494812186 0.74746533445 0.71971006400 0.64942646104 0.76328939639 0.67933958792 0.64345163743 0.69760179201 0.64953893532 0.80422643265 0.82157228803 0.72951878329 0.64050728927 0.84361449092 0.92048402653 0.69722731552 0.74728900216 0.84100431159 0.77558956778 0.71471532473 0.94084039550 0.81122669353 0.90613375514 1.14127349860 0.78290776150 1.16429375681 1.10683177954 1.16163290257 1.15849273326 1.41666530620 1.59427923255 1.23733471849 1.58664541986 1.68870742792 2.06249355186 2.14045310191 3.09437161113 3.20040303956 3.82483386460 

---- Expected P_neut(i), 0 < i < n (neutral SFS per site) 
E[P_neut(1)] = 0.0085395560
E[P_neut(2)] = 0.0035954166
E[P_neut(3)] = 0.0022558190
E[P_neut(4)] = 0.0016729066
E[P_neut(5)] = 0.0011690840
E[P_neut(6)] = 0.0010021041
E[P_neut(7)] = 0.0008359676
E[P_neut(8)] = 0.0007143188
E[P_neut(9)] = 0.0006446808
E[P_neut(10)] = 0.0005993379
E[P_neut(11)] = 0.0004956046
E[P_neut(12)] = 0.0005346521
E[P_neut(13)] = 0.0004754910
E[P_neut(14)] = 0.0003991836
E[P_neut(15)] = 0.0004364997
E[P_neut(16)] = 0.0003657956
E[P_neut(17)] = 0.0003258287
E[P_neut(18)] = 0.0003333301
E[P_neut(19)] = 0.0002948790
E[P_neut(20)] = 0.0003455864
E[P_neut(21)] = 0.0003366079
E[P_neut(22)] = 0.0002860899
E[P_neut(23)] = 0.0002405227
E[P_neut(24)] = 0.0003027304
E[P_neut(25)] = 0.0003180306
E[P_neut(26)] = 0.0002325157
E[P_neut(27)] = 0.0002390840
E[P_neut(28)] = 0.0002597698
E[P_neut(29)] = 0.0002323240
E[P_neut(30)] = 0.0002075232
E[P_neut(31)] = 0.0002625562
E[P_neut(32)] = 0.0002203956
E[P_neut(33)] = 0.0002382812
E[P_neut(34)] = 0.0002908824
E[P_neut(35)] = 0.0001962449
E[P_neut(36)] = 0.0002808462
E[P_neut(37)] = 0.0002610942
E[P_neut(38)] = 0.0002674180
E[P_neut(39)] = 0.0002595585
E[P_neut(40)] = 0.0003095718
E[P_neut(41)] = 0.0003397207
E[P_neut(42)] = 0.0002601982
E[P_neut(43)] = 0.0003251634
E[P_neut(44)] = 0.0003398668
E[P_neut(45)] = 0.0004055258
E[P_neut(46)] = 0.0004177629
E[P_neut(47)] = 0.0005897082
E[P_neut(48)] = 0.0006135481
E[P_neut(49)] = 0.0007722677

---- Expected P_sel(i), 0 < i < n (selected SFS per site) 
E[P_sel(1)] = 0.0045397566
E[P_sel(2)] = 0.0014964957
E[P_sel(3)] = 0.0008234638
E[P_sel(4)] = 0.0005603900
E[P_sel(5)] = 0.0003673950
E[P_sel(6)] = 0.0002996297
E[P_sel(7)] = 0.0002398845
E[P_sel(8)] = 0.0001980258
E[P_sel(9)] = 0.0001733441
E[P_sel(10)] = 0.0001569743
E[P_sel(11)] = 0.0001267924
E[P_sel(12)] = 0.0001339280
E[P_sel(13)] = 0.0001168216
E[P_sel(14)] = 0.0000963224
E[P_sel(15)] = 0.0001036867
E[P_sel(16)] = 0.0000855277
E[P_sel(17)] = 0.0000751288
E[P_sel(18)] = 0.0000758611
E[P_sel(19)] = 0.0000662634
E[P_sel(20)] = 0.0000767833
E[P_sel(21)] = 0.0000739584
E[P_sel(22)] = 0.0000621935
E[P_sel(23)] = 0.0000517686
E[P_sel(24)] = 0.0000645481
E[P_sel(25)] = 0.0000671977
E[P_sel(26)] = 0.0000487101
E[P_sel(27)] = 0.0000496703
E[P_sel(28)] = 0.0000535449
E[P_sel(29)] = 0.0000475408
E[P_sel(30)] = 0.0000421712
E[P_sel(31)] = 0.0000529465
E[P_sel(32)] = 0.0000441744
E[P_sel(33)] = 0.0000474399
E[P_sel(34)] = 0.0000575385
E[P_sel(35)] = 0.0000386841
E[P_sel(36)] = 0.0000549262
E[P_sel(37)] = 0.0000508493
E[P_sel(38)] = 0.0000518471
E[P_sel(39)] = 0.0000500604
E[P_sel(40)] = 0.0000594364
E[P_sel(41)] = 0.0000649266
E[P_sel(42)] = 0.0000497699
E[P_sel(43)] = 0.0000619286
E[P_sel(44)] = 0.0000647297
E[P_sel(45)] = 0.0000770608
E[P_sel(46)] = 0.0000802164
E[P_sel(47)] = 0.0001133914
E[P_sel(48)] = 0.0001226106
E[P_sel(49)] = 0.0001777414

---- alpha_dfe = 0.002114

