---- Running command
---- ./polyDFE -d /home/jejames/ArabidopsisCrossGenome/PolyDFE10/NetworkConnectivity10polcounts9_146.225806451613_PolyDFE.input -m C -i /home/jejames/ArabidopsisCrossGenome/model.txt 1 -e 
---- Performing inference using model C

---- Performing inference on /home/jejames/ArabidopsisCrossGenome/PolyDFE10/NetworkConnectivity10polcounts9_146.225806451613_PolyDFE.input
----      with -i /home/jejames/ArabidopsisCrossGenome/model.txt 1
---- Data /home/jejames/ArabidopsisCrossGenome/PolyDFE10/NetworkConnectivity10polcounts9_146.225806451613_PolyDFE.input does not contain divergence counts. Using option -w.
---- No mutation variability. Using Poisson likelihood.


---- Calculating initial values

-- Starting local optimization
-- Optimizing all parameters
  it        eps_an     theta_bar           S_d             b           p_b           S_b           r 2           r 3           r 4           r 5           r 6           r 7           r 8           r 9          r 10          r 11          r 12          r 13          r 14          r 15          r 16          r 17          r 18          r 19          r 20          r 21          r 22          r 23          r 24          r 25          r 26          r 27          r 28          r 29          r 30          r 31          r 32          r 33          r 34          r 35          r 36          r 37          r 38          r 39          r 40          r 41          r 42          r 43          r 44          r 45          r 46          r 47          r 48          r 49           ln lk          grad status 
   0           0.1 0.00891019703        -80000         0.208           0.1            20 0.86344478786 0.74262433267 0.64428210171 0.74740095532 0.67055352627 0.64955043551 0.63781961225 0.69668446192 0.74459117729 0.75259904467 0.69626299522 0.61091598763 0.80542287159 0.72070806406 0.77999438044 0.77261871312 0.80921607193 0.71670413037 0.59426805282 0.67561112672 0.57488058443 0.87082045518 0.70132059567 0.87805563360 0.84742905310 0.85536667603 1.07783085136 0.90039336892 1.11056476538 0.94289126159 1.07895476257 1.44415566170 1.16071930317 1.36695701039 1.44394492835 1.51004495644 1.26524304579 1.87932003371 2.30401798257 1.83745434110 2.28645686990 2.56441416128 2.46951390840 3.13571227873 3.60930036527 4.34475976397 5.50941275639             1 -4293.577997569 64.4930344573   -2 
 136 0.00008784946 0.00781740337 -323.56046408 0.35036488156 0.00014701322 0.83173922248 0.84923472063 0.76285558632 0.67295824830 0.72243829878 0.67540679395 0.66010690441 0.66728351569 0.69057483692 0.66411251757 0.70421409050 0.67566511660 0.60907677569 0.69891640383 0.77233960325 0.73882450776 0.67309125471 0.78021495811 0.61412448744 0.51704542209 0.72788382370 0.66197341884 0.86017605126 0.70987201311 0.84305660889 0.84901027291 0.83051869341 0.95557462728 0.80406219670 0.95747724451 0.83988420498 0.96205618620 1.11788807653 0.92968673486 1.04708774772 1.13999671666 1.22118538295 1.01849865113 1.57213867412 1.80160417380 1.52221997895 1.68721192008 1.93165744918 2.11153152926 2.29801030434 2.60881280775 3.21253455541 3.55296864027 4.95366763426 -327.9985136764 0.00097552977   -8 
-- Local optimization: reached maximum number of likelihood evaluations allowed.
---- Best joint likelihood found -327.998513676429809 with gradient 0.00098

---- Results for /home/jejames/ArabidopsisCrossGenome/PolyDFE10/NetworkConnectivity10polcounts9_146.225806451613_PolyDFE.input 
--  Model: C
--        eps_an     theta_bar             a 
-- 0.00008784946 0.00781740337            -1 
--           S_d             b           p_b           S_b 
-- -323.56046408 0.35036488156 0.00014701322 0.83173922248 
--           r 2           r 3           r 4           r 5           r 6           r 7           r 8           r 9          r 10          r 11          r 12          r 13          r 14          r 15          r 16          r 17          r 18          r 19          r 20          r 21          r 22          r 23          r 24          r 25          r 26          r 27          r 28          r 29          r 30          r 31          r 32          r 33          r 34          r 35          r 36          r 37          r 38          r 39          r 40          r 41          r 42          r 43          r 44          r 45          r 46          r 47          r 48          r 49 
-- 0.84923472063 0.76285558632 0.67295824830 0.72243829878 0.67540679395 0.66010690441 0.66728351569 0.69057483692 0.66411251757 0.70421409050 0.67566511660 0.60907677569 0.69891640383 0.77233960325 0.73882450776 0.67309125471 0.78021495811 0.61412448744 0.51704542209 0.72788382370 0.66197341884 0.86017605126 0.70987201311 0.84305660889 0.84901027291 0.83051869341 0.95557462728 0.80406219670 0.95747724451 0.83988420498 0.96205618620 1.11788807653 0.92968673486 1.04708774772 1.13999671666 1.22118538295 1.01849865113 1.57213867412 1.80160417380 1.52221997895 1.68721192008 1.93165744918 2.11153152926 2.29801030434 2.60881280775 3.21253455541 3.55296864027 4.95366763426 

---- Expected P_neut(i), 0 < i < n (neutral SFS per site) 
E[P_neut(1)] = 0.0078167860
E[P_neut(2)] = 0.0033191644
E[P_neut(3)] = 0.0019877223
E[P_neut(4)] = 0.0013151199
E[P_neut(5)] = 0.0011294542
E[P_neut(6)] = 0.0008799435
E[P_neut(7)] = 0.0007371549
E[P_neut(8)] = 0.0006520234
E[P_neut(9)] = 0.0005998064
E[P_neut(10)] = 0.0005191489
E[P_neut(11)] = 0.0005004497
E[P_neut(12)] = 0.0004401420
E[P_neut(13)] = 0.0003662519
E[P_neut(14)] = 0.0003902526
E[P_neut(15)] = 0.0004024979
E[P_neut(16)] = 0.0003609676
E[P_neut(17)] = 0.0003095152
E[P_neut(18)] = 0.0003388384
E[P_neut(19)] = 0.0002526732
E[P_neut(20)] = 0.0002021018
E[P_neut(21)] = 0.0002709553
E[P_neut(22)] = 0.0002352261
E[P_neut(23)] = 0.0002923582
E[P_neut(24)] = 0.0002312253
E[P_neut(25)] = 0.0002636205
E[P_neut(26)] = 0.0002552693
E[P_neut(27)] = 0.0002404675
E[P_neut(28)] = 0.0002667870
E[P_neut(29)] = 0.0002167523
E[P_neut(30)] = 0.0002494954
E[P_neut(31)] = 0.0002118008
E[P_neut(32)] = 0.0002350335
E[P_neut(33)] = 0.0002648216
E[P_neut(34)] = 0.0002137699
E[P_neut(35)] = 0.0002338865
E[P_neut(36)] = 0.0002475629
E[P_neut(37)] = 0.0002580230
E[P_neut(38)] = 0.0002095470
E[P_neut(39)] = 0.0003151456
E[P_neut(40)] = 0.0003521113
E[P_neut(41)] = 0.0002902664
E[P_neut(42)] = 0.0003140682
E[P_neut(43)] = 0.0003512094
E[P_neut(44)] = 0.0003751965
E[P_neut(45)] = 0.0003992747
E[P_neut(46)] = 0.0004434275
E[P_neut(47)] = 0.0005344613
E[P_neut(48)] = 0.0005788864
E[P_neut(49)] = 0.0007909197

---- Expected P_sel(i), 0 < i < n (selected SFS per site) 
E[P_sel(1)] = 0.0034840298
E[P_sel(2)] = 0.0010744931
E[P_sel(3)] = 0.0005428613
E[P_sel(4)] = 0.0003213198
E[P_sel(5)] = 0.0002542964
E[P_sel(6)] = 0.0001858046
E[P_sel(7)] = 0.0001476760
E[P_sel(8)] = 0.0001249403
E[P_sel(9)] = 0.0001106010
E[P_sel(10)] = 0.0000925466
E[P_sel(11)] = 0.0000865661
E[P_sel(12)] = 0.0000740954
E[P_sel(13)] = 0.0000601522
E[P_sel(14)] = 0.0000626596
E[P_sel(15)] = 0.0000632901
E[P_sel(16)] = 0.0000556702
E[P_sel(17)] = 0.0000468797
E[P_sel(18)] = 0.0000504595
E[P_sel(19)] = 0.0000370335
E[P_sel(20)] = 0.0000291797
E[P_sel(21)] = 0.0000385686
E[P_sel(22)] = 0.0000330339
E[P_sel(23)] = 0.0000405334
E[P_sel(24)] = 0.0000316674
E[P_sel(25)] = 0.0000356838
E[P_sel(26)] = 0.0000341681
E[P_sel(27)] = 0.0000318425
E[P_sel(28)] = 0.0000349643
E[P_sel(29)] = 0.0000281258
E[P_sel(30)] = 0.0000320654
E[P_sel(31)] = 0.0000269702
E[P_sel(32)] = 0.0000296622
E[P_sel(33)] = 0.0000331336
E[P_sel(34)] = 0.0000265233
E[P_sel(35)] = 0.0000287846
E[P_sel(36)] = 0.0000302285
E[P_sel(37)] = 0.0000312653
E[P_sel(38)] = 0.0000252038
E[P_sel(39)] = 0.0000376310
E[P_sel(40)] = 0.0000417496
E[P_sel(41)] = 0.0000341824
E[P_sel(42)] = 0.0000367389
E[P_sel(43)] = 0.0000408167
E[P_sel(44)] = 0.0000433287
E[P_sel(45)] = 0.0000458261
E[P_sel(46)] = 0.0000505876
E[P_sel(47)] = 0.0000606209
E[P_sel(48)] = 0.0000653099
E[P_sel(49)] = 0.0000888697

---- alpha_dfe = 0.002016

