---- Running command
---- ./polyDFE -d /home/jejames/ArabidopsisCrossGenome/PolyDFE10/NetworkConnectivity10polcounts4_16.5445344129555_PolyDFE.input -m C -i /home/jejames/ArabidopsisCrossGenome/model.txt 1 -e 
---- Performing inference using model C

---- Performing inference on /home/jejames/ArabidopsisCrossGenome/PolyDFE10/NetworkConnectivity10polcounts4_16.5445344129555_PolyDFE.input
----      with -i /home/jejames/ArabidopsisCrossGenome/model.txt 1
---- Data /home/jejames/ArabidopsisCrossGenome/PolyDFE10/NetworkConnectivity10polcounts4_16.5445344129555_PolyDFE.input does not contain divergence counts. Using option -w.
---- No mutation variability. Using Poisson likelihood.


---- Calculating initial values

-- Starting local optimization
-- Optimizing all parameters
  it        eps_an     theta_bar           S_d             b           p_b           S_b           r 2           r 3           r 4           r 5           r 6           r 7           r 8           r 9          r 10          r 11          r 12          r 13          r 14          r 15          r 16          r 17          r 18          r 19          r 20          r 21          r 22          r 23          r 24          r 25          r 26          r 27          r 28          r 29          r 30          r 31          r 32          r 33          r 34          r 35          r 36          r 37          r 38          r 39          r 40          r 41          r 42          r 43          r 44          r 45          r 46          r 47          r 48          r 49           ln lk          grad status 
   0           0.1 0.00958578986        -30000         0.208           0.1            20 0.82056605079 0.71870458791 0.67261781191 0.63836412705 0.57795308283 0.65151200608 0.63386616843 0.54058542661 0.59096256314 0.76728254100 0.77807764168 0.63781053214 0.69849837381 0.75046709570 0.73960279565 0.76935852190 0.61656632758 0.95322123036 0.69060964639 0.87191197840 0.61808871358 0.62867621617 0.76230018683 1.19368901806 0.95536641062 0.81274652273 1.03466888104 1.20406892256 1.18538509445 1.29783405992 1.18469310082 1.20116254930 1.34578921873 1.61545913777 1.41747975918 1.58999377205 1.55933845408 1.81357691509 2.00954951214 1.73635042557 2.28150301017 2.69289322538 2.33838488685 2.63130579198 3.15133900768 4.28662376306 5.58355823126             1 -3749.402468462 53.5582243831   -2 
 758 0.00158977753 0.00840235262 -341.57108541 0.26242923718 0.00006521920 0.43078308624 0.78585963944 0.72524089972 0.68244723775 0.69008127036 0.65886923138 0.65416933630 0.63862310793 0.63185190027 0.58633036562 0.70906990842 0.68673619877 0.67508778326 0.70737729255 0.71221960968 0.68479259581 0.81337207634 0.70007145878 0.73719230268 0.72221621618 0.77577330684 0.64466712939 0.64718384714 0.76507286709 0.96525554407 0.79248432228 0.72734984479 0.91617259238 1.06865874965 0.96788826140 1.00327533159 1.00635102550 1.09648505991 0.99432879291 1.26541786821 1.10747193908 1.33185450555 1.33170978084 1.39662375319 1.58863107701 1.47456545313 1.90770500148 2.03138378077 2.06565495468 2.11427928715 2.29147679440 2.93292982970 3.37038822017 4.31931575878 -345.5745865098 0.00042866314   -8 
-- Local optimization: reached maximum number of likelihood evaluations allowed.
---- Best joint likelihood found -345.574586509877349 with gradient 0.00043

---- Results for /home/jejames/ArabidopsisCrossGenome/PolyDFE10/NetworkConnectivity10polcounts4_16.5445344129555_PolyDFE.input 
--  Model: C
--        eps_an     theta_bar             a 
-- 0.00158977753 0.00840235262            -1 
--           S_d             b           p_b           S_b 
-- -341.57108541 0.26242923718 0.00006521920 0.43078308624 
--           r 2           r 3           r 4           r 5           r 6           r 7           r 8           r 9          r 10          r 11          r 12          r 13          r 14          r 15          r 16          r 17          r 18          r 19          r 20          r 21          r 22          r 23          r 24          r 25          r 26          r 27          r 28          r 29          r 30          r 31          r 32          r 33          r 34          r 35          r 36          r 37          r 38          r 39          r 40          r 41          r 42          r 43          r 44          r 45          r 46          r 47          r 48          r 49 
-- 0.78585963944 0.72524089972 0.68244723775 0.69008127036 0.65886923138 0.65416933630 0.63862310793 0.63185190027 0.58633036562 0.70906990842 0.68673619877 0.67508778326 0.70737729255 0.71221960968 0.68479259581 0.81337207634 0.70007145878 0.73719230268 0.72221621618 0.77577330684 0.64466712939 0.64718384714 0.76507286709 0.96525554407 0.79248432228 0.72734984479 0.91617259238 1.06865874965 0.96788826140 1.00327533159 1.00635102550 1.09648505991 0.99432879291 1.26541786821 1.10747193908 1.33185450555 1.33170978084 1.39662375319 1.58863107701 1.47456545313 1.90770500148 2.03138378077 2.06565495468 2.11427928715 2.29147679440 2.93292982970 3.37038822017 4.31931575878 

---- Expected P_neut(i), 0 < i < n (neutral SFS per site) 
E[P_neut(1)] = 0.0083901722
E[P_neut(2)] = 0.0032972241
E[P_neut(3)] = 0.0020288476
E[P_neut(4)] = 0.0014319270
E[P_neut(5)] = 0.0011584452
E[P_neut(6)] = 0.0009218355
E[P_neut(7)] = 0.0007846058
E[P_neut(8)] = 0.0006702825
E[P_neut(9)] = 0.0005894362
E[P_neut(10)] = 0.0004924028
E[P_neut(11)] = 0.0005412405
E[P_neut(12)] = 0.0004805537
E[P_neut(13)] = 0.0004361199
E[P_neut(14)] = 0.0004242812
E[P_neut(15)] = 0.0003988034
E[P_neut(16)] = 0.0003594357
E[P_neut(17)] = 0.0004018188
E[P_neut(18)] = 0.0003266921
E[P_neut(19)] = 0.0003259219
E[P_neut(20)] = 0.0003033644
E[P_neut(21)] = 0.0003103950
E[P_neut(22)] = 0.0002462602
E[P_neut(23)] = 0.0002364130
E[P_neut(24)] = 0.0002678318
E[P_neut(25)] = 0.0003244167
E[P_neut(26)] = 0.0002561238
E[P_neut(27)] = 0.0002263660
E[P_neut(28)] = 0.0002748831
E[P_neut(29)] = 0.0003096304
E[P_neut(30)] = 0.0002711360
E[P_neut(31)] = 0.0002720174
E[P_neut(32)] = 0.0002643406
E[P_neut(33)] = 0.0002793787
E[P_neut(34)] = 0.0002459076
E[P_neut(35)] = 0.0003039366
E[P_neut(36)] = 0.0002587465
E[P_neut(37)] = 0.0003026645
E[P_neut(38)] = 0.0002947567
E[P_neut(39)] = 0.0003012782
E[P_neut(40)] = 0.0003339587
E[P_neut(41)] = 0.0003026481
E[P_neut(42)] = 0.0003821075
E[P_neut(43)] = 0.0003975569
E[P_neut(44)] = 0.0003953025
E[P_neut(45)] = 0.0003959920
E[P_neut(46)] = 0.0004201744
E[P_neut(47)] = 0.0005267257
E[P_neut(48)] = 0.0005942939
E[P_neut(49)] = 0.0007528419

---- Expected P_sel(i), 0 < i < n (selected SFS per site) 
E[P_sel(1)] = 0.0042022141
E[P_sel(2)] = 0.0012939930
E[P_sel(3)] = 0.0007015340
E[P_sel(4)] = 0.0004558546
E[P_sel(5)] = 0.0003470700
E[P_sel(6)] = 0.0002633110
E[P_sel(7)] = 0.0002155056
E[P_sel(8)] = 0.0001781063
E[P_sel(9)] = 0.0001522080
E[P_sel(10)] = 0.0001239794
E[P_sel(11)] = 0.0001332545
E[P_sel(12)] = 0.0001159368
E[P_sel(13)] = 0.0001032908
E[P_sel(14)] = 0.0000988034
E[P_sel(15)] = 0.0000914268
E[P_sel(16)] = 0.0000812166
E[P_sel(17)] = 0.0000895723
E[P_sel(18)] = 0.0000719057
E[P_sel(19)] = 0.0000708850
E[P_sel(20)] = 0.0000652393
E[P_sel(21)] = 0.0000660424
E[P_sel(22)] = 0.0000518682
E[P_sel(23)] = 0.0000493171
E[P_sel(24)] = 0.0000553597
E[P_sel(25)] = 0.0000664683
E[P_sel(26)] = 0.0000520359
E[P_sel(27)] = 0.0000456199
E[P_sel(28)] = 0.0000549682
E[P_sel(29)] = 0.0000614557
E[P_sel(30)] = 0.0000534296
E[P_sel(31)] = 0.0000532324
E[P_sel(32)] = 0.0000513841
E[P_sel(33)] = 0.0000539582
E[P_sel(34)] = 0.0000471965
E[P_sel(35)] = 0.0000579769
E[P_sel(36)] = 0.0000490716
E[P_sel(37)] = 0.0000570684
E[P_sel(38)] = 0.0000552736
E[P_sel(39)] = 0.0000561970
E[P_sel(40)] = 0.0000619560
E[P_sel(41)] = 0.0000558779
E[P_sel(42)] = 0.0000701918
E[P_sel(43)] = 0.0000726928
E[P_sel(44)] = 0.0000719702
E[P_sel(45)] = 0.0000718224
E[P_sel(46)] = 0.0000759408
E[P_sel(47)] = 0.0000949133
E[P_sel(48)] = 0.0001071349
E[P_sel(49)] = 0.0001380304

---- alpha_dfe = 0.000461

