---- Running command
---- ./polyDFE -d RevisionsPolyDFE/connec9_-0.0842980339034622_PolyDFE.input -m C -i /home/jejames/ArabidopsisCrossGenome/model.txt 1 -e 
---- Performing inference using model C

---- Performing inference on RevisionsPolyDFE/connec9_-0.0842980339034622_PolyDFE.input
----      with -i /home/jejames/ArabidopsisCrossGenome/model.txt 1
---- Data RevisionsPolyDFE/connec9_-0.0842980339034622_PolyDFE.input does not contain divergence counts. Using option -w.
---- No mutation variability. Using Poisson likelihood.


---- Calculating initial values

-- Starting local optimization
-- Optimizing all parameters
  it        eps_an     theta_bar           S_d             b           p_b           S_b           r 2           r 3           r 4           r 5           r 6           r 7           r 8           r 9          r 10          r 11          r 12          r 13          r 14          r 15          r 16          r 17          r 18          r 19          r 20          r 21          r 22          r 23          r 24          r 25          r 26          r 27          r 28          r 29          r 30          r 31          r 32          r 33          r 34          r 35          r 36          r 37          r 38          r 39          r 40          r 41          r 42          r 43          r 44          r 45          r 46          r 47          r 48          r 49           ln lk          grad status 
   0           0.1 0.01013885337        -30000         0.208           0.1            20 0.79714912280 0.72245065789        0.6875 0.59895833333 0.57319078947 0.60923793859 0.57894736842 0.64391447368 0.80592105263 0.61814692982 0.76151315789 0.79111842105 0.70422149122     0.6640625 0.51754385964 0.80852521929 0.77467105263 0.72916666666 0.56743421052 0.89514802631 0.93174342105 0.63993969298 0.93421052631 1.06222587719 0.84100877192 0.84004934210 1.15515350877 0.94997258771 1.08141447368 1.18969298245 1.16666666666 1.09909539473 0.95065789473 1.28083881578 1.29769736842 2.00822368421 1.28645833333 1.33634868421 1.82017543859 2.12417763157 2.48684210526 2.09224232456 2.12883771929 2.13404605263 3.56853070175 4.46422697368 5.86842105263             1 -1996.067502985 27.2586476075   -2 
1059 0.00002160560 0.00869162814 -355.45511305 0.26512664482 0.00003122848 0.25036027865 0.80212441066 0.76963062587 0.75235968656 0.67163505964 0.65352029787 0.67312468799 0.66938434451 0.68882472885 0.67796043574 0.70703240481 0.72701495959 0.69675204065 0.61439601273 0.65389759322 0.65093769102 0.85104951980 0.71836992762 0.72524006756 0.56910426299 0.88006766833 0.83826940389 0.64875817376 0.89042669395 0.88062641330 0.88416104675 0.66361653095 0.90177603370 0.91732645972 0.99357903189 1.00857032536 0.88881924564 0.80442750824 0.73620518597 1.02970941217 1.11259475257 1.69373386633 1.01951112074 1.21457377477 1.39062611488 1.66199534970 1.97585004460 1.62801146375 2.01596321625 1.87236889160 2.61232180722 3.28376735369 3.77567675662 5.13606324315 -295.8554365611 0.00007032420    0 
---- Best joint likelihood found -295.855436561194665 with gradient 0.00007

---- Results for RevisionsPolyDFE/connec9_-0.0842980339034622_PolyDFE.input 
--  Model: C
--        eps_an     theta_bar             a 
-- 0.00002160560 0.00869162814            -1 
--           S_d             b           p_b           S_b 
-- -355.45511305 0.26512664482 0.00003122848 0.25036027865 
--           r 2           r 3           r 4           r 5           r 6           r 7           r 8           r 9          r 10          r 11          r 12          r 13          r 14          r 15          r 16          r 17          r 18          r 19          r 20          r 21          r 22          r 23          r 24          r 25          r 26          r 27          r 28          r 29          r 30          r 31          r 32          r 33          r 34          r 35          r 36          r 37          r 38          r 39          r 40          r 41          r 42          r 43          r 44          r 45          r 46          r 47          r 48          r 49 
-- 0.80212441066 0.76963062587 0.75235968656 0.67163505964 0.65352029787 0.67312468799 0.66938434451 0.68882472885 0.67796043574 0.70703240481 0.72701495959 0.69675204065 0.61439601273 0.65389759322 0.65093769102 0.85104951980 0.71836992762 0.72524006756 0.56910426299 0.88006766833 0.83826940389 0.64875817376 0.89042669395 0.88062641330 0.88416104675 0.66361653095 0.90177603370 0.91732645972 0.99357903189 1.00857032536 0.88881924564 0.80442750824 0.73620518597 1.02970941217 1.11259475257 1.69373386633 1.01951112074 1.21457377477 1.39062611488 1.66199534970 1.97585004460 1.62801146375 2.01596321625 1.87236889160 2.61232180722 3.28376735369 3.77567675662 5.13606324315 

---- Expected P_neut(i), 0 < i < n (neutral SFS per site) 
E[P_neut(1)] = 0.0086914600
E[P_neut(2)] = 0.0034858230
E[P_neut(3)] = 0.0022297460
E[P_neut(4)] = 0.0016347830
E[P_neut(5)] = 0.0011675030
E[P_neut(6)] = 0.0009466807
E[P_neut(7)] = 0.0008357818
E[P_neut(8)] = 0.0007272481
E[P_neut(9)] = 0.0006652164
E[P_neut(10)] = 0.0005892518
E[P_neut(11)] = 0.0005586540
E[P_neut(12)] = 0.0005265723
E[P_neut(13)] = 0.0004658377
E[P_neut(14)] = 0.0003814334
E[P_neut(15)] = 0.0003788930
E[P_neut(16)] = 0.0003536032
E[P_neut(17)] = 0.0004351132
E[P_neut(18)] = 0.0003468757
E[P_neut(19)] = 0.0003317630
E[P_neut(20)] = 0.0002473230
E[P_neut(21)] = 0.0003642467
E[P_neut(22)] = 0.0003311773
E[P_neut(23)] = 0.0002451630
E[P_neut(24)] = 0.0003224685
E[P_neut(25)] = 0.0003061631
E[P_neut(26)] = 0.0002955698
E[P_neut(27)] = 0.0002136269
E[P_neut(28)] = 0.0002799262
E[P_neut(29)] = 0.0002749350
E[P_neut(30)] = 0.0002878598
E[P_neut(31)] = 0.0002827791
E[P_neut(32)] = 0.0002414175
E[P_neut(33)] = 0.0002118771
E[P_neut(34)] = 0.0001882042
E[P_neut(35)] = 0.0002557127
E[P_neut(36)] = 0.0002686208
E[P_neut(37)] = 0.0003978746
E[P_neut(38)] = 0.0002331961
E[P_neut(39)] = 0.0002706889
E[P_neut(40)] = 0.0003021763
E[P_neut(41)] = 0.0003523347
E[P_neut(42)] = 0.0004088963
E[P_neut(43)] = 0.0003290823
E[P_neut(44)] = 0.0003982392
E[P_neut(45)] = 0.0003616604
E[P_neut(46)] = 0.0004936188
E[P_neut(47)] = 0.0006072964
E[P_neut(48)] = 0.0006837434
E[P_neut(49)] = 0.0009112039

---- Expected P_sel(i), 0 < i < n (selected SFS per site) 
E[P_sel(1)] = 0.0042952729
E[P_sel(2)] = 0.0013450905
E[P_sel(3)] = 0.0007569250
E[P_sel(4)] = 0.0005104426
E[P_sel(5)] = 0.0003428372
E[P_sel(6)] = 0.0002649053
E[P_sel(7)] = 0.0002247987
E[P_sel(8)] = 0.0001891667
E[P_sel(9)] = 0.0001680926
E[P_sel(10)] = 0.0001451507
E[P_sel(11)] = 0.0001345203
E[P_sel(12)] = 0.0001242218
E[P_sel(13)] = 0.0001078617
E[P_sel(14)] = 0.0000868192
E[P_sel(15)] = 0.0000848884
E[P_sel(16)] = 0.0000780679
E[P_sel(17)] = 0.0000947565
E[P_sel(18)] = 0.0000745769
E[P_sel(19)] = 0.0000704712
E[P_sel(20)] = 0.0000519391
E[P_sel(21)] = 0.0000756719
E[P_sel(22)] = 0.0000680996
E[P_sel(23)] = 0.0000499226
E[P_sel(24)] = 0.0000650552
E[P_sel(25)] = 0.0000612175
E[P_sel(26)] = 0.0000585968
E[P_sel(27)] = 0.0000420059
E[P_sel(28)] = 0.0000546103
E[P_sel(29)] = 0.0000532311
E[P_sel(30)] = 0.0000553271
E[P_sel(31)] = 0.0000539680
E[P_sel(32)] = 0.0000457606
E[P_sel(33)] = 0.0000398967
E[P_sel(34)] = 0.0000352129
E[P_sel(35)] = 0.0000475473
E[P_sel(36)] = 0.0000496472
E[P_sel(37)] = 0.0000731066
E[P_sel(38)] = 0.0000426050
E[P_sel(39)] = 0.0000491815
E[P_sel(40)] = 0.0000546068
E[P_sel(41)] = 0.0000633368
E[P_sel(42)] = 0.0000731281
E[P_sel(43)] = 0.0000585604
E[P_sel(44)] = 0.0000705211
E[P_sel(45)] = 0.0000637393
E[P_sel(46)] = 0.0000865908
E[P_sel(47)] = 0.0001060482
E[P_sel(48)] = 0.0001188716
E[P_sel(49)] = 0.0001577630

---- alpha_dfe = 0.000207

