---- Running command
---- ./polyDFE -d RevisionsPolyDFE/connec8_-0.184183860316366_PolyDFE.input -m C -i /home/jejames/ArabidopsisCrossGenome/model.txt 1 -e 
---- Performing inference using model C

---- Performing inference on RevisionsPolyDFE/connec8_-0.184183860316366_PolyDFE.input
----      with -i /home/jejames/ArabidopsisCrossGenome/model.txt 1
---- Data RevisionsPolyDFE/connec8_-0.184183860316366_PolyDFE.input does not contain divergence counts. Using option -w.
---- No mutation variability. Using Poisson likelihood.


---- Calculating initial values

-- Starting local optimization
-- Optimizing all parameters
  it        eps_an     theta_bar           S_d             b           p_b           S_b           r 2           r 3           r 4           r 5           r 6           r 7           r 8           r 9          r 10          r 11          r 12          r 13          r 14          r 15          r 16          r 17          r 18          r 19          r 20          r 21          r 22          r 23          r 24          r 25          r 26          r 27          r 28          r 29          r 30          r 31          r 32          r 33          r 34          r 35          r 36          r 37          r 38          r 39          r 40          r 41          r 42          r 43          r 44          r 45          r 46          r 47          r 48          r 49           ln lk          grad status 
   0           0.1 0.00909230415        -20000         0.208           0.1            20 0.87183544303 0.74723101265 0.64240506329 0.72191455696 0.60917721518 0.57410337552 0.54535864978 0.56368670886 0.50764767932 0.65849156118 0.73101265822 0.44738924050 0.67563291139 0.62697784810 0.52109704641 0.65005274261        0.5625 0.80419303797 0.70938818565 0.68670886075 0.60917721518 0.46400316455 0.97151898734 0.92299578059 0.97020042194 0.63014240506 1.07067510548 0.88713080168 1.03243670886 1.34480485232 0.89873417721 1.26186708860 1.35838607594 0.98299050632 1.58544303797 1.31236814345 1.59335443037 1.67642405063 1.81962025316 1.48668248945 1.40110759493 2.25659282700 2.14662447257 2.46242088607 2.92352320675 4.22033227848 5.53164556962             1 -2008.872856148 24.9768020358   -2 
 424 0.00670234966 0.00803423666 -400.46339548 0.23107803870 0.00018701226 0.63918822848 0.82493691314 0.72218289013 0.68507998160 0.69227655896 0.63015937242 0.66800357964 0.59479946745 0.60313309349 0.58782191534 0.70122401679 0.67447438056 0.48884383493 0.67682314652 0.68999836953 0.55229966530 0.62875698183 0.63945489603 0.75405000574 0.74125361919 0.68535835259 0.72074077154 0.50415258479 0.87719350107 0.88705863201 0.75772768172 0.61718791958 0.85566517662 0.76862529193 0.76101286528 0.93653553797 0.87439555897 0.98347389910 0.97567877612 0.79228408393 1.20936761169 0.97911632831 1.32665636132 1.07720446377 1.23101440869 1.01025017030 1.16243583723 1.55711329648 1.59164512045 1.78383462229 1.98403924833 2.93068167378 2.85577374610 3.23424697261 -306.2223572423 0.00024133525   -8 
-- Local optimization: reached maximum number of likelihood evaluations allowed.
---- Best joint likelihood found -306.222357242365945 with gradient 0.00024

---- Results for RevisionsPolyDFE/connec8_-0.184183860316366_PolyDFE.input 
--  Model: C
--        eps_an     theta_bar             a 
-- 0.00670234966 0.00803423666            -1 
--           S_d             b           p_b           S_b 
-- -400.46339548 0.23107803870 0.00018701226 0.63918822848 
--           r 2           r 3           r 4           r 5           r 6           r 7           r 8           r 9          r 10          r 11          r 12          r 13          r 14          r 15          r 16          r 17          r 18          r 19          r 20          r 21          r 22          r 23          r 24          r 25          r 26          r 27          r 28          r 29          r 30          r 31          r 32          r 33          r 34          r 35          r 36          r 37          r 38          r 39          r 40          r 41          r 42          r 43          r 44          r 45          r 46          r 47          r 48          r 49 
-- 0.82493691314 0.72218289013 0.68507998160 0.69227655896 0.63015937242 0.66800357964 0.59479946745 0.60313309349 0.58782191534 0.70122401679 0.67447438056 0.48884383493 0.67682314652 0.68999836953 0.55229966530 0.62875698183 0.63945489603 0.75405000574 0.74125361919 0.68535835259 0.72074077154 0.50415258479 0.87719350107 0.88705863201 0.75772768172 0.61718791958 0.85566517662 0.76862529193 0.76101286528 0.93653553797 0.87439555897 0.98347389910 0.97567877612 0.79228408393 1.20936761169 0.97911632831 1.32665636132 1.07720446377 1.23101440869 1.01025017030 1.16243583723 1.55711329648 1.59164512045 1.78383462229 1.98403924833 2.93068167378 2.85577374610 3.23424697261 

---- Expected P_neut(i), 0 < i < n (neutral SFS per site) 
E[P_neut(1)] = 0.0079839427
E[P_neut(2)] = 0.0032948622
E[P_neut(3)] = 0.0019244577
E[P_neut(4)] = 0.0013691236
E[P_neut(5)] = 0.0011070618
E[P_neut(6)] = 0.0008401007
E[P_neut(7)] = 0.0007635111
E[P_neut(8)] = 0.0005948317
E[P_neut(9)] = 0.0005361309
E[P_neut(10)] = 0.0004707619
E[P_neut(11)] = 0.0005102182
E[P_neut(12)] = 0.0004504272
E[P_neut(13)] = 0.0003015145
E[P_neut(14)] = 0.0003876169
E[P_neut(15)] = 0.0003683159
E[P_neut(16)] = 0.0002770181
E[P_neut(17)] = 0.0002967651
E[P_neut(18)] = 0.0002849769
E[P_neut(19)] = 0.0003183432
E[P_neut(20)] = 0.0002971406
E[P_neut(21)] = 0.0002618761
E[P_neut(22)] = 0.0002630906
E[P_neut(23)] = 0.0001761584
E[P_neut(24)] = 0.0002932504
E[P_neut(25)] = 0.0002850736
E[P_neut(26)] = 0.0002345436
E[P_neut(27)] = 0.0001836025
E[P_neut(28)] = 0.0002456406
E[P_neut(29)] = 0.0002132722
E[P_neut(30)] = 0.0002044350
E[P_neut(31)] = 0.0002432312
E[P_neut(32)] = 0.0002199760
E[P_neut(33)] = 0.0002398251
E[P_neut(34)] = 0.0002308675
E[P_neut(35)] = 0.0001831266
E[P_neut(36)] = 0.0002706928
E[P_neut(37)] = 0.0002132067
E[P_neut(38)] = 0.0002816380
E[P_neut(39)] = 0.0002238560
E[P_neut(40)] = 0.0002487646
E[P_neut(41)] = 0.0002002474
E[P_neut(42)] = 0.0002248772
E[P_neut(43)] = 0.0002941240
E[P_neut(44)] = 0.0002943361
E[P_neut(45)] = 0.0003238043
E[P_neut(46)] = 0.0003534270
E[P_neut(47)] = 0.0005105793
E[P_neut(48)] = 0.0004970062
E[P_neut(49)] = 0.0005805941

---- Expected P_sel(i), 0 < i < n (selected SFS per site) 
E[P_sel(1)] = 0.0040853339
E[P_sel(2)] = 0.0013544592
E[P_sel(3)] = 0.0007073642
E[P_sel(4)] = 0.0004680197
E[P_sel(5)] = 0.0003587766
E[P_sel(6)] = 0.0002610696
E[P_sel(7)] = 0.0002292448
E[P_sel(8)] = 0.0001734891
E[P_sel(9)] = 0.0001524896
E[P_sel(10)] = 0.0001309359
E[P_sel(11)] = 0.0001391586
E[P_sel(12)] = 0.0001206544
E[P_sel(13)] = 0.0000794618
E[P_sel(14)] = 0.0001006510
E[P_sel(15)] = 0.0000943581
E[P_sel(16)] = 0.0000700494
E[P_sel(17)] = 0.0000741605
E[P_sel(18)] = 0.0000704301
E[P_sel(19)] = 0.0000778589
E[P_sel(20)] = 0.0000719627
E[P_sel(21)] = 0.0000628290
E[P_sel(22)] = 0.0000625612
E[P_sel(23)] = 0.0000415371
E[P_sel(24)] = 0.0000685959
E[P_sel(25)] = 0.0000661721
E[P_sel(26)] = 0.0000540460
E[P_sel(27)] = 0.0000420092
E[P_sel(28)] = 0.0000558265
E[P_sel(29)] = 0.0000481593
E[P_sel(30)] = 0.0000458820
E[P_sel(31)] = 0.0000542578
E[P_sel(32)] = 0.0000487860
E[P_sel(33)] = 0.0000528882
E[P_sel(34)] = 0.0000506356
E[P_sel(35)] = 0.0000399930
E[P_sel(36)] = 0.0000587786
E[P_sel(37)] = 0.0000460694
E[P_sel(38)] = 0.0000605881
E[P_sel(39)] = 0.0000480009
E[P_sel(40)] = 0.0000530741
E[P_sel(41)] = 0.0000426238
E[P_sel(42)] = 0.0000476831
E[P_sel(43)] = 0.0000621371
E[P_sel(44)] = 0.0000620301
E[P_sel(45)] = 0.0000681908
E[P_sel(46)] = 0.0000744280
E[P_sel(47)] = 0.0001073979
E[P_sel(48)] = 0.0001066763
E[P_sel(49)] = 0.0001353624

---- alpha_dfe = 0.001273

