---- Running command
---- ./polyDFE -d RevisionsPolyDFE/connec17_0.601687686244314_PolyDFE.input -m C -i /home/jejames/ArabidopsisCrossGenome/model.txt 1 -e 
---- Performing inference using model C

---- Performing inference on RevisionsPolyDFE/connec17_0.601687686244314_PolyDFE.input
----      with -i /home/jejames/ArabidopsisCrossGenome/model.txt 1
---- Data RevisionsPolyDFE/connec17_0.601687686244314_PolyDFE.input does not contain divergence counts. Using option -w.
---- No mutation variability. Using Poisson likelihood.


---- Calculating initial values

-- Starting local optimization
-- Optimizing all parameters
  it        eps_an     theta_bar           S_d             b           p_b           S_b           r 2           r 3           r 4           r 5           r 6           r 7           r 8           r 9          r 10          r 11          r 12          r 13          r 14          r 15          r 16          r 17          r 18          r 19          r 20          r 21          r 22          r 23          r 24          r 25          r 26          r 27          r 28          r 29          r 30          r 31          r 32          r 33          r 34          r 35          r 36          r 37          r 38          r 39          r 40          r 41          r 42          r 43          r 44          r 45          r 46          r 47          r 48          r 49           ln lk          grad status 
   0           0.1 0.00886924174        -50000         0.208           0.1            20 0.84286124676 0.83424303361 0.65326055731 0.60471128985 0.67222062625 0.74303361103 0.57799482907 0.75366274059 0.83309393852 0.84688307957 0.82562482045 0.64981327204 0.67566791151 0.62266590060 0.78138465958 0.71789715598 0.83769031887 0.83237575409 0.53720195346 0.71186440677 0.72048261993 0.93162884228 0.85837403045 1.00545820166 0.90002872737 0.84544671071 1.17437517954 0.84975581729 1.04711289859 0.82375754093 0.90089054869 1.54524561907 1.26975007181 1.41266877334 1.57196207986 1.33927032461 1.69750071818 2.37517954610 2.87273771904 2.16130422292 2.21401896006 2.53849468543 3.41281241022 2.44326343004 3.65383510485 4.21258259120 6.66015512783             1 -2189.316853865 29.3918149481   -2 
 183 0.01284834543 0.00767510837 -233.75820707 0.32418028237 0.00009658803 0.60924605934 0.86077952163 0.84744865655 0.69329367210 0.68894135141 0.76509577473 0.76780872204 0.70730558361 0.77983919377 0.77630663103 0.73740495826 0.74934926293 0.69267930351 0.63262323323 0.66343487135 0.74835905064 0.57603316122 0.77610676937 0.78294365961 0.48465379375 0.73226525021 0.76933760939 0.89788484470 0.66606828682 0.86917228774 0.89035868512 0.82007548368 1.07248899809 0.91180231038 0.90443061107 0.75922014726 0.86170443881 1.26151018195 1.05480648856 1.14592502128 1.32505467325 1.18308988516 1.24498567371 1.93611787459 2.21026485936 1.76619908442 1.67665659621 1.81090846223 2.73489364113 2.05224337658 2.67816305140 2.89274830088 4.51624774969 3.20792819258 -290.5039058749 0.00135313089   -8 
-- Local optimization: reached maximum number of likelihood evaluations allowed.
---- Best joint likelihood found -290.503905874980092 with gradient 0.00135

---- Results for RevisionsPolyDFE/connec17_0.601687686244314_PolyDFE.input 
--  Model: C
--        eps_an     theta_bar             a 
-- 0.01284834543 0.00767510837            -1 
--           S_d             b           p_b           S_b 
-- -233.75820707 0.32418028237 0.00009658803 0.60924605934 
--           r 2           r 3           r 4           r 5           r 6           r 7           r 8           r 9          r 10          r 11          r 12          r 13          r 14          r 15          r 16          r 17          r 18          r 19          r 20          r 21          r 22          r 23          r 24          r 25          r 26          r 27          r 28          r 29          r 30          r 31          r 32          r 33          r 34          r 35          r 36          r 37          r 38          r 39          r 40          r 41          r 42          r 43          r 44          r 45          r 46          r 47          r 48          r 49 
-- 0.86077952163 0.84744865655 0.69329367210 0.68894135141 0.76509577473 0.76780872204 0.70730558361 0.77983919377 0.77630663103 0.73740495826 0.74934926293 0.69267930351 0.63262323323 0.66343487135 0.74835905064 0.57603316122 0.77610676937 0.78294365961 0.48465379375 0.73226525021 0.76933760939 0.89788484470 0.66606828682 0.86917228774 0.89035868512 0.82007548368 1.07248899809 0.91180231038 0.90443061107 0.75922014726 0.86170443881 1.26151018195 1.05480648856 1.14592502128 1.32505467325 1.18308988516 1.24498567371 1.93611787459 2.21026485936 1.76619908442 1.67665659621 1.81090846223 2.73489364113 2.05224337658 2.67816305140 2.89274830088 4.51624774969 3.20792819258 

---- Expected P_neut(i), 0 < i < n (neutral SFS per site) 
E[P_neut(1)] = 0.0075829519
E[P_neut(2)] = 0.0032701246
E[P_neut(3)] = 0.0021462998
E[P_neut(4)] = 0.0013189255
E[P_neut(5)] = 0.0010484495
E[P_neut(6)] = 0.0009722536
E[P_neut(7)] = 0.0008351958
E[P_neut(8)] = 0.0006737989
E[P_neut(9)] = 0.0006607423
E[P_neut(10)] = 0.0005936174
E[P_neut(11)] = 0.0005127997
E[P_neut(12)] = 0.0004763510
E[P_neut(13)] = 0.0004068518
E[P_neut(14)] = 0.0003459916
E[P_neut(15)] = 0.0003383294
E[P_neut(16)] = 0.0003574305
E[P_neut(17)] = 0.0002604940
E[P_neut(18)] = 0.0003293316
E[P_neut(19)] = 0.0003146240
E[P_neut(20)] = 0.0001865718
E[P_neut(21)] = 0.0002672912
E[P_neut(22)] = 0.0002687264
E[P_neut(23)] = 0.0002987700
E[P_neut(24)] = 0.0002136463
E[P_neut(25)] = 0.0002668397
E[P_neut(26)] = 0.0002621906
E[P_neut(27)] = 0.0002339718
E[P_neut(28)] = 0.0002936523
E[P_neut(29)] = 0.0002416547
E[P_neut(30)] = 0.0002308035
E[P_neut(31)] = 0.0001896193
E[P_neut(32)] = 0.0002082738
E[P_neut(33)] = 0.0002929725
E[P_neut(34)] = 0.0002396634
E[P_neut(35)] = 0.0002524214
E[P_neut(36)] = 0.0002833247
E[P_neut(37)] = 0.0002475159
E[P_neut(38)] = 0.0002543850
E[P_neut(39)] = 0.0003827386
E[P_neut(40)] = 0.0004263069
E[P_neut(41)] = 0.0003349251
E[P_neut(42)] = 0.0003111754
E[P_neut(43)] = 0.0003298942
E[P_neut(44)] = 0.0004835044
E[P_neut(45)] = 0.0003591168
E[P_neut(46)] = 0.0004582025
E[P_neut(47)] = 0.0004941733
E[P_neut(48)] = 0.0007553029
E[P_neut(49)] = 0.0005946299

---- Expected P_sel(i), 0 < i < n (selected SFS per site) 
E[P_sel(1)] = 0.0038094397
E[P_sel(2)] = 0.0012368359
E[P_sel(3)] = 0.0006962539
E[P_sel(4)] = 0.0003862940
E[P_sel(5)] = 0.0002849882
E[P_sel(6)] = 0.0002489839
E[P_sel(7)] = 0.0002039353
E[P_sel(8)] = 0.0001579017
E[P_sel(9)] = 0.0001494503
E[P_sel(10)] = 0.0001300585
E[P_sel(11)] = 0.0001092860
E[P_sel(12)] = 0.0000991018
E[P_sel(13)] = 0.0000827280
E[P_sel(14)] = 0.0000688666
E[P_sel(15)] = 0.0000660818
E[P_sel(16)] = 0.0000685991
E[P_sel(17)] = 0.0000491276
E[P_sel(18)] = 0.0000612186
E[P_sel(19)] = 0.0000576417
E[P_sel(20)] = 0.0000336863
E[P_sel(21)] = 0.0000476618
E[P_sel(22)] = 0.0000473265
E[P_sel(23)] = 0.0000520192
E[P_sel(24)] = 0.0000367816
E[P_sel(25)] = 0.0000454589
E[P_sel(26)] = 0.0000442150
E[P_sel(27)] = 0.0000390840
E[P_sel(28)] = 0.0000485884
E[P_sel(29)] = 0.0000396372
E[P_sel(30)] = 0.0000375185
E[P_sel(31)] = 0.0000306153
E[P_sel(32)] = 0.0000333626
E[P_sel(33)] = 0.0000465004
E[P_sel(34)] = 0.0000378231
E[P_sel(35)] = 0.0000395413
E[P_sel(36)] = 0.0000440646
E[P_sel(37)] = 0.0000383126
E[P_sel(38)] = 0.0000391797
E[P_sel(39)] = 0.0000584503
E[P_sel(40)] = 0.0000647535
E[P_sel(41)] = 0.0000507944
E[P_sel(42)] = 0.0000470428
E[P_sel(43)] = 0.0000498268
E[P_sel(44)] = 0.0000724512
E[P_sel(45)] = 0.0000541968
E[P_sel(46)] = 0.0000691173
E[P_sel(47)] = 0.0000764396
E[P_sel(48)] = 0.0001185416
E[P_sel(49)] = 0.0001204862

---- alpha_dfe = 0.000930

