---- Running command
---- ./polyDFE -d RevisionsPolyDFE/connec10_0.00470152924757098_PolyDFE.input -m C -i /home/jejames/ArabidopsisCrossGenome/model.txt 1 -e 
---- Performing inference using model C

---- Performing inference on RevisionsPolyDFE/connec10_0.00470152924757098_PolyDFE.input
----      with -i /home/jejames/ArabidopsisCrossGenome/model.txt 1
---- Data RevisionsPolyDFE/connec10_0.00470152924757098_PolyDFE.input does not contain divergence counts. Using option -w.
---- No mutation variability. Using Poisson likelihood.


---- Calculating initial values

-- Starting local optimization
-- Optimizing all parameters
  it        eps_an     theta_bar           S_d             b           p_b           S_b           r 2           r 3           r 4           r 5           r 6           r 7           r 8           r 9          r 10          r 11          r 12          r 13          r 14          r 15          r 16          r 17          r 18          r 19          r 20          r 21          r 22          r 23          r 24          r 25          r 26          r 27          r 28          r 29          r 30          r 31          r 32          r 33          r 34          r 35          r 36          r 37          r 38          r 39          r 40          r 41          r 42          r 43          r 44          r 45          r 46          r 47          r 48          r 49           ln lk          grad status 
   0           0.1 0.00978639882        -80000         0.208           0.1            20 0.88543417366 0.72647058823 0.74789915966 0.66036414565 0.63865546218 0.54313725490 0.66890756302 0.68319327731 0.61344537815 0.55924369747 0.68403361344 0.75378151260 0.62352941176 0.69747899159 0.60504201680 0.75952380952 0.80672268907 0.78235294117 0.66946778711 0.66764705882 0.68403361344 0.89229691876           0.4 0.66526610644 0.69551820728 0.95672268907 0.93333333333 0.82450980392 1.30672268907 1.06806722689 1.43417366946 1.06764705882 1.28571428571 1.70588235294 1.52268907563 1.48207282913 1.18683473389 1.67689075630 1.91596638655 2.28543417366 1.95882352941 2.08375350140 2.21848739495 3.06932773109 3.18907563025 5.53599439775 6.78319327731             1 -2103.645172504 30.2870121673   -2 
1097 0.00331327701 0.00855046157 -728.20537020 0.25227444462 0.00009979694 0.23388099149 0.87403217345 0.77859398360 0.72488686558 0.66320921291 0.65759063548 0.61174212422 0.64958322719 0.68870705834 0.59205307621 0.59330400314 0.69362958905 0.74878445308 0.68950780619 0.58040701587 0.65658490391 0.78407799403 0.83454279418 0.85945971331 0.68459006908 0.58925404644 0.60457757569 0.74907738739 0.44286308735 0.67755686602 0.65192551676 0.77534482679 0.82742420691 0.90167012167 0.97862413872 0.83204756815 1.04851004665 0.89045369497 0.99548396811 1.36325777415 1.29763044273 1.22602721242 0.86692275793 1.18266488157 1.72169408355 1.85771701289 1.87400409744 1.72781818920 1.86611101803 2.34881661973 2.63613753473 3.50386202450 3.86864053820 5.17199201323 -297.3104261781 0.00009772356    0 
---- Best joint likelihood found -297.310426178189573 with gradient 0.00010

---- Results for RevisionsPolyDFE/connec10_0.00470152924757098_PolyDFE.input 
--  Model: C
--        eps_an     theta_bar             a 
-- 0.00331327701 0.00855046157            -1 
--           S_d             b           p_b           S_b 
-- -728.20537020 0.25227444462 0.00009979694 0.23388099149 
--           r 2           r 3           r 4           r 5           r 6           r 7           r 8           r 9          r 10          r 11          r 12          r 13          r 14          r 15          r 16          r 17          r 18          r 19          r 20          r 21          r 22          r 23          r 24          r 25          r 26          r 27          r 28          r 29          r 30          r 31          r 32          r 33          r 34          r 35          r 36          r 37          r 38          r 39          r 40          r 41          r 42          r 43          r 44          r 45          r 46          r 47          r 48          r 49 
-- 0.87403217345 0.77859398360 0.72488686558 0.66320921291 0.65759063548 0.61174212422 0.64958322719 0.68870705834 0.59205307621 0.59330400314 0.69362958905 0.74878445308 0.68950780619 0.58040701587 0.65658490391 0.78407799403 0.83454279418 0.85945971331 0.68459006908 0.58925404644 0.60457757569 0.74907738739 0.44286308735 0.67755686602 0.65192551676 0.77534482679 0.82742420691 0.90167012167 0.97862413872 0.83204756815 1.04851004665 0.89045369497 0.99548396811 1.36325777415 1.29763044273 1.22602721242 0.86692275793 1.18266488157 1.72169408355 1.85771701289 1.87400409744 1.72781818920 1.86611101803 2.34881661973 2.63613753473 3.50386202450 3.86864053820 5.17199201323 

---- Expected P_neut(i), 0 < i < n (neutral SFS per site) 
E[P_neut(1)] = 0.0085251218
E[P_neut(2)] = 0.0037265919
E[P_neut(3)] = 0.0022138721
E[P_neut(4)] = 0.0015460188
E[P_neut(5)] = 0.0011318699
E[P_neut(6)] = 0.0009352138
E[P_neut(7)] = 0.0007459022
E[P_neut(8)] = 0.0006932433
E[P_neut(9)] = 0.0006534228
E[P_neut(10)] = 0.0005057748
E[P_neut(11)] = 0.0004605150
E[P_neut(12)] = 0.0004932465
E[P_neut(13)] = 0.0004918033
E[P_neut(14)] = 0.0004207409
E[P_neut(15)] = 0.0003308571
E[P_neut(16)] = 0.0003505484
E[P_neut(17)] = 0.0003938242
E[P_neut(18)] = 0.0003960440
E[P_neut(19)] = 0.0003862566
E[P_neut(20)] = 0.0002926325
E[P_neut(21)] = 0.0002400094
E[P_neut(22)] = 0.0002350322
E[P_neut(23)] = 0.0002783673
E[P_neut(24)] = 0.0001579661
E[P_neut(25)] = 0.0002317370
E[P_neut(26)] = 0.0002142072
E[P_neut(27)] = 0.0002456482
E[P_neut(28)] = 0.0002526149
E[P_neut(29)] = 0.0002657657
E[P_neut(30)] = 0.0002789685
E[P_neut(31)] = 0.0002300176
E[P_neut(32)] = 0.0002805491
E[P_neut(33)] = 0.0002312631
E[P_neut(34)] = 0.0002506815
E[P_neut(35)] = 0.0003330351
E[P_neut(36)] = 0.0003085780
E[P_neut(37)] = 0.0002840200
E[P_neut(38)] = 0.0001960594
E[P_neut(39)] = 0.0002599595
E[P_neut(40)] = 0.0003684899
E[P_neut(41)] = 0.0003883071
E[P_neut(42)] = 0.0003825506
E[P_neut(43)] = 0.0003449106
E[P_neut(44)] = 0.0003645423
E[P_neut(45)] = 0.0004485783
E[P_neut(46)] = 0.0004935147
E[P_neut(47)] = 0.0006426796
E[P_neut(48)] = 0.0006992362
E[P_neut(49)] = 0.0009278483

---- Expected P_sel(i), 0 < i < n (selected SFS per site) 
E[P_sel(1)] = 0.0036678805
E[P_sel(2)] = 0.0012470793
E[P_sel(3)] = 0.0006541626
E[P_sel(4)] = 0.0004215870
E[P_sel(5)] = 0.0002910324
E[P_sel(6)] = 0.0002296548
E[P_sel(7)] = 0.0001763717
E[P_sel(8)] = 0.0001587618
E[P_sel(9)] = 0.0001455682
E[P_sel(10)] = 0.0001099639
E[P_sel(11)] = 0.0000979953
E[P_sel(12)] = 0.0001029458
E[P_sel(13)] = 0.0001008260
E[P_sel(14)] = 0.0000848567
E[P_sel(15)] = 0.0000657243
E[P_sel(16)] = 0.0000686825
E[P_sel(17)] = 0.0000761683
E[P_sel(18)] = 0.0000756655
E[P_sel(19)] = 0.0000729566
E[P_sel(20)] = 0.0000546720
E[P_sel(21)] = 0.0000443823
E[P_sel(22)] = 0.0000430420
E[P_sel(23)] = 0.0000505100
E[P_sel(24)] = 0.0000284103
E[P_sel(25)] = 0.0000413287
E[P_sel(26)] = 0.0000378944
E[P_sel(27)] = 0.0000431222
E[P_sel(28)] = 0.0000440149
E[P_sel(29)] = 0.0000459749
E[P_sel(30)] = 0.0000479283
E[P_sel(31)] = 0.0000392647
E[P_sel(32)] = 0.0000475799
E[P_sel(33)] = 0.0000389844
E[P_sel(34)] = 0.0000419988
E[P_sel(35)] = 0.0000554585
E[P_sel(36)] = 0.0000511094
E[P_sel(37)] = 0.0000467999
E[P_sel(38)] = 0.0000321596
E[P_sel(39)] = 0.0000423956
E[P_sel(40)] = 0.0000597721
E[P_sel(41)] = 0.0000627077
E[P_sel(42)] = 0.0000615036
E[P_sel(43)] = 0.0000552366
E[P_sel(44)] = 0.0000581782
E[P_sel(45)] = 0.0000713066
E[P_sel(46)] = 0.0000782856
E[P_sel(47)] = 0.0001017572
E[P_sel(48)] = 0.0001113469
E[P_sel(49)] = 0.0001520009

---- alpha_dfe = 0.000729

