---- Running command
---- ./polyDFE -d RevisionsPolyDFE/connec7_-0.290130589013456_PolyDFE.input -m C -i /home/jejames/ArabidopsisCrossGenome/model.txt 1 -e 
---- Performing inference using model C

---- Performing inference on RevisionsPolyDFE/connec7_-0.290130589013456_PolyDFE.input
----      with -i /home/jejames/ArabidopsisCrossGenome/model.txt 1
---- Data RevisionsPolyDFE/connec7_-0.290130589013456_PolyDFE.input does not contain divergence counts. Using option -w.
---- No mutation variability. Using Poisson likelihood.


---- Calculating initial values

-- Starting local optimization
-- Optimizing all parameters
  it        eps_an     theta_bar           S_d             b           p_b           S_b           r 2           r 3           r 4           r 5           r 6           r 7           r 8           r 9          r 10          r 11          r 12          r 13          r 14          r 15          r 16          r 17          r 18          r 19          r 20          r 21          r 22          r 23          r 24          r 25          r 26          r 27          r 28          r 29          r 30          r 31          r 32          r 33          r 34          r 35          r 36          r 37          r 38          r 39          r 40          r 41          r 42          r 43          r 44          r 45          r 46          r 47          r 48          r 49           ln lk          grad status 
   0           0.1 0.01016041749        -30000         0.208           0.1            20 0.75850847457 0.64189830508 0.68447457627 0.63186440677 0.65816949152          0.56 0.78752542372 0.61871186440 0.74033898305 0.75918644067 0.83959322033 0.65044067796 0.67579661016 0.64271186440 0.80054237288 0.78603389830 0.81518644067 0.74969491525 0.77016949152 0.68054237288 0.59064406779 0.78901694915 0.72244067796 0.84745762711 1.12108474576 1.01410169491 0.99471186440 0.90833898305          0.96 0.92054237288 1.24094915254 1.56162711864 1.29545762711 1.34779661016 1.58155932203 1.40976271186 1.66942372881 1.80325423728          1.92 1.79566101694 2.58549152542 2.04067796610 2.39240677966 2.85559322033 2.98142372881 3.83647457627 4.51037288135             1 -1887.323485118 25.1611313006   -2 
 675 0.00677875929 0.00875057624 -568.14334956 0.22327489261 0.00032107698 0.58930553145 0.79900974134 0.71647907034 0.68494379439 0.69056718913 0.67088205029 0.69784043011 0.70293452506 0.73087190418 0.62703134854 0.69721649087 0.78873870317 0.70110521618 0.76895543080 0.63305510573 0.69871999121 0.77660738945 0.77389900027 0.73970684326 0.81937302213 0.73504853925 0.71848678727 0.61135593649 0.62498235176 0.91939537144 0.83053362625 0.78005122192 0.86363862358 0.82304388552 0.92928758860 0.96348702796 0.91445184645 1.45450589078 1.13009998768 1.09871313773 1.31612744495 1.28382068946 1.29367154117 1.28061207203 1.47337740337 1.47970972812 1.68373516659 1.88991214130 1.73112976822 2.20847556689 2.27604973197 2.55002453652 2.73995541709 2.79679275676 -304.6923376710 0.00041090843   -8 
-- Local optimization: reached maximum number of likelihood evaluations allowed.
---- Best joint likelihood found -304.692337671026507 with gradient 0.00041

---- Results for RevisionsPolyDFE/connec7_-0.290130589013456_PolyDFE.input 
--  Model: C
--        eps_an     theta_bar             a 
-- 0.00677875929 0.00875057624            -1 
--           S_d             b           p_b           S_b 
-- -568.14334956 0.22327489261 0.00032107698 0.58930553145 
--           r 2           r 3           r 4           r 5           r 6           r 7           r 8           r 9          r 10          r 11          r 12          r 13          r 14          r 15          r 16          r 17          r 18          r 19          r 20          r 21          r 22          r 23          r 24          r 25          r 26          r 27          r 28          r 29          r 30          r 31          r 32          r 33          r 34          r 35          r 36          r 37          r 38          r 39          r 40          r 41          r 42          r 43          r 44          r 45          r 46          r 47          r 48          r 49 
-- 0.79900974134 0.71647907034 0.68494379439 0.69056718913 0.67088205029 0.69784043011 0.70293452506 0.73087190418 0.62703134854 0.69721649087 0.78873870317 0.70110521618 0.76895543080 0.63305510573 0.69871999121 0.77660738945 0.77389900027 0.73970684326 0.81937302213 0.73504853925 0.71848678727 0.61135593649 0.62498235176 0.91939537144 0.83053362625 0.78005122192 0.86363862358 0.82304388552 0.92928758860 0.96348702796 0.91445184645 1.45450589078 1.13009998768 1.09871313773 1.31612744495 1.28382068946 1.29367154117 1.28061207203 1.47337740337 1.47970972812 1.68373516659 1.88991214130 1.73112976822 2.20847556689 2.27604973197 2.55002453652 2.73995541709 2.79679275676 

---- Expected P_neut(i), 0 < i < n (neutral SFS per site) 
E[P_neut(1)] = 0.0086946439
E[P_neut(2)] = 0.0034755860
E[P_neut(3)] = 0.0020789199
E[P_neut(4)] = 0.0014911909
E[P_neut(5)] = 0.0012032907
E[P_neut(6)] = 0.0009741353
E[P_neut(7)] = 0.0008690516
E[P_neut(8)] = 0.0007660512
E[P_neut(9)] = 0.0007079404
E[P_neut(10)] = 0.0005471541
E[P_neut(11)] = 0.0005528286
E[P_neut(12)] = 0.0005732804
E[P_neut(13)] = 0.0004707879
E[P_neut(14)] = 0.0004795393
E[P_neut(15)] = 0.0003686651
E[P_neut(16)] = 0.0003815189
E[P_neut(17)] = 0.0003996554
E[P_neut(18)] = 0.0003753704
E[P_neut(19)] = 0.0003402112
E[P_neut(20)] = 0.0003579066
E[P_neut(21)] = 0.0003058976
E[P_neut(22)] = 0.0002856730
E[P_neut(23)] = 0.0002327334
E[P_neut(24)] = 0.0002282233
E[P_neut(25)] = 0.0003218096
E[P_neut(26)] = 0.0002791748
E[P_neut(27)] = 0.0002526740
E[P_neut(28)] = 0.0002700125
E[P_neut(29)] = 0.0002487413
E[P_neut(30)] = 0.0002716528
E[P_neut(31)] = 0.0002724356
E[P_neut(32)] = 0.0002509171
E[P_neut(33)] = 0.0003857852
E[P_neut(34)] = 0.0002914725
E[P_neut(35)] = 0.0002753377
E[P_neut(36)] = 0.0003210026
E[P_neut(37)] = 0.0003047671
E[P_neut(38)] = 0.0002997840
E[P_neut(39)] = 0.0002891477
E[P_neut(40)] = 0.0003238570
E[P_neut(41)] = 0.0003184888
E[P_neut(42)] = 0.0003536354
E[P_neut(43)] = 0.0003879069
E[P_neut(44)] = 0.0003485802
E[P_neut(45)] = 0.0004347355
E[P_neut(46)] = 0.0004401951
E[P_neut(47)] = 0.0004857182
E[P_neut(48)] = 0.0005198158
E[P_neut(49)] = 0.0005553925

---- Expected P_sel(i), 0 < i < n (selected SFS per site) 
E[P_sel(1)] = 0.0042120924
E[P_sel(2)] = 0.0013542378
E[P_sel(3)] = 0.0007264619
E[P_sel(4)] = 0.0004855976
E[P_sel(5)] = 0.0003720993
E[P_sel(6)] = 0.0002892954
E[P_sel(7)] = 0.0002496183
E[P_sel(8)] = 0.0002139392
E[P_sel(9)] = 0.0001929736
E[P_sel(10)] = 0.0001459613
E[P_sel(11)] = 0.0001447086
E[P_sel(12)] = 0.0001475063
E[P_sel(13)] = 0.0001192374
E[P_sel(14)] = 0.0001197230
E[P_sel(15)] = 0.0000908254
E[P_sel(16)] = 0.0000928441
E[P_sel(17)] = 0.0000961352
E[P_sel(18)] = 0.0000893499
E[P_sel(19)] = 0.0000801606
E[P_sel(20)] = 0.0000835324
E[P_sel(21)] = 0.0000707513
E[P_sel(22)] = 0.0000655079
E[P_sel(23)] = 0.0000529345
E[P_sel(24)] = 0.0000515076
E[P_sel(25)] = 0.0000720945
E[P_sel(26)] = 0.0000620999
E[P_sel(27)] = 0.0000558241
E[P_sel(28)] = 0.0000592683
E[P_sel(29)] = 0.0000542613
E[P_sel(30)] = 0.0000589059
E[P_sel(31)] = 0.0000587313
E[P_sel(32)] = 0.0000538001
E[P_sel(33)] = 0.0000822400
E[P_sel(34)] = 0.0000618261
E[P_sel(35)] = 0.0000581113
E[P_sel(36)] = 0.0000674327
E[P_sel(37)] = 0.0000637267
E[P_sel(38)] = 0.0000624385
E[P_sel(39)] = 0.0000599638
E[P_sel(40)] = 0.0000668532
E[P_sel(41)] = 0.0000655585
E[P_sel(42)] = 0.0000725109
E[P_sel(43)] = 0.0000792721
E[P_sel(44)] = 0.0000711256
E[P_sel(45)] = 0.0000884516
E[P_sel(46)] = 0.0000895899
E[P_sel(47)] = 0.0000991990
E[P_sel(48)] = 0.0001080204
E[P_sel(49)] = 0.0001271531

---- alpha_dfe = 0.002199

