---- Running command
---- ./polyDFE -d RevisionsPolyDFE/connec2_-0.999863180557116_PolyDFE.input -m C -i /home/jejames/ArabidopsisCrossGenome/model.txt 1 -e 
---- Performing inference using model C

---- Performing inference on RevisionsPolyDFE/connec2_-0.999863180557116_PolyDFE.input
----      with -i /home/jejames/ArabidopsisCrossGenome/model.txt 1
---- Data RevisionsPolyDFE/connec2_-0.999863180557116_PolyDFE.input does not contain divergence counts. Using option -w.
---- No mutation variability. Using Poisson likelihood.


---- Calculating initial values

-- Starting local optimization
-- Optimizing all parameters
  it        eps_an     theta_bar           S_d             b           p_b           S_b           r 2           r 3           r 4           r 5           r 6           r 7           r 8           r 9          r 10          r 11          r 12          r 13          r 14          r 15          r 16          r 17          r 18          r 19          r 20          r 21          r 22          r 23          r 24          r 25          r 26          r 27          r 28          r 29          r 30          r 31          r 32          r 33          r 34          r 35          r 36          r 37          r 38          r 39          r 40          r 41          r 42          r 43          r 44          r 45          r 46          r 47          r 48          r 49           ln lk          grad status 
   0           0.1 0.00905005987        -20000         0.208           0.1            20 0.76030229573 0.69770426351 0.70041351775 0.66804505917 0.77513189790 0.72265792100 0.77113931270 0.66348210466 0.78283188364 0.88150577498 0.73748752317 0.89904463139 0.89234279195 0.74005418508 0.71866533580 0.62298588335 0.88549836018 0.68815057749 0.71296164266 1.15285897618 0.81562811920 0.82974475973 0.73577641522 1.03379438186 0.64879509482 0.75844859546 1.03807215171 1.09582204477 0.72722087551 0.91059461001 1.39170112647 1.47283616141 1.72108940539 1.16783117068 1.76073007272 1.92570939683 2.37872522458 2.32454013974 2.17310708683 1.94681306145 2.89861685441 3.16383858548 2.47198060744 3.29174390417 3.22714957935 2.94210751461 4.88692428347             1 -2054.872153670 20.2928408249   -2 
 496 0.01442637748 0.00769198998 -124.47460600 0.28854733213 0.00016750928 0.65991605632 0.83095954939 0.77577904440 0.72456660893 0.77483095630 0.78089466558 0.78592092562 0.78550411036 0.74471992520 0.77140461342 0.86717516195 0.65430310767 0.85743993064 0.79926175465 0.72091433268 0.61660597415 0.74545782140 0.93939053791 0.73969922367 0.69692240776 0.98777125689 0.88660955675 0.81593625405 0.81002140829 0.89328955822 0.69740433736 0.76208650381 0.93873117090 0.95430935691 0.87731639345 1.05212612483 1.38227549633 1.25825817715 1.44123179307 1.08140286117 1.37901825210 1.56642313948 1.93139690298 1.75874755145 1.97210161507 1.82399076545 2.21120837787 2.40561515934 1.95975720891  2.1796887959 2.63730232941 1.47932618709 2.45978204264 3.01954816238 -303.8466315431 0.00030387026   -8 
-- Local optimization: reached maximum number of likelihood evaluations allowed.
---- Best joint likelihood found -303.846631543171156 with gradient 0.00030

---- Results for RevisionsPolyDFE/connec2_-0.999863180557116_PolyDFE.input 
--  Model: C
--        eps_an     theta_bar             a 
-- 0.01442637748 0.00769198998            -1 
--           S_d             b           p_b           S_b 
-- -124.47460600 0.28854733213 0.00016750928 0.65991605632 
--           r 2           r 3           r 4           r 5           r 6           r 7           r 8           r 9          r 10          r 11          r 12          r 13          r 14          r 15          r 16          r 17          r 18          r 19          r 20          r 21          r 22          r 23          r 24          r 25          r 26          r 27          r 28          r 29          r 30          r 31          r 32          r 33          r 34          r 35          r 36          r 37          r 38          r 39          r 40          r 41          r 42          r 43          r 44          r 45          r 46          r 47          r 48          r 49 
-- 0.83095954939 0.77577904440 0.72456660893 0.77483095630 0.78089466558 0.78592092562 0.78550411036 0.74471992520 0.77140461342 0.86717516195 0.65430310767 0.85743993064 0.79926175465 0.72091433268 0.61660597415 0.74545782140 0.93939053791 0.73969922367 0.69692240776 0.98777125689 0.88660955675 0.81593625405 0.81002140829 0.89328955822 0.69740433736 0.76208650381 0.93873117090 0.95430935691 0.87731639345 1.05212612483 1.38227549633 1.25825817715 1.44123179307 1.08140286117 1.37901825210 1.56642313948 1.93139690298 1.75874755145 1.97210161507 1.82399076545 2.21120837787 2.40561515934 1.95975720891  2.1796887959 2.63730232941 1.47932618709 2.45978204264 3.01954816238 

---- Expected P_neut(i), 0 < i < n (neutral SFS per site) 
E[P_neut(1)] = 0.0075878606
E[P_neut(2)] = 0.0031554481
E[P_neut(3)] = 0.0019638922
E[P_neut(4)] = 0.0013796010
E[P_neut(5)] = 0.0011801772
E[P_neut(6)] = 0.0009916058
E[P_neut(7)] = 0.0008573629
E[P_neut(8)] = 0.0007502077
E[P_neut(9)] = 0.0006322410
E[P_neut(10)] = 0.0005902746
E[P_neut(11)] = 0.0006026473
E[P_neut(12)] = 0.0004189973
E[P_neut(13)] = 0.0005047188
E[P_neut(14)] = 0.0004370523
E[P_neut(15)] = 0.0003677798
E[P_neut(16)] = 0.0002968603
E[P_neut(17)] = 0.0003366624
E[P_neut(18)] = 0.0004004345
E[P_neut(19)] = 0.0002989071
E[P_neut(20)] = 0.0002674143
E[P_neut(21)] = 0.0003602381
E[P_neut(22)] = 0.0003092388
E[P_neut(23)] = 0.0002720726
E[P_neut(24)] = 0.0002588428
E[P_neut(25)] = 0.0002748470
E[P_neut(26)] = 0.0002070929
E[P_neut(27)] = 0.0002179142
E[P_neut(28)] = 0.0002586343
E[P_neut(29)] = 0.0002546899
E[P_neut(30)] = 0.0002255653
E[P_neut(31)] = 0.0002616166
E[P_neut(32)] = 0.0003332619
E[P_neut(33)] = 0.0002939231
E[P_neut(34)] = 0.0003256297
E[P_neut(35)] = 0.0002395658
E[P_neut(36)] = 0.0002967343
E[P_neut(37)] = 0.0003282674
E[P_neut(38)] = 0.0003913654
E[P_neut(39)] = 0.0003506225
E[P_neut(40)] = 0.0003823238
E[P_neut(41)] = 0.0003464435
E[P_neut(42)] = 0.0004100200
E[P_neut(43)] = 0.0004365756
E[P_neut(44)] = 0.0003521006
E[P_neut(45)] = 0.0003844022
E[P_neut(46)] = 0.0004547410
E[P_neut(47)] = 0.0002673083
E[P_neut(48)] = 0.0004345977
E[P_neut(49)] = 0.0005781362

---- Expected P_sel(i), 0 < i < n (selected SFS per site) 
E[P_sel(1)] = 0.0045828584
E[P_sel(2)] = 0.0015182727
E[P_sel(3)] = 0.0008301776
E[P_sel(4)] = 0.0005337251
E[P_sel(5)] = 0.0004279132
E[P_sel(6)] = 0.0003415065
E[P_sel(7)] = 0.0002828312
E[P_sel(8)] = 0.0002387469
E[P_sel(9)] = 0.0001950703
E[P_sel(10)] = 0.0001771494
E[P_sel(11)] = 0.0001765644
E[P_sel(12)] = 0.0001199435
E[P_sel(13)] = 0.0001417696
E[P_sel(14)] = 0.0001205256
E[P_sel(15)] = 0.0000997308
E[P_sel(16)] = 0.0000791616
E[P_sel(17)] = 0.0000885240
E[P_sel(18)] = 0.0001038728
E[P_sel(19)] = 0.0000765417
E[P_sel(20)] = 0.0000676562
E[P_sel(21)] = 0.0000901152
E[P_sel(22)] = 0.0000765101
E[P_sel(23)] = 0.0000666232
E[P_sel(24)] = 0.0000627612
E[P_sel(25)] = 0.0000660165
E[P_sel(26)] = 0.0000493020
E[P_sel(27)] = 0.0000514384
E[P_sel(28)] = 0.0000605513
E[P_sel(29)] = 0.0000591765
E[P_sel(30)] = 0.0000520016
E[P_sel(31)] = 0.0000598719
E[P_sel(32)] = 0.0000757454
E[P_sel(33)] = 0.0000663472
E[P_sel(34)] = 0.0000729792
E[P_sel(35)] = 0.0000534589
E[P_sel(36)] = 0.0000658132
E[P_sel(37)] = 0.0000724151
E[P_sel(38)] = 0.0000856838
E[P_sel(39)] = 0.0000766055
E[P_sel(40)] = 0.0000830476
E[P_sel(41)] = 0.0000750407
E[P_sel(42)] = 0.0000884482
E[P_sel(43)] = 0.0000939257
E[P_sel(44)] = 0.0000761043
E[P_sel(45)] = 0.0000831929
E[P_sel(46)] = 0.0000984105
E[P_sel(47)] = 0.0000616441
E[P_sel(48)] = 0.0001024152
E[P_sel(49)] = 0.0001630580

---- alpha_dfe = 0.001150

