---- Running command
---- ./polyDFE -d RevisionsPolyDFE/connec3_-0.79988116058347_PolyDFE.input -m C -i /home/jejames/ArabidopsisCrossGenome/model.txt 1 -e 
---- Performing inference using model C

---- Performing inference on RevisionsPolyDFE/connec3_-0.79988116058347_PolyDFE.input
----      with -i /home/jejames/ArabidopsisCrossGenome/model.txt 1
---- Data RevisionsPolyDFE/connec3_-0.79988116058347_PolyDFE.input does not contain divergence counts. Using option -w.
---- No mutation variability. Using Poisson likelihood.


---- Calculating initial values

-- Starting local optimization
-- Optimizing all parameters
  it        eps_an     theta_bar           S_d             b           p_b           S_b           r 2           r 3           r 4           r 5           r 6           r 7           r 8           r 9          r 10          r 11          r 12          r 13          r 14          r 15          r 16          r 17          r 18          r 19          r 20          r 21          r 22          r 23          r 24          r 25          r 26          r 27          r 28          r 29          r 30          r 31          r 32          r 33          r 34          r 35          r 36          r 37          r 38          r 39          r 40          r 41          r 42          r 43          r 44          r 45          r 46          r 47          r 48          r 49           ln lk          grad status 
   0           0.1 0.01029232017        -20000         0.208           0.1            20 0.86376248612 0.81451165371 0.62486126526 0.77136514983 0.66426193118 0.67203107658 0.63152053274 0.64178690344 0.63540510543 0.70047169811 0.73584905660 0.68895671476 0.50499445061 0.68465593784 0.69256381798 0.59433962264 0.52691453940 0.75915649278 0.58823529411 0.69048279689 0.89733629300 0.67966148723 0.60599334073 0.65899001109 0.71420643729 0.88776359600 0.64483906770 0.85696448390 0.94894561598 0.82574916759 0.61709211986 1.22697003329 1.16981132075 1.17022752497 0.89900110987 1.63235294117 1.57103218645 1.57450055493 2.00887902330 2.65066592674 2.80271920088 2.31465038845 2.82019977802 3.54605993340 3.40788013318 4.25790788013 5.97336293007             1 -2089.654317707 22.6675715205   -2 
 972 0.00016606252 0.00900965440 -218.62844522 0.25171998250 0.00007670378 0.35085656568 0.81040167125 0.83029600027 0.67337838819 0.72596770138 0.68754471260 0.70716803046 0.67048622334 0.60140811570 0.74309830660 0.75441900721 0.72464278542 0.60921109476 0.58229678419 0.70659152480 0.62049353960 0.58464304290 0.69706895348 0.71788030280 0.67688702586 0.65188250817 0.75249852370 0.77663073439 0.72692610943 0.59323013706 0.71486202414 0.84475443381 0.60345201114 0.78870292840 0.80016524840 0.67530143489 0.63938888657 0.95108314432 0.94005044829 1.23527161864 0.84182336610 1.26636300281 1.23154506847 1.34168849383 1.35417289864 2.04798863573 1.96804237352 1.54900791930 2.09934442689 2.23888338597 2.62110803060 2.98766176237 3.43074943679 4.74472884972 -304.9199585856 0.00033434985   -8 
-- Local optimization: reached maximum number of likelihood evaluations allowed.
---- Best joint likelihood found -304.919958585643371 with gradient 0.00033

---- Results for RevisionsPolyDFE/connec3_-0.79988116058347_PolyDFE.input 
--  Model: C
--        eps_an     theta_bar             a 
-- 0.00016606252 0.00900965440            -1 
--           S_d             b           p_b           S_b 
-- -218.62844522 0.25171998250 0.00007670378 0.35085656568 
--           r 2           r 3           r 4           r 5           r 6           r 7           r 8           r 9          r 10          r 11          r 12          r 13          r 14          r 15          r 16          r 17          r 18          r 19          r 20          r 21          r 22          r 23          r 24          r 25          r 26          r 27          r 28          r 29          r 30          r 31          r 32          r 33          r 34          r 35          r 36          r 37          r 38          r 39          r 40          r 41          r 42          r 43          r 44          r 45          r 46          r 47          r 48          r 49 
-- 0.81040167125 0.83029600027 0.67337838819 0.72596770138 0.68754471260 0.70716803046 0.67048622334 0.60140811570 0.74309830660 0.75441900721 0.72464278542 0.60921109476 0.58229678419 0.70659152480 0.62049353960 0.58464304290 0.69706895348 0.71788030280 0.67688702586 0.65188250817 0.75249852370 0.77663073439 0.72692610943 0.59323013706 0.71486202414 0.84475443381 0.60345201114 0.78870292840 0.80016524840 0.67530143489 0.63938888657 0.95108314432 0.94005044829 1.23527161864 0.84182336610 1.26636300281 1.23154506847 1.34168849383 1.35417289864 2.04798863573 1.96804237352 1.54900791930 2.09934442689 2.23888338597 2.62110803060 2.98766176237 3.43074943679 4.74472884972 

---- Expected P_neut(i), 0 < i < n (neutral SFS per site) 
E[P_neut(1)] = 0.0090083031
E[P_neut(2)] = 0.0036502202
E[P_neut(3)] = 0.0024932410
E[P_neut(4)] = 0.0015165600
E[P_neut(5)] = 0.0013080008
E[P_neut(6)] = 0.0010323233
E[P_neut(7)] = 0.0009100941
E[P_neut(8)] = 0.0007550509
E[P_neut(9)] = 0.0006020280
E[P_neut(10)] = 0.0006694454
E[P_neut(11)] = 0.0006178629
E[P_neut(12)] = 0.0005440232
E[P_neut(13)] = 0.0004221950
E[P_neut(14)] = 0.0003747080
E[P_neut(15)] = 0.0004243920
E[P_neut(16)] = 0.0003493854
E[P_neut(17)] = 0.0003098406
E[P_neut(18)] = 0.0003488803
E[P_neut(19)] = 0.0003403894
E[P_neut(20)] = 0.0003049152
E[P_neut(21)] = 0.0002796722
E[P_neut(22)] = 0.0003081516
E[P_neut(23)] = 0.0003042213
E[P_neut(24)] = 0.0002728855
E[P_neut(25)] = 0.0002137919
E[P_neut(26)] = 0.0002477219
E[P_neut(27)] = 0.0002818906
E[P_neut(28)] = 0.0001941937
E[P_neut(29)] = 0.0002450382
E[P_neut(30)] = 0.0002403178
E[P_neut(31)] = 0.0001962895
E[P_neut(32)] = 0.0001800491
E[P_neut(33)] = 0.0002596729
E[P_neut(34)] = 0.0002491205
E[P_neut(35)] = 0.0003179997
E[P_neut(36)] = 0.0002107088
E[P_neut(37)] = 0.0003083836
E[P_neut(38)] = 0.0002920365
E[P_neut(39)] = 0.0003100037
E[P_neut(40)] = 0.0003050763
E[P_neut(41)] = 0.0004500660
E[P_neut(42)] = 0.0004222310
E[P_neut(43)] = 0.0003246560
E[P_neut(44)] = 0.0004299721
E[P_neut(45)] = 0.0004483998
E[P_neut(46)] = 0.0005135422
E[P_neut(47)] = 0.0005730381
E[P_neut(48)] = 0.0006444549
E[P_neut(49)] = 0.0008737669

---- Expected P_sel(i), 0 < i < n (selected SFS per site) 
E[P_sel(1)] = 0.0050464604
E[P_sel(2)] = 0.0016387673
E[P_sel(3)] = 0.0009941857
E[P_sel(4)] = 0.0005592372
E[P_sel(5)] = 0.0004553011
E[P_sel(6)] = 0.0003433850
E[P_sel(7)] = 0.0002916379
E[P_sel(8)] = 0.0002344247
E[P_sel(9)] = 0.0001818686
E[P_sel(10)] = 0.0001974234
E[P_sel(11)] = 0.0001783349
E[P_sel(12)] = 0.0001540050
E[P_sel(13)] = 0.0001174235
E[P_sel(14)] = 0.0001025409
E[P_sel(15)] = 0.0001144109
E[P_sel(16)] = 0.0000928894
E[P_sel(17)] = 0.0000813134
E[P_sel(18)] = 0.0000904522
E[P_sel(19)] = 0.0000872460
E[P_sel(20)] = 0.0000773129
E[P_sel(21)] = 0.0000701899
E[P_sel(22)] = 0.0000765890
E[P_sel(23)] = 0.0000749150
E[P_sel(24)] = 0.0000666072
E[P_sel(25)] = 0.0000517440
E[P_sel(26)] = 0.0000594724
E[P_sel(27)] = 0.0000671514
E[P_sel(28)] = 0.0000459161
E[P_sel(29)] = 0.0000575222
E[P_sel(30)] = 0.0000560240
E[P_sel(31)] = 0.0000454546
E[P_sel(32)] = 0.0000414248
E[P_sel(33)] = 0.0000593698
E[P_sel(34)] = 0.0000566125
E[P_sel(35)] = 0.0000718406
E[P_sel(36)] = 0.0000473314
E[P_sel(37)] = 0.0000688871
E[P_sel(38)] = 0.0000648854
E[P_sel(39)] = 0.0000685168
E[P_sel(40)] = 0.0000670843
E[P_sel(41)] = 0.0000984693
E[P_sel(42)] = 0.0000919338
E[P_sel(43)] = 0.0000703597
E[P_sel(44)] = 0.0000927512
E[P_sel(45)] = 0.0000962963
E[P_sel(46)] = 0.0001098034
E[P_sel(47)] = 0.0001220272
E[P_sel(48)] = 0.0001367106
E[P_sel(49)] = 0.0001849139

---- alpha_dfe = 0.000438

