---- Running command
---- ./polyDFE -d RevisionsPolyDFE/connec13_0.259778001518293_PolyDFE.input -m C -i /home/jejames/ArabidopsisCrossGenome/model.txt 1 -e 
---- Performing inference using model C

---- Performing inference on RevisionsPolyDFE/connec13_0.259778001518293_PolyDFE.input
----      with -i /home/jejames/ArabidopsisCrossGenome/model.txt 1
---- Data RevisionsPolyDFE/connec13_0.259778001518293_PolyDFE.input does not contain divergence counts. Using option -w.
---- No mutation variability. Using Poisson likelihood.


---- Calculating initial values

-- Starting local optimization
-- Optimizing all parameters
  it        eps_an     theta_bar           S_d             b           p_b           S_b           r 2           r 3           r 4           r 5           r 6           r 7           r 8           r 9          r 10          r 11          r 12          r 13          r 14          r 15          r 16          r 17          r 18          r 19          r 20          r 21          r 22          r 23          r 24          r 25          r 26          r 27          r 28          r 29          r 30          r 31          r 32          r 33          r 34          r 35          r 36          r 37          r 38          r 39          r 40          r 41          r 42          r 43          r 44          r 45          r 46          r 47          r 48          r 49           ln lk          grad status 
   0           0.1 0.00957619006        -70000         0.208           0.1            20 0.78056998455 0.70925171978 0.77326968973 0.70195142496 0.59216622209 0.74687631615 0.65702653376 0.57995226730 0.54190650007 0.94665169170 0.69240488558 0.58949880668 0.65843043661 0.80864804155 0.79517057419 0.70883054892 0.89203987084 0.69886283869 0.63456408816 0.84908044363 0.76905798118 0.83307595114 0.63007159904 1.19331742243 0.88698582058 0.61406710655 0.94735364312 0.78169310683 1.15400814263 0.86171556928 1.33426926856 1.26477607749 1.46062052505 1.65098975150 1.49094482661 1.80247086901 1.38172118489 1.73564509335 1.98792643549 2.59595675979 1.79839955075 2.17324161168 2.51410922364 3.28513266881 3.05461182086 4.46048013477 5.79531096448             1 -2107.392375877 28.3600539456   -2 
 440 0.01013066816 0.00832975469 -341.86247619 0.30155247573 0.00012835007 0.66521304626 0.81839829086 0.74248510990 0.73850782194 0.80156436147 0.62117452542 0.68872916377 0.63147972387 0.61373949124 0.58563731813 0.77928549543 0.71264604649 0.65237467952 0.68066411464 0.73441969323 0.77817748276 0.57833518365 0.92705862771 0.75276843983 0.67738503380 0.79326829595 0.73770788502 0.77705494181 0.75956992904 0.99720226929 0.77078528008 0.64044271313 0.92042312613 0.91133551949 1.12974213092 0.67275857704 1.05995432006 1.02682771659 1.29083686002 1.33270892754 1.12370830866 1.50155749208 1.06880102900 1.51997596302 1.59988958641 2.15303585984 1.31380666183 1.70840261945 1.68215160420 2.53861298204 2.03485949271 3.11762487978 3.58516244587 3.99386039034 -293.6714521753 0.00023027921   -8 
-- Local optimization: reached maximum number of likelihood evaluations allowed.
---- Best joint likelihood found -293.671452175355967 with gradient 0.00023

---- Results for RevisionsPolyDFE/connec13_0.259778001518293_PolyDFE.input 
--  Model: C
--        eps_an     theta_bar             a 
-- 0.01013066816 0.00832975469            -1 
--           S_d             b           p_b           S_b 
-- -341.86247619 0.30155247573 0.00012835007 0.66521304626 
--           r 2           r 3           r 4           r 5           r 6           r 7           r 8           r 9          r 10          r 11          r 12          r 13          r 14          r 15          r 16          r 17          r 18          r 19          r 20          r 21          r 22          r 23          r 24          r 25          r 26          r 27          r 28          r 29          r 30          r 31          r 32          r 33          r 34          r 35          r 36          r 37          r 38          r 39          r 40          r 41          r 42          r 43          r 44          r 45          r 46          r 47          r 48          r 49 
-- 0.81839829086 0.74248510990 0.73850782194 0.80156436147 0.62117452542 0.68872916377 0.63147972387 0.61373949124 0.58563731813 0.77928549543 0.71264604649 0.65237467952 0.68066411464 0.73441969323 0.77817748276 0.57833518365 0.92705862771 0.75276843983 0.67738503380 0.79326829595 0.73770788502 0.77705494181 0.75956992904 0.99720226929 0.77078528008 0.64044271313 0.92042312613 0.91133551949 1.12974213092 0.67275857704 1.05995432006 1.02682771659 1.29083686002 1.33270892754 1.12370830866 1.50155749208 1.06880102900 1.51997596302 1.59988958641 2.15303585984 1.31380666183 1.70840261945 1.68215160420 2.53861298204 2.03485949271 3.11762487978 3.58516244587 3.99386039034 

---- Expected P_neut(i), 0 < i < n (neutral SFS per site) 
E[P_neut(1)] = 0.0082522468
E[P_neut(2)] = 0.0033803007
E[P_neut(3)] = 0.0020462854
E[P_neut(4)] = 0.0015260502
E[P_neut(5)] = 0.0013265993
E[P_neut(6)] = 0.0008568616
E[P_neut(7)] = 0.0008146135
E[P_neut(8)] = 0.0006534876
E[P_neut(9)] = 0.0005667101
E[P_neut(10)] = 0.0004862548
E[P_neut(11)] = 0.0005874249
E[P_neut(12)] = 0.0004920426
E[P_neut(13)] = 0.0004171992
E[P_neut(14)] = 0.0004035145
E[P_neut(15)] = 0.0004069173
E[P_neut(16)] = 0.0004042263
E[P_neut(17)] = 0.0002831309
E[P_neut(18)] = 0.0004274585
E[P_neut(19)] = 0.0003285078
E[P_neut(20)] = 0.0002824423
E[P_neut(21)] = 0.0003141180
E[P_neut(22)] = 0.0002792591
E[P_neut(23)] = 0.0002805714
E[P_neut(24)] = 0.0002634573
E[P_neut(25)] = 0.0003322580
E[P_neut(26)] = 0.0002471095
E[P_neut(27)] = 0.0001984320
E[P_neut(28)] = 0.0002738735
E[P_neut(29)] = 0.0002623014
E[P_neut(30)] = 0.0003133628
E[P_neut(31)] = 0.0001822834
E[P_neut(32)] = 0.0002774622
E[P_neut(33)] = 0.0002594336
E[P_neut(34)] = 0.0003171461
E[P_neut(35)] = 0.0003180938
E[P_neut(36)] = 0.0002614747
E[P_neut(37)] = 0.0003388535
E[P_neut(38)] = 0.0002369235
E[P_neut(39)] = 0.0003273311
E[P_neut(40)] = 0.0003347339
E[P_neut(41)] = 0.0004387442
E[P_neut(42)] = 0.0002645853
E[P_neut(43)] = 0.0003358936
E[P_neut(44)] = 0.0003239628
E[P_neut(45)] = 0.0004786793
E[P_neut(46)] = 0.0003803227
E[P_neut(47)] = 0.0005678206
E[P_neut(48)] = 0.0006503846
E[P_neut(49)] = 0.0007564442

---- Expected P_sel(i), 0 < i < n (selected SFS per site) 
E[P_sel(1)] = 0.0038829211
E[P_sel(2)] = 0.0012026548
E[P_sel(3)] = 0.0006288848
E[P_sel(4)] = 0.0004264324
E[P_sel(5)] = 0.0003454821
E[P_sel(6)] = 0.0002112178
E[P_sel(7)] = 0.0001919415
E[P_sel(8)] = 0.0001482335
E[P_sel(9)] = 0.0001242395
E[P_sel(10)] = 0.0001035986
E[P_sel(11)] = 0.0001220201
E[P_sel(12)] = 0.0000998815
E[P_sel(13)] = 0.0000828530
E[P_sel(14)] = 0.0000786310
E[P_sel(15)] = 0.0000778713
E[P_sel(16)] = 0.0000760877
E[P_sel(17)] = 0.0000524679
E[P_sel(18)] = 0.0000781088
E[P_sel(19)] = 0.0000592236
E[P_sel(20)] = 0.0000502417
E[P_sel(21)] = 0.0000552190
E[P_sel(22)] = 0.0000485264
E[P_sel(23)] = 0.0000482316
E[P_sel(24)] = 0.0000448174
E[P_sel(25)] = 0.0000559631
E[P_sel(26)] = 0.0000412292
E[P_sel(27)] = 0.0000328133
E[P_sel(28)] = 0.0000448882
E[P_sel(29)] = 0.0000426394
E[P_sel(30)] = 0.0000505169
E[P_sel(31)] = 0.0000291924
E[P_sel(32)] = 0.0000440944
E[P_sel(33)] = 0.0000409047
E[P_sel(34)] = 0.0000496770
E[P_sel(35)] = 0.0000494955
E[P_sel(36)] = 0.0000404541
E[P_sel(37)] = 0.0000520569
E[P_sel(38)] = 0.0000362853
E[P_sel(39)] = 0.0000498061
E[P_sel(40)] = 0.0000505894
E[P_sel(41)] = 0.0000659133
E[P_sel(42)] = 0.0000398002
E[P_sel(43)] = 0.0000503134
E[P_sel(44)] = 0.0000484293
E[P_sel(45)] = 0.0000714409
E[P_sel(46)] = 0.0000573308
E[P_sel(47)] = 0.0000854510
E[P_sel(48)] = 0.0001008312
E[P_sel(49)] = 0.0001358640

---- alpha_dfe = 0.001269

