---- Running command
---- ./polyDFE -d RevisionsPolyDFE/connec4_-0.64208196521893_PolyDFE.input -m C -i /home/jejames/ArabidopsisCrossGenome/model.txt 1 -e 
---- Performing inference using model C

---- Performing inference on RevisionsPolyDFE/connec4_-0.64208196521893_PolyDFE.input
----      with -i /home/jejames/ArabidopsisCrossGenome/model.txt 1
---- Data RevisionsPolyDFE/connec4_-0.64208196521893_PolyDFE.input does not contain divergence counts. Using option -w.
---- No mutation variability. Using Poisson likelihood.


---- Calculating initial values

-- Starting local optimization
-- Optimizing all parameters
  it        eps_an     theta_bar           S_d             b           p_b           S_b           r 2           r 3           r 4           r 5           r 6           r 7           r 8           r 9          r 10          r 11          r 12          r 13          r 14          r 15          r 16          r 17          r 18          r 19          r 20          r 21          r 22          r 23          r 24          r 25          r 26          r 27          r 28          r 29          r 30          r 31          r 32          r 33          r 34          r 35          r 36          r 37          r 38          r 39          r 40          r 41          r 42          r 43          r 44          r 45          r 46          r 47          r 48          r 49           ln lk          grad status 
   0           0.1 0.00946766610        -20000         0.208           0.1            20 0.80969234957 0.76368091478 0.71222433977 0.57922679008 0.69425537707 0.61843179961 0.67737544241 0.64688265722 0.62755240947 0.60046283691 0.58317451674 0.72202559215 0.61938469915 0.69017152191 0.58589708685 0.67342771576 0.64933297032 0.54056629458 0.73509392866 0.69466376259 0.78464470460 0.79839368363 0.97032398584 0.98693166349 0.96624013068 1.08426354478 1.05962428532 1.05404301660 0.77593248026 1.18581540974 0.98012523822 0.98380070786 1.57827389055 1.15300843996 1.78872855976 1.57146746528 1.30873945004 1.32194391505 1.24693710863 1.96460658861 1.81813231690 2.34726381704 2.21617206643 3.30179689627 3.08086033215 4.28668663218 5.00517288320             1 -2070.797306872 21.8376237376   -2 
 802 0.00021711016 0.00799673172 -153.72514572 0.29120028764 0.00010833518 0.54821196961 0.82531761851 0.78804651948 0.80245674330 0.65987082203 0.74446960180 0.71709963998 0.74451078035 0.78710167067 0.67182846874 0.69862647546 0.69436209026 0.81446078102 0.62698245192 0.73194343360 0.57360515368 0.82257479617 0.78855679710 0.48389259896 0.70029114248 0.68686662515 0.70983036202 0.76071495701 0.89004486742 0.89949968965 0.68805422942 0.98039143210 0.80222875872 0.94807655610 0.70887532541 1.06220322037 0.78286662772 0.83201954063 1.26785673139 0.98187463343 1.23038361339 1.29314542446 1.20395067384 1.08085643573 1.08450215964 1.50482910442 1.20186491831 1.90963588819 1.47620047619 2.62617176305 2.34145560820 3.07819044425 3.34697859532 5.28009435313 -304.7445686734 0.00059038797   -8 
-- Local optimization: reached maximum number of likelihood evaluations allowed.
---- Best joint likelihood found -304.744568673459014 with gradient 0.00059

---- Results for RevisionsPolyDFE/connec4_-0.64208196521893_PolyDFE.input 
--  Model: C
--        eps_an     theta_bar             a 
-- 0.00021711016 0.00799673172            -1 
--           S_d             b           p_b           S_b 
-- -153.72514572 0.29120028764 0.00010833518 0.54821196961 
--           r 2           r 3           r 4           r 5           r 6           r 7           r 8           r 9          r 10          r 11          r 12          r 13          r 14          r 15          r 16          r 17          r 18          r 19          r 20          r 21          r 22          r 23          r 24          r 25          r 26          r 27          r 28          r 29          r 30          r 31          r 32          r 33          r 34          r 35          r 36          r 37          r 38          r 39          r 40          r 41          r 42          r 43          r 44          r 45          r 46          r 47          r 48          r 49 
-- 0.82531761851 0.78804651948 0.80245674330 0.65987082203 0.74446960180 0.71709963998 0.74451078035 0.78710167067 0.67182846874 0.69862647546 0.69436209026 0.81446078102 0.62698245192 0.73194343360 0.57360515368 0.82257479617 0.78855679710 0.48389259896 0.70029114248 0.68686662515 0.70983036202 0.76071495701 0.89004486742 0.89949968965 0.68805422942 0.98039143210 0.80222875872 0.94807655610 0.70887532541 1.06220322037 0.78286662772 0.83201954063 1.26785673139 0.98187463343 1.23038361339 1.29314542446 1.20395067384 1.08085643573 1.08450215964 1.50482910442 1.20186491831 1.90963588819 1.47620047619 2.62617176305 2.34145560820 3.07819044425 3.34697859532 5.28009435313 

---- Expected P_neut(i), 0 < i < n (neutral SFS per site) 
E[P_neut(1)] = 0.0079951826
E[P_neut(2)] = 0.0032993264
E[P_neut(3)] = 0.0021002565
E[P_neut(4)] = 0.0016039979
E[P_neut(5)] = 0.0010552342
E[P_neut(6)] = 0.0009920634
E[P_neut(7)] = 0.0008191069
E[P_neut(8)] = 0.0007440947
E[P_neut(9)] = 0.0006992720
E[P_neut(10)] = 0.0005371736
E[P_neut(11)] = 0.0005078223
E[P_neut(12)] = 0.0004626735
E[P_neut(13)] = 0.0005009538
E[P_neut(14)] = 0.0003581109
E[P_neut(15)] = 0.0003901743
E[P_neut(16)] = 0.0002866879
E[P_neut(17)] = 0.0003868956
E[P_neut(18)] = 0.0003502929
E[P_neut(19)] = 0.0002036763
E[P_neut(20)] = 0.0002799823
E[P_neut(21)] = 0.0002615566
E[P_neut(22)] = 0.0002580084
E[P_neut(23)] = 0.0002644940
E[P_neut(24)] = 0.0002965420
E[P_neut(25)] = 0.0002877223
E[P_neut(26)] = 0.0002116409
E[P_neut(27)] = 0.0002903621
E[P_neut(28)] = 0.0002291209
E[P_neut(29)] = 0.0002614315
E[P_neut(30)] = 0.0001889760
E[P_neut(31)] = 0.0002739897
E[P_neut(32)] = 0.0001956703
E[P_neut(33)] = 0.0002016595
E[P_neut(34)] = 0.0002981949
E[P_neut(35)] = 0.0002243728
E[P_neut(36)] = 0.0002733253
E[P_neut(37)] = 0.0002795329
E[P_neut(38)] = 0.0002534052
E[P_neut(39)] = 0.0002216857
E[P_neut(40)] = 0.0002168814
E[P_neut(41)] = 0.0002935934
E[P_neut(42)] = 0.0002289450
E[P_neut(43)] = 0.0003552367
E[P_neut(44)] = 0.0002684476
E[P_neut(45)] = 0.0004668121
E[P_neut(46)] = 0.0004073032
E[P_neut(47)] = 0.0005240756
E[P_neut(48)] = 0.0005581973
E[P_neut(49)] = 0.0008632531

---- Expected P_sel(i), 0 < i < n (selected SFS per site) 
E[P_sel(1)] = 0.0046050071
E[P_sel(2)] = 0.0014971373
E[P_sel(3)] = 0.0008339191
E[P_sel(4)] = 0.0005824700
E[P_sel(5)] = 0.0003586403
E[P_sel(6)] = 0.0003200065
E[P_sel(7)] = 0.0002530906
E[P_sel(8)] = 0.0002216868
E[P_sel(9)] = 0.0002018582
E[P_sel(10)] = 0.0001508142
E[P_sel(11)] = 0.0001390792
E[P_sel(12)] = 0.0001239077
E[P_sel(13)] = 0.0001314520
E[P_sel(14)] = 0.0000922274
E[P_sel(15)] = 0.0000987649
E[P_sel(16)] = 0.0000714133
E[P_sel(17)] = 0.0000949444
E[P_sel(18)] = 0.0000847640
E[P_sel(19)] = 0.0000486383
E[P_sel(20)] = 0.0000660330
E[P_sel(21)] = 0.0000609630
E[P_sel(22)] = 0.0000594657
E[P_sel(23)] = 0.0000603132
E[P_sel(24)] = 0.0000669360
E[P_sel(25)] = 0.0000643156
E[P_sel(26)] = 0.0000468696
E[P_sel(27)] = 0.0000637295
E[P_sel(28)] = 0.0000498571
E[P_sel(29)] = 0.0000564182
E[P_sel(30)] = 0.0000404577
E[P_sel(31)] = 0.0000582062
E[P_sel(32)] = 0.0000412605
E[P_sel(33)] = 0.0000422180
E[P_sel(34)] = 0.0000619907
E[P_sel(35)] = 0.0000463306
E[P_sel(36)] = 0.0000560675
E[P_sel(37)] = 0.0000569772
E[P_sel(38)] = 0.0000513319
E[P_sel(39)] = 0.0000446376
E[P_sel(40)] = 0.0000434150
E[P_sel(41)] = 0.0000584352
E[P_sel(42)] = 0.0000453187
E[P_sel(43)] = 0.0000699289
E[P_sel(44)] = 0.0000525751
E[P_sel(45)] = 0.0000909344
E[P_sel(46)] = 0.0000789683
E[P_sel(47)] = 0.0001011199
E[P_sel(48)] = 0.0001072677
E[P_sel(49)] = 0.0001654777

---- alpha_dfe = 0.000757

