---- Running command
---- ./polyDFE -d RevisionsPolyDFE/connec15_0.412549713552549_PolyDFE.input -m C -i /home/jejames/ArabidopsisCrossGenome/model.txt 1 -e 
---- Performing inference using model C

---- Performing inference on RevisionsPolyDFE/connec15_0.412549713552549_PolyDFE.input
----      with -i /home/jejames/ArabidopsisCrossGenome/model.txt 1
---- Data RevisionsPolyDFE/connec15_0.412549713552549_PolyDFE.input does not contain divergence counts. Using option -w.
---- No mutation variability. Using Poisson likelihood.


---- Calculating initial values

-- Starting local optimization
-- Optimizing all parameters
  it        eps_an     theta_bar           S_d             b           p_b           S_b           r 2           r 3           r 4           r 5           r 6           r 7           r 8           r 9          r 10          r 11          r 12          r 13          r 14          r 15          r 16          r 17          r 18          r 19          r 20          r 21          r 22          r 23          r 24          r 25          r 26          r 27          r 28          r 29          r 30          r 31          r 32          r 33          r 34          r 35          r 36          r 37          r 38          r 39          r 40          r 41          r 42          r 43          r 44          r 45          r 46          r 47          r 48          r 49           ln lk          grad status 
   0           0.1 0.00915149338        -80000         0.208           0.1            20 0.79515291402 0.79976918638 0.66589728794 0.66575302942 0.56260819388 0.83410271206 0.67051356030 0.72446624350 0.68811309867 0.76168493941 0.76860934795 0.69388343912 0.73312175418 0.85905943450 1.04096941719 0.81174264281 1.09838430467 0.77019619157 0.95499134448 0.80885747259 0.83467974610 1.07169648009 1.24293133294 1.08193883439 1.01644547028 1.03995960761 1.15926139642 0.68190998268 1.46710905943 1.29241200230 1.32487016733 1.61381996537 1.46653202538 1.47937103289 1.59434506635 1.97489901904 1.73225620311 1.80034622042 1.69070975187 2.25937680323 2.11454125793 2.44402769763 2.60242354298 2.51226197345 3.09232544720 3.74264281592 5.01327178303             1 -2001.041949510 28.1330081121   -2 
1215 0.00818807793 0.00799262158 -484.02861757 0.28277338936 0.00007545249 0.47020133743 0.81555236825 0.82140851309 0.71027402234 0.68905034760 0.64126293190 0.73259488902 0.66573440359 0.74201239110 0.64343965276 0.76980270399 0.80621873081 0.71509206755 0.81739473127 0.78552260155 0.86739235134 0.81529249569 0.97496712755 0.75330220131 0.89981456558 0.90556208981 0.86963185106 1.06843606069 1.15689532238 0.98094706074 0.92289493139 1.08660418188 0.95999032361 0.86220360234 1.40569825588 1.16951443957 1.03219828979 1.17275235598 1.02400852435 1.16656468797 1.31420620707 1.55991962226 1.39081805570 1.21374881774 1.50290960594 1.53830377364 1.51077431726 1.74701974058 2.07050561050 1.88788010083 2.35459386491 2.39111130255 2.89525736480 4.22071799278 -296.4572367329 0.00038285998   -8 
-- Local optimization: reached maximum number of likelihood evaluations allowed.
---- Best joint likelihood found -296.457236732947422 with gradient 0.00038

---- Results for RevisionsPolyDFE/connec15_0.412549713552549_PolyDFE.input 
--  Model: C
--        eps_an     theta_bar             a 
-- 0.00818807793 0.00799262158            -1 
--           S_d             b           p_b           S_b 
-- -484.02861757 0.28277338936 0.00007545249 0.47020133743 
--           r 2           r 3           r 4           r 5           r 6           r 7           r 8           r 9          r 10          r 11          r 12          r 13          r 14          r 15          r 16          r 17          r 18          r 19          r 20          r 21          r 22          r 23          r 24          r 25          r 26          r 27          r 28          r 29          r 30          r 31          r 32          r 33          r 34          r 35          r 36          r 37          r 38          r 39          r 40          r 41          r 42          r 43          r 44          r 45          r 46          r 47          r 48          r 49 
-- 0.81555236825 0.82140851309 0.71027402234 0.68905034760 0.64126293190 0.73259488902 0.66573440359 0.74201239110 0.64343965276 0.76980270399 0.80621873081 0.71509206755 0.81739473127 0.78552260155 0.86739235134 0.81529249569 0.97496712755 0.75330220131 0.89981456558 0.90556208981 0.86963185106 1.06843606069 1.15689532238 0.98094706074 0.92289493139 1.08660418188 0.95999032361 0.86220360234 1.40569825588 1.16951443957 1.03219828979 1.17275235598 1.02400852435 1.16656468797 1.31420620707 1.55991962226 1.39081805570 1.21374881774 1.50290960594 1.53830377364 1.51077431726 1.74701974058 2.07050561050 1.88788010083 2.35459386491 2.39111130255 2.89525736480 4.22071799278 

---- Expected P_neut(i), 0 < i < n (neutral SFS per site) 
E[P_neut(1)] = 0.0079328146
E[P_neut(2)] = 0.0032364616
E[P_neut(3)] = 0.0021738131
E[P_neut(4)] = 0.0014109669
E[P_neut(5)] = 0.0010951904
E[P_neut(6)] = 0.0008503138
E[P_neut(7)] = 0.0008322888
E[P_neut(8)] = 0.0006620284
E[P_neut(9)] = 0.0006560181
E[P_neut(10)] = 0.0005125249
E[P_neut(11)] = 0.0005567970
E[P_neut(12)] = 0.0005349819
E[P_neut(13)] = 0.0004388100
E[P_neut(14)] = 0.0004652200
E[P_neut(15)] = 0.0004173131
E[P_neut(16)] = 0.0004317194
E[P_neut(17)] = 0.0003825004
E[P_neut(18)] = 0.0004314853
E[P_neut(19)] = 0.0003167616
E[P_neut(20)] = 0.0003597160
E[P_neut(21)] = 0.0003437815
E[P_neut(22)] = 0.0003155950
E[P_neut(23)] = 0.0003708808
E[P_neut(24)] = 0.0003844444
E[P_neut(25)] = 0.0003136135
E[P_neut(26)] = 0.0002845374
E[P_neut(27)] = 0.0003220662
E[P_neut(28)] = 0.0002743731
E[P_neut(29)] = 0.0002385063
E[P_neut(30)] = 0.0003743850
E[P_neut(31)] = 0.0003016576
E[P_neut(32)] = 0.0002592454
E[P_neut(33)] = 0.0002848542
E[P_neut(34)] = 0.0002422978
E[P_neut(35)] = 0.0002676433
E[P_neut(36)] = 0.0002932084
E[P_neut(37)] = 0.0003378096
E[P_neut(38)] = 0.0002945353
E[P_neut(39)] = 0.0002512877
E[P_neut(40)] = 0.0003020567
E[P_neut(41)] = 0.0003028202
E[P_neut(42)] = 0.0002905931
E[P_neut(43)] = 0.0003289174
E[P_neut(44)] = 0.0003800232
E[P_neut(45)] = 0.0003415869
E[P_neut(46)] = 0.0004173879
E[P_neut(47)] = 0.0004212116
E[P_neut(48)] = 0.0005048370
E[P_neut(49)] = 0.0007482683

---- Expected P_sel(i), 0 < i < n (selected SFS per site) 
E[P_sel(1)] = 0.0035325817
E[P_sel(2)] = 0.0010972195
E[P_sel(3)] = 0.0006415105
E[P_sel(4)] = 0.0003804526
E[P_sel(5)] = 0.0002764925
E[P_sel(6)] = 0.0002037880
E[P_sel(7)] = 0.0001912427
E[P_sel(8)] = 0.0001467630
E[P_sel(9)] = 0.0001410001
E[P_sel(10)] = 0.0001071755
E[P_sel(11)] = 0.0001136843
E[P_sel(12)] = 0.0001068507
E[P_sel(13)] = 0.0000858864
E[P_sel(14)] = 0.0000894374
E[P_sel(15)] = 0.0000788912
E[P_sel(16)] = 0.0000803623
E[P_sel(17)] = 0.0000701578
E[P_sel(18)] = 0.0000780860
E[P_sel(19)] = 0.0000565777
E[P_sel(20)] = 0.0000634776
E[P_sel(21)] = 0.0000599925
E[P_sel(22)] = 0.0000544758
E[P_sel(23)] = 0.0000633639
E[P_sel(24)] = 0.0000650415
E[P_sel(25)] = 0.0000525623
E[P_sel(26)] = 0.0000472668
E[P_sel(27)] = 0.0000530438
E[P_sel(28)] = 0.0000448192
E[P_sel(29)] = 0.0000386613
E[P_sel(30)] = 0.0000602070
E[P_sel(31)] = 0.0000481602
E[P_sel(32)] = 0.0000411270
E[P_sel(33)] = 0.0000448674
E[P_sel(34)] = 0.0000379419
E[P_sel(35)] = 0.0000416342
E[P_sel(36)] = 0.0000453383
E[P_sel(37)] = 0.0000518967
E[P_sel(38)] = 0.0000450512
E[P_sel(39)] = 0.0000382749
E[P_sel(40)] = 0.0000457020
E[P_sel(41)] = 0.0000456679
E[P_sel(42)] = 0.0000436460
E[P_sel(43)] = 0.0000492528
E[P_sel(44)] = 0.0000566131
E[P_sel(45)] = 0.0000510068
E[P_sel(46)] = 0.0000622945
E[P_sel(47)] = 0.0000638038
E[P_sel(48)] = 0.0000780966
E[P_sel(49)] = 0.0001272958

---- alpha_dfe = 0.000673

