---- Running command
---- ./polyDFE -d RevisionsPolyDFE/connec16_0.502501675002303_PolyDFE.input -m C -i /home/jejames/ArabidopsisCrossGenome/model.txt 1 -e 
---- Performing inference using model C

---- Performing inference on RevisionsPolyDFE/connec16_0.502501675002303_PolyDFE.input
----      with -i /home/jejames/ArabidopsisCrossGenome/model.txt 1
---- Data RevisionsPolyDFE/connec16_0.502501675002303_PolyDFE.input does not contain divergence counts. Using option -w.
---- No mutation variability. Using Poisson likelihood.


---- Calculating initial values

-- Starting local optimization
-- Optimizing all parameters
  it        eps_an     theta_bar           S_d             b           p_b           S_b           r 2           r 3           r 4           r 5           r 6           r 7           r 8           r 9          r 10          r 11          r 12          r 13          r 14          r 15          r 16          r 17          r 18          r 19          r 20          r 21          r 22          r 23          r 24          r 25          r 26          r 27          r 28          r 29          r 30          r 31          r 32          r 33          r 34          r 35          r 36          r 37          r 38          r 39          r 40          r 41          r 42          r 43          r 44          r 45          r 46          r 47          r 48          r 49           ln lk          grad status 
   0           0.1 0.00881412613        -30000         0.208           0.1            20 0.88038942976 0.79568845618 0.69318497913 0.65020862308 0.70097357440 0.65229485396 0.75549374130 0.54575799721 0.67315716272 0.69151599443 0.79944367176 0.69068150208 0.80027816411 0.71974965229 0.59860917941 0.59346314325 0.58331015299 0.77691237830 0.66481223922 0.82656467315 0.65785813630 0.95326842837 1.10486787204 1.00834492350 1.22586926286 1.05897079276 0.99304589707 0.91557719054 1.29763560500 1.06063977746 1.14381084840 0.82155771905 0.85591098748 1.09527121001 1.29680111265 1.63643949930 1.22086230876 1.67065368567 1.53546592489 1.84756606397 2.05034770514 2.09318497913 2.20305980528 2.59735744089 2.64867872044 3.94172461752 5.90820584144             1 -2045.375967548 26.4240170657   -2 
 689 0.00006961011 0.00787990572 -257.38063301 0.30236315725 0.00006292934 0.44850373570 0.81780823050 0.77411608221 0.70612059920 0.66922958153 0.68060855665 0.67040020353 0.69114752337 0.64910929305 0.62741198146 0.67863195856 0.74140483148 0.71222567736 0.70228978085 0.72007503615 0.55451246411 0.67191627695 0.54918032433 0.73560942888 0.57750955630 0.72328797715 0.61239434250 0.81611021961 0.88856714026 0.89536723069 0.97118710336 0.78765074328 0.80054327884 0.79166482498 1.03272747945 1.04899934354 0.90540543268 0.84301340252 0.67771204544 0.97456172241 0.87644000662 1.24873057077 1.03968010819 1.35146090758 1.24489980312 1.60646080453 1.68014040670 1.47333559843 1.86469604530 1.84534646162 1.95775263809 2.69565326903 3.43018886599 4.69913834474 -284.6607139719 0.00037881169   -8 
-- Local optimization: reached maximum number of likelihood evaluations allowed.
---- Best joint likelihood found -284.660713971943210 with gradient 0.00038

---- Results for RevisionsPolyDFE/connec16_0.502501675002303_PolyDFE.input 
--  Model: C
--        eps_an     theta_bar             a 
-- 0.00006961011 0.00787990572            -1 
--           S_d             b           p_b           S_b 
-- -257.38063301 0.30236315725 0.00006292934 0.44850373570 
--           r 2           r 3           r 4           r 5           r 6           r 7           r 8           r 9          r 10          r 11          r 12          r 13          r 14          r 15          r 16          r 17          r 18          r 19          r 20          r 21          r 22          r 23          r 24          r 25          r 26          r 27          r 28          r 29          r 30          r 31          r 32          r 33          r 34          r 35          r 36          r 37          r 38          r 39          r 40          r 41          r 42          r 43          r 44          r 45          r 46          r 47          r 48          r 49 
-- 0.81780823050 0.77411608221 0.70612059920 0.66922958153 0.68060855665 0.67040020353 0.69114752337 0.64910929305 0.62741198146 0.67863195856 0.74140483148 0.71222567736 0.70228978085 0.72007503615 0.55451246411 0.67191627695 0.54918032433 0.73560942888 0.57750955630 0.72328797715 0.61239434250 0.81611021961 0.88856714026 0.89536723069 0.97118710336 0.78765074328 0.80054327884 0.79166482498 1.03272747945 1.04899934354 0.90540543268 0.84301340252 0.67771204544 0.97456172241 0.87644000662 1.24873057077 1.03968010819 1.35146090758 1.24489980312 1.60646080453 1.68014040670 1.47333559843 1.86469604530 1.84534646162 1.95775263809 2.69565326903 3.43018886599 4.69913834474 

---- Expected P_neut(i), 0 < i < n (neutral SFS per site) 
E[P_neut(1)] = 0.0078794098
E[P_neut(2)] = 0.0032219408
E[P_neut(3)] = 0.0020332105
E[P_neut(4)] = 0.0013909675
E[P_neut(5)] = 0.0010546423
E[P_neut(6)] = 0.0008938162
E[P_neut(7)] = 0.0007546363
E[P_neut(8)] = 0.0006807467
E[P_neut(9)] = 0.0005683064
E[P_neut(10)] = 0.0004943774
E[P_neut(11)] = 0.0004861266
E[P_neut(12)] = 0.0004868311
E[P_neut(13)] = 0.0004317016
E[P_neut(14)] = 0.0003952699
E[P_neut(15)] = 0.0003782638
E[P_neut(16)] = 0.0002730860
E[P_neut(17)] = 0.0003114416
E[P_neut(18)] = 0.0002404149
E[P_neut(19)] = 0.0003050780
E[P_neut(20)] = 0.0002275391
E[P_neut(21)] = 0.0002713980
E[P_neut(22)] = 0.0002193463
E[P_neut(23)] = 0.0002795997
E[P_neut(24)] = 0.0002917429
E[P_neut(25)] = 0.0002822164
E[P_neut(26)] = 0.0002943407
E[P_neut(27)] = 0.0002298780
E[P_neut(28)] = 0.0002252926
E[P_neut(29)] = 0.0002151158
E[P_neut(30)] = 0.0002712568
E[P_neut(31)] = 0.0002666484
E[P_neut(32)] = 0.0002229546
E[P_neut(33)] = 0.0002013066
E[P_neut(34)] = 0.0001570759
E[P_neut(35)] = 0.0002194240
E[P_neut(36)] = 0.0001918548
E[P_neut(37)] = 0.0002659542
E[P_neut(38)] = 0.0002156131
E[P_neut(39)] = 0.0002730760
E[P_neut(40)] = 0.0002452597
E[P_neut(41)] = 0.0003087683
E[P_neut(42)] = 0.0003152480
E[P_neut(43)] = 0.0002700278
E[P_neut(44)] = 0.0003339851
E[P_neut(45)] = 0.0003231877
E[P_neut(46)] = 0.0003354410
E[P_neut(47)] = 0.0004520568
E[P_neut(48)] = 0.0005633010
E[P_neut(49)] = 0.0007561850

---- Expected P_sel(i), 0 < i < n (selected SFS per site) 
E[P_sel(1)] = 0.0039746872
E[P_sel(2)] = 0.0012419052
E[P_sel(3)] = 0.0006784818
E[P_sel(4)] = 0.0004221454
E[P_sel(5)] = 0.0002984776
E[P_sel(6)] = 0.0002394385
E[P_sel(7)] = 0.0001932389
E[P_sel(8)] = 0.0001677905
E[P_sel(9)] = 0.0001355270
E[P_sel(10)] = 0.0001145212
E[P_sel(11)] = 0.0001097292
E[P_sel(12)] = 0.0001073503
E[P_sel(13)] = 0.0000931903
E[P_sel(14)] = 0.0000836778
E[P_sel(15)] = 0.0000786485
E[P_sel(16)] = 0.0000558386
E[P_sel(17)] = 0.0000626955
E[P_sel(18)] = 0.0000476949
E[P_sel(19)] = 0.0000596967
E[P_sel(20)] = 0.0000439498
E[P_sel(21)] = 0.0000517811
E[P_sel(22)] = 0.0000413644
E[P_sel(23)] = 0.0000521445
E[P_sel(24)] = 0.0000538355
E[P_sel(25)] = 0.0000515524
E[P_sel(26)] = 0.0000532476
E[P_sel(27)] = 0.0000412004
E[P_sel(28)] = 0.0000400184
E[P_sel(29)] = 0.0000378827
E[P_sel(30)] = 0.0000473737
E[P_sel(31)] = 0.0000461967
E[P_sel(32)] = 0.0000383283
E[P_sel(33)] = 0.0000343481
E[P_sel(34)] = 0.0000266071
E[P_sel(35)] = 0.0000369071
E[P_sel(36)] = 0.0000320501
E[P_sel(37)] = 0.0000441339
E[P_sel(38)] = 0.0000355500
E[P_sel(39)] = 0.0000447417
E[P_sel(40)] = 0.0000399391
E[P_sel(41)] = 0.0000499817
E[P_sel(42)] = 0.0000507351
E[P_sel(43)] = 0.0000432127
E[P_sel(44)] = 0.0000531525
E[P_sel(45)] = 0.0000511585
E[P_sel(46)] = 0.0000528220
E[P_sel(47)] = 0.0000708234
E[P_sel(48)] = 0.0000878256
E[P_sel(49)] = 0.0001174371

---- alpha_dfe = 0.000515

