---- Running command
---- ./polyDFE -d RevisionsPolyDFE/connec11_0.0947290812372563_PolyDFE.input -m C -i /home/jejames/ArabidopsisCrossGenome/model.txt 1 -e 
---- Performing inference using model C

---- Performing inference on RevisionsPolyDFE/connec11_0.0947290812372563_PolyDFE.input
----      with -i /home/jejames/ArabidopsisCrossGenome/model.txt 1
---- Data RevisionsPolyDFE/connec11_0.0947290812372563_PolyDFE.input does not contain divergence counts. Using option -w.
---- No mutation variability. Using Poisson likelihood.


---- Calculating initial values

-- Starting local optimization
-- Optimizing all parameters
  it        eps_an     theta_bar           S_d             b           p_b           S_b           r 2           r 3           r 4           r 5           r 6           r 7           r 8           r 9          r 10          r 11          r 12          r 13          r 14          r 15          r 16          r 17          r 18          r 19          r 20          r 21          r 22          r 23          r 24          r 25          r 26          r 27          r 28          r 29          r 30          r 31          r 32          r 33          r 34          r 35          r 36          r 37          r 38          r 39          r 40          r 41          r 42          r 43          r 44          r 45          r 46          r 47          r 48          r 49           ln lk          grad status 
   0           0.1 0.00979283729        -50000         0.208           0.1            20 0.74470070657 0.70150646580 0.70230635915 0.68790827889 0.61031862418 0.63831489134 0.62711638448 0.58792161045 0.57858952139 0.72003732835 0.62551659778 0.79202772963 0.70550593254 0.60791894414 0.63351553126 0.68444207439 0.58312225036 0.73710171977 0.53326223170 0.74750033328 0.84762031729 0.55192640981 0.65911211838 0.89988001599 0.60311958405 0.64791361151 1.04892680975 0.93947473670 0.79989334755 0.90507932275 1.13904812691 1.04706039194 1.23743500866 1.56779096120 1.35341954406 1.74123450206 1.21077189708 1.34662045060 2.05839221437 2.24103452872 2.30689241434 2.72870283962 2.27009732035 2.92760965204 3.02333022263 4.67431009198 5.22810291961             1 -2011.587376718 28.0165182293   -2 
1262 0.00014509130 0.00858788778 -549.32244289 0.25157637518 0.00009561835 0.33391721666 0.73645931683 0.71900362849 0.67331218775 0.70818381445 0.65265009555 0.60466046945 0.58634944779 0.66380318971 0.53167097474 0.59792188251 0.73187166030 0.75185327659 0.66858316704 0.58100704270 0.66420915978 0.62408029627 0.64172714298 0.68109877146 0.66913824367 0.61093592626 0.74295852073 0.63008220818 0.72304418373 0.85471172767 0.63481925309 0.57217302543 0.87450234666 0.75401870045 0.74231364558 0.66537112653 0.92567709328 0.89047611764 1.17295258388 1.32933900809 1.05246400069 1.36175488798 1.06427545812 1.30854042998 1.70207447735 1.57905351275 1.88157477070 2.01937206221 1.76569138454 2.24601370000 2.30000523171 3.00822378354 3.57821161514 4.02751033317 -293.1411982038 0.00020720022   -8 
-- Local optimization: reached maximum number of likelihood evaluations allowed.
---- Best joint likelihood found -293.141198203899535 with gradient 0.00021

---- Results for RevisionsPolyDFE/connec11_0.0947290812372563_PolyDFE.input 
--  Model: C
--        eps_an     theta_bar             a 
-- 0.00014509130 0.00858788778            -1 
--           S_d             b           p_b           S_b 
-- -549.32244289 0.25157637518 0.00009561835 0.33391721666 
--           r 2           r 3           r 4           r 5           r 6           r 7           r 8           r 9          r 10          r 11          r 12          r 13          r 14          r 15          r 16          r 17          r 18          r 19          r 20          r 21          r 22          r 23          r 24          r 25          r 26          r 27          r 28          r 29          r 30          r 31          r 32          r 33          r 34          r 35          r 36          r 37          r 38          r 39          r 40          r 41          r 42          r 43          r 44          r 45          r 46          r 47          r 48          r 49 
-- 0.73645931683 0.71900362849 0.67331218775 0.70818381445 0.65265009555 0.60466046945 0.58634944779 0.66380318971 0.53167097474 0.59792188251 0.73187166030 0.75185327659 0.66858316704 0.58100704270 0.66420915978 0.62408029627 0.64172714298 0.68109877146 0.66913824367 0.61093592626 0.74295852073 0.63008220818 0.72304418373 0.85471172767 0.63481925309 0.57217302543 0.87450234666 0.75401870045 0.74231364558 0.66537112653 0.92567709328 0.89047611764 1.17295258388 1.32933900809 1.05246400069 1.36175488798 1.06427545812 1.30854042998 1.70207447735 1.57905351275 1.88157477070 2.01937206221 1.76569138454 2.24601370000 2.30000523171 3.00822378354 3.57821161514 4.02751033317 

---- Expected P_neut(i), 0 < i < n (neutral SFS per site) 
E[P_neut(1)] = 0.0085867442
E[P_neut(2)] = 0.0031619490
E[P_neut(3)] = 0.0020580219
E[P_neut(4)] = 0.0014454349
E[P_neut(5)] = 0.0012162463
E[P_neut(6)] = 0.0009340621
E[P_neut(7)] = 0.0007417732
E[P_neut(8)] = 0.0006294024
E[P_neut(9)] = 0.0006333636
E[P_neut(10)] = 0.0004565798
E[P_neut(11)] = 0.0004667819
E[P_neut(12)] = 0.0005237282
E[P_neut(13)] = 0.0004966531
E[P_neut(14)] = 0.0004100996
E[P_neut(15)] = 0.0003326406
E[P_neut(16)] = 0.0003565009
E[P_neut(17)] = 0.0003152544
E[P_neut(18)] = 0.0003061628
E[P_neut(19)] = 0.0003078347
E[P_neut(20)] = 0.0002873134
E[P_neut(21)] = 0.0002498366
E[P_neut(22)] = 0.0002900170
E[P_neut(23)] = 0.0002352564
E[P_neut(24)] = 0.0002587188
E[P_neut(25)] = 0.0002936067
E[P_neut(26)] = 0.0002096901
E[P_neut(27)] = 0.0001819988
E[P_neut(28)] = 0.0002682220
E[P_neut(29)] = 0.0002232945
E[P_neut(30)] = 0.0002125077
E[P_neut(31)] = 0.0001843448
E[P_neut(32)] = 0.0002484337
E[P_neut(33)] = 0.0002317488
E[P_neut(34)] = 0.0002962789
E[P_neut(35)] = 0.0003261785
E[P_neut(36)] = 0.0002510909
E[P_neut(37)] = 0.0003160964
E[P_neut(38)] = 0.0002405642
E[P_neut(39)] = 0.0002881695
E[P_neut(40)] = 0.0003654438
E[P_neut(41)] = 0.0003307935
E[P_neut(42)] = 0.0003847677
E[P_neut(43)] = 0.0004033547
E[P_neut(44)] = 0.0003447119
E[P_neut(45)] = 0.0004287479
E[P_neut(46)] = 0.0004295428
E[P_neut(47)] = 0.0005498846
E[P_neut(48)] = 0.0006405593
E[P_neut(49)] = 0.0007070172

---- Expected P_sel(i), 0 < i < n (selected SFS per site) 
E[P_sel(1)] = 0.0039449749
E[P_sel(2)] = 0.0011369742
E[P_sel(3)] = 0.0006542913
E[P_sel(4)] = 0.0004243031
E[P_sel(5)] = 0.0003367643
E[P_sel(6)] = 0.0002470408
E[P_sel(7)] = 0.0001889426
E[P_sel(8)] = 0.0001553017
E[P_sel(9)] = 0.0001520403
E[P_sel(10)] = 0.0001069815
E[P_sel(11)] = 0.0001070371
E[P_sel(12)] = 0.0001177806
E[P_sel(13)] = 0.0001097293
E[P_sel(14)] = 0.0000891456
E[P_sel(15)] = 0.0000712301
E[P_sel(16)] = 0.0000752832
E[P_sel(17)] = 0.0000657130
E[P_sel(18)] = 0.0000630446
E[P_sel(19)] = 0.0000626662
E[P_sel(20)] = 0.0000578586
E[P_sel(21)] = 0.0000497982
E[P_sel(22)] = 0.0000572468
E[P_sel(23)] = 0.0000460090
E[P_sel(24)] = 0.0000501517
E[P_sel(25)] = 0.0000564349
E[P_sel(26)] = 0.0000399796
E[P_sel(27)] = 0.0000344310
E[P_sel(28)] = 0.0000503645
E[P_sel(29)] = 0.0000416274
E[P_sel(30)] = 0.0000393424
E[P_sel(31)] = 0.0000339005
E[P_sel(32)] = 0.0000453907
E[P_sel(33)] = 0.0000420775
E[P_sel(34)] = 0.0000534677
E[P_sel(35)] = 0.0000585171
E[P_sel(36)] = 0.0000447900
E[P_sel(37)] = 0.0000560731
E[P_sel(38)] = 0.0000424452
E[P_sel(39)] = 0.0000505769
E[P_sel(40)] = 0.0000638105
E[P_sel(41)] = 0.0000574747
E[P_sel(42)] = 0.0000665270
E[P_sel(43)] = 0.0000694114
E[P_sel(44)] = 0.0000590499
E[P_sel(45)] = 0.0000731157
E[P_sel(46)] = 0.0000729340
E[P_sel(47)] = 0.0000929741
E[P_sel(48)] = 0.0001078821
E[P_sel(49)] = 0.0001188474

---- alpha_dfe = 0.000682

