---- Running command
---- ./polyDFE -d RevisionsPolyDFE/connec14_0.335444175754174_PolyDFE.input -m C -i /home/jejames/ArabidopsisCrossGenome/model.txt 1 -e 
---- Performing inference using model C

---- Performing inference on RevisionsPolyDFE/connec14_0.335444175754174_PolyDFE.input
----      with -i /home/jejames/ArabidopsisCrossGenome/model.txt 1
---- Data RevisionsPolyDFE/connec14_0.335444175754174_PolyDFE.input does not contain divergence counts. Using option -w.
---- No mutation variability. Using Poisson likelihood.


---- Calculating initial values

-- Starting local optimization
-- Optimizing all parameters
  it        eps_an     theta_bar           S_d             b           p_b           S_b           r 2           r 3           r 4           r 5           r 6           r 7           r 8           r 9          r 10          r 11          r 12          r 13          r 14          r 15          r 16          r 17          r 18          r 19          r 20          r 21          r 22          r 23          r 24          r 25          r 26          r 27          r 28          r 29          r 30          r 31          r 32          r 33          r 34          r 35          r 36          r 37          r 38          r 39          r 40          r 41          r 42          r 43          r 44          r 45          r 46          r 47          r 48          r 49           ln lk          grad status 
   0           0.1 0.00971310357        -80000         0.208           0.1            20 0.84356863274 0.73127277635 0.71804562019 0.62626535294 0.63814279929 0.71804562019 0.57335672830 0.62316102038 0.64921041975 0.58644891348 0.65919827237 0.65447428802 0.65568902685 0.78755567552 0.71048724524 0.60345525711 0.95721419894 0.74881900391 0.62896477257 0.59238763665 0.70076933459 0.99338642191 0.93615872587 0.84356863274 0.98609798893 0.87461195842 1.07328924281 0.78674584964 1.04062626535 0.95397489539 1.14887299230 1.27831016331 1.10595222027 1.04400053988 1.56944256984 1.18356053448 1.55405587798 1.02645431232 1.34431097314 1.64354163854 1.69496558239 2.55365096504 2.20920502092 3.10973140774 3.29059252260 3.64124713186 5.47442299905             1 -1911.234840915 28.4091905825   -2 
 478 0.00004876334 0.00856297286 -1079.6551856 0.23776187570 0.00026363797 0.83468454109 0.84692084384 0.71758199511 0.70794307153 0.62696565712 0.72625645019 0.68331782810 0.61929739350 0.60968651882 0.58984908052 0.53543571458 0.60473666127 0.60951849824 0.57848281890 0.67339984337 0.75451522693 0.61314566797 0.70095952538 0.66659356492 0.62357554577 0.72905283079 0.76688017489 0.93108922547 0.90902682456 0.89838133607 0.68504395878 0.90147104204 0.82049855867 0.71023248179 0.90521134115 0.82884007280 0.88037214843 1.02686053805 0.98820107036 0.82069773944 1.12809569561 1.00346947671 1.35898757209 1.14603251518 0.94795624468 1.20952833721 1.39274920854 1.80121031212 1.75080735825 1.98945600707 2.40433319528 2.59718943728 3.56527913112 4.28633020977 -295.1555856309 0.00021941114   -8 
-- Local optimization: reached maximum number of likelihood evaluations allowed.
---- Best joint likelihood found -295.155585630973860 with gradient 0.00022

---- Results for RevisionsPolyDFE/connec14_0.335444175754174_PolyDFE.input 
--  Model: C
--        eps_an     theta_bar             a 
-- 0.00004876334 0.00856297286            -1 
--           S_d             b           p_b           S_b 
-- -1079.6551856 0.23776187570 0.00026363797 0.83468454109 
--           r 2           r 3           r 4           r 5           r 6           r 7           r 8           r 9          r 10          r 11          r 12          r 13          r 14          r 15          r 16          r 17          r 18          r 19          r 20          r 21          r 22          r 23          r 24          r 25          r 26          r 27          r 28          r 29          r 30          r 31          r 32          r 33          r 34          r 35          r 36          r 37          r 38          r 39          r 40          r 41          r 42          r 43          r 44          r 45          r 46          r 47          r 48          r 49 
-- 0.84692084384 0.71758199511 0.70794307153 0.62696565712 0.72625645019 0.68331782810 0.61929739350 0.60968651882 0.58984908052 0.53543571458 0.60473666127 0.60951849824 0.57848281890 0.67339984337 0.75451522693 0.61314566797 0.70095952538 0.66659356492 0.62357554577 0.72905283079 0.76688017489 0.93108922547 0.90902682456 0.89838133607 0.68504395878 0.90147104204 0.82049855867 0.71023248179 0.90521134115 0.82884007280 0.88037214843 1.02686053805 0.98820107036 0.82069773944 1.12809569561 1.00346947671 1.35898757209 1.14603251518 0.94795624468 1.20952833721 1.39274920854 1.80121031212 1.75080735825 1.98945600707 2.40433319528 2.59718943728 3.56527913112 4.28633020977 

---- Expected P_neut(i), 0 < i < n (neutral SFS per site) 
E[P_neut(1)] = 0.0085625918
E[P_neut(2)] = 0.0036259343
E[P_neut(3)] = 0.0020481349
E[P_neut(4)] = 0.0015154722
E[P_neut(5)] = 0.0010737041
E[P_neut(6)] = 0.0010364518
E[P_neut(7)] = 0.0008358670
E[P_neut(8)] = 0.0006628599
E[P_neut(9)] = 0.0005800650
E[P_neut(10)] = 0.0005050714
E[P_neut(11)] = 0.0004168030
E[P_neut(12)] = 0.0004315225
E[P_neut(13)] = 0.0004014756
E[P_neut(14)] = 0.0003538196
E[P_neut(15)] = 0.0003844114
E[P_neut(16)] = 0.0004037983
E[P_neut(17)] = 0.0003088420
E[P_neut(18)] = 0.0003334562
E[P_neut(19)] = 0.0003004188
E[P_neut(20)] = 0.0002669826
E[P_neut(21)] = 0.0002972748
E[P_neut(22)] = 0.0002984874
E[P_neut(23)] = 0.0003466445
E[P_neut(24)] = 0.0003243274
E[P_neut(25)] = 0.0003077126
E[P_neut(26)] = 0.0002256207
E[P_neut(27)] = 0.0002859019
E[P_neut(28)] = 0.0002509276
E[P_neut(29)] = 0.0002097181
E[P_neut(30)] = 0.0002583771
E[P_neut(31)] = 0.0002289498
E[P_neut(32)] = 0.0002355861
E[P_neut(33)] = 0.0002664560
E[P_neut(34)] = 0.0002488881
E[P_neut(35)] = 0.0002007979
E[P_neut(36)] = 0.0002683334
E[P_neut(37)] = 0.0002322429
E[P_neut(38)] = 0.0003062423
E[P_neut(39)] = 0.0002516349
E[P_neut(40)] = 0.0002029478
E[P_neut(41)] = 0.0002526296
E[P_neut(42)] = 0.0002839726
E[P_neut(43)] = 0.0003587143
E[P_neut(44)] = 0.0003407638
E[P_neut(45)] = 0.0003786041
E[P_neut(46)] = 0.0004476225
E[P_neut(47)] = 0.0004732611
E[P_neut(48)] = 0.0006361747
E[P_neut(49)] = 0.0007494367

---- Expected P_sel(i), 0 < i < n (selected SFS per site) 
E[P_sel(1)] = 0.0034957857
E[P_sel(2)] = 0.0011622743
E[P_sel(3)] = 0.0005837304
E[P_sel(4)] = 0.0004004495
E[P_sel(5)] = 0.0002684540
E[P_sel(6)] = 0.0002481448
E[P_sel(7)] = 0.0001931330
E[P_sel(8)] = 0.0001486249
E[P_sel(9)] = 0.0001267250
E[P_sel(10)] = 0.0001078477
E[P_sel(11)] = 0.0000872033
E[P_sel(12)] = 0.0000886379
E[P_sel(13)] = 0.0000810975
E[P_sel(14)] = 0.0000703822
E[P_sel(15)] = 0.0000753916
E[P_sel(16)] = 0.0000781583
E[P_sel(17)] = 0.0000590491
E[P_sel(18)] = 0.0000630257
E[P_sel(19)] = 0.0000561698
E[P_sel(20)] = 0.0000494104
E[P_sel(21)] = 0.0000544865
E[P_sel(22)] = 0.0000542081
E[P_sel(23)] = 0.0000624052
E[P_sel(24)] = 0.0000579019
E[P_sel(25)] = 0.0000544985
E[P_sel(26)] = 0.0000396548
E[P_sel(27)] = 0.0000498820
E[P_sel(28)] = 0.0000434719
E[P_sel(29)] = 0.0000360865
E[P_sel(30)] = 0.0000441688
E[P_sel(31)] = 0.0000388915
E[P_sel(32)] = 0.0000397748
E[P_sel(33)] = 0.0000447211
E[P_sel(34)] = 0.0000415339
E[P_sel(35)] = 0.0000333231
E[P_sel(36)] = 0.0000442909
E[P_sel(37)] = 0.0000381336
E[P_sel(38)] = 0.0000500283
E[P_sel(39)] = 0.0000409044
E[P_sel(40)] = 0.0000328316
E[P_sel(41)] = 0.0000406770
E[P_sel(42)] = 0.0000455145
E[P_sel(43)] = 0.0000572373
E[P_sel(44)] = 0.0000541372
E[P_sel(45)] = 0.0000598928
E[P_sel(46)] = 0.0000705184
E[P_sel(47)] = 0.0000742582
E[P_sel(48)] = 0.0000994346
E[P_sel(49)] = 0.0001167519

---- alpha_dfe = 0.002597

