---- Running command
---- ./polyDFE -d RevisionsPolyDFE/connec1_-1.3622033324594_PolyDFE.input -m C -i /home/jejames/ArabidopsisCrossGenome/model.txt 1 -e 
---- Performing inference using model C

---- Performing inference on RevisionsPolyDFE/connec1_-1.3622033324594_PolyDFE.input
----      with -i /home/jejames/ArabidopsisCrossGenome/model.txt 1
---- Data RevisionsPolyDFE/connec1_-1.3622033324594_PolyDFE.input does not contain divergence counts. Using option -w.
---- No mutation variability. Using Poisson likelihood.


---- Calculating initial values

-- Starting local optimization
-- Optimizing all parameters
  it        eps_an     theta_bar           S_d             b           p_b           S_b           r 2           r 3           r 4           r 5           r 6           r 7           r 8           r 9          r 10          r 11          r 12          r 13          r 14          r 15          r 16          r 17          r 18          r 19          r 20          r 21          r 22          r 23          r 24          r 25          r 26          r 27          r 28          r 29          r 30          r 31          r 32          r 33          r 34          r 35          r 36          r 37          r 38          r 39          r 40          r 41          r 42          r 43          r 44          r 45          r 46          r 47          r 48          r 49           ln lk          grad status 
   0           0.1 0.01022607225        -20000         0.208           0.1            20 0.80242768595 0.65276342975 0.66270661157 0.72895144628 0.61441115702 0.71138946280 0.62706611570 0.48347107438 0.57205578512 0.41051136363 0.55785123966 0.58251549586 0.57670454545 0.49974173553 0.55991735537 0.55320247933 0.50903925619 0.63055268595 0.59917355371 0.64811466942 0.49715909090 0.70389979338 0.68491735537 0.90392561983 1.03744834710 0.74263946280 0.48811983471 1.16464359504 1.27066115702 0.93272210743 0.87190082644 1.14204545454 0.87370867768       1.09375 1.07386363636 1.16102789256 0.98140495867 1.41516012396 1.58574380165 1.60950413223 2.29416322314 2.45983987603 2.36931818181 3.25994318181 3.01162190082 4.15741219008 5.22520661157             1 -1880.592796316 26.9202452506   -2 
 942 0.00043093378 0.00901648717 -833.86369041 0.20297121917 0.00018396480 0.42517191228 0.75569349192 0.66177450183 0.74582043367 0.65518272154 0.65030744555 0.67226444005 0.67633671463 0.58714653354 0.53278211668 0.45103228322 0.62521949829 0.49957575577 0.53415318099 0.56779369058 0.49446472537 0.58486212819 0.40153830949 0.69221525495 0.65307109749 0.53427616832 0.51211069729 0.73417305041 0.56274722695 0.77490696067 0.85362423343 0.49902240942 0.55166396099 0.85971129300 0.97925024202 0.81519197219 0.82514804262 0.94989148705 0.76076527681 0.90891219475 1.00103025839 0.89934547419 1.08351381976 1.39343892702 1.28856814054 1.17599525574 1.53390381935 1.65058632241 1.85050724114 2.43781290284 1.93950051940 2.89347279532 3.27466011736 4.45536536961 -302.1127997190 0.00040030714   -8 
-- Local optimization: reached maximum number of likelihood evaluations allowed.
---- Best joint likelihood found -302.112799719050315 with gradient 0.00040

---- Results for RevisionsPolyDFE/connec1_-1.3622033324594_PolyDFE.input 
--  Model: C
--        eps_an     theta_bar             a 
-- 0.00043093378 0.00901648717            -1 
--           S_d             b           p_b           S_b 
-- -833.86369041 0.20297121917 0.00018396480 0.42517191228 
--           r 2           r 3           r 4           r 5           r 6           r 7           r 8           r 9          r 10          r 11          r 12          r 13          r 14          r 15          r 16          r 17          r 18          r 19          r 20          r 21          r 22          r 23          r 24          r 25          r 26          r 27          r 28          r 29          r 30          r 31          r 32          r 33          r 34          r 35          r 36          r 37          r 38          r 39          r 40          r 41          r 42          r 43          r 44          r 45          r 46          r 47          r 48          r 49 
-- 0.75569349192 0.66177450183 0.74582043367 0.65518272154 0.65030744555 0.67226444005 0.67633671463 0.58714653354 0.53278211668 0.45103228322 0.62521949829 0.49957575577 0.53415318099 0.56779369058 0.49446472537 0.58486212819 0.40153830949 0.69221525495 0.65307109749 0.53427616832 0.51211069729 0.73417305041 0.56274722695 0.77490696067 0.85362423343 0.49902240942 0.55166396099 0.85971129300 0.97925024202 0.81519197219 0.82514804262 0.94989148705 0.76076527681 0.90891219475 1.00103025839 0.89934547419 1.08351381976 1.39343892702 1.28856814054 1.17599525574 1.53390381935 1.65058632241 1.85050724114 2.43781290284 1.93950051940 2.89347279532 3.27466011736 4.45536536961 

---- Expected P_neut(i), 0 < i < n (neutral SFS per site) 
E[P_neut(1)] = 0.0090129550
E[P_neut(2)] = 0.0034056473
E[P_neut(3)] = 0.0019883425
E[P_neut(4)] = 0.0016806094
E[P_neut(5)] = 0.0011811907
E[P_neut(6)] = 0.0009769904
E[P_neut(7)] = 0.0008656994
E[P_neut(8)] = 0.0007620861
E[P_neut(9)] = 0.0005880801
E[P_neut(10)] = 0.0004803005
E[P_neut(11)] = 0.0003696819
E[P_neut(12)] = 0.0004696820
E[P_neut(13)] = 0.0003464389
E[P_neut(14)] = 0.0003439730
E[P_neut(15)] = 0.0003412541
E[P_neut(16)] = 0.0002786128
E[P_neut(17)] = 0.0003101783
E[P_neut(18)] = 0.0002011505
E[P_neut(19)] = 0.0003284527
E[P_neut(20)] = 0.0002944203
E[P_neut(21)] = 0.0002294113
E[P_neut(22)] = 0.0002098697
E[P_neut(23)] = 0.0002877592
E[P_neut(24)] = 0.0002114533
E[P_neut(25)] = 0.0002794775
E[P_neut(26)] = 0.0002959902
E[P_neut(27)] = 0.0001666977
E[P_neut(28)] = 0.0001776593
E[P_neut(29)] = 0.0002672794
E[P_neut(30)] = 0.0002943133
E[P_neut(31)] = 0.0002371416
E[P_neut(32)] = 0.0002324845
E[P_neut(33)] = 0.0002595577
E[P_neut(34)] = 0.0002017811
E[P_neut(35)] = 0.0002341946
E[P_neut(36)] = 0.0002507562
E[P_neut(37)] = 0.0002192153
E[P_neut(38)] = 0.0002571835
E[P_neut(39)] = 0.0003221724
E[P_neut(40)] = 0.0002905408
E[P_neut(41)] = 0.0002587602
E[P_neut(42)] = 0.0003294824
E[P_neut(43)] = 0.0003463284
E[P_neut(44)] = 0.0003794640
E[P_neut(45)] = 0.0004887544
E[P_neut(46)] = 0.0003807233
E[P_neut(47)] = 0.0005557022
E[P_neut(48)] = 0.0006163266
E[P_neut(49)] = 0.0008233637

---- Expected P_sel(i), 0 < i < n (selected SFS per site) 
E[P_sel(1)] = 0.0042540977
E[P_sel(2)] = 0.0013132396
E[P_sel(3)] = 0.0006943445
E[P_sel(4)] = 0.0005504724
E[P_sel(5)] = 0.0003691509
E[P_sel(6)] = 0.0002942939
E[P_sel(7)] = 0.0002530075
E[P_sel(8)] = 0.0002171027
E[P_sel(9)] = 0.0001638664
E[P_sel(10)] = 0.0001312510
E[P_sel(11)] = 0.0000992799
E[P_sel(12)] = 0.0001241766
E[P_sel(13)] = 0.0000902941
E[P_sel(14)] = 0.0000884841
E[P_sel(15)] = 0.0000867292
E[P_sel(16)] = 0.0000700176
E[P_sel(17)] = 0.0000771364
E[P_sel(18)] = 0.0000495327
E[P_sel(19)] = 0.0000801367
E[P_sel(20)] = 0.0000712076
E[P_sel(21)] = 0.0000550270
E[P_sel(22)] = 0.0000499457
E[P_sel(23)] = 0.0000679713
E[P_sel(24)] = 0.0000495911
E[P_sel(25)] = 0.0000650978
E[P_sel(26)] = 0.0000684936
E[P_sel(27)] = 0.0000383332
E[P_sel(28)] = 0.0000406073
E[P_sel(29)] = 0.0000607364
E[P_sel(30)] = 0.0000665052
E[P_sel(31)] = 0.0000532971
E[P_sel(32)] = 0.0000519761
E[P_sel(33)] = 0.0000577360
E[P_sel(34)] = 0.0000446645
E[P_sel(35)] = 0.0000515930
E[P_sel(36)] = 0.0000549863
E[P_sel(37)] = 0.0000478552
E[P_sel(38)] = 0.0000559003
E[P_sel(39)] = 0.0000697243
E[P_sel(40)] = 0.0000626223
E[P_sel(41)] = 0.0000555525
E[P_sel(42)] = 0.0000704595
E[P_sel(43)] = 0.0000737821
E[P_sel(44)] = 0.0000805426
E[P_sel(45)] = 0.0001033621
E[P_sel(46)] = 0.0000802711
E[P_sel(47)] = 0.0001167479
E[P_sel(48)] = 0.0001291662
E[P_sel(49)] = 0.0001726538

---- alpha_dfe = 0.001103

