---- Running command
---- ./polyDFE -d RevisionsPolyDFE/connec5_-0.503779481448729_PolyDFE.input -m C -i /home/jejames/ArabidopsisCrossGenome/model.txt 1 -e 
---- Performing inference using model C

---- Performing inference on RevisionsPolyDFE/connec5_-0.503779481448729_PolyDFE.input
----      with -i /home/jejames/ArabidopsisCrossGenome/model.txt 1
---- Data RevisionsPolyDFE/connec5_-0.503779481448729_PolyDFE.input does not contain divergence counts. Using option -w.
---- No mutation variability. Using Poisson likelihood.


---- Calculating initial values

-- Starting local optimization
-- Optimizing all parameters
  it        eps_an     theta_bar           S_d             b           p_b           S_b           r 2           r 3           r 4           r 5           r 6           r 7           r 8           r 9          r 10          r 11          r 12          r 13          r 14          r 15          r 16          r 17          r 18          r 19          r 20          r 21          r 22          r 23          r 24          r 25          r 26          r 27          r 28          r 29          r 30          r 31          r 32          r 33          r 34          r 35          r 36          r 37          r 38          r 39          r 40          r 41          r 42          r 43          r 44          r 45          r 46          r 47          r 48          r 49           ln lk          grad status 
   0           0.1 0.01025503334        -30000         0.208           0.1            20 0.76983196561 0.67721766314 0.63305978898 0.60505405757 0.59867135599 0.66927185098 0.43767096522 0.62016412661 0.59919239286 0.63761886153 0.65963266901 0.69089488081 0.54526507750 0.70730754200 0.52312101081 0.61781946072 0.65181711606 0.93057183795 0.75289826755 0.81242672919 0.73361990360 0.72502279536 0.69714732317 0.84668490295 0.56558551517 0.62602579132 0.81698580174 0.72906083105 0.78546307151 1.38908427771 1.09209326559 1.16490816725 1.14706265468 1.35860362120 1.36459554513 1.11814510876 1.37605835612 2.05744431418 1.97994008076 1.50071642568 1.86010160218 2.05001953888 1.91428943597 2.58499413833 2.72632538752 4.38960531457 5.22078937084             1 -1926.340824986 25.7243085470   -2 
 407 0.00571875696 0.00883113018 -411.44854016 0.25129846926 0.00008983913 0.44129239075 0.79851709084 0.75261209212 0.66465442647 0.65125908332 0.67114770648 0.70409504939 0.54388199926 0.66175576700 0.55660744376 0.54943956644 0.59194915722 0.67817307783 0.50389671853 0.65173358747 0.55544903335 0.60456106730 0.65496428517 0.69523205797 0.83496100493 0.84193906331 0.65355263555 0.72972770079 0.64435235061 0.78291929194 0.58786010986 0.62913701595 0.70858717613 0.71603468166 0.68509273190 0.85099145120 0.90154168221 0.91127070130 1.05188958352 0.87922963953 1.02568788442 0.95593095944 1.20917137493 1.37266102875 1.38305768452 1.41443874285 1.62060323050 1.56752147704 1.86420282505 1.78702215233 2.21195840936 3.42459894251 3.40061321515 5.03155938013 -307.3993036170 0.00031603315   -8 
-- Local optimization: reached maximum number of likelihood evaluations allowed.
---- Best joint likelihood found -307.399303617093551 with gradient 0.00032

---- Results for RevisionsPolyDFE/connec5_-0.503779481448729_PolyDFE.input 
--  Model: C
--        eps_an     theta_bar             a 
-- 0.00571875696 0.00883113018            -1 
--           S_d             b           p_b           S_b 
-- -411.44854016 0.25129846926 0.00008983913 0.44129239075 
--           r 2           r 3           r 4           r 5           r 6           r 7           r 8           r 9          r 10          r 11          r 12          r 13          r 14          r 15          r 16          r 17          r 18          r 19          r 20          r 21          r 22          r 23          r 24          r 25          r 26          r 27          r 28          r 29          r 30          r 31          r 32          r 33          r 34          r 35          r 36          r 37          r 38          r 39          r 40          r 41          r 42          r 43          r 44          r 45          r 46          r 47          r 48          r 49 
-- 0.79851709084 0.75261209212 0.66465442647 0.65125908332 0.67114770648 0.70409504939 0.54388199926 0.66175576700 0.55660744376 0.54943956644 0.59194915722 0.67817307783 0.50389671853 0.65173358747 0.55544903335 0.60456106730 0.65496428517 0.69523205797 0.83496100493 0.84193906331 0.65355263555 0.72972770079 0.64435235061 0.78291929194 0.58786010986 0.62913701595 0.70858717613 0.71603468166 0.68509273190 0.85099145120 0.90154168221 0.91127070130 1.05188958352 0.87922963953 1.02568788442 0.95593095944 1.20917137493 1.37266102875 1.38305768452 1.41443874285 1.62060323050 1.56752147704 1.86420282505 1.78702215233 2.21195840936 3.42459894251 3.40061321515 5.03155938013 

---- Expected P_neut(i), 0 < i < n (neutral SFS per site) 
E[P_neut(1)] = 0.0087858130
E[P_neut(2)] = 0.0035093184
E[P_neut(3)] = 0.0022064819
E[P_neut(4)] = 0.0014614492
E[P_neut(5)] = 0.0011456982
E[P_neut(6)] = 0.0009843227
E[P_neut(7)] = 0.0008850405
E[P_neut(8)] = 0.0005989018
E[P_neut(9)] = 0.0006473679
E[P_neut(10)] = 0.0004904825
E[P_neut(11)] = 0.0004403615
E[P_neut(12)] = 0.0004347474
E[P_neut(13)] = 0.0004593652
E[P_neut(14)] = 0.0003174767
E[P_neut(15)] = 0.0003827773
E[P_neut(16)] = 0.0003063869
E[P_neut(17)] = 0.0003136549
E[P_neut(18)] = 0.0003209227
E[P_neut(19)] = 0.0003226797
E[P_neut(20)] = 0.0003677274
E[P_neut(21)] = 0.0003532828
E[P_neut(22)] = 0.0002621236
E[P_neut(23)] = 0.0002797623
E[P_neut(24)] = 0.0002368843
E[P_neut(25)] = 0.0002765625
E[P_neut(26)] = 0.0001998859
E[P_neut(27)] = 0.0002062030
E[P_neut(28)] = 0.0002237089
E[P_neut(29)] = 0.0002188259
E[P_neut(30)] = 0.0002026265
E[P_neut(31)] = 0.0002428879
E[P_neut(32)] = 0.0002492158
E[P_neut(33)] = 0.0002442666
E[P_neut(34)] = 0.0002734077
E[P_neut(35)] = 0.0002227711
E[P_neut(36)] = 0.0002519895
E[P_neut(37)] = 0.0002294906
E[P_neut(38)] = 0.0002818935
E[P_neut(39)] = 0.0003115694
E[P_neut(40)] = 0.0003064139
E[P_neut(41)] = 0.0003066319
E[P_neut(42)] = 0.0003422409
E[P_neut(43)] = 0.0003251687
E[P_neut(44)] = 0.0003776689
E[P_neut(45)] = 0.0003552709
E[P_neut(46)] = 0.0004306175
E[P_neut(47)] = 0.0006524597
E[P_neut(48)] = 0.0006422371
E[P_neut(49)] = 0.0009521408

---- Expected P_sel(i), 0 < i < n (selected SFS per site) 
E[P_sel(1)] = 0.0043041732
E[P_sel(2)] = 0.0013543868
E[P_sel(3)] = 0.0007536703
E[P_sel(4)] = 0.0004611631
E[P_sel(5)] = 0.0003411033
E[P_sel(6)] = 0.0002799417
E[P_sel(7)] = 0.0002424650
E[P_sel(8)] = 0.0001589048
E[P_sel(9)] = 0.0001671539
E[P_sel(10)] = 0.0001236036
E[P_sel(11)] = 0.0001086036
E[P_sel(12)] = 0.0001051716
E[P_sel(13)] = 0.0001092044
E[P_sel(14)] = 0.0000742398
E[P_sel(15)] = 0.0000882031
E[P_sel(16)] = 0.0000696108
E[P_sel(17)] = 0.0000703545
E[P_sel(18)] = 0.0000711191
E[P_sel(19)] = 0.0000707001
E[P_sel(20)] = 0.0000797166
E[P_sel(21)] = 0.0000758068
E[P_sel(22)] = 0.0000557011
E[P_sel(23)] = 0.0000589072
E[P_sel(24)] = 0.0000494427
E[P_sel(25)] = 0.0000572430
E[P_sel(26)] = 0.0000410434
E[P_sel(27)] = 0.0000420189
E[P_sel(28)] = 0.0000452503
E[P_sel(29)] = 0.0000439582
E[P_sel(30)] = 0.0000404336
E[P_sel(31)] = 0.0000481391
E[P_sel(32)] = 0.0000490804
E[P_sel(33)] = 0.0000478122
E[P_sel(34)] = 0.0000531923
E[P_sel(35)] = 0.0000431212
E[P_sel(36)] = 0.0000484828
E[P_sel(37)] = 0.0000439637
E[P_sel(38)] = 0.0000536905
E[P_sel(39)] = 0.0000590346
E[P_sel(40)] = 0.0000577987
E[P_sel(41)] = 0.0000576368
E[P_sel(42)] = 0.0000639962
E[P_sel(43)] = 0.0000607090
E[P_sel(44)] = 0.0000702284
E[P_sel(45)] = 0.0000659866
E[P_sel(46)] = 0.0000798357
E[P_sel(47)] = 0.0001207829
E[P_sel(48)] = 0.0001205338
E[P_sel(49)] = 0.0001874901

---- alpha_dfe = 0.000628

