---- Running command
---- ./polyDFE -d RevisionsPolyDFE/connec18_0.719875824365329_PolyDFE.input -m C -i /home/jejames/ArabidopsisCrossGenome/model.txt 1 -e 
---- Performing inference using model C

---- Performing inference on RevisionsPolyDFE/connec18_0.719875824365329_PolyDFE.input
----      with -i /home/jejames/ArabidopsisCrossGenome/model.txt 1
---- Data RevisionsPolyDFE/connec18_0.719875824365329_PolyDFE.input does not contain divergence counts. Using option -w.
---- No mutation variability. Using Poisson likelihood.


---- Calculating initial values

-- Starting local optimization
-- Optimizing all parameters
  it        eps_an     theta_bar           S_d             b           p_b           S_b           r 2           r 3           r 4           r 5           r 6           r 7           r 8           r 9          r 10          r 11          r 12          r 13          r 14          r 15          r 16          r 17          r 18          r 19          r 20          r 21          r 22          r 23          r 24          r 25          r 26          r 27          r 28          r 29          r 30          r 31          r 32          r 33          r 34          r 35          r 36          r 37          r 38          r 39          r 40          r 41          r 42          r 43          r 44          r 45          r 46          r 47          r 48          r 49           ln lk          grad status 
   0           0.1 0.00940738182        -70000         0.208           0.1            20 0.77261998426 0.75059008654 0.70810385523 0.70613690007 0.72383949645 0.56176239181 0.65879884605 0.66443745082 0.54943613952 0.54812483608 0.58851298190 0.62562286913 0.65171780750 0.52321007081 0.51193286126 0.49042748492 0.54051927616 0.57802255441 0.42748492001 0.43509047993 0.56543404143 0.76907946498 0.69236821400 0.75399947547 0.75006556517 0.76121164437 0.60215053763 0.53999475478 0.73564122738 0.68292682926 0.92735378966 0.95200629425 0.87385260949 0.70679255179 1.10936270653 1.27602937319 1.22580645161 1.53422501966 1.73616574875 1.86559139784 2.04878048780 2.63886703383 3.00026226068 3.38119590873 3.80015735641 4.26488329399 6.25649095200             1 -2252.655140346 30.5163737558   -2 
 684 0.00012658426 0.00811060661 -433.42110907 0.28698509748 0.00014264549 0.37281984311 0.82291469736 0.76587357847 0.72544558821 0.71517572697 0.66701319735 0.61747632105 0.67069598289 0.58997943607 0.54031546666 0.66375741159 0.54888613415 0.65874939823 0.59788086809 0.62615801130 0.57818998594 0.38233598212 0.55118744140 0.47074658302 0.52520108886 0.65385451218 0.58358922062 0.56578582123 0.67535814623 0.53413704877 0.70165383613 0.67516115595 0.58557540574 0.50714385662 0.63170997172 0.56755131285 0.83633165592 0.67801349886 0.79715397696 0.57343879649 0.90009455511 0.95397699764 1.20059587203 1.09473910955 1.58737974823 1.63075123781 1.49147439152 2.15509286330 2.49804974886 3.15079393289 2.85709632497 2.99310117385 3.87148544225 4.16783727218 -292.8738479471 0.00032190698   -8 
-- Local optimization: reached maximum number of likelihood evaluations allowed.
---- Best joint likelihood found -292.873847947132276 with gradient 0.00032

---- Results for RevisionsPolyDFE/connec18_0.719875824365329_PolyDFE.input 
--  Model: C
--        eps_an     theta_bar             a 
-- 0.00012658426 0.00811060661            -1 
--           S_d             b           p_b           S_b 
-- -433.42110907 0.28698509748 0.00014264549 0.37281984311 
--           r 2           r 3           r 4           r 5           r 6           r 7           r 8           r 9          r 10          r 11          r 12          r 13          r 14          r 15          r 16          r 17          r 18          r 19          r 20          r 21          r 22          r 23          r 24          r 25          r 26          r 27          r 28          r 29          r 30          r 31          r 32          r 33          r 34          r 35          r 36          r 37          r 38          r 39          r 40          r 41          r 42          r 43          r 44          r 45          r 46          r 47          r 48          r 49 
-- 0.82291469736 0.76587357847 0.72544558821 0.71517572697 0.66701319735 0.61747632105 0.67069598289 0.58997943607 0.54031546666 0.66375741159 0.54888613415 0.65874939823 0.59788086809 0.62615801130 0.57818998594 0.38233598212 0.55118744140 0.47074658302 0.52520108886 0.65385451218 0.58358922062 0.56578582123 0.67535814623 0.53413704877 0.70165383613 0.67516115595 0.58557540574 0.50714385662 0.63170997172 0.56755131285 0.83633165592 0.67801349886 0.79715397696 0.57343879649 0.90009455511 0.95397699764 1.20059587203 1.09473910955 1.58737974823 1.63075123781 1.49147439152 2.15509286330 2.49804974886 3.15079393289 2.85709632497 2.99310117385 3.87148544225 4.16783727218 

---- Expected P_neut(i), 0 < i < n (neutral SFS per site) 
E[P_neut(1)] = 0.0081096673
E[P_neut(2)] = 0.0033368291
E[P_neut(3)] = 0.0020703697
E[P_neut(4)] = 0.0014708285
E[P_neut(5)] = 0.0011600268
E[P_neut(6)] = 0.0009015911
E[P_neut(7)] = 0.0007154048
E[P_neut(8)] = 0.0006799193
E[P_neut(9)] = 0.0005316503
E[P_neut(10)] = 0.0004382139
E[P_neut(11)] = 0.0004893737
E[P_neut(12)] = 0.0003709688
E[P_neut(13)] = 0.0004109635
E[P_neut(14)] = 0.0003463516
E[P_neut(15)] = 0.0003385421
E[P_neut(16)] = 0.0002930789
E[P_neut(17)] = 0.0001824084
E[P_neut(18)] = 0.0002483545
E[P_neut(19)] = 0.0002009429
E[P_neut(20)] = 0.0002129796
E[P_neut(21)] = 0.0002525173
E[P_neut(22)] = 0.0002151425
E[P_neut(23)] = 0.0001995163
E[P_neut(24)] = 0.0002282307
E[P_neut(25)] = 0.0001732870
E[P_neut(26)] = 0.0002188796
E[P_neut(27)] = 0.0002028132
E[P_neut(28)] = 0.0001696262
E[P_neut(29)] = 0.0001418500
E[P_neut(30)] = 0.0001707904
E[P_neut(31)] = 0.0001484965
E[P_neut(32)] = 0.0002119783
E[P_neut(33)] = 0.0001666414
E[P_neut(34)] = 0.0001901719
E[P_neut(35)] = 0.0001329099
E[P_neut(36)] = 0.0002028046
E[P_neut(37)] = 0.0002091426
E[P_neut(38)] = 0.0002562661
E[P_neut(39)] = 0.0002276998
E[P_neut(40)] = 0.0003218800
E[P_neut(41)] = 0.0003226211
E[P_neut(42)] = 0.0002880678
E[P_neut(43)] = 0.0004065300
E[P_neut(44)] = 0.0004605263
E[P_neut(45)] = 0.0005679605
E[P_neut(46)] = 0.0005038786
E[P_neut(47)] = 0.0005167045
E[P_neut(48)] = 0.0006545083
E[P_neut(49)] = 0.0006908105

---- Expected P_sel(i), 0 < i < n (selected SFS per site) 
E[P_sel(1)] = 0.0036852013
E[P_sel(2)] = 0.0011536683
E[P_sel(3)] = 0.0006221705
E[P_sel(4)] = 0.0004035015
E[P_sel(5)] = 0.0002976779
E[P_sel(6)] = 0.0002195478
E[P_sel(7)] = 0.0001668814
E[P_sel(8)] = 0.0001529462
E[P_sel(9)] = 0.0001158944
E[P_sel(10)] = 0.0000929224
E[P_sel(11)] = 0.0001012460
E[P_sel(12)] = 0.0000750624
E[P_sel(13)] = 0.0000814911
E[P_sel(14)] = 0.0000674173
E[P_sel(15)] = 0.0000647792
E[P_sel(16)] = 0.0000551956
E[P_sel(17)] = 0.0000338474
E[P_sel(18)] = 0.0000454486
E[P_sel(19)] = 0.0000362950
E[P_sel(20)] = 0.0000379975
E[P_sel(21)] = 0.0000445284
E[P_sel(22)] = 0.0000375193
E[P_sel(23)] = 0.0000344288
E[P_sel(24)] = 0.0000389891
E[P_sel(25)] = 0.0000293192
E[P_sel(26)] = 0.0000366932
E[P_sel(27)] = 0.0000337001
E[P_sel(28)] = 0.0000279468
E[P_sel(29)] = 0.0000231800
E[P_sel(30)] = 0.0000276894
E[P_sel(31)] = 0.0000238922
E[P_sel(32)] = 0.0000338554
E[P_sel(33)] = 0.0000264254
E[P_sel(34)] = 0.0000299494
E[P_sel(35)] = 0.0000207923
E[P_sel(36)] = 0.0000315202
E[P_sel(37)] = 0.0000323009
E[P_sel(38)] = 0.0000393359
E[P_sel(39)] = 0.0000347439
E[P_sel(40)] = 0.0000488279
E[P_sel(41)] = 0.0000486644
E[P_sel(42)] = 0.0000432149
E[P_sel(43)] = 0.0000606560
E[P_sel(44)] = 0.0000683532
E[P_sel(45)] = 0.0000838683
E[P_sel(46)] = 0.0000740412
E[P_sel(47)] = 0.0000755687
E[P_sel(48)] = 0.0000952957
E[P_sel(49)] = 0.0001003364

---- alpha_dfe = 0.001202

