---- Running command
---- ./polyDFE -d RevisionsPolyDFE/connec12_0.181392202110893_PolyDFE.input -m C -i /home/jejames/ArabidopsisCrossGenome/model.txt 1 -e 
---- Performing inference using model C

---- Performing inference on RevisionsPolyDFE/connec12_0.181392202110893_PolyDFE.input
----      with -i /home/jejames/ArabidopsisCrossGenome/model.txt 1
---- Data RevisionsPolyDFE/connec12_0.181392202110893_PolyDFE.input does not contain divergence counts. Using option -w.
---- No mutation variability. Using Poisson likelihood.


---- Calculating initial values

-- Starting local optimization
-- Optimizing all parameters
  it        eps_an     theta_bar           S_d             b           p_b           S_b           r 2           r 3           r 4           r 5           r 6           r 7           r 8           r 9          r 10          r 11          r 12          r 13          r 14          r 15          r 16          r 17          r 18          r 19          r 20          r 21          r 22          r 23          r 24          r 25          r 26          r 27          r 28          r 29          r 30          r 31          r 32          r 33          r 34          r 35          r 36          r 37          r 38          r 39          r 40          r 41          r 42          r 43          r 44          r 45          r 46          r 47          r 48          r 49           ln lk          grad status 
   0           0.1 0.00885691326        -50000         0.208           0.1            20 0.77856535299 0.76084491068 0.74454210377 0.71023532747 0.66940742840 0.72242699177 0.57045647859 0.79486815990 0.67337680748 0.78437765806 0.50864757584 0.72979869577 0.77601360929 0.51672809753 0.65097816841 0.76396370853 0.64048766657 0.93734051601 0.80805216898 0.88715622341 0.72667989793 1.05316132690 1.08874397504 1.34675361497 1.17947263963 1.02197334845 1.33768074851 1.48823362631 1.04196200737 1.10745676212 1.17493620640 1.37071165296 1.26764956053 0.92784235894 1.21973348454 1.90927133541 1.56762120782 1.58675928551 1.55939892259 1.90062375956 1.70881769208 2.87723277573 2.76325489084 3.43209526509 2.45846328324 4.40416784802 5.40289197618             1 -2072.916077697 27.6383593600   -2 
 703 0.01303415242 0.00763086345 -291.79430861 0.30384603209 0.00006985703 0.45010782065 0.82754279921 0.81773290696 0.76586043057 0.72159978365 0.71004400031 0.70979523073 0.66801176224 0.87131908972 0.74131826780 0.69097172813 0.63008947504 0.78844336582 0.73144653598 0.66421836279 0.72348683643 0.65210110197 0.68253462517 0.83587657860 0.89931122887 0.80896412295 0.72102958096 0.82683027242 0.95742695836 1.12918529215 0.86774115436 0.98783955940 1.11458060029 1.06813369249 0.96809407589 0.93298381260 1.01800973865 1.07879092406 1.13713782590 0.82054611420 1.03882267703 1.47125953728 1.48806719225 1.34197492648 1.24611315284 1.26765807411 1.70257641310 2.21658166990 2.22178810537 2.40364766975 1.77703573719 3.06418395047 2.91732519429 3.77033457522 -301.3378539626 0.00008632495    0 
---- Best joint likelihood found -301.337853962606573 with gradient 0.00009

---- Results for RevisionsPolyDFE/connec12_0.181392202110893_PolyDFE.input 
--  Model: C
--        eps_an     theta_bar             a 
-- 0.01303415242 0.00763086345            -1 
--           S_d             b           p_b           S_b 
-- -291.79430861 0.30384603209 0.00006985703 0.45010782065 
--           r 2           r 3           r 4           r 5           r 6           r 7           r 8           r 9          r 10          r 11          r 12          r 13          r 14          r 15          r 16          r 17          r 18          r 19          r 20          r 21          r 22          r 23          r 24          r 25          r 26          r 27          r 28          r 29          r 30          r 31          r 32          r 33          r 34          r 35          r 36          r 37          r 38          r 39          r 40          r 41          r 42          r 43          r 44          r 45          r 46          r 47          r 48          r 49 
-- 0.82754279921 0.81773290696 0.76586043057 0.72159978365 0.71004400031 0.70979523073 0.66801176224 0.87131908972 0.74131826780 0.69097172813 0.63008947504 0.78844336582 0.73144653598 0.66421836279 0.72348683643 0.65210110197 0.68253462517 0.83587657860 0.89931122887 0.80896412295 0.72102958096 0.82683027242 0.95742695836 1.12918529215 0.86774115436 0.98783955940 1.11458060029 1.06813369249 0.96809407589 0.93298381260 1.01800973865 1.07879092406 1.13713782590 0.82054611420 1.03882267703 1.47125953728 1.48806719225 1.34197492648 1.24611315284 1.26765807411 1.70257641310 2.21658166990 2.22178810537 2.40364766975 1.77703573719 3.06418395047 2.91732519429 3.77033457522 

---- Expected P_neut(i), 0 < i < n (neutral SFS per site) 
E[P_neut(1)] = 0.0075390548
E[P_neut(2)] = 0.0031223236
E[P_neut(3)] = 0.0020593761
E[P_neut(4)] = 0.0014458430
E[P_neut(5)] = 0.0010922442
E[P_neut(6)] = 0.0008962934
E[P_neut(7)] = 0.0007688061
E[P_neut(8)] = 0.0006329150
E[P_neut(9)] = 0.0007322145
E[P_neut(10)] = 0.0005614151
E[P_neut(11)] = 0.0004765120
E[P_neut(12)] = 0.0003993496
E[P_neut(13)] = 0.0004607306
E[P_neut(14)] = 0.0003963571
E[P_neut(15)] = 0.0003358315
E[P_neut(16)] = 0.0003438809
E[P_neut(17)] = 0.0002921477
E[P_neut(18)] = 0.0002887443
E[P_neut(19)] = 0.0003343262
E[P_neut(20)] = 0.0003418633
E[P_neut(21)] = 0.0002937888
E[P_neut(22)] = 0.0002507939
E[P_neut(23)] = 0.0002743864
E[P_neut(24)] = 0.0003037681
E[P_neut(25)] = 0.0003446664
E[P_neut(26)] = 0.0002553258
E[P_neut(27)] = 0.0002791243
E[P_neut(28)] = 0.0003030581
E[P_neut(29)] = 0.0002812295
E[P_neut(30)] = 0.0002475092
E[P_neut(31)] = 0.0002310426
E[P_neut(32)] = 0.0002433665
E[P_neut(33)] = 0.0002500215
E[P_neut(34)] = 0.0002563869
E[P_neut(35)] = 0.0001809718
E[P_neut(36)] = 0.0002225240
E[P_neut(37)] = 0.0003055092
E[P_neut(38)] = 0.0003001496
E[P_neut(39)] = 0.0002654004
E[P_neut(40)] = 0.0002419978
E[P_neut(41)] = 0.0002424888
E[P_neut(42)] = 0.0003136097
E[P_neut(43)] = 0.0003983171
E[P_neut(44)] = 0.0003920699
E[P_neut(45)] = 0.0004166396
E[P_neut(46)] = 0.0003099906
E[P_neut(47)] = 0.0005181238
E[P_neut(48)] = 0.0004988950
E[P_neut(49)] = 0.0006789701

---- Expected P_sel(i), 0 < i < n (selected SFS per site) 
E[P_sel(1)] = 0.0036774344
E[P_sel(2)] = 0.0011560929
E[P_sel(3)] = 0.0006586001
E[P_sel(4)] = 0.0004203288
E[P_sel(5)] = 0.0002956893
E[P_sel(6)] = 0.0002295513
E[P_sel(7)] = 0.0001881168
E[P_sel(8)] = 0.0001490746
E[P_sel(9)] = 0.0001669734
E[P_sel(10)] = 0.0001243008
E[P_sel(11)] = 0.0001027542
E[P_sel(12)] = 0.0000840730
E[P_sel(13)] = 0.0000949880
E[P_sel(14)] = 0.0000801659
E[P_sel(15)] = 0.0000667188
E[P_sel(16)] = 0.0000671566
E[P_sel(17)] = 0.0000561637
E[P_sel(18)] = 0.0000547125
E[P_sel(19)] = 0.0000625072
E[P_sel(20)] = 0.0000630957
E[P_sel(21)] = 0.0000535538
E[P_sel(22)] = 0.0000451852
E[P_sel(23)] = 0.0000489064
E[P_sel(24)] = 0.0000535858
E[P_sel(25)] = 0.0000601971
E[P_sel(26)] = 0.0000441742
E[P_sel(27)] = 0.0000478514
E[P_sel(28)] = 0.0000514962
E[P_sel(29)] = 0.0000473971
E[P_sel(30)] = 0.0000413992
E[P_sel(31)] = 0.0000383551
E[P_sel(32)] = 0.0000400845
E[P_sel(33)] = 0.0000408857
E[P_sel(34)] = 0.0000416584
E[P_sel(35)] = 0.0000292589
E[P_sel(36)] = 0.0000357479
E[P_sel(37)] = 0.0000487376
E[P_sel(38)] = 0.0000475691
E[P_sel(39)] = 0.0000419230
E[P_sel(40)] = 0.0000381425
E[P_sel(41)] = 0.0000382147
E[P_sel(42)] = 0.0000489057
E[P_sel(43)] = 0.0000618304
E[P_sel(44)] = 0.0000608416
E[P_sel(45)] = 0.0000647248
E[P_sel(46)] = 0.0000493043
E[P_sel(47)] = 0.0000821536
E[P_sel(48)] = 0.0000833977
E[P_sel(49)] = 0.0001343896

---- alpha_dfe = 0.000599

