---- Running command
---- ./polyDFE -d RevisionsPolyDFE/connec20_1.17646418610722_PolyDFE.input -m C -i /home/jejames/ArabidopsisCrossGenome/model.txt 1 -e 
---- Performing inference using model C

---- Performing inference on RevisionsPolyDFE/connec20_1.17646418610722_PolyDFE.input
----      with -i /home/jejames/ArabidopsisCrossGenome/model.txt 1
---- Data RevisionsPolyDFE/connec20_1.17646418610722_PolyDFE.input does not contain divergence counts. Using option -w.
---- No mutation variability. Using Poisson likelihood.


---- Calculating initial values

-- Starting local optimization
-- Optimizing all parameters
  it        eps_an     theta_bar           S_d             b           p_b           S_b           r 2           r 3           r 4           r 5           r 6           r 7           r 8           r 9          r 10          r 11          r 12          r 13          r 14          r 15          r 16          r 17          r 18          r 19          r 20          r 21          r 22          r 23          r 24          r 25          r 26          r 27          r 28          r 29          r 30          r 31          r 32          r 33          r 34          r 35          r 36          r 37          r 38          r 39          r 40          r 41          r 42          r 43          r 44          r 45          r 46          r 47          r 48          r 49           ln lk          grad status 
   0           0.1 0.00889266603        -80000         0.208           0.1            20 0.96563159481 0.88769972867 0.90443171540 0.77931866144 0.75248718721 0.84835694905 0.64636719927 0.77735905939 0.76123002713 0.49577931866 0.66385287910 0.86026529996 0.75972264094 0.69641242086 0.51854085016 0.76364184504 0.74344287006 0.94799517636 0.95869761832 0.91166716912 0.62013867952 0.78007235453 1.01296352125 1.01748567983 1.09737714802 0.75293940307 1.02562556526 1.18902622851 1.00391920410 1.58411214953 1.09014169430 1.40277359059 0.89689478444 1.11848055471 1.08531805848 1.95764244799 1.04823635815 1.24042809767 1.83901115465 2.20636116973 2.68435333132 2.82604763340 2.44075972264 3.43231835996 3.74434730177 5.00889357853 6.56255652698             1 -2404.989044923 32.8208930842   -2 
 814 0.00534989160 0.00804355100 -255.60918941 0.37296895408 0.00018298517 0.82932175395 0.89483092514 0.82609147664 0.88706429181 0.83514045861 0.77277153798 0.76003298590 0.66008037596 0.75710733618 0.74448781895 0.50131392158 0.67273502899 0.71577893395 0.69297386724 0.62026039141 0.54092371364 0.60594146415 0.61728324793 0.71646320855 0.84118441718 0.71719379771 0.66474622434 0.68012519286 0.85260392281 0.80853466501 0.75711228051 0.79040719171 0.94110650121 0.83051775013 0.96292775987 1.26428307191 1.06312827766 0.98652056264 0.98999009338 0.93013132438 1.01983776143 1.50133130461 0.71671411598 1.31887269100 1.48971240648 1.78035173418 2.05109382433 2.13475324261 1.86888707693 2.62101016665 2.86333052297 3.16794468071 4.00301730046 4.36729285344 -287.0852828616 0.00008954821    0 
---- Best joint likelihood found -287.085282861615610 with gradient 0.00009

---- Results for RevisionsPolyDFE/connec20_1.17646418610722_PolyDFE.input 
--  Model: C
--        eps_an     theta_bar             a 
-- 0.00534989160 0.00804355100            -1 
--           S_d             b           p_b           S_b 
-- -255.60918941 0.37296895408 0.00018298517 0.82932175395 
--           r 2           r 3           r 4           r 5           r 6           r 7           r 8           r 9          r 10          r 11          r 12          r 13          r 14          r 15          r 16          r 17          r 18          r 19          r 20          r 21          r 22          r 23          r 24          r 25          r 26          r 27          r 28          r 29          r 30          r 31          r 32          r 33          r 34          r 35          r 36          r 37          r 38          r 39          r 40          r 41          r 42          r 43          r 44          r 45          r 46          r 47          r 48          r 49 
-- 0.89483092514 0.82609147664 0.88706429181 0.83514045861 0.77277153798 0.76003298590 0.66008037596 0.75710733618 0.74448781895 0.50131392158 0.67273502899 0.71577893395 0.69297386724 0.62026039141 0.54092371364 0.60594146415 0.61728324793 0.71646320855 0.84118441718 0.71719379771 0.66474622434 0.68012519286 0.85260392281 0.80853466501 0.75711228051 0.79040719171 0.94110650121 0.83051775013 0.96292775987 1.26428307191 1.06312827766 0.98652056264 0.98999009338 0.93013132438 1.01983776143 1.50133130461 0.71671411598 1.31887269100 1.48971240648 1.78035173418 2.05109382433 2.13475324261 1.86888707693 2.62101016665 2.86333052297 3.16794468071 4.00301730046 4.36729285344 

---- Expected P_neut(i), 0 < i < n (neutral SFS per site) 
E[P_neut(1)] = 0.0080043543
E[P_neut(2)] = 0.0035831446
E[P_neut(3)] = 0.0022059540
E[P_neut(4)] = 0.0017769222
E[P_neut(5)] = 0.0013388178
E[P_neut(6)] = 0.0010322567
E[P_neut(7)] = 0.0008708018
E[P_neut(8)] = 0.0006622247
E[P_neut(9)] = 0.0006748965
E[P_neut(10)] = 0.0005972315
E[P_neut(11)] = 0.0003660708
E[P_neut(12)] = 0.0004493307
E[P_neut(13)] = 0.0004422540
E[P_neut(14)] = 0.0003972298
E[P_neut(15)] = 0.0003319706
E[P_neut(16)] = 0.0002717324
E[P_neut(17)] = 0.0002864538
E[P_neut(18)] = 0.0002757956
E[P_neut(19)] = 0.0003034433
E[P_neut(20)] = 0.0003378768
E[P_neut(21)] = 0.0002744668
E[P_neut(22)] = 0.0002431879
E[P_neut(23)] = 0.0002378404
E[P_neut(24)] = 0.0002854728
E[P_neut(25)] = 0.0002601396
E[P_neut(26)] = 0.0002345015
E[P_neut(27)] = 0.0002354824
E[P_neut(28)] = 0.0002702053
E[P_neut(29)] = 0.0002305928
E[P_neut(30)] = 0.0002586073
E[P_neut(31)] = 0.0003279104
E[P_neut(32)] = 0.0002672750
E[P_neut(33)] = 0.0002407058
E[P_neut(34)] = 0.0002344088
E[P_neut(35)] = 0.0002143946
E[P_neut(36)] = 0.0002287753
E[P_neut(37)] = 0.0003270026
E[P_neut(38)] = 0.0001533094
E[P_neut(39)] = 0.0002725167
E[P_neut(40)] = 0.0003011655
E[P_neut(41)] = 0.0003510282
E[P_neut(42)] = 0.0003942605
E[P_neut(43)] = 0.0004018614
E[P_neut(44)] = 0.0003453620
E[P_neut(45)] = 0.0004731752
E[P_neut(46)] = 0.0005075459
E[P_neut(47)] = 0.0005511091
E[P_neut(48)] = 0.0006864661
E[P_neut(49)] = 0.0007561058

---- Expected P_sel(i), 0 < i < n (selected SFS per site) 
E[P_sel(1)] = 0.0037090261
E[P_sel(2)] = 0.0011976043
E[P_sel(3)] = 0.0006168120
E[P_sel(4)] = 0.0004416444
E[P_sel(5)] = 0.0003050872
E[P_sel(6)] = 0.0002197594
E[P_sel(7)] = 0.0001752645
E[P_sel(8)] = 0.0001271032
E[P_sel(9)] = 0.0001243794
E[P_sel(10)] = 0.0001061926
E[P_sel(11)] = 0.0000630163
E[P_sel(12)] = 0.0000752044
E[P_sel(13)] = 0.0000720622
E[P_sel(14)] = 0.0000632066
E[P_sel(15)] = 0.0000516618
E[P_sel(16)] = 0.0000414183
E[P_sel(17)] = 0.0000428367
E[P_sel(18)] = 0.0000405068
E[P_sel(19)] = 0.0000438212
E[P_sel(20)] = 0.0000480368
E[P_sel(21)] = 0.0000384385
E[P_sel(22)] = 0.0000335730
E[P_sel(23)] = 0.0000323952
E[P_sel(24)] = 0.0000383859
E[P_sel(25)] = 0.0000345508
E[P_sel(26)] = 0.0000307818
E[P_sel(27)] = 0.0000305627
E[P_sel(28)] = 0.0000346897
E[P_sel(29)] = 0.0000293015
E[P_sel(30)] = 0.0000325369
E[P_sel(31)] = 0.0000408478
E[P_sel(32)] = 0.0000329885
E[P_sel(33)] = 0.0000294485
E[P_sel(34)] = 0.0000284292
E[P_sel(35)] = 0.0000258006
E[P_sel(36)] = 0.0000273202
E[P_sel(37)] = 0.0000387198
E[P_sel(38)] = 0.0000180820
E[P_sel(39)] = 0.0000317918
E[P_sel(40)] = 0.0000349519
E[P_sel(41)] = 0.0000404642
E[P_sel(42)] = 0.0000451221
E[P_sel(43)] = 0.0000458061
E[P_sel(44)] = 0.0000393067
E[P_sel(45)] = 0.0000535763
E[P_sel(46)] = 0.0000575218
E[P_sel(47)] = 0.0000626567
E[P_sel(48)] = 0.0000794084
E[P_sel(49)] = 0.0000974620

---- alpha_dfe = 0.002585

