---- Running command
---- ./polyDFE -d RevisionsPolyDFE/connec6_-0.393742258795397_PolyDFE.input -m C -i /home/jejames/ArabidopsisCrossGenome/model.txt 1 -e 
---- Performing inference using model C

---- Performing inference on RevisionsPolyDFE/connec6_-0.393742258795397_PolyDFE.input
----      with -i /home/jejames/ArabidopsisCrossGenome/model.txt 1
---- Data RevisionsPolyDFE/connec6_-0.393742258795397_PolyDFE.input does not contain divergence counts. Using option -w.
---- No mutation variability. Using Poisson likelihood.


---- Calculating initial values

-- Starting local optimization
-- Optimizing all parameters
  it        eps_an     theta_bar           S_d             b           p_b           S_b           r 2           r 3           r 4           r 5           r 6           r 7           r 8           r 9          r 10          r 11          r 12          r 13          r 14          r 15          r 16          r 17          r 18          r 19          r 20          r 21          r 22          r 23          r 24          r 25          r 26          r 27          r 28          r 29          r 30          r 31          r 32          r 33          r 34          r 35          r 36          r 37          r 38          r 39          r 40          r 41          r 42          r 43          r 44          r 45          r 46          r 47          r 48          r 49           ln lk          grad status 
   0           0.1 0.00992102584        -20000         0.208           0.1            20 0.87629292511 0.74017376913 0.67907874775 0.61095021376 0.66280513032 0.66901117087 0.64542821679 0.57964418700 0.62749965522 0.70390290994 0.67687215556 0.41594262860 0.70086884567 0.92676872155 0.70390290994 0.74320783340 0.63053371948 0.90139291132 0.83298855330 1.00786098469 0.68266446007 0.72003861536 0.94000827472 1.24120810922 0.84622810646 0.75589573851 1.33223003723 1.00786098469 0.98469176665 1.26548062336 0.90911598400 0.96938353330 1.45828161632 1.69907598951 1.52420355812 1.26548062336 1.68225072403 1.37691352916 1.40670252378 1.60019307681 1.76665287546 2.35429595917 2.48186457040 2.81754240794 3.80002758240 3.24741414977 5.51427389325             1 -1985.100229480 27.4864961546   -2 
 280 0.01461913032 0.00882322413 -285.00784075 0.27657330012 0.00013974739 0.75054764291 0.82273960147 0.75222332256 0.68502216747 0.68349171019 0.74479091872 0.67971421253 0.67308687789 0.61737832293 0.69020331986 0.78188867015 0.67879751543 0.50537169738 0.63499223879 0.76033830416 0.63660994358 0.68302174814 0.59023284242 0.76037603001 0.75431781395 0.80844553441 0.66162729583 0.67007398512 0.84492294057 0.92847627875 0.60795352105 0.65415296689 1.11152766677 0.85955422484 0.73098626101 0.84076541177 0.83030451393 0.85496583646 1.11623752798 1.14677634495 1.13585610086 1.04616257788 1.43318231193 1.19371864240 1.20056984439 1.34759795489 1.57491905549 1.93668210635 1.83957777543 2.06179415102 2.43984314408 2.28269726395 2.96832469596 3.33689912670 -298.4250521948 0.00087409556   -8 
-- Local optimization: reached maximum number of likelihood evaluations allowed.
---- Best joint likelihood found -298.425052194891350 with gradient 0.00087

---- Results for RevisionsPolyDFE/connec6_-0.393742258795397_PolyDFE.input 
--  Model: C
--        eps_an     theta_bar             a 
-- 0.01461913032 0.00882322413            -1 
--           S_d             b           p_b           S_b 
-- -285.00784075 0.27657330012 0.00013974739 0.75054764291 
--           r 2           r 3           r 4           r 5           r 6           r 7           r 8           r 9          r 10          r 11          r 12          r 13          r 14          r 15          r 16          r 17          r 18          r 19          r 20          r 21          r 22          r 23          r 24          r 25          r 26          r 27          r 28          r 29          r 30          r 31          r 32          r 33          r 34          r 35          r 36          r 37          r 38          r 39          r 40          r 41          r 42          r 43          r 44          r 45          r 46          r 47          r 48          r 49 
-- 0.82273960147 0.75222332256 0.68502216747 0.68349171019 0.74479091872 0.67971421253 0.67308687789 0.61737832293 0.69020331986 0.78188867015 0.67879751543 0.50537169738 0.63499223879 0.76033830416 0.63660994358 0.68302174814 0.59023284242 0.76037603001 0.75431781395 0.80844553441 0.66162729583 0.67007398512 0.84492294057 0.92847627875 0.60795352105 0.65415296689 1.11152766677 0.85955422484 0.73098626101 0.84076541177 0.83030451393 0.85496583646 1.11623752798 1.14677634495 1.13585610086 1.04616257788 1.43318231193 1.19371864240 1.20056984439 1.34759795489 1.57491905549 1.93668210635 1.83957777543 2.06179415102 2.43984314408 2.28269726395 2.96832469596 3.33689912670 

---- Expected P_neut(i), 0 < i < n (neutral SFS per site) 
E[P_neut(1)] = 0.0087030203
E[P_neut(2)] = 0.0035845229
E[P_neut(3)] = 0.0021862671
E[P_neut(4)] = 0.0014957777
E[P_neut(5)] = 0.0011943976
E[P_neut(6)] = 0.0010846242
E[P_neut(7)] = 0.0008500375
E[P_neut(8)] = 0.0007363338
E[P_neut(9)] = 0.0006006433
E[P_neut(10)] = 0.0006039505
E[P_neut(11)] = 0.0006219412
E[P_neut(12)] = 0.0004966670
E[P_neut(13)] = 0.0003416333
E[P_neut(14)] = 0.0003984107
E[P_neut(15)] = 0.0004449303
E[P_neut(16)] = 0.0003501621
E[P_neut(17)] = 0.0003526567
E[P_neut(18)] = 0.0002884371
E[P_neut(19)] = 0.0003514399
E[P_neut(20)] = 0.0003310538
E[P_neut(21)] = 0.0003385287
E[P_neut(22)] = 0.0002665907
E[P_neut(23)] = 0.0002564200
E[P_neut(24)] = 0.0003090978
E[P_neut(25)] = 0.0003276862
E[P_neut(26)] = 0.0002078369
E[P_neut(27)] = 0.0002144009
E[P_neut(28)] = 0.0003490179
E[P_neut(29)] = 0.0002626611
E[P_neut(30)] = 0.0002167105
E[P_neut(31)] = 0.0002409625
E[P_neut(32)] = 0.0002298191
E[P_neut(33)] = 0.0002304332
E[P_neut(34)] = 0.0002905684
E[P_neut(35)] = 0.0002914053
E[P_neut(36)] = 0.0002801672
E[P_neut(37)] = 0.0002508410
E[P_neut(38)] = 0.0003352023
E[P_neut(39)] = 0.0002752832
E[P_neut(40)] = 0.0002698537
E[P_neut(41)] = 0.0002946125
E[P_neut(42)] = 0.0003368696
E[P_neut(43)] = 0.0004041057
E[P_neut(44)] = 0.0003795052
E[P_neut(45)] = 0.0004159819
E[P_neut(46)] = 0.0004832328
E[P_neut(47)] = 0.0004546045
E[P_neut(48)] = 0.0005907141
E[P_neut(49)] = 0.0007210652

---- Expected P_sel(i), 0 < i < n (selected SFS per site) 
E[P_sel(1)] = 0.0044399711
E[P_sel(2)] = 0.0014222328
E[P_sel(3)] = 0.0007597461
E[P_sel(4)] = 0.0004762672
E[P_sel(5)] = 0.0003567908
E[P_sel(6)] = 0.0003081841
E[P_sel(7)] = 0.0002316602
E[P_sel(8)] = 0.0001938479
E[P_sel(9)] = 0.0001534292
E[P_sel(10)] = 0.0001502833
E[P_sel(11)] = 0.0001511610
E[P_sel(12)] = 0.0001180823
E[P_sel(13)] = 0.0000796595
E[P_sel(14)] = 0.0000912830
E[P_sel(15)] = 0.0001003083
E[P_sel(16)] = 0.0000777266
E[P_sel(17)] = 0.0000772165
E[P_sel(18)] = 0.0000623104
E[P_sel(19)] = 0.0000749999
E[P_sel(20)] = 0.0000698302
E[P_sel(21)] = 0.0000706110
E[P_sel(22)] = 0.0000550029
E[P_sel(23)] = 0.0000524002
E[P_sel(24)] = 0.0000625714
E[P_sel(25)] = 0.0000657332
E[P_sel(26)] = 0.0000413393
E[P_sel(27)] = 0.0000422932
E[P_sel(28)] = 0.0000682841
E[P_sel(29)] = 0.0000510260
E[P_sel(30)] = 0.0000418105
E[P_sel(31)] = 0.0000461655
E[P_sel(32)] = 0.0000437212
E[P_sel(33)] = 0.0000435853
E[P_sel(34)] = 0.0000545754
E[P_sel(35)] = 0.0000544606
E[P_sel(36)] = 0.0000520460
E[P_sel(37)] = 0.0000463330
E[P_sel(38)] = 0.0000616229
E[P_sel(39)] = 0.0000505522
E[P_sel(40)] = 0.0000493366
E[P_sel(41)] = 0.0000535812
E[P_sel(42)] = 0.0000610963
E[P_sel(43)] = 0.0000730026
E[P_sel(44)] = 0.0000688208
E[P_sel(45)] = 0.0000753539
E[P_sel(46)] = 0.0000877777
E[P_sel(47)] = 0.0000848281
E[P_sel(48)] = 0.0001143233
E[P_sel(49)] = 0.0001680653

---- alpha_dfe = 0.001193

