---- Running command
---- ./polyDFE -d RevisionsPolyDFE/connec19_0.888229620556721_PolyDFE.input -m C -i /home/jejames/ArabidopsisCrossGenome/model.txt 1 -e 
---- Performing inference using model C

---- Performing inference on RevisionsPolyDFE/connec19_0.888229620556721_PolyDFE.input
----      with -i /home/jejames/ArabidopsisCrossGenome/model.txt 1
---- Data RevisionsPolyDFE/connec19_0.888229620556721_PolyDFE.input does not contain divergence counts. Using option -w.
---- No mutation variability. Using Poisson likelihood.


---- Calculating initial values

-- Starting local optimization
-- Optimizing all parameters
  it        eps_an     theta_bar           S_d             b           p_b           S_b           r 2           r 3           r 4           r 5           r 6           r 7           r 8           r 9          r 10          r 11          r 12          r 13          r 14          r 15          r 16          r 17          r 18          r 19          r 20          r 21          r 22          r 23          r 24          r 25          r 26          r 27          r 28          r 29          r 30          r 31          r 32          r 33          r 34          r 35          r 36          r 37          r 38          r 39          r 40          r 41          r 42          r 43          r 44          r 45          r 46          r 47          r 48          r 49           ln lk          grad status 
   0           0.1 0.00872077647        -80000         0.208           0.1            20 0.81020975486 0.75056861258 0.66565579984 0.64885013899 0.59135708870 0.49886277482 0.56204195097 0.47990902198 0.52817791256 0.70887035633 0.54738438210 0.37945413191 0.61738690927 0.40561031084 0.60854182461 0.80338640384 0.57998483699 0.63381349507 0.72782410917 0.62888551933 0.85342431134 0.68006065200 0.63381349507 0.63179176143 0.66034874905 0.90750568612 0.71822087439 0.78051554207 0.72782410917 1.15946424058 0.86934546373 1.02577710386 0.98382613090 1.08794541319 1.55117513267 1.11738690927 0.61940864291 1.33055344958 1.22314885013 1.44023249936 1.50720242608 1.93429365681 2.11271165024 2.51895375284 2.86555471316 4.63229719484 5.66489764973             1 -2136.431501584 30.6483382125   -2 
 478 0.00142063762 0.00766688508 -704.10173545 0.27155085641 0.00016584204 0.47496161039 0.80661053767 0.73128583397 0.63308506095 0.64958127224 0.65331019048 0.59556209463 0.62169881021 0.54282699095 0.52002158255 0.57834595728 0.60769782733 0.44518128574 0.57110040894 0.55014626350 0.57041999796 0.64244494691 0.51015858953 0.63991682686 0.63812565656 0.53559911458 0.78084605874 0.62206461250 0.60419552172 0.56515957206 0.57248489682 0.77762738369 0.54500336221 0.74285488047 0.60809820328 0.84070980257 0.80506836000 0.92229486477 0.76661431816 0.81512568501 1.16245176886 0.99356244825 0.46969095488 0.88899577811 1.02468359179 1.08053513326 1.37143626609 1.58674790947 1.40959886810 1.63210644338 2.24976715804 3.05714583359 3.85201534083 4.37812733731 -292.0947229837 0.00087074050   -8 
-- Local optimization: reached maximum number of likelihood evaluations allowed.
---- Best joint likelihood found -292.094722983722022 with gradient 0.00087

---- Results for RevisionsPolyDFE/connec19_0.888229620556721_PolyDFE.input 
--  Model: C
--        eps_an     theta_bar             a 
-- 0.00142063762 0.00766688508            -1 
--           S_d             b           p_b           S_b 
-- -704.10173545 0.27155085641 0.00016584204 0.47496161039 
--           r 2           r 3           r 4           r 5           r 6           r 7           r 8           r 9          r 10          r 11          r 12          r 13          r 14          r 15          r 16          r 17          r 18          r 19          r 20          r 21          r 22          r 23          r 24          r 25          r 26          r 27          r 28          r 29          r 30          r 31          r 32          r 33          r 34          r 35          r 36          r 37          r 38          r 39          r 40          r 41          r 42          r 43          r 44          r 45          r 46          r 47          r 48          r 49 
-- 0.80661053767 0.73128583397 0.63308506095 0.64958127224 0.65331019048 0.59556209463 0.62169881021 0.54282699095 0.52002158255 0.57834595728 0.60769782733 0.44518128574 0.57110040894 0.55014626350 0.57041999796 0.64244494691 0.51015858953 0.63991682686 0.63812565656 0.53559911458 0.78084605874 0.62206461250 0.60419552172 0.56515957206 0.57248489682 0.77762738369 0.54500336221 0.74285488047 0.60809820328 0.84070980257 0.80506836000 0.92229486477 0.76661431816 0.81512568501 1.16245176886 0.99356244825 0.46969095488 0.88899577811 1.02468359179 1.08053513326 1.37143626609 1.58674790947 1.40959886810 1.63210644338 2.24976715804 3.05714583359 3.85201534083 4.37812733731 

---- Expected P_neut(i), 0 < i < n (neutral SFS per site) 
E[P_neut(1)] = 0.0076569664
E[P_neut(2)] = 0.0030885765
E[P_neut(3)] = 0.0018669483
E[P_neut(4)] = 0.0012122564
E[P_neut(5)] = 0.0009950330
E[P_neut(6)] = 0.0008339720
E[P_neut(7)] = 0.0006517761
E[P_neut(8)] = 0.0005953209
E[P_neut(9)] = 0.0004620515
E[P_neut(10)] = 0.0003984072
E[P_neut(11)] = 0.0004027767
E[P_neut(12)] = 0.0003878455
E[P_neut(13)] = 0.0002624698
E[P_neut(14)] = 0.0003126618
E[P_neut(15)] = 0.0002810481
E[P_neut(16)] = 0.0002731913
E[P_neut(17)] = 0.0002896311
E[P_neut(18)] = 0.0002172613
E[P_neut(19)] = 0.0002581480
E[P_neut(20)] = 0.0002444951
E[P_neut(21)] = 0.0001955430
E[P_neut(22)] = 0.0002719462
E[P_neut(23)] = 0.0002073799
E[P_neut(24)] = 0.0001929780
E[P_neut(25)] = 0.0001733205
E[P_neut(26)] = 0.0001688488
E[P_neut(27)] = 0.0002207950
E[P_neut(28)] = 0.0001494059
E[P_neut(29)] = 0.0001963913
E[P_neut(30)] = 0.0001555340
E[P_neut(31)] = 0.0002079949
E[P_neut(32)] = 0.0001929211
E[P_neut(33)] = 0.0002143838
E[P_neut(34)] = 0.0001730117
E[P_neut(35)] = 0.0001787022
E[P_neut(36)] = 0.0002476588
E[P_neut(37)] = 0.0002059597
E[P_neut(38)] = 0.0000951819
E[P_neut(39)] = 0.0001750892
E[P_neut(40)] = 0.0001966907
E[P_neut(41)] = 0.0002024269
E[P_neut(42)] = 0.0002508395
E[P_neut(43)] = 0.0002834414
E[P_neut(44)] = 0.0002464559
E[P_neut(45)] = 0.0002790905
E[P_neut(46)] = 0.0003761630
E[P_neut(47)] = 0.0005006441
E[P_neut(48)] = 0.0006187886
E[P_neut(49)] = 0.0006949513

---- Expected P_sel(i), 0 < i < n (selected SFS per site) 
E[P_sel(1)] = 0.0031824824
E[P_sel(2)] = 0.0009795856
E[P_sel(3)] = 0.0005177223
E[P_sel(4)] = 0.0003082640
E[P_sel(5)] = 0.0002375013
E[P_sel(6)] = 0.0001894136
E[P_sel(7)] = 0.0001421196
E[P_sel(8)] = 0.0001254219
E[P_sel(9)] = 0.0000944926
E[P_sel(10)] = 0.0000793723
E[P_sel(11)] = 0.0000783953
E[P_sel(12)] = 0.0000739232
E[P_sel(13)] = 0.0000490705
E[P_sel(14)] = 0.0000574382
E[P_sel(15)] = 0.0000508036
E[P_sel(16)] = 0.0000486468
E[P_sel(17)] = 0.0000508551
E[P_sel(18)] = 0.0000376492
E[P_sel(19)] = 0.0000441858
E[P_sel(20)] = 0.0000413646
E[P_sel(21)] = 0.0000327181
E[P_sel(22)] = 0.0000450290
E[P_sel(23)] = 0.0000339960
E[P_sel(24)] = 0.0000313357
E[P_sel(25)] = 0.0000278887
E[P_sel(26)] = 0.0000269336
E[P_sel(27)] = 0.0000349261
E[P_sel(28)] = 0.0000234460
E[P_sel(29)] = 0.0000305798
E[P_sel(30)] = 0.0000240399
E[P_sel(31)] = 0.0000319168
E[P_sel(32)] = 0.0000293981
E[P_sel(33)] = 0.0000324514
E[P_sel(34)] = 0.0000260207
E[P_sel(35)] = 0.0000267079
E[P_sel(36)] = 0.0000367848
E[P_sel(37)] = 0.0000304103
E[P_sel(38)] = 0.0000139896
E[P_sel(39)] = 0.0000255724
E[P_sel(40)] = 0.0000285688
E[P_sel(41)] = 0.0000292524
E[P_sel(42)] = 0.0000360669
E[P_sel(43)] = 0.0000405523
E[P_sel(44)] = 0.0000351255
E[P_sel(45)] = 0.0000396069
E[P_sel(46)] = 0.0000531398
E[P_sel(47)] = 0.0000705006
E[P_sel(48)] = 0.0000870729
E[P_sel(49)] = 0.0000994958

---- alpha_dfe = 0.001535

