---- Running command
---- ./polyDFE -d RevisionsPolyDFE/express14_0.549596927234899_PolyDFE.input -m C -i /home/jejames/ArabidopsisCrossGenome/model.txt 1 -e 
---- Performing inference using model C

---- Performing inference on RevisionsPolyDFE/express14_0.549596927234899_PolyDFE.input
----      with -i /home/jejames/ArabidopsisCrossGenome/model.txt 1
---- Data RevisionsPolyDFE/express14_0.549596927234899_PolyDFE.input does not contain divergence counts. Using option -w.
---- No mutation variability. Using Poisson likelihood.


---- Calculating initial values

-- Starting local optimization
-- Optimizing all parameters
  it        eps_an     theta_bar           S_d             b           p_b           S_b           r 2           r 3           r 4           r 5           r 6           r 7           r 8           r 9          r 10          r 11          r 12          r 13          r 14          r 15          r 16          r 17          r 18          r 19          r 20          r 21          r 22          r 23          r 24          r 25          r 26          r 27          r 28          r 29          r 30          r 31          r 32          r 33          r 34          r 35          r 36          r 37          r 38          r 39          r 40          r 41          r 42          r 43          r 44          r 45          r 46          r 47          r 48          r 49           ln lk          grad status 
   0           0.1 0.00912473246        -80000         0.208           0.1            20 0.76967134869 0.79080867312 0.68075821628 0.62866493931 0.65375698895 0.62621028228 0.63711986908 0.55107050320 0.70094095186 0.79203600163 0.86567571253 0.79421791899 0.73885176598 0.77321696440 0.45602072821 0.55638892676 0.77321696440 0.76435292513 0.64639301786 0.87058502659 0.80703668348 0.56770762307 0.76585299331 0.68184917496 0.65948452202 0.69589526796 1.30205918450 1.01240965498 1.52597845356 1.07800354561 1.20005454793 1.44006545752 1.30287740351 1.34597027137 1.38933587890 1.77608073094 1.87072139642 1.44661120960 1.66916678030 2.01840992772 1.69534978862 2.25173871539 2.34610664121 2.81058229919 3.21178235374 3.31365062048 4.96168007636             1 -2019.128668825 30.5821702739   -2 
 765 0.00736264504 0.00815577843 -668.44480609 0.28128290746 0.00008414687 0.44982302060 0.75838641429 0.78523218207 0.60816079372 0.66231365983 0.65159945813 0.59378128251 0.58229495798 0.59931135537 0.67474192943 0.74339378779 0.82605445531 0.76977439509 0.69147469378 0.70497636841 0.48806985275 0.62878623807 0.70926429774 0.64462641751 0.59553397432 0.68968536839 0.80425782208 0.62937111524 0.58964480595 0.72507368892 0.60518673924 0.64992192673 0.94304031147 0.80887008225 1.04060961616 0.93880046235 0.97045111328 1.42405473869 1.26851973710 1.06761569830 1.23568837125 1.46610589820 1.64987137672 1.13418769039 1.31806560758 1.63551792270 1.32282817785 1.68224981137 1.84839009606 2.05701205777 2.13340246896 2.01170196978 2.73496329205 3.60055258471 -286.8334422961 0.00007593634    0 
---- Best joint likelihood found -286.833442296168073 with gradient 0.00008

---- Results for RevisionsPolyDFE/express14_0.549596927234899_PolyDFE.input 
--  Model: C
--        eps_an     theta_bar             a 
-- 0.00736264504 0.00815577843            -1 
--           S_d             b           p_b           S_b 
-- -668.44480609 0.28128290746 0.00008414687 0.44982302060 
--           r 2           r 3           r 4           r 5           r 6           r 7           r 8           r 9          r 10          r 11          r 12          r 13          r 14          r 15          r 16          r 17          r 18          r 19          r 20          r 21          r 22          r 23          r 24          r 25          r 26          r 27          r 28          r 29          r 30          r 31          r 32          r 33          r 34          r 35          r 36          r 37          r 38          r 39          r 40          r 41          r 42          r 43          r 44          r 45          r 46          r 47          r 48          r 49 
-- 0.75838641429 0.78523218207 0.60816079372 0.66231365983 0.65159945813 0.59378128251 0.58229495798 0.59931135537 0.67474192943 0.74339378779 0.82605445531 0.76977439509 0.69147469378 0.70497636841 0.48806985275 0.62878623807 0.70926429774 0.64462641751 0.59553397432 0.68968536839 0.80425782208 0.62937111524 0.58964480595 0.72507368892 0.60518673924 0.64992192673 0.94304031147 0.80887008225 1.04060961616 0.93880046235 0.97045111328 1.42405473869 1.26851973710 1.06761569830 1.23568837125 1.46610589820 1.64987137672 1.13418769039 1.31806560758 1.63551792270 1.32282817785 1.68224981137 1.84839009606 2.05701205777 2.13340246896 2.01170196978 2.73496329205 3.60055258471 

---- Expected P_neut(i), 0 < i < n (neutral SFS per site) 
E[P_neut(1)] = 0.0081001427
E[P_neut(2)] = 0.0030732674
E[P_neut(3)] = 0.0021215795
E[P_neut(4)] = 0.0012336614
E[P_neut(5)] = 0.0010751274
E[P_neut(6)] = 0.0008817181
E[P_neut(7)] = 0.0006890768
E[P_neut(8)] = 0.0005911541
E[P_neut(9)] = 0.0005414913
E[P_neut(10)] = 0.0005482316
E[P_neut(11)] = 0.0005488659
E[P_neut(12)] = 0.0005599000
E[P_neut(13)] = 0.0004817552
E[P_neut(14)] = 0.0004019177
E[P_neut(15)] = 0.0003823182
E[P_neut(16)] = 0.0002491955
E[P_neut(17)] = 0.0003020315
E[P_neut(18)] = 0.0003208217
E[P_neut(19)] = 0.0002764880
E[P_neut(20)] = 0.0002431470
E[P_neut(21)] = 0.0002675561
E[P_neut(22)] = 0.0002979794
E[P_neut(23)] = 0.0002229767
E[P_neut(24)] = 0.0002002979
E[P_neut(25)] = 0.0002365416
E[P_neut(26)] = 0.0001899149
E[P_neut(27)] = 0.0001965170
E[P_neut(28)] = 0.0002748595
E[P_neut(29)] = 0.0002277788
E[P_neut(30)] = 0.0002826045
E[P_neut(31)] = 0.0002472075
E[P_neut(32)] = 0.0002478821
E[P_neut(33)] = 0.0003515775
E[P_neut(34)] = 0.0003038786
E[P_neut(35)] = 0.0002497687
E[P_neut(36)] = 0.0002808492
E[P_neut(37)] = 0.0003243448
E[P_neut(38)] = 0.0003556313
E[P_neut(39)] = 0.0002394960
E[P_neut(40)] = 0.0002708193
E[P_neut(41)] = 0.0003269428
E[P_neut(42)] = 0.0002593531
E[P_neut(43)] = 0.0003218155
E[P_neut(44)] = 0.0003466137
E[P_neut(45)] = 0.0003780211
E[P_neut(46)] = 0.0003845961
E[P_neut(47)] = 0.0003622321
E[P_neut(48)] = 0.0004840516
E[P_neut(49)] = 0.0006549278

---- Expected P_sel(i), 0 < i < n (selected SFS per site) 
E[P_sel(1)] = 0.0033392043
E[P_sel(2)] = 0.0009580422
E[P_sel(3)] = 0.0005754332
E[P_sel(4)] = 0.0003057117
E[P_sel(5)] = 0.0002494714
E[P_sel(6)] = 0.0001943135
E[P_sel(7)] = 0.0001455652
E[P_sel(8)] = 0.0001205216
E[P_sel(9)] = 0.0001070122
E[P_sel(10)] = 0.0001054796
E[P_sel(11)] = 0.0001030975
E[P_sel(12)] = 0.0001028721
E[P_sel(13)] = 0.0000867779
E[P_sel(14)] = 0.0000710955
E[P_sel(15)] = 0.0000665125
E[P_sel(16)] = 0.0000426570
E[P_sel(17)] = 0.0000509660
E[P_sel(18)] = 0.0000534313
E[P_sel(19)] = 0.0000454611
E[P_sel(20)] = 0.0000394956
E[P_sel(21)] = 0.0000429788
E[P_sel(22)] = 0.0000473515
E[P_sel(23)] = 0.0000350723
E[P_sel(24)] = 0.0000311986
E[P_sel(25)] = 0.0000365019
E[P_sel(26)] = 0.0000290467
E[P_sel(27)] = 0.0000298015
E[P_sel(28)] = 0.0000413411
E[P_sel(29)] = 0.0000339925
E[P_sel(30)] = 0.0000418466
E[P_sel(31)] = 0.0000363454
E[P_sel(32)] = 0.0000361953
E[P_sel(33)] = 0.0000509626
E[P_sel(34)] = 0.0000437551
E[P_sel(35)] = 0.0000357749
E[P_sel(36)] = 0.0000399761
E[P_sel(37)] = 0.0000459017
E[P_sel(38)] = 0.0000500552
E[P_sel(39)] = 0.0000335880
E[P_sel(40)] = 0.0000377613
E[P_sel(41)] = 0.0000453111
E[P_sel(42)] = 0.0000358523
E[P_sel(43)] = 0.0000442729
E[P_sel(44)] = 0.0000475821
E[P_sel(45)] = 0.0000518045
E[P_sel(46)] = 0.0000527004
E[P_sel(47)] = 0.0000505875
E[P_sel(48)] = 0.0000684753
E[P_sel(49)] = 0.0001035449

---- alpha_dfe = 0.000806

