---- Running command
---- ./polyDFE -d RevisionsPolyDFE/express11_0.256082692791144_PolyDFE.input -m C -i /home/jejames/ArabidopsisCrossGenome/model.txt 1 -e 
---- Performing inference using model C

---- Performing inference on RevisionsPolyDFE/express11_0.256082692791144_PolyDFE.input
----      with -i /home/jejames/ArabidopsisCrossGenome/model.txt 1
---- Data RevisionsPolyDFE/express11_0.256082692791144_PolyDFE.input does not contain divergence counts. Using option -w.
---- No mutation variability. Using Poisson likelihood.


---- Calculating initial values

-- Starting local optimization
-- Optimizing all parameters
  it        eps_an     theta_bar           S_d             b           p_b           S_b           r 2           r 3           r 4           r 5           r 6           r 7           r 8           r 9          r 10          r 11          r 12          r 13          r 14          r 15          r 16          r 17          r 18          r 19          r 20          r 21          r 22          r 23          r 24          r 25          r 26          r 27          r 28          r 29          r 30          r 31          r 32          r 33          r 34          r 35          r 36          r 37          r 38          r 39          r 40          r 41          r 42          r 43          r 44          r 45          r 46          r 47          r 48          r 49           ln lk          grad status 
   0           0.1 0.00935421489        -80000         0.208           0.1            20 0.68885408509 0.65974941268 0.58261550509 0.56708431219 0.64447924823 0.55272774732 0.65152701644 0.59671104150 0.56512659879 0.65465935787 0.57948316366 0.69564082484 0.63951970764 0.66366483946 0.50952753850 0.47037327068 0.83398590446 0.55298877577 0.78308535630 0.64956930305 0.63168885408 1.05364134690 0.89271730618 0.91359958235 0.83137561994 0.98316366483 1.09631949882 0.50339336987 1.17462803445 0.99934742886 0.98146697990 0.98198903680 1.22474549725 1.14656747585 1.64447924823 1.20725659096 1.04150352388 1.75097885669 1.55050900548 2.20464630644 2.28034455755 2.27290524667 2.56695379796 3.17736883320 3.14591490472 3.71117201774 6.45888801879             1 -2162.653331827 30.1101869217   -2 
 734 0.01042855382 0.00790906075 -491.23457118 0.27659853376 0.00010137408 0.26195868008 0.76177844813 0.71939490472 0.60678111626 0.66708750555 0.68418715612 0.63339067441 0.70708343113 0.64988842063 0.52990568579 0.68807092685 0.71354346730 0.77136514564 0.62327831117 0.67461528970 0.58495516942 0.61503697842 0.77772550273 0.59101577507 0.80353025266 0.71979478707 0.51112105182 0.87124130239 0.81621101420 0.88568414290 0.61359225742 1.05853310229 0.88746646690 0.60869013420 0.90871929932 0.90040315598 0.69814389251 0.81938725047 1.01853692399 0.94645489470 1.36882498367 0.83800690914 0.83392240680 1.45627712890 1.29598034756 1.95418590497 2.02774153462 1.79385697049 1.98783829609 2.29348566618 2.39986797445 2.59944679961 4.16796114685 4.00624441004 -302.8874909712 0.00036342725   -8 
-- Local optimization: reached maximum number of likelihood evaluations allowed.
---- Best joint likelihood found -302.887490971210184 with gradient 0.00036

---- Results for RevisionsPolyDFE/express11_0.256082692791144_PolyDFE.input 
--  Model: C
--        eps_an     theta_bar             a 
-- 0.01042855382 0.00790906075            -1 
--           S_d             b           p_b           S_b 
-- -491.23457118 0.27659853376 0.00010137408 0.26195868008 
--           r 2           r 3           r 4           r 5           r 6           r 7           r 8           r 9          r 10          r 11          r 12          r 13          r 14          r 15          r 16          r 17          r 18          r 19          r 20          r 21          r 22          r 23          r 24          r 25          r 26          r 27          r 28          r 29          r 30          r 31          r 32          r 33          r 34          r 35          r 36          r 37          r 38          r 39          r 40          r 41          r 42          r 43          r 44          r 45          r 46          r 47          r 48          r 49 
-- 0.76177844813 0.71939490472 0.60678111626 0.66708750555 0.68418715612 0.63339067441 0.70708343113 0.64988842063 0.52990568579 0.68807092685 0.71354346730 0.77136514564 0.62327831117 0.67461528970 0.58495516942 0.61503697842 0.77772550273 0.59101577507 0.80353025266 0.71979478707 0.51112105182 0.87124130239 0.81621101420 0.88568414290 0.61359225742 1.05853310229 0.88746646690 0.60869013420 0.90871929932 0.90040315598 0.69814389251 0.81938725047 1.01853692399 0.94645489470 1.36882498367 0.83800690914 0.83392240680 1.45627712890 1.29598034756 1.95418590497 2.02774153462 1.79385697049 1.98783829609 2.29348566618 2.39986797445 2.59944679961 4.16796114685 4.00624441004 

---- Expected P_neut(i), 0 < i < n (neutral SFS per site) 
E[P_neut(1)] = 0.0078333243
E[P_neut(2)] = 0.0029882222
E[P_neut(3)] = 0.0018813625
E[P_neut(4)] = 0.0011915584
E[P_neut(5)] = 0.0010484065
E[P_neut(6)] = 0.0008962006
E[P_neut(7)] = 0.0007116242
E[P_neut(8)] = 0.0006957378
E[P_neut(9)] = 0.0005690873
E[P_neut(10)] = 0.0004174073
E[P_neut(11)] = 0.0004926474
E[P_neut(12)] = 0.0004671938
E[P_neut(13)] = 0.0004662644
E[P_neut(14)] = 0.0003515746
E[P_neut(15)] = 0.0003542258
E[P_neut(16)] = 0.0002886083
E[P_neut(17)] = 0.0002852031
E[P_neut(18)] = 0.0003399623
E[P_neut(19)] = 0.0002458500
E[P_neut(20)] = 0.0003169431
E[P_neut(21)] = 0.0002699946
E[P_neut(22)] = 0.0001844474
E[P_neut(23)] = 0.0002997049
E[P_neut(24)] = 0.0002681191
E[P_neut(25)] = 0.0002801972
E[P_neut(26)] = 0.0001875100
E[P_neut(27)] = 0.0003099649
E[P_neut(28)] = 0.0002499815
E[P_neut(29)] = 0.0001671016
E[P_neut(30)] = 0.0002403859
E[P_neut(31)] = 0.0002298907
E[P_neut(32)] = 0.0001743162
E[P_neut(33)] = 0.0001973174
E[P_neut(34)] = 0.0002374761
E[P_neut(35)] = 0.0002153525
E[P_neut(36)] = 0.0003012614
E[P_neut(37)] = 0.0001821570
E[P_neut(38)] = 0.0001766613
E[P_neut(39)] = 0.0002974072
E[P_neut(40)] = 0.0002579480
E[P_neut(41)] = 0.0003789947
E[P_neut(42)] = 0.0003851539
E[P_neut(43)] = 0.0003339694
E[P_neut(44)] = 0.0003629957
E[P_neut(45)] = 0.0004098965
E[P_neut(46)] = 0.0004208327
E[P_neut(47)] = 0.0004526462
E[P_neut(48)] = 0.0007110175
E[P_neut(49)] = 0.0007223820

---- Expected P_sel(i), 0 < i < n (selected SFS per site) 
E[P_sel(1)] = 0.0035153730
E[P_sel(2)] = 0.0010260828
E[P_sel(3)] = 0.0005642193
E[P_sel(4)] = 0.0003271375
E[P_sel(5)] = 0.0002698820
E[P_sel(6)] = 0.0002193536
E[P_sel(7)] = 0.0001670905
E[P_sel(8)] = 0.0001577136
E[P_sel(9)] = 0.0001251294
E[P_sel(10)] = 0.0000893926
E[P_sel(11)] = 0.0001030475
E[P_sel(12)] = 0.0000957179
E[P_sel(13)] = 0.0000936878
E[P_sel(14)] = 0.0000693298
E[P_sel(15)] = 0.0000687525
E[P_sel(16)] = 0.0000551512
E[P_sel(17)] = 0.0000537455
E[P_sel(18)] = 0.0000632347
E[P_sel(19)] = 0.0000451395
E[P_sel(20)] = 0.0000575234
E[P_sel(21)] = 0.0000484652
E[P_sel(22)] = 0.0000327468
E[P_sel(23)] = 0.0000526899
E[P_sel(24)] = 0.0000466929
E[P_sel(25)] = 0.0000483511
E[P_sel(26)] = 0.0000320789
E[P_sel(27)] = 0.0000525822
E[P_sel(28)] = 0.0000420621
E[P_sel(29)] = 0.0000279190
E[P_sel(30)] = 0.0000398598
E[P_sel(31)] = 0.0000378393
E[P_sel(32)] = 0.0000285325
E[P_sel(33)] = 0.0000320631
E[P_sel(34)] = 0.0000383288
E[P_sel(35)] = 0.0000345787
E[P_sel(36)] = 0.0000480346
E[P_sel(37)] = 0.0000289930
E[P_sel(38)] = 0.0000279839
E[P_sel(39)] = 0.0000467205
E[P_sel(40)] = 0.0000403161
E[P_sel(41)] = 0.0000589252
E[P_sel(42)] = 0.0000597025
E[P_sel(43)] = 0.0000516517
E[P_sel(44)] = 0.0000560664
E[P_sel(45)] = 0.0000631847
E[P_sel(46)] = 0.0000649144
E[P_sel(47)] = 0.0000707985
E[P_sel(48)] = 0.0001121584
E[P_sel(49)] = 0.0001320371

---- alpha_dfe = 0.000787

