---- Running command
---- ./polyDFE -d RevisionsPolyDFE/express5_-0.689232783629011_PolyDFE.input -m C -i /home/jejames/ArabidopsisCrossGenome/model.txt 1 -e 
---- Performing inference using model C

---- Performing inference on RevisionsPolyDFE/express5_-0.689232783629011_PolyDFE.input
----      with -i /home/jejames/ArabidopsisCrossGenome/model.txt 1
---- Data RevisionsPolyDFE/express5_-0.689232783629011_PolyDFE.input does not contain divergence counts. Using option -w.
---- No mutation variability. Using Poisson likelihood.


---- Calculating initial values

-- Starting local optimization
-- Optimizing all parameters
  it        eps_an     theta_bar           S_d             b           p_b           S_b           r 2           r 3           r 4           r 5           r 6           r 7           r 8           r 9          r 10          r 11          r 12          r 13          r 14          r 15          r 16          r 17          r 18          r 19          r 20          r 21          r 22          r 23          r 24          r 25          r 26          r 27          r 28          r 29          r 30          r 31          r 32          r 33          r 34          r 35          r 36          r 37          r 38          r 39          r 40          r 41          r 42          r 43          r 44          r 45          r 46          r 47          r 48          r 49           ln lk          grad status 
   0           0.1 0.00968379552        -20000         0.208           0.1            20 0.81977627399 0.72876674492 0.68830272061 0.52962298025 0.68692169589 0.65060074575 0.47507250379 0.53694241126 0.70156055793 0.59094047783 0.81535699489 0.59245960502 0.74630575887 0.55931501173 0.77558348294 0.75362518989 0.62643281314 0.69796989366 0.80651843668 0.79174147217 0.91147631542 0.96243612760 1.35892832481 1.34649910233 1.47217235188 0.92100538599 1.16006076508 1.18947659163 0.94462090871 1.34428946278 1.18436680016 1.13478801270 1.31004004971 0.91838143902 1.36224278414 1.68623118353 1.40643557519 1.19030520646 1.83400082861 2.08369009805 2.03010633890 3.18892418174 3.04433089352 2.13161165584 3.13824057450 4.61497030796 5.78041706946             1 -2098.419260157 26.2915808589   -2 
 763 0.00964791429 0.00818583899 -218.63941056 0.27100454277 0.00008692645 0.26967058904 0.85704334444 0.75213241258 0.80367628811 0.65845671837 0.70813445207 0.73657120600 0.67825755584 0.62518917037 0.61149621810 0.65613712031 0.85286207107 0.68098611688 0.72362354080 0.58002494409 0.79088683253 0.74079049903 0.74437452775 0.73005292365 0.88915054085 0.91014221805 0.91583024424 0.81462619419 1.13315739612 1.13541974411 1.04868636552 0.77555462759 1.00998764734 1.03018872913 0.78855181989 0.98622381918 0.95553662060 1.00982916544 1.20291490286 0.77058555998 1.23121365801 1.39517576211 1.34995477949 1.09916025299 1.35148871507 1.58232687425 1.58734806218 2.33587074507 2.20415688629 1.92927189758 2.41496463091 3.61826062599 3.30325500218 3.46557574250 -316.2893216961 0.00070865909   -8 
-- Local optimization: reached maximum number of likelihood evaluations allowed.
---- Best joint likelihood found -316.289321696103002 with gradient 0.00071

---- Results for RevisionsPolyDFE/express5_-0.689232783629011_PolyDFE.input 
--  Model: C
--        eps_an     theta_bar             a 
-- 0.00964791429 0.00818583899            -1 
--           S_d             b           p_b           S_b 
-- -218.63941056 0.27100454277 0.00008692645 0.26967058904 
--           r 2           r 3           r 4           r 5           r 6           r 7           r 8           r 9          r 10          r 11          r 12          r 13          r 14          r 15          r 16          r 17          r 18          r 19          r 20          r 21          r 22          r 23          r 24          r 25          r 26          r 27          r 28          r 29          r 30          r 31          r 32          r 33          r 34          r 35          r 36          r 37          r 38          r 39          r 40          r 41          r 42          r 43          r 44          r 45          r 46          r 47          r 48          r 49 
-- 0.85704334444 0.75213241258 0.80367628811 0.65845671837 0.70813445207 0.73657120600 0.67825755584 0.62518917037 0.61149621810 0.65613712031 0.85286207107 0.68098611688 0.72362354080 0.58002494409 0.79088683253 0.74079049903 0.74437452775 0.73005292365 0.88915054085 0.91014221805 0.91583024424 0.81462619419 1.13315739612 1.13541974411 1.04868636552 0.77555462759 1.00998764734 1.03018872913 0.78855181989 0.98622381918 0.95553662060 1.00982916544 1.20291490286 0.77058555998 1.23121365801 1.39517576211 1.34995477949 1.09916025299 1.35148871507 1.58232687425 1.58734806218 2.33587074507 2.20415688629 1.92927189758 2.41496463091 3.61826062599 3.30325500218 3.46557574250 

---- Expected P_neut(i), 0 < i < n (neutral SFS per site) 
E[P_neut(1)] = 0.0081124484
E[P_neut(2)] = 0.0034794013
E[P_neut(3)] = 0.0020385580
E[P_neut(4)] = 0.0016329695
E[P_neut(5)] = 0.0010709896
E[P_neut(6)] = 0.0009607477
E[P_neut(7)] = 0.0008573304
E[P_neut(8)] = 0.0006903024
E[P_neut(9)] = 0.0005661949
E[P_neut(10)] = 0.0004984000
E[P_neut(11)] = 0.0004857907
E[P_neut(12)] = 0.0005789753
E[P_neut(13)] = 0.0004276442
E[P_neut(14)] = 0.0004217236
E[P_neut(15)] = 0.0003152176
E[P_neut(16)] = 0.0004035199
E[P_neut(17)] = 0.0003556807
E[P_neut(18)] = 0.0003376106
E[P_neut(19)] = 0.0003140093
E[P_neut(20)] = 0.0003624870
E[P_neut(21)] = 0.0003541578
E[P_neut(22)] = 0.0003403265
E[P_neut(23)] = 0.0002894017
E[P_neut(24)] = 0.0003859501
E[P_neut(25)] = 0.0003717745
E[P_neut(26)] = 0.0003307118
E[P_neut(27)] = 0.0002356607
E[P_neut(28)] = 0.0002957102
E[P_neut(29)] = 0.0002914090
E[P_neut(30)] = 0.0002166005
E[P_neut(31)] = 0.0002609436
E[P_neut(32)] = 0.0002453411
E[P_neut(33)] = 0.0002515186
E[P_neut(34)] = 0.0002907234
E[P_neut(35)] = 0.0001815405
E[P_neut(36)] = 0.0002813399
E[P_neut(37)] = 0.0003098262
E[P_neut(38)] = 0.0002936103
E[P_neut(39)] = 0.0002331914
E[P_neut(40)] = 0.0002787377
E[P_neut(41)] = 0.0003183570
E[P_neut(42)] = 0.0003130866
E[P_neut(43)] = 0.0004486959
E[P_neut(44)] = 0.0004154300
E[P_neut(45)] = 0.0003579637
E[P_neut(46)] = 0.0004414719
E[P_neut(47)] = 0.0006439011
E[P_neut(48)] = 0.0005917396
E[P_neut(49)] = 0.0006523425

---- Expected P_sel(i), 0 < i < n (selected SFS per site) 
E[P_sel(1)] = 0.0044265202
E[P_sel(2)] = 0.0014971418
E[P_sel(3)] = 0.0007715329
E[P_sel(4)] = 0.0005682446
E[P_sel(5)] = 0.0003501604
E[P_sel(6)] = 0.0002990302
E[P_sel(7)] = 0.0002562703
E[P_sel(8)] = 0.0001995011
E[P_sel(9)] = 0.0001588458
E[P_sel(10)] = 0.0001362603
E[P_sel(11)] = 0.0001298114
E[P_sel(12)] = 0.0001515168
E[P_sel(13)] = 0.0001097657
E[P_sel(14)] = 0.0001063981
E[P_sel(15)] = 0.0000782768
E[P_sel(16)] = 0.0000987036
E[P_sel(17)] = 0.0000858066
E[P_sel(18)] = 0.0000803952
E[P_sel(19)] = 0.0000738603
E[P_sel(20)] = 0.0000843048
E[P_sel(21)] = 0.0000814606
E[P_sel(22)] = 0.0000774729
E[P_sel(23)] = 0.0000652377
E[P_sel(24)] = 0.0000861896
E[P_sel(25)] = 0.0000822842
E[P_sel(26)] = 0.0000725756
E[P_sel(27)] = 0.0000512974
E[P_sel(28)] = 0.0000638647
E[P_sel(29)] = 0.0000624667
E[P_sel(30)] = 0.0000461156
E[P_sel(31)] = 0.0000551469
E[P_sel(32)] = 0.0000515143
E[P_sel(33)] = 0.0000524754
E[P_sel(34)] = 0.0000602768
E[P_sel(35)] = 0.0000374410
E[P_sel(36)] = 0.0000576626
E[P_sel(37)] = 0.0000631300
E[P_sel(38)] = 0.0000596061
E[P_sel(39)] = 0.0000471214
E[P_sel(40)] = 0.0000559997
E[P_sel(41)] = 0.0000636622
E[P_sel(42)] = 0.0000624539
E[P_sel(43)] = 0.0000890267
E[P_sel(44)] = 0.0000823110
E[P_sel(45)] = 0.0000710322
E[P_sel(46)] = 0.0000879463
E[P_sel(47)] = 0.0001277996
E[P_sel(48)] = 0.0001216190
E[P_sel(49)] = 0.0001526340

---- alpha_dfe = 0.000526

