---- Running command
---- ./polyDFE -d RevisionsPolyDFE/express10_0.144607458793027_PolyDFE.input -m C -i /home/jejames/ArabidopsisCrossGenome/model.txt 1 -e 
---- Performing inference using model C

---- Performing inference on RevisionsPolyDFE/express10_0.144607458793027_PolyDFE.input
----      with -i /home/jejames/ArabidopsisCrossGenome/model.txt 1
---- Data RevisionsPolyDFE/express10_0.144607458793027_PolyDFE.input does not contain divergence counts. Using option -w.
---- No mutation variability. Using Poisson likelihood.


---- Calculating initial values

-- Starting local optimization
-- Optimizing all parameters
  it        eps_an     theta_bar           S_d             b           p_b           S_b           r 2           r 3           r 4           r 5           r 6           r 7           r 8           r 9          r 10          r 11          r 12          r 13          r 14          r 15          r 16          r 17          r 18          r 19          r 20          r 21          r 22          r 23          r 24          r 25          r 26          r 27          r 28          r 29          r 30          r 31          r 32          r 33          r 34          r 35          r 36          r 37          r 38          r 39          r 40          r 41          r 42          r 43          r 44          r 45          r 46          r 47          r 48          r 49           ln lk          grad status 
   0           0.1 0.00891362725        -50000         0.208           0.1            20 0.81067835955 0.70918235749 0.62986845499 0.67384575702 0.61980913077 0.46401857106 0.57879803972 0.69525406241 0.60484911013 0.52489037915 0.62058292494 0.61194222336 0.67887541913 0.62290430745 0.71601753933 0.78050038689 0.62445189579 0.69834923910 0.67835955635 0.72581893216 0.42842403920 0.69705958215 0.84188805777 0.58034562806 0.96569512509 0.67900438483 0.86303843177 0.94248129997 1.11039463502 0.97949445447 0.74696930616 1.03843177714 1.06551457312 0.80345628062 1.22568996646 1.16907402630 1.22027340727 1.45860201186 1.55274696930 1.43293783853 2.21537271085 2.14057260768 2.32086664947 2.58253804488 3.01960278565 3.98233169976 5.24322930100             1 -2044.429751428 27.4792709853   -2 
 262 0.01387787280 0.00789944516 -392.34661518 0.28492534294 0.00022971942 0.87528388992 0.80520535661 0.73538856066 0.66481837617 0.63057518664 0.63535040506 0.48436055109 0.58236265192 0.64622149238 0.58491869839 0.59103788632 0.60182734817 0.60259185850 0.66298454532 0.60475689004 0.66904647806 0.64989167195 0.66063226172 0.61447688586 0.58523239459 0.73962328522 0.43605043164 0.68358910381 0.65264912901 0.53702560293 0.76543796878 0.74306466625 0.75857786336 0.91778189738 0.87472845484 0.82174926789 0.65357312738 1.01122742567 0.81173884564 0.71856484740 0.91026693618 0.86211834280 0.93725495887 1.36387447727 0.98710594989 0.97492240899 1.67052886575 1.83350976441 1.60791156415 1.78569064707 2.01691462106 2.76670644220 2.95052124551 3.23819228154 -282.7008560668 0.00109065549   -8 
-- Local optimization: reached maximum number of likelihood evaluations allowed.
---- Best joint likelihood found -282.700856066804818 with gradient 0.00109

---- Results for RevisionsPolyDFE/express10_0.144607458793027_PolyDFE.input 
--  Model: C
--        eps_an     theta_bar             a 
-- 0.01387787280 0.00789944516            -1 
--           S_d             b           p_b           S_b 
-- -392.34661518 0.28492534294 0.00022971942 0.87528388992 
--           r 2           r 3           r 4           r 5           r 6           r 7           r 8           r 9          r 10          r 11          r 12          r 13          r 14          r 15          r 16          r 17          r 18          r 19          r 20          r 21          r 22          r 23          r 24          r 25          r 26          r 27          r 28          r 29          r 30          r 31          r 32          r 33          r 34          r 35          r 36          r 37          r 38          r 39          r 40          r 41          r 42          r 43          r 44          r 45          r 46          r 47          r 48          r 49 
-- 0.80520535661 0.73538856066 0.66481837617 0.63057518664 0.63535040506 0.48436055109 0.58236265192 0.64622149238 0.58491869839 0.59103788632 0.60182734817 0.60259185850 0.66298454532 0.60475689004 0.66904647806 0.64989167195 0.66063226172 0.61447688586 0.58523239459 0.73962328522 0.43605043164 0.68358910381 0.65264912901 0.53702560293 0.76543796878 0.74306466625 0.75857786336 0.91778189738 0.87472845484 0.82174926789 0.65357312738 1.01122742567 0.81173884564 0.71856484740 0.91026693618 0.86211834280 0.93725495887 1.36387447727 0.98710594989 0.97492240899 1.67052886575 1.83350976441 1.60791156415 1.78569064707 2.01691462106 2.76670644220 2.95052124551 3.23819228154 

---- Expected P_neut(i), 0 < i < n (neutral SFS per site) 
E[P_neut(1)] = 0.0077970625
E[P_neut(2)] = 0.0031429402
E[P_neut(3)] = 0.0019159676
E[P_neut(4)] = 0.0012995102
E[P_neut(5)] = 0.0009867634
E[P_neut(6)] = 0.0008288835
E[P_neut(7)] = 0.0005436860
E[P_neut(8)] = 0.0005714227
E[P_neut(9)] = 0.0005619343
E[P_neut(10)] = 0.0004583463
E[P_neut(11)] = 0.0004223863
E[P_neut(12)] = 0.0003933810
E[P_neut(13)] = 0.0003636375
E[P_neut(14)] = 0.0003716669
E[P_neut(15)] = 0.0003163138
E[P_neut(16)] = 0.0003283517
E[P_neut(17)] = 0.0003011557
E[P_neut(18)] = 0.0002881393
E[P_neut(19)] = 0.0002548356
E[P_neut(20)] = 0.0002311392
E[P_neut(21)] = 0.0002778280
E[P_neut(22)] = 0.0001573679
E[P_neut(23)] = 0.0002345403
E[P_neut(24)] = 0.0002150615
E[P_neut(25)] = 0.0001696882
E[P_neut(26)] = 0.0002323128
E[P_neut(27)] = 0.0002176412
E[P_neut(28)] = 0.0002132151
E[P_neut(29)] = 0.0002503905
E[P_neut(30)] = 0.0002303404
E[P_neut(31)] = 0.0002100383
E[P_neut(32)] = 0.0001631240
E[P_neut(33)] = 0.0002428963
E[P_neut(34)] = 0.0001905635
E[P_neut(35)] = 0.0001643481
E[P_neut(36)] = 0.0002021586
E[P_neut(37)] = 0.0001865882
E[P_neut(38)] = 0.0001976308
E[P_neut(39)] = 0.0002783092
E[P_neut(40)] = 0.0001986467
E[P_neut(41)] = 0.0001931024
E[P_neut(42)] = 0.0003178164
E[P_neut(43)] = 0.0003397416
E[P_neut(44)] = 0.0002962754
E[P_neut(45)] = 0.0003229413
E[P_neut(46)] = 0.0003597727
E[P_neut(47)] = 0.0004854291
E[P_neut(48)] = 0.0005229701
E[P_neut(49)] = 0.0006244219

---- Expected P_sel(i), 0 < i < n (selected SFS per site) 
E[P_sel(1)] = 0.0036413505
E[P_sel(2)] = 0.0011216498
E[P_sel(3)] = 0.0005950154
E[P_sel(4)] = 0.0003687561
E[P_sel(5)] = 0.0002620419
E[P_sel(6)] = 0.0002089712
E[P_sel(7)] = 0.0001311946
E[P_sel(8)] = 0.0001330830
E[P_sel(9)] = 0.0001270003
E[P_sel(10)] = 0.0001007638
E[P_sel(11)] = 0.0000905535
E[P_sel(12)] = 0.0000825568
E[P_sel(13)] = 0.0000748077
E[P_sel(14)] = 0.0000750703
E[P_sel(15)] = 0.0000628275
E[P_sel(16)] = 0.0000641985
E[P_sel(17)] = 0.0000580038
E[P_sel(18)] = 0.0000547720
E[P_sel(19)] = 0.0000478056
E[P_sel(20)] = 0.0000428325
E[P_sel(21)] = 0.0000509092
E[P_sel(22)] = 0.0000285172
E[P_sel(23)] = 0.0000420830
E[P_sel(24)] = 0.0000382120
E[P_sel(25)] = 0.0000298719
E[P_sel(26)] = 0.0000405338
E[P_sel(27)] = 0.0000376545
E[P_sel(28)] = 0.0000365796
E[P_sel(29)] = 0.0000426363
E[P_sel(30)] = 0.0000389232
E[P_sel(31)] = 0.0000352487
E[P_sel(32)] = 0.0000272173
E[P_sel(33)] = 0.0000402157
E[P_sel(34)] = 0.0000313908
E[P_sel(35)] = 0.0000269275
E[P_sel(36)] = 0.0000329254
E[P_sel(37)] = 0.0000302370
E[P_sel(38)] = 0.0000318673
E[P_sel(39)] = 0.0000445537
E[P_sel(40)] = 0.0000317829
E[P_sel(41)] = 0.0000308820
E[P_sel(42)] = 0.0000502739
E[P_sel(43)] = 0.0000534576
E[P_sel(44)] = 0.0000469430
E[P_sel(45)] = 0.0000512263
E[P_sel(46)] = 0.0000574555
E[P_sel(47)] = 0.0000782034
E[P_sel(48)] = 0.0000883562
E[P_sel(49)] = 0.0001289035

---- alpha_dfe = 0.002384

