---- Running command
---- ./polyDFE -d RevisionsPolyDFE/express6_-0.454985622060733_PolyDFE.input -m C -i /home/jejames/ArabidopsisCrossGenome/model.txt 1 -e 
---- Performing inference using model C

---- Performing inference on RevisionsPolyDFE/express6_-0.454985622060733_PolyDFE.input
----      with -i /home/jejames/ArabidopsisCrossGenome/model.txt 1
---- Data RevisionsPolyDFE/express6_-0.454985622060733_PolyDFE.input does not contain divergence counts. Using option -w.
---- No mutation variability. Using Poisson likelihood.


---- Calculating initial values

-- Starting local optimization
-- Optimizing all parameters
  it        eps_an     theta_bar           S_d             b           p_b           S_b           r 2           r 3           r 4           r 5           r 6           r 7           r 8           r 9          r 10          r 11          r 12          r 13          r 14          r 15          r 16          r 17          r 18          r 19          r 20          r 21          r 22          r 23          r 24          r 25          r 26          r 27          r 28          r 29          r 30          r 31          r 32          r 33          r 34          r 35          r 36          r 37          r 38          r 39          r 40          r 41          r 42          r 43          r 44          r 45          r 46          r 47          r 48          r 49           ln lk          grad status 
   0           0.1 0.00929848207        -20000         0.208           0.1            20 0.87949381650 0.75194132873 0.74029335634 0.67443198159 0.62467644521 0.77911993097 0.56025309174 0.53839516824 0.85418464193 0.73871153293 0.80414150129 0.80385389703 0.69456427955 0.54141501294 0.68104687949 0.83606557377 0.73770491803 0.96448087431 0.72188668392 1.03278688524 0.74345700316 0.80040264595 1.03192407247 0.71901064135 0.78889847569 1.00172562553 1.10727638769 1.15933275812 1.11734253666 0.96735691688 1.49554213402 1.69887834339 1.29076790336 1.30356629278 1.99309749784 1.86223756111 1.49726775956 1.58714408973 2.22030486051 1.79234972677 1.83002588438 2.51049755536 2.25251653724 3.37791199309 3.06269772792 4.37287891860 6.08800690250             1 -2019.576787606 24.9850914207   -2 
1004 0.00414430244 0.00800604937 -262.82580391 0.25233801438 0.00016426660 0.37199410820 0.89575268735 0.80307347614 0.74103694790 0.75996570768 0.69141680548 0.70325385617 0.57756576806 0.72250029483 0.80757551259 0.70371488824 0.76177541953 0.91950374093 0.78520669719 0.64494850758 0.69341394378 0.75223334334 0.76773191587 0.94834241672 0.72337569598 0.88437062983 0.73341509615 0.78515538778 0.97881362342 0.63342185023 0.86427271459 0.88408379061 0.86495666240 1.03255073707 0.97291087660 0.82070702676 1.17226624078 1.16822981012 1.09271337663 1.34080369808 1.40557445865 1.54633243780 1.17944379087 1.37313022913 1.81947421266 1.44712138978 1.37208238122 1.99454526997 2.28323490468 2.45771579927 2.09217491527 2.87031057758 3.54684646155 4.41282950768 -306.1426430823 0.00061487570   -8 
-- Local optimization: reached maximum number of likelihood evaluations allowed.
---- Best joint likelihood found -306.142643082352038 with gradient 0.00061

---- Results for RevisionsPolyDFE/express6_-0.454985622060733_PolyDFE.input 
--  Model: C
--        eps_an     theta_bar             a 
-- 0.00414430244 0.00800604937            -1 
--           S_d             b           p_b           S_b 
-- -262.82580391 0.25233801438 0.00016426660 0.37199410820 
--           r 2           r 3           r 4           r 5           r 6           r 7           r 8           r 9          r 10          r 11          r 12          r 13          r 14          r 15          r 16          r 17          r 18          r 19          r 20          r 21          r 22          r 23          r 24          r 25          r 26          r 27          r 28          r 29          r 30          r 31          r 32          r 33          r 34          r 35          r 36          r 37          r 38          r 39          r 40          r 41          r 42          r 43          r 44          r 45          r 46          r 47          r 48          r 49 
-- 0.89575268735 0.80307347614 0.74103694790 0.75996570768 0.69141680548 0.70325385617 0.57756576806 0.72250029483 0.80757551259 0.70371488824 0.76177541953 0.91950374093 0.78520669719 0.64494850758 0.69341394378 0.75223334334 0.76773191587 0.94834241672 0.72337569598 0.88437062983 0.73341509615 0.78515538778 0.97881362342 0.63342185023 0.86427271459 0.88408379061 0.86495666240 1.03255073707 0.97291087660 0.82070702676 1.17226624078 1.16822981012 1.09271337663 1.34080369808 1.40557445865 1.54633243780 1.17944379087 1.37313022913 1.81947421266 1.44712138978 1.37208238122 1.99454526997 2.28323490468 2.45771579927 2.09217491527 2.87031057758 3.54684646155 4.41282950768 

---- Expected P_neut(i), 0 < i < n (neutral SFS per site) 
E[P_neut(1)] = 0.0079758580
E[P_neut(2)] = 0.0035733115
E[P_neut(3)] = 0.0021362931
E[P_neut(4)] = 0.0014785569
E[P_neut(5)] = 0.0012136337
E[P_neut(6)] = 0.0009204844
E[P_neut(7)] = 0.0008025321
E[P_neut(8)] = 0.0005766910
E[P_neut(9)] = 0.0006412156
E[P_neut(10)] = 0.0006453787
E[P_neut(11)] = 0.0005112252
E[P_neut(12)] = 0.0005071579
E[P_neut(13)] = 0.0005653162
E[P_neut(14)] = 0.0004484634
E[P_neut(15)] = 0.0003440771
E[P_neut(16)] = 0.0003465975
E[P_neut(17)] = 0.0003539663
E[P_neut(18)] = 0.0003412725
E[P_neut(19)] = 0.0003988263
E[P_neut(20)] = 0.0002894450
E[P_neut(21)] = 0.0003369419
E[P_neut(22)] = 0.0002668169
E[P_neut(23)] = 0.0002732578
E[P_neut(24)] = 0.0003262677
E[P_neut(25)] = 0.0002028483
E[P_neut(26)] = 0.0002663814
E[P_neut(27)] = 0.0002621951
E[P_neut(28)] = 0.0002473985
E[P_neut(29)] = 0.0002852729
E[P_neut(30)] = 0.0002597631
E[P_neut(31)] = 0.0002127332
E[P_neut(32)] = 0.0002934879
E[P_neut(33)] = 0.0002837150
E[P_neut(34)] = 0.0002576751
E[P_neut(35)] = 0.0003068567
E[P_neut(36)] = 0.0003131515
E[P_neut(37)] = 0.0003355551
E[P_neut(38)] = 0.0002495682
E[P_neut(39)] = 0.0002828352
E[P_neut(40)] = 0.0003653403
E[P_neut(41)] = 0.0002840712
E[P_neut(42)] = 0.0002628581
E[P_neut(43)] = 0.0003731531
E[P_neut(44)] = 0.0004175493
E[P_neut(45)] = 0.0004404886
E[P_neut(46)] = 0.0003687694
E[P_neut(47)] = 0.0004957885
E[P_neut(48)] = 0.0006039967
E[P_neut(49)] = 0.0007511982

---- Expected P_sel(i), 0 < i < n (selected SFS per site) 
E[P_sel(1)] = 0.0042957375
E[P_sel(2)] = 0.0015328952
E[P_sel(3)] = 0.0008126952
E[P_sel(4)] = 0.0005198497
E[P_sel(5)] = 0.0004025944
E[P_sel(6)] = 0.0002916995
E[P_sel(7)] = 0.0002449713
E[P_sel(8)] = 0.0001705452
E[P_sel(9)] = 0.0001845004
E[P_sel(10)] = 0.0001812454
E[P_sel(11)] = 0.0001405142
E[P_sel(12)] = 0.0001367224
E[P_sel(13)] = 0.0001497169
E[P_sel(14)] = 0.0001168502
E[P_sel(15)] = 0.0000883083
E[P_sel(16)] = 0.0000877365
E[P_sel(17)] = 0.0000884448
E[P_sel(18)] = 0.0000842411
E[P_sel(19)] = 0.0000973425
E[P_sel(20)] = 0.0000698777
E[P_sel(21)] = 0.0000805193
E[P_sel(22)] = 0.0000631452
E[P_sel(23)] = 0.0000640754
E[P_sel(24)] = 0.0000758362
E[P_sel(25)] = 0.0000467538
E[P_sel(26)] = 0.0000609058
E[P_sel(27)] = 0.0000594868
E[P_sel(28)] = 0.0000557152
E[P_sel(29)] = 0.0000637897
E[P_sel(30)] = 0.0000576865
E[P_sel(31)] = 0.0000469460
E[P_sel(32)] = 0.0000643334
E[P_sel(33)] = 0.0000618108
E[P_sel(34)] = 0.0000558070
E[P_sel(35)] = 0.0000660639
E[P_sel(36)] = 0.0000670602
E[P_sel(37)] = 0.0000714883
E[P_sel(38)] = 0.0000529136
E[P_sel(39)] = 0.0000596504
E[P_sel(40)] = 0.0000766718
E[P_sel(41)] = 0.0000593820
E[P_sel(42)] = 0.0000546970
E[P_sel(43)] = 0.0000773091
E[P_sel(44)] = 0.0000861645
E[P_sel(45)] = 0.0000906799
E[P_sel(46)] = 0.0000759541
E[P_sel(47)] = 0.0001020335
E[P_sel(48)] = 0.0001252362
E[P_sel(49)] = 0.0001621331

---- alpha_dfe = 0.000996

