---- Running command
---- ./polyDFE -d RevisionsPolyDFE/express13_0.455550550095831_PolyDFE.input -m C -i /home/jejames/ArabidopsisCrossGenome/model.txt 1 -e 
---- Performing inference using model C

---- Performing inference on RevisionsPolyDFE/express13_0.455550550095831_PolyDFE.input
----      with -i /home/jejames/ArabidopsisCrossGenome/model.txt 1
---- Data RevisionsPolyDFE/express13_0.455550550095831_PolyDFE.input does not contain divergence counts. Using option -w.
---- No mutation variability. Using Poisson likelihood.


---- Calculating initial values

-- Starting local optimization
-- Optimizing all parameters
  it        eps_an     theta_bar           S_d             b           p_b           S_b           r 2           r 3           r 4           r 5           r 6           r 7           r 8           r 9          r 10          r 11          r 12          r 13          r 14          r 15          r 16          r 17          r 18          r 19          r 20          r 21          r 22          r 23          r 24          r 25          r 26          r 27          r 28          r 29          r 30          r 31          r 32          r 33          r 34          r 35          r 36          r 37          r 38          r 39          r 40          r 41          r 42          r 43          r 44          r 45          r 46          r 47          r 48          r 49           ln lk          grad status 
   0           0.1 0.00905063110        -70000         0.208           0.1            20 0.82554312047 0.79275839368 0.68571428571 0.59117840684 0.60987491770 0.54101382488 0.53719552337 0.56761026991 0.68202764976 0.54022383146 0.47873601053 0.50836076366 0.58617511520 0.66951942067 0.63199473337 0.51257406188 0.74891375905 0.95312705727 0.80315997366 0.51152073732 0.79657669519 0.75102040816 0.80263331138 0.59249506254 0.97906517445 0.82475312705 1.16129032258 1.16458196181 1.04674127715 1.58775510204 1.53364055299 0.96023699802 1.34298880842 1.15668202764 1.05227123107 1.32995391705 0.83554970375 0.80618828176 1.80118499012 1.24700460829 1.49308755760 2.28163265306 2.24779460171 2.85582620144 3.13732718894 3.85529953917 5.40355497037             1 -1973.566687142 26.8205493123   -2 
 434 0.00430884471 0.00800636419 -677.94748786 0.25267633560 0.00034968386 0.97523749045 0.80329418604 0.74244725735 0.69373309546 0.61224909065 0.68486503939 0.68085645537 0.66873930958 0.52633989012 0.59155178675 0.53069547844 0.54709157809 0.49214386067 0.55213392863 0.64319083231 0.59821269992 0.46623142211 0.68075452115 0.64873320058 0.73858109372 0.72433015826 0.67542520513 0.60389405869 0.79082646380 0.71082819576 0.75873547837 0.68313385952 0.91675134382 0.91292053008 0.96718290973 1.06583787017 1.16779266394 0.75969618589 1.17771545661 0.75973869093 0.73445458003 1.06210356426 0.75103987956 0.74474717627 1.20745357400 0.95520136426 1.38270603645 1.77517209806 1.69283042406 2.26632133987 2.43459411040 2.43802588175 3.48241067987 4.01829797366 -308.5975558812 0.00081682402   -3 
-- Local optimization: stuck in the same solution
---- Best joint likelihood found -308.597555881272626 with gradient 0.00082

---- Results for RevisionsPolyDFE/express13_0.455550550095831_PolyDFE.input 
--  Model: C
--        eps_an     theta_bar             a 
-- 0.00430884471 0.00800636419            -1 
--           S_d             b           p_b           S_b 
-- -677.94748786 0.25267633560 0.00034968386 0.97523749045 
--           r 2           r 3           r 4           r 5           r 6           r 7           r 8           r 9          r 10          r 11          r 12          r 13          r 14          r 15          r 16          r 17          r 18          r 19          r 20          r 21          r 22          r 23          r 24          r 25          r 26          r 27          r 28          r 29          r 30          r 31          r 32          r 33          r 34          r 35          r 36          r 37          r 38          r 39          r 40          r 41          r 42          r 43          r 44          r 45          r 46          r 47          r 48          r 49 
-- 0.80329418604 0.74244725735 0.69373309546 0.61224909065 0.68486503939 0.68085645537 0.66873930958 0.52633989012 0.59155178675 0.53069547844 0.54709157809 0.49214386067 0.55213392863 0.64319083231 0.59821269992 0.46623142211 0.68075452115 0.64873320058 0.73858109372 0.72433015826 0.67542520513 0.60389405869 0.79082646380 0.71082819576 0.75873547837 0.68313385952 0.91675134382 0.91292053008 0.96718290973 1.06583787017 1.16779266394 0.75969618589 1.17771545661 0.75973869093 0.73445458003 1.06210356426 0.75103987956 0.74474717627 1.20745357400 0.95520136426 1.38270603645 1.77517209806 1.69283042406 2.26632133987 2.43459411040 2.43802588175 3.48241067987 4.01829797366 

---- Expected P_neut(i), 0 < i < n (neutral SFS per site) 
E[P_neut(1)] = 0.0079746951
E[P_neut(2)] = 0.0032043797
E[P_neut(3)] = 0.0019746862
E[P_neut(4)] = 0.0013844127
E[P_neut(5)] = 0.0009778910
E[P_neut(6)] = 0.0009112693
E[P_neut(7)] = 0.0007768094
E[P_neut(8)] = 0.0006675233
E[P_neut(9)] = 0.0004670161
E[P_neut(10)] = 0.0004726185
E[P_neut(11)] = 0.0003852618
E[P_neut(12)] = 0.0003641269
E[P_neut(13)] = 0.0003027830
E[P_neut(14)] = 0.0003150994
E[P_neut(15)] = 0.0003425776
E[P_neut(16)] = 0.0002992494
E[P_neut(17)] = 0.0002194256
E[P_neut(18)] = 0.0003027525
E[P_neut(19)] = 0.0002733763
E[P_neut(20)] = 0.0002955057
E[P_neut(21)] = 0.0002760509
E[P_neut(22)] = 0.0002458749
E[P_neut(23)] = 0.0002101843
E[P_neut(24)] = 0.0002636885
E[P_neut(25)] = 0.0002276460
E[P_neut(26)] = 0.0002337728
E[P_neut(27)] = 0.0002026040
E[P_neut(28)] = 0.0002620670
E[P_neut(29)] = 0.0002521444
E[P_neut(30)] = 0.0002582824
E[P_neut(31)] = 0.0002752655
E[P_neut(32)] = 0.0002922262
E[P_neut(33)] = 0.0001844672
E[P_neut(34)] = 0.0002774248
E[P_neut(35)] = 0.0001745231
E[P_neut(36)] = 0.0001639987
E[P_neut(37)] = 0.0002301424
E[P_neut(38)] = 0.0001591304
E[P_neut(39)] = 0.0001538958
E[P_neut(40)] = 0.0002426822
E[P_neut(41)] = 0.0001877428
E[P_neut(42)] = 0.0002653301
E[P_neut(43)] = 0.0003324586
E[P_neut(44)] = 0.0003106427
E[P_neut(45)] = 0.0004057090
E[P_neut(46)] = 0.0004279018
E[P_neut(47)] = 0.0004220614
E[P_neut(48)] = 0.0005922167
E[P_neut(49)] = 0.0006882397

---- Expected P_sel(i), 0 < i < n (selected SFS per site) 
E[P_sel(1)] = 0.0034856367
E[P_sel(2)] = 0.0010904540
E[P_sel(3)] = 0.0005934746
E[P_sel(4)] = 0.0003839314
E[P_sel(5)] = 0.0002556943
E[P_sel(6)] = 0.0002275877
E[P_sel(7)] = 0.0001868023
E[P_sel(8)] = 0.0001554919
E[P_sel(9)] = 0.0001058280
E[P_sel(10)] = 0.0001045194
E[P_sel(11)] = 0.0000833887
E[P_sel(12)] = 0.0000772898
E[P_sel(13)] = 0.0000631216
E[P_sel(14)] = 0.0000646430
E[P_sel(15)] = 0.0000692339
E[P_sel(16)] = 0.0000596249
E[P_sel(17)] = 0.0000431589
E[P_sel(18)] = 0.0000588255
E[P_sel(19)] = 0.0000525134
E[P_sel(20)] = 0.0000561584
E[P_sel(21)] = 0.0000519277
E[P_sel(22)] = 0.0000458038
E[P_sel(23)] = 0.0000387967
E[P_sel(24)] = 0.0000482470
E[P_sel(25)] = 0.0000413036
E[P_sel(26)] = 0.0000420759
E[P_sel(27)] = 0.0000361857
E[P_sel(28)] = 0.0000464596
E[P_sel(29)] = 0.0000443849
E[P_sel(30)] = 0.0000451555
E[P_sel(31)] = 0.0000478043
E[P_sel(32)] = 0.0000504276
E[P_sel(33)] = 0.0000316395
E[P_sel(34)] = 0.0000472969
E[P_sel(35)] = 0.0000296041
E[P_sel(36)] = 0.0000276652
E[P_sel(37)] = 0.0000385920
E[P_sel(38)] = 0.0000265757
E[P_sel(39)] = 0.0000255823
E[P_sel(40)] = 0.0000401182
E[P_sel(41)] = 0.0000309198
E[P_sel(42)] = 0.0000435097
E[P_sel(43)] = 0.0000542714
E[P_sel(44)] = 0.0000505796
E[P_sel(45)] = 0.0000657349
E[P_sel(46)] = 0.0000692804
E[P_sel(47)] = 0.0000685567
E[P_sel(48)] = 0.0000966230
E[P_sel(49)] = 0.0001185388

---- alpha_dfe = 0.003622

