---- Running command
---- ./polyDFE -d RevisionsPolyDFE/express3_-1.39498792358313_PolyDFE.input -m C -i /home/jejames/ArabidopsisCrossGenome/model.txt 1 -e 
---- Performing inference using model C

---- Performing inference on RevisionsPolyDFE/express3_-1.39498792358313_PolyDFE.input
----      with -i /home/jejames/ArabidopsisCrossGenome/model.txt 1
---- Data RevisionsPolyDFE/express3_-1.39498792358313_PolyDFE.input does not contain divergence counts. Using option -w.
---- No mutation variability. Using Poisson likelihood.


---- Calculating initial values

-- Starting local optimization
-- Optimizing all parameters
  it        eps_an     theta_bar           S_d             b           p_b           S_b           r 2           r 3           r 4           r 5           r 6           r 7           r 8           r 9          r 10          r 11          r 12          r 13          r 14          r 15          r 16          r 17          r 18          r 19          r 20          r 21          r 22          r 23          r 24          r 25          r 26          r 27          r 28          r 29          r 30          r 31          r 32          r 33          r 34          r 35          r 36          r 37          r 38          r 39          r 40          r 41          r 42          r 43          r 44          r 45          r 46          r 47          r 48          r 49           ln lk          grad status 
   0           0.1 0.00974936003        -20000         0.208           0.1            20 0.88741171582 0.77274615704 0.82204680792 0.70488851959 0.53344412131 0.56224899598 0.65364907907 0.53095139177 0.68134607395 0.70378063980 0.76609887827 0.75432765544 0.65724968840 0.56917324470 0.68245395374 0.61916632045 0.60573327793 0.62359783963 0.45700041545 0.73286248442 0.83174075612 0.66888242625 0.65143331948 0.79628860268 0.87854867746 0.78520980473 0.84143470433 1.07630522088 0.85168259243 0.91441628583 1.18321562110 1.31159119235 1.37487882564 1.09541614734 1.25135022850 1.69602548123 1.62609056917 1.71749065226 1.48455892535 2.23708627613 2.03572912339 2.02465032543 2.05954853898 2.75446614042 3.54189170475 4.81650740894 6.62068965517             1 -2239.462341952 19.0554635891   -2 
 422 0.00657594962 0.00857347650 -106.62566089 0.28843466270 0.00017443305 0.56495979211 0.81684232461 0.82371006775 0.77999299545 0.76679542873 0.58645162058 0.64048344556 0.63978748588 0.59993765171 0.69363488169 0.62907235844 0.68879858597 0.73373182351 0.60063375359 0.60027686360 0.70802234587 0.70116358579 0.56521677624 0.60192669012 0.60368309361 0.78217504703 0.81181607805 0.75983627101 0.69917973868 0.74603559211 0.65669280330 0.76468743214 0.81255077849 0.87993117478 0.71662968869 0.76192207853 1.06156966070 1.07629722374 1.00825272118 0.99931702187 1.00844365071 1.24188568334 1.20836686653 1.26813485684 1.29956360550 1.56834993033 1.57920315351 1.50834992357 1.68202794444 1.95793345907 2.42336524649 2.83621095221 4.06900353586 4.88417815111 -303.2219255735 0.00042273267   -8 
-- Local optimization: reached maximum number of likelihood evaluations allowed.
---- Best joint likelihood found -303.221925573542080 with gradient 0.00042

---- Results for RevisionsPolyDFE/express3_-1.39498792358313_PolyDFE.input 
--  Model: C
--        eps_an     theta_bar             a 
-- 0.00657594962 0.00857347650            -1 
--           S_d             b           p_b           S_b 
-- -106.62566089 0.28843466270 0.00017443305 0.56495979211 
--           r 2           r 3           r 4           r 5           r 6           r 7           r 8           r 9          r 10          r 11          r 12          r 13          r 14          r 15          r 16          r 17          r 18          r 19          r 20          r 21          r 22          r 23          r 24          r 25          r 26          r 27          r 28          r 29          r 30          r 31          r 32          r 33          r 34          r 35          r 36          r 37          r 38          r 39          r 40          r 41          r 42          r 43          r 44          r 45          r 46          r 47          r 48          r 49 
-- 0.81684232461 0.82371006775 0.77999299545 0.76679542873 0.58645162058 0.64048344556 0.63978748588 0.59993765171 0.69363488169 0.62907235844 0.68879858597 0.73373182351 0.60063375359 0.60027686360 0.70802234587 0.70116358579 0.56521677624 0.60192669012 0.60368309361 0.78217504703 0.81181607805 0.75983627101 0.69917973868 0.74603559211 0.65669280330 0.76468743214 0.81255077849 0.87993117478 0.71662968869 0.76192207853 1.06156966070 1.07629722374 1.00825272118 0.99931702187 1.00844365071 1.24188568334 1.20836686653 1.26813485684 1.29956360550 1.56834993033 1.57920315351 1.50834992357 1.68202794444 1.95793345907 2.42336524649 2.83621095221 4.06900353586 4.88417815111 

---- Expected P_neut(i), 0 < i < n (neutral SFS per site) 
E[P_neut(1)] = 0.0085227174
E[P_neut(2)] = 0.0034833422
E[P_neut(3)] = 0.0023419419
E[P_neut(4)] = 0.0016637893
E[P_neut(5)] = 0.0013086273
E[P_neut(6)] = 0.0008346329
E[P_neut(7)] = 0.0007812720
E[P_neut(8)] = 0.0006832614
E[P_neut(9)] = 0.0005699041
E[P_neut(10)] = 0.0005926073
E[P_neut(11)] = 0.0004889124
E[P_neut(12)] = 0.0004906732
E[P_neut(13)] = 0.0004826051
E[P_neut(14)] = 0.0003669833
E[P_neut(15)] = 0.0003424508
E[P_neut(16)] = 0.0003785654
E[P_neut(17)] = 0.0003531258
E[P_neut(18)] = 0.0002693151
E[P_neut(19)] = 0.0002712103
E[P_neut(20)] = 0.0002584282
E[P_neut(21)] = 0.0003189422
E[P_neut(22)] = 0.0003159232
E[P_neut(23)] = 0.0002829706
E[P_neut(24)] = 0.0002495482
E[P_neut(25)] = 0.0002558447
E[P_neut(26)] = 0.0002167623
E[P_neut(27)] = 0.0002430817
E[P_neut(28)] = 0.0002492438
E[P_neut(29)] = 0.0002605296
E[P_neut(30)] = 0.0002051552
E[P_neut(31)] = 0.0002111204
E[P_neut(32)] = 0.0002843170
E[P_neut(33)] = 0.0002801111
E[P_neut(34)] = 0.0002550650
E[P_neut(35)] = 0.0002454356
E[P_neut(36)] = 0.0002410025
E[P_neut(37)] = 0.0002890540
E[P_neut(38)] = 0.0002740724
E[P_neut(39)] = 0.0002801685
E[P_neut(40)] = 0.0002806234
E[P_neut(41)] = 0.0003295579
E[P_neut(42)] = 0.0003247523
E[P_neut(43)] = 0.0003039205
E[P_neut(44)] = 0.0003311014
E[P_neut(45)] = 0.0003792220
E[P_neut(46)] = 0.0004596903
E[P_neut(47)] = 0.0005294434
E[P_neut(48)] = 0.0007450284
E[P_neut(49)] = 0.0009053384

---- Expected P_sel(i), 0 < i < n (selected SFS per site) 
E[P_sel(1)] = 0.0053169893
E[P_sel(2)] = 0.0017444238
E[P_sel(3)] = 0.0010326272
E[P_sel(4)] = 0.0006727942
E[P_sel(5)] = 0.0004961181
E[P_sel(6)] = 0.0003005815
E[P_sel(7)] = 0.0002697684
E[P_sel(8)] = 0.0002276014
E[P_sel(9)] = 0.0001840143
E[P_sel(10)] = 0.0001862334
E[P_sel(11)] = 0.0001499210
E[P_sel(12)] = 0.0001471924
E[P_sel(13)] = 0.0001418934
E[P_sel(14)] = 0.0001059265
E[P_sel(15)] = 0.0000971761
E[P_sel(16)] = 0.0001057511
E[P_sel(17)] = 0.0000971942
E[P_sel(18)] = 0.0000730970
E[P_sel(19)] = 0.0000726815
E[P_sel(20)] = 0.0000684141
E[P_sel(21)] = 0.0000834620
E[P_sel(22)] = 0.0000817701
E[P_sel(23)] = 0.0000724781
E[P_sel(24)] = 0.0000632838
E[P_sel(25)] = 0.0000642658
E[P_sel(26)] = 0.0000539564
E[P_sel(27)] = 0.0000599835
E[P_sel(28)] = 0.0000609944
E[P_sel(29)] = 0.0000632452
E[P_sel(30)] = 0.0000494202
E[P_sel(31)] = 0.0000504808
E[P_sel(32)] = 0.0000674743
E[P_sel(33)] = 0.0000660364
E[P_sel(34)] = 0.0000597472
E[P_sel(35)] = 0.0000571148
E[P_sel(36)] = 0.0000557458
E[P_sel(37)] = 0.0000664779
E[P_sel(38)] = 0.0000626850
E[P_sel(39)] = 0.0000637180
E[P_sel(40)] = 0.0000635414
E[P_sel(41)] = 0.0000741640
E[P_sel(42)] = 0.0000728120
E[P_sel(43)] = 0.0000679491
E[P_sel(44)] = 0.0000737146
E[P_sel(45)] = 0.0000844984
E[P_sel(46)] = 0.0001022936
E[P_sel(47)] = 0.0001183554
E[P_sel(48)] = 0.0001674524
E[P_sel(49)] = 0.0002176505

---- alpha_dfe = 0.001092

