---- Running command
---- ./polyDFE -d RevisionsPolyDFE/express4_-1.01649681899209_PolyDFE.input -m C -i /home/jejames/ArabidopsisCrossGenome/model.txt 1 -e 
---- Performing inference using model C

---- Performing inference on RevisionsPolyDFE/express4_-1.01649681899209_PolyDFE.input
----      with -i /home/jejames/ArabidopsisCrossGenome/model.txt 1
---- Data RevisionsPolyDFE/express4_-1.01649681899209_PolyDFE.input does not contain divergence counts. Using option -w.
---- No mutation variability. Using Poisson likelihood.


---- Calculating initial values

-- Starting local optimization
-- Optimizing all parameters
  it        eps_an     theta_bar           S_d             b           p_b           S_b           r 2           r 3           r 4           r 5           r 6           r 7           r 8           r 9          r 10          r 11          r 12          r 13          r 14          r 15          r 16          r 17          r 18          r 19          r 20          r 21          r 22          r 23          r 24          r 25          r 26          r 27          r 28          r 29          r 30          r 31          r 32          r 33          r 34          r 35          r 36          r 37          r 38          r 39          r 40          r 41          r 42          r 43          r 44          r 45          r 46          r 47          r 48          r 49           ln lk          grad status 
   0           0.1 0.00985209450        -20000         0.208           0.1            20 0.74839070808 0.77623845507 0.66162888329 0.71088720962 0.66414777497 0.67198432689 0.56199272320 0.71662468513 0.80044780296 0.70347047299 0.72040302267 0.64763504058 0.85222502099 0.60663308144 0.70081164287 0.85166526728 0.55919395465 0.82689616568 0.57934508816 0.98446683459 0.99132381752 0.85614329694 0.78925272879 1.04953820319 1.00055975370 1.18639798488 1.01091519731 0.87251609291 0.76826196473 1.03680380632 1.06577106073 1.57934508816 1.22278197593 1.37629443045 1.58690176322 1.67758186397 1.38790931989 1.48992443324 2.39574587181 1.84172963895 1.63392107472 2.49118387909 2.94934228939 3.67758186397 3.07696613490 4.21592499300 4.74223341729             1 -2004.631381112 23.2441227967   -2 
 656 0.00895513164 0.00847265684 -178.41488557 0.28034038214 0.00024048060 0.60844732672 0.81055976694 0.79113079621 0.73538232060 0.73082220920 0.67780527572 0.66183120358 0.67034863395 0.72638400054 0.70347731662 0.68326353196 0.64777152983 0.70095338165 0.82190722863 0.70726045267 0.65287991439 0.71923269138 0.63314862038 0.83912027462 0.67553085726 0.87276792294 0.93169592879 0.78815438479 0.84231112912 1.00941736310 0.86993046566 0.94274746239 1.05290409292 0.82799909993 0.80245997907 0.97298693070 0.98942601077 1.04402049060 0.91997810674 0.92452543246 1.24032350785 1.52978294601 1.34358151411 1.14129228483 1.87921971941 1.50503834400 1.59945837612 1.90421068451 2.03547976762 2.50327534989 2.84603511613 2.93030041322 2.91127889527 4.17568669471 -305.8003777470 0.00052609756   -8 
-- Local optimization: reached maximum number of likelihood evaluations allowed.
---- Best joint likelihood found -305.800377747019581 with gradient 0.00053

---- Results for RevisionsPolyDFE/express4_-1.01649681899209_PolyDFE.input 
--  Model: C
--        eps_an     theta_bar             a 
-- 0.00895513164 0.00847265684            -1 
--           S_d             b           p_b           S_b 
-- -178.41488557 0.28034038214 0.00024048060 0.60844732672 
--           r 2           r 3           r 4           r 5           r 6           r 7           r 8           r 9          r 10          r 11          r 12          r 13          r 14          r 15          r 16          r 17          r 18          r 19          r 20          r 21          r 22          r 23          r 24          r 25          r 26          r 27          r 28          r 29          r 30          r 31          r 32          r 33          r 34          r 35          r 36          r 37          r 38          r 39          r 40          r 41          r 42          r 43          r 44          r 45          r 46          r 47          r 48          r 49 
-- 0.81055976694 0.79113079621 0.73538232060 0.73082220920 0.67780527572 0.66183120358 0.67034863395 0.72638400054 0.70347731662 0.68326353196 0.64777152983 0.70095338165 0.82190722863 0.70726045267 0.65287991439 0.71923269138 0.63314862038 0.83912027462 0.67553085726 0.87276792294 0.93169592879 0.78815438479 0.84231112912 1.00941736310 0.86993046566 0.94274746239 1.05290409292 0.82799909993 0.80245997907 0.97298693070 0.98942601077 1.04402049060 0.91997810674 0.92452543246 1.24032350785 1.52978294601 1.34358151411 1.14129228483 1.87921971941 1.50503834400 1.59945837612 1.90421068451 2.03547976762 2.50327534989 2.84603511613 2.93030041322 2.91127889527 4.17568669471 

---- Expected P_neut(i), 0 < i < n (neutral SFS per site) 
E[P_neut(1)] = 0.0084032489
E[P_neut(2)] = 0.0034076491
E[P_neut(3)] = 0.0022190484
E[P_neut(4)] = 0.0015484058
E[P_neut(5)] = 0.0012315318
E[P_neut(6)] = 0.0009520740
E[P_neut(7)] = 0.0007972533
E[P_neut(8)] = 0.0007064860
E[P_neut(9)] = 0.0006804840
E[P_neut(10)] = 0.0005942592
E[P_neut(11)] = 0.0005237854
E[P_neut(12)] = 0.0004559491
E[P_neut(13)] = 0.0004558873
E[P_neut(14)] = 0.0004955696
E[P_neut(15)] = 0.0003979184
E[P_neut(16)] = 0.0003446837
E[P_neut(17)] = 0.0003576499
E[P_neut(18)] = 0.0002977022
E[P_neut(19)] = 0.0003732188
E[P_neut(20)] = 0.0002856438
E[P_neut(21)] = 0.0003511398
E[P_neut(22)] = 0.0003584553
E[P_neut(23)] = 0.0002903867
E[P_neut(24)] = 0.0002972346
E[P_neut(25)] = 0.0003420979
E[P_neut(26)] = 0.0002836097
E[P_neut(27)] = 0.0002957869
E[P_neut(28)] = 0.0003189635
E[P_neut(29)] = 0.0002428957
E[P_neut(30)] = 0.0002271655
E[P_neut(31)] = 0.0002668980
E[P_neut(32)] = 0.0002622937
E[P_neut(33)] = 0.0002688589
E[P_neut(34)] = 0.0002302977
E[P_neut(35)] = 0.0002253786
E[P_neut(36)] = 0.0002937524
E[P_neut(37)] = 0.0003512601
E[P_neut(38)] = 0.0003009842
E[P_neut(39)] = 0.0002504355
E[P_neut(40)] = 0.0003998226
E[P_neut(41)] = 0.0003143550
E[P_neut(42)] = 0.0003261269
E[P_neut(43)] = 0.0003790165
E[P_neut(44)] = 0.0003970140
E[P_neut(45)] = 0.0004781892
E[P_neut(46)] = 0.0005334608
E[P_neut(47)] = 0.0005435214
E[P_neut(48)] = 0.0005400288
E[P_neut(49)] = 0.0007914316

---- Expected P_sel(i), 0 < i < n (selected SFS per site) 
E[P_sel(1)] = 0.0047388437
E[P_sel(2)] = 0.0015162729
E[P_sel(3)] = 0.0008666064
E[P_sel(4)] = 0.0005544035
E[P_sel(5)] = 0.0004135964
E[P_sel(6)] = 0.0003040171
E[P_sel(7)] = 0.0002442152
E[P_sel(8)] = 0.0002089708
E[P_sel(9)] = 0.0001952678
E[P_sel(10)] = 0.0001659451
E[P_sel(11)] = 0.0001428931
E[P_sel(12)] = 0.0001216957
E[P_sel(13)] = 0.0001193010
E[P_sel(14)] = 0.0001274268
E[P_sel(15)] = 0.0001006433
E[P_sel(16)] = 0.0000858375
E[P_sel(17)] = 0.0000877913
E[P_sel(18)] = 0.0000720931
E[P_sel(19)] = 0.0000892652
E[P_sel(20)] = 0.0000675071
E[P_sel(21)] = 0.0000820634
E[P_sel(22)] = 0.0000828743
E[P_sel(23)] = 0.0000664568
E[P_sel(24)] = 0.0000673716
E[P_sel(25)] = 0.0000768282
E[P_sel(26)] = 0.0000631340
E[P_sel(27)] = 0.0000652893
E[P_sel(28)] = 0.0000698406
E[P_sel(29)] = 0.0000527841
E[P_sel(30)] = 0.0000489922
E[P_sel(31)] = 0.0000571574
E[P_sel(32)] = 0.0000557661
E[P_sel(33)] = 0.0000567960
E[P_sel(34)] = 0.0000483515
E[P_sel(35)] = 0.0000470520
E[P_sel(36)] = 0.0000609553
E[P_sel(37)] = 0.0000724043
E[P_sel(38)] = 0.0000617314
E[P_sel(39)] = 0.0000511819
E[P_sel(40)] = 0.0000811410
E[P_sel(41)] = 0.0000636491
E[P_sel(42)] = 0.0000657440
E[P_sel(43)] = 0.0000760712
E[P_sel(44)] = 0.0000795134
E[P_sel(45)] = 0.0000955856
E[P_sel(46)] = 0.0001066637
E[P_sel(47)] = 0.0001097769
E[P_sel(48)] = 0.0001124105
E[P_sel(49)] = 0.0001808746

---- alpha_dfe = 0.001713

