---- Running command
---- ./polyDFE -d RevisionsPolyDFE/express1_-2.36888334387268_PolyDFE.input -m C -i /home/jejames/ArabidopsisCrossGenome/model.txt 1 -e 
---- Performing inference using model C

---- Performing inference on RevisionsPolyDFE/express1_-2.36888334387268_PolyDFE.input
----      with -i /home/jejames/ArabidopsisCrossGenome/model.txt 1
---- Data RevisionsPolyDFE/express1_-2.36888334387268_PolyDFE.input does not contain divergence counts. Using option -w.
---- No mutation variability. Using Poisson likelihood.


---- Calculating initial values

-- Starting local optimization
-- Optimizing all parameters
  it        eps_an     theta_bar           S_d             b           p_b           S_b           r 2           r 3           r 4           r 5           r 6           r 7           r 8           r 9          r 10          r 11          r 12          r 13          r 14          r 15          r 16          r 17          r 18          r 19          r 20          r 21          r 22          r 23          r 24          r 25          r 26          r 27          r 28          r 29          r 30          r 31          r 32          r 33          r 34          r 35          r 36          r 37          r 38          r 39          r 40          r 41          r 42          r 43          r 44          r 45          r 46          r 47          r 48          r 49           ln lk          grad status 
   0           0.1 0.00980046689        -20000         0.208           0.1            20 0.85308988764 0.71292134831 0.78483146067 0.67485955056 0.65983146067 0.61348314606 0.59325842696 0.76221910112 0.55477528089 0.61179775280 0.53764044943 0.66095505617 0.67050561797 0.77317415730 0.91011235955 0.79985955056 0.63202247191 0.90196629213 1.17977528089 0.77275280898 0.61179775280 1.00463483146 1.05842696629 1.15870786516 0.97134831460 0.90632022471 1.03033707865 1.13230337078 1.09550561797 1.40196629213 1.12359550561 1.36727528089 1.36095505617 1.29283707865 1.36011235955 1.54859550561 1.23286516853 1.99382022471 1.54494382022 2.22851123595 2.07640449438 2.02921348314 2.02078651685 2.58497191011 3.18511235955 3.88146067415 6.28988764044             1 -2312.124974926 16.6713937795   -2 
 313 0.00667854299 0.00865992873 -58.049602217 0.35600171034 0.00008248878 0.42449984221 0.82247087178 0.75050232051 0.68857428537 0.69630627238 0.66345339184 0.67501423163 0.67505627678 0.72570279362 0.52858511542 0.69114645577 0.54533290920 0.69159579312 0.60645008119 0.75877315739 0.74500720358 0.72112260616 0.68688542180 0.65295235739 0.97685958314 0.72108886756 0.70805454829 0.78712765638 1.03106918189 0.92660245328 0.79228147442 0.84566451043 0.91683048281 0.93590452192 1.02630997794 1.08850633447 1.06656055942 1.04084182311 1.05406691143 1.08805394118 1.00969112431 1.27787896674 1.04784060832 1.68371631424 1.49998822001 1.64160977782 1.87697487554 1.77993355461 1.76066667878 1.91347754622 2.31022795852 2.42073122505 3.88326181555 3.60849965943 -298.0256887396 0.00009135574    0 
---- Best joint likelihood found -298.025688739691873 with gradient 0.00009

---- Results for RevisionsPolyDFE/express1_-2.36888334387268_PolyDFE.input 
--  Model: C
--        eps_an     theta_bar             a 
-- 0.00667854299 0.00865992873            -1 
--           S_d             b           p_b           S_b 
-- -58.049602217 0.35600171034 0.00008248878 0.42449984221 
--           r 2           r 3           r 4           r 5           r 6           r 7           r 8           r 9          r 10          r 11          r 12          r 13          r 14          r 15          r 16          r 17          r 18          r 19          r 20          r 21          r 22          r 23          r 24          r 25          r 26          r 27          r 28          r 29          r 30          r 31          r 32          r 33          r 34          r 35          r 36          r 37          r 38          r 39          r 40          r 41          r 42          r 43          r 44          r 45          r 46          r 47          r 48          r 49 
-- 0.82247087178 0.75050232051 0.68857428537 0.69630627238 0.66345339184 0.67501423163 0.67505627678 0.72570279362 0.52858511542 0.69114645577 0.54533290920 0.69159579312 0.60645008119 0.75877315739 0.74500720358 0.72112260616 0.68688542180 0.65295235739 0.97685958314 0.72108886756 0.70805454829 0.78712765638 1.03106918189 0.92660245328 0.79228147442 0.84566451043 0.91683048281 0.93590452192 1.02630997794 1.08850633447 1.06656055942 1.04084182311 1.05406691143 1.08805394118 1.00969112431 1.27787896674 1.04784060832 1.68371631424 1.49998822001 1.64160977782 1.87697487554 1.77993355461 1.76066667878 1.91347754622 2.31022795852 2.42073122505 3.88326181555 3.60849965943 

---- Expected P_neut(i), 0 < i < n (neutral SFS per site) 
E[P_neut(1)] = 0.0086063522
E[P_neut(2)] = 0.0035421645
E[P_neut(3)] = 0.0021549424
E[P_neut(4)] = 0.0014836997
E[P_neut(5)] = 0.0012003975
E[P_neut(6)] = 0.0009534956
E[P_neut(7)] = 0.0008318991
E[P_neut(8)] = 0.0007284468
E[P_neut(9)] = 0.0006959338
E[P_neut(10)] = 0.0004568627
E[P_neut(11)] = 0.0005429793
E[P_neut(12)] = 0.0003925118
E[P_neut(13)] = 0.0004596261
E[P_neut(14)] = 0.0003742464
E[P_neut(15)] = 0.0004369338
E[P_neut(16)] = 0.0004023319
E[P_neut(17)] = 0.0003667162
E[P_neut(18)] = 0.0003301861
E[P_neut(19)] = 0.0002976496
E[P_neut(20)] = 0.0004221304
E[P_neut(21)] = 0.0002972414
E[P_neut(22)] = 0.0002787461
E[P_neut(23)] = 0.0002962004
E[P_neut(24)] = 0.0003713188
E[P_neut(25)] = 0.0003209724
E[P_neut(26)] = 0.0002646108
E[P_neut(27)] = 0.0002714047
E[P_neut(28)] = 0.0002835279
E[P_neut(29)] = 0.0002795976
E[P_neut(30)] = 0.0002971053
E[P_neut(31)] = 0.0003040338
E[P_neut(32)] = 0.0002889149
E[P_neut(33)] = 0.0002737690
E[P_neut(34)] = 0.0002693748
E[P_neut(35)] = 0.0002703411
E[P_neut(36)] = 0.0002437680
E[P_neut(37)] = 0.0003001696
E[P_neut(38)] = 0.0002398289
E[P_neut(39)] = 0.0003750053
E[P_neut(40)] = 0.0003256331
E[P_neut(41)] = 0.0003490850
E[P_neut(42)] = 0.0003893068
E[P_neut(43)] = 0.0003616505
E[P_neut(44)] = 0.0003506093
E[P_neut(45)] = 0.0003738301
E[P_neut(46)] = 0.0004419733
E[P_neut(47)] = 0.0004575187
E[P_neut(48)] = 0.0007197045
E[P_neut(49)] = 0.0006913184

---- Expected P_sel(i), 0 < i < n (selected SFS per site) 
E[P_sel(1)] = 0.0058318482
E[P_sel(2)] = 0.0019285975
E[P_sel(3)] = 0.0010204352
E[P_sel(4)] = 0.0006360963
E[P_sel(5)] = 0.0004771230
E[P_sel(6)] = 0.0003566078
E[P_sel(7)] = 0.0002957728
E[P_sel(8)] = 0.0002480254
E[P_sel(9)] = 0.0002282765
E[P_sel(10)] = 0.0001449175
E[P_sel(11)] = 0.0001672297
E[P_sel(12)] = 0.0001177213
E[P_sel(13)] = 0.0001345237
E[P_sel(14)] = 0.0001071131
E[P_sel(15)] = 0.0001225032
E[P_sel(16)] = 0.0001106487
E[P_sel(17)] = 0.0000990533
E[P_sel(18)] = 0.0000876894
E[P_sel(19)] = 0.0000778006
E[P_sel(20)] = 0.0001087338
E[P_sel(21)] = 0.0000754793
E[P_sel(22)] = 0.0000698392
E[P_sel(23)] = 0.0000732761
E[P_sel(24)] = 0.0000907525
E[P_sel(25)] = 0.0000775392
E[P_sel(26)] = 0.0000632215
E[P_sel(27)] = 0.0000641554
E[P_sel(28)] = 0.0000663364
E[P_sel(29)] = 0.0000647795
E[P_sel(30)] = 0.0000682077
E[P_sel(31)] = 0.0000691379
E[P_sel(32)] = 0.0000651359
E[P_sel(33)] = 0.0000612167
E[P_sel(34)] = 0.0000597598
E[P_sel(35)] = 0.0000595190
E[P_sel(36)] = 0.0000532558
E[P_sel(37)] = 0.0000650992
E[P_sel(38)] = 0.0000516613
E[P_sel(39)] = 0.0000801880
E[P_sel(40)] = 0.0000691622
E[P_sel(41)] = 0.0000738369
E[P_sel(42)] = 0.0000818233
E[P_sel(43)] = 0.0000757436
E[P_sel(44)] = 0.0000732377
E[P_sel(45)] = 0.0000780125
E[P_sel(46)] = 0.0000920856
E[P_sel(47)] = 0.0000963710
E[P_sel(48)] = 0.0001527379
E[P_sel(49)] = 0.0001657084

---- alpha_dfe = 0.000519

