---- Running command
---- ./polyDFE -d RevisionsPolyDFE/express18_1.01345920869762_PolyDFE.input -m C -i /home/jejames/ArabidopsisCrossGenome/model.txt 1 -e 
---- Performing inference using model C

---- Performing inference on RevisionsPolyDFE/express18_1.01345920869762_PolyDFE.input
----      with -i /home/jejames/ArabidopsisCrossGenome/model.txt 1
---- Data RevisionsPolyDFE/express18_1.01345920869762_PolyDFE.input does not contain divergence counts. Using option -w.
---- No mutation variability. Using Poisson likelihood.


---- Calculating initial values

-- Starting local optimization
-- Optimizing all parameters
  it        eps_an     theta_bar           S_d             b           p_b           S_b           r 2           r 3           r 4           r 5           r 6           r 7           r 8           r 9          r 10          r 11          r 12          r 13          r 14          r 15          r 16          r 17          r 18          r 19          r 20          r 21          r 22          r 23          r 24          r 25          r 26          r 27          r 28          r 29          r 30          r 31          r 32          r 33          r 34          r 35          r 36          r 37          r 38          r 39          r 40          r 41          r 42          r 43          r 44          r 45          r 46          r 47          r 48          r 49           ln lk          grad status 
   0           0.1 0.01001116319        -20000         0.406           0.1            20 0.77236094596 0.64130003963 0.66006077421 0.66455278108 0.56995640110 0.67049808429 0.59083102127 0.60998810939 0.58660325009 0.78913991280 0.76258422512 0.69216541154 0.80089840137 0.75703527546 0.69969612894 0.67604703395 0.57550535077 0.78570484872 0.73193288413 0.81847007530 0.45633505086 0.91769057999 0.80221957986 1.15603117981 0.67670762319 0.84898929845 0.78795085216 0.97701149425 1.00277447483 0.72493063812 1.09076496234 0.99841458581 1.16342977936 1.10054168318 1.41260404280 1.69626106486 1.25009908838 2.09710661910 1.66996961289 2.04214559386 2.16963931827 2.52807504293 1.80790064737 2.46135552913 2.68014268727 3.98652397938 4.48355132778             1 -1976.200348852 20.0431257835   -2 
 730 0.00272445330 0.00860049496 -1117.9836006 0.26183048208 0.00020436597 0.55092982481 0.81557558636 0.73226907571 0.66047501929 0.68835524049 0.65719857317 0.64376858569 0.60401506858 0.76726968788 0.61093783119 0.69368095088 0.76393294452 0.70674072538 0.70796252492 0.70019548226 0.64863144992 0.62012167038 0.63396143296 0.68672351721 0.71135289826 0.74998439770 0.62779901239 0.86235288303 0.84991986699 0.85070789267 0.63603737441 0.64230829793 0.77364270472 0.91198080662 0.83310550830 0.67581326698 1.01451080320 0.89841984546 1.00511743846 0.79624898520 1.12314249207 1.60981647590 1.15964374503 1.52320940322 1.28780565696 1.50952825708 1.90758631548 1.88804075859 1.35112691925 1.86966517788 2.19492630797 2.49303757105 2.40144686877 3.83453985309 -295.4425734905 0.00070081217   -8 
-- Local optimization: reached maximum number of likelihood evaluations allowed.
---- Best joint likelihood found -295.442573490508835 with gradient 0.00070

---- Results for RevisionsPolyDFE/express18_1.01345920869762_PolyDFE.input 
--  Model: C
--        eps_an     theta_bar             a 
-- 0.00272445330 0.00860049496            -1 
--           S_d             b           p_b           S_b 
-- -1117.9836006 0.26183048208 0.00020436597 0.55092982481 
--           r 2           r 3           r 4           r 5           r 6           r 7           r 8           r 9          r 10          r 11          r 12          r 13          r 14          r 15          r 16          r 17          r 18          r 19          r 20          r 21          r 22          r 23          r 24          r 25          r 26          r 27          r 28          r 29          r 30          r 31          r 32          r 33          r 34          r 35          r 36          r 37          r 38          r 39          r 40          r 41          r 42          r 43          r 44          r 45          r 46          r 47          r 48          r 49 
-- 0.81557558636 0.73226907571 0.66047501929 0.68835524049 0.65719857317 0.64376858569 0.60401506858 0.76726968788 0.61093783119 0.69368095088 0.76393294452 0.70674072538 0.70796252492 0.70019548226 0.64863144992 0.62012167038 0.63396143296 0.68672351721 0.71135289826 0.74998439770 0.62779901239 0.86235288303 0.84991986699 0.85070789267 0.63603737441 0.64230829793 0.77364270472 0.91198080662 0.83310550830 0.67581326698 1.01451080320 0.89841984546 1.00511743846 0.79624898520 1.12314249207 1.60981647590 1.15964374503 1.52320940322 1.28780565696 1.50952825708 1.90758631548 1.88804075859 1.35112691925 1.86966517788 2.19492630797 2.49303757105 2.40144686877 3.83453985309 

---- Expected P_neut(i), 0 < i < n (neutral SFS per site) 
E[P_neut(1)] = 0.0085788970
E[P_neut(2)] = 0.0034987940
E[P_neut(3)] = 0.0020948156
E[P_neut(4)] = 0.0014173521
E[P_neut(5)] = 0.0011817868
E[P_neut(6)] = 0.0009401918
E[P_neut(7)] = 0.0007898351
E[P_neut(8)] = 0.0006486487
E[P_neut(9)] = 0.0007320761
E[P_neut(10)] = 0.0005247596
E[P_neut(11)] = 0.0005418011
E[P_neut(12)] = 0.0005467402
E[P_neut(13)] = 0.0004673087
E[P_neut(14)] = 0.0004344624
E[P_neut(15)] = 0.0004009078
E[P_neut(16)] = 0.0003484023
E[P_neut(17)] = 0.0003135099
E[P_neut(18)] = 0.0003028277
E[P_neut(19)] = 0.0003105146
E[P_neut(20)] = 0.0003057166
E[P_neut(21)] = 0.0003070542
E[P_neut(22)] = 0.0002454052
E[P_neut(23)] = 0.0003221424
E[P_neut(24)] = 0.0003043156
E[P_neut(25)] = 0.0002926604
E[P_neut(26)] = 0.0002106503
E[P_neut(27)] = 0.0002049200
E[P_neut(28)] = 0.0002376537
E[P_neut(29)] = 0.0002705650
E[P_neut(30)] = 0.0002390200
E[P_neut(31)] = 0.0001878305
E[P_neut(32)] = 0.0002727479
E[P_neut(33)] = 0.0002343639
E[P_neut(34)] = 0.0002545074
E[P_neut(35)] = 0.0001962217
E[P_neut(36)] = 0.0002687756
E[P_neut(37)] = 0.0003744495
E[P_neut(38)] = 0.0002632374
E[P_neut(39)] = 0.0003364690
E[P_neut(40)] = 0.0002775713
E[P_neut(41)] = 0.0003177859
E[P_neut(42)] = 0.0003913284
E[P_neut(43)] = 0.0003787560
E[P_neut(44)] = 0.0002659461
E[P_neut(45)] = 0.0003595867
E[P_neut(46)] = 0.0004131304
E[P_neut(47)] = 0.0004606756
E[P_neut(48)] = 0.0004386668
E[P_neut(49)] = 0.0006946376

---- Expected P_sel(i), 0 < i < n (selected SFS per site) 
E[P_sel(1)] = 0.0032605427
E[P_sel(2)] = 0.0010166524
E[P_sel(3)] = 0.0005342849
E[P_sel(4)] = 0.0003324389
E[P_sel(5)] = 0.0002607491
E[P_sel(6)] = 0.0001977474
E[P_sel(7)] = 0.0001597020
E[P_sel(8)] = 0.0001268653
E[P_sel(9)] = 0.0001391578
E[P_sel(10)] = 0.0000972608
E[P_sel(11)] = 0.0000981826
E[P_sel(12)] = 0.0000970998
E[P_sel(13)] = 0.0000814628
E[P_sel(14)] = 0.0000744757
E[P_sel(15)] = 0.0000676643
E[P_sel(16)] = 0.0000579513
E[P_sel(17)] = 0.0000514479
E[P_sel(18)] = 0.0000490679
E[P_sel(19)] = 0.0000497227
E[P_sel(20)] = 0.0000484055
E[P_sel(21)] = 0.0000481023
E[P_sel(22)] = 0.0000380582
E[P_sel(23)] = 0.0000494832
E[P_sel(24)] = 0.0000463180
E[P_sel(25)] = 0.0000441553
E[P_sel(26)] = 0.0000315174
E[P_sel(27)] = 0.0000304156
E[P_sel(28)] = 0.0000350009
E[P_sel(29)] = 0.0000395536
E[P_sel(30)] = 0.0000346941
E[P_sel(31)] = 0.0000270796
E[P_sel(32)] = 0.0000390542
E[P_sel(33)] = 0.0000333454
E[P_sel(34)] = 0.0000359871
E[P_sel(35)] = 0.0000275890
E[P_sel(36)] = 0.0000375617
E[P_sel(37)] = 0.0000520215
E[P_sel(38)] = 0.0000363937
E[P_sel(39)] = 0.0000462547
E[P_sel(40)] = 0.0000379721
E[P_sel(41)] = 0.0000432774
E[P_sel(42)] = 0.0000529981
E[P_sel(43)] = 0.0000510859
E[P_sel(44)] = 0.0000357923
E[P_sel(45)] = 0.0000481855
E[P_sel(46)] = 0.0000551783
E[P_sel(47)] = 0.0000615181
E[P_sel(48)] = 0.0000591753
E[P_sel(49)] = 0.0000967442

---- alpha_dfe = 0.002084

