---- Running command
---- ./polyDFE -d RevisionsPolyDFE/express15_0.653880100805747_PolyDFE.input -m C -i /home/jejames/ArabidopsisCrossGenome/model.txt 1 -e 
---- Performing inference using model C

---- Performing inference on RevisionsPolyDFE/express15_0.653880100805747_PolyDFE.input
----      with -i /home/jejames/ArabidopsisCrossGenome/model.txt 1
---- Data RevisionsPolyDFE/express15_0.653880100805747_PolyDFE.input does not contain divergence counts. Using option -w.
---- No mutation variability. Using Poisson likelihood.


---- Calculating initial values

-- Starting local optimization
-- Optimizing all parameters
  it        eps_an     theta_bar           S_d             b           p_b           S_b           r 2           r 3           r 4           r 5           r 6           r 7           r 8           r 9          r 10          r 11          r 12          r 13          r 14          r 15          r 16          r 17          r 18          r 19          r 20          r 21          r 22          r 23          r 24          r 25          r 26          r 27          r 28          r 29          r 30          r 31          r 32          r 33          r 34          r 35          r 36          r 37          r 38          r 39          r 40          r 41          r 42          r 43          r 44          r 45          r 46          r 47          r 48          r 49           ln lk          grad status 
   0           0.1 0.00933484616        -60000         0.208           0.1            20 0.73743751644 0.73480662983 0.68876611418 0.74454091028 0.64088397790 0.58471454880 0.59563272822 0.52683504340 0.66824519863 0.69310707708 0.62036306235 0.63272822941 0.64272559852 0.69455406471 0.54511970534 0.65074980268 0.64640883977 0.44738226782 0.76032622993 0.80110497237 0.95790581425 0.77453301762 0.69455406471 1.01946856090 0.75243357011 1.07971586424 0.65930018416 0.80110497237 1.10891870560 1.02354643514 1.25019731649 0.95067087608 0.76479873717 1.32596685082 1.61483820047 1.41147066561 1.28466193107 1.59550118389 1.32596685082 1.32136279926 2.06629834254 2.00802420415 2.47724283083 2.53354380426 3.03157063930 4.68639831623 5.22178374112             1 -1972.653186900 27.1896499706   -2 
 461 0.01582630259 0.00815598419 -629.06228028 0.25110877281 0.00020051463 0.59117230962 0.76953321209 0.73539609523 0.75977442894 0.70549794985 0.66677940974 0.60086839850 0.67401848876 0.59634877436 0.72562380439 0.74474269051 0.69237746527 0.70821183608 0.64307484119 0.61770386789 0.54136430447 0.57784630044 0.66190567438 0.66497099132 0.76801469083 0.67336181947 0.81400570748 0.72583209933 0.60156908734 0.91082908758 0.67443293172 0.84634515245 0.42109686115 0.69695661523 0.92523982228 0.83273714303 0.81751640832 0.82365341139 0.75633335420 0.99535853288 1.09863550076 0.94550563469 1.28712266284 1.10053554612 1.06902245387 0.95921802228 1.59124084165 1.62902261388 2.14279820848 1.72295991260 2.16680168720 2.87261536092 2.92614156799 3.36188906744 -303.5372510729 0.00037303465   -8 
-- Local optimization: reached maximum number of likelihood evaluations allowed.
---- Best joint likelihood found -303.537251072977142 with gradient 0.00037

---- Results for RevisionsPolyDFE/express15_0.653880100805747_PolyDFE.input 
--  Model: C
--        eps_an     theta_bar             a 
-- 0.01582630259 0.00815598419            -1 
--           S_d             b           p_b           S_b 
-- -629.06228028 0.25110877281 0.00020051463 0.59117230962 
--           r 2           r 3           r 4           r 5           r 6           r 7           r 8           r 9          r 10          r 11          r 12          r 13          r 14          r 15          r 16          r 17          r 18          r 19          r 20          r 21          r 22          r 23          r 24          r 25          r 26          r 27          r 28          r 29          r 30          r 31          r 32          r 33          r 34          r 35          r 36          r 37          r 38          r 39          r 40          r 41          r 42          r 43          r 44          r 45          r 46          r 47          r 48          r 49 
-- 0.76953321209 0.73539609523 0.75977442894 0.70549794985 0.66677940974 0.60086839850 0.67401848876 0.59634877436 0.72562380439 0.74474269051 0.69237746527 0.70821183608 0.64307484119 0.61770386789 0.54136430447 0.57784630044 0.66190567438 0.66497099132 0.76801469083 0.67336181947 0.81400570748 0.72583209933 0.60156908734 0.91082908758 0.67443293172 0.84634515245 0.42109686115 0.69695661523 0.92523982228 0.83273714303 0.81751640832 0.82365341139 0.75633335420 0.99535853288 1.09863550076 0.94550563469 1.28712266284 1.10053554612 1.06902245387 0.95921802228 1.59124084165 1.62902261388 2.14279820848 1.72295991260 2.16680168720 2.87261536092 2.92614156799 3.36188906744 

---- Expected P_neut(i), 0 < i < n (neutral SFS per site) 
E[P_neut(1)] = 0.0080357612
E[P_neut(2)] = 0.0030963539
E[P_neut(3)] = 0.0019755408
E[P_neut(4)] = 0.0015307395
E[P_neut(5)] = 0.0011375352
E[P_neut(6)] = 0.0008983153
E[P_neut(7)] = 0.0006939063
E[P_neut(8)] = 0.0006811757
E[P_neut(9)] = 0.0005348904
E[P_neut(10)] = 0.0005859011
E[P_neut(11)] = 0.0005470951
E[P_neut(12)] = 0.0004675095
E[P_neut(13)] = 0.0004405869
E[P_neut(14)] = 0.0003726464
E[P_neut(15)] = 0.0003342209
E[P_neut(16)] = 0.0002744639
E[P_neut(17)] = 0.0002760639
E[P_neut(18)] = 0.0002984673
E[P_neut(19)] = 0.0002843968
E[P_neut(20)] = 0.0003122200
E[P_neut(21)] = 0.0002604837
E[P_neut(22)] = 0.0002989388
E[P_neut(23)] = 0.0002573585
E[P_neut(24)] = 0.0002045457
E[P_neut(25)] = 0.0002971483
E[P_neut(26)] = 0.0002114512
E[P_neut(27)] = 0.0002556858
E[P_neut(28)] = 0.0001254940
E[P_neut(29)] = 0.0001970494
E[P_neut(30)] = 0.0002525171
E[P_neut(31)] = 0.0002201402
E[P_neut(32)] = 0.0002098130
E[P_neut(33)] = 0.0002047326
E[P_neut(34)] = 0.0001829267
E[P_neut(35)] = 0.0002335912
E[P_neut(36)] = 0.0002508914
E[P_neut(37)] = 0.0002121531
E[P_neut(38)] = 0.0002793321
E[P_neut(39)] = 0.0002352493
E[P_neut(40)] = 0.0002238898
E[P_neut(41)] = 0.0001963469
E[P_neut(42)] = 0.0003149880
E[P_neut(43)] = 0.0003151732
E[P_neut(44)] = 0.0004052545
E[P_neut(45)] = 0.0003255471
E[P_neut(46)] = 0.0004026202
E[P_neut(47)] = 0.0005222416
E[P_neut(48)] = 0.0005389957
E[P_neut(49)] = 0.0006798049

---- Expected P_sel(i), 0 < i < n (selected SFS per site) 
E[P_sel(1)] = 0.0035824057
E[P_sel(2)] = 0.0010773481
E[P_sel(3)] = 0.0006073360
E[P_sel(4)] = 0.0004346161
E[P_sel(5)] = 0.0003046705
E[P_sel(6)] = 0.0002296503
E[P_sel(7)] = 0.0001708892
E[P_sel(8)] = 0.0001625355
E[P_sel(9)] = 0.0001242480
E[P_sel(10)] = 0.0001328576
E[P_sel(11)] = 0.0001214069
E[P_sel(12)] = 0.0001017039
E[P_sel(13)] = 0.0000942181
E[P_sel(14)] = 0.0000783743
E[P_sel(15)] = 0.0000692560
E[P_sel(16)] = 0.0000561027
E[P_sel(17)] = 0.0000557033
E[P_sel(18)] = 0.0000595113
E[P_sel(19)] = 0.0000560645
E[P_sel(20)] = 0.0000608973
E[P_sel(21)] = 0.0000503022
E[P_sel(22)] = 0.0000571962
E[P_sel(23)] = 0.0000487777
E[P_sel(24)] = 0.0000384367
E[P_sel(25)] = 0.0000553834
E[P_sel(26)] = 0.0000391035
E[P_sel(27)] = 0.0000469314
E[P_sel(28)] = 0.0000228955
E[P_sel(29)] = 0.0000356753
E[P_sel(30)] = 0.0000454141
E[P_sel(31)] = 0.0000393459
E[P_sel(32)] = 0.0000372836
E[P_sel(33)] = 0.0000361646
E[P_sel(34)] = 0.0000321459
E[P_sel(35)] = 0.0000408224
E[P_sel(36)] = 0.0000436293
E[P_sel(37)] = 0.0000367969
E[P_sel(38)] = 0.0000481495
E[P_sel(39)] = 0.0000405009
E[P_sel(40)] = 0.0000384590
E[P_sel(41)] = 0.0000336368
E[P_sel(42)] = 0.0000536013
E[P_sel(43)] = 0.0000534913
E[P_sel(44)] = 0.0000686220
E[P_sel(45)] = 0.0000557164
E[P_sel(46)] = 0.0000692317
E[P_sel(47)] = 0.0000901800
E[P_sel(48)] = 0.0000971914
E[P_sel(49)] = 0.0001471240

---- alpha_dfe = 0.001679

