---- Running command
---- ./polyDFE -d RevisionsPolyDFE/express16_0.760083553922724_PolyDFE.input -m C -i /home/jejames/ArabidopsisCrossGenome/model.txt 1 -e 
---- Performing inference using model C

---- Performing inference on RevisionsPolyDFE/express16_0.760083553922724_PolyDFE.input
----      with -i /home/jejames/ArabidopsisCrossGenome/model.txt 1
---- Data RevisionsPolyDFE/express16_0.760083553922724_PolyDFE.input does not contain divergence counts. Using option -w.
---- No mutation variability. Using Poisson likelihood.


---- Calculating initial values

-- Starting local optimization
-- Optimizing all parameters
  it        eps_an     theta_bar           S_d             b           p_b           S_b           r 2           r 3           r 4           r 5           r 6           r 7           r 8           r 9          r 10          r 11          r 12          r 13          r 14          r 15          r 16          r 17          r 18          r 19          r 20          r 21          r 22          r 23          r 24          r 25          r 26          r 27          r 28          r 29          r 30          r 31          r 32          r 33          r 34          r 35          r 36          r 37          r 38          r 39          r 40          r 41          r 42          r 43          r 44          r 45          r 46          r 47          r 48          r 49           ln lk          grad status 
   0           0.1 0.01027291162        -20000         0.406           0.1            20 0.90418094585 0.73241946538 0.74516792323 0.68197395476 0.65222755311 0.68512679917 0.73803975325 0.62426319396 0.60178204249 0.74640164496 0.60370116518 0.46689513365 0.68320767649 0.50171350239 0.78738862234 0.65716244002 0.64153529814 0.83865661411 0.63056888279 0.68800548320 0.57299520219 0.72515421521 0.76984235777 0.82248115147 0.94804660726 0.55517477724 0.72926662097 0.91830020562 0.61686086360 1.09636737491 0.78958190541 0.98615490061 1.26305688827 1.32419465387 1.20411240575 1.41000685400 1.36997943797 1.57710760795 1.48594928032 1.76477039067 2.17052775873 2.51103495544 2.51514736120 2.93008910212 3.47443454420 4.31021247429 5.27703906785             1 -1996.852512504 19.1751230146   -2 
 627 0.00001708807 0.00908174017 -1496.6903470 0.23666317329 0.00005719220 0.12959438053 0.83084515962 0.76958460004 0.76593112163 0.67293096885 0.76151275754 0.69454361860 0.71278500897 0.65869178898 0.64068458861 0.68208232287 0.65373616099 0.47565028308 0.64939381108 0.53554718746 0.70700451564 0.68466078430 0.62808340659 0.75937346593 0.71836322137 0.62374925004 0.64040679698 0.72119550648 0.77238048827 0.68169074978 0.78611390533 0.46793361582 0.62856208391 0.69503860129 0.45870688046 0.90536727344 0.79625335067 0.89588084356 0.87520075353 0.95459908286 0.93073703190 1.23262432616 1.04295505967 1.42047011524 1.19157336237 1.49901260661 1.50697550434 1.86763512795 1.88134614349 2.43460537420 2.14650693529 2.55098375513 3.15279595463 4.85300951520 -291.0732209573 0.00173344569   -3 
-- Local optimization: stuck in the same solution
---- Best joint likelihood found -291.073220957383796 with gradient 0.00173

---- Results for RevisionsPolyDFE/express16_0.760083553922724_PolyDFE.input 
--  Model: C
--        eps_an     theta_bar             a 
-- 0.00001708807 0.00908174017            -1 
--           S_d             b           p_b           S_b 
-- -1496.6903470 0.23666317329 0.00005719220 0.12959438053 
--           r 2           r 3           r 4           r 5           r 6           r 7           r 8           r 9          r 10          r 11          r 12          r 13          r 14          r 15          r 16          r 17          r 18          r 19          r 20          r 21          r 22          r 23          r 24          r 25          r 26          r 27          r 28          r 29          r 30          r 31          r 32          r 33          r 34          r 35          r 36          r 37          r 38          r 39          r 40          r 41          r 42          r 43          r 44          r 45          r 46          r 47          r 48          r 49 
-- 0.83084515962 0.76958460004 0.76593112163 0.67293096885 0.76151275754 0.69454361860 0.71278500897 0.65869178898 0.64068458861 0.68208232287 0.65373616099 0.47565028308 0.64939381108 0.53554718746 0.70700451564 0.68466078430 0.62808340659 0.75937346593 0.71836322137 0.62374925004 0.64040679698 0.72119550648 0.77238048827 0.68169074978 0.78611390533 0.46793361582 0.62856208391 0.69503860129 0.45870688046 0.90536727344 0.79625335067 0.89588084356 0.87520075353 0.95459908286 0.93073703190 1.23262432616 1.04295505967 1.42047011524 1.19157336237 1.49901260661 1.50697550434 1.86763512795 1.88134614349 2.43460537420 2.14650693529 2.55098375513 3.15279595463 4.85300951520 

---- Expected P_neut(i), 0 < i < n (neutral SFS per site) 
E[P_neut(1)] = 0.0090816004
E[P_neut(2)] = 0.0037727057
E[P_neut(3)] = 0.0023296911
E[P_neut(4)] = 0.0017389744
E[P_neut(5)] = 0.0012222644
E[P_neut(6)] = 0.0011526304
E[P_neut(7)] = 0.0009010863
E[P_neut(8)] = 0.0008091578
E[P_neut(9)] = 0.0006646685
E[P_neut(10)] = 0.0005818478
E[P_neut(11)] = 0.0005631319
E[P_neut(12)] = 0.0004947510
E[P_neut(13)] = 0.0003322866
E[P_neut(14)] = 0.0004212558
E[P_neut(15)] = 0.0003242454
E[P_neut(16)] = 0.0004012991
E[P_neut(17)] = 0.0003657575
E[P_neut(18)] = 0.0003168924
E[P_neut(19)] = 0.0003629685
E[P_neut(20)] = 0.0003261962
E[P_neut(21)] = 0.0002697481
E[P_neut(22)] = 0.0002643630
E[P_neut(23)] = 0.0002847678
E[P_neut(24)] = 0.0002922730
E[P_neut(25)] = 0.0002476375
E[P_neut(26)] = 0.0002745881
E[P_neut(27)] = 0.0001573967
E[P_neut(28)] = 0.0002038738
E[P_neut(29)] = 0.0002176616
E[P_neut(30)] = 0.0001388651
E[P_neut(31)] = 0.0002652375
E[P_neut(32)] = 0.0002259817
E[P_neut(33)] = 0.0002465523
E[P_neut(34)] = 0.0002337777
E[P_neut(35)] = 0.0002476990
E[P_neut(36)] = 0.0002348007
E[P_neut(37)] = 0.0003025512
E[P_neut(38)] = 0.0002492633
E[P_neut(39)] = 0.0003307819
E[P_neut(40)] = 0.0002705443
E[P_neut(41)] = 0.0003320458
E[P_neut(42)] = 0.0003258644
E[P_neut(43)] = 0.0003944593
E[P_neut(44)] = 0.0003883289
E[P_neut(45)] = 0.0004913559
E[P_neut(46)] = 0.0004238055
E[P_neut(47)] = 0.0004929542
E[P_neut(48)] = 0.0005965725
E[P_neut(49)] = 0.0008996045

---- Expected P_sel(i), 0 < i < n (selected SFS per site) 
E[P_sel(1)] = 0.0034572122
E[P_sel(2)] = 0.0011244791
E[P_sel(3)] = 0.0006174116
E[P_sel(4)] = 0.0004273520
E[P_sel(5)] = 0.0002842541
E[P_sel(6)] = 0.0002567177
E[P_sel(7)] = 0.0001937050
E[P_sel(8)] = 0.0001688092
E[P_sel(9)] = 0.0001351189
E[P_sel(10)] = 0.0001156169
E[P_sel(11)] = 0.0001096457
E[P_sel(12)] = 0.0000945812
E[P_sel(13)] = 0.0000624714
E[P_sel(14)] = 0.0000779947
E[P_sel(15)] = 0.0000591906
E[P_sel(16)] = 0.0000723012
E[P_sel(17)] = 0.0000650953
E[P_sel(18)] = 0.0000557545
E[P_sel(19)] = 0.0000631748
E[P_sel(20)] = 0.0000561983
E[P_sel(21)] = 0.0000460262
E[P_sel(22)] = 0.0000446952
E[P_sel(23)] = 0.0000477261
E[P_sel(24)] = 0.0000485771
E[P_sel(25)] = 0.0000408314
E[P_sel(26)] = 0.0000449303
E[P_sel(27)] = 0.0000255663
E[P_sel(28)] = 0.0000328828
E[P_sel(29)] = 0.0000348690
E[P_sel(30)] = 0.0000221007
E[P_sel(31)] = 0.0000419469
E[P_sel(32)] = 0.0000355208
E[P_sel(33)] = 0.0000385254
E[P_sel(34)] = 0.0000363205
E[P_sel(35)] = 0.0000382698
E[P_sel(36)] = 0.0000360817
E[P_sel(37)] = 0.0000462494
E[P_sel(38)] = 0.0000379098
E[P_sel(39)] = 0.0000500584
E[P_sel(40)] = 0.0000407450
E[P_sel(41)] = 0.0000497721
E[P_sel(42)] = 0.0000486216
E[P_sel(43)] = 0.0000585929
E[P_sel(44)] = 0.0000574304
E[P_sel(45)] = 0.0000723565
E[P_sel(46)] = 0.0000621496
E[P_sel(47)] = 0.0000719958
E[P_sel(48)] = 0.0000867846
E[P_sel(49)] = 0.0001303762

---- alpha_dfe = 0.000425

