---- Running command
---- ./polyDFE -d RevisionsPolyDFE/express8_-0.102106617119994_PolyDFE.input -m C -i /home/jejames/ArabidopsisCrossGenome/model.txt 1 -e 
---- Performing inference using model C

---- Performing inference on RevisionsPolyDFE/express8_-0.102106617119994_PolyDFE.input
----      with -i /home/jejames/ArabidopsisCrossGenome/model.txt 1
---- Data RevisionsPolyDFE/express8_-0.102106617119994_PolyDFE.input does not contain divergence counts. Using option -w.
---- No mutation variability. Using Poisson likelihood.


---- Calculating initial values

-- Starting local optimization
-- Optimizing all parameters
  it        eps_an     theta_bar           S_d             b           p_b           S_b           r 2           r 3           r 4           r 5           r 6           r 7           r 8           r 9          r 10          r 11          r 12          r 13          r 14          r 15          r 16          r 17          r 18          r 19          r 20          r 21          r 22          r 23          r 24          r 25          r 26          r 27          r 28          r 29          r 30          r 31          r 32          r 33          r 34          r 35          r 36          r 37          r 38          r 39          r 40          r 41          r 42          r 43          r 44          r 45          r 46          r 47          r 48          r 49           ln lk          grad status 
   0           0.1 0.00840092840        -30000         0.208           0.1            20 0.86142754145 0.84744051910 0.69790915645 0.65609228550 0.74837779379 0.75400144196 0.56063446286 0.70857966834 0.66618601297 0.65825522710 0.61773612112 0.74607065609 0.62782984859 0.83705839942 0.42912761355 0.56135544340 0.64888248017 1.10958904109 0.81326604181 0.86906993511 0.64397981254 1.21715933669 0.91362653208 1.36986301369 1.40966113914 1.02393655371 1.23950973323 1.09978370583 0.94304253785 1.27397260273 1.15356885364 1.05162220620 0.75501081470 1.42826243691 1.65594808940 1.61124729632 1.38630136986 1.65897620764 2.29560201874 2.09286229271 2.26503244412 2.99480894015 2.18889689978 2.79019466474 3.25018024513 4.00533525594 6.11160778658             1 -2083.695776448 27.6606953460   -2 
 421 0.00006868289 0.00765204685 -348.30038328 0.26678799824 0.00003950209 0.34200384167 0.75767441765 0.73437389602 0.70312888416 0.65066242819 0.70221691833 0.68599294062 0.60354820002 0.72686487168 0.60355238288 0.75179773355 0.69695328628 0.66601035030 0.63642689706 0.80040763847 0.54642228909 0.59540525379 0.69215291926 0.99224814048 0.68725664990 0.68437052905 0.70613450925 0.95369046713   0.777458884 1.17853612960 1.07468867398 0.84928773915 1.03455204183 1.09489429029 1.07563473691 1.03096747776 0.98043036288 0.81147910990 0.88498943489 1.17811580907 1.19032899859 1.25223282862 0.97366562566 1.19149373670 1.75386015857 1.42999791448 1.70330020165 1.86827475480 1.66852915544 2.15355299353 2.23825609833 3.15491940754 3.46581125622 4.47969043842 -309.4890093119 0.00022188701   -8 
-- Local optimization: reached maximum number of likelihood evaluations allowed.
---- Best joint likelihood found -309.489009311979089 with gradient 0.00022

---- Results for RevisionsPolyDFE/express8_-0.102106617119994_PolyDFE.input 
--  Model: C
--        eps_an     theta_bar             a 
-- 0.00006868289 0.00765204685            -1 
--           S_d             b           p_b           S_b 
-- -348.30038328 0.26678799824 0.00003950209 0.34200384167 
--           r 2           r 3           r 4           r 5           r 6           r 7           r 8           r 9          r 10          r 11          r 12          r 13          r 14          r 15          r 16          r 17          r 18          r 19          r 20          r 21          r 22          r 23          r 24          r 25          r 26          r 27          r 28          r 29          r 30          r 31          r 32          r 33          r 34          r 35          r 36          r 37          r 38          r 39          r 40          r 41          r 42          r 43          r 44          r 45          r 46          r 47          r 48          r 49 
-- 0.75767441765 0.73437389602 0.70312888416 0.65066242819 0.70221691833 0.68599294062 0.60354820002 0.72686487168 0.60355238288 0.75179773355 0.69695328628 0.66601035030 0.63642689706 0.80040763847 0.54642228909 0.59540525379 0.69215291926 0.99224814048 0.68725664990 0.68437052905 0.70613450925 0.95369046713   0.777458884 1.17853612960 1.07468867398 0.84928773915 1.03455204183 1.09489429029 1.07563473691 1.03096747776 0.98043036288 0.81147910990 0.88498943489 1.17811580907 1.19032899859 1.25223282862 0.97366562566 1.19149373670 1.75386015857 1.42999791448 1.70330020165 1.86827475480 1.66852915544 2.15355299353 2.23825609833 3.15491940754 3.46581125622 4.47969043842 

---- Expected P_neut(i), 0 < i < n (neutral SFS per site) 
E[P_neut(1)] = 0.0076515693
E[P_neut(2)] = 0.0028987189
E[P_neut(3)] = 0.0018730611
E[P_neut(4)] = 0.0013450270
E[P_neut(5)] = 0.0009957366
E[P_neut(6)] = 0.0008955245
E[P_neut(7)] = 0.0007498642
E[P_neut(8)] = 0.0005772791
E[P_neut(9)] = 0.0006179763
E[P_neut(10)] = 0.0004618324
E[P_neut(11)] = 0.0005229612
E[P_neut(12)] = 0.0004444095
E[P_neut(13)] = 0.0003920172
E[P_neut(14)] = 0.0003478484
E[P_neut(15)] = 0.0004083068
E[P_neut(16)] = 0.0002613238
E[P_neut(17)] = 0.0002679986
E[P_neut(18)] = 0.0002942396
E[P_neut(19)] = 0.0003996074
E[P_neut(20)] = 0.0002629468
E[P_neut(21)] = 0.0002493758
E[P_neut(22)] = 0.0002456105
E[P_neut(23)] = 0.0003172854
E[P_neut(24)] = 0.0002478860
E[P_neut(25)] = 0.0003607285
E[P_neut(26)] = 0.0003162864
E[P_neut(27)] = 0.0002407012
E[P_neut(28)] = 0.0002827275
E[P_neut(29)] = 0.0002889001
E[P_neut(30)] = 0.0002743595
E[P_neut(31)] = 0.0002544942
E[P_neut(32)] = 0.0002344510
E[P_neut(33)] = 0.0001881714
E[P_neut(34)] = 0.0001991802
E[P_neut(35)] = 0.0002575817
E[P_neut(36)] = 0.0002530191
E[P_neut(37)] = 0.0002589860
E[P_neut(38)] = 0.0001960838
E[P_neut(39)] = 0.0002337985
E[P_neut(40)] = 0.0003355242
E[P_neut(41)] = 0.0002669122
E[P_neut(42)] = 0.0003103453
E[P_neut(43)] = 0.0003324967
E[P_neut(44)] = 0.0002902157
E[P_neut(45)] = 0.0003662452
E[P_neut(46)] = 0.0003723981
E[P_neut(47)] = 0.0005137442
E[P_neut(48)] = 0.0005526726
E[P_neut(49)] = 0.0007000449

---- Expected P_sel(i), 0 < i < n (selected SFS per site) 
E[P_sel(1)] = 0.0037884136
E[P_sel(2)] = 0.0011195807
E[P_sel(3)] = 0.0006359775
E[P_sel(4)] = 0.0004198486
E[P_sel(5)] = 0.0002922032
E[P_sel(6)] = 0.0002503496
E[P_sel(7)] = 0.0002014458
E[P_sel(8)] = 0.0001499450
E[P_sel(9)] = 0.0001559067
E[P_sel(10)] = 0.0001135635
E[P_sel(11)] = 0.0001256874
E[P_sel(12)] = 0.0001046274
E[P_sel(13)] = 0.0000905753
E[P_sel(14)] = 0.0000789974
E[P_sel(15)] = 0.0000912646
E[P_sel(16)] = 0.0000575546
E[P_sel(17)] = 0.0000582167
E[P_sel(18)] = 0.0000630966
E[P_sel(19)] = 0.0000846565
E[P_sel(20)] = 0.0000550694
E[P_sel(21)] = 0.0000516627
E[P_sel(22)] = 0.0000503603
E[P_sel(23)] = 0.0000644205
E[P_sel(24)] = 0.0000498602
E[P_sel(25)] = 0.0000719098
E[P_sel(26)] = 0.0000625110
E[P_sel(27)] = 0.0000471817
E[P_sel(28)] = 0.0000549819
E[P_sel(29)] = 0.0000557551
E[P_sel(30)] = 0.0000525606
E[P_sel(31)] = 0.0000484098
E[P_sel(32)] = 0.0000442918
E[P_sel(33)] = 0.0000353133
E[P_sel(34)] = 0.0000371392
E[P_sel(35)] = 0.0000477299
E[P_sel(36)] = 0.0000466009
E[P_sel(37)] = 0.0000474198
E[P_sel(38)] = 0.0000356980
E[P_sel(39)] = 0.0000423276
E[P_sel(40)] = 0.0000604142
E[P_sel(41)] = 0.0000478076
E[P_sel(42)] = 0.0000553004
E[P_sel(43)] = 0.0000589509
E[P_sel(44)] = 0.0000512042
E[P_sel(45)] = 0.0000643086
E[P_sel(46)] = 0.0000650867
E[P_sel(47)] = 0.0000893827
E[P_sel(48)] = 0.0000957433
E[P_sel(49)] = 0.0001208564

---- alpha_dfe = 0.000275

