---- Running command
---- ./polyDFE -d RevisionsPolyDFE/express17_0.87738426132849_PolyDFE.input -m C -i /home/jejames/ArabidopsisCrossGenome/model.txt 1 -e 
---- Performing inference using model C

---- Performing inference on RevisionsPolyDFE/express17_0.87738426132849_PolyDFE.input
----      with -i /home/jejames/ArabidopsisCrossGenome/model.txt 1
---- Data RevisionsPolyDFE/express17_0.87738426132849_PolyDFE.input does not contain divergence counts. Using option -w.
---- No mutation variability. Using Poisson likelihood.


---- Calculating initial values

-- Starting local optimization
-- Optimizing all parameters
  it        eps_an     theta_bar           S_d             b           p_b           S_b           r 2           r 3           r 4           r 5           r 6           r 7           r 8           r 9          r 10          r 11          r 12          r 13          r 14          r 15          r 16          r 17          r 18          r 19          r 20          r 21          r 22          r 23          r 24          r 25          r 26          r 27          r 28          r 29          r 30          r 31          r 32          r 33          r 34          r 35          r 36          r 37          r 38          r 39          r 40          r 41          r 42          r 43          r 44          r 45          r 46          r 47          r 48          r 49           ln lk          grad status 
   0           0.1 0.00974237473        -20000         0.406           0.1            20 0.78727419789 0.67983283904 0.75006740361 0.69627932057 0.63413318953 0.68697762200 0.56726880560 0.62725802102 0.67268805607 0.65246697222 0.81531410083 0.65192774332 0.40954435157 0.62078727419 0.66433000808 0.61647344297 0.60663251550 0.80682124561 0.48530601240 0.67093556214 0.63170665947 0.71002965758 0.60501482879 0.80884335400 0.85171205176 0.80439471555 1.19654893502 0.83270423294 1.05149636020 0.81490967915 0.73335130763 1.16109463467 1.33836613642 1.33526557023 0.93664060393 1.53626314370 1.51631167430 1.47209490428 1.78484766783 2.28269075222 2.34402803990 2.73604745214 2.94203289296 3.50026961445 2.72229711512 4.61889997303 5.43542733890             1 -2089.007227549 20.7522256850   -2 
 619 0.00011119466 0.00857885986 -903.72905874 0.26477217838 0.00028363987 0.31569203930 0.75778571867 0.66818767601 0.73049939296 0.72283314898 0.67472529818 0.74019043796 0.61608110150 0.71422218225 0.62403613154 0.67119750540 0.69039045868 0.51460463087 0.47175942226 0.58162383764 0.60204236629 0.57197715464 0.54552463557 0.71334882186 0.55518676285 0.66065095676 0.64766134202 0.72958379672 0.66004298074 0.74447743543 0.79589055124 0.82922589897 0.92428465331 0.98153750162 0.97406923182 0.61935063188 0.56996707754 0.93296859921 1.11565781981 1.25589766157 0.89014182716 1.19492301503 1.14415616817 1.20617389951 1.39060879851 2.11127430500 1.72079337342 2.09188037833 2.51308702642 2.29997455642 2.00319207418 3.23766096857 3.34752529337 4.35848831635 -293.3445885983 0.00149639784   -8 
-- Local optimization: reached maximum number of likelihood evaluations allowed.
---- Best joint likelihood found -293.344588598325345 with gradient 0.00150

---- Results for RevisionsPolyDFE/express17_0.87738426132849_PolyDFE.input 
--  Model: C
--        eps_an     theta_bar             a 
-- 0.00011119466 0.00857885986            -1 
--           S_d             b           p_b           S_b 
-- -903.72905874 0.26477217838 0.00028363987 0.31569203930 
--           r 2           r 3           r 4           r 5           r 6           r 7           r 8           r 9          r 10          r 11          r 12          r 13          r 14          r 15          r 16          r 17          r 18          r 19          r 20          r 21          r 22          r 23          r 24          r 25          r 26          r 27          r 28          r 29          r 30          r 31          r 32          r 33          r 34          r 35          r 36          r 37          r 38          r 39          r 40          r 41          r 42          r 43          r 44          r 45          r 46          r 47          r 48          r 49 
-- 0.75778571867 0.66818767601 0.73049939296 0.72283314898 0.67472529818 0.74019043796 0.61608110150 0.71422218225 0.62403613154 0.67119750540 0.69039045868 0.51460463087 0.47175942226 0.58162383764 0.60204236629 0.57197715464 0.54552463557 0.71334882186 0.55518676285 0.66065095676 0.64766134202 0.72958379672 0.66004298074 0.74447743543 0.79589055124 0.82922589897 0.92428465331 0.98153750162 0.97406923182 0.61935063188 0.56996707754 0.93296859921 1.11565781981 1.25589766157 0.89014182716 1.19492301503 1.14415616817 1.20617389951 1.39060879851 2.11127430500 1.72079337342 2.09188037833 2.51308702642 2.29997455642 2.00319207418 3.23766096857 3.34752529337 4.35848831635 

---- Expected P_neut(i), 0 < i < n (neutral SFS per site) 
E[P_neut(1)] = 0.0085779908
E[P_neut(2)] = 0.0032501738
E[P_neut(3)] = 0.0019106161
E[P_neut(4)] = 0.0015665803
E[P_neut(5)] = 0.0012401277
E[P_neut(6)] = 0.0009646762
E[P_neut(7)] = 0.0009070870
E[P_neut(8)] = 0.0006606248
E[P_neut(9)] = 0.0006807748
E[P_neut(10)] = 0.0005353255
E[P_neut(11)] = 0.0005234358
E[P_neut(12)] = 0.0004935374
E[P_neut(13)] = 0.0003395870
E[P_neut(14)] = 0.0002890742
E[P_neut(15)] = 0.0003326419
E[P_neut(16)] = 0.0003227977
E[P_neut(17)] = 0.0002886367
E[P_neut(18)] = 0.0002599869
E[P_neut(19)] = 0.0003220737
E[P_neut(20)] = 0.0002381480
E[P_neut(21)] = 0.0002698895
E[P_neut(22)] = 0.0002525578
E[P_neut(23)] = 0.0002721293
E[P_neut(24)] = 0.0002359370
E[P_neut(25)] = 0.0002554707
E[P_neut(26)] = 0.0002626060
E[P_neut(27)] = 0.0002634755
E[P_neut(28)] = 0.0002831862
E[P_neut(29)] = 0.0002903589
E[P_neut(30)] = 0.0002785423
E[P_neut(31)] = 0.0001714142
E[P_neut(32)] = 0.0001528140
E[P_neut(33)] = 0.0002425447
E[P_neut(34)] = 0.0002815067
E[P_neut(35)] = 0.0003078362
E[P_neut(36)] = 0.0002121308
E[P_neut(37)] = 0.0002770631
E[P_neut(38)] = 0.0002583302
E[P_neut(39)] = 0.0002653517
E[P_neut(40)] = 0.0002982723
E[P_neut(41)] = 0.0004417906
E[P_neut(42)] = 0.0003515212
E[P_neut(43)] = 0.0004174021
E[P_neut(44)] = 0.0004900396
E[P_neut(45)] = 0.0004385594
E[P_neut(46)] = 0.0003737219
E[P_neut(47)] = 0.0005911136
E[P_neut(48)] = 0.0005985855
E[P_neut(49)] = 0.0007639479

---- Expected P_sel(i), 0 < i < n (selected SFS per site) 
E[P_sel(1)] = 0.0034083155
E[P_sel(2)] = 0.0009878376
E[P_sel(3)] = 0.0005092249
E[P_sel(4)] = 0.0003836777
E[P_sel(5)] = 0.0002855274
E[P_sel(6)] = 0.0002116080
E[P_sel(7)] = 0.0001912355
E[P_sel(8)] = 0.0001346823
E[P_sel(9)] = 0.0001348245
E[P_sel(10)] = 0.0001033503
E[P_sel(11)] = 0.0000987835
E[P_sel(12)] = 0.0000912512
E[P_sel(13)] = 0.0000616262
E[P_sel(14)] = 0.0000515698
E[P_sel(15)] = 0.0000584122
E[P_sel(16)] = 0.0000558587
E[P_sel(17)] = 0.0000492688
E[P_sel(18)] = 0.0000438134
E[P_sel(19)] = 0.0000536258
E[P_sel(20)] = 0.0000392029
E[P_sel(21)] = 0.0000439519
E[P_sel(22)] = 0.0000407105
E[P_sel(23)] = 0.0000434401
E[P_sel(24)] = 0.0000373141
E[P_sel(25)] = 0.0000400458
E[P_sel(26)] = 0.0000408152
E[P_sel(27)] = 0.0000406170
E[P_sel(28)] = 0.0000433139
E[P_sel(29)] = 0.0000440762
E[P_sel(30)] = 0.0000419752
E[P_sel(31)] = 0.0000256505
E[P_sel(32)] = 0.0000227120
E[P_sel(33)] = 0.0000358113
E[P_sel(34)] = 0.0000412996
E[P_sel(35)] = 0.0000448838
E[P_sel(36)] = 0.0000307446
E[P_sel(37)] = 0.0000399216
E[P_sel(38)] = 0.0000370127
E[P_sel(39)] = 0.0000378096
E[P_sel(40)] = 0.0000422724
E[P_sel(41)] = 0.0000622849
E[P_sel(42)] = 0.0000493069
E[P_sel(43)] = 0.0000582581
E[P_sel(44)] = 0.0000680642
E[P_sel(45)] = 0.0000606295
E[P_sel(46)] = 0.0000514340
E[P_sel(47)] = 0.0000809814
E[P_sel(48)] = 0.0000816734
E[P_sel(49)] = 0.0001039550

---- alpha_dfe = 0.002474

