---- Running command
---- ./polyDFE -d RevisionsPolyDFE/express20_1.64384929237125_PolyDFE.input -m C -i /home/jejames/ArabidopsisCrossGenome/model.txt 1 -e 
---- Performing inference using model C

---- Performing inference on RevisionsPolyDFE/express20_1.64384929237125_PolyDFE.input
----      with -i /home/jejames/ArabidopsisCrossGenome/model.txt 1
---- Data RevisionsPolyDFE/express20_1.64384929237125_PolyDFE.input does not contain divergence counts. Using option -w.
---- No mutation variability. Using Poisson likelihood.


---- Calculating initial values

-- Starting local optimization
-- Optimizing all parameters
  it        eps_an     theta_bar           S_d             b           p_b           S_b           r 2           r 3           r 4           r 5           r 6           r 7           r 8           r 9          r 10          r 11          r 12          r 13          r 14          r 15          r 16          r 17          r 18          r 19          r 20          r 21          r 22          r 23          r 24          r 25          r 26          r 27          r 28          r 29          r 30          r 31          r 32          r 33          r 34          r 35          r 36          r 37          r 38          r 39          r 40          r 41          r 42          r 43          r 44          r 45          r 46          r 47          r 48          r 49           ln lk          grad status 
   0           0.1 0.01135115035        -20000         0.406           0.1            20 0.81038807732 0.67684816290 0.75313560572 0.83739117603 0.68968570163 0.78707392651 0.69175151246 0.61487383798 0.66991294082 0.71580345285 0.66932270916 0.55821159805 0.97919433377 1.02257636122 0.78382765235 0.72244355909 0.95617529880 0.89995573262 0.87944518223 0.83355467020 0.72067286409 0.61767743839 0.78264718902 1.14357385273 0.87855983473 0.78884462151 1.31385568835 0.77453150361 1.60247897299 1.13899955732 1.32211893168 1.71403275785 1.74590526781 2.05548177659 1.41301460823 1.19566179725 1.58123063302 2.12350597609 1.92415523092 2.46229895233 2.44178840194 2.90600560720 2.40873542865 3.55245683930 3.55673601888 5.00029511583 5.62372731297             1 -1994.136443907 27.4272543546   -2 
 561 0.00056307280 0.00994018622 -1510.3699398 0.27923225134 0.00010803439 0.24942852658 0.81036306718 0.73959306652 0.70726389662 0.79504480556 0.67805527791 0.78362530334 0.68804133508 0.62558419606 0.73511639636 0.64585005493 0.60203414443 0.65728215375 0.94649889824 0.99520245137 0.75678627756 0.76507688177 0.98322222944 0.79834224847 0.91279540650 0.81725013612 0.70646254741 0.64115402099 0.77637760757 0.83321685295 0.66329985670 0.83396601855 1.11518848461 0.74609163802 1.33456173600 0.91227761341 1.34451611829 1.50833864809 1.52695299585 1.54338803417 0.94094009035 0.96936926297 1.44520056014 1.76916094916 1.45365839243 2.16523971673 1.79981884648 2.12030790987 1.93114980995 2.47240174158 3.07946450392 3.97055517729 3.39134070375 4.83742950370 -289.4250636925 0.00047938245   -8 
-- Local optimization: reached maximum number of likelihood evaluations allowed.
---- Best joint likelihood found -289.425063692549088 with gradient 0.00048

---- Results for RevisionsPolyDFE/express20_1.64384929237125_PolyDFE.input 
--  Model: C
--        eps_an     theta_bar             a 
-- 0.00056307280 0.00994018622            -1 
--           S_d             b           p_b           S_b 
-- -1510.3699398 0.27923225134 0.00010803439 0.24942852658 
--           r 2           r 3           r 4           r 5           r 6           r 7           r 8           r 9          r 10          r 11          r 12          r 13          r 14          r 15          r 16          r 17          r 18          r 19          r 20          r 21          r 22          r 23          r 24          r 25          r 26          r 27          r 28          r 29          r 30          r 31          r 32          r 33          r 34          r 35          r 36          r 37          r 38          r 39          r 40          r 41          r 42          r 43          r 44          r 45          r 46          r 47          r 48          r 49 
-- 0.81036306718 0.73959306652 0.70726389662 0.79504480556 0.67805527791 0.78362530334 0.68804133508 0.62558419606 0.73511639636 0.64585005493 0.60203414443 0.65728215375 0.94649889824 0.99520245137 0.75678627756 0.76507688177 0.98322222944 0.79834224847 0.91279540650 0.81725013612 0.70646254741 0.64115402099 0.77637760757 0.83321685295 0.66329985670 0.83396601855 1.11518848461 0.74609163802 1.33456173600 0.91227761341 1.34451611829 1.50833864809 1.52695299585 1.54338803417 0.94094009035 0.96936926297 1.44520056014 1.76916094916 1.45365839243 2.16523971673 1.79981884648 2.12030790987 1.93114980995 2.47240174158 3.07946450392 3.97055517729 3.39134070375 4.83742950370 

---- Expected P_neut(i), 0 < i < n (neutral SFS per site) 
E[P_neut(1)] = 0.0099351417
E[P_neut(2)] = 0.0040257075
E[P_neut(3)] = 0.0024496573
E[P_neut(4)] = 0.0017569688
E[P_neut(5)] = 0.0015799962
E[P_neut(6)] = 0.0011229458
E[P_neut(7)] = 0.0011124182
E[P_neut(8)] = 0.0008546658
E[P_neut(9)] = 0.0006908425
E[P_neut(10)] = 0.0007305113
E[P_neut(11)] = 0.0005835498
E[P_neut(12)] = 0.0004986264
E[P_neut(13)] = 0.0005024411
E[P_neut(14)] = 0.0006717947
E[P_neut(15)] = 0.0006593753
E[P_neut(16)] = 0.0004701489
E[P_neut(17)] = 0.0004473573
E[P_neut(18)] = 0.0005428968
E[P_neut(19)] = 0.0004175964
E[P_neut(20)] = 0.0004536614
E[P_neut(21)] = 0.0003867652
E[P_neut(22)] = 0.0003192418
E[P_neut(23)] = 0.0002771121
E[P_neut(24)] = 0.0003215175
E[P_neut(25)] = 0.0003312932
E[P_neut(26)] = 0.0002536277
E[P_neut(27)] = 0.0003070119
E[P_neut(28)] = 0.0003958561
E[P_neut(29)] = 0.0002558080
E[P_neut(30)] = 0.0004421995
E[P_neut(31)] = 0.0002925933
E[P_neut(32)] = 0.0004177187
E[P_neut(33)] = 0.0004543345
E[P_neut(34)] = 0.0004464309
E[P_neut(35)] = 0.0004384549
E[P_neut(36)] = 0.0002600410
E[P_neut(37)] = 0.0002605610
E[P_neut(38)] = 0.0003781091
E[P_neut(39)] = 0.0004509924
E[P_neut(40)] = 0.0003614489
E[P_neut(41)] = 0.0005250419
E[P_neut(42)] = 0.0004262066
E[P_neut(43)] = 0.0004904961
E[P_neut(44)] = 0.0004366593
E[P_neut(45)] = 0.0005467188
E[P_neut(46)] = 0.0006660595
E[P_neut(47)] = 0.0008406529
E[P_neut(48)] = 0.0007041757
E[P_neut(49)] = 0.0009863700

---- Expected P_sel(i), 0 < i < n (selected SFS per site) 
E[P_sel(1)] = 0.0033413923
E[P_sel(2)] = 0.0010105796
E[P_sel(3)] = 0.0005344697
E[P_sel(4)] = 0.0003504027
E[P_sel(5)] = 0.0002951310
E[P_sel(6)] = 0.0001992686
E[P_sel(7)] = 0.0001892788
E[P_sel(8)] = 0.0001403513
E[P_sel(9)] = 0.0001100182
E[P_sel(10)] = 0.0001132462
E[P_sel(11)] = 0.0000883119
E[P_sel(12)] = 0.0000738430
E[P_sel(13)] = 0.0000729579
E[P_sel(14)] = 0.0000958033
E[P_sel(15)] = 0.0000924738
E[P_sel(16)] = 0.0000649210
E[P_sel(17)] = 0.0000608877
E[P_sel(18)] = 0.0000728993
E[P_sel(19)] = 0.0000553650
E[P_sel(20)] = 0.0000594272
E[P_sel(21)] = 0.0000500918
E[P_sel(22)] = 0.0000409015
E[P_sel(23)] = 0.0000351408
E[P_sel(24)] = 0.0000403741
E[P_sel(25)] = 0.0000412132
E[P_sel(26)] = 0.0000312695
E[P_sel(27)] = 0.0000375261
E[P_sel(28)] = 0.0000479860
E[P_sel(29)] = 0.0000307637
E[P_sel(30)] = 0.0000527708
E[P_sel(31)] = 0.0000346599
E[P_sel(32)] = 0.0000491280
E[P_sel(33)] = 0.0000530634
E[P_sel(34)] = 0.0000517912
E[P_sel(35)] = 0.0000505382
E[P_sel(36)] = 0.0000297891
E[P_sel(37)] = 0.0000296636
E[P_sel(38)] = 0.0000427857
E[P_sel(39)] = 0.0000507373
E[P_sel(40)] = 0.0000404409
E[P_sel(41)] = 0.0000584133
E[P_sel(42)] = 0.0000471729
E[P_sel(43)] = 0.0000540114
E[P_sel(44)] = 0.0000478461
E[P_sel(45)] = 0.0000596211
E[P_sel(46)] = 0.0000722856
E[P_sel(47)] = 0.0000908355
E[P_sel(48)] = 0.0000759306
E[P_sel(49)] = 0.0001067007

---- alpha_dfe = 0.001158

