---- Running command
---- ./polyDFE -d RevisionsPolyDFE/express7_-0.268733676377848_PolyDFE.input -m C -i /home/jejames/ArabidopsisCrossGenome/model.txt 1 -e 
---- Performing inference using model C

---- Performing inference on RevisionsPolyDFE/express7_-0.268733676377848_PolyDFE.input
----      with -i /home/jejames/ArabidopsisCrossGenome/model.txt 1
---- Data RevisionsPolyDFE/express7_-0.268733676377848_PolyDFE.input does not contain divergence counts. Using option -w.
---- No mutation variability. Using Poisson likelihood.


---- Calculating initial values

-- Starting local optimization
-- Optimizing all parameters
  it        eps_an     theta_bar           S_d             b           p_b           S_b           r 2           r 3           r 4           r 5           r 6           r 7           r 8           r 9          r 10          r 11          r 12          r 13          r 14          r 15          r 16          r 17          r 18          r 19          r 20          r 21          r 22          r 23          r 24          r 25          r 26          r 27          r 28          r 29          r 30          r 31          r 32          r 33          r 34          r 35          r 36          r 37          r 38          r 39          r 40          r 41          r 42          r 43          r 44          r 45          r 46          r 47          r 48          r 49           ln lk          grad status 
   0           0.1 0.00943571754        -20000         0.208           0.1            20 0.76245563296 0.79229656894 0.70882082292 0.72433285132 0.73747863809 0.68095175496 0.77192059944 0.59510976731 0.54029183646 0.56684632575 0.58367293282 0.54344682529 0.56500591560 0.54817930853 0.44800841330 0.84921782568 0.74536611016 0.69186275798 0.30498225318 0.64874457736 0.76639936900 0.55632969633 0.75404232943 0.69015380570 0.78953595372 0.76666228473 0.82818456684 0.43841198895 0.64677270934 1.03102405678 0.82029709478 0.95438411988 1.05928749835 0.83738661758 0.96069409754 1.07979492572 1.04903378467 1.27146049691 1.78256868673 1.54686472985 2.46246877875 2.37412909162 2.86315235966 3.30090705928 3.21703693966 4.45471276455 5.17418167477             1 -1927.608259320 27.9754730613   -2 
 410 0.00029727744 0.00831521568 -665.53803525 0.21746439711 0.00023559063 0.62003365860 0.76206863345 0.75340910716 0.75477541760 0.74754193689 0.70973485233 0.66889265155 0.70035437116 0.67812982663 0.55671957557 0.57661915980 0.54221530004 0.46943169399 0.50933333601 0.54101869043 0.48089540972 0.67888643499 0.73313036753 0.61343461953 0.47503952795 0.64779177318 0.73296060543 0.55334611064 0.62212685670 0.57651280475 0.61710365354 0.78774124621 0.66892067140 0.45163834809 0.59490266174 0.85941941503 0.65733349556 0.89976933856 0.90887427369 0.68197620648 0.87906204987 0.92826339799 0.81547709184 1.10252870571 1.47830515957 1.26492174069 1.84408482252 1.81160114819 2.04829015468 2.77032922373 2.32007899593 2.81401243703 3.05607760208 4.58314366968 -286.0443781853 0.00073133102   -8 
-- Local optimization: reached maximum number of likelihood evaluations allowed.
---- Best joint likelihood found -286.044378185381504 with gradient 0.00073

---- Results for RevisionsPolyDFE/express7_-0.268733676377848_PolyDFE.input 
--  Model: C
--        eps_an     theta_bar             a 
-- 0.00029727744 0.00831521568            -1 
--           S_d             b           p_b           S_b 
-- -665.53803525 0.21746439711 0.00023559063 0.62003365860 
--           r 2           r 3           r 4           r 5           r 6           r 7           r 8           r 9          r 10          r 11          r 12          r 13          r 14          r 15          r 16          r 17          r 18          r 19          r 20          r 21          r 22          r 23          r 24          r 25          r 26          r 27          r 28          r 29          r 30          r 31          r 32          r 33          r 34          r 35          r 36          r 37          r 38          r 39          r 40          r 41          r 42          r 43          r 44          r 45          r 46          r 47          r 48          r 49 
-- 0.76206863345 0.75340910716 0.75477541760 0.74754193689 0.70973485233 0.66889265155 0.70035437116 0.67812982663 0.55671957557 0.57661915980 0.54221530004 0.46943169399 0.50933333601 0.54101869043 0.48089540972 0.67888643499 0.73313036753 0.61343461953 0.47503952795 0.64779177318 0.73296060543 0.55334611064 0.62212685670 0.57651280475 0.61710365354 0.78774124621 0.66892067140 0.45163834809 0.59490266174 0.85941941503 0.65733349556 0.89976933856 0.90887427369 0.68197620648 0.87906204987 0.92826339799 0.81547709184 1.10252870571 1.47830515957 1.26492174069 1.84408482252 1.81160114819 2.04829015468 2.77032922373 2.32007899593 2.81401243703 3.05607760208 4.58314366968 

---- Expected P_neut(i), 0 < i < n (neutral SFS per site) 
E[P_neut(1)] = 0.0083129750
E[P_neut(2)] = 0.0031675980
E[P_neut(3)] = 0.0020877803
E[P_neut(4)] = 0.0015686883
E[P_neut(5)] = 0.0012429771
E[P_neut(6)] = 0.0009834224
E[P_neut(7)] = 0.0007944375
E[P_neut(8)] = 0.0007278418
E[P_neut(9)] = 0.0006264229
E[P_neut(10)] = 0.0004628781
E[P_neut(11)] = 0.0004358233
E[P_neut(12)] = 0.0003756611
E[P_neut(13)] = 0.0003002363
E[P_neut(14)] = 0.0003024859
E[P_neut(15)] = 0.0002998715
E[P_neut(16)] = 0.0002499136
E[P_neut(17)] = 0.0003320326
E[P_neut(18)] = 0.0003386244
E[P_neut(19)] = 0.0002684540
E[P_neut(20)] = 0.0001974931
E[P_neut(21)] = 0.0002564636
E[P_neut(22)] = 0.0002770097
E[P_neut(23)] = 0.0002000645
E[P_neut(24)] = 0.0002155412
E[P_neut(25)] = 0.0001917531
E[P_neut(26)] = 0.0001973650
E[P_neut(27)] = 0.0002425888
E[P_neut(28)] = 0.0001986740
E[P_neut(29)] = 0.0001295367
E[P_neut(30)] = 0.0001649012
E[P_neut(31)] = 0.0002305357
E[P_neut(32)] = 0.0001708583
E[P_neut(33)] = 0.0002267518
E[P_neut(34)] = 0.0002222872
E[P_neut(35)] = 0.0001620633
E[P_neut(36)] = 0.0002030738
E[P_neut(37)] = 0.0002086410
E[P_neut(38)] = 0.0001785025
E[P_neut(39)] = 0.0002351306
E[P_neut(40)] = 0.0003073569
E[P_neut(41)] = 0.0002566489
E[P_neut(42)] = 0.0003652022
E[P_neut(43)] = 0.0003504543
E[P_neut(44)] = 0.0003872677
E[P_neut(45)] = 0.0005121260
E[P_neut(46)] = 0.0004197321
E[P_neut(47)] = 0.0004983264
E[P_neut(48)] = 0.0005302000
E[P_neut(49)] = 0.0007799923

---- Expected P_sel(i), 0 < i < n (selected SFS per site) 
E[P_sel(1)] = 0.0039539775
E[P_sel(2)] = 0.0012161862
E[P_sel(3)] = 0.0007208719
E[P_sel(4)] = 0.0005056921
E[P_sel(5)] = 0.0003810323
E[P_sel(6)] = 0.0002897952
E[P_sel(7)] = 0.0002266415
E[P_sel(8)] = 0.0002020286
E[P_sel(9)] = 0.0001698047
E[P_sel(10)] = 0.0001228792
E[P_sel(11)] = 0.0001135637
E[P_sel(12)] = 0.0000962570
E[P_sel(13)] = 0.0000757621
E[P_sel(14)] = 0.0000752664
E[P_sel(15)] = 0.0000736557
E[P_sel(16)] = 0.0000606497
E[P_sel(17)] = 0.0000796791
E[P_sel(18)] = 0.0000804102
E[P_sel(19)] = 0.0000631183
E[P_sel(20)] = 0.0000460017
E[P_sel(21)] = 0.0000592109
E[P_sel(22)] = 0.0000634181
E[P_sel(23)] = 0.0000454366
E[P_sel(24)] = 0.0000485786
E[P_sel(25)] = 0.0000429021
E[P_sel(26)] = 0.0000438493
E[P_sel(27)] = 0.0000535352
E[P_sel(28)] = 0.0000435615
E[P_sel(29)] = 0.0000282264
E[P_sel(30)] = 0.0000357167
E[P_sel(31)] = 0.0000496439
E[P_sel(32)] = 0.0000365882
E[P_sel(33)] = 0.0000482939
E[P_sel(34)] = 0.0000470942
E[P_sel(35)] = 0.0000341616
E[P_sel(36)] = 0.0000425944
E[P_sel(37)] = 0.0000435522
E[P_sel(38)] = 0.0000370890
E[P_sel(39)] = 0.0000486328
E[P_sel(40)] = 0.0000632892
E[P_sel(41)] = 0.0000526251
E[P_sel(42)] = 0.0000745668
E[P_sel(43)] = 0.0000712657
E[P_sel(44)] = 0.0000784414
E[P_sel(45)] = 0.0001033280
E[P_sel(46)] = 0.0000843867
E[P_sel(47)] = 0.0000998354
E[P_sel(48)] = 0.0001059095
E[P_sel(49)] = 0.0001556764

---- alpha_dfe = 0.001636

