---- Running command
---- ./polyDFE -d RevisionsPolyDFE/express2_-1.84225549664384_PolyDFE.input -m C -i /home/jejames/ArabidopsisCrossGenome/model.txt 1 -e 
---- Performing inference using model C

---- Performing inference on RevisionsPolyDFE/express2_-1.84225549664384_PolyDFE.input
----      with -i /home/jejames/ArabidopsisCrossGenome/model.txt 1
---- Data RevisionsPolyDFE/express2_-1.84225549664384_PolyDFE.input does not contain divergence counts. Using option -w.
---- No mutation variability. Using Poisson likelihood.


---- Calculating initial values

-- Starting local optimization
-- Optimizing all parameters
  it        eps_an     theta_bar           S_d             b           p_b           S_b           r 2           r 3           r 4           r 5           r 6           r 7           r 8           r 9          r 10          r 11          r 12          r 13          r 14          r 15          r 16          r 17          r 18          r 19          r 20          r 21          r 22          r 23          r 24          r 25          r 26          r 27          r 28          r 29          r 30          r 31          r 32          r 33          r 34          r 35          r 36          r 37          r 38          r 39          r 40          r 41          r 42          r 43          r 44          r 45          r 46          r 47          r 48          r 49           ln lk          grad status 
   0           0.1 0.01054434955        -20000         0.208           0.1            20 0.79102460124 0.72627737226 0.72938632062 0.66774804001 0.64233576642 0.76263855095 0.76993782103 0.74087591240 0.59205190592 0.61111111111 0.85482562854 0.70816436874 0.55258177885 0.52716950527 0.48878075155 0.66639632333 0.72506082725 0.50337929170 0.59475533928 0.71816707218 0.70478507704 0.51297648012 0.60016220600 0.84482292511 0.50959718842 0.74817518248 0.80616382806 1.08583400919 0.89213300892 0.68721276020 0.87374966207 1.29359286293 0.89159232224 0.85158150851 1.88807785888 1.73546904568 1.35090565017 1.36536901865 2.28169775615 2.44403892944 1.86212489862 1.70884022708 2.90240605569 2.99270072992 2.86645039199 3.80548796972 6.31954582319             1 -2538.442835648 15.9709652665   -2 
 593 0.00016902647 0.00903889216 -38.814795436 0.34866915920 0.00010771044 0.23389589892 0.81755684673 0.77351797023 0.71116159501 0.65909419800 0.71897209229 0.77202335259 0.67525020592 0.76511579687 0.62623626593 0.65978782790 0.72566776009 0.67102207144 0.52500723341 0.59191228611 0.61424963889 0.66813970621 0.73292303682 0.60281483015 0.69242366819 0.71071337336 0.63300186433 0.59250736089 0.60953394205 0.72065892603 0.62608729325 0.57969677481 0.75964508188 0.80720037311 0.92337184680 0.73227796602 0.77760334981 0.97436361874 0.81444941306 0.74178245110 1.30485312458 1.23959555284 1.18989101985 1.15777390729 1.86991388364 1.85127731596 1.40859213991 1.29434773449 2.21551953777 2.24632394597 2.54970785396 3.17443933970 4.22906633506 4.93810456584 -307.0405942709 0.00007358951    0 
---- Best joint likelihood found -307.040594270923179 with gradient 0.00007

---- Results for RevisionsPolyDFE/express2_-1.84225549664384_PolyDFE.input 
--  Model: C
--        eps_an     theta_bar             a 
-- 0.00016902647 0.00903889216            -1 
--           S_d             b           p_b           S_b 
-- -38.814795436 0.34866915920 0.00010771044 0.23389589892 
--           r 2           r 3           r 4           r 5           r 6           r 7           r 8           r 9          r 10          r 11          r 12          r 13          r 14          r 15          r 16          r 17          r 18          r 19          r 20          r 21          r 22          r 23          r 24          r 25          r 26          r 27          r 28          r 29          r 30          r 31          r 32          r 33          r 34          r 35          r 36          r 37          r 38          r 39          r 40          r 41          r 42          r 43          r 44          r 45          r 46          r 47          r 48          r 49 
-- 0.81755684673 0.77351797023 0.71116159501 0.65909419800 0.71897209229 0.77202335259 0.67525020592 0.76511579687 0.62623626593 0.65978782790 0.72566776009 0.67102207144 0.52500723341 0.59191228611 0.61424963889 0.66813970621 0.73292303682 0.60281483015 0.69242366819 0.71071337336 0.63300186433 0.59250736089 0.60953394205 0.72065892603 0.62608729325 0.57969677481 0.75964508188 0.80720037311 0.92337184680 0.73227796602 0.77760334981 0.97436361874 0.81444941306 0.74178245110 1.30485312458 1.23959555284 1.18989101985 1.15777390729 1.86991388364 1.85127731596 1.40859213991 1.29434773449 2.21551953777 2.24632394597 2.54970785396 3.17443933970 4.22906633506 4.93810456584 

---- Expected P_neut(i), 0 < i < n (neutral SFS per site) 
E[P_neut(1)] = 0.0090375183
E[P_neut(2)] = 0.0036944142
E[P_neut(3)] = 0.0023302911
E[P_neut(4)] = 0.0016068413
E[P_neut(5)] = 0.0011913711
E[P_neut(6)] = 0.0010830124
E[P_neut(7)] = 0.0009967683
E[P_neut(8)] = 0.0007628615
E[P_neut(9)] = 0.0007683612
E[P_neut(10)] = 0.0005660240
E[P_neut(11)] = 0.0005421129
E[P_neut(12)] = 0.0005465582
E[P_neut(13)] = 0.0004665336
E[P_neut(14)] = 0.0003389612
E[P_neut(15)] = 0.0003566542
E[P_neut(16)] = 0.0003469865
E[P_neut(17)] = 0.0003552346
E[P_neut(18)] = 0.0003680200
E[P_neut(19)] = 0.0002867654
E[P_neut(20)] = 0.0003129313
E[P_neut(21)] = 0.0003058985
E[P_neut(22)] = 0.0002600718
E[P_neut(23)] = 0.0002328461
E[P_neut(24)] = 0.0002295610
E[P_neut(25)] = 0.0002605583
E[P_neut(26)] = 0.0002176611
E[P_neut(27)] = 0.0001940738
E[P_neut(28)] = 0.0002452293
E[P_neut(29)] = 0.0002516022
E[P_neut(30)] = 0.0002782145
E[P_neut(31)] = 0.0002135279
E[P_neut(32)] = 0.0002196711
E[P_neut(33)] = 0.0002668988
E[P_neut(34)] = 0.0002165432
E[P_neut(35)] = 0.0001915962
E[P_neut(36)] = 0.0003276249
E[P_neut(37)] = 0.0003028539
E[P_neut(38)] = 0.0002830787
E[P_neut(39)] = 0.0002683795
E[P_neut(40)] = 0.0004225730
E[P_neut(41)] = 0.0004081949
E[P_neut(42)] = 0.0003032233
E[P_neut(43)] = 0.0002722032
E[P_neut(44)] = 0.0004552389
E[P_neut(45)] = 0.0004513313
E[P_neut(46)] = 0.0005011986
E[P_neut(47)] = 0.0006107889
E[P_neut(48)] = 0.0007968665
E[P_neut(49)] = 0.0009122921

---- Expected P_sel(i), 0 < i < n (selected SFS per site) 
E[P_sel(1)] = 0.0066362099
E[P_sel(2)] = 0.0022517182
E[P_sel(3)] = 0.0012536197
E[P_sel(4)] = 0.0007891756
E[P_sel(5)] = 0.0005452059
E[P_sel(6)] = 0.0004680319
E[P_sel(7)] = 0.0004106101
E[P_sel(8)] = 0.0003016060
E[P_sel(9)] = 0.0002930767
E[P_sel(10)] = 0.0002091434
E[P_sel(11)] = 0.0001946830
E[P_sel(12)] = 0.0001912776
E[P_sel(13)] = 0.0001594668
E[P_sel(14)] = 0.0001133746
E[P_sel(15)] = 0.0001169249
E[P_sel(16)] = 0.0001116515
E[P_sel(17)] = 0.0001123284
E[P_sel(18)] = 0.0001144820
E[P_sel(19)] = 0.0000878403
E[P_sel(20)] = 0.0000944682
E[P_sel(21)] = 0.0000910785
E[P_sel(22)] = 0.0000764241
E[P_sel(23)] = 0.0000675733
E[P_sel(24)] = 0.0000658292
E[P_sel(25)] = 0.0000738692
E[P_sel(26)] = 0.0000610357
E[P_sel(27)] = 0.0000538523
E[P_sel(28)] = 0.0000673625
E[P_sel(29)] = 0.0000684434
E[P_sel(30)] = 0.0000749751
E[P_sel(31)] = 0.0000570236
E[P_sel(32)] = 0.0000581526
E[P_sel(33)] = 0.0000700570
E[P_sel(34)] = 0.0000563745
E[P_sel(35)] = 0.0000494841
E[P_sel(36)] = 0.0000839606
E[P_sel(37)] = 0.0000770328
E[P_sel(38)] = 0.0000714798
E[P_sel(39)] = 0.0000672880
E[P_sel(40)] = 0.0001052100
E[P_sel(41)] = 0.0001009508
E[P_sel(42)] = 0.0000745030
E[P_sel(43)] = 0.0000664626
E[P_sel(44)] = 0.0001104438
E[P_sel(45)] = 0.0001088337
E[P_sel(46)] = 0.0001201541
E[P_sel(47)] = 0.0001456029
E[P_sel(48)] = 0.0001889498
E[P_sel(49)] = 0.0002155999

---- alpha_dfe = 0.000521

