---- Running command
---- ./polyDFE -d RevisionsPolyDFE/express12_0.352182766048261_PolyDFE.input -m C -i /home/jejames/ArabidopsisCrossGenome/model.txt 1 -e 
---- Performing inference using model C

---- Performing inference on RevisionsPolyDFE/express12_0.352182766048261_PolyDFE.input
----      with -i /home/jejames/ArabidopsisCrossGenome/model.txt 1
---- Data RevisionsPolyDFE/express12_0.352182766048261_PolyDFE.input does not contain divergence counts. Using option -w.
---- No mutation variability. Using Poisson likelihood.


---- Calculating initial values

-- Starting local optimization
-- Optimizing all parameters
  it        eps_an     theta_bar           S_d             b           p_b           S_b           r 2           r 3           r 4           r 5           r 6           r 7           r 8           r 9          r 10          r 11          r 12          r 13          r 14          r 15          r 16          r 17          r 18          r 19          r 20          r 21          r 22          r 23          r 24          r 25          r 26          r 27          r 28          r 29          r 30          r 31          r 32          r 33          r 34          r 35          r 36          r 37          r 38          r 39          r 40          r 41          r 42          r 43          r 44          r 45          r 46          r 47          r 48          r 49           ln lk          grad status 
   0           0.1 0.00830391879        -60000         0.208           0.1            20 0.88389842947 0.81285777190 0.67341846469 0.69132540730 0.83575517393 0.80346396594 0.69631586672 0.63936591809 0.74856891237 1.00748568912 0.63408190224 0.69646264494 0.77880522530 0.74636723910 0.80082195802 0.75854983120 0.96169088507 0.69998532217 0.77792455599 0.82606781153 0.73623954205 0.65830030823 0.79964773227 1.06414208131 0.77469543519 0.61426684280 0.87127550271 1.07265521796 0.99075297225 1.17848231322 1.10846910318 1.23998238661 1.34243358285 1.28944664611 1.53764861294 1.76500807280 2.00792602377 1.92338177014 2.05489505357 2.14237487156 2.32408630559 2.51196242477 2.97724937619 3.68560105680 3.26111845002 5.33949801849 5.48833113166             1 -2077.901767708 28.6267635151   -2 
 736 0.00057681195 0.00732471364 -489.71573088 0.26397007814 0.00020963558 0.63853436544 0.83264519372 0.78680638992 0.76165924643 0.75085848380 0.81755873862 0.83740135821 0.70732727592 0.67887543287 0.71138810091 0.79148723905 0.79950664674 0.67099634315 0.71902876360 0.75564422107 0.66712731938 0.59446706907 0.77263936381 0.65875826062 0.59746682140 0.69056874985 0.77430480008 0.68040257579 0.74770272045 1.03659144740 0.79740447128 0.65294050853 0.90607215172 0.94164221500 0.99958362679 1.01294617117 1.00092346216 1.03532356330 0.96759693853 1.20895350049 1.62648922450 1.50819122429 1.78254947158 1.53766222314 1.64158408288 1.59248033589 1.66659677832 2.07101218532 1.88689924297 2.38302548678 2.43872544996 3.72734304959 3.47145192330 4.69504619601 -301.8904048064 0.00093426603   -8 
-- Local optimization: reached maximum number of likelihood evaluations allowed.
---- Best joint likelihood found -301.890404806435413 with gradient 0.00093

---- Results for RevisionsPolyDFE/express12_0.352182766048261_PolyDFE.input 
--  Model: C
--        eps_an     theta_bar             a 
-- 0.00057681195 0.00732471364            -1 
--           S_d             b           p_b           S_b 
-- -489.71573088 0.26397007814 0.00020963558 0.63853436544 
--           r 2           r 3           r 4           r 5           r 6           r 7           r 8           r 9          r 10          r 11          r 12          r 13          r 14          r 15          r 16          r 17          r 18          r 19          r 20          r 21          r 22          r 23          r 24          r 25          r 26          r 27          r 28          r 29          r 30          r 31          r 32          r 33          r 34          r 35          r 36          r 37          r 38          r 39          r 40          r 41          r 42          r 43          r 44          r 45          r 46          r 47          r 48          r 49 
-- 0.83264519372 0.78680638992 0.76165924643 0.75085848380 0.81755873862 0.83740135821 0.70732727592 0.67887543287 0.71138810091 0.79148723905 0.79950664674 0.67099634315 0.71902876360 0.75564422107 0.66712731938 0.59446706907 0.77263936381 0.65875826062 0.59746682140 0.69056874985 0.77430480008 0.68040257579 0.74770272045 1.03659144740 0.79740447128 0.65294050853 0.90607215172 0.94164221500 0.99958362679 1.01294617117 1.00092346216 1.03532356330 0.96759693853 1.20895350049 1.62648922450 1.50819122429 1.78254947158 1.53766222314 1.64158408288 1.59248033589 1.66659677832 2.07101218532 1.88689924297 2.38302548678 2.43872544996 3.72734304959 3.47145192330 4.69504619601 

---- Expected P_neut(i), 0 < i < n (neutral SFS per site) 
E[P_neut(1)] = 0.0073208935
E[P_neut(2)] = 0.0030479904
E[P_neut(3)] = 0.0019202708
E[P_neut(4)] = 0.0013941535
E[P_neut(5)] = 0.0010995539
E[P_neut(6)] = 0.0009976694
E[P_neut(7)] = 0.0008759445
E[P_neut(8)] = 0.0006474153
E[P_neut(9)] = 0.0005523530
E[P_neut(10)] = 0.0005209442
E[P_neut(11)] = 0.0005269005
E[P_neut(12)] = 0.0004879298
E[P_neut(13)] = 0.0003780200
E[P_neut(14)] = 0.0003761653
E[P_neut(15)] = 0.0003689249
E[P_neut(16)] = 0.0003053514
E[P_neut(17)] = 0.0002561202
E[P_neut(18)] = 0.0003143598
E[P_neut(19)] = 0.0002539503
E[P_neut(20)] = 0.0002188282
E[P_neut(21)] = 0.0002408658
E[P_neut(22)] = 0.0002577862
E[P_neut(23)] = 0.0002166621
E[P_neut(24)] = 0.0002281941
E[P_neut(25)] = 0.0003037094
E[P_neut(26)] = 0.0002246466
E[P_neut(27)] = 0.0001771562
E[P_neut(28)] = 0.0002370377
E[P_neut(29)] = 0.0002378383
E[P_neut(30)] = 0.0002440409
E[P_neut(31)] = 0.0002393485
E[P_neut(32)] = 0.0002291579
E[P_neut(33)] = 0.0002298167
E[P_neut(34)] = 0.0002085080
E[P_neut(35)] = 0.0002530737
E[P_neut(36)] = 0.0003309585
E[P_neut(37)] = 0.0002986153
E[P_neut(38)] = 0.0003436797
E[P_neut(39)] = 0.0002889306
E[P_neut(40)] = 0.0003007305
E[P_neut(41)] = 0.0002846537
E[P_neut(42)] = 0.0002908570
E[P_neut(43)] = 0.0003530827
E[P_neut(44)] = 0.0003145081
E[P_neut(45)] = 0.0003882992
E[P_neut(46)] = 0.0003889058
E[P_neut(47)] = 0.0005816607
E[P_neut(48)] = 0.0005311907
E[P_neut(49)] = 0.0007056542

---- Expected P_sel(i), 0 < i < n (selected SFS per site) 
E[P_sel(1)] = 0.0033693512
E[P_sel(2)] = 0.0010875501
E[P_sel(3)] = 0.0006022312
E[P_sel(4)] = 0.0004021353
E[P_sel(5)] = 0.0002982964
E[P_sel(6)] = 0.0002579462
E[P_sel(7)] = 0.0002177097
E[P_sel(8)] = 0.0001556300
E[P_sel(9)] = 0.0001290015
E[P_sel(10)] = 0.0001186161
E[P_sel(11)] = 0.0001172880
E[P_sel(12)] = 0.0001064165
E[P_sel(13)] = 0.0000809274
E[P_sel(14)] = 0.0000791694
E[P_sel(15)] = 0.0000764356
E[P_sel(16)] = 0.0000623471
E[P_sel(17)] = 0.0000515864
E[P_sel(18)] = 0.0000625143
E[P_sel(19)] = 0.0000498975
E[P_sel(20)] = 0.0000425115
E[P_sel(21)] = 0.0000462934
E[P_sel(22)] = 0.0000490431
E[P_sel(23)] = 0.0000408213
E[P_sel(24)] = 0.0000425977
E[P_sel(25)] = 0.0000561946
E[P_sel(26)] = 0.0000412148
E[P_sel(27)] = 0.0000322387
E[P_sel(28)] = 0.0000427996
E[P_sel(29)] = 0.0000426218
E[P_sel(30)] = 0.0000434167
E[P_sel(31)] = 0.0000422848
E[P_sel(32)] = 0.0000402121
E[P_sel(33)] = 0.0000400635
E[P_sel(34)] = 0.0000361201
E[P_sel(35)] = 0.0000435715
E[P_sel(36)] = 0.0000566395
E[P_sel(37)] = 0.0000508098
E[P_sel(38)] = 0.0000581504
E[P_sel(39)] = 0.0000486235
E[P_sel(40)] = 0.0000503397
E[P_sel(41)] = 0.0000474046
E[P_sel(42)] = 0.0000481976
E[P_sel(43)] = 0.0000582274
E[P_sel(44)] = 0.0000516317
E[P_sel(45)] = 0.0000634458
E[P_sel(46)] = 0.0000632840
E[P_sel(47)] = 0.0000942388
E[P_sel(48)] = 0.0000858722
E[P_sel(49)] = 0.0001143931

---- alpha_dfe = 0.001823

