---- Running command
---- ./polyDFE -d RevisionsPolyDFE/express19_1.21198027854413_PolyDFE.input -m C -i /home/jejames/ArabidopsisCrossGenome/model.txt 1 -e 
---- Performing inference using model C

---- Performing inference on RevisionsPolyDFE/express19_1.21198027854413_PolyDFE.input
----      with -i /home/jejames/ArabidopsisCrossGenome/model.txt 1
---- Data RevisionsPolyDFE/express19_1.21198027854413_PolyDFE.input does not contain divergence counts. Using option -w.
---- No mutation variability. Using Poisson likelihood.


---- Calculating initial values

-- Starting local optimization
-- Optimizing all parameters
  it        eps_an     theta_bar           S_d             b           p_b           S_b           r 2           r 3           r 4           r 5           r 6           r 7           r 8           r 9          r 10          r 11          r 12          r 13          r 14          r 15          r 16          r 17          r 18          r 19          r 20          r 21          r 22          r 23          r 24          r 25          r 26          r 27          r 28          r 29          r 30          r 31          r 32          r 33          r 34          r 35          r 36          r 37          r 38          r 39          r 40          r 41          r 42          r 43          r 44          r 45          r 46          r 47          r 48          r 49           ln lk          grad status 
   0           0.1 0.00949631908        -20000         0.406           0.1            20 0.95087823757 0.77746353081 0.70497171777 0.69068175052 0.59839237868 0.77835665376 0.79666567430 0.90964572789 0.55671330753 0.67788032152 0.82345936290 0.82435248585 0.68145281333 0.68323905924 0.75736826436 0.60985412325 0.83596308425 0.94462637689 0.78594819886 0.78773444477 0.92021434950 0.99627865436 0.96814528133 1.22804406073 0.77016969336 0.88017267043 0.87109258707 0.81155105686 0.96457278952 1.31973801726 1.18130395951 1.22313188448 1.52843108067 1.84429889848 1.62369752902 2.16999106877 2.20035724918 2.12473950580 1.94105388508 2.63039595117 2.63203334325 2.57948794284 1.76838344745 2.89371836856 3.94403096159 4.40056564453 6.47335516522             1 -2069.000314282 23.0001408719   -2 
 769 0.00058461046 0.00828769121 -772.19812949 0.28973249424 0.00005047062 0.20105734326 0.94312059554 0.79598123562 0.72557757526 0.72273626296 0.67696181775 0.78001934984 0.75638751148 0.85624284051 0.57782784186 0.63391906595 0.81145668900 0.70104596094 0.77213988067 0.80901037218 0.68711842969 0.80387542446 0.69351930417 0.89256280548 0.89455649949 0.61150087399 0.84578350694 0.90716385934 0.84919167729 1.12022043294 0.68370462637 0.73533062855 0.66935610951 0.77012374555 0.82454732508 1.12170840770 1.16124359368 1.02879796528 1.18105611922 1.58441200728 1.44488861916 1.58569673717 1.73179513157 1.67860939765 1.68993645900 2.06047737701 1.85491777164 1.90211937574 1.67599759498 2.51671556952 2.90406214946 3.26210899425 4.05746093358 4.55693897189 -292.0870600596 0.00009980585    0 
---- Best joint likelihood found -292.087060059603004 with gradient 0.00010

---- Results for RevisionsPolyDFE/express19_1.21198027854413_PolyDFE.input 
--  Model: C
--        eps_an     theta_bar             a 
-- 0.00058461046 0.00828769121            -1 
--           S_d             b           p_b           S_b 
-- -772.19812949 0.28973249424 0.00005047062 0.20105734326 
--           r 2           r 3           r 4           r 5           r 6           r 7           r 8           r 9          r 10          r 11          r 12          r 13          r 14          r 15          r 16          r 17          r 18          r 19          r 20          r 21          r 22          r 23          r 24          r 25          r 26          r 27          r 28          r 29          r 30          r 31          r 32          r 33          r 34          r 35          r 36          r 37          r 38          r 39          r 40          r 41          r 42          r 43          r 44          r 45          r 46          r 47          r 48          r 49 
-- 0.94312059554 0.79598123562 0.72557757526 0.72273626296 0.67696181775 0.78001934984 0.75638751148 0.85624284051 0.57782784186 0.63391906595 0.81145668900 0.70104596094 0.77213988067 0.80901037218 0.68711842969 0.80387542446 0.69351930417 0.89256280548 0.89455649949 0.61150087399 0.84578350694 0.90716385934 0.84919167729 1.12022043294 0.68370462637 0.73533062855 0.66935610951 0.77012374555 0.82454732508 1.12170840770 1.16124359368 1.02879796528 1.18105611922 1.58441200728 1.44488861916 1.58569673717 1.73179513157 1.67860939765 1.68993645900 2.06047737701 1.85491777164 1.90211937574 1.67599759498 2.51671556952 2.90406214946 3.26210899425 4.05746093358 4.55693897189 

---- Expected P_neut(i), 0 < i < n (neutral SFS per site) 
E[P_neut(1)] = 0.0082832967
E[P_neut(2)] = 0.0039062710
E[P_neut(3)] = 0.0021979996
E[P_neut(4)] = 0.0015027677
E[P_neut(5)] = 0.0011975336
E[P_neut(6)] = 0.0009347130
E[P_neut(7)] = 0.0009231829
E[P_neut(8)] = 0.0007833442
E[P_neut(9)] = 0.0007882577
E[P_neut(10)] = 0.0004788106
E[P_neut(11)] = 0.0004775407
E[P_neut(12)] = 0.0005603184
E[P_neut(13)] = 0.0004468735
E[P_neut(14)] = 0.0004570170
E[P_neut(15)] = 0.0004469466
E[P_neut(16)] = 0.0003558743
E[P_neut(17)] = 0.0003918203
E[P_neut(18)] = 0.0003193044
E[P_neut(19)] = 0.0003892785
E[P_neut(20)] = 0.0003706069
E[P_neut(21)] = 0.0002413176
E[P_neut(22)] = 0.0003185474
E[P_neut(23)] = 0.0003268232
E[P_neut(24)] = 0.0002931992
E[P_neut(25)] = 0.0003713616
E[P_neut(26)] = 0.0002179799
E[P_neut(27)] = 0.0002257700
E[P_neut(28)] = 0.0001981925
E[P_neut(29)] = 0.0002201003
E[P_neut(30)] = 0.0002278700
E[P_neut(31)] = 0.0002999353
E[P_neut(32)] = 0.0003007617
E[P_neut(33)] = 0.0002584526
E[P_neut(34)] = 0.0002879288
E[P_neut(35)] = 0.0003752168
E[P_neut(36)] = 0.0003327058
E[P_neut(37)] = 0.0003552365
E[P_neut(38)] = 0.0003778064
E[P_neut(39)] = 0.0003567834
E[P_neut(40)] = 0.0003502171
E[P_neut(41)] = 0.0004167199
E[P_neut(42)] = 0.0003662676
E[P_neut(43)] = 0.0003669344
E[P_neut(44)] = 0.0003160473
E[P_neut(45)] = 0.0004639352
E[P_neut(46)] = 0.0005237897
E[P_neut(47)] = 0.0005761695
E[P_neut(48)] = 0.0007024373
E[P_neut(49)] = 0.0007751394

---- Expected P_sel(i), 0 < i < n (selected SFS per site) 
E[P_sel(1)] = 0.0032335111
E[P_sel(2)] = 0.0011395141
E[P_sel(3)] = 0.0005550804
E[P_sel(4)] = 0.0003458314
E[P_sel(5)] = 0.0002575051
E[P_sel(6)] = 0.0001905858
E[P_sel(7)] = 0.0001802091
E[P_sel(8)] = 0.0001473846
E[P_sel(9)] = 0.0001436645
E[P_sel(10)] = 0.0000848562
E[P_sel(11)] = 0.0000825469
E[P_sel(12)] = 0.0000947041
E[P_sel(13)] = 0.0000739997
E[P_sel(14)] = 0.0000742743
E[P_sel(15)] = 0.0000713905
E[P_sel(16)] = 0.0000559379
E[P_sel(17)] = 0.0000606728
E[P_sel(18)] = 0.0000487533
E[P_sel(19)] = 0.0000586582
E[P_sel(20)] = 0.0000551533
E[P_sel(21)] = 0.0000354907
E[P_sel(22)] = 0.0000463273
E[P_sel(23)] = 0.0000470264
E[P_sel(24)] = 0.0000417610
E[P_sel(25)] = 0.0000523815
E[P_sel(26)] = 0.0000304616
E[P_sel(27)] = 0.0000312695
E[P_sel(28)] = 0.0000272153
E[P_sel(29)] = 0.0000299741
E[P_sel(30)] = 0.0000307866
E[P_sel(31)] = 0.0000402116
E[P_sel(32)] = 0.0000400228
E[P_sel(33)] = 0.0000341475
E[P_sel(34)] = 0.0000377767
E[P_sel(35)] = 0.0000488971
E[P_sel(36)] = 0.0000430750
E[P_sel(37)] = 0.0000456992
E[P_sel(38)] = 0.0000483048
E[P_sel(39)] = 0.0000453420
E[P_sel(40)] = 0.0000442479
E[P_sel(41)] = 0.0000523580
E[P_sel(42)] = 0.0000457682
E[P_sel(43)] = 0.0000456112
E[P_sel(44)] = 0.0000390878
E[P_sel(45)] = 0.0000570802
E[P_sel(46)] = 0.0000641392
E[P_sel(47)] = 0.0000702669
E[P_sel(48)] = 0.0000854348
E[P_sel(49)] = 0.0000947075

---- alpha_dfe = 0.000468

