---- Running command
---- ./polyDFE -d RevisionsPolyDFE/express9_0.0295528328506449_PolyDFE.input -m C -i /home/jejames/ArabidopsisCrossGenome/model.txt 1 -e 
---- Performing inference using model C

---- Performing inference on RevisionsPolyDFE/express9_0.0295528328506449_PolyDFE.input
----      with -i /home/jejames/ArabidopsisCrossGenome/model.txt 1
---- Data RevisionsPolyDFE/express9_0.0295528328506449_PolyDFE.input does not contain divergence counts. Using option -w.
---- No mutation variability. Using Poisson likelihood.


---- Calculating initial values

-- Starting local optimization
-- Optimizing all parameters
  it        eps_an     theta_bar           S_d             b           p_b           S_b           r 2           r 3           r 4           r 5           r 6           r 7           r 8           r 9          r 10          r 11          r 12          r 13          r 14          r 15          r 16          r 17          r 18          r 19          r 20          r 21          r 22          r 23          r 24          r 25          r 26          r 27          r 28          r 29          r 30          r 31          r 32          r 33          r 34          r 35          r 36          r 37          r 38          r 39          r 40          r 41          r 42          r 43          r 44          r 45          r 46          r 47          r 48          r 49           ln lk          grad status 
   0           0.1 0.00900729705        -40000         0.208           0.1            20 0.87712568725 0.77291906405 0.61168648510 0.56450581767 0.56079785193 0.66410944891 0.63112133998 0.56501726121 0.52167242040 0.65119549929 0.48024549290 0.68316072113 0.57818693261 0.69428461833 0.61373225930 0.78468226569 0.74798619102 0.51502365426 0.41682649277 0.59608745684 0.68635724331 0.77343050760 0.62600690448 0.99092187699 0.78455440480 0.71461449942 0.70170054980 0.58585858585 0.71729957805 0.90372075182 0.83876742104 1.21940928270 0.95639943741 1.33358905510 1.22899884925 1.22529088351 1.24868942590 1.63060989643 1.18654903465 1.35775476281 1.89566551591 1.96829049993 1.90717299578 2.45684695051 3.08195882879 3.21506201253 5.33947065592             1 -1936.962674175 26.7183039961   -2 
1498 0.01364477927 0.00800773768 -571.81583742 0.25150403706 0.00011083910 0.53572027005 0.86464915739 0.76599512176 0.64036957226 0.59536265976 0.66257837606 0.68148170354 0.66756182882 0.53423785812 0.55616449982 0.54744098169 0.49886515103 0.62140261980 0.51761479007 0.56643828053 0.56173487257 0.65255028123 0.60790571611 0.57508448663 0.41202017159 0.59139898280 0.60758979344 0.65286587601 0.62257091690 0.82075825561 0.62978240928 0.53586544482 0.61114757129 0.52391235233 0.66188075580 0.70155899026 0.66300817995 0.70523036573 0.88299832226 1.13699090283 0.93898422652 1.12916300216 1.11620972833 1.22070911109 0.93499990752 1.30663052138 1.43647045363 1.43441122756 1.42902212863 1.81435791496 2.00811958422 1.83089301928 3.04507768347 2.88060880296 -287.7804829685 0.00007634367    0 
---- Best joint likelihood found -287.780482968542231 with gradient 0.00008

---- Results for RevisionsPolyDFE/express9_0.0295528328506449_PolyDFE.input 
--  Model: C
--        eps_an     theta_bar             a 
-- 0.01364477927 0.00800773768            -1 
--           S_d             b           p_b           S_b 
-- -571.81583742 0.25150403706 0.00011083910 0.53572027005 
--           r 2           r 3           r 4           r 5           r 6           r 7           r 8           r 9          r 10          r 11          r 12          r 13          r 14          r 15          r 16          r 17          r 18          r 19          r 20          r 21          r 22          r 23          r 24          r 25          r 26          r 27          r 28          r 29          r 30          r 31          r 32          r 33          r 34          r 35          r 36          r 37          r 38          r 39          r 40          r 41          r 42          r 43          r 44          r 45          r 46          r 47          r 48          r 49 
-- 0.86464915739 0.76599512176 0.64036957226 0.59536265976 0.66257837606 0.68148170354 0.66756182882 0.53423785812 0.55616449982 0.54744098169 0.49886515103 0.62140261980 0.51761479007 0.56643828053 0.56173487257 0.65255028123 0.60790571611 0.57508448663 0.41202017159 0.59139898280 0.60758979344 0.65286587601 0.62257091690 0.82075825561 0.62978240928 0.53586544482 0.61114757129 0.52391235233 0.66188075580 0.70155899026 0.66300817995 0.70523036573 0.88299832226 1.13699090283 0.93898422652 1.12916300216 1.11620972833 1.22070911109 0.93499990752 1.30663052138 1.43647045363 1.43441122756 1.42902212863 1.81435791496 2.00811958422 1.83089301928 3.04507768347 2.88060880296 

---- Expected P_neut(i), 0 < i < n (neutral SFS per site) 
E[P_neut(1)] = 0.0079048973
E[P_neut(2)] = 0.0034216360
E[P_neut(3)] = 0.0020209872
E[P_neut(4)] = 0.0012692555
E[P_neut(5)] = 0.0009448967
E[P_neut(6)] = 0.0008757750
E[P_neut(7)] = 0.0007725971
E[P_neut(8)] = 0.0006628270
E[P_neut(9)] = 0.0004723337
E[P_neut(10)] = 0.0004418391
E[P_neut(11)] = 0.0003965062
E[P_neut(12)] = 0.0003315656
E[P_neut(13)] = 0.0003808831
E[P_neut(14)] = 0.0002948761
E[P_neut(15)] = 0.0003018160
E[P_neut(16)] = 0.0002801407
E[P_neut(17)] = 0.0003055204
E[P_neut(18)] = 0.0002690154
E[P_neut(19)] = 0.0002415406
E[P_neut(20)] = 0.0001651272
E[P_neut(21)] = 0.0002244096
E[P_neut(22)] = 0.0002205227
E[P_neut(23)] = 0.0002263705
E[P_neut(24)] = 0.0002075366
E[P_neut(25)] = 0.0002628967
E[P_neut(26)] = 0.0001941543
E[P_neut(27)] = 0.0001598615
E[P_neut(28)] = 0.0001754152
E[P_neut(29)] = 0.0001457705
E[P_neut(30)] = 0.0001765125
E[P_neut(31)] = 0.0001820570
E[P_neut(32)] = 0.0001673386
E[P_neut(33)] = 0.0001729894
E[P_neut(34)] = 0.0002089637
E[P_neut(35)] = 0.0002607116
E[P_neut(36)] = 0.0002100548
E[P_neut(37)] = 0.0002462678
E[P_neut(38)] = 0.0002365516
E[P_neut(39)] = 0.0002526618
E[P_neut(40)] = 0.0001907037
E[P_neut(41)] = 0.0002582026
E[P_neut(42)] = 0.0002792586
E[P_neut(43)] = 0.0002741178
E[P_neut(44)] = 0.0002685908
E[P_neut(45)] = 0.0003314694
E[P_neut(46)] = 0.0003622984
E[P_neut(47)] = 0.0003355849
E[P_neut(48)] = 0.0005483097
E[P_neut(49)] = 0.0005735988

---- Expected P_sel(i), 0 < i < n (selected SFS per site) 
E[P_sel(1)] = 0.0035979149
E[P_sel(2)] = 0.0012173248
E[P_sel(3)] = 0.0006357168
E[P_sel(4)] = 0.0003684165
E[P_sel(5)] = 0.0002586500
E[P_sel(6)] = 0.0002290704
E[P_sel(7)] = 0.0001946061
E[P_sel(8)] = 0.0001617066
E[P_sel(9)] = 0.0001120684
E[P_sel(10)] = 0.0001023850
E[P_sel(11)] = 0.0000898691
E[P_sel(12)] = 0.0000736970
E[P_sel(13)] = 0.0000832022
E[P_sel(14)] = 0.0000633756
E[P_sel(15)] = 0.0000638900
E[P_sel(16)] = 0.0000585066
E[P_sel(17)] = 0.0000630135
E[P_sel(18)] = 0.0000548143
E[P_sel(19)] = 0.0000486530
E[P_sel(20)] = 0.0000328969
E[P_sel(21)] = 0.0000442782
E[P_sel(22)] = 0.0000430915
E[P_sel(23)] = 0.0000438354
E[P_sel(24)] = 0.0000398385
E[P_sel(25)] = 0.0000500506
E[P_sel(26)] = 0.0000366739
E[P_sel(27)] = 0.0000299745
E[P_sel(28)] = 0.0000326532
E[P_sel(29)] = 0.0000269557
E[P_sel(30)] = 0.0000324035
E[P_sel(31)] = 0.0000332253
E[P_sel(32)] = 0.0000303678
E[P_sel(33)] = 0.0000312214
E[P_sel(34)] = 0.0000374682
E[P_sel(35)] = 0.0000464693
E[P_sel(36)] = 0.0000372688
E[P_sel(37)] = 0.0000434950
E[P_sel(38)] = 0.0000415564
E[P_sel(39)] = 0.0000442117
E[P_sel(40)] = 0.0000333411
E[P_sel(41)] = 0.0000448591
E[P_sel(42)] = 0.0000484898
E[P_sel(43)] = 0.0000475905
E[P_sel(44)] = 0.0000466795
E[P_sel(45)] = 0.0000573492
E[P_sel(46)] = 0.0000630587
E[P_sel(47)] = 0.0000602926
E[P_sel(48)] = 0.0001003505
E[P_sel(49)] = 0.0001268387

---- alpha_dfe = 0.000884

