---- Running command
---- ./polyDFE -d /home/jejames/ArabidopsisCrossGenome/PolyDFE/fpkmpolcounts11_301124.578454271_PolyDFE.input -m C -i /home/jejames/ArabidopsisCrossGenome/model.txt 1 -e 
---- Performing inference using model C

---- Performing inference on /home/jejames/ArabidopsisCrossGenome/PolyDFE/fpkmpolcounts11_301124.578454271_PolyDFE.input
----      with -i /home/jejames/ArabidopsisCrossGenome/model.txt 1
---- Data /home/jejames/ArabidopsisCrossGenome/PolyDFE/fpkmpolcounts11_301124.578454271_PolyDFE.input does not contain divergence counts. Using option -w.
---- No mutation variability. Using Poisson likelihood.


---- Calculating initial values

-- Starting local optimization
-- Optimizing all parameters
  it        eps_an     theta_bar           S_d             b           p_b           S_b           r 2           r 3           r 4           r 5           r 6           r 7           r 8           r 9          r 10          r 11          r 12          r 13          r 14          r 15          r 16          r 17          r 18          r 19          r 20          r 21          r 22          r 23          r 24          r 25          r 26          r 27          r 28          r 29          r 30          r 31          r 32          r 33          r 34          r 35          r 36          r 37          r 38          r 39          r 40          r 41          r 42          r 43          r 44          r 45          r 46          r 47          r 48          r 49           ln lk          grad status 
   0           0.1 0.00912383816        -50000         0.208           0.1            20 0.82721598002 0.69138576779 0.72009987515 0.67915106117 0.56254681647 0.62746566791 0.60424469413 0.62134831460 0.65293383270 0.70312109862 0.62471910112 0.55667915106 0.63096129837 0.70599250936 0.36554307116 0.54119850187 0.66741573033 0.71872659176 0.56429463171 0.73146067415 0.55205992509 0.57141073657 0.70112359550 0.81148564294 0.86342072409 0.91348314606 0.73058676654 0.98114856429 1.02621722846 1.26554307116 1.09063670411 0.88576779026 0.87865168539 0.84332084893 1.29887640449 1.32571785268 0.72584269662 1.40224719101 1.93258426966 1.72496878901 2.54307116104 2.48014981273 2.85093632958 3.77528089887 3.31935081148 4.07215980024 6.57378277153             1 -2372.567891764 31.6150573515   -2 
 396 0.00002490680 0.00778264585 -440.49132556 0.26796123909 0.00005001173 0.29064964111 0.83249752237 0.75374509963 0.73136501581 0.74208833678 0.67218990343 0.69336330187 0.62740124243 0.68079113864 0.55323607601 0.69904773412 0.66450325197 0.70343169850 0.72202717774 0.76149816077 0.46748088845 0.63542321399 0.65476586146 0.57731100328 0.76063042910 0.90799525428 0.60951692885 0.58193197938 0.60986591454 0.68573494616 0.59941048714 0.76365006998 0.66833065317 0.91984621034 0.99368432418 0.94928643599 0.83650912053 0.80029816906 0.87160744971 0.66899349371 1.14199273133 1.07867244256 0.68147338524 1.27241380643 1.54839492645 1.34386392515 2.05551321199 1.73338315528 2.39955115574 2.51981174721 2.36319678966 2.67386327932 3.94096505793 4.99517442032 -317.9593669474 0.00009413608    0 
---- Best joint likelihood found -317.959366947427895 with gradient 0.00009

---- Results for /home/jejames/ArabidopsisCrossGenome/PolyDFE/fpkmpolcounts11_301124.578454271_PolyDFE.input 
--  Model: C
--        eps_an     theta_bar             a 
-- 0.00002490680 0.00778264585            -1 
--           S_d             b           p_b           S_b 
-- -440.49132556 0.26796123909 0.00005001173 0.29064964111 
--           r 2           r 3           r 4           r 5           r 6           r 7           r 8           r 9          r 10          r 11          r 12          r 13          r 14          r 15          r 16          r 17          r 18          r 19          r 20          r 21          r 22          r 23          r 24          r 25          r 26          r 27          r 28          r 29          r 30          r 31          r 32          r 33          r 34          r 35          r 36          r 37          r 38          r 39          r 40          r 41          r 42          r 43          r 44          r 45          r 46          r 47          r 48          r 49 
-- 0.83249752237 0.75374509963 0.73136501581 0.74208833678 0.67218990343 0.69336330187 0.62740124243 0.68079113864 0.55323607601 0.69904773412 0.66450325197 0.70343169850 0.72202717774 0.76149816077 0.46748088845 0.63542321399 0.65476586146 0.57731100328 0.76063042910 0.90799525428 0.60951692885 0.58193197938 0.60986591454 0.68573494616 0.59941048714 0.76365006998 0.66833065317 0.91984621034 0.99368432418 0.94928643599 0.83650912053 0.80029816906 0.87160744971 0.66899349371 1.14199273133 1.07867244256 0.68147338524 1.27241380643 1.54839492645 1.34386392515 2.05551321199 1.73338315528 2.39955115574 2.51981174721 2.36319678966 2.67386327932 3.94096505793 4.99517442032 

---- Expected P_neut(i), 0 < i < n (neutral SFS per site) 
E[P_neut(1)] = 0.0077824718
E[P_neut(2)] = 0.0032394519
E[P_neut(3)] = 0.0019553394
E[P_neut(4)] = 0.0014229632
E[P_neut(5)] = 0.0011550642
E[P_neut(6)] = 0.0008718915
E[P_neut(7)] = 0.0007708745
E[P_neut(8)] = 0.0006103495
E[P_neut(9)] = 0.0005886980
E[P_neut(10)] = 0.0004305608
E[P_neut(11)] = 0.0004945795
E[P_neut(12)] = 0.0004309589
E[P_neut(13)] = 0.0004211151
E[P_neut(14)] = 0.0004013734
E[P_neut(15)] = 0.0003950919
E[P_neut(16)] = 0.0002273892
E[P_neut(17)] = 0.0002908959
E[P_neut(18)] = 0.0002830986
E[P_neut(19)] = 0.0002364741
E[P_neut(20)] = 0.0002959849
E[P_neut(21)] = 0.0003365028
E[P_neut(22)] = 0.0002156199
E[P_neut(23)] = 0.0001969123
E[P_neut(24)] = 0.0001977650
E[P_neut(25)] = 0.0002134733
E[P_neut(26)] = 0.0001794235
E[P_neut(27)] = 0.0002201186
E[P_neut(28)] = 0.0001857643
E[P_neut(29)] = 0.0002468587
E[P_neut(30)] = 0.0002577841
E[P_neut(31)] = 0.0002383212
E[P_neut(32)] = 0.0002034474
E[P_neut(33)] = 0.0001887431
E[P_neut(34)] = 0.0001995128
E[P_neut(35)] = 0.0001487644
E[P_neut(36)] = 0.0002468851
E[P_neut(37)] = 0.0002268947
E[P_neut(38)] = 0.0001395774
E[P_neut(39)] = 0.0002539226
E[P_neut(40)] = 0.0003012685
E[P_neut(41)] = 0.0002551014
E[P_neut(42)] = 0.0003808946
E[P_neut(43)] = 0.0003137395
E[P_neut(44)] = 0.0004244397
E[P_neut(45)] = 0.0004358135
E[P_neut(46)] = 0.0003998499
E[P_neut(47)] = 0.0004427979
E[P_neut(48)] = 0.0006390468
E[P_neut(49)] = 0.0007935552

---- Expected P_sel(i), 0 < i < n (selected SFS per site) 
E[P_sel(1)] = 0.0036432986
E[P_sel(2)] = 0.0011742161
E[P_sel(3)] = 0.0006219651
E[P_sel(4)] = 0.0004157823
E[P_sel(5)] = 0.0003171398
E[P_sel(6)] = 0.0002279764
E[P_sel(7)] = 0.0001936461
E[P_sel(8)] = 0.0001482129
E[P_sel(9)] = 0.0001388266
E[P_sel(10)] = 0.0000989498
E[P_sel(11)] = 0.0001110781
E[P_sel(12)] = 0.0000948026
E[P_sel(13)] = 0.0000909046
E[P_sel(14)] = 0.0000851556
E[P_sel(15)] = 0.0000824935
E[P_sel(16)] = 0.0000467782
E[P_sel(17)] = 0.0000590196
E[P_sel(18)] = 0.0000566967
E[P_sel(19)] = 0.0000467842
E[P_sel(20)] = 0.0000578865
E[P_sel(21)] = 0.0000650960
E[P_sel(22)] = 0.0000412810
E[P_sel(23)] = 0.0000373290
E[P_sel(24)] = 0.0000371391
E[P_sel(25)] = 0.0000397294
E[P_sel(26)] = 0.0000331054
E[P_sel(27)] = 0.0000402790
E[P_sel(28)] = 0.0000337229
E[P_sel(29)] = 0.0000444713
E[P_sel(30)] = 0.0000460973
E[P_sel(31)] = 0.0000423138
E[P_sel(32)] = 0.0000358735
E[P_sel(33)] = 0.0000330592
E[P_sel(34)] = 0.0000347201
E[P_sel(35)] = 0.0000257268
E[P_sel(36)] = 0.0000424360
E[P_sel(37)] = 0.0000387698
E[P_sel(38)] = 0.0000237131
E[P_sel(39)] = 0.0000428981
E[P_sel(40)] = 0.0000506197
E[P_sel(41)] = 0.0000426357
E[P_sel(42)] = 0.0000633301
E[P_sel(43)] = 0.0000519017
E[P_sel(44)] = 0.0000698683
E[P_sel(45)] = 0.0000713959
E[P_sel(46)] = 0.0000651974
E[P_sel(47)] = 0.0000718700
E[P_sel(48)] = 0.0001032603
E[P_sel(49)] = 0.0001276997

---- alpha_dfe = 0.000364

