---- Running command
---- ./polyDFE -d /home/jejames/ArabidopsisCrossGenome/PolyDFE/fpkmpolcounts18_1528364.55783578_PolyDFE.input -m C -i /home/jejames/ArabidopsisCrossGenome/model.txt 1 -e 
---- Performing inference using model C

---- Performing inference on /home/jejames/ArabidopsisCrossGenome/PolyDFE/fpkmpolcounts18_1528364.55783578_PolyDFE.input
----      with -i /home/jejames/ArabidopsisCrossGenome/model.txt 1
---- Data /home/jejames/ArabidopsisCrossGenome/PolyDFE/fpkmpolcounts18_1528364.55783578_PolyDFE.input does not contain divergence counts. Using option -w.
---- No mutation variability. Using Poisson likelihood.


---- Calculating initial values

-- Starting local optimization
-- Optimizing all parameters
  it        eps_an     theta_bar           S_d             b           p_b           S_b           r 2           r 3           r 4           r 5           r 6           r 7           r 8           r 9          r 10          r 11          r 12          r 13          r 14          r 15          r 16          r 17          r 18          r 19          r 20          r 21          r 22          r 23          r 24          r 25          r 26          r 27          r 28          r 29          r 30          r 31          r 32          r 33          r 34          r 35          r 36          r 37          r 38          r 39          r 40          r 41          r 42          r 43          r 44          r 45          r 46          r 47          r 48          r 49           ln lk          grad status 
   0           0.1 0.00984441529        -20000         0.406           0.1            20 0.79550561797 0.73205551883 0.73231989424 0.83608724388 0.56470588235 0.77356245869 0.67891606080 0.61863846662 0.64771976206 0.80555188367 0.76457369464 0.61176470588 0.84203569068 0.67415730337 0.61969596827 0.76404494382 0.76140118968 0.70072703238 0.66093853271 0.78281559814 0.73284864507 0.65062789160 0.88512888301 0.82617316589 0.65644415069 0.87799074686 0.99193654990 0.83569068076 0.99140779907 0.78268341044 1.35360211500 1.13417052214 1.42471910112 1.57303370786 1.59418374091 1.58466622604 1.69781890284 2.19616655651 2.16787838731 1.95109054857 2.32068737607 2.75109054857 2.83833443489 3.47984137475 3.31394580304 3.81467283542 6.35135492399             1 -2134.396771994 25.4195775088   -2 
 512 0.00001360668 0.00853706794 -1377.0919619 0.25832377478 0.00004299949 0.13677711347 0.82434483707 0.74806563653 0.74179262857 0.77092944890 0.69690999407 0.78617725361 0.67055115954 0.69063441553 0.65224942341 0.66342783186 0.70483138778 0.64122818704 0.79476357361 0.81418138568 0.64371207245 0.69997689575 0.73187054516 0.74849038827 0.73277376941 0.66447867618 0.73138741969 0.61399603987 0.94660582184 0.69070274838 0.52591984648 0.85212146955 0.78076946552 0.76710127012 0.81844025502 0.77726350737 1.31623270545 1.05827693265 1.27504613023 1.12756542426 1.30068650957 1.39665053246 1.58399597838 1.74956891999 1.61189126918 1.75076691373 1.76406004508 2.11078889894 2.30096825788 2.74420381351 2.70166530302 2.91220020940 3.69514533840 4.16270447286 -299.5094858174 0.00007148231    0 
---- Best joint likelihood found -299.509485817443306 with gradient 0.00007

---- Results for /home/jejames/ArabidopsisCrossGenome/PolyDFE/fpkmpolcounts18_1528364.55783578_PolyDFE.input 
--  Model: C
--        eps_an     theta_bar             a 
-- 0.00001360668 0.00853706794            -1 
--           S_d             b           p_b           S_b 
-- -1377.0919619 0.25832377478 0.00004299949 0.13677711347 
--           r 2           r 3           r 4           r 5           r 6           r 7           r 8           r 9          r 10          r 11          r 12          r 13          r 14          r 15          r 16          r 17          r 18          r 19          r 20          r 21          r 22          r 23          r 24          r 25          r 26          r 27          r 28          r 29          r 30          r 31          r 32          r 33          r 34          r 35          r 36          r 37          r 38          r 39          r 40          r 41          r 42          r 43          r 44          r 45          r 46          r 47          r 48          r 49 
-- 0.82434483707 0.74806563653 0.74179262857 0.77092944890 0.69690999407 0.78617725361 0.67055115954 0.69063441553 0.65224942341 0.66342783186 0.70483138778 0.64122818704 0.79476357361 0.81418138568 0.64371207245 0.69997689575 0.73187054516 0.74849038827 0.73277376941 0.66447867618 0.73138741969 0.61399603987 0.94660582184 0.69070274838 0.52591984648 0.85212146955 0.78076946552 0.76710127012 0.81844025502 0.77726350737 1.31623270545 1.05827693265 1.27504613023 1.12756542426 1.30068650957 1.39665053246 1.58399597838 1.74956891999 1.61189126918 1.75076691373 1.76406004508 2.11078889894 2.30096825788 2.74420381351 2.70166530302 2.91220020940 3.69514533840 4.16270447286 

---- Expected P_neut(i), 0 < i < n (neutral SFS per site) 
E[P_neut(1)] = 0.0085369617
E[P_neut(2)] = 0.0035187050
E[P_neut(3)] = 0.0021287406
E[P_neut(4)] = 0.0015831688
E[P_neut(5)] = 0.0013162846
E[P_neut(6)] = 0.0009915872
E[P_neut(7)] = 0.0009587996
E[P_neut(8)] = 0.0007155627
E[P_neut(9)] = 0.0006551064
E[P_neut(10)] = 0.0005568269
E[P_neut(11)] = 0.0005148826
E[P_neut(12)] = 0.0005014308
E[P_neut(13)] = 0.0004210916
E[P_neut(14)] = 0.0004846369
E[P_neut(15)] = 0.0004633789
E[P_neut(16)] = 0.0003434630
E[P_neut(17)] = 0.0003515137
E[P_neut(18)] = 0.0003471128
E[P_neut(19)] = 0.0003363096
E[P_neut(20)] = 0.0003127859
E[P_neut(21)] = 0.0002701279
E[P_neut(22)] = 0.0002838132
E[P_neut(23)] = 0.0002279017
E[P_neut(24)] = 0.0003367160
E[P_neut(25)] = 0.0002358631
E[P_neut(26)] = 0.0001726874
E[P_neut(27)] = 0.0002694298
E[P_neut(28)] = 0.0002380536
E[P_neut(29)] = 0.0002258211
E[P_neut(30)] = 0.0002329038
E[P_neut(31)] = 0.0002140517
E[P_neut(32)] = 0.0003511489
E[P_neut(33)] = 0.0002737763
E[P_neut(34)] = 0.0003201519
E[P_neut(35)] = 0.0002750341
E[P_neut(36)] = 0.0003084482
E[P_neut(37)] = 0.0003222527
E[P_neut(38)] = 0.0003558620
E[P_neut(39)] = 0.0003829810
E[P_neut(40)] = 0.0003440235
E[P_neut(41)] = 0.0003645507
E[P_neut(42)] = 0.0003585739
E[P_neut(43)] = 0.0004190759
E[P_neut(44)] = 0.0004464511
E[P_neut(45)] = 0.0005206209
E[P_neut(46)] = 0.0005014126
E[P_neut(47)] = 0.0005289931
E[P_neut(48)] = 0.0006572412
E[P_neut(49)] = 0.0007253571

---- Expected P_sel(i), 0 < i < n (selected SFS per site) 
E[P_sel(1)] = 0.0031136370
E[P_sel(2)] = 0.0009818997
E[P_sel(3)] = 0.0005222022
E[P_sel(4)] = 0.0003575302
E[P_sel(5)] = 0.0002798367
E[P_sel(6)] = 0.0002010634
E[P_sel(7)] = 0.0001870206
E[P_sel(8)] = 0.0001350757
E[P_sel(9)] = 0.0001202094
E[P_sel(10)] = 0.0000996609
E[P_sel(11)] = 0.0000901286
E[P_sel(12)] = 0.0000860327
E[P_sel(13)] = 0.0000709431
E[P_sel(14)] = 0.0000802948
E[P_sel(15)] = 0.0000755966
E[P_sel(16)] = 0.0000552357
E[P_sel(17)] = 0.0000557794
E[P_sel(18)] = 0.0000543948
E[P_sel(19)] = 0.0000520840
E[P_sel(20)] = 0.0000479046
E[P_sel(21)] = 0.0000409374
E[P_sel(22)] = 0.0000425829
E[P_sel(23)] = 0.0000338696
E[P_sel(24)] = 0.0000495879
E[P_sel(25)] = 0.0000344344
E[P_sel(26)] = 0.0000250019
E[P_sel(27)] = 0.0000386976
E[P_sel(28)] = 0.0000339292
E[P_sel(29)] = 0.0000319482
E[P_sel(30)] = 0.0000327158
E[P_sel(31)] = 0.0000298611
E[P_sel(32)] = 0.0000486612
E[P_sel(33)] = 0.0000376952
E[P_sel(34)] = 0.0000438058
E[P_sel(35)] = 0.0000374051
E[P_sel(36)] = 0.0000417034
E[P_sel(37)] = 0.0000433214
E[P_sel(38)] = 0.0000475744
E[P_sel(39)] = 0.0000509236
E[P_sel(40)] = 0.0000455032
E[P_sel(41)] = 0.0000479713
E[P_sel(42)] = 0.0000469492
E[P_sel(43)] = 0.0000546035
E[P_sel(44)] = 0.0000578933
E[P_sel(45)] = 0.0000671974
E[P_sel(46)] = 0.0000644243
E[P_sel(47)] = 0.0000676666
E[P_sel(48)] = 0.0000837083
E[P_sel(49)] = 0.0000920093

---- alpha_dfe = 0.000366

