---- Running command
---- ./polyDFE -d /home/jejames/ArabidopsisCrossGenome/PolyDFE/fpkmpolcounts8_111739.875090759_PolyDFE.input -m C -i /home/jejames/ArabidopsisCrossGenome/model.txt 1 -e 
---- Performing inference using model C

---- Performing inference on /home/jejames/ArabidopsisCrossGenome/PolyDFE/fpkmpolcounts8_111739.875090759_PolyDFE.input
----      with -i /home/jejames/ArabidopsisCrossGenome/model.txt 1
---- Data /home/jejames/ArabidopsisCrossGenome/PolyDFE/fpkmpolcounts8_111739.875090759_PolyDFE.input does not contain divergence counts. Using option -w.
---- No mutation variability. Using Poisson likelihood.


---- Calculating initial values

-- Starting local optimization
-- Optimizing all parameters
  it        eps_an     theta_bar           S_d             b           p_b           S_b           r 2           r 3           r 4           r 5           r 6           r 7           r 8           r 9          r 10          r 11          r 12          r 13          r 14          r 15          r 16          r 17          r 18          r 19          r 20          r 21          r 22          r 23          r 24          r 25          r 26          r 27          r 28          r 29          r 30          r 31          r 32          r 33          r 34          r 35          r 36          r 37          r 38          r 39          r 40          r 41          r 42          r 43          r 44          r 45          r 46          r 47          r 48          r 49           ln lk          grad status 
   0           0.1 0.00912957511        -20000         0.208           0.1            20 0.85113742184 0.78861247838 0.64972728482 0.62325395769 0.71757350006 0.75335905281 0.65558068378 0.58547292802 0.63988293202 0.78874551017 0.64014899561 0.69349474524 0.68165491552 0.91592390581 0.57469735266 0.95210855394 0.81415458294 0.80125049886 0.82745776240 0.88279898895 0.62338698949 1.01889051483 0.89716642277 1.36357589463 0.99960090461 0.99494479180 1.18079020885 1.09564986031 0.95383796727 1.20832779034 1.44738592523 1.18092324065 1.22123187441 1.35492882798 1.59957429825 1.61939603565 1.25874684049 1.92483703605 1.75069841692 1.75083144871 1.92204336836 2.75149660768 2.87401889051 3.54995343887 3.11480643873 4.65185579353 5.56179326859             1 -2164.055448341 25.0405591045   -2 
 436 0.01122445165 0.00795497799 -191.58048701 0.26757955230 0.00009773510 0.45174405119 0.85152152442 0.78171533013 0.72543241725 0.68519025098 0.69803012785 0.69135096573 0.71546011193 0.67119574494 0.60649548609 0.81333282378 0.74092722276 0.79520198636 0.73111659862 0.99379794392 0.65873768810 0.86252459488 0.81398765423 0.76619817527 0.64778742842 0.78226816078 0.70668658691 0.81102935693 0.87861164293 1.09701294922 0.92878443042 0.91998801362 0.97584844162 0.97749645237 0.94319924634 0.97516117307 1.12649197269 0.85725921181 1.22679499844 1.23390218148 1.34687790717 1.33749728781 0.92414707845 1.33794261676 1.63345963894 1.59198028041 1.49344356363 1.88425182566 2.00393889021 2.52748408210 2.22667480417 3.11959621089 3.18449498795 3.87043227548 -306.9547720934 0.00009759332    0 
---- Best joint likelihood found -306.954772093419024 with gradient 0.00010

---- Results for /home/jejames/ArabidopsisCrossGenome/PolyDFE/fpkmpolcounts8_111739.875090759_PolyDFE.input 
--  Model: C
--        eps_an     theta_bar             a 
-- 0.01122445165 0.00795497799            -1 
--           S_d             b           p_b           S_b 
-- -191.58048701 0.26757955230 0.00009773510 0.45174405119 
--           r 2           r 3           r 4           r 5           r 6           r 7           r 8           r 9          r 10          r 11          r 12          r 13          r 14          r 15          r 16          r 17          r 18          r 19          r 20          r 21          r 22          r 23          r 24          r 25          r 26          r 27          r 28          r 29          r 30          r 31          r 32          r 33          r 34          r 35          r 36          r 37          r 38          r 39          r 40          r 41          r 42          r 43          r 44          r 45          r 46          r 47          r 48          r 49 
-- 0.85152152442 0.78171533013 0.72543241725 0.68519025098 0.69803012785 0.69135096573 0.71546011193 0.67119574494 0.60649548609 0.81333282378 0.74092722276 0.79520198636 0.73111659862 0.99379794392 0.65873768810 0.86252459488 0.81398765423 0.76619817527 0.64778742842 0.78226816078 0.70668658691 0.81102935693 0.87861164293 1.09701294922 0.92878443042 0.91998801362 0.97584844162 0.97749645237 0.94319924634 0.97516117307 1.12649197269 0.85725921181 1.22679499844 1.23390218148 1.34687790717 1.33749728781 0.92414707845 1.33794261676 1.63345963894 1.59198028041 1.49344356363 1.88425182566 2.00393889021 2.52748408210 2.22667480417 3.11959621089 3.18449498795 3.87043227548 

---- Expected P_neut(i), 0 < i < n (neutral SFS per site) 
E[P_neut(1)] = 0.0078727406
E[P_neut(2)] = 0.0033548250
E[P_neut(3)] = 0.0020555028
E[P_neut(4)] = 0.0014308284
E[P_neut(5)] = 0.0010829136
E[P_neut(6)] = 0.0009191478
E[P_neut(7)] = 0.0007807628
E[P_neut(8)] = 0.0007066232
E[P_neut(9)] = 0.0005900688
E[P_neut(10)] = 0.0004806967
E[P_neut(11)] = 0.0005846470
E[P_neut(12)] = 0.0004878300
E[P_neut(13)] = 0.0004843670
E[P_neut(14)] = 0.0004141074
E[P_neut(15)] = 0.0005242748
E[P_neut(16)] = 0.0003270608
E[P_neut(17)] = 0.0004013989
E[P_neut(18)] = 0.0003588418
E[P_neut(19)] = 0.0003200022
E[P_neut(20)] = 0.0002575720
E[P_neut(21)] = 0.0002960134
E[P_neut(22)] = 0.0002557745
E[P_neut(23)] = 0.0002804035
E[P_neut(24)] = 0.0002911432
E[P_neut(25)] = 0.0003490686
E[P_neut(26)] = 0.0002842507
E[P_neut(27)] = 0.0002711611
E[P_neut(28)] = 0.0002770010
E[P_neut(29)] = 0.0002684531
E[P_neut(30)] = 0.0002501891
E[P_neut(31)] = 0.0002510302
E[P_neut(32)] = 0.0002809327
E[P_neut(33)] = 0.0002088616
E[P_neut(34)] = 0.0002874875
E[P_neut(35)] = 0.0002832155
E[P_neut(36)] = 0.0002989441
E[P_neut(37)] = 0.0002897952
E[P_neut(38)] = 0.0001968040
E[P_neut(39)] = 0.0002764441
E[P_neut(40)] = 0.0003266225
E[P_neut(41)] = 0.0003120741
E[P_neut(42)] = 0.0002876750
E[P_neut(43)] = 0.0003534916
E[P_neut(44)] = 0.0003686233
E[P_neut(45)] = 0.0004540228
E[P_neut(46)] = 0.0003969398
E[P_neut(47)] = 0.0005453467
E[P_neut(48)] = 0.0005598547
E[P_neut(49)] = 0.0007105885

---- Expected P_sel(i), 0 < i < n (selected SFS per site) 
E[P_sel(1)] = 0.0044384947
E[P_sel(2)] = 0.0015027406
E[P_sel(3)] = 0.0008122060
E[P_sel(4)] = 0.0005204751
E[P_sel(5)] = 0.0003703449
E[P_sel(6)] = 0.0002996115
E[P_sel(7)] = 0.0002445943
E[P_sel(8)] = 0.0002141227
E[P_sel(9)] = 0.0001736308
E[P_sel(10)] = 0.0001378280
E[P_sel(11)] = 0.0001639686
E[P_sel(12)] = 0.0001340624
E[P_sel(13)] = 0.0001305870
E[P_sel(14)] = 0.0001097232
E[P_sel(15)] = 0.0001367901
E[P_sel(16)] = 0.0000840425
E[P_sel(17)] = 0.0001018064
E[P_sel(18)] = 0.0000898211
E[P_sel(19)] = 0.0000791428
E[P_sel(20)] = 0.0000629733
E[P_sel(21)] = 0.0000716059
E[P_sel(22)] = 0.0000612405
E[P_sel(23)] = 0.0000664973
E[P_sel(24)] = 0.0000684120
E[P_sel(25)] = 0.0000813056
E[P_sel(26)] = 0.0000656546
E[P_sel(27)] = 0.0000621296
E[P_sel(28)] = 0.0000629752
E[P_sel(29)] = 0.0000605882
E[P_sel(30)] = 0.0000560609
E[P_sel(31)] = 0.0000558815
E[P_sel(32)] = 0.0000621287
E[P_sel(33)] = 0.0000459512
E[P_sel(34)] = 0.0000627738
E[P_sel(35)] = 0.0000615776
E[P_sel(36)] = 0.0000645605
E[P_sel(37)] = 0.0000622971
E[P_sel(38)] = 0.0000422021
E[P_sel(39)] = 0.0000589268
E[P_sel(40)] = 0.0000691241
E[P_sel(41)] = 0.0000658694
E[P_sel(42)] = 0.0000606450
E[P_sel(43)] = 0.0000741554
E[P_sel(44)] = 0.0000772239
E[P_sel(45)] = 0.0000948073
E[P_sel(46)] = 0.0000836264
E[P_sel(47)] = 0.0001152977
E[P_sel(48)] = 0.0001226107
E[P_sel(49)] = 0.0001755013

---- alpha_dfe = 0.000616

