---- Running command
---- ./polyDFE -d /home/jejames/ArabidopsisCrossGenome/PolyDFE/fpkmpolcounts10_232630.121301488_PolyDFE.input -m C -i /home/jejames/ArabidopsisCrossGenome/model.txt 1 -e 
---- Performing inference using model C

---- Performing inference on /home/jejames/ArabidopsisCrossGenome/PolyDFE/fpkmpolcounts10_232630.121301488_PolyDFE.input
----      with -i /home/jejames/ArabidopsisCrossGenome/model.txt 1
---- Data /home/jejames/ArabidopsisCrossGenome/PolyDFE/fpkmpolcounts10_232630.121301488_PolyDFE.input does not contain divergence counts. Using option -w.
---- No mutation variability. Using Poisson likelihood.


---- Calculating initial values

-- Starting local optimization
-- Optimizing all parameters
  it        eps_an     theta_bar           S_d             b           p_b           S_b           r 2           r 3           r 4           r 5           r 6           r 7           r 8           r 9          r 10          r 11          r 12          r 13          r 14          r 15          r 16          r 17          r 18          r 19          r 20          r 21          r 22          r 23          r 24          r 25          r 26          r 27          r 28          r 29          r 30          r 31          r 32          r 33          r 34          r 35          r 36          r 37          r 38          r 39          r 40          r 41          r 42          r 43          r 44          r 45          r 46          r 47          r 48          r 49           ln lk          grad status 
   0           0.1 0.00909131602        -40000         0.208           0.1            20 0.82348596750 0.73522895125 0.69965534219 0.65115706548 0.66617429837 0.55489906450 0.51895617922 0.49187592319 0.62161496799 0.55785327424 0.61299852289 0.65768094534 0.54455933037 0.67577548005 0.71885770556 0.55871491875 0.62703101920 0.80920728705 0.55637616937 0.61521418020 0.63096996553 0.83234859675 1.00443131462 1.26169374692 0.83210241260 0.81757754800 0.88577055637 0.79246676514 1.01181683899 1.19817823732 0.89414081733 0.98707533234 1.36016740521 1.43894633185 1.25849335302 1.17959133431 1.37986213687 1.28655834564 1.10782865583 1.59478089611 1.77326440177 1.88429345150 2.37223042836 3.11299852289 3.56154603643 4.15965041851 4.87444608567             1 -1982.440965989 28.2757188677   -2 
 474 0.00348383661 0.00807472580 -641.48229320 0.23574961382 0.00045615277 1.30779233472 0.80863904983 0.73582911543 0.66838260673 0.68343797197 0.65093426012 0.57066596050 0.58401188750 0.50524635996 0.64816573907 0.50157892508 0.62377769339 0.56072738252 0.48495724704 0.53145020631 0.54370761465 0.45732180915 0.57854910509 0.64601922072 0.48931838458 0.60047678398 0.65722519611 0.65016570360 0.91773658810 0.98806447480 0.81824587663 0.69506391128 0.77244689464 0.81984383634 0.83331107556 0.93628257820 0.81675476668 0.82546456183 1.09638146618 1.06815884538 1.01468443771 1.04408608166 1.23421196191 1.01037323023 0.98639403926 1.26459233169 1.34633199496 1.58942805461 1.97448852275 2.48686037539 2.65304245748 3.07171926612 3.00782509489 3.77484810851 -289.4399870882 0.00059720197   -8 
-- Local optimization: reached maximum number of likelihood evaluations allowed.
---- Best joint likelihood found -289.439987088298039 with gradient 0.00060

---- Results for /home/jejames/ArabidopsisCrossGenome/PolyDFE/fpkmpolcounts10_232630.121301488_PolyDFE.input 
--  Model: C
--        eps_an     theta_bar             a 
-- 0.00348383661 0.00807472580            -1 
--           S_d             b           p_b           S_b 
-- -641.48229320 0.23574961382 0.00045615277 1.30779233472 
--           r 2           r 3           r 4           r 5           r 6           r 7           r 8           r 9          r 10          r 11          r 12          r 13          r 14          r 15          r 16          r 17          r 18          r 19          r 20          r 21          r 22          r 23          r 24          r 25          r 26          r 27          r 28          r 29          r 30          r 31          r 32          r 33          r 34          r 35          r 36          r 37          r 38          r 39          r 40          r 41          r 42          r 43          r 44          r 45          r 46          r 47          r 48          r 49 
-- 0.80863904983 0.73582911543 0.66838260673 0.68343797197 0.65093426012 0.57066596050 0.58401188750 0.50524635996 0.64816573907 0.50157892508 0.62377769339 0.56072738252 0.48495724704 0.53145020631 0.54370761465 0.45732180915 0.57854910509 0.64601922072 0.48931838458 0.60047678398 0.65722519611 0.65016570360 0.91773658810 0.98806447480 0.81824587663 0.69506391128 0.77244689464 0.81984383634 0.83331107556 0.93628257820 0.81675476668 0.82546456183 1.09638146618 1.06815884538 1.01468443771 1.04408608166 1.23421196191 1.01037323023 0.98639403926 1.26459233169 1.34633199496 1.58942805461 1.97448852275 2.48686037539 2.65304245748 3.07171926612 3.00782509489 3.77484810851 

---- Expected P_neut(i), 0 < i < n (neutral SFS per site) 
E[P_neut(1)] = 0.0080487619
E[P_neut(2)] = 0.0032551582
E[P_neut(3)] = 0.0019754781
E[P_neut(4)] = 0.0013461735
E[P_neut(5)] = 0.0011014243
E[P_neut(6)] = 0.0008742297
E[P_neut(7)] = 0.0006570281
E[P_neut(8)] = 0.0005883151
E[P_neut(9)] = 0.0004525913
E[P_neut(10)] = 0.0005222464
E[P_neut(11)] = 0.0003676381
E[P_neut(12)] = 0.0004191875
E[P_neut(13)] = 0.0003478666
E[P_neut(14)] = 0.0002795254
E[P_neut(15)] = 0.0002859495
E[P_neut(16)] = 0.0002743443
E[P_neut(17)] = 0.0002171674
E[P_neut(18)] = 0.0002593486
E[P_neut(19)] = 0.0002744420
E[P_neut(20)] = 0.0001976487
E[P_neut(21)] = 0.0002308807
E[P_neut(22)] = 0.0002411590
E[P_neut(23)] = 0.0002281859
E[P_neut(24)] = 0.0003085792
E[P_neut(25)] = 0.0003191340
E[P_neut(26)] = 0.0002543100
E[P_neut(27)] = 0.0002079396
E[P_neut(28)] = 0.0002228249
E[P_neut(29)] = 0.0002282855
E[P_neut(30)] = 0.0002241988
E[P_neut(31)] = 0.0002439851
E[P_neut(32)] = 0.0002062821
E[P_neut(33)] = 0.0002020349
E[P_neut(34)] = 0.0002604306
E[P_neut(35)] = 0.0002465693
E[P_neut(36)] = 0.0002277732
E[P_neut(37)] = 0.0002282766
E[P_neut(38)] = 0.0002628098
E[P_neut(39)] = 0.0002097459
E[P_neut(40)] = 0.0002002512
E[P_neut(41)] = 0.0002497661
E[P_neut(42)] = 0.0002599914
E[P_neut(43)] = 0.0002997232
E[P_neut(44)] = 0.0003641407
E[P_neut(45)] = 0.0004485287
E[P_neut(46)] = 0.0004687866
E[P_neut(47)] = 0.0005327909
E[P_neut(48)] = 0.0005155979
E[P_neut(49)] = 0.0006480223

---- Expected P_sel(i), 0 < i < n (selected SFS per site) 
E[P_sel(1)] = 0.0036988310
E[P_sel(2)] = 0.0011861529
E[P_sel(3)] = 0.0006413491
E[P_sel(4)] = 0.0004056011
E[P_sel(5)] = 0.0003142124
E[P_sel(6)] = 0.0002389456
E[P_sel(7)] = 0.0001733780
E[P_sel(8)] = 0.0001507084
E[P_sel(9)] = 0.0001129910
E[P_sel(10)] = 0.0001274886
E[P_sel(11)] = 0.0000879438
E[P_sel(12)] = 0.0000984673
E[P_sel(13)] = 0.0000803739
E[P_sel(14)] = 0.0000636070
E[P_sel(15)] = 0.0000641643
E[P_sel(16)] = 0.0000607645
E[P_sel(17)] = 0.0000475226
E[P_sel(18)] = 0.0000561164
E[P_sel(19)] = 0.0000587505
E[P_sel(20)] = 0.0000418849
E[P_sel(21)] = 0.0000484656
E[P_sel(22)] = 0.0000501684
E[P_sel(23)] = 0.0000470631
E[P_sel(24)] = 0.0000631244
E[P_sel(25)] = 0.0000647732
E[P_sel(26)] = 0.0000512309
E[P_sel(27)] = 0.0000415892
E[P_sel(28)] = 0.0000442594
E[P_sel(29)] = 0.0000450429
E[P_sel(30)] = 0.0000439525
E[P_sel(31)] = 0.0000475405
E[P_sel(32)] = 0.0000399575
E[P_sel(33)] = 0.0000389070
E[P_sel(34)] = 0.0000498733
E[P_sel(35)] = 0.0000469678
E[P_sel(36)] = 0.0000431636
E[P_sel(37)] = 0.0000430511
E[P_sel(38)] = 0.0000493260
E[P_sel(39)] = 0.0000391876
E[P_sel(40)] = 0.0000372790
E[P_sel(41)] = 0.0000462525
E[P_sel(42)] = 0.0000479719
E[P_sel(43)] = 0.0000550756
E[P_sel(44)] = 0.0000666804
E[P_sel(45)] = 0.0000818488
E[P_sel(46)] = 0.0000853483
E[P_sel(47)] = 0.0000969714
E[P_sel(48)] = 0.0000946197
E[P_sel(49)] = 0.0001237352

---- alpha_dfe = 0.004848

