---- Running command
---- ./polyDFE -d /home/jejames/ArabidopsisCrossGenome/PolyDFE/fpkmpolcounts5_21910.610607979_PolyDFE.input -m C -i /home/jejames/ArabidopsisCrossGenome/model.txt 1 -e 
---- Performing inference using model C

---- Performing inference on /home/jejames/ArabidopsisCrossGenome/PolyDFE/fpkmpolcounts5_21910.610607979_PolyDFE.input
----      with -i /home/jejames/ArabidopsisCrossGenome/model.txt 1
---- Data /home/jejames/ArabidopsisCrossGenome/PolyDFE/fpkmpolcounts5_21910.610607979_PolyDFE.input does not contain divergence counts. Using option -w.
---- No mutation variability. Using Poisson likelihood.


---- Calculating initial values

-- Starting local optimization
-- Optimizing all parameters
  it        eps_an     theta_bar           S_d             b           p_b           S_b           r 2           r 3           r 4           r 5           r 6           r 7           r 8           r 9          r 10          r 11          r 12          r 13          r 14          r 15          r 16          r 17          r 18          r 19          r 20          r 21          r 22          r 23          r 24          r 25          r 26          r 27          r 28          r 29          r 30          r 31          r 32          r 33          r 34          r 35          r 36          r 37          r 38          r 39          r 40          r 41          r 42          r 43          r 44          r 45          r 46          r 47          r 48          r 49           ln lk          grad status 
   0           0.1 0.00993974619        -20000         0.208           0.1            20 0.77153959533 0.75974809058 0.68337129840 0.68672115771 0.69060699450 0.68377328152 0.70856224038 0.65603644646 0.75706820313 0.74581267586 0.82647728795 0.75599624815 0.83103309660 0.54870695430 0.68390727589 0.77676537585 0.61744606726 1.11764705882 0.68069141096 0.87793112689 1.11724507570 0.74273080530 1.00656572423 1.23944794318 1.17405868953 0.90084416454 1.09178614498 0.65282058153 0.82808522042 1.12568672115 1.30349725311 1.89695832775 1.78132118451 1.01768725713 1.48090580195 1.91370762427 1.96542945196 1.64089508240 1.95631783465 2.72490955379 1.51386841752 2.77140560096 3.13064451293 3.04502210907 3.17432667827 3.84161865201 5.60203671445             1 -2022.186771789 20.5050327861   -2 
 802 0.01358087851 0.00858302359 -203.25055073 0.23465553875 0.00016175640 0.51269641512 0.84944688583 0.77533595001 0.73443014012 0.68795427695 0.68178344597 0.71090222781 0.80126616646 0.68670687625 0.66763033413 0.63059774811 0.71969546733 0.71915199995 0.70021742977 0.64497298867 0.66383200796 0.88576423904 0.73903525062 1.01538379810 0.77866476987 0.85517287467 1.11983962521 0.99672452245 0.89346339046 1.06120041259 1.03614940400 0.87747281459 1.00666897438 0.88360216810 0.71035400306 0.99923177863 1.15188129284 1.39799025020 1.48958649313 0.98247703017 1.15834234076 1.30013680496 1.42562539657 1.35200945747 1.66877263937 2.14777083631 1.50699723767 2.06363678802 2.23875334449 2.08420302587 2.20077422211 2.93281204173 3.49052708597 3.67728357318 -319.4069321759 0.00009880568    0 
---- Best joint likelihood found -319.406932175935026 with gradient 0.00010

---- Results for /home/jejames/ArabidopsisCrossGenome/PolyDFE/fpkmpolcounts5_21910.610607979_PolyDFE.input 
--  Model: C
--        eps_an     theta_bar             a 
-- 0.01358087851 0.00858302359            -1 
--           S_d             b           p_b           S_b 
-- -203.25055073 0.23465553875 0.00016175640 0.51269641512 
--           r 2           r 3           r 4           r 5           r 6           r 7           r 8           r 9          r 10          r 11          r 12          r 13          r 14          r 15          r 16          r 17          r 18          r 19          r 20          r 21          r 22          r 23          r 24          r 25          r 26          r 27          r 28          r 29          r 30          r 31          r 32          r 33          r 34          r 35          r 36          r 37          r 38          r 39          r 40          r 41          r 42          r 43          r 44          r 45          r 46          r 47          r 48          r 49 
-- 0.84944688583 0.77533595001 0.73443014012 0.68795427695 0.68178344597 0.71090222781 0.80126616646 0.68670687625 0.66763033413 0.63059774811 0.71969546733 0.71915199995 0.70021742977 0.64497298867 0.66383200796 0.88576423904 0.73903525062 1.01538379810 0.77866476987 0.85517287467 1.11983962521 0.99672452245 0.89346339046 1.06120041259 1.03614940400 0.87747281459 1.00666897438 0.88360216810 0.71035400306 0.99923177863 1.15188129284 1.39799025020 1.48958649313 0.98247703017 1.15834234076 1.30013680496 1.42562539657 1.35200945747 1.66877263937 2.14777083631 1.50699723767 2.06363678802 2.23875334449 2.08420302587 2.20077422211 2.93281204173 3.49052708597 3.67728357318 

---- Expected P_neut(i), 0 < i < n (neutral SFS per site) 
E[P_neut(1)] = 0.0084752064
E[P_neut(2)] = 0.0036043800
E[P_neut(3)] = 0.0021953903
E[P_neut(4)] = 0.0015600824
E[P_neut(5)] = 0.0011703061
E[P_neut(6)] = 0.0009679795
E[P_neut(7)] = 0.0008654262
E[P_neut(8)] = 0.0008521683
E[P_neut(9)] = 0.0006521035
E[P_neut(10)] = 0.0005701095
E[P_neut(11)] = 0.0004893982
E[P_neut(12)] = 0.0005121458
E[P_neut(13)] = 0.0004724552
E[P_neut(14)] = 0.0004272050
E[P_neut(15)] = 0.0003673145
E[P_neut(16)] = 0.0003563760
E[P_neut(17)] = 0.0004460726
E[P_neut(18)] = 0.0003518076
E[P_neut(19)] = 0.0004562154
E[P_neut(20)] = 0.0003323867
E[P_neut(21)] = 0.0003483271
E[P_neut(22)] = 0.0004351488
E[P_neut(23)] = 0.0003706894
E[P_neut(24)] = 0.0003198316
E[P_neut(25)] = 0.0003643323
E[P_neut(26)] = 0.0003417439
E[P_neut(27)] = 0.0002802028
E[P_neut(28)] = 0.0003103234
E[P_neut(29)] = 0.0002627117
E[P_neut(30)] = 0.0002050110
E[P_neut(31)] = 0.0002791311
E[P_neut(32)] = 0.0003095470
E[P_neut(33)] = 0.0003647409
E[P_neut(34)] = 0.0003757634
E[P_neut(35)] = 0.0002426721
E[P_neut(36)] = 0.0002782483
E[P_neut(37)] = 0.0003039498
E[P_neut(38)] = 0.0003246225
E[P_neut(39)] = 0.0003001883
E[P_neut(40)] = 0.0003609971
E[P_neut(41)] = 0.0004524065
E[P_neut(42)] = 0.0003154590
E[P_neut(43)] = 0.0004181565
E[P_neut(44)] = 0.0004440252
E[P_neut(45)] = 0.0004081676
E[P_neut(46)] = 0.0004264623
E[P_neut(47)] = 0.0005584349
E[P_neut(48)] = 0.0006651830
E[P_neut(49)] = 0.0007519440

---- Expected P_sel(i), 0 < i < n (selected SFS per site) 
E[P_sel(1)] = 0.0049292840
E[P_sel(2)] = 0.0017064228
E[P_sel(3)] = 0.0009308404
E[P_sel(4)] = 0.0006151653
E[P_sel(5)] = 0.0004372833
E[P_sel(6)] = 0.0003466057
E[P_sel(7)] = 0.0002993304
E[P_sel(8)] = 0.0002863749
E[P_sel(9)] = 0.0002134087
E[P_sel(10)] = 0.0001825094
E[P_sel(11)] = 0.0001536006
E[P_sel(12)] = 0.0001578770
E[P_sel(13)] = 0.0001432830
E[P_sel(14)] = 0.0001276346
E[P_sel(15)] = 0.0001082347
E[P_sel(16)] = 0.0001035979
E[P_sel(17)] = 0.0001281927
E[P_sel(18)] = 0.0000999708
E[P_sel(19)] = 0.0001283296
E[P_sel(20)] = 0.0000925711
E[P_sel(21)] = 0.0000960899
E[P_sel(22)] = 0.0001189782
E[P_sel(23)] = 0.0001004951
E[P_sel(24)] = 0.0000860033
E[P_sel(25)] = 0.0000972219
E[P_sel(26)] = 0.0000905257
E[P_sel(27)] = 0.0000737147
E[P_sel(28)] = 0.0000810993
E[P_sel(29)] = 0.0000682141
E[P_sel(30)] = 0.0000529222
E[P_sel(31)] = 0.0000716361
E[P_sel(32)] = 0.0000789320
E[P_sel(33)] = 0.0000925061
E[P_sel(34)] = 0.0000947384
E[P_sel(35)] = 0.0000609491
E[P_sel(36)] = 0.0000695492
E[P_sel(37)] = 0.0000756235
E[P_sel(38)] = 0.0000804121
E[P_sel(39)] = 0.0000740564
E[P_sel(40)] = 0.0000886766
E[P_sel(41)] = 0.0001106261
E[P_sel(42)] = 0.0000773690
E[P_sel(43)] = 0.0001018955
E[P_sel(44)] = 0.0001079843
E[P_sel(45)] = 0.0000995752
E[P_sel(46)] = 0.0001047099
E[P_sel(47)] = 0.0001378320
E[P_sel(48)] = 0.0001686074
E[P_sel(49)] = 0.0002170432

---- alpha_dfe = 0.000901

