---- Running command
---- ./polyDFE -d /home/jejames/ArabidopsisCrossGenome/PolyDFE/fpkmpolcounts12_368454.159216744_PolyDFE.input -m C -i /home/jejames/ArabidopsisCrossGenome/model.txt 1 -e 
---- Performing inference using model C

---- Performing inference on /home/jejames/ArabidopsisCrossGenome/PolyDFE/fpkmpolcounts12_368454.159216744_PolyDFE.input
----      with -i /home/jejames/ArabidopsisCrossGenome/model.txt 1
---- Data /home/jejames/ArabidopsisCrossGenome/PolyDFE/fpkmpolcounts12_368454.159216744_PolyDFE.input does not contain divergence counts. Using option -w.
---- No mutation variability. Using Poisson likelihood.


---- Calculating initial values

-- Starting local optimization
-- Optimizing all parameters
  it        eps_an     theta_bar           S_d             b           p_b           S_b           r 2           r 3           r 4           r 5           r 6           r 7           r 8           r 9          r 10          r 11          r 12          r 13          r 14          r 15          r 16          r 17          r 18          r 19          r 20          r 21          r 22          r 23          r 24          r 25          r 26          r 27          r 28          r 29          r 30          r 31          r 32          r 33          r 34          r 35          r 36          r 37          r 38          r 39          r 40          r 41          r 42          r 43          r 44          r 45          r 46          r 47          r 48          r 49           ln lk          grad status 
   0           0.1 0.00881555955        -80000         0.208           0.1            20 0.79738397685 0.80744560432 0.65702427367 0.60369764809 0.65953968054 0.58986291032 0.57552509118 0.65199345994 0.53829706955 0.85083637278 0.79235316312 0.77990189913 0.53880015092 0.51125644573 0.61577160105 0.63501446358 0.74028424097 0.78858005282 0.59866683436 0.70255313797 0.70557162621 0.67111055213 0.78178845428 0.53452395925 0.82077726072 0.84215821909 0.75713746698 0.56169035341 0.83763048673 1.28663061250 1.21946924915 1.13306502326 1.17167651867 1.22814740284 1.24059866683 1.73575650861 1.55326374041 1.64318953590 2.07269525845 1.98012828575 2.26084769211 2.75814362973 2.80015092441 2.71663941642 3.20513143000 4.61074078732 5.13143000880             1 -2272.464491596 30.7497932133   -2 
 572 0.01002777126 0.00774616303 -408.17093479 0.29282040504 0.00005916152 0.43631433073 0.78027394676 0.79013700882 0.72034549412 0.60151896041 0.67548827434 0.63064506780 0.69305706446 0.71819118807 0.62380395991 0.77491277746 0.81781010957 0.71769720665 0.56215096944 0.50375685450 0.62306114343 0.67654700325 0.65237487715 0.70358487168 0.48783104019 0.62606438466 0.62925563024 0.67487902856 0.59695857744 0.45976503249 0.59960494724 0.69597177066 0.57429470352 0.45971537218 0.72216173748 1.12269464180 0.90177839383 1.11094909358 0.93918452864 1.18725083475 1.29569457875 1.32978488203 1.33617321465 1.31975571703 1.52759250147 1.70176107701 1.88973092336 2.02886793431 2.21927544485 1.86027745133 2.25154224948 3.04034718519 2.95941211729 3.46593829663 -295.6081278948 0.00009576134    0 
---- Best joint likelihood found -295.608127894871359 with gradient 0.00010

---- Results for /home/jejames/ArabidopsisCrossGenome/PolyDFE/fpkmpolcounts12_368454.159216744_PolyDFE.input 
--  Model: C
--        eps_an     theta_bar             a 
-- 0.01002777126 0.00774616303            -1 
--           S_d             b           p_b           S_b 
-- -408.17093479 0.29282040504 0.00005916152 0.43631433073 
--           r 2           r 3           r 4           r 5           r 6           r 7           r 8           r 9          r 10          r 11          r 12          r 13          r 14          r 15          r 16          r 17          r 18          r 19          r 20          r 21          r 22          r 23          r 24          r 25          r 26          r 27          r 28          r 29          r 30          r 31          r 32          r 33          r 34          r 35          r 36          r 37          r 38          r 39          r 40          r 41          r 42          r 43          r 44          r 45          r 46          r 47          r 48          r 49 
-- 0.78027394676 0.79013700882 0.72034549412 0.60151896041 0.67548827434 0.63064506780 0.69305706446 0.71819118807 0.62380395991 0.77491277746 0.81781010957 0.71769720665 0.56215096944 0.50375685450 0.62306114343 0.67654700325 0.65237487715 0.70358487168 0.48783104019 0.62606438466 0.62925563024 0.67487902856 0.59695857744 0.45976503249 0.59960494724 0.69597177066 0.57429470352 0.45971537218 0.72216173748 1.12269464180 0.90177839383 1.11094909358 0.93918452864 1.18725083475 1.29569457875 1.32978488203 1.33617321465 1.31975571703 1.52759250147 1.70176107701 1.88973092336 2.02886793431 2.21927544485 1.86027745133 2.25154224948 3.04034718519 2.95941211729 3.46593829663 

---- Expected P_neut(i), 0 < i < n (neutral SFS per site) 
E[P_neut(1)] = 0.0076739806
E[P_neut(2)] = 0.0029965491
E[P_neut(3)] = 0.0020247430
E[P_neut(4)] = 0.0013847919
E[P_neut(5)] = 0.0009257591
E[P_neut(6)] = 0.0008672466
E[P_neut(7)] = 0.0006945355
E[P_neut(8)] = 0.0006678323
E[P_neut(9)] = 0.0006151618
E[P_neut(10)] = 0.0004813297
E[P_neut(11)] = 0.0005428475
E[P_neut(12)] = 0.0005253451
E[P_neut(13)] = 0.0004261495
E[P_neut(14)] = 0.0003107133
E[P_neut(15)] = 0.0002601717
E[P_neut(16)] = 0.0003007667
E[P_neut(17)] = 0.0003077968
E[P_neut(18)] = 0.0002801183
E[P_neut(19)] = 0.0002867832
E[P_neut(20)] = 0.0001889161
E[P_neut(21)] = 0.0002298488
E[P_neut(22)] = 0.0002209313
E[P_neut(23)] = 0.0002270153
E[P_neut(24)] = 0.0001925317
E[P_neut(25)] = 0.0001424566
E[P_neut(26)] = 0.0001787806
E[P_neut(27)] = 0.0001999478
E[P_neut(28)] = 0.0001595064
E[P_neut(29)] = 0.0001238785
E[P_neut(30)] = 0.0001864909
E[P_neut(31)] = 0.0002805980
E[P_neut(32)] = 0.0002189176
E[P_neut(33)] = 0.0002612518
E[P_neut(34)] = 0.0002148520
E[P_neut(35)] = 0.0002627349
E[P_neut(36)] = 0.0002791195
E[P_neut(37)] = 0.0002798947
E[P_neut(38)] = 0.0002749365
E[P_neut(39)] = 0.0002649728
E[P_neut(40)] = 0.0002977036
E[P_neut(41)] = 0.0003244895
E[P_neut(42)] = 0.0003517621
E[P_neut(43)] = 0.0003688201
E[P_neut(44)] = 0.0003955287
E[P_neut(45)] = 0.0003263562
E[P_neut(46)] = 0.0003893346
E[P_neut(47)] = 0.0005165193
E[P_neut(48)] = 0.0005031006
E[P_neut(49)] = 0.0006200951

---- Expected P_sel(i), 0 < i < n (selected SFS per site) 
E[P_sel(1)] = 0.0035025176
E[P_sel(2)] = 0.0010362637
E[P_sel(3)] = 0.0006067671
E[P_sel(4)] = 0.0003781447
E[P_sel(5)] = 0.0002360939
E[P_sel(6)] = 0.0002095890
E[P_sel(7)] = 0.0001606230
E[P_sel(8)] = 0.0001488482
E[P_sel(9)] = 0.0001327992
E[P_sel(10)] = 0.0001010034
E[P_sel(11)] = 0.0001111373
E[P_sel(12)] = 0.0001051437
E[P_sel(13)] = 0.0000835316
E[P_sel(14)] = 0.0000597402
E[P_sel(15)] = 0.0000491545
E[P_sel(16)] = 0.0000559487
E[P_sel(17)] = 0.0000563926
E[P_sel(18)] = 0.0000506113
E[P_sel(19)] = 0.0000511249
E[P_sel(20)] = 0.0000332624
E[P_sel(21)] = 0.0000400106
E[P_sel(22)] = 0.0000380252
E[P_sel(23)] = 0.0000386563
E[P_sel(24)] = 0.0000324541
E[P_sel(25)] = 0.0000237825
E[P_sel(26)] = 0.0000295730
E[P_sel(27)] = 0.0000327845
E[P_sel(28)] = 0.0000259372
E[P_sel(29)] = 0.0000199895
E[P_sel(30)] = 0.0000298372
E[P_sel(31)] = 0.0000445562
E[P_sel(32)] = 0.0000345231
E[P_sel(33)] = 0.0000409059
E[P_sel(34)] = 0.0000334297
E[P_sel(35)] = 0.0000405788
E[P_sel(36)] = 0.0000428504
E[P_sel(37)] = 0.0000427597
E[P_sel(38)] = 0.0000418152
E[P_sel(39)] = 0.0000401045
E[P_sel(40)] = 0.0000447515
E[P_sel(41)] = 0.0000485965
E[P_sel(42)] = 0.0000524403
E[P_sel(43)] = 0.0000547442
E[P_sel(44)] = 0.0000585997
E[P_sel(45)] = 0.0000484374
E[P_sel(46)] = 0.0000580696
E[P_sel(47)] = 0.0000774695
E[P_sel(48)] = 0.0000781412
E[P_sel(49)] = 0.0001127106

---- alpha_dfe = 0.000524

