---- Running command
---- ./polyDFE -d /home/jejames/ArabidopsisCrossGenome/PolyDFE/fpkmpolcounts19_2453704.9365376_PolyDFE.input -m C -i /home/jejames/ArabidopsisCrossGenome/model.txt 1 -e 
---- Performing inference using model C

---- Performing inference on /home/jejames/ArabidopsisCrossGenome/PolyDFE/fpkmpolcounts19_2453704.9365376_PolyDFE.input
----      with -i /home/jejames/ArabidopsisCrossGenome/model.txt 1
---- Data /home/jejames/ArabidopsisCrossGenome/PolyDFE/fpkmpolcounts19_2453704.9365376_PolyDFE.input does not contain divergence counts. Using option -w.
---- No mutation variability. Using Poisson likelihood.


---- Calculating initial values

-- Starting local optimization
-- Optimizing all parameters
  it        eps_an     theta_bar           S_d             b           p_b           S_b           r 2           r 3           r 4           r 5           r 6           r 7           r 8           r 9          r 10          r 11          r 12          r 13          r 14          r 15          r 16          r 17          r 18          r 19          r 20          r 21          r 22          r 23          r 24          r 25          r 26          r 27          r 28          r 29          r 30          r 31          r 32          r 33          r 34          r 35          r 36          r 37          r 38          r 39          r 40          r 41          r 42          r 43          r 44          r 45          r 46          r 47          r 48          r 49           ln lk          grad status 
   0           0.1 0.00953957578        -20000         0.406           0.1            20 0.86008676789 0.74959327548 0.78362255965 0.86564533622 0.54419739696 0.80192516268 0.81670281995 0.79433297180 0.79989154013 0.66065618221 0.87039045553 0.56046637744 0.58459869848 0.72803687635 0.90672451193 0.70986984815 0.83947939262 0.80111171366 0.86225596529 0.70322668112 0.96637744034 1.00406724511 0.97288503253 1.38964208242 1.02575921908 0.65157266811 1.35140997830 0.87676247288 1.22830802603 1.00447396963 1.28416485900 1.66431670282 1.48427331887 1.24322125813 1.03470715835 1.91621475054 1.31372017353 1.62323752711 1.89804772234 1.88435466377 2.60222342733 2.36103579175 2.03416485900 3.25176247288 3.77304772234 4.75989696312 5.12798264642             1 -2087.114487472 29.5575695533   -2 
 985 0.01295471968 0.00854395468 -1671.9257166 0.28322228029 0.00008424702 0.36808725402 0.85055765986 0.76210360519 0.76370405083 0.79757509351 0.57775949968 0.75604488156 0.75372854515 0.79362091333 0.80922698855 0.56768968295 0.78896918028 0.55006591512 0.77295530136 0.65849809459 0.82886694892 0.63167668641 0.81624135623 0.82018963783 0.76983367592 0.71284021048 0.92464394891 1.01069497478 0.82264576080 1.03902903210 0.85410831260 0.62202117703 0.96799135552 0.88930833166 1.11769665407 0.95138775173 0.90476283214 1.26634985547 1.27206838675 0.82254075262 0.90024942587 1.73660954831 1.20159451640 1.11530121539 1.32952788839 1.46191575551 1.95697240056 1.77796555375 1.64130374307 2.43379416791 2.58547589443 3.03426776567 3.09161380021 3.31778490961 -294.2103078826 0.00007576537    0 
---- Best joint likelihood found -294.210307882691382 with gradient 0.00008

---- Results for /home/jejames/ArabidopsisCrossGenome/PolyDFE/fpkmpolcounts19_2453704.9365376_PolyDFE.input 
--  Model: C
--        eps_an     theta_bar             a 
-- 0.01295471968 0.00854395468            -1 
--           S_d             b           p_b           S_b 
-- -1671.9257166 0.28322228029 0.00008424702 0.36808725402 
--           r 2           r 3           r 4           r 5           r 6           r 7           r 8           r 9          r 10          r 11          r 12          r 13          r 14          r 15          r 16          r 17          r 18          r 19          r 20          r 21          r 22          r 23          r 24          r 25          r 26          r 27          r 28          r 29          r 30          r 31          r 32          r 33          r 34          r 35          r 36          r 37          r 38          r 39          r 40          r 41          r 42          r 43          r 44          r 45          r 46          r 47          r 48          r 49 
-- 0.85055765986 0.76210360519 0.76370405083 0.79757509351 0.57775949968 0.75604488156 0.75372854515 0.79362091333 0.80922698855 0.56768968295 0.78896918028 0.55006591512 0.77295530136 0.65849809459 0.82886694892 0.63167668641 0.81624135623 0.82018963783 0.76983367592 0.71284021048 0.92464394891 1.01069497478 0.82264576080 1.03902903210 0.85410831260 0.62202117703 0.96799135552 0.88930833166 1.11769665407 0.95138775173 0.90476283214 1.26634985547 1.27206838675 0.82254075262 0.90024942587 1.73660954831 1.20159451640 1.11530121539 1.32952788839 1.46191575551 1.95697240056 1.77796555375 1.64130374307 2.43379416791 2.58547589443 3.03426776567 3.09161380021 3.31778490961 

---- Expected P_neut(i), 0 < i < n (neutral SFS per site) 
E[P_neut(1)] = 0.0084407646
E[P_neut(2)] = 0.0035936203
E[P_neut(3)] = 0.0021494875
E[P_neut(4)] = 0.0016163518
E[P_neut(5)] = 0.0013512195
E[P_neut(6)] = 0.0008161958
E[P_neut(7)] = 0.0009154238
E[P_neut(8)] = 0.0007997069
E[P_neut(9)] = 0.0007475932
E[P_neut(10)] = 0.0006861219
E[P_neut(11)] = 0.0004383908
E[P_neut(12)] = 0.0005579658
E[P_neut(13)] = 0.0003620300
E[P_neut(14)] = 0.0004683779
E[P_neut(15)] = 0.0003728207
E[P_neut(16)] = 0.0004410198
E[P_neut(17)] = 0.0003176063
E[P_neut(18)] = 0.0003855508
E[P_neut(19)] = 0.0003674433
E[P_neut(20)] = 0.0003287345
E[P_neut(21)] = 0.0002896597
E[P_neut(22)] = 0.0003582707
E[P_neut(23)] = 0.0003731353
E[P_neut(24)] = 0.0002927024
E[P_neut(25)] = 0.0003550967
E[P_neut(26)] = 0.0002808295
E[P_neut(27)] = 0.0001991480
E[P_neut(28)] = 0.0002961996
E[P_neut(29)] = 0.0002623702
E[P_neut(30)] = 0.0003184550
E[P_neut(31)] = 0.0002635945
E[P_neut(32)] = 0.0002434601
E[P_neut(33)] = 0.0003277331
E[P_neut(34)] = 0.0003212544
E[P_neut(35)] = 0.0002030507
E[P_neut(36)] = 0.0002170012
E[P_neut(37)] = 0.0004005022
E[P_neut(38)] = 0.0002739449
E[P_neut(39)] = 0.0002468824
E[P_neut(40)] = 0.0002892636
E[P_neut(41)] = 0.0003104609
E[P_neut(42)] = 0.0004033730
E[P_neut(43)] = 0.0003606538
E[P_neut(44)] = 0.0003252390
E[P_neut(45)] = 0.0004737635
E[P_neut(46)] = 0.0004951329
E[P_neut(47)] = 0.0005725602
E[P_neut(48)] = 0.0005902471
E[P_neut(49)] = 0.0006817004

---- Expected P_sel(i), 0 < i < n (selected SFS per site) 
E[P_sel(1)] = 0.0027315439
E[P_sel(2)] = 0.0008623139
E[P_sel(3)] = 0.0004470094
E[P_sel(4)] = 0.0003067979
E[P_sel(5)] = 0.0002399449
E[P_sel(6)] = 0.0001375696
E[P_sel(7)] = 0.0001478788
E[P_sel(8)] = 0.0001245725
E[P_sel(9)] = 0.0001129445
E[P_sel(10)] = 0.0001008694
E[P_sel(11)] = 0.0000628732
E[P_sel(12)] = 0.0000783115
E[P_sel(13)] = 0.0000497231
E[P_sel(14)] = 0.0000632846
E[P_sel(15)] = 0.0000495237
E[P_sel(16)] = 0.0000576543
E[P_sel(17)] = 0.0000408997
E[P_sel(18)] = 0.0000490161
E[P_sel(19)] = 0.0000461153
E[P_sel(20)] = 0.0000407516
E[P_sel(21)] = 0.0000355054
E[P_sel(22)] = 0.0000434482
E[P_sel(23)] = 0.0000447959
E[P_sel(24)] = 0.0000347922
E[P_sel(25)] = 0.0000418183
E[P_sel(26)] = 0.0000327801
E[P_sel(27)] = 0.0000230587
E[P_sel(28)] = 0.0000340079
E[P_sel(29)] = 0.0000298870
E[P_sel(30)] = 0.0000360010
E[P_sel(31)] = 0.0000296008
E[P_sel(32)] = 0.0000271622
E[P_sel(33)] = 0.0000362761
E[P_sel(34)] = 0.0000353642
E[P_sel(35)] = 0.0000222449
E[P_sel(36)] = 0.0000236618
E[P_sel(37)] = 0.0000432374
E[P_sel(38)] = 0.0000295439
E[P_sel(39)] = 0.0000264627
E[P_sel(40)] = 0.0000309507
E[P_sel(41)] = 0.0000330868
E[P_sel(42)] = 0.0000427091
E[P_sel(43)] = 0.0000381959
E[P_sel(44)] = 0.0000343431
E[P_sel(45)] = 0.0000500854
E[P_sel(46)] = 0.0000525617
E[P_sel(47)] = 0.0000613439
E[P_sel(48)] = 0.0000664023
E[P_sel(49)] = 0.0000934892

---- alpha_dfe = 0.001016

