---- Running command
---- ./polyDFE -d /home/jejames/ArabidopsisCrossGenome/PolyDFE/fpkmpolcounts3_3627.46511673825_PolyDFE.input -m C -i /home/jejames/ArabidopsisCrossGenome/model.txt 1 -e 
---- Performing inference using model C

---- Performing inference on /home/jejames/ArabidopsisCrossGenome/PolyDFE/fpkmpolcounts3_3627.46511673825_PolyDFE.input
----      with -i /home/jejames/ArabidopsisCrossGenome/model.txt 1
---- Data /home/jejames/ArabidopsisCrossGenome/PolyDFE/fpkmpolcounts3_3627.46511673825_PolyDFE.input does not contain divergence counts. Using option -w.
---- No mutation variability. Using Poisson likelihood.


---- Calculating initial values

-- Starting local optimization
-- Optimizing all parameters
  it        eps_an     theta_bar           S_d             b           p_b           S_b           r 2           r 3           r 4           r 5           r 6           r 7           r 8           r 9          r 10          r 11          r 12          r 13          r 14          r 15          r 16          r 17          r 18          r 19          r 20          r 21          r 22          r 23          r 24          r 25          r 26          r 27          r 28          r 29          r 30          r 31          r 32          r 33          r 34          r 35          r 36          r 37          r 38          r 39          r 40          r 41          r 42          r 43          r 44          r 45          r 46          r 47          r 48          r 49           ln lk          grad status 
   0           0.1 0.00996893079        -20000         0.208           0.1            20 0.88259000537 0.71775926921 0.70768404083 0.74355185384 0.88581407845 0.70526598602 0.75335840945 0.69398173025 0.73616335303 0.64871037076 0.82052659860 0.61123052122 0.76732939279 0.62667920472 0.55239118753 0.64857603439 0.70849005910 0.54365932294 0.61526061257 0.81528747984 0.75362708221 0.83113917248 0.87372380440 1.00752283718 0.97447608812 1.23683503492 1.10961848468 1.09470714669 1.21305749596 0.98696937130 1.01880709296 1.40085975282 1.06421278882 1.12372380440 1.89575497044 1.73965609887 1.33234819989 1.41980118216 2.42880171950 2.01585169263 2.19478774852 2.02176249328 3.13863514239 3.16160666308 3.04648038688 4.22393874261 5.96453519613             1 -2401.816213084 19.3106521043   -2 
 279 0.00803879357 0.00869261446 -68.647686331 0.34437341742 0.00008210915 0.48847448146 0.82417962309 0.80904019533 0.75784242752 0.80535335946 0.76602816245 0.80820944505 0.74633368342 0.74968263688 0.74586680306 0.63485137768 0.70935226213 0.68767073901 0.64998691045 0.64855964368 0.67206749652 0.59672471789 0.73980047248 0.58087101321 0.65086480221 0.83453798910 0.75200133611 0.70988067557 0.78845769303 0.75202367805 0.80149244384 0.90222825740 0.87196799708 0.90617337157 0.94370896812 1.01796163921 0.91455301948 1.01036250645 1.02139572184 0.92441519499 1.58444030894 1.30664531580 1.17607131144 1.13772377061 1.77405855171 1.58428541250 1.81028924360 1.59912732787 2.37109415716 2.29614354511 2.79875033008 2.85305540255 3.94641912905 4.37705258456 -311.5887298991 0.00009326281    0 
---- Best joint likelihood found -311.588729899114355 with gradient 0.00009

---- Results for /home/jejames/ArabidopsisCrossGenome/PolyDFE/fpkmpolcounts3_3627.46511673825_PolyDFE.input 
--  Model: C
--        eps_an     theta_bar             a 
-- 0.00803879357 0.00869261446            -1 
--           S_d             b           p_b           S_b 
-- -68.647686331 0.34437341742 0.00008210915 0.48847448146 
--           r 2           r 3           r 4           r 5           r 6           r 7           r 8           r 9          r 10          r 11          r 12          r 13          r 14          r 15          r 16          r 17          r 18          r 19          r 20          r 21          r 22          r 23          r 24          r 25          r 26          r 27          r 28          r 29          r 30          r 31          r 32          r 33          r 34          r 35          r 36          r 37          r 38          r 39          r 40          r 41          r 42          r 43          r 44          r 45          r 46          r 47          r 48          r 49 
-- 0.82417962309 0.80904019533 0.75784242752 0.80535335946 0.76602816245 0.80820944505 0.74633368342 0.74968263688 0.74586680306 0.63485137768 0.70935226213 0.68767073901 0.64998691045 0.64855964368 0.67206749652 0.59672471789 0.73980047248 0.58087101321 0.65086480221 0.83453798910 0.75200133611 0.70988067557 0.78845769303 0.75202367805 0.80149244384 0.90222825740 0.87196799708 0.90617337157 0.94370896812 1.01796163921 0.91455301948 1.01036250645 1.02139572184 0.92441519499 1.58444030894 1.30664531580 1.17607131144 1.13772377061 1.77405855171 1.58428541250 1.81028924360 1.59912732787 2.37109415716 2.29614354511 2.79875033008 2.85305540255 3.94641912905 4.37705258456 

---- Expected P_neut(i), 0 < i < n (neutral SFS per site) 
E[P_neut(1)] = 0.0086289784
E[P_neut(2)] = 0.0035590870
E[P_neut(3)] = 0.0023296219
E[P_neut(4)] = 0.0016379204
E[P_neut(5)] = 0.0013924355
E[P_neut(6)] = 0.0011046421
E[P_neut(7)] = 0.0009981668
E[P_neut(8)] = 0.0008074417
E[P_neut(9)] = 0.0007209575
E[P_neut(10)] = 0.0006462405
E[P_neut(11)] = 0.0004996891
E[P_neut(12)] = 0.0005118758
E[P_neut(13)] = 0.0004585911
E[P_neut(14)] = 0.0004034088
E[P_neut(15)] = 0.0003746695
E[P_neut(16)] = 0.0003642905
E[P_neut(17)] = 0.0003048100
E[P_neut(18)] = 0.0003563918
E[P_neut(19)] = 0.0002659103
E[P_neut(20)] = 0.0002828099
E[P_neut(21)] = 0.0003448502
E[P_neut(22)] = 0.0002969175
E[P_neut(23)] = 0.0002684704
E[P_neut(24)] = 0.0002854317
E[P_neut(25)] = 0.0002614821
E[P_neut(26)] = 0.0002681056
E[P_neut(27)] = 0.0002902929
E[P_neut(28)] = 0.0002709154
E[P_neut(29)] = 0.0002722147
E[P_neut(30)] = 0.0002735192
E[P_neut(31)] = 0.0002852852
E[P_neut(32)] = 0.0002493079
E[P_neut(33)] = 0.0002664555
E[P_neut(34)] = 0.0002619712
E[P_neut(35)] = 0.0002307639
E[P_neut(36)] = 0.0003827501
E[P_neut(37)] = 0.0003082061
E[P_neut(38)] = 0.0002709979
E[P_neut(39)] = 0.0002555789
E[P_neut(40)] = 0.0003876430
E[P_neut(41)] = 0.0003390128
E[P_neut(42)] = 0.0003781773
E[P_neut(43)] = 0.0003287390
E[P_neut(44)] = 0.0004735878
E[P_neut(45)] = 0.0004512340
E[P_neut(46)] = 0.0005378671
E[P_neut(47)] = 0.0005422733
E[P_neut(48)] = 0.0007377321
E[P_neut(49)] = 0.0008401265

---- Expected P_sel(i), 0 < i < n (selected SFS per site) 
E[P_sel(1)] = 0.0056793034
E[P_sel(2)] = 0.0018699995
E[P_sel(3)] = 0.0010638290
E[P_sel(4)] = 0.0006777005
E[P_sel(5)] = 0.0005347994
E[P_sel(6)] = 0.0003996083
E[P_sel(7)] = 0.0003438357
E[P_sel(8)] = 0.0002665847
E[P_sel(9)] = 0.0002295082
E[P_sel(10)] = 0.0001991393
E[P_sel(11)] = 0.0001496485
E[P_sel(12)] = 0.0001493598
E[P_sel(13)] = 0.0001306420
E[P_sel(14)] = 0.0001123944
E[P_sel(15)] = 0.0001023779
E[P_sel(16)] = 0.0000976877
E[P_sel(17)] = 0.0000803117
E[P_sel(18)] = 0.0000924069
E[P_sel(19)] = 0.0000678711
E[P_sel(20)] = 0.0000711585
E[P_sel(21)] = 0.0000856023
E[P_sel(22)] = 0.0000727478
E[P_sel(23)] = 0.0000649672
E[P_sel(24)] = 0.0000682672
E[P_sel(25)] = 0.0000618400
E[P_sel(26)] = 0.0000627293
E[P_sel(27)] = 0.0000672214
E[P_sel(28)] = 0.0000621216
E[P_sel(29)] = 0.0000618376
E[P_sel(30)] = 0.0000615569
E[P_sel(31)] = 0.0000636334
E[P_sel(32)] = 0.0000551750
E[P_sel(33)] = 0.0000584654
E[P_sel(34)] = 0.0000570555
E[P_sel(35)] = 0.0000499048
E[P_sel(36)] = 0.0000820601
E[P_sel(37)] = 0.0000656854
E[P_sel(38)] = 0.0000574367
E[P_sel(39)] = 0.0000538364
E[P_sel(40)] = 0.0000810679
E[P_sel(41)] = 0.0000706196
E[P_sel(42)] = 0.0000783561
E[P_sel(43)] = 0.0000681090
E[P_sel(44)] = 0.0000973033
E[P_sel(45)] = 0.0000928583
E[P_sel(46)] = 0.0001104188
E[P_sel(47)] = 0.0001126979
E[P_sel(48)] = 0.0001553125
E[P_sel(49)] = 0.0001974538

---- alpha_dfe = 0.000541

