---- Running command
---- ./polyDFE -d /home/jejames/ArabidopsisCrossGenome/PolyDFE/fpkmpolcounts7_69803.3893388143_PolyDFE.input -m C -i /home/jejames/ArabidopsisCrossGenome/model.txt 1 -e 
---- Performing inference using model C

---- Performing inference on /home/jejames/ArabidopsisCrossGenome/PolyDFE/fpkmpolcounts7_69803.3893388143_PolyDFE.input
----      with -i /home/jejames/ArabidopsisCrossGenome/model.txt 1
---- Data /home/jejames/ArabidopsisCrossGenome/PolyDFE/fpkmpolcounts7_69803.3893388143_PolyDFE.input does not contain divergence counts. Using option -w.
---- No mutation variability. Using Poisson likelihood.


---- Calculating initial values

-- Starting local optimization
-- Optimizing all parameters
  it        eps_an     theta_bar           S_d             b           p_b           S_b           r 2           r 3           r 4           r 5           r 6           r 7           r 8           r 9          r 10          r 11          r 12          r 13          r 14          r 15          r 16          r 17          r 18          r 19          r 20          r 21          r 22          r 23          r 24          r 25          r 26          r 27          r 28          r 29          r 30          r 31          r 32          r 33          r 34          r 35          r 36          r 37          r 38          r 39          r 40          r 41          r 42          r 43          r 44          r 45          r 46          r 47          r 48          r 49           ln lk          grad status 
   0           0.1 0.00923092359        -20000         0.208           0.1            20 0.86630434782 0.78383152173 0.73586956521 0.56385869565 0.73043478260 0.66576086956 0.67173913043 0.56372282608 0.69565217391 0.78016304347 0.80217391304 0.70298913043 0.76277173913 0.70108695652 0.77173913043 0.81766304347 0.81440217391 0.84415760869 0.63858695652 1.03002717391 0.73532608695      0.753125 0.95543478260 0.84918478260 1.11983695652 0.91345108695 1.11847826086 1.13872282608 1.12092391304 1.27622282608 1.20434782608 1.37201086956 1.45516304347 1.40760869565 1.60923913043 1.51820652173 1.79673913043 2.00298913043             2 2.16698369565 2.06576086956        2.6875 2.77391304347 3.11820652173        2.6625 4.77024456521 6.07826086956             1 -2200.973201206 26.6326140717   -2 
 758 0.00014276621 0.00815257422 -196.11513767 0.27861503224 0.00002740560 0.28483709263 0.79935879761 0.75288470958 0.75438621777 0.69453516704 0.72775246078 0.64047126580 0.67043015344 0.67498922707 0.65718300324 0.78129744348 0.71415748655 0.79666798509 0.72988165637 0.64156268607 0.75518651275 0.71861468967 0.79818120934 0.84806517639 0.80239498432 1.02450489748 0.71940527979 0.65801914015 0.88090695026 0.86044389412 0.81859651640 0.85375273252 1.06332279384 0.88803203633 0.94098168622 0.97585795145 0.95019583533 1.06690016350 1.08115358686 1.02714395976 1.19790169843 1.30599652831 1.49192385288 1.78711133861 1.65666418531 1.83548644720 1.74832803054 2.04676021116 1.92655814099 2.29918957437 2.26436897443 3.21556314586 3.51109029373 5.72098804394 -307.1139617407 0.00009526643    0 
---- Best joint likelihood found -307.113961740707850 with gradient 0.00010

---- Results for /home/jejames/ArabidopsisCrossGenome/PolyDFE/fpkmpolcounts7_69803.3893388143_PolyDFE.input 
--  Model: C
--        eps_an     theta_bar             a 
-- 0.00014276621 0.00815257422            -1 
--           S_d             b           p_b           S_b 
-- -196.11513767 0.27861503224 0.00002740560 0.28483709263 
--           r 2           r 3           r 4           r 5           r 6           r 7           r 8           r 9          r 10          r 11          r 12          r 13          r 14          r 15          r 16          r 17          r 18          r 19          r 20          r 21          r 22          r 23          r 24          r 25          r 26          r 27          r 28          r 29          r 30          r 31          r 32          r 33          r 34          r 35          r 36          r 37          r 38          r 39          r 40          r 41          r 42          r 43          r 44          r 45          r 46          r 47          r 48          r 49 
-- 0.79935879761 0.75288470958 0.75438621777 0.69453516704 0.72775246078 0.64047126580 0.67043015344 0.67498922707 0.65718300324 0.78129744348 0.71415748655 0.79666798509 0.72988165637 0.64156268607 0.75518651275 0.71861468967 0.79818120934 0.84806517639 0.80239498432 1.02450489748 0.71940527979 0.65801914015 0.88090695026 0.86044389412 0.81859651640 0.85375273252 1.06332279384 0.88803203633 0.94098168622 0.97585795145 0.95019583533 1.06690016350 1.08115358686 1.02714395976 1.19790169843 1.30599652831 1.49192385288 1.78711133861 1.65666418531 1.83548644720 1.74832803054 2.04676021116 1.92655814099 2.29918957437 2.26436897443 3.21556314586 3.51109029373 5.72098804394 

---- Expected P_neut(i), 0 < i < n (neutral SFS per site) 
E[P_neut(1)] = 0.0081515462
E[P_neut(2)] = 0.0032580359
E[P_neut(3)] = 0.0020457704
E[P_neut(4)] = 0.0015373852
E[P_neut(5)] = 0.0011323477
E[P_neut(6)] = 0.0009887524
E[P_neut(7)] = 0.0007458760
E[P_neut(8)] = 0.0006831674
E[P_neut(9)] = 0.0006113981
E[P_neut(10)] = 0.0005357450
E[P_neut(11)] = 0.0005790239
E[P_neut(12)] = 0.0004851616
E[P_neut(13)] = 0.0004995771
E[P_neut(14)] = 0.0004250076
E[P_neut(15)] = 0.0003486769
E[P_neut(16)] = 0.0003847767
E[P_neut(17)] = 0.0003446096
E[P_neut(18)] = 0.0003614958
E[P_neut(19)] = 0.0003638749
E[P_neut(20)] = 0.0003270690
E[P_neut(21)] = 0.0003977099
E[P_neut(22)] = 0.0002665973
E[P_neut(23)] = 0.0002332448
E[P_neut(24)] = 0.0002992297
E[P_neut(25)] = 0.0002805933
E[P_neut(26)] = 0.0002566856
E[P_neut(27)] = 0.0002577847
E[P_neut(28)] = 0.0003095945
E[P_neut(29)] = 0.0002496676
E[P_neut(30)] = 0.0002557243
E[P_neut(31)] = 0.0002566526
E[P_neut(32)] = 0.0002420965
E[P_neut(33)] = 0.0002635868
E[P_neut(34)] = 0.0002592587
E[P_neut(35)] = 0.0002392690
E[P_neut(36)] = 0.0002712992
E[P_neut(37)] = 0.0002877933
E[P_neut(38)] = 0.0003201030
E[P_neut(39)] = 0.0003736077
E[P_neut(40)] = 0.0003376802
E[P_neut(41)] = 0.0003650093
E[P_neut(42)] = 0.0003394151
E[P_neut(43)] = 0.0003881061
E[P_neut(44)] = 0.0003570540
E[P_neut(45)] = 0.0004166425
E[P_neut(46)] = 0.0004014760
E[P_neut(47)] = 0.0005579809
E[P_neut(48)] = 0.0005967222
E[P_neut(49)] = 0.0009528807

---- Expected P_sel(i), 0 < i < n (selected SFS per site) 
E[P_sel(1)] = 0.0045132848
E[P_sel(2)] = 0.0014201440
E[P_sel(3)] = 0.0007827337
E[P_sel(4)] = 0.0005395370
E[P_sel(5)] = 0.0003728258
E[P_sel(6)] = 0.0003095853
E[P_sel(7)] = 0.0002240826
E[P_sel(8)] = 0.0001981849
E[P_sel(9)] = 0.0001720714
E[P_sel(10)] = 0.0001468107
E[P_sel(11)] = 0.0001549379
E[P_sel(12)] = 0.0001270633
E[P_sel(13)] = 0.0001283055
E[P_sel(14)] = 0.0001072131
E[P_sel(15)] = 0.0000865126
E[P_sel(16)] = 0.0000940121
E[P_sel(17)] = 0.0000829977
E[P_sel(18)] = 0.0000859010
E[P_sel(19)] = 0.0000853783
E[P_sel(20)] = 0.0000758302
E[P_sel(21)] = 0.0000911701
E[P_sel(22)] = 0.0000604602
E[P_sel(23)] = 0.0000523576
E[P_sel(24)] = 0.0000665167
E[P_sel(25)] = 0.0000617938
E[P_sel(26)] = 0.0000560250
E[P_sel(27)] = 0.0000557834
E[P_sel(28)] = 0.0000664437
E[P_sel(29)] = 0.0000531583
E[P_sel(30)] = 0.0000540318
E[P_sel(31)] = 0.0000538280
E[P_sel(32)] = 0.0000504132
E[P_sel(33)] = 0.0000545092
E[P_sel(34)] = 0.0000532558
E[P_sel(35)] = 0.0000488308
E[P_sel(36)] = 0.0000550192
E[P_sel(37)] = 0.0000580076
E[P_sel(38)] = 0.0000641356
E[P_sel(39)] = 0.0000744226
E[P_sel(40)] = 0.0000668868
E[P_sel(41)] = 0.0000719033
E[P_sel(42)] = 0.0000665050
E[P_sel(43)] = 0.0000756478
E[P_sel(44)] = 0.0000692458
E[P_sel(45)] = 0.0000804007
E[P_sel(46)] = 0.0000771090
E[P_sel(47)] = 0.0001066632
E[P_sel(48)] = 0.0001135899
E[P_sel(49)] = 0.0001807981

---- alpha_dfe = 0.000169

