---- Running command
---- ./polyDFE -d /home/jejames/ArabidopsisCrossGenome/PolyDFE/fpkmpolcounts16_868651.985153683_PolyDFE.input -m C -i /home/jejames/ArabidopsisCrossGenome/model.txt 1 -e 
---- Performing inference using model C

---- Performing inference on /home/jejames/ArabidopsisCrossGenome/PolyDFE/fpkmpolcounts16_868651.985153683_PolyDFE.input
----      with -i /home/jejames/ArabidopsisCrossGenome/model.txt 1
---- Data /home/jejames/ArabidopsisCrossGenome/PolyDFE/fpkmpolcounts16_868651.985153683_PolyDFE.input does not contain divergence counts. Using option -w.
---- No mutation variability. Using Poisson likelihood.


---- Calculating initial values

-- Starting local optimization
-- Optimizing all parameters
  it        eps_an     theta_bar           S_d             b           p_b           S_b           r 2           r 3           r 4           r 5           r 6           r 7           r 8           r 9          r 10          r 11          r 12          r 13          r 14          r 15          r 16          r 17          r 18          r 19          r 20          r 21          r 22          r 23          r 24          r 25          r 26          r 27          r 28          r 29          r 30          r 31          r 32          r 33          r 34          r 35          r 36          r 37          r 38          r 39          r 40          r 41          r 42          r 43          r 44          r 45          r 46          r 47          r 48          r 49           ln lk          grad status 
   0           0.1 0.00899887126        -20000         0.406           0.1            20 0.84894837476 0.76978967495 0.63377947737 0.68387507966 0.62485659655 0.61032504780 0.58024219247 0.65850860420 0.59655831739 0.78100701083 0.55525812619 0.69764181007 0.78699808795 0.69216061185 0.78521351179 0.46156787762 0.84894837476 0.87915869980 0.70363288718 0.80038240917 0.59732313575 0.79158699808 0.66692160611 0.89228808158 0.66947100063 0.65391969407 0.84588910133 0.77998725302 0.93307839388 0.89700446144 0.85659655831 1.33346080305 1.49521988527 1.32950924155 1.32619502868 1.26870618228 1.48706182281 1.45659655831 1.48884639898 2.33091140854 2.14684512428 2.17055449330 2.65289993626 2.62141491395 3.67648183556 4.53524537922 5.69024856596             1 -2172.852475375 23.3386003524   -2 
1493 0.00027195595 0.00794442351 -1399.5531563 0.24851195007 0.00007592982 0.24180351265 0.84191049595 0.71293049636 0.59129309788 0.68265334589 0.73787728613 0.66470672513 0.55985540465 0.72179815733 0.65372772158 0.76100892062 0.57615780575 0.66260948746 0.70954331193 0.70627457116 0.68415749416 0.50599353735 0.67021213126 0.76168109516 0.83220881580 0.59440458222 0.61031572053 0.76549817409 0.65435543288 0.88915120129 0.73148851552 0.63182912401 0.71523407696 0.74289650963 0.74968177884 0.58255345057 0.93788372780 1.10818991376 1.16820791930 1.15604852743 0.98876117879 0.96614466072 1.18257037157 1.18822392887 1.22111792995 1.74994393530 1.61637401141 1.68817588400 2.17083103053 1.86892374471 2.87125771299 2.66674609267 3.44987060638 4.92653807610 -300.2797923380 0.00009607209    0 
---- Best joint likelihood found -300.279792338058826 with gradient 0.00010

---- Results for /home/jejames/ArabidopsisCrossGenome/PolyDFE/fpkmpolcounts16_868651.985153683_PolyDFE.input 
--  Model: C
--        eps_an     theta_bar             a 
-- 0.00027195595 0.00794442351            -1 
--           S_d             b           p_b           S_b 
-- -1399.5531563 0.24851195007 0.00007592982 0.24180351265 
--           r 2           r 3           r 4           r 5           r 6           r 7           r 8           r 9          r 10          r 11          r 12          r 13          r 14          r 15          r 16          r 17          r 18          r 19          r 20          r 21          r 22          r 23          r 24          r 25          r 26          r 27          r 28          r 29          r 30          r 31          r 32          r 33          r 34          r 35          r 36          r 37          r 38          r 39          r 40          r 41          r 42          r 43          r 44          r 45          r 46          r 47          r 48          r 49 
-- 0.84191049595 0.71293049636 0.59129309788 0.68265334589 0.73787728613 0.66470672513 0.55985540465 0.72179815733 0.65372772158 0.76100892062 0.57615780575 0.66260948746 0.70954331193 0.70627457116 0.68415749416 0.50599353735 0.67021213126 0.76168109516 0.83220881580 0.59440458222 0.61031572053 0.76549817409 0.65435543288 0.88915120129 0.73148851552 0.63182912401 0.71523407696 0.74289650963 0.74968177884 0.58255345057 0.93788372780 1.10818991376 1.16820791930 1.15604852743 0.98876117879 0.96614466072 1.18257037157 1.18822392887 1.22111792995 1.74994393530 1.61637401141 1.68817588400 2.17083103053 1.86892374471 2.87125771299 2.66674609267 3.44987060638 4.92653807610 

---- Expected P_neut(i), 0 < i < n (neutral SFS per site) 
E[P_neut(1)] = 0.0079424802
E[P_neut(2)] = 0.0033434926
E[P_neut(3)] = 0.0018875497
E[P_neut(4)] = 0.0011741862
E[P_neut(5)] = 0.0010844522
E[P_neut(6)] = 0.0009768425
E[P_neut(7)] = 0.0007542671
E[P_neut(8)] = 0.0005558980
E[P_neut(9)] = 0.0006370601
E[P_neut(10)] = 0.0005192737
E[P_neut(11)] = 0.0005495325
E[P_neut(12)] = 0.0003814003
E[P_neut(13)] = 0.0004048732
E[P_neut(14)] = 0.0004025865
E[P_neut(15)] = 0.0003740326
E[P_neut(16)] = 0.0003396842
E[P_neut(17)] = 0.0002364687
E[P_neut(18)] = 0.0002957856
E[P_neut(19)] = 0.0003184338
E[P_neut(20)] = 0.0003305351
E[P_neut(21)] = 0.0002248609
E[P_neut(22)] = 0.0002203865
E[P_neut(23)] = 0.0002643892
E[P_neut(24)] = 0.0002166051
E[P_neut(25)] = 0.0002825517
E[P_neut(26)] = 0.0002235079
E[P_neut(27)] = 0.0001859294
E[P_neut(28)] = 0.0002029377
E[P_neut(29)] = 0.0002035191
E[P_neut(30)] = 0.0001985622
E[P_neut(31)] = 0.0001493380
E[P_neut(32)] = 0.0002328592
E[P_neut(33)] = 0.0002667775
E[P_neut(34)] = 0.0002729810
E[P_neut(35)] = 0.0002624343
E[P_neut(36)] = 0.0002182484
E[P_neut(37)] = 0.0002074986
E[P_neut(38)] = 0.0002472691
E[P_neut(39)] = 0.0002421286
E[P_neut(40)] = 0.0002426022
E[P_neut(41)] = 0.0003391614
E[P_neut(42)] = 0.0003058099
E[P_neut(43)] = 0.0003120176
E[P_neut(44)] = 0.0003921137
E[P_neut(45)] = 0.0003301502
E[P_neut(46)] = 0.0004960647
E[P_neut(47)] = 0.0004511517
E[P_neut(48)] = 0.0005717382
E[P_neut(49)] = 0.0008006883

---- Expected P_sel(i), 0 < i < n (selected SFS per site) 
E[P_sel(1)] = 0.0029665485
E[P_sel(2)] = 0.0009657479
E[P_sel(3)] = 0.0004817866
E[P_sel(4)] = 0.0002768160
E[P_sel(5)] = 0.0002412574
E[P_sel(6)] = 0.0002076581
E[P_sel(7)] = 0.0001544793
E[P_sel(8)] = 0.0001103216
E[P_sel(9)] = 0.0001230337
E[P_sel(10)] = 0.0000979133
E[P_sel(11)] = 0.0001014294
E[P_sel(12)] = 0.0000690528
E[P_sel(13)] = 0.0000720295
E[P_sel(14)] = 0.0000704802
E[P_sel(15)] = 0.0000645161
E[P_sel(16)] = 0.0000577892
E[P_sel(17)] = 0.0000397150
E[P_sel(18)] = 0.0000490828
E[P_sel(19)] = 0.0000522456
E[P_sel(20)] = 0.0000536533
E[P_sel(21)] = 0.0000361316
E[P_sel(22)] = 0.0000350732
E[P_sel(23)] = 0.0000416921
E[P_sel(24)] = 0.0000338594
E[P_sel(25)] = 0.0000438000
E[P_sel(26)] = 0.0000343707
E[P_sel(27)] = 0.0000283729
E[P_sel(28)] = 0.0000307401
E[P_sel(29)] = 0.0000306094
E[P_sel(30)] = 0.0000296599
E[P_sel(31)] = 0.0000221601
E[P_sel(32)] = 0.0000343322
E[P_sel(33)] = 0.0000390893
E[P_sel(34)] = 0.0000397592
E[P_sel(35)] = 0.0000380014
E[P_sel(36)] = 0.0000314258
E[P_sel(37)] = 0.0000297145
E[P_sel(38)] = 0.0000352203
E[P_sel(39)] = 0.0000343115
E[P_sel(40)] = 0.0000342050
E[P_sel(41)] = 0.0000475830
E[P_sel(42)] = 0.0000426982
E[P_sel(43)] = 0.0000433649
E[P_sel(44)] = 0.0000542498
E[P_sel(45)] = 0.0000454808
E[P_sel(46)] = 0.0000680315
E[P_sel(47)] = 0.0000616393
E[P_sel(48)] = 0.0000778492
E[P_sel(49)] = 0.0001088963

---- alpha_dfe = 0.000639

