---- Running command
---- ./polyDFE -d /home/jejames/ArabidopsisCrossGenome/PolyDFE/fpkmpolcounts17_1120703.3763524_PolyDFE.input -m C -i /home/jejames/ArabidopsisCrossGenome/model.txt 1 -e 
---- Performing inference using model C

---- Performing inference on /home/jejames/ArabidopsisCrossGenome/PolyDFE/fpkmpolcounts17_1120703.3763524_PolyDFE.input
----      with -i /home/jejames/ArabidopsisCrossGenome/model.txt 1
---- Data /home/jejames/ArabidopsisCrossGenome/PolyDFE/fpkmpolcounts17_1120703.3763524_PolyDFE.input does not contain divergence counts. Using option -w.
---- No mutation variability. Using Poisson likelihood.


---- Calculating initial values

-- Starting local optimization
-- Optimizing all parameters
  it        eps_an     theta_bar           S_d             b           p_b           S_b           r 2           r 3           r 4           r 5           r 6           r 7           r 8           r 9          r 10          r 11          r 12          r 13          r 14          r 15          r 16          r 17          r 18          r 19          r 20          r 21          r 22          r 23          r 24          r 25          r 26          r 27          r 28          r 29          r 30          r 31          r 32          r 33          r 34          r 35          r 36          r 37          r 38          r 39          r 40          r 41          r 42          r 43          r 44          r 45          r 46          r 47          r 48          r 49           ln lk          grad status 
   0           0.1 0.00961905192        -20000         0.406           0.1            20 0.77657493152 0.70236076692 0.80344332855 0.54910656058 0.76848832659 0.52954219381 0.71683839833 0.65853658536 0.67170992565 0.72883787661 0.61040824311 0.62905960610 0.64823268553 0.87452719446 0.63440719968 0.64523281596 0.85926698839 0.97639233076 0.75648884831 0.83265944958 1.06169296987 0.86996217555 0.86709273509 1.10864745011 0.85796269727 1.02125994521 1.05908438763 0.96830572583 1.13473327246 1.39898265292 1.39402634668 1.28694404591 0.78048780487 1.20059997391 1.47906612755 1.44293726359 1.53645493674 1.68879613929 2.06077996608 2.18716577540 2.31720359984 2.35554975870 2.51362984218 2.68814399373 3.47984870223 4.38307030129 5.46550149993             1 -2238.793412315 26.2651843164   -2 
 528 0.00530176514 0.00824136387 -708.46280011 0.31206767234 0.00022268932 0.56981473949 0.79443183488 0.77984494150 0.83594124236 0.65413303051 0.82999303428 0.59859046462 0.79032725908 0.70625685160 0.65267823283 0.74220387362 0.71326686339 0.68421560898 0.64950126385 0.70133589611 0.58615116718 0.62524863360 0.77514405153 0.76464268481 0.59479373081 0.82146943059 0.99995128550 0.78232048596 0.80080754318 0.95414117375 0.87399765659 0.88933546583 0.85713168926 0.93745210163 0.92659443265 1.08221469945 1.11962014477 1.21164918162 0.67703553668 1.09193269003 1.30046353135 1.21827171682 1.19083584563 1.34983650007 1.61642054435 2.02426828833 1.69529454335 1.95296260044 1.66313099486 2.33133274463 2.92699515410 2.98359679963 3.61859188737 3.62424888754 -297.0325890527 0.00099814798   -3 
-- Local optimization: stuck in the same solution
---- Best joint likelihood found -297.032589052782441 with gradient 0.00100

---- Results for /home/jejames/ArabidopsisCrossGenome/PolyDFE/fpkmpolcounts17_1120703.3763524_PolyDFE.input 
--  Model: C
--        eps_an     theta_bar             a 
-- 0.00530176514 0.00824136387            -1 
--           S_d             b           p_b           S_b 
-- -708.46280011 0.31206767234 0.00022268932 0.56981473949 
--           r 2           r 3           r 4           r 5           r 6           r 7           r 8           r 9          r 10          r 11          r 12          r 13          r 14          r 15          r 16          r 17          r 18          r 19          r 20          r 21          r 22          r 23          r 24          r 25          r 26          r 27          r 28          r 29          r 30          r 31          r 32          r 33          r 34          r 35          r 36          r 37          r 38          r 39          r 40          r 41          r 42          r 43          r 44          r 45          r 46          r 47          r 48          r 49 
-- 0.79443183488 0.77984494150 0.83594124236 0.65413303051 0.82999303428 0.59859046462 0.79032725908 0.70625685160 0.65267823283 0.74220387362 0.71326686339 0.68421560898 0.64950126385 0.70133589611 0.58615116718 0.62524863360 0.77514405153 0.76464268481 0.59479373081 0.82146943059 0.99995128550 0.78232048596 0.80080754318 0.95414117375 0.87399765659 0.88933546583 0.85713168926 0.93745210163 0.92659443265 1.08221469945 1.11962014477 1.21164918162 0.67703553668 1.09193269003 1.30046353135 1.21827171682 1.19083584563 1.34983650007 1.61642054435 2.02426828833 1.69529454335 1.95296260044 1.66313099486 2.33133274463 2.92699515410 2.98359679963 3.61859188737 3.62424888754 

---- Expected P_neut(i), 0 < i < n (neutral SFS per site) 
E[P_neut(1)] = 0.0082009019
E[P_neut(2)] = 0.0032595390
E[P_neut(3)] = 0.0021337442
E[P_neut(4)] = 0.0017159729
E[P_neut(5)] = 0.0010747370
E[P_neut(6)] = 0.0011356531
E[P_neut(7)] = 0.0007029912
E[P_neut(8)] = 0.0008116189
E[P_neut(9)] = 0.0006454529
E[P_neut(10)] = 0.0005368098
E[P_neut(11)] = 0.0005546343
E[P_neut(12)] = 0.0004886298
E[P_neut(13)] = 0.0004328982
E[P_neut(14)] = 0.0003818925
E[P_neut(15)] = 0.0003846512
E[P_neut(16)] = 0.0003011872
E[P_neut(17)] = 0.0003031091
E[P_neut(18)] = 0.0003545496
E[P_neut(19)] = 0.0003314353
E[P_neut(20)] = 0.0002451457
E[P_neut(21)] = 0.0003220856
E[P_neut(22)] = 0.0003739408
E[P_neut(23)] = 0.0002802742
E[P_neut(24)] = 0.0002750003
E[P_neut(25)] = 0.0003145370
E[P_neut(26)] = 0.0002770250
E[P_neut(27)] = 0.0002715039
E[P_neut(28)] = 0.0002529318
E[P_neut(29)] = 0.0002667065
E[P_neut(30)] = 0.0002544966
E[P_neut(31)] = 0.0002879403
E[P_neut(32)] = 0.0002887028
E[P_neut(33)] = 0.0003025979
E[P_neut(34)] = 0.0001648393
E[P_neut(35)] = 0.0002577945
E[P_neut(36)] = 0.0002981596
E[P_neut(37)] = 0.0002722183
E[P_neut(38)] = 0.0002594939
E[P_neut(39)] = 0.0002866793
E[P_neut(40)] = 0.0003341239
E[P_neut(41)] = 0.0004081674
E[P_neut(42)] = 0.0003352086
E[P_neut(43)] = 0.0003760560
E[P_neut(44)] = 0.0003159033
E[P_neut(45)] = 0.0004304162
E[P_neut(46)] = 0.0005307518
E[P_neut(47)] = 0.0005317526
E[P_neut(48)] = 0.0006353563
E[P_neut(49)] = 0.0006500284

---- Expected P_sel(i), 0 < i < n (selected SFS per site) 
E[P_sel(1)] = 0.0031271368
E[P_sel(2)] = 0.0009093347
E[P_sel(3)] = 0.0005094409
E[P_sel(4)] = 0.0003705687
E[P_sel(5)] = 0.0002156711
E[P_sel(6)] = 0.0002152672
E[P_sel(7)] = 0.0001270792
E[P_sel(8)] = 0.0001410533
E[P_sel(9)] = 0.0001083596
E[P_sel(10)] = 0.0000874540
E[P_sel(11)] = 0.0000879842
E[P_sel(12)] = 0.0000756631
E[P_sel(13)] = 0.0000655693
E[P_sel(14)] = 0.0000566819
E[P_sel(15)] = 0.0000560492
E[P_sel(16)] = 0.0000431433
E[P_sel(17)] = 0.0000427106
E[P_sel(18)] = 0.0000492219
E[P_sel(19)] = 0.0000453663
E[P_sel(20)] = 0.0000331084
E[P_sel(21)] = 0.0000429595
E[P_sel(22)] = 0.0000492854
E[P_sel(23)] = 0.0000365194
E[P_sel(24)] = 0.0000354460
E[P_sel(25)] = 0.0000401248
E[P_sel(26)] = 0.0000349912
E[P_sel(27)] = 0.0000339701
E[P_sel(28)] = 0.0000313640
E[P_sel(29)] = 0.0000327812
E[P_sel(30)] = 0.0000310139
E[P_sel(31)] = 0.0000348094
E[P_sel(32)] = 0.0000346315
E[P_sel(33)] = 0.0000360169
E[P_sel(34)] = 0.0000194950
E[P_sel(35)] = 0.0000302636
E[P_sel(36)] = 0.0000347545
E[P_sel(37)] = 0.0000315379
E[P_sel(38)] = 0.0000298902
E[P_sel(39)] = 0.0000328258
E[P_sel(40)] = 0.0000380072
E[P_sel(41)] = 0.0000461633
E[P_sel(42)] = 0.0000377977
E[P_sel(43)] = 0.0000421185
E[P_sel(44)] = 0.0000354401
E[P_sel(45)] = 0.0000478908
E[P_sel(46)] = 0.0000590713
E[P_sel(47)] = 0.0000593748
E[P_sel(48)] = 0.0000717836
E[P_sel(49)] = 0.0000820068

---- alpha_dfe = 0.002788

