---- Running command
---- ./polyDFE -d /home/jejames/ArabidopsisCrossGenome/PolyDFE/fpkmpolcounts1_564.553186829096_PolyDFE.input -m C -i /home/jejames/ArabidopsisCrossGenome/model.txt 1 -e 
---- Performing inference using model C

---- Performing inference on /home/jejames/ArabidopsisCrossGenome/PolyDFE/fpkmpolcounts1_564.553186829096_PolyDFE.input
----      with -i /home/jejames/ArabidopsisCrossGenome/model.txt 1
---- Data /home/jejames/ArabidopsisCrossGenome/PolyDFE/fpkmpolcounts1_564.553186829096_PolyDFE.input does not contain divergence counts. Using option -w.
---- No mutation variability. Using Poisson likelihood.


---- Calculating initial values

-- Starting local optimization
-- Optimizing all parameters
  it        eps_an     theta_bar           S_d             b           p_b           S_b           r 2           r 3           r 4           r 5           r 6           r 7           r 8           r 9          r 10          r 11          r 12          r 13          r 14          r 15          r 16          r 17          r 18          r 19          r 20          r 21          r 22          r 23          r 24          r 25          r 26          r 27          r 28          r 29          r 30          r 31          r 32          r 33          r 34          r 35          r 36          r 37          r 38          r 39          r 40          r 41          r 42          r 43          r 44          r 45          r 46          r 47          r 48          r 49           ln lk          grad status 
   0           0.1 0.01054366027        -20000         0.208           0.1            20 0.86188112819 0.63406367267 0.62268490497 0.52899164750 0.57595932695 0.62280595569 0.63817939716 0.67219464955 0.58951700762 0.62583222370 0.51858128555 0.76637210991 0.53552838639 0.57014889238 0.68950490255 0.88693862728 0.54908606706 0.57729088488 0.68514707662 0.67618932332 0.60452729693 0.81854497034 0.99648952911 1.21050720251 0.90328047451 0.80401888391 0.95920590727 1.10228785861 0.53383367631 0.97191623290 1.03813097687 1.11451398135 1.00423677520 1.12698220554 1.23762256385 1.35709962474 1.16378162450 1.46350320784 1.07977242464 1.75196707420 2.08957753298 1.53552838639 2.22103861517 2.32054230722 2.97348989226 3.83464471613 6.27526933785             1 -2983.856301662 20.7830586285   -2 
 699 0.00857011517 0.00917390580 -25.208234421 0.37004250309 0.00022957251 0.29188031073 0.80143030502 0.72319617304 0.59848607505 0.62324071813 0.63505482565 0.64631315616 0.60042119264 0.64153504073 0.54834486831 0.65726252332 0.48089553291 0.67642589702 0.52079657761 0.60282278139 0.67103505486 0.80806070344 0.63972255500 0.60756127958 0.77724261130 0.53375018980 0.60284154762 0.68870107765 0.82093283566 0.93938521124 0.76916187646 0.66747487092 0.95776545530 0.94413144606 0.80853682646 0.81294287031 0.84243668016 0.82209760027 0.90166082874 0.89939344681 0.89558789491 1.11696922881 1.11904531802 1.29810609095 1.02201874548 1.45086080106 1.42839920615 1.47477083087 1.66340647085 1.87304071353 2.31988685556 2.69128347095 3.46589492965 3.25993839561 -312.7824170394 0.00008184758    0 
---- Best joint likelihood found -312.782417039482766 with gradient 0.00008

---- Results for /home/jejames/ArabidopsisCrossGenome/PolyDFE/fpkmpolcounts1_564.553186829096_PolyDFE.input 
--  Model: C
--        eps_an     theta_bar             a 
-- 0.00857011517 0.00917390580            -1 
--           S_d             b           p_b           S_b 
-- -25.208234421 0.37004250309 0.00022957251 0.29188031073 
--           r 2           r 3           r 4           r 5           r 6           r 7           r 8           r 9          r 10          r 11          r 12          r 13          r 14          r 15          r 16          r 17          r 18          r 19          r 20          r 21          r 22          r 23          r 24          r 25          r 26          r 27          r 28          r 29          r 30          r 31          r 32          r 33          r 34          r 35          r 36          r 37          r 38          r 39          r 40          r 41          r 42          r 43          r 44          r 45          r 46          r 47          r 48          r 49 
-- 0.80143030502 0.72319617304 0.59848607505 0.62324071813 0.63505482565 0.64631315616 0.60042119264 0.64153504073 0.54834486831 0.65726252332 0.48089553291 0.67642589702 0.52079657761 0.60282278139 0.67103505486 0.80806070344 0.63972255500 0.60756127958 0.77724261130 0.53375018980 0.60284154762 0.68870107765 0.82093283566 0.93938521124 0.76916187646 0.66747487092 0.95776545530 0.94413144606 0.80853682646 0.81294287031 0.84243668016 0.82209760027 0.90166082874 0.89939344681 0.89558789491 1.11696922881 1.11904531802 1.29810609095 1.02201874548 1.45086080106 1.42839920615 1.47477083087 1.66340647085 1.87304071353 2.31988685556 2.69128347095 3.46589492965 3.25993839561 

---- Expected P_neut(i), 0 < i < n (neutral SFS per site) 
E[P_neut(1)] = 0.0091005150
E[P_neut(2)] = 0.0036502952
E[P_neut(3)] = 0.0021970603
E[P_neut(4)] = 0.0013648153
E[P_neut(5)] = 0.0011369828
E[P_neut(6)] = 0.0009656396
E[P_neut(7)] = 0.0008424682
E[P_neut(8)] = 0.0006852991
E[P_neut(9)] = 0.0006511092
E[P_neut(10)] = 0.0005007441
E[P_neut(11)] = 0.0005460705
E[P_neut(12)] = 0.0003668054
E[P_neut(13)] = 0.0004756262
E[P_neut(14)] = 0.0003402983
E[P_neut(15)] = 0.0003675433
E[P_neut(16)] = 0.0003835384
E[P_neut(17)] = 0.0004342846
E[P_neut(18)] = 0.0003253175
E[P_neut(19)] = 0.0002929009
E[P_neut(20)] = 0.0003555811
E[P_neut(21)] = 0.0002337315
E[P_neut(22)] = 0.0002519173
E[P_neut(23)] = 0.0002742885
E[P_neut(24)] = 0.0003134349
E[P_neut(25)] = 0.0003447133
E[P_neut(26)] = 0.0002717564
E[P_neut(27)] = 0.0002272014
E[P_neut(28)] = 0.0003132668
E[P_neut(29)] = 0.0002981067
E[P_neut(30)] = 0.0002481845
E[P_neut(31)] = 0.0002410285
E[P_neut(32)] = 0.0002422380
E[P_neut(33)] = 0.0002303193
E[P_neut(34)] = 0.0002444992
E[P_neut(35)] = 0.0002368808
E[P_neut(36)] = 0.0002291921
E[P_neut(37)] = 0.0002786626
E[P_neut(38)] = 0.0002709938
E[P_neut(39)] = 0.0003074322
E[P_neut(40)] = 0.0002366999
E[P_neut(41)] = 0.0003274577
E[P_neut(42)] = 0.0003152269
E[P_neut(43)] = 0.0003192001
E[P_neut(44)] = 0.0003521659
E[P_neut(45)] = 0.0003883742
E[P_neut(46)] = 0.0004704598
E[P_neut(47)] = 0.0005397612
E[P_neut(48)] = 0.0006882402
E[P_neut(49)] = 0.0006837248

---- Expected P_sel(i), 0 < i < n (selected SFS per site) 
E[P_sel(1)] = 0.0071412066
E[P_sel(2)] = 0.0024387261
E[P_sel(3)] = 0.0013089633
E[P_sel(4)] = 0.0007453036
E[P_sel(5)] = 0.0005795840
E[P_sel(6)] = 0.0004650625
E[P_sel(7)] = 0.0003867180
E[P_sel(8)] = 0.0003017216
E[P_sel(9)] = 0.0002763911
E[P_sel(10)] = 0.0002058104
E[P_sel(11)] = 0.0002179424
E[P_sel(12)] = 0.0001425132
E[P_sel(13)] = 0.0001804441
E[P_sel(14)] = 0.0001262336
E[P_sel(15)] = 0.0001335620
E[P_sel(16)] = 0.0001367214
E[P_sel(17)] = 0.0001520757
E[P_sel(18)] = 0.0001119750
E[P_sel(19)] = 0.0000992174
E[P_sel(20)] = 0.0001186684
E[P_sel(21)] = 0.0000768642
E[P_sel(22)] = 0.0000817397
E[P_sel(23)] = 0.0000878801
E[P_sel(24)] = 0.0000991934
E[P_sel(25)] = 0.0001078165
E[P_sel(26)] = 0.0000840502
E[P_sel(27)] = 0.0000695201
E[P_sel(28)] = 0.0000948468
E[P_sel(29)] = 0.0000893561
E[P_sel(30)] = 0.0000737296
E[P_sel(31)] = 0.0000709309
E[P_sel(32)] = 0.0000706709
E[P_sel(33)] = 0.0000666894
E[P_sel(34)] = 0.0000701775
E[P_sel(35)] = 0.0000674535
E[P_sel(36)] = 0.0000647565
E[P_sel(37)] = 0.0000782091
E[P_sel(38)] = 0.0000754309
E[P_sel(39)] = 0.0000851241
E[P_sel(40)] = 0.0000652133
E[P_sel(41)] = 0.0000896226
E[P_sel(42)] = 0.0000858676
E[P_sel(43)] = 0.0000867404
E[P_sel(44)] = 0.0000953420
E[P_sel(45)] = 0.0001049091
E[P_sel(46)] = 0.0001267231
E[P_sel(47)] = 0.0001470421
E[P_sel(48)] = 0.0001912008
E[P_sel(49)] = 0.0002175505

---- alpha_dfe = 0.001046

