---- Running command
---- ./polyDFE -d /home/jejames/ArabidopsisCrossGenome/PolyDFE/fpkmpolcounts13_444765.639958674_PolyDFE.input -m C -i /home/jejames/ArabidopsisCrossGenome/model.txt 1 -e 
---- Performing inference using model C

---- Performing inference on /home/jejames/ArabidopsisCrossGenome/PolyDFE/fpkmpolcounts13_444765.639958674_PolyDFE.input
----      with -i /home/jejames/ArabidopsisCrossGenome/model.txt 1
---- Data /home/jejames/ArabidopsisCrossGenome/PolyDFE/fpkmpolcounts13_444765.639958674_PolyDFE.input does not contain divergence counts. Using option -w.
---- No mutation variability. Using Poisson likelihood.


---- Calculating initial values

-- Starting local optimization
-- Optimizing all parameters
  it        eps_an     theta_bar           S_d             b           p_b           S_b           r 2           r 3           r 4           r 5           r 6           r 7           r 8           r 9          r 10          r 11          r 12          r 13          r 14          r 15          r 16          r 17          r 18          r 19          r 20          r 21          r 22          r 23          r 24          r 25          r 26          r 27          r 28          r 29          r 30          r 31          r 32          r 33          r 34          r 35          r 36          r 37          r 38          r 39          r 40          r 41          r 42          r 43          r 44          r 45          r 46          r 47          r 48          r 49           ln lk          grad status 
   0           0.1 0.00881978482        -80000         0.208           0.1            20 0.93878556472 0.81253848996 0.71240300529 0.65833230693 0.62815617686 0.55092991747 0.52715851705 0.56755758098 0.57149895307 0.76142382066 0.50400295602 0.77337110481 0.57938169725 0.58381574085 0.41187338342 0.72447345732 0.57642566818 0.71141766227 0.67495997043 0.66215051114 0.47419632959 0.66288951841 0.71535903436 0.52346348072 0.82621012439 0.61854908239 0.74147062446 0.80009853430 1.13068111836 0.97746027835 0.70944697622 1.27626554994 0.84172927700 1.22428870550 1.34794925483 1.58135238329 1.25902204705 1.62359896538 0.86710185983 1.45436630126 1.73297204089 2.07082152974 2.43872398078 2.77681980539 3.02549575070 3.88434536272 6.02438723980             1 -2130.615394213 30.2180977200   -2 
1165 0.00637123357 0.00798980694 -1010.8793537 0.23820016143 0.00018314117 0.51950573597 0.86455365418 0.74630638459 0.67406114472 0.63664279710 0.69964027566 0.55015780769 0.62118671142 0.57424343242 0.52874508388 0.70425192990 0.54366870337 0.63792709363 0.60364561821 0.52052725107 0.45609602956 0.59677100458 0.64700242006 0.64048351918 0.65281776561 0.53785696145 0.45998428280 0.51128279778 0.65058244723 0.66528229706 0.75766620031 0.54205470784 0.70176929208 0.74599316866 0.86527253508 0.72339302786 0.54920177048 0.87666316704 0.77919525690 0.86855312324 0.93847861988 1.17466264695 1.01793758482 1.21431316711 0.79443108988 1.09919662701 1.36359703816 1.39916177279 1.72918159495 1.96826341612 1.76555612879 2.84827592142 3.35617467117 3.53883004093 -298.2840592605 0.00011557488   -8 
-- Local optimization: reached maximum number of likelihood evaluations allowed.
---- Best joint likelihood found -298.284059260562401 with gradient 0.00012

---- Results for /home/jejames/ArabidopsisCrossGenome/PolyDFE/fpkmpolcounts13_444765.639958674_PolyDFE.input 
--  Model: C
--        eps_an     theta_bar             a 
-- 0.00637123357 0.00798980694            -1 
--           S_d             b           p_b           S_b 
-- -1010.8793537 0.23820016143 0.00018314117 0.51950573597 
--           r 2           r 3           r 4           r 5           r 6           r 7           r 8           r 9          r 10          r 11          r 12          r 13          r 14          r 15          r 16          r 17          r 18          r 19          r 20          r 21          r 22          r 23          r 24          r 25          r 26          r 27          r 28          r 29          r 30          r 31          r 32          r 33          r 34          r 35          r 36          r 37          r 38          r 39          r 40          r 41          r 42          r 43          r 44          r 45          r 46          r 47          r 48          r 49 
-- 0.86455365418 0.74630638459 0.67406114472 0.63664279710 0.69964027566 0.55015780769 0.62118671142 0.57424343242 0.52874508388 0.70425192990 0.54366870337 0.63792709363 0.60364561821 0.52052725107 0.45609602956 0.59677100458 0.64700242006 0.64048351918 0.65281776561 0.53785696145 0.45998428280 0.51128279778 0.65058244723 0.66528229706 0.75766620031 0.54205470784 0.70176929208 0.74599316866 0.86527253508 0.72339302786 0.54920177048 0.87666316704 0.77919525690 0.86855312324 0.93847861988 1.17466264695 1.01793758482 1.21431316711 0.79443108988 1.09919662701 1.36359703816 1.39916177279 1.72918159495 1.96826341612 1.76555612879 2.84827592142 3.35617467117 3.53883004093 

---- Expected P_neut(i), 0 < i < n (neutral SFS per site) 
E[P_neut(1)] = 0.0079425784
E[P_neut(2)] = 0.0034353627
E[P_neut(3)] = 0.0019780360
E[P_neut(4)] = 0.0013397802
E[P_neut(5)] = 0.0010130755
E[P_neut(6)] = 0.0009277298
E[P_neut(7)] = 0.0006256062
E[P_neut(8)] = 0.0006180953
E[P_neut(9)] = 0.0005079050
E[P_neut(10)] = 0.0004207766
E[P_neut(11)] = 0.0005098565
E[P_neut(12)] = 0.0003610413
E[P_neut(13)] = 0.0003911885
E[P_neut(14)] = 0.0003436330
E[P_neut(15)] = 0.0002767576
E[P_neut(16)] = 0.0002274730
E[P_neut(17)] = 0.0002800409
E[P_neut(18)] = 0.0002862341
E[P_neut(19)] = 0.0002688056
E[P_neut(20)] = 0.0002606010
E[P_neut(21)] = 0.0002046425
E[P_neut(22)] = 0.0001672654
E[P_neut(23)] = 0.0001775013
E[P_neut(24)] = 0.0002166880
E[P_neut(25)] = 0.0002126191
E[P_neut(26)] = 0.0002327275
E[P_neut(27)] = 0.0001605138
E[P_neut(28)] = 0.0002000385
E[P_neut(29)] = 0.0002055233
E[P_neut(30)] = 0.0002306387
E[P_neut(31)] = 0.0001869723
E[P_neut(32)] = 0.0001380816
E[P_neut(33)] = 0.0002126883
E[P_neut(34)] = 0.0001833909
E[P_neut(35)] = 0.0001987767
E[P_neut(36)] = 0.0002091529
E[P_neut(37)] = 0.0002545394
E[P_neut(38)] = 0.0002149723
E[P_neut(39)] = 0.0002504466
E[P_neut(40)] = 0.0001603643
E[P_neut(41)] = 0.0002160874
E[P_neut(42)] = 0.0002617018
E[P_neut(43)] = 0.0002623219
E[P_neut(44)] = 0.0003179314
E[P_neut(45)] = 0.0003537228
E[P_neut(46)] = 0.0003132865
E[P_neut(47)] = 0.0004937738
E[P_neut(48)] = 0.0005770955
E[P_neut(49)] = 0.0006242605

---- Expected P_sel(i), 0 < i < n (selected SFS per site) 
E[P_sel(1)] = 0.0032851201
E[P_sel(2)] = 0.0011157210
E[P_sel(3)] = 0.0005710073
E[P_sel(4)] = 0.0003585717
E[P_sel(5)] = 0.0002564641
E[P_sel(6)] = 0.0002248910
E[P_sel(7)] = 0.0001463324
E[P_sel(8)] = 0.0001402942
E[P_sel(9)] = 0.0001123260
E[P_sel(10)] = 0.0000909603
E[P_sel(11)] = 0.0001079750
E[P_sel(12)] = 0.0000750571
E[P_sel(13)] = 0.0000799712
E[P_sel(14)] = 0.0000691844
E[P_sel(15)] = 0.0000549315
E[P_sel(16)] = 0.0000445572
E[P_sel(17)] = 0.0000541892
E[P_sel(18)] = 0.0000547664
E[P_sel(19)] = 0.0000508721
E[P_sel(20)] = 0.0000488150
E[P_sel(21)] = 0.0000379640
E[P_sel(22)] = 0.0000307463
E[P_sel(23)] = 0.0000323482
E[P_sel(24)] = 0.0000391629
E[P_sel(25)] = 0.0000381247
E[P_sel(26)] = 0.0000414150
E[P_sel(27)] = 0.0000283582
E[P_sel(28)] = 0.0000350926
E[P_sel(29)] = 0.0000358152
E[P_sel(30)] = 0.0000399355
E[P_sel(31)] = 0.0000321802
E[P_sel(32)] = 0.0000236356
E[P_sel(33)] = 0.0000361753
E[P_sel(34)] = 0.0000310160
E[P_sel(35)] = 0.0000334427
E[P_sel(36)] = 0.0000350169
E[P_sel(37)] = 0.0000423962
E[P_sel(38)] = 0.0000356408
E[P_sel(39)] = 0.0000413560
E[P_sel(40)] = 0.0000263956
E[P_sel(41)] = 0.0000353993
E[P_sel(42)] = 0.0000427026
E[P_sel(43)] = 0.0000426458
E[P_sel(44)] = 0.0000515944
E[P_sel(45)] = 0.0000572231
E[P_sel(46)] = 0.0000508656
E[P_sel(47)] = 0.0000800293
E[P_sel(48)] = 0.0000949115
E[P_sel(49)] = 0.0001113532

---- alpha_dfe = 0.001527

