---- Running command
---- ./polyDFE -d /home/jejames/ArabidopsisCrossGenome/PolyDFE/fpkmpolcounts14_552808.939348135_PolyDFE.input -m C -i /home/jejames/ArabidopsisCrossGenome/model.txt 1 -e 
---- Performing inference using model C

---- Performing inference on /home/jejames/ArabidopsisCrossGenome/PolyDFE/fpkmpolcounts14_552808.939348135_PolyDFE.input
----      with -i /home/jejames/ArabidopsisCrossGenome/model.txt 1
---- Data /home/jejames/ArabidopsisCrossGenome/PolyDFE/fpkmpolcounts14_552808.939348135_PolyDFE.input does not contain divergence counts. Using option -w.
---- No mutation variability. Using Poisson likelihood.


---- Calculating initial values

-- Starting local optimization
-- Optimizing all parameters
  it        eps_an     theta_bar           S_d             b           p_b           S_b           r 2           r 3           r 4           r 5           r 6           r 7           r 8           r 9          r 10          r 11          r 12          r 13          r 14          r 15          r 16          r 17          r 18          r 19          r 20          r 21          r 22          r 23          r 24          r 25          r 26          r 27          r 28          r 29          r 30          r 31          r 32          r 33          r 34          r 35          r 36          r 37          r 38          r 39          r 40          r 41          r 42          r 43          r 44          r 45          r 46          r 47          r 48          r 49           ln lk          grad status 
   0           0.1 0.00868220342        -60000         0.208           0.1            20 0.81702745192 0.79271979683 0.65546015237 0.53271254081 0.70238239206 0.58072318297 0.61531019470 0.58338372233 0.59620268472 0.60527270528 0.60515177167 0.69016809771 0.57056475994 0.43536098681 0.62885475873 0.55508525819 0.67263272463 0.52847986455 0.65787882452 0.59426774700 0.63320836860 0.79550126980 0.56306687628 1.02793566332 0.71060587737 0.82936267988 1.02261458459 0.93288184786 1.04486636836 1.16217196758 0.85524247188 0.75825371870 1.17184665618 1.35445640343 1.36267988874 1.57056475994 1.43838432700 1.20268472608 1.33994437054 1.30898536703 1.44249606965 2.15286007981 2.08586286128 2.22578304510 2.86491716047 4.00713508283 5.11984520498             1 -2142.798475078 28.2140230795   -2 
 713 0.00966464670 0.00752129498 -435.73691713 0.28236273750 0.00007901334 0.42294137665 0.86367479071 0.78001867876 0.72204787481 0.66690895622 0.66141305792 0.67730702690 0.62818434983 0.57503432376 0.60717368555 0.62464057495 0.66694417012 0.69841039703 0.46556815389 0.47543186752 0.61834885221 0.53764834054 0.59470478931 0.55937038973 0.69145883241 0.51970989782 0.72710489967 0.69125291555 0.54363693815 0.80449150412 0.50976457558 0.75477229470 0.82073773777 0.87414107249 0.94307441354 0.93894261156 0.69943697470 0.68050120390 0.90167771514 1.09444259385 1.03335673533 1.13008081762 1.18709925924 1.06438735308 1.01300338715 0.95688136349 1.36600684775 1.59648651526 1.27609525087 1.77268493810 2.06494666856 2.29102704076 3.18846024056 4.14649855817 -300.8352317883 0.00030844918   -8 
-- Local optimization: reached maximum number of likelihood evaluations allowed.
---- Best joint likelihood found -300.835231788305634 with gradient 0.00031

---- Results for /home/jejames/ArabidopsisCrossGenome/PolyDFE/fpkmpolcounts14_552808.939348135_PolyDFE.input 
--  Model: C
--        eps_an     theta_bar             a 
-- 0.00966464670 0.00752129498            -1 
--           S_d             b           p_b           S_b 
-- -435.73691713 0.28236273750 0.00007901334 0.42294137665 
--           r 2           r 3           r 4           r 5           r 6           r 7           r 8           r 9          r 10          r 11          r 12          r 13          r 14          r 15          r 16          r 17          r 18          r 19          r 20          r 21          r 22          r 23          r 24          r 25          r 26          r 27          r 28          r 29          r 30          r 31          r 32          r 33          r 34          r 35          r 36          r 37          r 38          r 39          r 40          r 41          r 42          r 43          r 44          r 45          r 46          r 47          r 48          r 49 
-- 0.86367479071 0.78001867876 0.72204787481 0.66690895622 0.66141305792 0.67730702690 0.62818434983 0.57503432376 0.60717368555 0.62464057495 0.66694417012 0.69841039703 0.46556815389 0.47543186752 0.61834885221 0.53764834054 0.59470478931 0.55937038973 0.69145883241 0.51970989782 0.72710489967 0.69125291555 0.54363693815 0.80449150412 0.50976457558 0.75477229470 0.82073773777 0.87414107249 0.94307441354 0.93894261156 0.69943697470 0.68050120390 0.90167771514 1.09444259385 1.03335673533 1.13008081762 1.18709925924 1.06438735308 1.01300338715 0.95688136349 1.36600684775 1.59648651526 1.27609525087 1.77268493810 2.06494666856 2.29102704076 3.18846024056 4.14649855817 

---- Expected P_neut(i), 0 < i < n (neutral SFS per site) 
E[P_neut(1)] = 0.0074547556
E[P_neut(2)] = 0.0032214145
E[P_neut(3)] = 0.0019402268
E[P_neut(4)] = 0.0013478253
E[P_neut(5)] = 0.0009963717
E[P_neut(6)] = 0.0008232089
E[P_neut(7)] = 0.0007234120
E[P_neut(8)] = 0.0005872513
E[P_neut(9)] = 0.0004776080
E[P_neut(10)] = 0.0004541006
E[P_neut(11)] = 0.0004249566
E[P_neut(12)] = 0.0004162544
E[P_neut(13)] = 0.0004023881
E[P_neut(14)] = 0.0002497889
E[P_neut(15)] = 0.0002383599
E[P_neut(16)] = 0.0002897925
E[P_neut(17)] = 0.0002370713
E[P_neut(18)] = 0.0002476844
E[P_neut(19)] = 0.0002214927
E[P_neut(20)] = 0.0002598053
E[P_neut(21)] = 0.0001865298
E[P_neut(22)] = 0.0002483087
E[P_neut(23)] = 0.0002258959
E[P_neut(24)] = 0.0001701475
E[P_neut(25)] = 0.0002420327
E[P_neut(26)] = 0.0001476863
E[P_neut(27)] = 0.0002104069
E[P_neut(28)] = 0.0002207364
E[P_neut(29)] = 0.0002263207
E[P_neut(30)] = 0.0002366661
E[P_neut(31)] = 0.0002277469
E[P_neut(32)] = 0.0001652088
E[P_neut(33)] = 0.0001558985
E[P_neut(34)] = 0.0002003457
E[P_neut(35)] = 0.0002352202
E[P_neut(36)] = 0.0002162247
E[P_neut(37)] = 0.0002314059
E[P_neut(38)] = 0.0002367304
E[P_neut(39)] = 0.0002074150
E[P_neut(40)] = 0.0001930501
E[P_neut(41)] = 0.0001784842
E[P_neut(42)] = 0.0002479661
E[P_neut(43)] = 0.0002835822
E[P_neut(44)] = 0.0002240387
E[P_neut(45)] = 0.0003031185
E[P_neut(46)] = 0.0003474905
E[P_neut(47)] = 0.0003819842
E[P_neut(48)] = 0.0005261734
E[P_neut(49)] = 0.0007030096

---- Expected P_sel(i), 0 < i < n (selected SFS per site) 
E[P_sel(1)] = 0.0034084013
E[P_sel(2)] = 0.0011249587
E[P_sel(3)] = 0.0005902373
E[P_sel(4)] = 0.0003748023
E[P_sel(5)] = 0.0002594313
E[P_sel(6)] = 0.0002036185
E[P_sel(7)] = 0.0001714687
E[P_sel(8)] = 0.0001343079
E[P_sel(9)] = 0.0001059332
E[P_sel(10)] = 0.0000980118
E[P_sel(11)] = 0.0000895178
E[P_sel(12)] = 0.0000857805
E[P_sel(13)] = 0.0000812970
E[P_sel(14)] = 0.0000495312
E[P_sel(15)] = 0.0000464727
E[P_sel(16)] = 0.0000556594
E[P_sel(17)] = 0.0000448814
E[P_sel(18)] = 0.0000462584
E[P_sel(19)] = 0.0000408271
E[P_sel(20)] = 0.0000473243
E[P_sel(21)] = 0.0000335866
E[P_sel(22)] = 0.0000442418
E[P_sel(23)] = 0.0000398377
E[P_sel(24)] = 0.0000297153
E[P_sel(25)] = 0.0000418770
E[P_sel(26)] = 0.0000253272
E[P_sel(27)] = 0.0000357766
E[P_sel(28)] = 0.0000372283
E[P_sel(29)] = 0.0000378630
E[P_sel(30)] = 0.0000393037
E[P_sel(31)] = 0.0000375425
E[P_sel(32)] = 0.0000270621
E[P_sel(33)] = 0.0000253679
E[P_sel(34)] = 0.0000323867
E[P_sel(35)] = 0.0000377532
E[P_sel(36)] = 0.0000345042
E[P_sel(37)] = 0.0000367683
E[P_sel(38)] = 0.0000374106
E[P_sel(39)] = 0.0000326378
E[P_sel(40)] = 0.0000302628
E[P_sel(41)] = 0.0000278907
E[P_sel(42)] = 0.0000385341
E[P_sel(43)] = 0.0000439400
E[P_sel(44)] = 0.0000348324
E[P_sel(45)] = 0.0000469189
E[P_sel(46)] = 0.0000539883
E[P_sel(47)] = 0.0000601483
E[P_sel(48)] = 0.0000847430
E[P_sel(49)] = 0.0001267971

---- alpha_dfe = 0.000666

