---- Running command
---- ./polyDFE -d /home/jejames/ArabidopsisCrossGenome/PolyDFE/fpkmpolcounts20_11595177.9655843_PolyDFE.input -m C -i /home/jejames/ArabidopsisCrossGenome/model.txt 1 -e 
---- Performing inference using model C

---- Performing inference on /home/jejames/ArabidopsisCrossGenome/PolyDFE/fpkmpolcounts20_11595177.9655843_PolyDFE.input
----      with -i /home/jejames/ArabidopsisCrossGenome/model.txt 1
---- Data /home/jejames/ArabidopsisCrossGenome/PolyDFE/fpkmpolcounts20_11595177.9655843_PolyDFE.input does not contain divergence counts. Using option -w.
---- No mutation variability. Using Poisson likelihood.


---- Calculating initial values

-- Starting local optimization
-- Optimizing all parameters
  it        eps_an     theta_bar           S_d             b           p_b           S_b           r 2           r 3           r 4           r 5           r 6           r 7           r 8           r 9          r 10          r 11          r 12          r 13          r 14          r 15          r 16          r 17          r 18          r 19          r 20          r 21          r 22          r 23          r 24          r 25          r 26          r 27          r 28          r 29          r 30          r 31          r 32          r 33          r 34          r 35          r 36          r 37          r 38          r 39          r 40          r 41          r 42          r 43          r 44          r 45          r 46          r 47          r 48          r 49           ln lk          grad status 
   0           0.1 0.01086240546        -20000         0.406           0.1            20 0.83576642335 0.69946659180 0.74340258281 0.71939921392 0.70746771476 0.88040426726 0.78944413250 0.67209432902 0.66535654126 0.76431779898 0.82537900056 0.72262773722 1.04548006737 1.12015721504 0.70072992700 0.86384053902 0.93234138124 0.97613700168 0.96574957888 0.92265581134 0.67630544637 0.76193149915 0.88601909039 0.94750140370 1.04744525547 1.07636159460 1.14373947220 0.72052217855 1.58338012352 1.10527793374 1.26221224031 1.38040426726 1.56541268950 2.29927007299 1.55642897248 1.89051094890 1.76024705221 2.49087591240 1.94272880404 2.69343065693 2.39949466591 3.28354856822 2.22346996069 3.18992139247 3.07355418304 4.67756878158 5.34306569343             1 -2167.350883997 33.4079867127   -2 
 453 0.00018175485 0.00968236656 -1713.5798128 0.30892646155 0.00016666029 0.38358072857 0.80063856296 0.72666993894 0.68607652411 0.74004573280 0.63944369244 0.81993777903 0.74666232890 0.69775165377 0.66927416768 0.70685777885 0.75756245217 0.69621496105 0.90813086716 0.99158306340 0.66814989004 1.00491537577 0.89859892814 0.87058953897 0.98974014672 0.95175434136 0.57723459164 0.78732146440 0.80313695381 0.79501680307 0.78317252520 1.00754982964 1.04771435852 0.69944443456 1.23554890934 0.91798555343 1.18007923144 1.18980381115 1.50505872325 1.86927259722 1.14254720388 1.44566201905 1.38357173701 2.09844271911 1.53455614489 2.36352615868 1.80889432234 2.44693392698 1.98161433684 2.07088464758 2.50125936603 3.55691611706 3.14713501874 5.06790142030 -287.7861329250 0.00047598452   -8 
-- Local optimization: reached maximum number of likelihood evaluations allowed.
---- Best joint likelihood found -287.786132925056393 with gradient 0.00048

---- Results for /home/jejames/ArabidopsisCrossGenome/PolyDFE/fpkmpolcounts20_11595177.9655843_PolyDFE.input 
--  Model: C
--        eps_an     theta_bar             a 
-- 0.00018175485 0.00968236656            -1 
--           S_d             b           p_b           S_b 
-- -1713.5798128 0.30892646155 0.00016666029 0.38358072857 
--           r 2           r 3           r 4           r 5           r 6           r 7           r 8           r 9          r 10          r 11          r 12          r 13          r 14          r 15          r 16          r 17          r 18          r 19          r 20          r 21          r 22          r 23          r 24          r 25          r 26          r 27          r 28          r 29          r 30          r 31          r 32          r 33          r 34          r 35          r 36          r 37          r 38          r 39          r 40          r 41          r 42          r 43          r 44          r 45          r 46          r 47          r 48          r 49 
-- 0.80063856296 0.72666993894 0.68607652411 0.74004573280 0.63944369244 0.81993777903 0.74666232890 0.69775165377 0.66927416768 0.70685777885 0.75756245217 0.69621496105 0.90813086716 0.99158306340 0.66814989004 1.00491537577 0.89859892814 0.87058953897 0.98974014672 0.95175434136 0.57723459164 0.78732146440 0.80313695381 0.79501680307 0.78317252520 1.00754982964 1.04771435852 0.69944443456 1.23554890934 0.91798555343 1.18007923144 1.18980381115 1.50505872325 1.86927259722 1.14254720388 1.44566201905 1.38357173701 2.09844271911 1.53455614489 2.36352615868 1.80889432234 2.44693392698 1.98161433684 2.07088464758 2.50125936603 3.55691611706 3.14713501874 5.06790142030 

---- Expected P_neut(i), 0 < i < n (neutral SFS per site) 
E[P_neut(1)] = 0.0096807888
E[P_neut(2)] = 0.0038754489
E[P_neut(3)] = 0.0023450018
E[P_neut(4)] = 0.0016605049
E[P_neut(5)] = 0.0014328993
E[P_neut(6)] = 0.0010317797
E[P_neut(7)] = 0.0011340280
E[P_neut(8)] = 0.0009035938
E[P_neut(9)] = 0.0007506192
E[P_neut(10)] = 0.0006479655
E[P_neut(11)] = 0.0006221685
E[P_neut(12)] = 0.0006112028
E[P_neut(13)] = 0.0005185136
E[P_neut(14)] = 0.0006280028
E[P_neut(15)] = 0.0006400357
E[P_neut(16)] = 0.0004043339
E[P_neut(17)] = 0.0005723100
E[P_neut(18)] = 0.0004833417
E[P_neut(19)] = 0.0004436224
E[P_neut(20)] = 0.0004791367
E[P_neut(21)] = 0.0004387834
E[P_neut(22)] = 0.0002540650
E[P_neut(23)] = 0.0003314461
E[P_neut(24)] = 0.0003240052
E[P_neut(25)] = 0.0003079058
E[P_neut(26)] = 0.0002916583
E[P_neut(27)] = 0.0003613082
E[P_neut(28)] = 0.0003622787
E[P_neut(29)] = 0.0002335641
E[P_neut(30)] = 0.0003987825
E[P_neut(31)] = 0.0002867470
E[P_neut(32)] = 0.0003570842
E[P_neut(33)] = 0.0003491350
E[P_neut(34)] = 0.0004285994
E[P_neut(35)] = 0.0005171361
E[P_neut(36)] = 0.0003073517
E[P_neut(37)] = 0.0003783344
E[P_neut(38)] = 0.0003525799
E[P_neut(39)] = 0.0005209900
E[P_neut(40)] = 0.0003715036
E[P_neut(41)] = 0.0005581942
E[P_neut(42)] = 0.0004170975
E[P_neut(43)] = 0.0005510853
E[P_neut(44)] = 0.0004361700
E[P_neut(45)] = 0.0004457587
E[P_neut(46)] = 0.0005266868
E[P_neut(47)] = 0.0007330455
E[P_neut(48)] = 0.0006354165
E[P_neut(49)] = 0.0010029917

---- Expected P_sel(i), 0 < i < n (selected SFS per site) 
E[P_sel(1)] = 0.0028989964
E[P_sel(2)] = 0.0008355393
E[P_sel(3)] = 0.0004322933
E[P_sel(4)] = 0.0002769690
E[P_sel(5)] = 0.0002222150
E[P_sel(6)] = 0.0001511461
E[P_sel(7)] = 0.0001585560
E[P_sel(8)] = 0.0001214613
E[P_sel(9)] = 0.0000975241
E[P_sel(10)] = 0.0000817093
E[P_sel(11)] = 0.0000763936
E[P_sel(12)] = 0.0000732687
E[P_sel(13)] = 0.0000608152
E[P_sel(14)] = 0.0000721988
E[P_sel(15)] = 0.0000722355
E[P_sel(16)] = 0.0000448584
E[P_sel(17)] = 0.0000624888
E[P_sel(18)] = 0.0000519905
E[P_sel(19)] = 0.0000470513
E[P_sel(20)] = 0.0000501473
E[P_sel(21)] = 0.0000453502
E[P_sel(22)] = 0.0000259469
E[P_sel(23)] = 0.0000334675
E[P_sel(24)] = 0.0000323636
E[P_sel(25)] = 0.0000304385
E[P_sel(26)] = 0.0000285477
E[P_sel(27)] = 0.0000350300
E[P_sel(28)] = 0.0000348041
E[P_sel(29)] = 0.0000222422
E[P_sel(30)] = 0.0000376544
E[P_sel(31)] = 0.0000268549
E[P_sel(32)] = 0.0000331784
E[P_sel(33)] = 0.0000321926
E[P_sel(34)] = 0.0000392267
E[P_sel(35)] = 0.0000469911
E[P_sel(36)] = 0.0000277353
E[P_sel(37)] = 0.0000339089
E[P_sel(38)] = 0.0000313938
E[P_sel(39)] = 0.0000460910
E[P_sel(40)] = 0.0000326631
E[P_sel(41)] = 0.0000487782
E[P_sel(42)] = 0.0000362359
E[P_sel(43)] = 0.0000476004
E[P_sel(44)] = 0.0000374645
E[P_sel(45)] = 0.0000380836
E[P_sel(46)] = 0.0000447586
E[P_sel(47)] = 0.0000619752
E[P_sel(48)] = 0.0000535000
E[P_sel(49)] = 0.0000842565

---- alpha_dfe = 0.002447

