---- Running command
---- ./polyDFE -d /home/jejames/ArabidopsisCrossGenome/PolyDFE/fpkmpolcounts2_1403.58228993056_PolyDFE.input -m C -i /home/jejames/ArabidopsisCrossGenome/model.txt 1 -e 
---- Performing inference using model C

---- Performing inference on /home/jejames/ArabidopsisCrossGenome/PolyDFE/fpkmpolcounts2_1403.58228993056_PolyDFE.input
----      with -i /home/jejames/ArabidopsisCrossGenome/model.txt 1
---- Data /home/jejames/ArabidopsisCrossGenome/PolyDFE/fpkmpolcounts2_1403.58228993056_PolyDFE.input does not contain divergence counts. Using option -w.
---- No mutation variability. Using Poisson likelihood.


---- Calculating initial values

-- Starting local optimization
-- Optimizing all parameters
  it        eps_an     theta_bar           S_d             b           p_b           S_b           r 2           r 3           r 4           r 5           r 6           r 7           r 8           r 9          r 10          r 11          r 12          r 13          r 14          r 15          r 16          r 17          r 18          r 19          r 20          r 21          r 22          r 23          r 24          r 25          r 26          r 27          r 28          r 29          r 30          r 31          r 32          r 33          r 34          r 35          r 36          r 37          r 38          r 39          r 40          r 41          r 42          r 43          r 44          r 45          r 46          r 47          r 48          r 49           ln lk          grad status 
   0           0.1 0.00993610456        -20000         0.208           0.1            20 0.79071597167 0.78638867033 0.93417256753 0.74940991345 0.49409913453 0.64621033307 0.67348544453 0.67977970102 0.61893522161 0.55966430632 0.70338316286 0.74836087070 0.58195646472 0.91660110149 0.75740886441 0.66430632048 0.63729346970 0.75491738788 0.87857330186 1.10424862313 0.71256228691 0.81130343561 0.64201416207 0.62286913191 0.80461578809 0.92407553107 0.81877786519 1.25111460792 1.16050354051 1.00406504065 1.46865984788 1.56648308418 1.28848675583 1.25753999475 1.76081825334 1.70298977183 1.31051665355 1.90243902439 1.72043010752 2.49462365591 1.86152635719 1.89457120377 1.68476265407 2.63768686073 3.55284552845 3.88893259900 5.63335955940             1 -2504.403156474 15.7959381541   -2 
1000 0.00006820980 0.00878156449 -53.857644996 0.30706636751 0.00028599771 0.36048377665 0.78687201351 0.78673587654 0.79501569732 0.69900107842 0.62834878729 0.64066672518 0.65789809450 0.63810138784 0.63769356403 0.67313563339 0.72299019844 0.69723910302 0.64842107990 0.73775588821 0.68018890745 0.63926387243 0.65646989308 0.62405208856 0.82985902137 0.94030394882 0.71626328593 0.78841880904 0.75468474979 0.63766794171 0.88025817689 0.87718846590 0.81271156135 0.81560739314 0.95758673077 0.97769062653 1.40217541553 1.08464855669 0.94103621262 1.06600866220 1.25511123599 1.31460283411 0.96480220986 1.50108025158 1.60999013269 1.70035337152 1.81625729781 1.67627373429 1.62338826613 1.88873478380 2.39464305943 2.58368074793 3.52737641005 4.81037551784 -317.5148167406 0.00024852801   -8 
-- Local optimization: reached maximum number of likelihood evaluations allowed.
---- Best joint likelihood found -317.514816740640867 with gradient 0.00025

---- Results for /home/jejames/ArabidopsisCrossGenome/PolyDFE/fpkmpolcounts2_1403.58228993056_PolyDFE.input 
--  Model: C
--        eps_an     theta_bar             a 
-- 0.00006820980 0.00878156449            -1 
--           S_d             b           p_b           S_b 
-- -53.857644996 0.30706636751 0.00028599771 0.36048377665 
--           r 2           r 3           r 4           r 5           r 6           r 7           r 8           r 9          r 10          r 11          r 12          r 13          r 14          r 15          r 16          r 17          r 18          r 19          r 20          r 21          r 22          r 23          r 24          r 25          r 26          r 27          r 28          r 29          r 30          r 31          r 32          r 33          r 34          r 35          r 36          r 37          r 38          r 39          r 40          r 41          r 42          r 43          r 44          r 45          r 46          r 47          r 48          r 49 
-- 0.78687201351 0.78673587654 0.79501569732 0.69900107842 0.62834878729 0.64066672518 0.65789809450 0.63810138784 0.63769356403 0.67313563339 0.72299019844 0.69723910302 0.64842107990 0.73775588821 0.68018890745 0.63926387243 0.65646989308 0.62405208856 0.82985902137 0.94030394882 0.71626328593 0.78841880904 0.75468474979 0.63766794171 0.88025817689 0.87718846590 0.81271156135 0.81560739314 0.95758673077 0.97769062653 1.40217541553 1.08464855669 0.94103621262 1.06600866220 1.25511123599 1.31460283411 0.96480220986 1.50108025158 1.60999013269 1.70035337152 1.81625729781 1.67627373429 1.62338826613 1.88873478380 2.39464305943 2.58368074793 3.52737641005 4.81037551784 

---- Expected P_neut(i), 0 < i < n (neutral SFS per site) 
E[P_neut(1)] = 0.0087810243
E[P_neut(2)] = 0.0034547920
E[P_neut(3)] = 0.0023027998
E[P_neut(4)] = 0.0017452825
E[P_neut(5)] = 0.0012276060
E[P_neut(6)] = 0.0009196069
E[P_neut(7)] = 0.0008036908
E[P_neut(8)] = 0.0007221485
E[P_neut(9)] = 0.0006225967
E[P_neut(10)] = 0.0005599806
E[P_neut(11)] = 0.0005373668
E[P_neut(12)] = 0.0005290612
E[P_neut(13)] = 0.0004709776
E[P_neut(14)] = 0.0004067183
E[P_neut(15)] = 0.0004318988
E[P_neut(16)] = 0.0003733113
E[P_neut(17)] = 0.0003302170
E[P_neut(18)] = 0.0003202729
E[P_neut(19)] = 0.0002884284
E[P_neut(20)] = 0.0003643673
E[P_neut(21)] = 0.0003931967
E[P_neut(22)] = 0.0002859030
E[P_neut(23)] = 0.0003010229
E[P_neut(24)] = 0.0002761395
E[P_neut(25)] = 0.0002239889
E[P_neut(26)] = 0.0002973079
E[P_neut(27)] = 0.0002853006
E[P_neut(28)] = 0.0002548907
E[P_neut(29)] = 0.0002469861
E[P_neut(30)] = 0.0002803094
E[P_neut(31)] = 0.0002769573
E[P_neut(32)] = 0.0003847860
E[P_neut(33)] = 0.0002886365
E[P_neut(34)] = 0.0002430610
E[P_neut(35)] = 0.0002674748
E[P_neut(36)] = 0.0003061691
E[P_neut(37)] = 0.0003120181
E[P_neut(38)] = 0.0002229807
E[P_neut(39)] = 0.0003380093
E[P_neut(40)] = 0.0003534699
E[P_neut(41)] = 0.0003642070
E[P_neut(42)] = 0.0003797753
E[P_neut(43)] = 0.0003423642
E[P_neut(44)] = 0.0003240381
E[P_neut(45)] = 0.0003686374
E[P_neut(46)] = 0.0004572338
E[P_neut(47)] = 0.0004828637
E[P_neut(48)] = 0.0006455226
E[P_neut(49)] = 0.0008626345

---- Expected P_sel(i), 0 < i < n (selected SFS per site) 
E[P_sel(1)] = 0.0061821231
E[P_sel(2)] = 0.0020079563
E[P_sel(3)] = 0.0011856298
E[P_sel(4)] = 0.0008247981
E[P_sel(5)] = 0.0005434804
E[P_sel(6)] = 0.0003863587
E[P_sel(7)] = 0.0003232842
E[P_sel(8)] = 0.0002799021
E[P_sel(9)] = 0.0002336488
E[P_sel(10)] = 0.0002042376
E[P_sel(11)] = 0.0001910473
E[P_sel(12)] = 0.0001838003
E[P_sel(13)] = 0.0001602097
E[P_sel(14)] = 0.0001356983
E[P_sel(15)] = 0.0001415435
E[P_sel(16)] = 0.0001203239
E[P_sel(17)] = 0.0001047921
E[P_sel(18)] = 0.0001001649
E[P_sel(19)] = 0.0000889759
E[P_sel(20)] = 0.0001109537
E[P_sel(21)] = 0.0001182703
E[P_sel(22)] = 0.0000849988
E[P_sel(23)] = 0.0000885042
E[P_sel(24)] = 0.0000803308
E[P_sel(25)] = 0.0000645014
E[P_sel(26)] = 0.0000847856
E[P_sel(27)] = 0.0000806046
E[P_sel(28)] = 0.0000713689
E[P_sel(29)] = 0.0000685599
E[P_sel(30)] = 0.0000771632
E[P_sel(31)] = 0.0000756283
E[P_sel(32)] = 0.0001042572
E[P_sel(33)] = 0.0000776183
E[P_sel(34)] = 0.0000648869
E[P_sel(35)] = 0.0000709001
E[P_sel(36)] = 0.0000806001
E[P_sel(37)] = 0.0000815929
E[P_sel(38)] = 0.0000579329
E[P_sel(39)] = 0.0000872632
E[P_sel(40)] = 0.0000906941
E[P_sel(41)] = 0.0000928899
E[P_sel(42)] = 0.0000962958
E[P_sel(43)] = 0.0000863169
E[P_sel(44)] = 0.0000812442
E[P_sel(45)] = 0.0000919273
E[P_sel(46)] = 0.0001134204
E[P_sel(47)] = 0.0001191684
E[P_sel(48)] = 0.0001585229
E[P_sel(49)] = 0.0002109527

---- alpha_dfe = 0.001421

