---- Running command
---- ./polyDFE -d /home/jejames/ArabidopsisCrossGenome/PolyDFE/fpkmpolcounts9_165160.494261005_PolyDFE.input -m C -i /home/jejames/ArabidopsisCrossGenome/model.txt 1 -e 
---- Performing inference using model C

---- Performing inference on /home/jejames/ArabidopsisCrossGenome/PolyDFE/fpkmpolcounts9_165160.494261005_PolyDFE.input
----      with -i /home/jejames/ArabidopsisCrossGenome/model.txt 1
---- Data /home/jejames/ArabidopsisCrossGenome/PolyDFE/fpkmpolcounts9_165160.494261005_PolyDFE.input does not contain divergence counts. Using option -w.
---- No mutation variability. Using Poisson likelihood.


---- Calculating initial values

-- Starting local optimization
-- Optimizing all parameters
  it        eps_an     theta_bar           S_d             b           p_b           S_b           r 2           r 3           r 4           r 5           r 6           r 7           r 8           r 9          r 10          r 11          r 12          r 13          r 14          r 15          r 16          r 17          r 18          r 19          r 20          r 21          r 22          r 23          r 24          r 25          r 26          r 27          r 28          r 29          r 30          r 31          r 32          r 33          r 34          r 35          r 36          r 37          r 38          r 39          r 40          r 41          r 42          r 43          r 44          r 45          r 46          r 47          r 48          r 49           ln lk          grad status 
   0           0.1 0.00932608366        -20000         0.208           0.1            20 0.69107824427 0.77540553435 0.54532442748 0.53792938931 0.63191793893 0.70133587786 0.62309160305 0.58504293893 0.49260496183 0.51300095419 0.69561068702 0.52409351145 0.65291030534 0.46338263358 0.63740458015 0.76443225190 0.65911259541 0.56882156488 0.76097328244 0.86665076335 0.75047709923 0.88883587786 0.76431297709 0.83492366412 1.00166984732 0.63120229007 0.84828244274 1.08611641221 0.82657442748 0.95765744274 1.08015267175 1.07454675572 1.15982824427 1.04782919847 1.36975190839 1.06798664122 1.33253816793 1.11176049618 1.70324427480 1.68714217557 2.18916984732 2.25667938931 2.24093511450 2.35090648854 2.89145992366 4.83790553435 4.99809160305             1 -2144.361374963 26.6169488869   -2 
 203 0.00217332291 0.00790204134 -310.27679507 0.24461857733 0.00051220596 1.05735649859 0.75785290758 0.75723874555 0.65564846523 0.60548614817 0.68653366100 0.71087379044 0.70246602859 0.57882088210 0.56623958616 0.59689092155 0.70689435862 0.48314827291 0.67916198126 0.61503646589 0.60039307159 0.58784840714 0.68481676165 0.61467278108 0.72633501256 0.72095024776 0.73484385259 0.89824495503 0.74165915458 0.88747300151 0.92692322526 0.81374127726 0.79984662491 0.79851807191 0.84553869719 0.85926433821 0.99873895922 0.88250479037 0.79584038736 0.96069257931 1.09390892661 0.78796603242 1.11541771832 1.05765477327 1.38988782092 1.25943850754 1.65982080543 1.92833347154 1.71639816251 2.15529889827 1.93100552607 3.07686037381 3.20899022689 3.61175486042 -312.1128040876 0.00735383627   -8 
-- Local optimization: reached maximum number of likelihood evaluations allowed.
---- Best joint likelihood found -312.112804087654126 with gradient 0.00735

---- Results for /home/jejames/ArabidopsisCrossGenome/PolyDFE/fpkmpolcounts9_165160.494261005_PolyDFE.input 
--  Model: C
--        eps_an     theta_bar             a 
-- 0.00217332291 0.00790204134            -1 
--           S_d             b           p_b           S_b 
-- -310.27679507 0.24461857733 0.00051220596 1.05735649859 
--           r 2           r 3           r 4           r 5           r 6           r 7           r 8           r 9          r 10          r 11          r 12          r 13          r 14          r 15          r 16          r 17          r 18          r 19          r 20          r 21          r 22          r 23          r 24          r 25          r 26          r 27          r 28          r 29          r 30          r 31          r 32          r 33          r 34          r 35          r 36          r 37          r 38          r 39          r 40          r 41          r 42          r 43          r 44          r 45          r 46          r 47          r 48          r 49 
-- 0.75785290758 0.75723874555 0.65564846523 0.60548614817 0.68653366100 0.71087379044 0.70246602859 0.57882088210 0.56623958616 0.59689092155 0.70689435862 0.48314827291 0.67916198126 0.61503646589 0.60039307159 0.58784840714 0.68481676165 0.61467278108 0.72633501256 0.72095024776 0.73484385259 0.89824495503 0.74165915458 0.88747300151 0.92692322526 0.81374127726 0.79984662491 0.79851807191 0.84553869719 0.85926433821 0.99873895922 0.88250479037 0.79584038736 0.96069257931 1.09390892661 0.78796603242 1.11541771832 1.05765477327 1.38988782092 1.25943850754 1.65982080543 1.92833347154 1.71639816251 2.15529889827 1.93100552607 3.07686037381 3.20899022689 3.61175486042 

---- Expected P_neut(i), 0 < i < n (neutral SFS per site) 
E[P_neut(1)] = 0.0078861335
E[P_neut(2)] = 0.0029889331
E[P_neut(3)] = 0.0019913667
E[P_neut(4)] = 0.0012931463
E[P_neut(5)] = 0.0009556582
E[P_neut(6)] = 0.0009028744
E[P_neut(7)] = 0.0008015053
E[P_neut(8)] = 0.0006930352
E[P_neut(9)] = 0.0005076304
E[P_neut(10)] = 0.0004470692
E[P_neut(11)] = 0.0004283208
E[P_neut(12)] = 0.0004649848
E[P_neut(13)] = 0.0002934088
E[P_neut(14)] = 0.0003830292
E[P_neut(15)] = 0.0003237701
E[P_neut(16)] = 0.0002962782
E[P_neut(17)] = 0.0002731126
E[P_neut(18)] = 0.0003005188
E[P_neut(19)] = 0.0002555609
E[P_neut(20)] = 0.0002868368
E[P_neut(21)] = 0.0002711680
E[P_neut(22)] = 0.0002638609
E[P_neut(23)] = 0.0003084542
E[P_neut(24)] = 0.0002442741
E[P_neut(25)] = 0.0002805139
E[P_neut(26)] = 0.0002816333
E[P_neut(27)] = 0.0002383093
E[P_neut(28)] = 0.0002258124
E[P_neut(29)] = 0.0002177003
E[P_neut(30)] = 0.0002228557
E[P_neut(31)] = 0.0002191100
E[P_neut(32)] = 0.0002467448
E[P_neut(33)] = 0.0002114555
E[P_neut(34)] = 0.0001852061
E[P_neut(35)] = 0.0002171308
E[P_neut(36)] = 0.0002404255
E[P_neut(37)] = 0.0001685574
E[P_neut(38)] = 0.0002324570
E[P_neut(39)] = 0.0002147644
E[P_neut(40)] = 0.0002749495
E[P_neut(41)] = 0.0002433120
E[P_neut(42)] = 0.0003131144
E[P_neut(43)] = 0.0003553407
E[P_neut(44)] = 0.0003095462
E[P_neut(45)] = 0.0003797296
E[P_neut(46)] = 0.0003338090
E[P_neut(47)] = 0.0005205186
E[P_neut(48)] = 0.0005336422
E[P_neut(49)] = 0.0005983616

---- Expected P_sel(i), 0 < i < n (selected SFS per site) 
E[P_sel(1)] = 0.0041541857
E[P_sel(2)] = 0.0012570974
E[P_sel(3)] = 0.0007449356
E[P_sel(4)] = 0.0004480923
E[P_sel(5)] = 0.0003129949
E[P_sel(6)] = 0.0002829270
E[P_sel(7)] = 0.0002421895
E[P_sel(8)] = 0.0002030777
E[P_sel(9)] = 0.0001448459
E[P_sel(10)] = 0.0001246074
E[P_sel(11)] = 0.0001169240
E[P_sel(12)] = 0.0001245661
E[P_sel(13)] = 0.0000772647
E[P_sel(14)] = 0.0000992905
E[P_sel(15)] = 0.0000827194
E[P_sel(16)] = 0.0000746842
E[P_sel(17)] = 0.0000679823
E[P_sel(18)] = 0.0000739280
E[P_sel(19)] = 0.0000621757
E[P_sel(20)] = 0.0000690604
E[P_sel(21)] = 0.0000646447
E[P_sel(22)] = 0.0000623142
E[P_sel(23)] = 0.0000721975
E[P_sel(24)] = 0.0000566889
E[P_sel(25)] = 0.0000645711
E[P_sel(26)] = 0.0000643245
E[P_sel(27)] = 0.0000540248
E[P_sel(28)] = 0.0000508246
E[P_sel(29)] = 0.0000486616
E[P_sel(30)] = 0.0000494835
E[P_sel(31)] = 0.0000483389
E[P_sel(32)] = 0.0000540993
E[P_sel(33)] = 0.0000460856
E[P_sel(34)] = 0.0000401354
E[P_sel(35)] = 0.0000467885
E[P_sel(36)] = 0.0000515295
E[P_sel(37)] = 0.0000359391
E[P_sel(38)] = 0.0000493185
E[P_sel(39)] = 0.0000453403
E[P_sel(40)] = 0.0000577540
E[P_sel(41)] = 0.0000508889
E[P_sel(42)] = 0.0000652023
E[P_sel(43)] = 0.0000736792
E[P_sel(44)] = 0.0000639652
E[P_sel(45)] = 0.0000781240
E[P_sel(46)] = 0.0000685627
E[P_sel(47)] = 0.0001065864
E[P_sel(48)] = 0.0001094937
E[P_sel(49)] = 0.0001262834

---- alpha_dfe = 0.004321

