---- Running command
---- ./polyDFE -d /home/jejames/ArabidopsisCrossGenome/PolyDFE/fpkmpolcounts6_40066.9898378811_PolyDFE.input -m C -i /home/jejames/ArabidopsisCrossGenome/model.txt 1 -e 
---- Performing inference using model C

---- Performing inference on /home/jejames/ArabidopsisCrossGenome/PolyDFE/fpkmpolcounts6_40066.9898378811_PolyDFE.input
----      with -i /home/jejames/ArabidopsisCrossGenome/model.txt 1
---- Data /home/jejames/ArabidopsisCrossGenome/PolyDFE/fpkmpolcounts6_40066.9898378811_PolyDFE.input does not contain divergence counts. Using option -w.
---- No mutation variability. Using Poisson likelihood.


---- Calculating initial values

-- Starting local optimization
-- Optimizing all parameters
  it        eps_an     theta_bar           S_d             b           p_b           S_b           r 2           r 3           r 4           r 5           r 6           r 7           r 8           r 9          r 10          r 11          r 12          r 13          r 14          r 15          r 16          r 17          r 18          r 19          r 20          r 21          r 22          r 23          r 24          r 25          r 26          r 27          r 28          r 29          r 30          r 31          r 32          r 33          r 34          r 35          r 36          r 37          r 38          r 39          r 40          r 41          r 42          r 43          r 44          r 45          r 46          r 47          r 48          r 49           ln lk          grad status 
   0           0.1 0.01015001447        -20000         0.208           0.1            20 0.84415584415 0.68067226890 0.66004583651 0.76648841354 0.66539343009 0.77094474153 0.57244716068 0.64400305576 0.84670231729 0.60084033613 0.56378915202 0.60911637382 0.59001782531 0.63980137509 0.46651387827 0.70129870129 0.73338426279 0.74509803921 0.54494525082 0.62032085561 0.79831932773 1.03959765724 0.84033613445 0.76394194041 1.04278074866 0.80786860198 0.87344028520 0.91571173924 0.93964858670 1.15253374076 0.97784568372 1.15966386554 0.95670995671 0.95811051693 1.18716577540 1.65826330532 1.35956200662 1.69327731092 2.77565571683 1.76445123503 2.66310160427 3.20282658517 2.68347338935 2.95645530939 2.71759612936 3.57855869620 5.83651642475             1 -2144.126826318 28.5476083152   -2 
 499 0.01799494814 0.00897885943 -351.63541103 0.24272319656 0.00009804693 0.50629595018 0.80334371556 0.72203993966 0.71885308287 0.72275483555 0.69492607390 0.70576753645 0.64801766051 0.77883493873 0.79136124580 0.59434493421 0.73904406246 0.73024196590 0.61381554259 0.68007574142 0.64242510970 0.63847065715 0.68219884468 0.71285870739 0.60816673068 0.52493094148 0.73975156705 0.82955224989 0.65858328333 0.70541194742 0.85688505078 0.59179707224 0.63344384037 0.64615358866 0.80771917050 0.79700432262 0.74937959177 0.98954831028 0.83885957575 0.77923681269 0.93341487280 1.32775735585 1.13448388509 1.36106189685 1.83764813552 1.55404121632 2.00882488853 2.09722699295 2.25926429772 2.17427572622 2.00773244754 2.43174108879 2.98591539057 3.04371617522 -316.7877180149 0.00050406365   -8 
-- Local optimization: reached maximum number of likelihood evaluations allowed.
---- Best joint likelihood found -316.787718014921666 with gradient 0.00050

---- Results for /home/jejames/ArabidopsisCrossGenome/PolyDFE/fpkmpolcounts6_40066.9898378811_PolyDFE.input 
--  Model: C
--        eps_an     theta_bar             a 
-- 0.01799494814 0.00897885943            -1 
--           S_d             b           p_b           S_b 
-- -351.63541103 0.24272319656 0.00009804693 0.50629595018 
--           r 2           r 3           r 4           r 5           r 6           r 7           r 8           r 9          r 10          r 11          r 12          r 13          r 14          r 15          r 16          r 17          r 18          r 19          r 20          r 21          r 22          r 23          r 24          r 25          r 26          r 27          r 28          r 29          r 30          r 31          r 32          r 33          r 34          r 35          r 36          r 37          r 38          r 39          r 40          r 41          r 42          r 43          r 44          r 45          r 46          r 47          r 48          r 49 
-- 0.80334371556 0.72203993966 0.71885308287 0.72275483555 0.69492607390 0.70576753645 0.64801766051 0.77883493873 0.79136124580 0.59434493421 0.73904406246 0.73024196590 0.61381554259 0.68007574142 0.64242510970 0.63847065715 0.68219884468 0.71285870739 0.60816673068 0.52493094148 0.73975156705 0.82955224989 0.65858328333 0.70541194742 0.85688505078 0.59179707224 0.63344384037 0.64615358866 0.80771917050 0.79700432262 0.74937959177 0.98954831028 0.83885957575 0.77923681269 0.93341487280 1.32775735585 1.13448388509 1.36106189685 1.83764813552 1.55404121632 2.00882488853 2.09722699295 2.25926429772 2.17427572622 2.00773244754 2.43174108879 2.98591539057 3.04371617522 

---- Expected P_neut(i), 0 < i < n (neutral SFS per site) 
E[P_neut(1)] = 0.0088273218
E[P_neut(2)] = 0.0035517063
E[P_neut(3)] = 0.0021305038
E[P_neut(4)] = 0.0015916353
E[P_neut(5)] = 0.0012823539
E[P_neut(6)] = 0.0010295232
E[P_neut(7)] = 0.0008968738
E[P_neut(8)] = 0.0007219475
E[P_neut(9)] = 0.0007691475
E[P_neut(10)] = 0.0007051887
E[P_neut(11)] = 0.0004820487
E[P_neut(12)] = 0.0005478540
E[P_neut(13)] = 0.0005010867
E[P_neut(14)] = 0.0003907741
E[P_neut(15)] = 0.0004033587
E[P_neut(16)] = 0.0003580143
E[P_neut(17)] = 0.0003359967
E[P_neut(18)] = 0.0003379583
E[P_neut(19)] = 0.0003349687
E[P_neut(20)] = 0.0002724692
E[P_neut(21)] = 0.0002240032
E[P_neut(22)] = 0.0003001371
E[P_neut(23)] = 0.0003215588
E[P_neut(24)] = 0.0002472799
E[P_neut(25)] = 0.0002533518
E[P_neut(26)] = 0.0002950261
E[P_neut(27)] = 0.0001990884
E[P_neut(28)] = 0.0002049063
E[P_neut(29)] = 0.0002004982
E[P_neut(30)] = 0.0002423095
E[P_neut(31)] = 0.0002327529
E[P_neut(32)] = 0.0002126078
E[P_neut(33)] = 0.0002704661
E[P_neut(34)] = 0.0002240305
E[P_neut(35)] = 0.0002036327
E[P_neut(36)] = 0.0002357003
E[P_neut(37)] = 0.0003254872
E[P_neut(38)] = 0.0002731895
E[P_neut(39)] = 0.0003164447
E[P_neut(40)] = 0.0004178630
E[P_neut(41)] = 0.0003481877
E[P_neut(42)] = 0.0004348112
E[P_neut(43)] = 0.0004463335
E[P_neut(44)] = 0.0004714541
E[P_neut(45)] = 0.0004493826
E[P_neut(46)] = 0.0004138794
E[P_neut(47)] = 0.0004950867
E[P_neut(48)] = 0.0006133929
E[P_neut(49)] = 0.0007092744

---- Expected P_sel(i), 0 < i < n (selected SFS per site) 
E[P_sel(1)] = 0.0045401449
E[P_sel(2)] = 0.0014551702
E[P_sel(3)] = 0.0007763300
E[P_sel(4)] = 0.0005373621
E[P_sel(5)] = 0.0004091696
E[P_sel(6)] = 0.0003141952
E[P_sel(7)] = 0.0002639941
E[P_sel(8)] = 0.0002060336
E[P_sel(9)] = 0.0002139804
E[P_sel(10)] = 0.0001915801
E[P_sel(11)] = 0.0001282578
E[P_sel(12)] = 0.0001431766
E[P_sel(13)] = 0.0001286901
E[P_sel(14)] = 0.0000988342
E[P_sel(15)] = 0.0001005987
E[P_sel(16)] = 0.0000880837
E[P_sel(17)] = 0.0000816177
E[P_sel(18)] = 0.0000811821
E[P_sel(19)] = 0.0000795840
E[P_sel(20)] = 0.0000640570
E[P_sel(21)] = 0.0000521570
E[P_sel(22)] = 0.0000692605
E[P_sel(23)] = 0.0000735597
E[P_sel(24)] = 0.0000560871
E[P_sel(25)] = 0.0000570165
E[P_sel(26)] = 0.0000658938
E[P_sel(27)] = 0.0000441649
E[P_sel(28)] = 0.0000451445
E[P_sel(29)] = 0.0000438687
E[P_sel(30)] = 0.0000526822
E[P_sel(31)] = 0.0000503264
E[P_sel(32)] = 0.0000457220
E[P_sel(33)] = 0.0000577945
E[P_sel(34)] = 0.0000476650
E[P_sel(35)] = 0.0000431631
E[P_sel(36)] = 0.0000496661
E[P_sel(37)] = 0.0000682360
E[P_sel(38)] = 0.0000571453
E[P_sel(39)] = 0.0000657606
E[P_sel(40)] = 0.0000865719
E[P_sel(41)] = 0.0000721203
E[P_sel(42)] = 0.0000894298
E[P_sel(43)] = 0.0000917814
E[P_sel(44)] = 0.0000968804
E[P_sel(45)] = 0.0000928692
E[P_sel(46)] = 0.0000866355
E[P_sel(47)] = 0.0001048717
E[P_sel(48)] = 0.0001352036
E[P_sel(49)] = 0.0001911435

---- alpha_dfe = 0.000649

