---- Running command
---- ./polyDFE -d /home/jejames/ArabidopsisCrossGenome/PolyDFE/fpkmpolcounts15_687737.459218445_PolyDFE.input -m C -i /home/jejames/ArabidopsisCrossGenome/model.txt 1 -e 
---- Performing inference using model C

---- Performing inference on /home/jejames/ArabidopsisCrossGenome/PolyDFE/fpkmpolcounts15_687737.459218445_PolyDFE.input
----      with -i /home/jejames/ArabidopsisCrossGenome/model.txt 1
---- Data /home/jejames/ArabidopsisCrossGenome/PolyDFE/fpkmpolcounts15_687737.459218445_PolyDFE.input does not contain divergence counts. Using option -w.
---- No mutation variability. Using Poisson likelihood.


---- Calculating initial values

-- Starting local optimization
-- Optimizing all parameters
  it        eps_an     theta_bar           S_d             b           p_b           S_b           r 2           r 3           r 4           r 5           r 6           r 7           r 8           r 9          r 10          r 11          r 12          r 13          r 14          r 15          r 16          r 17          r 18          r 19          r 20          r 21          r 22          r 23          r 24          r 25          r 26          r 27          r 28          r 29          r 30          r 31          r 32          r 33          r 34          r 35          r 36          r 37          r 38          r 39          r 40          r 41          r 42          r 43          r 44          r 45          r 46          r 47          r 48          r 49           ln lk          grad status 
   0           0.1 0.00966658771        -80000         0.208           0.1            20 0.73828701077 0.64730572887 0.60578559273 0.69597277368 0.54248440158 0.56460578559 0.51094724900 0.56154282473 0.58650028360 0.57277368122 0.46557005104 0.54271128757 0.63528077141 0.57855927396 0.61531480431 0.44163357912 0.42677254679 0.53023255813 0.58763471355 0.52648893930 0.50663641520 0.78014747589 0.57719795802 0.70901871809 0.67249007373 0.64628474191 0.97515598411 0.75337492909 0.85422575155 0.75258082813 0.72966534316 0.82733976176 0.96812251843 1.03233125354 1.30686330119 1.14169030062 1.19841179807 1.28746454906 1.51106069200 1.81395348837 1.65331820760 1.94634146341 1.86182643221 2.46568349404 2.58309699376 3.40170164492 4.82450368689             1 -2012.642991872 30.4998521764   -2 
1092 0.00066527459 0.00845134738 -1392.9332465 0.23186479474 0.00014393265 0.48017465492 0.74244778957 0.70437080628 0.61838188392 0.64963431693 0.60897272263 0.56953573711 0.49112566946 0.59785758684 0.53066756032 0.55923904756 0.54247614419 0.50546540887 0.56380927560 0.62488601585 0.61608739580 0.40642313179 0.47377797868 0.51337061614  0.5312359942 0.51136640248 0.51218434813 0.67200682947 0.59106625702 0.64714768295 0.55237653899 0.57531406407 0.69833472215 0.67346130459 0.60891758527 0.63084995726 0.57598799274 0.71469986319 0.79929895262 0.82459905625 0.98099547354 1.10035238103 0.99346892255 1.09281904964 1.17188639694 1.22820569027 1.18329428481 1.66212367975 1.51337225408 1.82689576918 1.89787915186 2.52023392338 2.78001203178 4.38750022938 -289.0423680062 0.00031067373   -8 
-- Local optimization: reached maximum number of likelihood evaluations allowed.
---- Best joint likelihood found -289.042368006210722 with gradient 0.00031

---- Results for /home/jejames/ArabidopsisCrossGenome/PolyDFE/fpkmpolcounts15_687737.459218445_PolyDFE.input 
--  Model: C
--        eps_an     theta_bar             a 
-- 0.00066527459 0.00845134738            -1 
--           S_d             b           p_b           S_b 
-- -1392.9332465 0.23186479474 0.00014393265 0.48017465492 
--           r 2           r 3           r 4           r 5           r 6           r 7           r 8           r 9          r 10          r 11          r 12          r 13          r 14          r 15          r 16          r 17          r 18          r 19          r 20          r 21          r 22          r 23          r 24          r 25          r 26          r 27          r 28          r 29          r 30          r 31          r 32          r 33          r 34          r 35          r 36          r 37          r 38          r 39          r 40          r 41          r 42          r 43          r 44          r 45          r 46          r 47          r 48          r 49 
-- 0.74244778957 0.70437080628 0.61838188392 0.64963431693 0.60897272263 0.56953573711 0.49112566946 0.59785758684 0.53066756032 0.55923904756 0.54247614419 0.50546540887 0.56380927560 0.62488601585 0.61608739580 0.40642313179 0.47377797868 0.51337061614  0.5312359942 0.51136640248 0.51218434813 0.67200682947 0.59106625702 0.64714768295 0.55237653899 0.57531406407 0.69833472215 0.67346130459 0.60891758527 0.63084995726 0.57598799274 0.71469986319 0.79929895262 0.82459905625 0.98099547354 1.10035238103 0.99346892255 1.09281904964 1.17188639694 1.22820569027 1.18329428481 1.66212367975 1.51337225408 1.82689576918 1.89787915186 2.52023392338 2.78001203178 4.38750022938 

---- Expected P_neut(i), 0 < i < n (neutral SFS per site) 
E[P_neut(1)] = 0.0084462284
E[P_neut(2)] = 0.0031355805
E[P_neut(3)] = 0.0019832755
E[P_neut(4)] = 0.0013059028
E[P_neut(5)] = 0.0010975548
E[P_neut(6)] = 0.0008573961
E[P_neut(7)] = 0.0006873805
E[P_neut(8)] = 0.0005186474
E[P_neut(9)] = 0.0005612063
E[P_neut(10)] = 0.0004483519
E[P_neut(11)] = 0.0004295375
E[P_neut(12)] = 0.0003819474
E[P_neut(13)] = 0.0003285535
E[P_neut(14)] = 0.0003402802
E[P_neut(15)] = 0.0003519735
E[P_neut(16)] = 0.0003253387
E[P_neut(17)] = 0.0002020358
E[P_neut(18)] = 0.0002224011
E[P_neut(19)] = 0.0002283137
E[P_neut(20)] = 0.0002244478
E[P_neut(21)] = 0.0002057906
E[P_neut(22)] = 0.0001967661
E[P_neut(23)] = 0.0002468844
E[P_neut(24)] = 0.0002081187
E[P_neut(25)] = 0.0002187708
E[P_neut(26)] = 0.0001795700
E[P_neut(27)] = 0.0001801252
E[P_neut(28)] = 0.0002107717
E[P_neut(29)] = 0.0001962703
E[P_neut(30)] = 0.0001715744
E[P_neut(31)] = 0.0001720224
E[P_neut(32)] = 0.0001521679
E[P_neut(33)] = 0.0001830483
E[P_neut(34)] = 0.0001987653
E[P_neut(35)] = 0.0001992153
E[P_neut(36)] = 0.0002303714
E[P_neut(37)] = 0.0002513882
E[P_neut(38)] = 0.0002210585
E[P_neut(39)] = 0.0002369435
E[P_neut(40)] = 0.0002477341
E[P_neut(41)] = 0.0002533756
E[P_neut(42)] = 0.0002382923
E[P_neut(43)] = 0.0003269188
E[P_neut(44)] = 0.0002910599
E[P_neut(45)] = 0.0003436074
E[P_neut(46)] = 0.0003493250
E[P_neut(47)] = 0.0004541967
E[P_neut(48)] = 0.0004912375
E[P_neut(49)] = 0.0007618596

---- Expected P_sel(i), 0 < i < n (selected SFS per site) 
E[P_sel(1)] = 0.0033136664
E[P_sel(2)] = 0.0009690599
E[P_sel(3)] = 0.0005464370
E[P_sel(4)] = 0.0003341964
E[P_sel(5)] = 0.0002661236
E[P_sel(6)] = 0.0001992813
E[P_sel(7)] = 0.0001543161
E[P_sel(8)] = 0.0001130724
E[P_sel(9)] = 0.0001192884
E[P_sel(10)] = 0.0000931968
E[P_sel(11)] = 0.0000875273
E[P_sel(12)] = 0.0000764455
E[P_sel(13)] = 0.0000646921
E[P_sel(14)] = 0.0000660056
E[P_sel(15)] = 0.0000673367
E[P_sel(16)] = 0.0000614464
E[P_sel(17)] = 0.0000377027
E[P_sel(18)] = 0.0000410402
E[P_sel(19)] = 0.0000416880
E[P_sel(20)] = 0.0000405751
E[P_sel(21)] = 0.0000368520
E[P_sel(22)] = 0.0000349210
E[P_sel(23)] = 0.0000434432
E[P_sel(24)] = 0.0000363242
E[P_sel(25)] = 0.0000378867
E[P_sel(26)] = 0.0000308664
E[P_sel(27)] = 0.0000307408
E[P_sel(28)] = 0.0000357235
E[P_sel(29)] = 0.0000330457
E[P_sel(30)] = 0.0000287038
E[P_sel(31)] = 0.0000286016
E[P_sel(32)] = 0.0000251501
E[P_sel(33)] = 0.0000300788
E[P_sel(34)] = 0.0000324809
E[P_sel(35)] = 0.0000323789
E[P_sel(36)] = 0.0000372450
E[P_sel(37)] = 0.0000404346
E[P_sel(38)] = 0.0000353824
E[P_sel(39)] = 0.0000377429
E[P_sel(40)] = 0.0000392769
E[P_sel(41)] = 0.0000399919
E[P_sel(42)] = 0.0000374442
E[P_sel(43)] = 0.0000511479
E[P_sel(44)] = 0.0000453589
E[P_sel(45)] = 0.0000533364
E[P_sel(46)] = 0.0000540257
E[P_sel(47)] = 0.0000700104
E[P_sel(48)] = 0.0000755758
E[P_sel(49)] = 0.0001176064

---- alpha_dfe = 0.001213

