---- Running command
---- ./polyDFE -d /home/jejames/ArabidopsisCrossGenome/PolyDFE/fpkmpolcounts4_9693.84219559246_PolyDFE.input -m C -i /home/jejames/ArabidopsisCrossGenome/model.txt 1 -e 
---- Performing inference using model C

---- Performing inference on /home/jejames/ArabidopsisCrossGenome/PolyDFE/fpkmpolcounts4_9693.84219559246_PolyDFE.input
----      with -i /home/jejames/ArabidopsisCrossGenome/model.txt 1
---- Data /home/jejames/ArabidopsisCrossGenome/PolyDFE/fpkmpolcounts4_9693.84219559246_PolyDFE.input does not contain divergence counts. Using option -w.
---- No mutation variability. Using Poisson likelihood.


---- Calculating initial values

-- Starting local optimization
-- Optimizing all parameters
  it        eps_an     theta_bar           S_d             b           p_b           S_b           r 2           r 3           r 4           r 5           r 6           r 7           r 8           r 9          r 10          r 11          r 12          r 13          r 14          r 15          r 16          r 17          r 18          r 19          r 20          r 21          r 22          r 23          r 24          r 25          r 26          r 27          r 28          r 29          r 30          r 31          r 32          r 33          r 34          r 35          r 36          r 37          r 38          r 39          r 40          r 41          r 42          r 43          r 44          r 45          r 46          r 47          r 48          r 49           ln lk          grad status 
   0           0.1 0.00990593076        -20000         0.208           0.1            20 0.81400154998 0.83660552828 0.68147765435 0.68909842417 0.67966933608 0.66094032549 0.69542753810 0.58357013691 0.82665977783 0.65926117282 0.76414363213 0.77073107724 0.69077757685 0.46499612503 0.71506070782 0.72681477654 0.47894600878 0.73624386463 0.62516145698 0.65099457504 0.78713510720 0.62386980108 0.84319297339 0.90415913200 0.96719194006 1.01136657194 0.62567811934 1.19865667786 0.99974166881 1.20123998966 0.71919400671 1.10397830018 1.37897184190 1.08499095840 1.47868767760 1.39072591061 1.35959700335 1.69258589511 2.06664944458 1.89589253422 2.04520795660 2.77150607078 2.57452854559 3.27241022991 3.03616636528 4.31632653061 6.19374838543             1 -2301.781857833 20.0080530133   -2 
1093 0.00825808263 0.00856983103 -137.45063398 0.25517678048 0.00003044688 0.15072101901 0.81073177156 0.79601494613 0.77765133471 0.75567496569 0.74847862864 0.73235315696 0.76952512200 0.65254240909 0.76868027912 0.74022377265 0.69413484206 0.73423089686 0.73596335153 0.52471746609 0.63692132783 0.71704075697 0.57086427957 0.71359388596 0.63038965296 0.74201236000 0.72611051788 0.66472352299 0.77290694848 0.96797072384 0.83107781547 0.75098710198 0.64445049502 1.06393612010 0.95834839652 0.89044779944 0.69504044909 0.84375006168 0.96718913347 0.94160001837 1.12629664537 1.34529438948 1.36359595209 1.44370602602 1.57159988416 1.24634610951 1.29376010239 1.98263892667 1.84734514108 2.46970481239 2.31767060519 2.68342794317 3.72533613116 4.02591757738 -314.0805956989 0.00009314957    0 
---- Best joint likelihood found -314.080595698956927 with gradient 0.00009

---- Results for /home/jejames/ArabidopsisCrossGenome/PolyDFE/fpkmpolcounts4_9693.84219559246_PolyDFE.input 
--  Model: C
--        eps_an     theta_bar             a 
-- 0.00825808263 0.00856983103            -1 
--           S_d             b           p_b           S_b 
-- -137.45063398 0.25517678048 0.00003044688 0.15072101901 
--           r 2           r 3           r 4           r 5           r 6           r 7           r 8           r 9          r 10          r 11          r 12          r 13          r 14          r 15          r 16          r 17          r 18          r 19          r 20          r 21          r 22          r 23          r 24          r 25          r 26          r 27          r 28          r 29          r 30          r 31          r 32          r 33          r 34          r 35          r 36          r 37          r 38          r 39          r 40          r 41          r 42          r 43          r 44          r 45          r 46          r 47          r 48          r 49 
-- 0.81073177156 0.79601494613 0.77765133471 0.75567496569 0.74847862864 0.73235315696 0.76952512200 0.65254240909 0.76868027912 0.74022377265 0.69413484206 0.73423089686 0.73596335153 0.52471746609 0.63692132783 0.71704075697 0.57086427957 0.71359388596 0.63038965296 0.74201236000 0.72611051788 0.66472352299 0.77290694848 0.96797072384 0.83107781547 0.75098710198 0.64445049502 1.06393612010 0.95834839652 0.89044779944 0.69504044909 0.84375006168 0.96718913347 0.94160001837 1.12629664537 1.34529438948 1.36359595209 1.44370602602 1.57159988416 1.24634610951 1.29376010239 1.98263892667 1.84734514108 2.46970481239 2.31767060519 2.68342794317 3.72533613116 4.02591757738 

---- Expected P_neut(i), 0 < i < n (neutral SFS per site) 
E[P_neut(1)] = 0.0085048753
E[P_neut(2)] = 0.0034507218
E[P_neut(3)] = 0.0022591670
E[P_neut(4)] = 0.0016558922
E[P_neut(5)] = 0.0012883895
E[P_neut(6)] = 0.0010631988
E[P_neut(7)] = 0.0008924508
E[P_neut(8)] = 0.0008197101
E[P_neut(9)] = 0.0006183733
E[P_neut(10)] = 0.0006560866
E[P_neut(11)] = 0.0005745477
E[P_neut(12)] = 0.0004941640
E[P_neut(13)] = 0.0004825942
E[P_neut(14)] = 0.0004489996
E[P_neut(15)] = 0.0002992110
E[P_neut(16)] = 0.0003403402
E[P_neut(17)] = 0.0003602902
E[P_neut(18)] = 0.0002710821
E[P_neut(19)] = 0.0003212369
E[P_neut(20)] = 0.0002701468
E[P_neut(21)] = 0.0003029015
E[P_neut(22)] = 0.0002821406
E[P_neut(23)] = 0.0002476000
E[P_neut(24)] = 0.0002759698
E[P_neut(25)] = 0.0003318138
E[P_neut(26)] = 0.0002739476
E[P_neut(27)] = 0.0002384411
E[P_neut(28)] = 0.0001979509
E[P_neut(29)] = 0.0003143095
E[P_neut(30)] = 0.0002737327
E[P_neut(31)] = 0.0002467860
E[P_neut(32)] = 0.0001868442
E[P_neut(33)] = 0.0002202906
E[P_neut(34)] = 0.0002445878
E[P_neut(35)] = 0.0002311246
E[P_neut(36)] = 0.0002696221
E[P_neut(37)] = 0.0003130170
E[P_neut(38)] = 0.0003090749
E[P_neut(39)] = 0.0003193815
E[P_neut(40)] = 0.0003393680
E[P_neut(41)] = 0.0002634915
E[P_neut(42)] = 0.0002686109
E[P_neut(43)] = 0.0003992778
E[P_neut(44)] = 0.0003656624
E[P_neut(45)] = 0.0004771441
E[P_neut(46)] = 0.0004419766
E[P_neut(47)] = 0.0005040253
E[P_neut(48)] = 0.0006883099
E[P_neut(49)] = 0.0007690667

---- Expected P_sel(i), 0 < i < n (selected SFS per site) 
E[P_sel(1)] = 0.0052046203
E[P_sel(2)] = 0.0017143713
E[P_sel(3)] = 0.0009992535
E[P_sel(4)] = 0.0006775579
E[P_sel(5)] = 0.0004974901
E[P_sel(6)] = 0.0003923039
E[P_sel(7)] = 0.0003170998
E[P_sel(8)] = 0.0002822379
E[P_sel(9)] = 0.0002070865
E[P_sel(10)] = 0.0002144137
E[P_sel(11)] = 0.0001837360
E[P_sel(12)] = 0.0001549574
E[P_sel(13)] = 0.0001486607
E[P_sel(14)] = 0.0001360875
E[P_sel(15)] = 0.0000893125
E[P_sel(16)] = 0.0001001884
E[P_sel(17)] = 0.0001047007
E[P_sel(18)] = 0.0000778139
E[P_sel(19)] = 0.0000911515
E[P_sel(20)] = 0.0000758158
E[P_sel(21)] = 0.0000841423
E[P_sel(22)] = 0.0000776290
E[P_sel(23)] = 0.0000674913
E[P_sel(24)] = 0.0000745639
E[P_sel(25)] = 0.0000889004
E[P_sel(26)] = 0.0000728076
E[P_sel(27)] = 0.0000628836
E[P_sel(28)] = 0.0000518280
E[P_sel(29)] = 0.0000816911
E[P_sel(30)] = 0.0000706582
E[P_sel(31)] = 0.0000632995
E[P_sel(32)] = 0.0000476292
E[P_sel(33)] = 0.0000558265
E[P_sel(34)] = 0.0000616007
E[P_sel(35)] = 0.0000578701
E[P_sel(36)] = 0.0000671829
E[P_sel(37)] = 0.0000775670
E[P_sel(38)] = 0.0000762103
E[P_sel(39)] = 0.0000784065
E[P_sel(40)] = 0.0000829574
E[P_sel(41)] = 0.0000642101
E[P_sel(42)] = 0.0000653567
E[P_sel(43)] = 0.0000964968
E[P_sel(44)] = 0.0000883294
E[P_sel(45)] = 0.0001148251
E[P_sel(46)] = 0.0001067970
E[P_sel(47)] = 0.0001224442
E[P_sel(48)] = 0.0001687431
E[P_sel(49)] = 0.0002061745

---- alpha_dfe = 0.000142

