---- Running command
---- ./polyDFE -d /home/jejames/1001Genomes/NetworkConnectivity20polcounts2_2.38919925512104_PolyDFE.input -m C -i /home/jejames/1001Genomes/model.txt 1 -e 
---- Performing inference using model C

---- Performing inference on /home/jejames/1001Genomes/NetworkConnectivity20polcounts2_2.38919925512104_PolyDFE.input
----      with -i /home/jejames/1001Genomes/model.txt 1
---- Data /home/jejames/1001Genomes/NetworkConnectivity20polcounts2_2.38919925512104_PolyDFE.input does not contain divergence counts. Using option -w.
---- No mutation variability. Using Poisson likelihood.


---- Calculating initial values

-- Starting local optimization
-- Optimizing all parameters
  it        eps_an     theta_bar           S_d             b           p_b           S_b           r 2           r 3           r 4           r 5           r 6           r 7           r 8           r 9          r 10          r 11          r 12          r 13          r 14          r 15          r 16          r 17          r 18          r 19          r 20          r 21          r 22          r 23          r 24          r 25          r 26          r 27          r 28          r 29          r 30          r 31          r 32          r 33          r 34          r 35          r 36          r 37          r 38          r 39          r 40          r 41          r 42          r 43          r 44          r 45          r 46          r 47          r 48          r 49           ln lk          grad status 
   0           0.1 0.00934854802        -20000         0.208           0.1            20 0.84521641686 0.79633001820 0.67964700938 0.72349068496 0.67656534528 0.73931923238 0.78218237848 0.50301162627 0.69197366577 0.67026194144 0.63874492225 0.83765233225 0.71578652472 0.76481299901 0.80235327076 0.75010505673 0.74884437596 0.79044684129 0.82644628099 0.80305364897 0.69645608628 0.62179576971 0.87743381425 0.73539711444 0.97968903207 1.12326656394 0.76089088107 1.20647149460 1.07157865247 0.83807255918 1.22370079843 1.27118644067 1.24779380865 1.15702479338 1.63888499789 1.55483961339 1.59686230564 2.15786524723 2.05070738198 2.24555259840 3.07101834990 2.32497548676 2.74268104776 3.13279170752 2.81580053228 3.78554419386 4.52500350189             1 -1956.990303117 20.6274745634   -2 
 444 0.01441318575 0.00834398174 -193.54831176 0.25982677519 0.00032871712 0.97711165631 0.84196196630 0.77194012773 0.75117658501 0.67166195733 0.67493211059 0.75962100896 0.68158233368 0.66009200186 0.61361756939 0.70109499903 0.58119046104 0.71706736316 0.57198026544 0.68857611463 0.56522102073 0.62396998047 0.69752308805 0.70776213417 0.73599598701 0.66491090836 0.78078409640 0.77898114005 0.72991052540 0.65821705375 0.73350923056 0.77996461615 0.82842292982 0.98837583104 1.06077862055 0.92616753046 0.97870416233 1.11675497426 1.02711283784 1.14187758355 1.47680143885 1.32563296247 1.53764801080 1.89473532473 1.72034691221 1.75833299155 1.98860676719 1.71349603122 2.40195450418 2.04047256185 2.05656798259 2.15901489856 2.29724570865 3.03656781705 -307.9657353576 0.00050657853   -8 
-- Local optimization: reached maximum number of likelihood evaluations allowed.
---- Best joint likelihood found -307.965735357621384 with gradient 0.00051

---- Results for /home/jejames/1001Genomes/NetworkConnectivity20polcounts2_2.38919925512104_PolyDFE.input 
--  Model: C
--        eps_an     theta_bar             a 
-- 0.01441318575 0.00834398174            -1 
--           S_d             b           p_b           S_b 
-- -193.54831176 0.25982677519 0.00032871712 0.97711165631 
--           r 2           r 3           r 4           r 5           r 6           r 7           r 8           r 9          r 10          r 11          r 12          r 13          r 14          r 15          r 16          r 17          r 18          r 19          r 20          r 21          r 22          r 23          r 24          r 25          r 26          r 27          r 28          r 29          r 30          r 31          r 32          r 33          r 34          r 35          r 36          r 37          r 38          r 39          r 40          r 41          r 42          r 43          r 44          r 45          r 46          r 47          r 48          r 49 
-- 0.84196196630 0.77194012773 0.75117658501 0.67166195733 0.67493211059 0.75962100896 0.68158233368 0.66009200186 0.61361756939 0.70109499903 0.58119046104 0.71706736316 0.57198026544 0.68857611463 0.56522102073 0.62396998047 0.69752308805 0.70776213417 0.73599598701 0.66491090836 0.78078409640 0.77898114005 0.72991052540 0.65821705375 0.73350923056 0.77996461615 0.82842292982 0.98837583104 1.06077862055 0.92616753046 0.97870416233 1.11675497426 1.02711283784 1.14187758355 1.47680143885 1.32563296247 1.53764801080 1.89473532473 1.72034691221 1.75833299155 1.98860676719 1.71349603122 2.40195450418 2.04047256185 2.05656798259 2.15901489856 2.29724570865 3.03656781705 

---- Expected P_neut(i), 0 < i < n (neutral SFS per site) 
E[P_neut(1)] = 0.0082311712
E[P_neut(2)] = 0.0034677848
E[P_neut(3)] = 0.0021215972
E[P_neut(4)] = 0.0015497429
E[P_neut(5)] = 0.0011101650
E[P_neut(6)] = 0.0009316404
E[P_neut(7)] = 0.0008972080
E[P_neut(8)] = 0.0007063368
E[P_neut(9)] = 0.0006083144
E[P_neut(10)] = 0.0005097942
E[P_neut(11)] = 0.0005299889
E[P_neut(12)] = 0.0004031619
E[P_neut(13)] = 0.0004579211
E[P_neut(14)] = 0.0003409195
E[P_neut(15)] = 0.0003814340
E[P_neut(16)] = 0.0002941467
E[P_neut(17)] = 0.0003059142
E[P_neut(18)] = 0.0003223578
E[P_neut(19)] = 0.0003099318
E[P_neut(20)] = 0.0003068836
E[P_neut(21)] = 0.0002644817
E[P_neut(22)] = 0.0002954195
E[P_neut(23)] = 0.0002820011
E[P_neut(24)] = 0.0002535003
E[P_neut(25)] = 0.0002196860
E[P_neut(26)] = 0.0002356642
E[P_neut(27)] = 0.0002416365
E[P_neut(28)] = 0.0002475795
E[P_neut(29)] = 0.0002840880
E[P_neut(30)] = 0.0002952105
E[P_neut(31)] = 0.0002501748
E[P_neut(32)] = 0.0002561787
E[P_neut(33)] = 0.0002827135
E[P_neut(34)] = 0.0002526804
E[P_neut(35)] = 0.0002738201
E[P_neut(36)] = 0.0003422690
E[P_neut(37)] = 0.0003012723
E[P_neut(38)] = 0.0003385927
E[P_neut(39)] = 0.0004071977
E[P_neut(40)] = 0.0003610708
E[P_neut(41)] = 0.0003615043
E[P_neut(42)] = 0.0003996210
E[P_neut(43)] = 0.0003407555
E[P_neut(44)] = 0.0004624600
E[P_neut(45)] = 0.0003890502
E[P_neut(46)] = 0.0003902508
E[P_neut(47)] = 0.0004087141
E[P_neut(48)] = 0.0004442099
E[P_neut(49)] = 0.0006298935

---- Expected P_sel(i), 0 < i < n (selected SFS per site) 
E[P_sel(1)] = 0.0046766302
E[P_sel(2)] = 0.0015746992
E[P_sel(3)] = 0.0008529915
E[P_sel(4)] = 0.0005748205
E[P_sel(5)] = 0.0003878813
E[P_sel(6)] = 0.0003104460
E[P_sel(7)] = 0.0002879178
E[P_sel(8)] = 0.0002192528
E[P_sel(9)] = 0.0001835908
E[P_sel(10)] = 0.0001500479
E[P_sel(11)] = 0.0001525741
E[P_sel(12)] = 0.0001137645
E[P_sel(13)] = 0.0001269834
E[P_sel(14)] = 0.0000929023
E[P_sel(15)] = 0.0001024498
E[P_sel(16)] = 0.0000778717
E[P_sel(17)] = 0.0000799185
E[P_sel(18)] = 0.0000832026
E[P_sel(19)] = 0.0000790715
E[P_sel(20)] = 0.0000774276
E[P_sel(21)] = 0.0000660376
E[P_sel(22)] = 0.0000730590
E[P_sel(23)] = 0.0000690923
E[P_sel(24)] = 0.0000615587
E[P_sel(25)] = 0.0000528974
E[P_sel(26)] = 0.0000562890
E[P_sel(27)] = 0.0000572740
E[P_sel(28)] = 0.0000582521
E[P_sel(29)] = 0.0000663522
E[P_sel(30)] = 0.0000684871
E[P_sel(31)] = 0.0000576762
E[P_sel(32)] = 0.0000586923
E[P_sel(33)] = 0.0000643557
E[P_sel(34)] = 0.0000571935
E[P_sel(35)] = 0.0000616704
E[P_sel(36)] = 0.0000765750
E[P_sel(37)] = 0.0000671755
E[P_sel(38)] = 0.0000750270
E[P_sel(39)] = 0.0000898394
E[P_sel(40)] = 0.0000793440
E[P_sel(41)] = 0.0000792217
E[P_sel(42)] = 0.0000872847
E[P_sel(43)] = 0.0000746284
E[P_sel(44)] = 0.0001005496
E[P_sel(45)] = 0.0000850509
E[P_sel(46)] = 0.0000863170
E[P_sel(47)] = 0.0000921711
E[P_sel(48)] = 0.0001057014
E[P_sel(49)] = 0.0001749862

---- alpha_dfe = 0.002579

