---- Running command
---- ./polyDFE -d /home/jejames/1001Genomes/NetworkConnectivity20polcounts13_56.8063872255489_PolyDFE.input -m C -i /home/jejames/1001Genomes/model.txt 1 -e 
---- Performing inference using model C

---- Performing inference on /home/jejames/1001Genomes/NetworkConnectivity20polcounts13_56.8063872255489_PolyDFE.input
----      with -i /home/jejames/1001Genomes/model.txt 1
---- Data /home/jejames/1001Genomes/NetworkConnectivity20polcounts13_56.8063872255489_PolyDFE.input does not contain divergence counts. Using option -w.
---- No mutation variability. Using Poisson likelihood.


---- Calculating initial values

-- Starting local optimization
-- Optimizing all parameters
  it        eps_an     theta_bar           S_d             b           p_b           S_b           r 2           r 3           r 4           r 5           r 6           r 7           r 8           r 9          r 10          r 11          r 12          r 13          r 14          r 15          r 16          r 17          r 18          r 19          r 20          r 21          r 22          r 23          r 24          r 25          r 26          r 27          r 28          r 29          r 30          r 31          r 32          r 33          r 34          r 35          r 36          r 37          r 38          r 39          r 40          r 41          r 42          r 43          r 44          r 45          r 46          r 47          r 48          r 49           ln lk          grad status 
   0           0.1 0.00894603098        -60000         0.208           0.1            20 0.75811373092 0.75478502080 0.77891816920 0.65533980582 0.66907073509 0.71941747572 0.67350901525 0.59916782246 0.53536754507 0.74299583911 0.60748959778 0.69778085991 0.81165048543 0.48682385575 0.64798890429 0.55409153952 0.81636615811 0.67725381414 0.94868238557 0.76601941747 0.70790568654 0.92191400832 1.14507628294 1.07489597780 1.06740638002 0.75270457697 0.96310679611 1.15436893203 1.15672676837 1.00180305131 1.34479889043 0.89251040221 1.45242718446 1.29126213592 1.20832177531 1.45228848821 1.29126213592 1.63897364771 1.96393897364 2.27461858529 1.99805825242 2.55852981969 2.66074895977 3.15187239944 3.03689320388 4.73259361997 6.10485436893             1 -2132.767986204 28.6106221018   -2 
 744 0.00995458350 0.00787862509 -404.80866078 0.27605044227 0.00013940241 0.40992689775 0.75947471931 0.73685715093 0.75793176159 0.70031646536  0.7013943419 0.65935770125 0.66492371600 0.64147634678 0.60917274086 0.67140409804 0.68633813217 0.69130999928 0.77045420980 0.46369536817 0.64682365269 0.53366749108 0.70067693413 0.77112139483 0.92425521823 0.77343498154 0.92136333657 0.93545712229 0.99557532904 1.14420376415 0.95812953199 0.82734000878 0.82105171632 0.93734762099 0.99130980012 0.80747062802 1.04362718829 0.72554855230 1.11461233295 0.90096732014 0.78908597500 1.19007685769 1.33324556932 1.39924754392 1.58500940083 1.80407386513 1.62858392720 1.85672918325 2.05149425037 2.22296496607 2.13578530825 2.82334804940 3.56609752725 3.67370055188 -298.8167585899 0.00034092376   -8 
-- Local optimization: reached maximum number of likelihood evaluations allowed.
---- Best joint likelihood found -298.816758589943959 with gradient 0.00034

---- Results for /home/jejames/1001Genomes/NetworkConnectivity20polcounts13_56.8063872255489_PolyDFE.input 
--  Model: C
--        eps_an     theta_bar             a 
-- 0.00995458350 0.00787862509            -1 
--           S_d             b           p_b           S_b 
-- -404.80866078 0.27605044227 0.00013940241 0.40992689775 
--           r 2           r 3           r 4           r 5           r 6           r 7           r 8           r 9          r 10          r 11          r 12          r 13          r 14          r 15          r 16          r 17          r 18          r 19          r 20          r 21          r 22          r 23          r 24          r 25          r 26          r 27          r 28          r 29          r 30          r 31          r 32          r 33          r 34          r 35          r 36          r 37          r 38          r 39          r 40          r 41          r 42          r 43          r 44          r 45          r 46          r 47          r 48          r 49 
-- 0.75947471931 0.73685715093 0.75793176159 0.70031646536  0.7013943419 0.65935770125 0.66492371600 0.64147634678 0.60917274086 0.67140409804 0.68633813217 0.69130999928 0.77045420980 0.46369536817 0.64682365269 0.53366749108 0.70067693413 0.77112139483 0.92425521823 0.77343498154 0.92136333657 0.93545712229 0.99557532904 1.14420376415 0.95812953199 0.82734000878 0.82105171632 0.93734762099 0.99130980012 0.80747062802 1.04362718829 0.72554855230 1.11461233295 0.90096732014 0.78908597500 1.19007685769 1.33324556932 1.39924754392 1.58500940083 1.80407386513 1.62858392720 1.85672918325 2.05149425037 2.22296496607 2.13578530825 2.82334804940 3.56609752725 3.67370055188 

---- Expected P_neut(i), 0 < i < n (neutral SFS per site) 
E[P_neut(1)] = 0.0078060767
E[P_neut(2)] = 0.0029678528
E[P_neut(3)] = 0.0019205882
E[P_neut(4)] = 0.0014816456
E[P_neut(5)] = 0.0010963955
E[P_neut(6)] = 0.0009154924
E[P_neut(7)] = 0.0007381179
E[P_neut(8)] = 0.0006513581
E[P_neut(9)] = 0.0005594112
E[P_neut(10)] = 0.0004782745
E[P_neut(11)] = 0.0004789124
E[P_neut(12)] = 0.0004488827
E[P_neut(13)] = 0.0004173190
E[P_neut(14)] = 0.0004309830
E[P_neut(15)] = 0.0002431466
E[P_neut(16)] = 0.0003179056
E[P_neut(17)] = 0.0002465897
E[P_neut(18)] = 0.0003061921
E[P_neut(19)] = 0.0003186165
E[P_neut(20)] = 0.0003630602
E[P_neut(21)] = 0.0002898181
E[P_neut(22)] = 0.0003289732
E[P_neut(23)] = 0.0003196532
E[P_neut(24)] = 0.0003264603
E[P_neut(25)] = 0.0003605901
E[P_neut(26)] = 0.0002906995
E[P_neut(27)] = 0.0002422052
E[P_neut(28)] = 0.0002320119
E[P_neut(29)] = 0.0002550091
E[P_neut(30)] = 0.0002613714
E[P_neut(31)] = 0.0002063582
E[P_neut(32)] = 0.0002574435
E[P_neut(33)] = 0.0001739597
E[P_neut(34)] = 0.0002588822
E[P_neut(35)] = 0.0002032165
E[P_neut(36)] = 0.0001752890
E[P_neut(37)] = 0.0002550580
E[P_neut(38)] = 0.0002781588
E[P_neut(39)] = 0.0002846436
E[P_neut(40)] = 0.0003138623
E[P_neut(41)] = 0.0003488127
E[P_neut(42)] = 0.0003089775
E[P_neut(43)] = 0.0003441980
E[P_neut(44)] = 0.0003728514
E[P_neut(45)] = 0.0003963086
E[P_neut(46)] = 0.0003770249
E[P_neut(47)] = 0.0004878310
E[P_neut(48)] = 0.0006092877
E[P_neut(49)] = 0.0006632363

---- Expected P_sel(i), 0 < i < n (selected SFS per site) 
E[P_sel(1)] = 0.0036732134
E[P_sel(2)] = 0.0010749845
E[P_sel(3)] = 0.0006081735
E[P_sel(4)] = 0.0004299644
E[P_sel(5)] = 0.0002983126
E[P_sel(6)] = 0.0002368553
E[P_sel(7)] = 0.0001832278
E[P_sel(8)] = 0.0001561601
E[P_sel(9)] = 0.0001300854
E[P_sel(10)] = 0.0001083088
E[P_sel(11)] = 0.0001059465
E[P_sel(12)] = 0.0000972108
E[P_sel(13)] = 0.0000886479
E[P_sel(14)] = 0.0000899791
E[P_sel(15)] = 0.0000499003
E[P_sel(16)] = 0.0000642654
E[P_sel(17)] = 0.0000491576
E[P_sel(18)] = 0.0000602265
E[P_sel(19)] = 0.0000619091
E[P_sel(20)] = 0.0000697159
E[P_sel(21)] = 0.0000550304
E[P_sel(22)] = 0.0000618173
E[P_sel(23)] = 0.0000594650
E[P_sel(24)] = 0.0000601520
E[P_sel(25)] = 0.0000658380
E[P_sel(26)] = 0.0000526186
E[P_sel(27)] = 0.0000434810
E[P_sel(28)] = 0.0000413239
E[P_sel(29)] = 0.0000450660
E[P_sel(30)] = 0.0000458622
E[P_sel(31)] = 0.0000359614
E[P_sel(32)] = 0.0000445395
E[P_sel(33)] = 0.0000299096
E[P_sel(34)] = 0.0000442150
E[P_sel(35)] = 0.0000344931
E[P_sel(36)] = 0.0000296673
E[P_sel(37)] = 0.0000428418
E[P_sel(38)] = 0.0000464677
E[P_sel(39)] = 0.0000473162
E[P_sel(40)] = 0.0000518846
E[P_sel(41)] = 0.0000574064
E[P_sel(42)] = 0.0000507430
E[P_sel(43)] = 0.0000563157
E[P_sel(44)] = 0.0000609030
E[P_sel(45)] = 0.0000646962
E[P_sel(46)] = 0.0000620309
E[P_sel(47)] = 0.0000804236
E[P_sel(48)] = 0.0001022846
E[P_sel(49)] = 0.0001288270

---- alpha_dfe = 0.001103

