---- Running command
---- ./polyDFE -d /home/jejames/1001Genomes/NetworkConnectivity20polcounts20_484.82304526749_PolyDFE.input -m C -i /home/jejames/1001Genomes/model.txt 1 -e 
---- Performing inference using model C

---- Performing inference on /home/jejames/1001Genomes/NetworkConnectivity20polcounts20_484.82304526749_PolyDFE.input
----      with -i /home/jejames/1001Genomes/model.txt 1
---- Data /home/jejames/1001Genomes/NetworkConnectivity20polcounts20_484.82304526749_PolyDFE.input does not contain divergence counts. Using option -w.
---- No mutation variability. Using Poisson likelihood.


---- Calculating initial values

-- Starting local optimization
-- Optimizing all parameters
  it        eps_an     theta_bar           S_d             b           p_b           S_b           r 2           r 3           r 4           r 5           r 6           r 7           r 8           r 9          r 10          r 11          r 12          r 13          r 14          r 15          r 16          r 17          r 18          r 19          r 20          r 21          r 22          r 23          r 24          r 25          r 26          r 27          r 28          r 29          r 30          r 31          r 32          r 33          r 34          r 35          r 36          r 37          r 38          r 39          r 40          r 41          r 42          r 43          r 44          r 45          r 46          r 47          r 48          r 49           ln lk          grad status 
   0           0.1 0.00868343318        -20000         0.406           0.1            20 0.87763263129 0.86776859504 0.82111436950 0.62316715542 0.63503065849 0.62423353772 0.57158091175 0.65622500666 0.64116235670 0.49853372434 0.62543321780 0.62556651559 0.78565715809 0.47987203412 0.39669421487 0.53705678485 0.44868035190 0.73193814982 0.79445481205 0.60183950946 0.55425219941 0.63463076512 0.68781658224 0.73313782991 0.88376432951 0.65862436683 0.67555318581 0.67648627032 0.80778459077 1.16115702479 0.69528125833 0.93695014662 0.69794721407 1.11970141295 0.90695814449 1.42535323913 0.80538523060 1.35163956278 1.32764596107 1.54665422553 1.92588643028 2.41308984270 2.02932551319 2.48933617701 3.55638496400 4.57344708077 5.80965075979             1 -2150.514313641 27.5563740488   -2 
1023 0.00005981085 0.00773818700 -1242.7366865 0.30491662061 0.00006836854 0.23860059249 0.83040316591 0.81166091360 0.83679045934 0.69030921106 0.67254913668 0.63419420782 0.55521682099 0.65899566587 0.60283600575 0.42778384540 0.65757153621 0.57265871084 0.78971581368 0.43158513869 0.42664741658 0.45590459148 0.45755517564 0.70598109382 0.69992610172 0.55768426438 0.53486472905 0.59755297782 0.53098830034 0.59468167994 0.62051652762 0.60330920089 0.60512823825 0.55869923271 0.62784781183 0.92572103000 0.72499066400 0.77624856941 0.74637224272 0.94120791227 0.76434880137 1.24154424893 0.52970966589 1.18578197113 0.98792131977 1.11597199970 1.38826137618 1.85096930942 1.49580101040 1.86871243124 2.64036980416 2.81935555536 3.56418477331 4.37796767424 -269.1066769299 0.00009971079    0 
---- Best joint likelihood found -269.106676929964692 with gradient 0.00010

---- Results for /home/jejames/1001Genomes/NetworkConnectivity20polcounts20_484.82304526749_PolyDFE.input 
--  Model: C
--        eps_an     theta_bar             a 
-- 0.00005981085 0.00773818700            -1 
--           S_d             b           p_b           S_b 
-- -1242.7366865 0.30491662061 0.00006836854 0.23860059249 
--           r 2           r 3           r 4           r 5           r 6           r 7           r 8           r 9          r 10          r 11          r 12          r 13          r 14          r 15          r 16          r 17          r 18          r 19          r 20          r 21          r 22          r 23          r 24          r 25          r 26          r 27          r 28          r 29          r 30          r 31          r 32          r 33          r 34          r 35          r 36          r 37          r 38          r 39          r 40          r 41          r 42          r 43          r 44          r 45          r 46          r 47          r 48          r 49 
-- 0.83040316591 0.81166091360 0.83679045934 0.69030921106 0.67254913668 0.63419420782 0.55521682099 0.65899566587 0.60283600575 0.42778384540 0.65757153621 0.57265871084 0.78971581368 0.43158513869 0.42664741658 0.45590459148 0.45755517564 0.70598109382 0.69992610172 0.55768426438 0.53486472905 0.59755297782 0.53098830034 0.59468167994 0.62051652762 0.60330920089 0.60512823825 0.55869923271 0.62784781183 0.92572103000 0.72499066400 0.77624856941 0.74637224272 0.94120791227 0.76434880137 1.24154424893 0.52970966589 1.18578197113 0.98792131977 1.11597199970 1.38826137618 1.85096930942 1.49580101040 1.86871243124 2.64036980416 2.81935555536 3.56418477331 4.37796767424 

---- Expected P_neut(i), 0 < i < n (neutral SFS per site) 
E[P_neut(1)] = 0.0077377655
E[P_neut(2)] = 0.0032127497
E[P_neut(3)] = 0.0020934972
E[P_neut(4)] = 0.0016187400
E[P_neut(5)] = 0.0010683037
E[P_neut(6)] = 0.0008673490
E[P_neut(7)] = 0.0007010513
E[P_neut(8)] = 0.0005370296
E[P_neut(9)] = 0.0005665822
E[P_neut(10)] = 0.0004664693
E[P_neut(11)] = 0.0003009298
E[P_neut(12)] = 0.0004240154
E[P_neut(13)] = 0.0003408675
E[P_neut(14)] = 0.0004364815
E[P_neut(15)] = 0.0002226449
E[P_neut(16)] = 0.0002063402
E[P_neut(17)] = 0.0002075205
E[P_neut(18)] = 0.0001967014
E[P_neut(19)] = 0.0002875237
E[P_neut(20)] = 0.0002708014
E[P_neut(21)] = 0.0002054950
E[P_neut(22)] = 0.0001881298
E[P_neut(23)] = 0.0002010408
E[P_neut(24)] = 0.0001712044
E[P_neut(25)] = 0.0001840703
E[P_neut(26)] = 0.0001846789
E[P_neut(27)] = 0.0001729098
E[P_neut(28)] = 0.0001672368
E[P_neut(29)] = 0.0001490833
E[P_neut(30)] = 0.0001619533
E[P_neut(31)] = 0.0002310809
E[P_neut(32)] = 0.0001753173
E[P_neut(33)] = 0.0001820245
E[P_neut(34)] = 0.0001698718
E[P_neut(35)] = 0.0002080935
E[P_neut(36)] = 0.0001643128
E[P_neut(37)] = 0.0002596617
E[P_neut(38)] = 0.0001078871
E[P_neut(39)] = 0.0002352809
E[P_neut(40)] = 0.0001911345
E[P_neut(41)] = 0.0002106457
E[P_neut(42)] = 0.0002557936
E[P_neut(43)] = 0.0003331184
E[P_neut(44)] = 0.0002630995
E[P_neut(45)] = 0.0003213879
E[P_neut(46)] = 0.0004442371
E[P_neut(47)] = 0.0004642826
E[P_neut(48)] = 0.0005747480
E[P_neut(49)] = 0.0006917997

---- Expected P_sel(i), 0 < i < n (selected SFS per site) 
E[P_sel(1)] = 0.0025645071
E[P_sel(2)] = 0.0007747134
E[P_sel(3)] = 0.0004328762
E[P_sel(4)] = 0.0003033111
E[P_sel(5)] = 0.0001863050
E[P_sel(6)] = 0.0001429948
E[P_sel(7)] = 0.0001103817
E[P_sel(8)] = 0.0000813346
E[P_sel(9)] = 0.0000829787
E[P_sel(10)] = 0.0000663307
E[P_sel(11)] = 0.0000416807
E[P_sel(12)] = 0.0000573540
E[P_sel(13)] = 0.0000451235
E[P_sel(14)] = 0.0000566505
E[P_sel(15)] = 0.0000283745
E[P_sel(16)] = 0.0000258553
E[P_sel(17)] = 0.0000255959
E[P_sel(18)] = 0.0000239053
E[P_sel(19)] = 0.0000344603
E[P_sel(20)] = 0.0000320328
E[P_sel(21)] = 0.0000240075
E[P_sel(22)] = 0.0000217210
E[P_sel(23)] = 0.0000229524
E[P_sel(24)] = 0.0000193378
E[P_sel(25)] = 0.0000205791
E[P_sel(26)] = 0.0000204455
E[P_sel(27)] = 0.0000189632
E[P_sel(28)] = 0.0000181758
E[P_sel(29)] = 0.0000160623
E[P_sel(30)] = 0.0000173030
E[P_sel(31)] = 0.0000244892
E[P_sel(32)] = 0.0000184345
E[P_sel(33)] = 0.0000189952
E[P_sel(34)] = 0.0000175973
E[P_sel(35)] = 0.0000214037
E[P_sel(36)] = 0.0000167846
E[P_sel(37)] = 0.0000263465
E[P_sel(38)] = 0.0000108761
E[P_sel(39)] = 0.0000235671
E[P_sel(40)] = 0.0000190277
E[P_sel(41)] = 0.0000208443
E[P_sel(42)] = 0.0000251632
E[P_sel(43)] = 0.0000325826
E[P_sel(44)] = 0.0000255917
E[P_sel(45)] = 0.0000310914
E[P_sel(46)] = 0.0000427486
E[P_sel(47)] = 0.0000444490
E[P_sel(48)] = 0.0000547544
E[P_sel(49)] = 0.0000656518

---- alpha_dfe = 0.000822

