---- Running command
---- ./polyDFE -d /home/jejames/1001Genomes/NetworkConnectivity20polcounts14_68.9823788546256_PolyDFE.input -m C -i /home/jejames/1001Genomes/model_NetworkConnect.txt 1 -e 
---- Performing inference using model C

---- Performing inference on /home/jejames/1001Genomes/NetworkConnectivity20polcounts14_68.9823788546256_PolyDFE.input
----      with -i /home/jejames/1001Genomes/model_NetworkConnect.txt 1
---- Data /home/jejames/1001Genomes/NetworkConnectivity20polcounts14_68.9823788546256_PolyDFE.input does not contain divergence counts. Using option -w.
---- No mutation variability. Using Poisson likelihood.


---- Calculating initial values

-- Starting local optimization
-- Optimizing all parameters
  it        eps_an     theta_bar           S_d             b           r 2           r 3           r 4           r 5           r 6           r 7           r 8           r 9          r 10          r 11          r 12          r 13          r 14          r 15          r 16          r 17          r 18          r 19          r 20          r 21          r 22          r 23          r 24          r 25          r 26          r 27          r 28          r 29          r 30          r 31          r 32          r 33          r 34          r 35          r 36          r 37          r 38          r 39          r 40          r 41          r 42          r 43          r 44          r 45          r 46          r 47          r 48          r 49           ln lk          grad status 
   0           0.1 0.00962330611        -20000         0.208 0.85169433392 0.78446974893 0.70517217725 0.67087391960 0.67745918507 0.56852791878 0.64645356015 0.73096446700 0.63794759226 0.67457813143 0.57127177939 0.44944436822 0.49746192893 0.60090547400 0.81218274111 0.64137741802 0.82480449993 0.92536699135 0.63383180134 0.72602551790 0.61572232130 1.00974070517 0.97132665660 1.23473727534 1.19495129647 0.88901083824 0.90657154616 0.74797640279 0.98367402935 0.99945122787 0.90437645767 1.06393195225 0.97955823844 1.09480038414 0.84456029633 1.36040609137 1.26684044450 1.83523117025 1.89326382219 2.06996844560 1.96487858416 2.17094251612 3.18123199341 3.46961174372 3.31321168884 3.83015502812 5.90039785978             1 -739.8855972353 16.4311947561   -2 
 216 0.02991116532 0.00867639140 -1163.6231963 0.22701675853 0.85172233947 0.79816693029 0.69921411884 0.62444382104 0.69867401909 0.62496795635 0.60239434293 0.72515945614 0.58779079748 0.60464311941 0.63821140735 0.58711950529 0.46394932741 0.65810081736 0.70571190385 0.62825280800 0.68172506102 0.81100126825 0.72575701836 0.73588949834 0.65530914607 0.76364177787 0.84646687444 0.88118945913 0.79428391639 0.73593991046 0.67146728697 0.73253210061 0.69632029063 0.86620991779 0.83401483377 0.93237803657 0.83523031936 0.81280747168 0.92555593022 0.91386798629 0.90240730473 1.31456583566 1.48627927871 1.46574912912 1.47963637567 1.67723217295 2.43179589106 2.57213097493 2.04443975609 2.64723004829 3.03256993321 2.44555237073 -299.3326300359 0.00008947154    0 
---- Best joint likelihood found -299.332630035988586 with gradient 0.00009

---- Results for /home/jejames/1001Genomes/NetworkConnectivity20polcounts14_68.9823788546256_PolyDFE.input 
--  Model: C
--        eps_an     theta_bar             a 
-- 0.02991116532 0.00867639140            -1 
--           S_d             b           p_b           S_b 
-- -1163.6231963 0.22701675853             0             0 
--           r 2           r 3           r 4           r 5           r 6           r 7           r 8           r 9          r 10          r 11          r 12          r 13          r 14          r 15          r 16          r 17          r 18          r 19          r 20          r 21          r 22          r 23          r 24          r 25          r 26          r 27          r 28          r 29          r 30          r 31          r 32          r 33          r 34          r 35          r 36          r 37          r 38          r 39          r 40          r 41          r 42          r 43          r 44          r 45          r 46          r 47          r 48          r 49 
-- 0.85172233947 0.79816693029 0.69921411884 0.62444382104 0.69867401909 0.62496795635 0.60239434293 0.72515945614 0.58779079748 0.60464311941 0.63821140735 0.58711950529 0.46394932741 0.65810081736 0.70571190385 0.62825280800 0.68172506102 0.81100126825 0.72575701836 0.73588949834 0.65530914607 0.76364177787 0.84646687444 0.88118945913 0.79428391639 0.73593991046 0.67146728697 0.73253210061 0.69632029063 0.86620991779 0.83401483377 0.93237803657 0.83523031936 0.81280747168 0.92555593022 0.91386798629 0.90240730473 1.31456583566 1.48627927871 1.46574912912 1.47963637567 1.67723217295 2.43179589106 2.57213097493 2.04443975609 2.64723004829 3.03256993321 2.44555237073 

---- Expected P_neut(i), 0 < i < n (neutral SFS per site) 
E[P_neut(1)] = 0.0084298229
E[P_neut(2)] = 0.0036008144
E[P_neut(3)] = 0.0022539731
E[P_neut(4)] = 0.0014828329
E[P_neut(5)] = 0.0010660064
E[P_neut(6)] = 0.0009944513
E[P_neut(7)] = 0.0007615905
E[P_neut(8)] = 0.0006429272
E[P_neut(9)] = 0.0006874527
E[P_neut(10)] = 0.0005043789
E[P_neut(11)] = 0.0004714024
E[P_neut(12)] = 0.0004538082
E[P_neut(13)] = 0.0003865414
E[P_neut(14)] = 0.0002856009
E[P_neut(15)] = 0.0003753035
E[P_neut(16)] = 0.0003776181
E[P_neut(17)] = 0.0003183867
E[P_neut(18)] = 0.0003255412
E[P_neut(19)] = 0.0003665196
E[P_neut(20)] = 0.0003114538
E[P_neut(21)] = 0.0003015024
E[P_neut(22)] = 0.0002569350
E[P_neut(23)] = 0.0002865292
E[P_neut(24)] = 0.0003047866
E[P_neut(25)] = 0.0003058218
E[P_neut(26)] = 0.0002662833
E[P_neut(27)] = 0.0002380355
E[P_neut(28)] = 0.0002095750
E[P_neut(29)] = 0.0002217021
E[P_neut(30)] = 0.0002047787
E[P_neut(31)] = 0.0002462638
E[P_neut(32)] = 0.0002291976
E[P_neut(33)] = 0.0002474001
E[P_neut(34)] = 0.0002182121
E[P_neut(35)] = 0.0002068516
E[P_neut(36)] = 0.0002249971
E[P_neut(37)] = 0.0002196102
E[P_neut(38)] = 0.0002136826
E[P_neut(39)] = 0.0002979711
E[P_neut(40)] = 0.0003279999
E[P_neut(41)] = 0.0003218134
E[P_neut(42)] = 0.0003160634
E[P_neut(43)] = 0.0003514737
E[P_neut(44)] = 0.0004954044
E[P_neut(45)] = 0.0005135067
E[P_neut(46)] = 0.0004194475
E[P_neut(47)] = 0.0005431192
E[P_neut(48)] = 0.0006422855
E[P_neut(49)] = 0.0006796005

---- Expected P_sel(i), 0 < i < n (selected SFS per site) 
E[P_sel(1)] = 0.0034823412
E[P_sel(2)] = 0.0011786182
E[P_sel(3)] = 0.0006591581
E[P_sel(4)] = 0.0004033565
E[P_sel(5)] = 0.0002745393
E[P_sel(6)] = 0.0002457870
E[P_sel(7)] = 0.0001820815
E[P_sel(8)] = 0.0001493701
E[P_sel(9)] = 0.0001558744
E[P_sel(10)] = 0.0001117749
E[P_sel(11)] = 0.0001024997
E[P_sel(12)] = 0.0000970818
E[P_sel(13)] = 0.0000813532
E[P_sel(14)] = 0.0000591827
E[P_sel(15)] = 0.0000768352
E[P_sel(16)] = 0.0000763521
E[P_sel(17)] = 0.0000635938
E[P_sel(18)] = 0.0000643472
E[P_sel(19)] = 0.0000717280
E[P_sel(20)] = 0.0000603771
E[P_sel(21)] = 0.0000579165
E[P_sel(22)] = 0.0000489327
E[P_sel(23)] = 0.0000541314
E[P_sel(24)] = 0.0000571411
E[P_sel(25)] = 0.0000569197
E[P_sel(26)] = 0.0000492240
E[P_sel(27)] = 0.0000437189
E[P_sel(28)] = 0.0000382548
E[P_sel(29)] = 0.0000402396
E[P_sel(30)] = 0.0000369745
E[P_sel(31)] = 0.0000442264
E[P_sel(32)] = 0.0000409436
E[P_sel(33)] = 0.0000439560
E[P_sel(34)] = 0.0000386667
E[P_sel(35)] = 0.0000365142
E[P_sel(36)] = 0.0000394307
E[P_sel(37)] = 0.0000384542
E[P_sel(38)] = 0.0000373853
E[P_sel(39)] = 0.0000517433
E[P_sel(40)] = 0.0000567539
E[P_sel(41)] = 0.0000558632
E[P_sel(42)] = 0.0000546974
E[P_sel(43)] = 0.0000608363
E[P_sel(44)] = 0.0000854957
E[P_sel(45)] = 0.0000887163
E[P_sel(46)] = 0.0000745867
E[P_sel(47)] = 0.0000987768
E[P_sel(48)] = 0.0001240026
E[P_sel(49)] = 0.0001763620

---- alpha_dfe = 0.000000

