---- Running command
---- ./polyDFE -d /home/jejames/1001Genomes/NetworkConnectivity20polcounts11_38.9885931558935_PolyDFE.input -m C -i /home/jejames/1001Genomes/model.txt 1 -e 
---- Performing inference using model C

---- Performing inference on /home/jejames/1001Genomes/NetworkConnectivity20polcounts11_38.9885931558935_PolyDFE.input
----      with -i /home/jejames/1001Genomes/model.txt 1
---- Data /home/jejames/1001Genomes/NetworkConnectivity20polcounts11_38.9885931558935_PolyDFE.input does not contain divergence counts. Using option -w.
---- No mutation variability. Using Poisson likelihood.


---- Calculating initial values

-- Starting local optimization
-- Optimizing all parameters
  it        eps_an     theta_bar           S_d             b           p_b           S_b           r 2           r 3           r 4           r 5           r 6           r 7           r 8           r 9          r 10          r 11          r 12          r 13          r 14          r 15          r 16          r 17          r 18          r 19          r 20          r 21          r 22          r 23          r 24          r 25          r 26          r 27          r 28          r 29          r 30          r 31          r 32          r 33          r 34          r 35          r 36          r 37          r 38          r 39          r 40          r 41          r 42          r 43          r 44          r 45          r 46          r 47          r 48          r 49           ln lk          grad status 
   0           0.1 0.00997593507        -50000         0.208           0.1            20 0.78806989883 0.68348443042 0.64327946393 0.54789121009 0.61568782026 0.55367231638 0.64012613322 0.64327946393 0.54526343450 0.63014058599 0.50926290894 0.72933911443 0.56654841676 0.62672447772 0.66430166863 0.72368939692 0.69294442254 0.69399553278 0.67271055051 0.76152936539 0.91052424122 0.67087110760 0.67796610169 1.18249901458 0.87110760741 0.56050453291 1.01169360136 0.92970700302 0.88293259755 1.06713966627 0.99645250295 1.19668900275 1.26869005386 1.02089081592 1.38115884903 1.95913808960 1.33307055577 1.66022861647 1.55038759689 2.24096702141 1.99211667323 2.58757062146 1.78636184469 2.75522270398 2.75601103665 4.48324793062 6.24990145841             1 -2172.860271753 28.4117222184   -2 
 653 0.00136617342 0.00834104403 -354.12226412 0.28126351508 0.00004145341 0.28954955469 0.84246126986 0.80441038260 0.67197330073 0.64915534163 0.67289311747 0.61644062380 0.68412752516 0.64421696464 0.63894335246 0.73223443486 0.70849809685 0.67473349936 0.61545122682 0.71386871755 0.59887179284 0.70825054265 0.73094058258 0.81426681435 0.64629177848 0.82448629569 0.83795664965 0.56587414212 0.70846317063 0.96496664176 0.62960516240 0.54381334005 0.91751341416 0.79103215180 0.80031249292 0.80738813389 0.63233748501 0.91175854287 0.96658432238 1.02220224636 1.33807959000 1.56451950459 1.14539411298 1.31880319763 1.58732350856 1.77924599112 2.10014939658 2.06112033236 1.37267884178 1.99831781080 2.11012525774 3.08400054056 4.05723561389 4.89376523711 -311.9219942397 0.00016989239   -8 
-- Local optimization: reached maximum number of likelihood evaluations allowed.
---- Best joint likelihood found -311.921994239703167 with gradient 0.00017

---- Results for /home/jejames/1001Genomes/NetworkConnectivity20polcounts11_38.9885931558935_PolyDFE.input 
--  Model: C
--        eps_an     theta_bar             a 
-- 0.00136617342 0.00834104403            -1 
--           S_d             b           p_b           S_b 
-- -354.12226412 0.28126351508 0.00004145341 0.28954955469 
--           r 2           r 3           r 4           r 5           r 6           r 7           r 8           r 9          r 10          r 11          r 12          r 13          r 14          r 15          r 16          r 17          r 18          r 19          r 20          r 21          r 22          r 23          r 24          r 25          r 26          r 27          r 28          r 29          r 30          r 31          r 32          r 33          r 34          r 35          r 36          r 37          r 38          r 39          r 40          r 41          r 42          r 43          r 44          r 45          r 46          r 47          r 48          r 49 
-- 0.84246126986 0.80441038260 0.67197330073 0.64915534163 0.67289311747 0.61644062380 0.68412752516 0.64421696464 0.63894335246 0.73223443486 0.70849809685 0.67473349936 0.61545122682 0.71386871755 0.59887179284 0.70825054265 0.73094058258 0.81426681435 0.64629177848 0.82448629569 0.83795664965 0.56587414212 0.70846317063 0.96496664176 0.62960516240 0.54381334005 0.91751341416 0.79103215180 0.80031249292 0.80738813389 0.63233748501 0.91175854287 0.96658432238 1.02220224636 1.33807959000 1.56451950459 1.14539411298 1.31880319763 1.58732350856 1.77924599112 2.10014939658 2.06112033236 1.37267884178 1.99831781080 2.11012525774 3.08400054056 4.05723561389 4.89376523711 

---- Expected P_neut(i), 0 < i < n (neutral SFS per site) 
E[P_neut(1)] = 0.0083307868
E[P_neut(2)] = 0.0035096664
E[P_neut(3)] = 0.0022342330
E[P_neut(4)] = 0.0013998481
E[P_neut(5)] = 0.0010819532
E[P_neut(6)] = 0.0009345161
E[P_neut(7)] = 0.0007340796
E[P_neut(8)] = 0.0007128876
E[P_neut(9)] = 0.0005967280
E[P_neut(10)] = 0.0005326696
E[P_neut(11)] = 0.0005548631
E[P_neut(12)] = 0.0004921385
E[P_neut(13)] = 0.0004328121
E[P_neut(14)] = 0.0003666016
E[P_neut(15)] = 0.0003967512
E[P_neut(16)] = 0.0003120984
E[P_neut(17)] = 0.0003473430
E[P_neut(18)] = 0.0003384740
E[P_neut(19)] = 0.0003572734
E[P_neut(20)] = 0.0002694732
E[P_neut(21)] = 0.0003273433
E[P_neut(22)] = 0.0003176409
E[P_neut(23)] = 0.0002051657
E[P_neut(24)] = 0.0002461613
E[P_neut(25)] = 0.0003219532
E[P_neut(26)] = 0.0002020437
E[P_neut(27)] = 0.0001680498
E[P_neut(28)] = 0.0002733828
E[P_neut(29)] = 0.0002276550
E[P_neut(30)] = 0.0002225790
E[P_neut(31)] = 0.0002174322
E[P_neut(32)] = 0.0001650611
E[P_neut(33)] = 0.0002306150
E[P_neut(34)] = 0.0002372297
E[P_neut(35)] = 0.0002438162
E[P_neut(36)] = 0.0003101046
E[P_neut(37)] = 0.0003528049
E[P_neut(38)] = 0.0002517447
E[P_neut(39)] = 0.0002824295
E[P_neut(40)] = 0.0003312743
E[P_neut(41)] = 0.0003622911
E[P_neut(42)] = 0.0004174865
E[P_neut(43)] = 0.0004002688
E[P_neut(44)] = 0.0002611401
E[P_neut(45)] = 0.0003713747
E[P_neut(46)] = 0.0003840144
E[P_neut(47)] = 0.0005496223
E[P_neut(48)] = 0.0007088698
E[P_neut(49)] = 0.0008433003

---- Expected P_sel(i), 0 < i < n (selected SFS per site) 
E[P_sel(1)] = 0.0040128952
E[P_sel(2)] = 0.0013008746
E[P_sel(3)] = 0.0007226891
E[P_sel(4)] = 0.0004142898
E[P_sel(5)] = 0.0002999779
E[P_sel(6)] = 0.0002461704
E[P_sel(7)] = 0.0001853887
E[P_sel(8)] = 0.0001737480
E[P_sel(9)] = 0.0001410341
E[P_sel(10)] = 0.0001225350
E[P_sel(11)] = 0.0001246040
E[P_sel(12)] = 0.0001081401
E[P_sel(13)] = 0.0000932315
E[P_sel(14)] = 0.0000775484
E[P_sel(15)] = 0.0000825365
E[P_sel(16)] = 0.0000639218
E[P_sel(17)] = 0.0000701166
E[P_sel(18)] = 0.0000674052
E[P_sel(19)] = 0.0000702428
E[P_sel(20)] = 0.0000523430
E[P_sel(21)] = 0.0000628617
E[P_sel(22)] = 0.0000603389
E[P_sel(23)] = 0.0000385726
E[P_sel(24)] = 0.0000458260
E[P_sel(25)] = 0.0000593731
E[P_sel(26)] = 0.0000369254
E[P_sel(27)] = 0.0000304480
E[P_sel(28)] = 0.0000491220
E[P_sel(29)] = 0.0000405804
E[P_sel(30)] = 0.0000393695
E[P_sel(31)] = 0.0000381764
E[P_sel(32)] = 0.0000287760
E[P_sel(33)] = 0.0000399215
E[P_sel(34)] = 0.0000407889
E[P_sel(35)] = 0.0000416523
E[P_sel(36)] = 0.0000526349
E[P_sel(37)] = 0.0000595160
E[P_sel(38)] = 0.0000422277
E[P_sel(39)] = 0.0000471022
E[P_sel(40)] = 0.0000549288
E[P_sel(41)] = 0.0000597453
E[P_sel(42)] = 0.0000684852
E[P_sel(43)] = 0.0000653289
E[P_sel(44)] = 0.0000424722
E[P_sel(45)] = 0.0000600843
E[P_sel(46)] = 0.0000619054
E[P_sel(47)] = 0.0000883055
E[P_sel(48)] = 0.0001137267
E[P_sel(49)] = 0.0001371505

---- alpha_dfe = 0.000306

