---- Running command
---- ./polyDFE -d /home/jejames/1001Genomes/NetworkConnectivity20polcounts9_24.120527306968_PolyDFE.input -m C -i /home/jejames/1001Genomes/model.txt 1 -e 
---- Performing inference using model C

---- Performing inference on /home/jejames/1001Genomes/NetworkConnectivity20polcounts9_24.120527306968_PolyDFE.input
----      with -i /home/jejames/1001Genomes/model.txt 1
---- Data /home/jejames/1001Genomes/NetworkConnectivity20polcounts9_24.120527306968_PolyDFE.input does not contain divergence counts. Using option -w.
---- No mutation variability. Using Poisson likelihood.


---- Calculating initial values

-- Starting local optimization
-- Optimizing all parameters
  it        eps_an     theta_bar           S_d             b           p_b           S_b           r 2           r 3           r 4           r 5           r 6           r 7           r 8           r 9          r 10          r 11          r 12          r 13          r 14          r 15          r 16          r 17          r 18          r 19          r 20          r 21          r 22          r 23          r 24          r 25          r 26          r 27          r 28          r 29          r 30          r 31          r 32          r 33          r 34          r 35          r 36          r 37          r 38          r 39          r 40          r 41          r 42          r 43          r 44          r 45          r 46          r 47          r 48          r 49           ln lk          grad status 
   0           0.1 0.00927043893        -20000         0.208           0.1            20 0.87712716065 0.71673589709 0.72678547501 0.71485997588 0.59573897896 0.51587833311 0.45986868551 0.62588771271 0.62039394345 0.76792174728 0.75572825941 0.54173924695 0.56465228460 0.63513332440 0.54240921881 0.89293849658 0.66809593997 0.73067131180 0.31622671847 0.78225914511 0.51882620929 0.91531555674 0.72356961007 0.80396623341 0.92322122470 0.98767251775 1.14056009647 0.70722229666 0.73160927241 0.76015007369 1.08481843762 1.09660994238 1.26195899772 1.33190406002 1.87645718879 1.58153557550 1.57845370494 1.51025056947 1.75264638885 1.92831301085 1.46884630845 1.78614498191 2.05761758006 2.42998794050 3.22980034838 4.32654428514 5.25472330162             1 -1978.804409674 26.5108430657   -2 
 810 0.00002290461 0.00830784153 -546.58602078 0.22692126137 0.00008845288 0.33148744991 0.80607944384 0.67916039257 0.64651220023 0.69236841471 0.57850335167 0.60700191900 0.58954378057 0.67718484811 0.52041670688 0.71853710425 0.73761193915 0.63004614045 0.61220874701 0.61770849906 0.67242425104 0.79757170130 0.77588548405 0.75661473565 0.45903018085 0.70776116050 0.64022001416 0.69958119895 0.64669219430 0.81147465818 0.79993651423 0.86629326414 0.85034756944 0.70682653602 0.69678495339 0.66514808938 1.00330767033 0.89510835890 0.96672581231 1.01941184909 1.40904290165 1.12904996765 1.11482927202 1.29316675327 1.12862412219 1.51999407407 1.11071527521 1.41079271862 1.78027684236 1.73868693106 2.36457095348 2.53986912298 2.62884195520 4.09404468711 -314.1710378792 0.00021599787   -8 
-- Local optimization: reached maximum number of likelihood evaluations allowed.
---- Best joint likelihood found -314.171037879297160 with gradient 0.00022

---- Results for /home/jejames/1001Genomes/NetworkConnectivity20polcounts9_24.120527306968_PolyDFE.input 
--  Model: C
--        eps_an     theta_bar             a 
-- 0.00002290461 0.00830784153            -1 
--           S_d             b           p_b           S_b 
-- -546.58602078 0.22692126137 0.00008845288 0.33148744991 
--           r 2           r 3           r 4           r 5           r 6           r 7           r 8           r 9          r 10          r 11          r 12          r 13          r 14          r 15          r 16          r 17          r 18          r 19          r 20          r 21          r 22          r 23          r 24          r 25          r 26          r 27          r 28          r 29          r 30          r 31          r 32          r 33          r 34          r 35          r 36          r 37          r 38          r 39          r 40          r 41          r 42          r 43          r 44          r 45          r 46          r 47          r 48          r 49 
-- 0.80607944384 0.67916039257 0.64651220023 0.69236841471 0.57850335167 0.60700191900 0.58954378057 0.67718484811 0.52041670688 0.71853710425 0.73761193915 0.63004614045 0.61220874701 0.61770849906 0.67242425104 0.79757170130 0.77588548405 0.75661473565 0.45903018085 0.70776116050 0.64022001416 0.69958119895 0.64669219430 0.81147465818 0.79993651423 0.86629326414 0.85034756944 0.70682653602 0.69678495339 0.66514808938 1.00330767033 0.89510835890 0.96672581231 1.01941184909 1.40904290165 1.12904996765 1.11482927202 1.29316675327 1.12862412219 1.51999407407 1.11071527521 1.41079271862 1.78027684236 1.73868693106 2.36457095348 2.53986912298 2.62884195520 4.09404468711 

---- Expected P_neut(i), 0 < i < n (neutral SFS per site) 
E[P_neut(1)] = 0.0083076671
E[P_neut(2)] = 0.0033483239
E[P_neut(3)] = 0.0018807528
E[P_neut(4)] = 0.0013427593
E[P_neut(5)] = 0.0011503984
E[P_neut(6)] = 0.0008010084
E[P_neut(7)] = 0.0007204006
E[P_neut(8)] = 0.0006122205
E[P_neut(9)] = 0.0006250977
E[P_neut(10)] = 0.0004323494
E[P_neut(11)] = 0.0005426750
E[P_neut(12)] = 0.0005106575
E[P_neut(13)] = 0.0004026369
E[P_neut(14)] = 0.0003632944
E[P_neut(15)] = 0.0003421193
E[P_neut(16)] = 0.0003491470
E[P_neut(17)] = 0.0003897668
E[P_neut(18)] = 0.0003581052
E[P_neut(19)] = 0.0003308299
E[P_neut(20)] = 0.0001906776
E[P_neut(21)] = 0.0002799967
E[P_neut(22)] = 0.0002417660
E[P_neut(23)] = 0.0002526964
E[P_neut(24)] = 0.0002238597
E[P_neut(25)] = 0.0002696641
E[P_neut(26)] = 0.0002556049
E[P_neut(27)] = 0.0002665562
E[P_neut(28)] = 0.0002523052
E[P_neut(29)] = 0.0002024915
E[P_neut(30)] = 0.0001929592
E[P_neut(31)] = 0.0001782598
E[P_neut(32)] = 0.0002604810
E[P_neut(33)] = 0.0002253498
E[P_neut(34)] = 0.0002362204
E[P_neut(35)] = 0.0002419769
E[P_neut(36)] = 0.0003251705
E[P_neut(37)] = 0.0002535161
E[P_neut(38)] = 0.0002437383
E[P_neut(39)] = 0.0002754785
E[P_neut(40)] = 0.0002344153
E[P_neut(41)] = 0.0003080041
E[P_neut(42)] = 0.0002197149
E[P_neut(43)] = 0.0002725833
E[P_neut(44)] = 0.0003361529
E[P_neut(45)] = 0.0003210131
E[P_neut(46)] = 0.0004270749
E[P_neut(47)] = 0.0004489866
E[P_neut(48)] = 0.0004550663
E[P_neut(49)] = 0.0006943106

---- Expected P_sel(i), 0 < i < n (selected SFS per site) 
E[P_sel(1)] = 0.0040241715
E[P_sel(2)] = 0.0013008105
E[P_sel(3)] = 0.0006542059
E[P_sel(4)] = 0.0004347723
E[P_sel(5)] = 0.0003534319
E[P_sel(6)] = 0.0002361491
E[P_sel(7)] = 0.0002053193
E[P_sel(8)] = 0.0001695637
E[P_sel(9)] = 0.0001688955
E[P_sel(10)] = 0.0001142981
E[P_sel(11)] = 0.0001407013
E[P_sel(12)] = 0.0001300974
E[P_sel(13)] = 0.0001009520
E[P_sel(14)] = 0.0000897625
E[P_sel(15)] = 0.0000833942
E[P_sel(16)] = 0.0000840441
E[P_sel(17)] = 0.0000927274
E[P_sel(18)] = 0.0000842630
E[P_sel(19)] = 0.0000770434
E[P_sel(20)] = 0.0000439729
E[P_sel(21)] = 0.0000639761
E[P_sel(22)] = 0.0000547571
E[P_sel(23)] = 0.0000567554
E[P_sel(24)] = 0.0000498785
E[P_sel(25)] = 0.0000596265
E[P_sel(26)] = 0.0000561053
E[P_sel(27)] = 0.0000580991
E[P_sel(28)] = 0.0000546223
E[P_sel(29)] = 0.0000435534
E[P_sel(30)] = 0.0000412433
E[P_sel(31)] = 0.0000378712
E[P_sel(32)] = 0.0000550154
E[P_sel(33)] = 0.0000473262
E[P_sel(34)] = 0.0000493371
E[P_sel(35)] = 0.0000502705
E[P_sel(36)] = 0.0000672050
E[P_sel(37)] = 0.0000521329
E[P_sel(38)] = 0.0000498777
E[P_sel(39)] = 0.0000561050
E[P_sel(40)] = 0.0000475209
E[P_sel(41)] = 0.0000621574
E[P_sel(42)] = 0.0000441452
E[P_sel(43)] = 0.0000545324
E[P_sel(44)] = 0.0000669678
E[P_sel(45)] = 0.0000636907
E[P_sel(46)] = 0.0000843942
E[P_sel(47)] = 0.0000883787
E[P_sel(48)] = 0.0000892397
E[P_sel(49)] = 0.0001356769

---- alpha_dfe = 0.000540

