---- Running command
---- ./polyDFE -d /home/jejames/1001Genomes/NetworkConnectivity20polcounts12_47.4549878345499_PolyDFE.input -m C -i /home/jejames/1001Genomes/model.txt 1 -e 
---- Performing inference using model C

---- Performing inference on /home/jejames/1001Genomes/NetworkConnectivity20polcounts12_47.4549878345499_PolyDFE.input
----      with -i /home/jejames/1001Genomes/model.txt 1
---- Data /home/jejames/1001Genomes/NetworkConnectivity20polcounts12_47.4549878345499_PolyDFE.input does not contain divergence counts. Using option -w.
---- No mutation variability. Using Poisson likelihood.


---- Calculating initial values

-- Starting local optimization
-- Optimizing all parameters
  it        eps_an     theta_bar           S_d             b           p_b           S_b           r 2           r 3           r 4           r 5           r 6           r 7           r 8           r 9          r 10          r 11          r 12          r 13          r 14          r 15          r 16          r 17          r 18          r 19          r 20          r 21          r 22          r 23          r 24          r 25          r 26          r 27          r 28          r 29          r 30          r 31          r 32          r 33          r 34          r 35          r 36          r 37          r 38          r 39          r 40          r 41          r 42          r 43          r 44          r 45          r 46          r 47          r 48          r 49           ln lk          grad status 
   0           0.1 0.01001411365        -60000         0.208           0.1            20 0.81307853090 0.80038817557 0.75843535383 0.74126604956 0.67363392057 0.93012839653 0.75246342191 0.64228127799 0.66885637503 0.73902657509 0.88683189011 0.80934607345 0.80471782621 0.63825022394 0.66169005673 0.68274111675 0.81696028665 1.01269035532 0.60017915795 0.96879665571 0.97879964168 0.88936996118 0.95312033442 1.38100925649 0.90833084502 0.68931024186 1.84771573604 0.95685279187 1.29441624365 1.17094655120 1.22305165721 1.28590624066 1.28426395939 1.28023290534 1.85428486115 2.17094655120 1.67363392057 1.68856375037 2.10212003583 2.33830994326 1.94386383995 3.14571513884 2.94296805016 3.07031949835 2.67841146610 6.19602866527 5.92654523738             1 -2248.647714041 29.0739093479   -2 
 769 0.00296031178 0.00850526016 -216.62051344 0.33460908137 0.00005570834 0.45004668730 0.85702260991 0.85479203006 0.76710640248 0.81257599113 0.77030970628 0.87516526100 0.80691429581 0.88010166344 0.62863431259 0.84522165888 0.84541253119 0.82919664988 0.74482929091 0.62373605242 0.71992342397 0.64008441885 0.76643049106 0.87394484533 0.73655954431 0.89494115832 0.87159285794 0.95465482713 0.88477326833 1.12724054610 0.92521110848 0.70061664483 1.46285797115 0.94908803863 1.33237024888 1.02185701725 1.08541811069 1.06865581660 1.18899955413 1.22820774298 1.23585005860 1.77186097113 1.40587030010 1.51184266583 1.79518749009 1.80477426260 1.67246237623 2.34028683302 2.28547261353 2.56724113511 2.34204518126 4.29724082130 3.93605365709 4.81165919815 -305.2582032703 0.00007137232    0 
---- Best joint likelihood found -305.258203270340459 with gradient 0.00007

---- Results for /home/jejames/1001Genomes/NetworkConnectivity20polcounts12_47.4549878345499_PolyDFE.input 
--  Model: C
--        eps_an     theta_bar             a 
-- 0.00296031178 0.00850526016            -1 
--           S_d             b           p_b           S_b 
-- -216.62051344 0.33460908137 0.00005570834 0.45004668730 
--           r 2           r 3           r 4           r 5           r 6           r 7           r 8           r 9          r 10          r 11          r 12          r 13          r 14          r 15          r 16          r 17          r 18          r 19          r 20          r 21          r 22          r 23          r 24          r 25          r 26          r 27          r 28          r 29          r 30          r 31          r 32          r 33          r 34          r 35          r 36          r 37          r 38          r 39          r 40          r 41          r 42          r 43          r 44          r 45          r 46          r 47          r 48          r 49 
-- 0.85702260991 0.85479203006 0.76710640248 0.81257599113 0.77030970628 0.87516526100 0.80691429581 0.88010166344 0.62863431259 0.84522165888 0.84541253119 0.82919664988 0.74482929091 0.62373605242 0.71992342397 0.64008441885 0.76643049106 0.87394484533 0.73655954431 0.89494115832 0.87159285794 0.95465482713 0.88477326833 1.12724054610 0.92521110848 0.70061664483 1.46285797115 0.94908803863 1.33237024888 1.02185701725 1.08541811069 1.06865581660 1.18899955413 1.22820774298 1.23585005860 1.77186097113 1.40587030010 1.51184266583 1.79518749009 1.80477426260 1.67246237623 2.34028683302 2.28547261353 2.56724113511 2.34204518126 4.29724082130 3.93605365709 4.81165919815 

---- Expected P_neut(i), 0 < i < n (neutral SFS per site) 
E[P_neut(1)] = 0.0084825544
E[P_neut(2)] = 0.0036358756
E[P_neut(3)] = 0.0024185375
E[P_neut(4)] = 0.0016275632
E[P_neut(5)] = 0.0013795786
E[P_neut(6)] = 0.0010900227
E[P_neut(7)] = 0.0010615808
E[P_neut(8)] = 0.0008563400
E[P_neut(9)] = 0.0008303677
E[P_neut(10)] = 0.0005342170
E[P_neut(11)] = 0.0006525714
E[P_neut(12)] = 0.0005983621
E[P_neut(13)] = 0.0005421023
E[P_neut(14)] = 0.0004520224
E[P_neut(15)] = 0.0003535057
E[P_neut(16)] = 0.0003824436
E[P_neut(17)] = 0.0003201076
E[P_neut(18)] = 0.0003619314
E[P_neut(19)] = 0.0003908891
E[P_neut(20)] = 0.0003134225
E[P_neut(21)] = 0.0003622133
E[P_neut(22)] = 0.0003372781
E[P_neut(23)] = 0.0003526338
E[P_neut(24)] = 0.0003135189
E[P_neut(25)] = 0.0003834990
E[P_neut(26)] = 0.0003026923
E[P_neut(27)] = 0.0002210927
E[P_neut(28)] = 0.0004440388
E[P_neut(29)] = 0.0002786021
E[P_neut(30)] = 0.0003775476
E[P_neut(31)] = 0.0002806882
E[P_neut(32)] = 0.0002887107
E[P_neut(33)] = 0.0002755628
E[P_neut(34)] = 0.0002976862
E[P_neut(35)] = 0.0002986270
E[P_neut(36)] = 0.0002924537
E[P_neut(37)] = 0.0004077013
E[P_neut(38)] = 0.0003155079
E[P_neut(39)] = 0.0003306667
E[P_neut(40)] = 0.0003821662
E[P_neut(41)] = 0.0003757459
E[P_neut(42)] = 0.0003402210
E[P_neut(43)] = 0.0004646787
E[P_neut(44)] = 0.0004437097
E[P_neut(45)] = 0.0004878788
E[P_neut(46)] = 0.0004365837
E[P_neut(47)] = 0.0007825135
E[P_neut(48)] = 0.0007061654
E[P_neut(49)] = 0.0008578979

---- Expected P_sel(i), 0 < i < n (selected SFS per site) 
E[P_sel(1)] = 0.0042943268
E[P_sel(2)] = 0.0013808338
E[P_sel(3)] = 0.0007842967
E[P_sel(4)] = 0.0004754478
E[P_sel(5)] = 0.0003730410
E[P_sel(6)] = 0.0002773613
E[P_sel(7)] = 0.0002569754
E[P_sel(8)] = 0.0001987382
E[P_sel(9)] = 0.0001857927
E[P_sel(10)] = 0.0001157232
E[P_sel(11)] = 0.0001373984
E[P_sel(12)] = 0.0001227714
E[P_sel(13)] = 0.0001086272
E[P_sel(14)] = 0.0000886543
E[P_sel(15)] = 0.0000679598
E[P_sel(16)] = 0.0000721828
E[P_sel(17)] = 0.0000593848
E[P_sel(18)] = 0.0000660728
E[P_sel(19)] = 0.0000702884
E[P_sel(20)] = 0.0000555499
E[P_sel(21)] = 0.0000633430
E[P_sel(22)] = 0.0000582235
E[P_sel(23)] = 0.0000601420
E[P_sel(24)] = 0.0000528494
E[P_sel(25)] = 0.0000639302
E[P_sel(26)] = 0.0000499248
E[P_sel(27)] = 0.0000360980
E[P_sel(28)] = 0.0000717809
E[P_sel(29)] = 0.0000446196
E[P_sel(30)] = 0.0000599098
E[P_sel(31)] = 0.0000441606
E[P_sel(32)] = 0.0000450374
E[P_sel(33)] = 0.0000426340
E[P_sel(34)] = 0.0000456974
E[P_sel(35)] = 0.0000454885
E[P_sel(36)] = 0.0000442326
E[P_sel(37)] = 0.0000612100
E[P_sel(38)] = 0.0000470695
E[P_sel(39)] = 0.0000490071
E[P_sel(40)] = 0.0000562294
E[P_sel(41)] = 0.0000550056
E[P_sel(42)] = 0.0000495350
E[P_sel(43)] = 0.0000672412
E[P_sel(44)] = 0.0000638820
E[P_sel(45)] = 0.0000699535
E[P_sel(46)] = 0.0000624950
E[P_sel(47)] = 0.0001113959
E[P_sel(48)] = 0.0001013730
E[P_sel(49)] = 0.0001285997

---- alpha_dfe = 0.000509

