---- Running command
---- ./polyDFE -d /home/jejames/1001Genomes/NetworkConnectivity20polcounts19_242.979245283019_PolyDFE.input -m C -i /home/jejames/1001Genomes/model.txt 1 -e 
---- Performing inference using model C

---- Performing inference on /home/jejames/1001Genomes/NetworkConnectivity20polcounts19_242.979245283019_PolyDFE.input
----      with -i /home/jejames/1001Genomes/model.txt 1
---- Data /home/jejames/1001Genomes/NetworkConnectivity20polcounts19_242.979245283019_PolyDFE.input does not contain divergence counts. Using option -w.
---- No mutation variability. Using Poisson likelihood.


---- Calculating initial values

-- Starting local optimization
-- Optimizing all parameters
  it        eps_an     theta_bar           S_d             b           p_b           S_b           r 2           r 3           r 4           r 5           r 6           r 7           r 8           r 9          r 10          r 11          r 12          r 13          r 14          r 15          r 16          r 17          r 18          r 19          r 20          r 21          r 22          r 23          r 24          r 25          r 26          r 27          r 28          r 29          r 30          r 31          r 32          r 33          r 34          r 35          r 36          r 37          r 38          r 39          r 40          r 41          r 42          r 43          r 44          r 45          r 46          r 47          r 48          r 49           ln lk          grad status 
   0           0.1 0.00851345561        -20000         0.406           0.1            20 0.76669789854 0.73243207067 0.69067059295 0.73818765894 0.66577432739 0.76830410922 0.71958238522 0.47583991433 0.60232900548 0.72292865747 0.48989425779 0.56552001070 0.52282157676 0.73885691339 0.64034265827 0.74407709811 0.77098112702 0.79855441038 0.78436621603 0.66898674876 0.75679293267 0.72038549056 0.99585062240 0.56886628296 0.80042832284 0.96131709275 0.87324320706 0.55119796546 0.95167982867 1.10373443983 1.02797483603 0.98500870030 0.96024628563 0.89947798152 1.30584928389 1.41145763619 1.34787846339 0.93441306384 1.55267032525 1.94819970552 2.51853834828 2.41734707535 2.95060902155 3.41520546111 3.01699906304 4.12689064382 5.75665908178             1 -2221.363094189 24.1180687530   -2 
 474 0.00386494720 0.00743382716 -547.62713297 0.32912915567 0.00019501137 0.70630108485 0.79472667295 0.71895561848 0.71003571839 0.79598107253 0.63761338774 0.75166464943 0.75395432886 0.56576988829 0.59495189553 0.69441151075 0.51255373770 0.60815252706 0.54661280997 0.71374324106 0.53844962958 0.57599188872 0.61361048399 0.68023253396 0.68923617573 0.69547411194 0.71445785551 0.65999234954 0.78676548461 0.39122720585 0.50919987032 0.91568173896 0.73013072922 0.59682407482 0.81108985833 0.86539748255 0.79324881737 0.82032241585 0.92983030309 0.75896140098 1.22264466645 1.04773539875 1.11006033428 0.75489586691 1.20358394777 1.80780315321 2.02314677599 2.00102576070 2.19832616647 2.87165440953 2.62683579758 2.98615035431 3.72515144263 3.52849949732 -286.5610997842 0.00040334430   -8 
-- Local optimization: reached maximum number of likelihood evaluations allowed.
---- Best joint likelihood found -286.561099784297085 with gradient 0.00040

---- Results for /home/jejames/1001Genomes/NetworkConnectivity20polcounts19_242.979245283019_PolyDFE.input 
--  Model: C
--        eps_an     theta_bar             a 
-- 0.00386494720 0.00743382716            -1 
--           S_d             b           p_b           S_b 
-- -547.62713297 0.32912915567 0.00019501137 0.70630108485 
--           r 2           r 3           r 4           r 5           r 6           r 7           r 8           r 9          r 10          r 11          r 12          r 13          r 14          r 15          r 16          r 17          r 18          r 19          r 20          r 21          r 22          r 23          r 24          r 25          r 26          r 27          r 28          r 29          r 30          r 31          r 32          r 33          r 34          r 35          r 36          r 37          r 38          r 39          r 40          r 41          r 42          r 43          r 44          r 45          r 46          r 47          r 48          r 49 
-- 0.79472667295 0.71895561848 0.71003571839 0.79598107253 0.63761338774 0.75166464943 0.75395432886 0.56576988829 0.59495189553 0.69441151075 0.51255373770 0.60815252706 0.54661280997 0.71374324106 0.53844962958 0.57599188872 0.61361048399 0.68023253396 0.68923617573 0.69547411194 0.71445785551 0.65999234954 0.78676548461 0.39122720585 0.50919987032 0.91568173896 0.73013072922 0.59682407482 0.81108985833 0.86539748255 0.79324881737 0.82032241585 0.92983030309 0.75896140098 1.22264466645 1.04773539875 1.11006033428 0.75489586691 1.20358394777 1.80780315321 2.02314677599 2.00102576070 2.19832616647 2.87165440953 2.62683579758 2.98615035431 3.72515144263 3.52849949732 

---- Expected P_neut(i), 0 < i < n (neutral SFS per site) 
E[P_neut(1)] = 0.0074071648
E[P_neut(2)] = 0.0029447433
E[P_neut(3)] = 0.0017764705
E[P_neut(4)] = 0.0013161113
E[P_neut(5)] = 0.0011806967
E[P_neut(6)] = 0.0007883668
E[P_neut(7)] = 0.0007965011
E[P_neut(8)] = 0.0006992720
E[P_neut(9)] = 0.0004667758
E[P_neut(10)] = 0.0004414321
E[P_neut(11)] = 0.0004680274
E[P_neut(12)] = 0.0003171318
E[P_neut(13)] = 0.0003472311
E[P_neut(14)] = 0.0002900987
E[P_neut(15)] = 0.0003529788
E[P_neut(16)] = 0.0002499902
E[P_neut(17)] = 0.0002516127
E[P_neut(18)] = 0.0002531480
E[P_neut(19)] = 0.0002659172
E[P_neut(20)] = 0.0002559698
E[P_neut(21)] = 0.0002458319
E[P_neut(22)] = 0.0002412323
E[P_neut(23)] = 0.0002134660
E[P_neut(24)] = 0.0002433158
E[P_neut(25)] = 0.0001163326
E[P_neut(26)] = 0.0001459678
E[P_neut(27)] = 0.0002519619
E[P_neut(28)] = 0.0001940291
E[P_neut(29)] = 0.0001533494
E[P_neut(30)] = 0.0002011967
E[P_neut(31)] = 0.0002077496
E[P_neut(32)] = 0.0001845445
E[P_neut(33)] = 0.0001850512
E[P_neut(34)] = 0.0002034811
E[P_neut(35)] = 0.0001619437
E[P_neut(36)] = 0.0002526162
E[P_neut(37)] = 0.0002110355
E[P_neut(38)] = 0.0002175457
E[P_neut(39)] = 0.0001451490
E[P_neut(40)] = 0.0002245257
E[P_neut(41)] = 0.0003283173
E[P_neut(42)] = 0.0003594124
E[P_neut(43)] = 0.0003476849
E[P_neut(44)] = 0.0003730263
E[P_neut(45)] = 0.0004771267
E[P_neut(46)] = 0.0004279690
E[P_neut(47)] = 0.0004773691
E[P_neut(48)] = 0.0005861064
E[P_neut(49)] = 0.0005619737

---- Expected P_sel(i), 0 < i < n (selected SFS per site) 
E[P_sel(1)] = 0.0029393377
E[P_sel(2)] = 0.0008470800
E[P_sel(3)] = 0.0004339767
E[P_sel(4)] = 0.0002892616
E[P_sel(5)] = 0.0002401916
E[P_sel(6)] = 0.0001509538
E[P_sel(7)] = 0.0001451543
E[P_sel(8)] = 0.0001222034
E[P_sel(9)] = 0.0000786598
E[P_sel(10)] = 0.0000720836
E[P_sel(11)] = 0.0000743118
E[P_sel(12)] = 0.0000490656
E[P_sel(13)] = 0.0000524964
E[P_sel(14)] = 0.0000429272
E[P_sel(15)] = 0.0000512365
E[P_sel(16)] = 0.0000356241
E[P_sel(17)] = 0.0000352550
E[P_sel(18)] = 0.0000349120
E[P_sel(19)] = 0.0000361291
E[P_sel(20)] = 0.0000342917
E[P_sel(21)] = 0.0000324998
E[P_sel(22)] = 0.0000314896
E[P_sel(23)] = 0.0000275305
E[P_sel(24)] = 0.0000310252
E[P_sel(25)] = 0.0000146718
E[P_sel(26)] = 0.0000182187
E[P_sel(27)] = 0.0000311316
E[P_sel(28)] = 0.0000237458
E[P_sel(29)] = 0.0000185969
E[P_sel(30)] = 0.0000241804
E[P_sel(31)] = 0.0000247547
E[P_sel(32)] = 0.0000218096
E[P_sel(33)] = 0.0000216952
E[P_sel(34)] = 0.0000236695
E[P_sel(35)] = 0.0000187150
E[P_sel(36)] = 0.0000289522
E[P_sel(37)] = 0.0000240323
E[P_sel(38)] = 0.0000246005
E[P_sel(39)] = 0.0000163529
E[P_sel(40)] = 0.0000250871
E[P_sel(41)] = 0.0000364233
E[P_sel(42)] = 0.0000396843
E[P_sel(43)] = 0.0000382105
E[P_sel(44)] = 0.0000407631
E[P_sel(45)] = 0.0000519490
E[P_sel(46)] = 0.0000465146
E[P_sel(47)] = 0.0000519050
E[P_sel(48)] = 0.0000642958
E[P_sel(49)] = 0.0000677107

---- alpha_dfe = 0.002668

