---- Running command
---- ./polyDFE -d /home/jejames/1001Genomes/NetworkConnectivity20polcounts1_1.10486891385768_PolyDFE.input -m C -i /home/jejames/1001Genomes/model.txt 1 -e 
---- Performing inference using model C

---- Performing inference on /home/jejames/1001Genomes/NetworkConnectivity20polcounts1_1.10486891385768_PolyDFE.input
----      with -i /home/jejames/1001Genomes/model.txt 1
---- Data /home/jejames/1001Genomes/NetworkConnectivity20polcounts1_1.10486891385768_PolyDFE.input does not contain divergence counts. Using option -w.
---- No mutation variability. Using Poisson likelihood.


---- Calculating initial values

-- Starting local optimization
-- Optimizing all parameters
  it        eps_an     theta_bar           S_d             b           p_b           S_b           r 2           r 3           r 4           r 5           r 6           r 7           r 8           r 9          r 10          r 11          r 12          r 13          r 14          r 15          r 16          r 17          r 18          r 19          r 20          r 21          r 22          r 23          r 24          r 25          r 26          r 27          r 28          r 29          r 30          r 31          r 32          r 33          r 34          r 35          r 36          r 37          r 38          r 39          r 40          r 41          r 42          r 43          r 44          r 45          r 46          r 47          r 48          r 49           ln lk          grad status 
   0           0.1 0.00998332761        -20000         0.208           0.1            20 0.82507719156 0.68304470398 0.64277084172 0.70076520338 0.61941200161 0.69539535508 0.71311585447 0.55336286749 0.59739562357 0.50060410793 0.66693515908 0.75043630017 0.66156531078 0.51751913008 0.51335749765 0.55685326889 0.57269432138 0.52799033427 0.46180695395 0.96697543294 0.63793797825 0.81514297221 0.65726943213 0.90616190092 1.10296684118 0.78292388240 0.69163646127 1.11733118539 1.07933950865 0.76157873540 0.91502215062 1.22271445831 1.05436971405 1.09477782252 1.39186467982 1.73848838770 1.45898778359 1.31413612565 1.74520069808 1.55215465163 2.12001610954 2.42448650825 2.13236676063 3.11719693918 3.29144851657 3.93717277486 6.03785743052             1 -2098.685313470 16.2391214586   -2 
 763 0.00017046037 0.00860302203 -143.90596341 0.23673194612 0.00013339141 0.40420120281 0.78246654345 0.73643896587 0.74234770369 0.73503806675 0.66826278028 0.65507871422 0.74762143227 0.61833390485 0.63374739772 0.61955284410 0.65953313216 0.62411553055 0.64293068408 0.60302166817 0.50868883964 0.66729824536 0.54279743409 0.72568930345 0.69468347512 0.74457911677 0.58518500851 0.79930136067 0.72192445415 0.84985046984 0.91586325390 0.64640107626 0.68833650687 0.89057056436 0.85858971257 0.75329323651 0.93993682658 0.89901866826 0.96717613886 0.88109069807 1.03015715183 1.18677125626 1.22217811072 1.19149795709 1.40680566945 1.16570657857 1.62806521903 1.76921153137 1.68834108201 2.40237000843 2.38139431192 2.76312399445 3.65864283798 5.18059116902 -311.0286168172 0.00026770277   -8 
-- Local optimization: reached maximum number of likelihood evaluations allowed.
---- Best joint likelihood found -311.028616817258694 with gradient 0.00027

---- Results for /home/jejames/1001Genomes/NetworkConnectivity20polcounts1_1.10486891385768_PolyDFE.input 
--  Model: C
--        eps_an     theta_bar             a 
-- 0.00017046037 0.00860302203            -1 
--           S_d             b           p_b           S_b 
-- -143.90596341 0.23673194612 0.00013339141 0.40420120281 
--           r 2           r 3           r 4           r 5           r 6           r 7           r 8           r 9          r 10          r 11          r 12          r 13          r 14          r 15          r 16          r 17          r 18          r 19          r 20          r 21          r 22          r 23          r 24          r 25          r 26          r 27          r 28          r 29          r 30          r 31          r 32          r 33          r 34          r 35          r 36          r 37          r 38          r 39          r 40          r 41          r 42          r 43          r 44          r 45          r 46          r 47          r 48          r 49 
-- 0.78246654345 0.73643896587 0.74234770369 0.73503806675 0.66826278028 0.65507871422 0.74762143227 0.61833390485 0.63374739772 0.61955284410 0.65953313216 0.62411553055 0.64293068408 0.60302166817 0.50868883964 0.66729824536 0.54279743409 0.72568930345 0.69468347512 0.74457911677 0.58518500851 0.79930136067 0.72192445415 0.84985046984 0.91586325390 0.64640107626 0.68833650687 0.89057056436 0.85858971257 0.75329323651 0.93993682658 0.89901866826 0.96717613886 0.88109069807 1.03015715183 1.18677125626 1.22217811072 1.19149795709 1.40680566945 1.16570657857 1.62806521903 1.76921153137 1.68834108201 2.40237000843 2.38139431192 2.76312399445 3.65864283798 5.18059116902 

---- Expected P_neut(i), 0 < i < n (neutral SFS per site) 
E[P_neut(1)] = 0.0086017106
E[P_neut(2)] = 0.0033653265
E[P_neut(3)] = 0.0021115931
E[P_neut(4)] = 0.0015964122
E[P_neut(5)] = 0.0012645724
E[P_neut(6)] = 0.0009580728
E[P_neut(7)] = 0.0008050169
E[P_neut(8)] = 0.0008038953
E[P_neut(9)] = 0.0005910010
E[P_neut(10)] = 0.0005451729
E[P_neut(11)] = 0.0004845101
E[P_neut(12)] = 0.0004727981
E[P_neut(13)] = 0.0004129981
E[P_neut(14)] = 0.0003950565
E[P_neut(15)] = 0.0003458319
E[P_neut(16)] = 0.0002735114
E[P_neut(17)] = 0.0003376754
E[P_neut(18)] = 0.0002594265
E[P_neut(19)] = 0.0003285649
E[P_neut(20)] = 0.0002988099
E[P_neut(21)] = 0.0003050231
E[P_neut(22)] = 0.0002288316
E[P_neut(23)] = 0.0002989584
E[P_neut(24)] = 0.0002587880
E[P_neut(25)] = 0.0002924513
E[P_neut(26)] = 0.0003030383
E[P_neut(27)] = 0.0002059789
E[P_neut(28)] = 0.0002114949
E[P_neut(29)] = 0.0002642000
E[P_neut(30)] = 0.0002462245
E[P_neut(31)] = 0.0002090719
E[P_neut(32)] = 0.0002526979
E[P_neut(33)] = 0.0002343897
E[P_neut(34)] = 0.0002447295
E[P_neut(35)] = 0.0002165947
E[P_neut(36)] = 0.0002462050
E[P_neut(37)] = 0.0002759644
E[P_neut(38)] = 0.0002767288
E[P_neut(39)] = 0.0002628707
E[P_neut(40)] = 0.0003026109
E[P_neut(41)] = 0.0002446590
E[P_neut(42)] = 0.0003335631
E[P_neut(43)] = 0.0003540435
E[P_neut(44)] = 0.0003302170
E[P_neut(45)] = 0.0004594182
E[P_neut(46)] = 0.0004455699
E[P_neut(47)] = 0.0005060443
E[P_neut(48)] = 0.0006561991
E[P_neut(49)] = 0.0009108776

---- Expected P_sel(i), 0 < i < n (selected SFS per site) 
E[P_sel(1)] = 0.0053287013
E[P_sel(2)] = 0.0017133758
E[P_sel(3)] = 0.0009646439
E[P_sel(4)] = 0.0006784285
E[P_sel(5)] = 0.0005093677
E[P_sel(6)] = 0.0003699241
E[P_sel(7)] = 0.0003001857
E[P_sel(8)] = 0.0002910453
E[P_sel(9)] = 0.0002085629
E[P_sel(10)] = 0.0001881001
E[P_sel(11)] = 0.0001638378
E[P_sel(12)] = 0.0001569975
E[P_sel(13)] = 0.0001348881
E[P_sel(14)] = 0.0001270825
E[P_sel(15)] = 0.0001096968
E[P_sel(16)] = 0.0000856322
E[P_sel(17)] = 0.0001044418
E[P_sel(18)] = 0.0000793284
E[P_sel(19)] = 0.0000993964
E[P_sel(20)] = 0.0000894819
E[P_sel(21)] = 0.0000904684
E[P_sel(22)] = 0.0000672532
E[P_sel(23)] = 0.0000871026
E[P_sel(24)] = 0.0000747752
E[P_sel(25)] = 0.0000838335
E[P_sel(26)] = 0.0000862097
E[P_sel(27)] = 0.0000581714
E[P_sel(28)] = 0.0000593109
E[P_sel(29)] = 0.0000735918
E[P_sel(30)] = 0.0000681388
E[P_sel(31)] = 0.0000574944
E[P_sel(32)] = 0.0000690688
E[P_sel(33)] = 0.0000636886
E[P_sel(34)] = 0.0000661189
E[P_sel(35)] = 0.0000581951
E[P_sel(36)] = 0.0000657961
E[P_sel(37)] = 0.0000733644
E[P_sel(38)] = 0.0000731955
E[P_sel(39)] = 0.0000691875
E[P_sel(40)] = 0.0000792645
E[P_sel(41)] = 0.0000637873
E[P_sel(42)] = 0.0000865698
E[P_sel(43)] = 0.0000914755
E[P_sel(44)] = 0.0000849536
E[P_sel(45)] = 0.0001176913
E[P_sel(46)] = 0.0001136837
E[P_sel(47)] = 0.0001286075
E[P_sel(48)] = 0.0001661552
E[P_sel(49)] = 0.0002300762

---- alpha_dfe = 0.000655

