---- Running command
---- ./polyDFE -d /home/jejames/1001Genomes/NetworkConnectivity20polcounts6_11.3523622047244_PolyDFE.input -m C -i /home/jejames/1001Genomes/model.txt 1 -e 
---- Performing inference using model C

---- Performing inference on /home/jejames/1001Genomes/NetworkConnectivity20polcounts6_11.3523622047244_PolyDFE.input
----      with -i /home/jejames/1001Genomes/model.txt 1
---- Data /home/jejames/1001Genomes/NetworkConnectivity20polcounts6_11.3523622047244_PolyDFE.input does not contain divergence counts. Using option -w.
---- No mutation variability. Using Poisson likelihood.


---- Calculating initial values

-- Starting local optimization
-- Optimizing all parameters
  it        eps_an     theta_bar           S_d             b           p_b           S_b           r 2           r 3           r 4           r 5           r 6           r 7           r 8           r 9          r 10          r 11          r 12          r 13          r 14          r 15          r 16          r 17          r 18          r 19          r 20          r 21          r 22          r 23          r 24          r 25          r 26          r 27          r 28          r 29          r 30          r 31          r 32          r 33          r 34          r 35          r 36          r 37          r 38          r 39          r 40          r 41          r 42          r 43          r 44          r 45          r 46          r 47          r 48          r 49           ln lk          grad status 
   0           0.1 0.00952014294        -20000         0.208           0.1            20 0.86881781034 0.74397632802 0.74115823587 0.64041144145 0.74735803860 0.57108637452 0.82964632943 0.76088488093 0.71579540650 0.64012963223 0.82175567141 0.76201211779 0.63914329998 1.01662674369 0.70565027476 0.67789206707 0.80400169085 0.75228969987 0.90460758066 0.81076511201 0.82767366492 0.78103423981 0.98069606876 0.91587994927 0.76933915739 0.94730167676 1.27434127095 0.92348879808 1.05255741862 1.61180780611 1.32112160067 1.05551641538 1.61448499365 1.22798365506 1.40002818092 1.58489502606 1.57418627589 1.52219247569 1.87121318867 2.07975200789 1.79907002959 2.00549527969 2.20712977314 2.66943779061 3.07876567563 3.17880794701 5.32281245596             1 -1890.329536169 25.6693699083   -2 
 181 0.02123175070 0.00850580743 -245.59460700 0.28500496338 0.00016102701 0.91700917217 0.85736401876 0.79563099449 0.76634052222 0.69946488188 0.71452303900 0.64913614877 0.69159705369 0.68864838055 0.67983021072 0.63864593463 0.79290184217 0.73761464236 0.58997456701 0.84078890431 0.68502198288 0.60514125504 0.70283941403 0.68113544041 0.92373623794 0.77977309588 0.75941955294 0.64649114582 0.85707094236 0.89173565134 0.68459282512 0.81025499130 0.97351345066 0.81122300988 0.75362342706 1.15289306150 0.90348531899 0.89069074797 1.27057693380 0.88458046557 1.32741186095 1.32888095155 1.30534847877 1.15811826704 1.66094899176 1.55337158207 1.48933158300 1.64180893801 1.46406664982 1.66901661125 1.98786997499 2.37621096538 3.09842984073 2.92726952307 -296.1605971591 0.00007392649    0 
---- Best joint likelihood found -296.160597159175268 with gradient 0.00007

---- Results for /home/jejames/1001Genomes/NetworkConnectivity20polcounts6_11.3523622047244_PolyDFE.input 
--  Model: C
--        eps_an     theta_bar             a 
-- 0.02123175070 0.00850580743            -1 
--           S_d             b           p_b           S_b 
-- -245.59460700 0.28500496338 0.00016102701 0.91700917217 
--           r 2           r 3           r 4           r 5           r 6           r 7           r 8           r 9          r 10          r 11          r 12          r 13          r 14          r 15          r 16          r 17          r 18          r 19          r 20          r 21          r 22          r 23          r 24          r 25          r 26          r 27          r 28          r 29          r 30          r 31          r 32          r 33          r 34          r 35          r 36          r 37          r 38          r 39          r 40          r 41          r 42          r 43          r 44          r 45          r 46          r 47          r 48          r 49 
-- 0.85736401876 0.79563099449 0.76634052222 0.69946488188 0.71452303900 0.64913614877 0.69159705369 0.68864838055 0.67983021072 0.63864593463 0.79290184217 0.73761464236 0.58997456701 0.84078890431 0.68502198288 0.60514125504 0.70283941403 0.68113544041 0.92373623794 0.77977309588 0.75941955294 0.64649114582 0.85707094236 0.89173565134 0.68459282512 0.81025499130 0.97351345066 0.81122300988 0.75362342706 1.15289306150 0.90348531899 0.89069074797 1.27057693380 0.88458046557 1.32741186095 1.32888095155 1.30534847877 1.15811826704 1.66094899176 1.55337158207 1.48933158300 1.64180893801 1.46406664982 1.66901661125 1.98786997499 2.37621096538 3.09842984073 2.92726952307 

---- Expected P_neut(i), 0 < i < n (neutral SFS per site) 
E[P_neut(1)] = 0.0083360029
E[P_neut(2)] = 0.0035805270
E[P_neut(3)] = 0.0022170632
E[P_neut(4)] = 0.0016027915
E[P_neut(5)] = 0.0011713371
E[P_neut(6)] = 0.0009974353
E[P_neut(7)] = 0.0007789236
E[P_neut(8)] = 0.0007261156
E[P_neut(9)] = 0.0006438583
E[P_neut(10)] = 0.0005734721
E[P_neut(11)] = 0.0004887141
E[P_neut(12)] = 0.0005562934
E[P_neut(13)] = 0.0004788554
E[P_neut(14)] = 0.0003574921
E[P_neut(15)] = 0.0004712141
E[P_neut(16)] = 0.0003631834
E[P_neut(17)] = 0.0003012232
E[P_neut(18)] = 0.0003301704
E[P_neut(19)] = 0.0003051688
E[P_neut(20)] = 0.0003890517
E[P_neut(21)] = 0.0003141841
E[P_neut(22)] = 0.0002936576
E[P_neut(23)] = 0.0002394272
E[P_neut(24)] = 0.0003020592
E[P_neut(25)] = 0.0003033973
E[P_neut(26)] = 0.0002256562
E[P_neut(27)] = 0.0002549112
E[P_neut(28)] = 0.0002956878
E[P_neut(29)] = 0.0002395887
E[P_neut(30)] = 0.0002174769
E[P_neut(31)] = 0.0003160897
E[P_neut(32)] = 0.0002421050
E[P_neut(33)] = 0.0002311313
E[P_neut(34)] = 0.0003188444
E[P_neut(35)] = 0.0002205319
E[P_neut(36)] = 0.0003145823
E[P_neut(37)] = 0.0003092527
E[P_neut(38)] = 0.0002979145
E[P_neut(39)] = 0.0002577051
E[P_neut(40)] = 0.0003579712
E[P_neut(41)] = 0.0003292367
E[P_neut(42)] = 0.0003108266
E[P_neut(43)] = 0.0003346171
E[P_neut(44)] = 0.0002985215
E[P_neut(45)] = 0.0003340397
E[P_neut(46)] = 0.0003943695
E[P_neut(47)] = 0.0004687987
E[P_neut(48)] = 0.0006148148
E[P_neut(49)] = 0.0006779431

---- Expected P_sel(i), 0 < i < n (selected SFS per site) 
E[P_sel(1)] = 0.0043481847
E[P_sel(2)] = 0.0014491101
E[P_sel(3)] = 0.0007835287
E[P_sel(4)] = 0.0005180648
E[P_sel(5)] = 0.0003544942
E[P_sel(6)] = 0.0002866919
E[P_sel(7)] = 0.0002144092
E[P_sel(8)] = 0.0001928746
E[P_sel(9)] = 0.0001657397
E[P_sel(10)] = 0.0001435766
E[P_sel(11)] = 0.0001195088
E[P_sel(12)] = 0.0001331000
E[P_sel(13)] = 0.0001122672
E[P_sel(14)] = 0.0000822265
E[P_sel(15)] = 0.0001067724
E[P_sel(16)] = 0.0000809057
E[P_sel(17)] = 0.0000661699
E[P_sel(18)] = 0.0000715647
E[P_sel(19)] = 0.0000652660
E[P_sel(20)] = 0.0000823043
E[P_sel(21)] = 0.0000656935
E[P_sel(22)] = 0.0000607301
E[P_sel(23)] = 0.0000490161
E[P_sel(24)] = 0.0000612570
E[P_sel(25)] = 0.0000609613
E[P_sel(26)] = 0.0000449522
E[P_sel(27)] = 0.0000503473
E[P_sel(28)] = 0.0000579370
E[P_sel(29)] = 0.0000466103
E[P_sel(30)] = 0.0000420464
E[P_sel(31)] = 0.0000605713
E[P_sel(32)] = 0.0000461349
E[P_sel(33)] = 0.0000437543
E[P_sel(34)] = 0.0000599476
E[P_sel(35)] = 0.0000414118
E[P_sel(36)] = 0.0000584548
E[P_sel(37)] = 0.0000572911
E[P_sel(38)] = 0.0000550349
E[P_sel(39)] = 0.0000474057
E[P_sel(40)] = 0.0000654173
E[P_sel(41)] = 0.0000601228
E[P_sel(42)] = 0.0000568012
E[P_sel(43)] = 0.0000610039
E[P_sel(44)] = 0.0000550731
E[P_sel(45)] = 0.0000618679
E[P_sel(46)] = 0.0000740494
E[P_sel(47)] = 0.0000901233
E[P_sel(48)] = 0.0001243560
E[P_sel(49)] = 0.0001799179

---- alpha_dfe = 0.001493

