---- Running command
---- ./polyDFE -d /home/jejames/1001Genomes/NetworkConnectivity20polcounts15_83.2442105263158_PolyDFE.input -m C -i /home/jejames/1001Genomes/model.txt 1 -e 
---- Performing inference using model C

---- Performing inference on /home/jejames/1001Genomes/NetworkConnectivity20polcounts15_83.2442105263158_PolyDFE.input
----      with -i /home/jejames/1001Genomes/model.txt 1
---- Data /home/jejames/1001Genomes/NetworkConnectivity20polcounts15_83.2442105263158_PolyDFE.input does not contain divergence counts. Using option -w.
---- No mutation variability. Using Poisson likelihood.


---- Calculating initial values

-- Starting local optimization
-- Optimizing all parameters
  it        eps_an     theta_bar           S_d             b           p_b           S_b           r 2           r 3           r 4           r 5           r 6           r 7           r 8           r 9          r 10          r 11          r 12          r 13          r 14          r 15          r 16          r 17          r 18          r 19          r 20          r 21          r 22          r 23          r 24          r 25          r 26          r 27          r 28          r 29          r 30          r 31          r 32          r 33          r 34          r 35          r 36          r 37          r 38          r 39          r 40          r 41          r 42          r 43          r 44          r 45          r 46          r 47          r 48          r 49           ln lk          grad status 
   0           0.1 0.00918837357        -80000         0.208           0.1            20 0.84384903486 0.84701815038 0.78651685393 0.69432440218 0.65946413137 0.71089023336 0.56583117257 0.65600691443 0.63958513396 0.71780466724 0.78824546240 0.91573033707 0.86920195908 0.73249783923 0.60386055891 0.73955632382 0.87899740708 0.56655142610 0.80956496686 0.82886776145 1.08383751080 1.03039469893 0.62575626620 0.97234226447 0.70786516853 0.92955920484 1.12129069432 0.94410832613 0.90319792566 1.17444540478 1.52578507634 1.51166810717 1.36156727167 1.66882742725 2.27657735522 1.71089023336 1.44511668107 1.33146067415 1.35983866320 2.32699510227 1.56698357821 2.13699222126 2.45289541918 2.82627484874 2.94871794871 4.06222990492 6.92134831460             1 -2081.084358655 29.8221295496   -2 
 988 0.01922672232 0.00814347972 -428.27260858 0.30114022979 0.00011880838 0.38972361631 0.84563325982 0.85651493305 0.78290234727 0.72812177255 0.72628505567 0.73154276039 0.60733506332 0.67339616057 0.71238439599 0.65211044277 0.76117622996 0.73564912944 0.76723823694 0.72055781552 0.78804605893 0.58699943723 0.78784650977 0.53627072023 0.84205169231 0.66288294336 0.96757734586 0.85752401170 0.65856985046 0.91794316776 0.69844339412 0.85009660925 0.96928543532 0.92273735961 0.92694526784 0.94541576955 1.14791037794 1.14083799354 1.05782325687 1.29065202181 1.61776143322 1.57347580051 1.21194536518 0.99689483891 0.98057193349 1.51064878557 1.36855567743 1.69224104718 1.57851031637 1.95298756028 2.18110216083 2.50058924679 4.40369917690 3.54128295588 -296.7581715234 0.00013164697   -8 
-- Local optimization: reached maximum number of likelihood evaluations allowed.
---- Best joint likelihood found -296.758171523486226 with gradient 0.00013

---- Results for /home/jejames/1001Genomes/NetworkConnectivity20polcounts15_83.2442105263158_PolyDFE.input 
--  Model: C
--        eps_an     theta_bar             a 
-- 0.01922672232 0.00814347972            -1 
--           S_d             b           p_b           S_b 
-- -428.27260858 0.30114022979 0.00011880838 0.38972361631 
--           r 2           r 3           r 4           r 5           r 6           r 7           r 8           r 9          r 10          r 11          r 12          r 13          r 14          r 15          r 16          r 17          r 18          r 19          r 20          r 21          r 22          r 23          r 24          r 25          r 26          r 27          r 28          r 29          r 30          r 31          r 32          r 33          r 34          r 35          r 36          r 37          r 38          r 39          r 40          r 41          r 42          r 43          r 44          r 45          r 46          r 47          r 48          r 49 
-- 0.84563325982 0.85651493305 0.78290234727 0.72812177255 0.72628505567 0.73154276039 0.60733506332 0.67339616057 0.71238439599 0.65211044277 0.76117622996 0.73564912944 0.76723823694 0.72055781552 0.78804605893 0.58699943723 0.78784650977 0.53627072023 0.84205169231 0.66288294336 0.96757734586 0.85752401170 0.65856985046 0.91794316776 0.69844339412 0.85009660925 0.96928543532 0.92273735961 0.92694526784 0.94541576955 1.14791037794 1.14083799354 1.05782325687 1.29065202181 1.61776143322 1.57347580051 1.21194536518 0.99689483891 0.98057193349 1.51064878557 1.36855567743 1.69224104718 1.57851031637 1.95298756028 2.18110216083 2.50058924679 4.40369917690 3.54128295588 

---- Expected P_neut(i), 0 < i < n (neutral SFS per site) 
E[P_neut(1)] = 0.0079982230
E[P_neut(2)] = 0.0033913618
E[P_neut(3)] = 0.0022886321
E[P_neut(4)] = 0.0015706660
E[P_neut(5)] = 0.0011698834
E[P_neut(6)] = 0.0009724123
E[P_neut(7)] = 0.0008408424
E[P_neut(8)] = 0.0006114430
E[P_neut(9)] = 0.0006033637
E[P_neut(10)] = 0.0005728131
E[P_neut(11)] = 0.0004774882
E[P_neut(12)] = 0.0005116139
E[P_neut(13)] = 0.0004586247
E[P_neut(14)] = 0.0004447404
E[P_neut(15)] = 0.0003894423
E[P_neut(16)] = 0.0003982495
E[P_neut(17)] = 0.0002811958
E[P_neut(18)] = 0.0003551975
E[P_neut(19)] = 0.0002302037
E[P_neut(20)] = 0.0003411072
E[P_neut(21)] = 0.0002570955
E[P_neut(22)] = 0.0003566906
E[P_neut(23)] = 0.0003027108
E[P_neut(24)] = 0.0002233701
E[P_neut(25)] = 0.0002990101
E[P_neut(26)] = 0.0002188504
E[P_neut(27)] = 0.0002573058
E[P_neut(28)] = 0.0002833716
E[P_neut(29)] = 0.0002590740
E[P_neut(30)] = 0.0002533730
E[P_neut(31)] = 0.0002479982
E[P_neut(32)] = 0.0002933610
E[P_neut(33)] = 0.0002815205
E[P_neut(34)] = 0.0002562039
E[P_neut(35)] = 0.0003020447
E[P_neut(36)] = 0.0003674948
E[P_neut(37)] = 0.0003485144
E[P_neut(38)] = 0.0002646604
E[P_neut(39)] = 0.0002134386
E[P_neut(40)] = 0.0002069474
E[P_neut(41)] = 0.0003059934
E[P_neut(42)] = 0.0002721371
E[P_neut(43)] = 0.0003306831
E[P_neut(44)] = 0.0003054849
E[P_neut(45)] = 0.0003694303
E[P_neut(46)] = 0.0004093466
E[P_neut(47)] = 0.0004696378
E[P_neut(48)] = 0.0007989501
E[P_neut(49)] = 0.0007337948

---- Expected P_sel(i), 0 < i < n (selected SFS per site) 
E[P_sel(1)] = 0.0035550675
E[P_sel(2)] = 0.0011303368
E[P_sel(3)] = 0.0006586762
E[P_sel(4)] = 0.0004106029
E[P_sel(5)] = 0.0002850171
E[P_sel(6)] = 0.0002242606
E[P_sel(7)] = 0.0001852812
E[P_sel(8)] = 0.0001296678
E[P_sel(9)] = 0.0001237795
E[P_sel(10)] = 0.0001142741
E[P_sel(11)] = 0.0000927952
E[P_sel(12)] = 0.0000971185
E[P_sel(13)] = 0.0000851548
E[P_sel(14)] = 0.0000809867
E[P_sel(15)] = 0.0000696894
E[P_sel(16)] = 0.0000701382
E[P_sel(17)] = 0.0000487179
E[P_sel(18)] = 0.0000606983
E[P_sel(19)] = 0.0000387925
E[P_sel(20)] = 0.0000567998
E[P_sel(21)] = 0.0000422835
E[P_sel(22)] = 0.0000580202
E[P_sel(23)] = 0.0000487094
E[P_sel(24)] = 0.0000355743
E[P_sel(25)] = 0.0000471595
E[P_sel(26)] = 0.0000341978
E[P_sel(27)] = 0.0000398561
E[P_sel(28)] = 0.0000435285
E[P_sel(29)] = 0.0000394593
E[P_sel(30)] = 0.0000383169
E[P_sel(31)] = 0.0000371886
E[P_sel(32)] = 0.0000437083
E[P_sel(33)] = 0.0000416255
E[P_sel(34)] = 0.0000377126
E[P_sel(35)] = 0.0000441334
E[P_sel(36)] = 0.0000533506
E[P_sel(37)] = 0.0000503311
E[P_sel(38)] = 0.0000381641
E[P_sel(39)] = 0.0000306988
E[P_sel(40)] = 0.0000297683
E[P_sel(41)] = 0.0000435559
E[P_sel(42)] = 0.0000387050
E[P_sel(43)] = 0.0000470619
E[P_sel(44)] = 0.0000437682
E[P_sel(45)] = 0.0000529606
E[P_sel(46)] = 0.0000595331
E[P_sel(47)] = 0.0000703841
E[P_sel(48)] = 0.0001207619
E[P_sel(49)] = 0.0001469834

---- alpha_dfe = 0.001092

