---- Running command
---- ./polyDFE -d /home/jejames/1001Genomes/NetworkConnectivity20polcounts17_125.539094650206_PolyDFE.input -m C -i /home/jejames/1001Genomes/model.txt 1 -e 
---- Performing inference using model C

---- Performing inference on /home/jejames/1001Genomes/NetworkConnectivity20polcounts17_125.539094650206_PolyDFE.input
----      with -i /home/jejames/1001Genomes/model.txt 1
---- Data /home/jejames/1001Genomes/NetworkConnectivity20polcounts17_125.539094650206_PolyDFE.input does not contain divergence counts. Using option -w.
---- No mutation variability. Using Poisson likelihood.


---- Calculating initial values

-- Starting local optimization
-- Optimizing all parameters
  it        eps_an     theta_bar           S_d             b           p_b           S_b           r 2           r 3           r 4           r 5           r 6           r 7           r 8           r 9          r 10          r 11          r 12          r 13          r 14          r 15          r 16          r 17          r 18          r 19          r 20          r 21          r 22          r 23          r 24          r 25          r 26          r 27          r 28          r 29          r 30          r 31          r 32          r 33          r 34          r 35          r 36          r 37          r 38          r 39          r 40          r 41          r 42          r 43          r 44          r 45          r 46          r 47          r 48          r 49           ln lk          grad status 
   0           0.1 0.00926377928        -80000         0.208           0.1            20 0.83145457014 0.73624881162 0.63941328262 0.75444791525 0.62094255059 0.63887002580 0.53021866087 0.73461904115 0.58943365476 0.70962922721 0.56227081352 0.53673774276 0.76626375118 0.60708950156 0.72361809045 0.78500611163 0.61849789487 0.79478473448 0.62202906424 0.62460953415 0.64538910770 0.75281814477 0.60953415727 0.74697813391 0.85807415455 0.61972022273 1.30816243379 0.83104712752 1.22640228167 0.89257096292 0.85617275567 1.52383539318 1.27909819367 1.34048621485 1.30544614966 1.28643216080 1.16121146271 1.45660736113 2.09697134320 1.60926252886 2.23604509031 2.14912399837 2.25886187695 2.92747521390 3.70473991579 4.74276789352 5.40431889175             1 -2259.056428731 31.3605181591   -2 
1081 0.00001948553 0.00816512481 -347.46554895 0.33805216858 0.00005378946 0.30752641043 0.81788054827 0.73372346913 0.63022299244 0.69734101529 0.62334732749 0.64521111655 0.62519027044 0.75177388542 0.51952058644 0.66264944924 0.59673041443 0.53350206139 0.68985862807 0.66976700620 0.68514858687 0.63377603529 0.70201418803 0.64712764737 0.58085837925 0.66039059308 0.66225849370 0.83486694777 0.63811389989 0.78203367332 0.83659455423 0.74758316269 1.03761826109 0.78640763988 1.04957597784 0.87050368491 0.82631849540 1.13966729668 0.96354256449 1.07757976360 0.96891156804 1.08658391627 1.02808934815 1.24441933664 1.69523505345 1.18299057279 1.65321841482 1.52319793884 1.81045064940 2.11010332555 2.68310417134 3.58607869405 3.43484842141 4.90954074785 -289.6803998383 0.00008366435    0 
---- Best joint likelihood found -289.680399838370079 with gradient 0.00008

---- Results for /home/jejames/1001Genomes/NetworkConnectivity20polcounts17_125.539094650206_PolyDFE.input 
--  Model: C
--        eps_an     theta_bar             a 
-- 0.00001948553 0.00816512481            -1 
--           S_d             b           p_b           S_b 
-- -347.46554895 0.33805216858 0.00005378946 0.30752641043 
--           r 2           r 3           r 4           r 5           r 6           r 7           r 8           r 9          r 10          r 11          r 12          r 13          r 14          r 15          r 16          r 17          r 18          r 19          r 20          r 21          r 22          r 23          r 24          r 25          r 26          r 27          r 28          r 29          r 30          r 31          r 32          r 33          r 34          r 35          r 36          r 37          r 38          r 39          r 40          r 41          r 42          r 43          r 44          r 45          r 46          r 47          r 48          r 49 
-- 0.81788054827 0.73372346913 0.63022299244 0.69734101529 0.62334732749 0.64521111655 0.62519027044 0.75177388542 0.51952058644 0.66264944924 0.59673041443 0.53350206139 0.68985862807 0.66976700620 0.68514858687 0.63377603529 0.70201418803 0.64712764737 0.58085837925 0.66039059308 0.66225849370 0.83486694777 0.63811389989 0.78203367332 0.83659455423 0.74758316269 1.03761826109 0.78640763988 1.04957597784 0.87050368491 0.82631849540 1.13966729668 0.96354256449 1.07757976360 0.96891156804 1.08658391627 1.02808934815 1.24441933664 1.69523505345 1.18299057279 1.65321841482 1.52319793884 1.81045064940 2.11010332555 2.68310417134 3.58607869405 3.43484842141 4.90954074785 

---- Expected P_neut(i), 0 < i < n (neutral SFS per site) 
E[P_neut(1)] = 0.0081649817
E[P_neut(2)] = 0.0033389947
E[P_neut(3)] = 0.0019969545
E[P_neut(4)] = 0.0012864466
E[P_neut(5)] = 0.0011387606
E[P_neut(6)] = 0.0008482748
E[P_neut(7)] = 0.0007525952
E[P_neut(8)] = 0.0006380884
E[P_neut(9)] = 0.0006820277
E[P_neut(10)] = 0.0004241935
E[P_neut(11)] = 0.0004918696
E[P_neut(12)] = 0.0004060279
E[P_neut(13)] = 0.0003350836
E[P_neut(14)] = 0.0004023380
E[P_neut(15)] = 0.0003645799
E[P_neut(16)] = 0.0003496429
E[P_neut(17)] = 0.0003044031
E[P_neut(18)] = 0.0003184442
E[P_neut(19)] = 0.0002780979
E[P_neut(20)] = 0.0002371400
E[P_neut(21)] = 0.0002567694
E[P_neut(22)] = 0.0002457931
E[P_neut(23)] = 0.0002963809
E[P_neut(24)] = 0.0002170959
E[P_neut(25)] = 0.0002554161
E[P_neut(26)] = 0.0002627260
E[P_neut(27)] = 0.0002260795
E[P_neut(28)] = 0.0003025804
E[P_neut(29)] = 0.0002214185
E[P_neut(30)] = 0.0002856630
E[P_neut(31)] = 0.0002292839
E[P_neut(32)] = 0.0002108456
E[P_neut(33)] = 0.0002819861
E[P_neut(34)] = 0.0002313978
E[P_neut(35)] = 0.0002513900
E[P_neut(36)] = 0.0002197614
E[P_neut(37)] = 0.0002397882
E[P_neut(38)] = 0.0002209109
E[P_neut(39)] = 0.0002605388
E[P_neut(40)] = 0.0003460467
E[P_neut(41)] = 0.0002356005
E[P_neut(42)] = 0.0003214046
E[P_neut(43)] = 0.0002892439
E[P_neut(44)] = 0.0003359772
E[P_neut(45)] = 0.0003828871
E[P_neut(46)] = 0.0004762741
E[P_neut(47)] = 0.0006230221
E[P_neut(48)] = 0.0005843446
E[P_neut(49)] = 0.0008182455

---- Expected P_sel(i), 0 < i < n (selected SFS per site) 
E[P_sel(1)] = 0.0036280924
E[P_sel(2)] = 0.0010857370
E[P_sel(3)] = 0.0005508073
E[P_sel(4)] = 0.0003186479
E[P_sel(5)] = 0.0002606644
E[P_sel(6)] = 0.0001825102
E[P_sel(7)] = 0.0001539070
E[P_sel(8)] = 0.0001250079
E[P_sel(9)] = 0.0001287500
E[P_sel(10)] = 0.0000775067
E[P_sel(11)] = 0.0000872963
E[P_sel(12)] = 0.0000701967
E[P_sel(13)] = 0.0000565662
E[P_sel(14)] = 0.0000664509
E[P_sel(15)] = 0.0000590120
E[P_sel(16)] = 0.0000555445
E[P_sel(17)] = 0.0000475204
E[P_sel(18)] = 0.0000489057
E[P_sel(19)] = 0.0000420573
E[P_sel(20)] = 0.0000353462
E[P_sel(21)] = 0.0000377495
E[P_sel(22)] = 0.0000356674
E[P_sel(23)] = 0.0000424775
E[P_sel(24)] = 0.0000307479
E[P_sel(25)] = 0.0000357679
E[P_sel(26)] = 0.0000363946
E[P_sel(27)] = 0.0000309938
E[P_sel(28)] = 0.0000410686
E[P_sel(29)] = 0.0000297647
E[P_sel(30)] = 0.0000380461
E[P_sel(31)] = 0.0000302649
E[P_sel(32)] = 0.0000275912
E[P_sel(33)] = 0.0000365926
E[P_sel(34)] = 0.0000297853
E[P_sel(35)] = 0.0000321050
E[P_sel(36)] = 0.0000278523
E[P_sel(37)] = 0.0000301658
E[P_sel(38)] = 0.0000275914
E[P_sel(39)] = 0.0000323133
E[P_sel(40)] = 0.0000426259
E[P_sel(41)] = 0.0000288291
E[P_sel(42)] = 0.0000390736
E[P_sel(43)] = 0.0000349421
E[P_sel(44)] = 0.0000403375
E[P_sel(45)] = 0.0000456932
E[P_sel(46)] = 0.0000565032
E[P_sel(47)] = 0.0000734888
E[P_sel(48)] = 0.0000685458
E[P_sel(49)] = 0.0000954866

---- alpha_dfe = 0.000545

