---- Running command
---- ./polyDFE -d /home/jejames/1001Genomes/NetworkConnectivity20polcounts7_14.5434343434343_PolyDFE.input -m C -i /home/jejames/1001Genomes/model.txt 1 -e 
---- Performing inference using model C

---- Performing inference on /home/jejames/1001Genomes/NetworkConnectivity20polcounts7_14.5434343434343_PolyDFE.input
----      with -i /home/jejames/1001Genomes/model.txt 1
---- Data /home/jejames/1001Genomes/NetworkConnectivity20polcounts7_14.5434343434343_PolyDFE.input does not contain divergence counts. Using option -w.
---- No mutation variability. Using Poisson likelihood.


---- Calculating initial values

-- Starting local optimization
-- Optimizing all parameters
  it        eps_an     theta_bar           S_d             b           p_b           S_b           r 2           r 3           r 4           r 5           r 6           r 7           r 8           r 9          r 10          r 11          r 12          r 13          r 14          r 15          r 16          r 17          r 18          r 19          r 20          r 21          r 22          r 23          r 24          r 25          r 26          r 27          r 28          r 29          r 30          r 31          r 32          r 33          r 34          r 35          r 36          r 37          r 38          r 39          r 40          r 41          r 42          r 43          r 44          r 45          r 46          r 47          r 48          r 49           ln lk          grad status 
   0           0.1 0.00959508507        -30000         0.208           0.1            20 0.76927245630 0.68039561035 0.74732421081 0.50264191843 0.49586776859 0.61360249288 0.61671860181 0.58894458745 0.53922232759 0.75111773472 0.88280720769 0.51957729304 0.70180192385 0.78241430700 0.61346700989 0.80382062051 0.57309307681 1.12748950006 0.67470532448 1.00718059883 0.59910581222 0.53597073567 0.83240753285 1.11773472429 1.07085760737 0.68771169218 1.09632841078 1.20227611434 0.97954206747 1.43639073296 1.19225037257 1.16691505216 1.41417152147 1.63595718737 1.41444248746 1.27828207559 1.68351171927 1.56401571602 2.07018019238 1.48313236688 2.28180463351 2.23126947568 2.20566318926 2.67036986858 3.55859639615 4.24088876845 4.88389107167             1 -2005.310474916 26.8998774597   -2 
1023 0.00504248805 0.00839329633 -338.75312917 0.26824287409 0.00009516289 0.50565701031 0.76797320300 0.66267956400 0.69311986616 0.62981179379 0.61140773697 0.63844179826 0.62822254975 0.65541085797 0.54245395371 0.68341262688 0.70973756279 0.60992302901 0.74017269235 0.76166906298 0.61839393624 0.85452276677 0.65955655283 0.85787885126 0.74180938779 0.87695383209 0.68152255630 0.59633774374 0.78152821574 1.02984352962 0.80202325137 0.71180741819 0.81465830356 1.03862424656 0.81769305537 0.99233265370 1.02876185612 1.15082394788 1.19145143281 1.32285326775 1.09397237440 1.10302455285 1.34169920138 1.19207854002 1.58551297589 1.17101733677 1.66632032398 1.64633507588 1.95845838243 2.31261147040 2.48360885544 2.78857536218 3.04744969962 4.70511093491 -308.1549914903 0.00038606369   -8 
-- Local optimization: reached maximum number of likelihood evaluations allowed.
---- Best joint likelihood found -308.154991490332009 with gradient 0.00039

---- Results for /home/jejames/1001Genomes/NetworkConnectivity20polcounts7_14.5434343434343_PolyDFE.input 
--  Model: C
--        eps_an     theta_bar             a 
-- 0.00504248805 0.00839329633            -1 
--           S_d             b           p_b           S_b 
-- -338.75312917 0.26824287409 0.00009516289 0.50565701031 
--           r 2           r 3           r 4           r 5           r 6           r 7           r 8           r 9          r 10          r 11          r 12          r 13          r 14          r 15          r 16          r 17          r 18          r 19          r 20          r 21          r 22          r 23          r 24          r 25          r 26          r 27          r 28          r 29          r 30          r 31          r 32          r 33          r 34          r 35          r 36          r 37          r 38          r 39          r 40          r 41          r 42          r 43          r 44          r 45          r 46          r 47          r 48          r 49 
-- 0.76797320300 0.66267956400 0.69311986616 0.62981179379 0.61140773697 0.63844179826 0.62822254975 0.65541085797 0.54245395371 0.68341262688 0.70973756279 0.60992302901 0.74017269235 0.76166906298 0.61839393624 0.85452276677 0.65955655283 0.85787885126 0.74180938779 0.87695383209 0.68152255630 0.59633774374 0.78152821574 1.02984352962 0.80202325137 0.71180741819 0.81465830356 1.03862424656 0.81769305537 0.99233265370 1.02876185612 1.15082394788 1.19145143281 1.32285326775 1.09397237440 1.10302455285 1.34169920138 1.19207854002 1.58551297589 1.17101733677 1.66632032398 1.64633507588 1.95845838243 2.31261147040 2.48360885544 2.78857536218 3.04744969962 4.70511093491 

---- Expected P_neut(i), 0 < i < n (neutral SFS per site) 
E[P_neut(1)] = 0.0083550372
E[P_neut(2)] = 0.0032093489
E[P_neut(3)] = 0.0018471842
E[P_neut(4)] = 0.0014493414
E[P_neut(5)] = 0.0010540833
E[P_neut(6)] = 0.0008528588
E[P_neut(7)] = 0.0007632790
E[P_neut(8)] = 0.0006574629
E[P_neut(9)] = 0.0006093553
E[P_neut(10)] = 0.0004546794
E[P_neut(11)] = 0.0005201264
E[P_neut(12)] = 0.0004954110
E[P_neut(13)] = 0.0003930656
E[P_neut(14)] = 0.0004427977
E[P_neut(15)] = 0.0004256448
E[P_neut(16)] = 0.0003242451
E[P_neut(17)] = 0.0004212463
E[P_neut(18)] = 0.0003073573
E[P_neut(19)] = 0.0003784139
E[P_neut(20)] = 0.0003108951
E[P_neut(21)] = 0.0003502500
E[P_neut(22)] = 0.0002599303
E[P_neut(23)] = 0.0002176375
E[P_neut(24)] = 0.0002732439
E[P_neut(25)] = 0.0003457513
E[P_neut(26)] = 0.0002589811
E[P_neut(27)] = 0.0002212560
E[P_neut(28)] = 0.0002442822
E[P_neut(29)] = 0.0003008544
E[P_neut(30)] = 0.0002291875
E[P_neut(31)] = 0.0002692317
E[P_neut(32)] = 0.0002700246
E[P_neut(33)] = 0.0002933547
E[P_neut(34)] = 0.0002942763
E[P_neut(35)] = 0.0003177809
E[P_neut(36)] = 0.0002560080
E[P_neut(37)] = 0.0002509405
E[P_neut(38)] = 0.0002973583
E[P_neut(39)] = 0.0002578863
E[P_neut(40)] = 0.0003333102
E[P_neut(41)] = 0.0002415976
E[P_neut(42)] = 0.0003346425
E[P_neut(43)] = 0.0003235927
E[P_neut(44)] = 0.0003760181
E[P_neut(45)] = 0.0004344990
E[P_neut(46)] = 0.0004582153
E[P_neut(47)] = 0.0005048237
E[P_neut(48)] = 0.0005464426
E[P_neut(49)] = 0.0008442059

---- Expected P_sel(i), 0 < i < n (selected SFS per site) 
E[P_sel(1)] = 0.0041519727
E[P_sel(2)] = 0.0012433524
E[P_sel(3)] = 0.0006286425
E[P_sel(4)] = 0.0004532592
E[P_sel(5)] = 0.0003097688
E[P_sel(6)] = 0.0002387081
E[P_sel(7)] = 0.0002052736
E[P_sel(8)] = 0.0001709160
E[P_sel(9)] = 0.0001538727
E[P_sel(10)] = 0.0001118467
E[P_sel(11)] = 0.0001250850
E[P_sel(12)] = 0.0001166878
E[P_sel(13)] = 0.0000908521
E[P_sel(14)] = 0.0001006021
E[P_sel(15)] = 0.0000951624
E[P_sel(16)] = 0.0000714199
E[P_sel(17)] = 0.0000915301
E[P_sel(18)] = 0.0000659191
E[P_sel(19)] = 0.0000801864
E[P_sel(20)] = 0.0000651269
E[P_sel(21)] = 0.0000725756
E[P_sel(22)] = 0.0000533074
E[P_sel(23)] = 0.0000441983
E[P_sel(24)] = 0.0000549758
E[P_sel(25)] = 0.0000689456
E[P_sel(26)] = 0.0000512039
E[P_sel(27)] = 0.0000433878
E[P_sel(28)] = 0.0000475285
E[P_sel(29)] = 0.0000580963
E[P_sel(30)] = 0.0000439401
E[P_sel(31)] = 0.0000512588
E[P_sel(32)] = 0.0000510545
E[P_sel(33)] = 0.0000551166
E[P_sel(34)] = 0.0000549256
E[P_sel(35)] = 0.0000589644
E[P_sel(36)] = 0.0000472443
E[P_sel(37)] = 0.0000460374
E[P_sel(38)] = 0.0000542616
E[P_sel(39)] = 0.0000468368
E[P_sel(40)] = 0.0000601561
E[P_sel(41)] = 0.0000434897
E[P_sel(42)] = 0.0000598870
E[P_sel(43)] = 0.0000577096
E[P_sel(44)] = 0.0000667658
E[P_sel(45)] = 0.0000768957
E[P_sel(46)] = 0.0000810612
E[P_sel(47)] = 0.0000893412
E[P_sel(48)] = 0.0000980774
E[P_sel(49)] = 0.0001592353

---- alpha_dfe = 0.000720

