---- Running command
---- ./polyDFE -d /home/jejames/1001Genomes/NetworkConnectivity20polcounts16_100.908888888889_PolyDFE.input -m C -i /home/jejames/1001Genomes/model.txt 1 -e 
---- Performing inference using model C

---- Performing inference on /home/jejames/1001Genomes/NetworkConnectivity20polcounts16_100.908888888889_PolyDFE.input
----      with -i /home/jejames/1001Genomes/model.txt 1
---- Data /home/jejames/1001Genomes/NetworkConnectivity20polcounts16_100.908888888889_PolyDFE.input does not contain divergence counts. Using option -w.
---- No mutation variability. Using Poisson likelihood.


---- Calculating initial values

-- Starting local optimization
-- Optimizing all parameters
  it        eps_an     theta_bar           S_d             b           p_b           S_b           r 2           r 3           r 4           r 5           r 6           r 7           r 8           r 9          r 10          r 11          r 12          r 13          r 14          r 15          r 16          r 17          r 18          r 19          r 20          r 21          r 22          r 23          r 24          r 25          r 26          r 27          r 28          r 29          r 30          r 31          r 32          r 33          r 34          r 35          r 36          r 37          r 38          r 39          r 40          r 41          r 42          r 43          r 44          r 45          r 46          r 47          r 48          r 49           ln lk          grad status 
   0           0.1 0.00928158148        -40000         0.208           0.1            20 0.80332039094 0.73302985674 0.68550006694 0.60583746150 0.61695006024 0.71415182755 0.56875083679 0.72901325478 0.69085553621 0.72901325478 0.68924889543 0.60570357477 0.59044048734 0.82340340072 0.67907350381 0.57129468469 0.93265497389 0.83438211273 0.46324809211 0.68884723523 0.78645066273 0.92689784442 1.07323604230 0.97067880573 0.99558173784 1.11701700361 0.91096532333 0.79595662069 1.11259874146 0.96291337528 1.21247824340 1.14432989690 0.96960771187 1.17150890346 1.32547864506 1.24835988753 1.32788860623 1.54036684964 1.30673450261 1.78404070156 2.13120899718 1.71562458160 2.07363770250 2.31958762886 2.95621903869 3.68121569152 4.88418797697             1 -1861.322496116 25.1888862149   -2 
 378 0.00005508761 0.00806181335 -580.46308826 0.24184237336 0.00013533813 0.53197477828 0.84657900937 0.72362994782 0.71465613270 0.66723204125 0.74042772881 0.65479471493 0.65926891240 0.64693060280 0.67436938196 0.62484203329 0.66648383940 0.60954766765 0.62726336760 0.68621007449 0.62730766016 0.62806131701 0.72552092763 0.74590140566 0.54728848694 0.63111803424 0.66415053912 0.80115431529 1.01038003811 0.84522413153 0.81438690697 0.95479574075 0.75430890034 0.76466096912 1.05140130673 0.86349903022 0.97906446237 1.01246786315 1.02321316505 1.00908462669 0.96793120166 1.12189064911 1.15491089702 1.18800929546 1.22115581302 1.36589527875 1.54522220511 1.29159006246 1.74561929019 1.91210927509 2.08452676413 2.48925713893 3.07536567459 4.08966032404 -292.8240408008 0.00009334944    0 
---- Best joint likelihood found -292.824040800831654 with gradient 0.00009

---- Results for /home/jejames/1001Genomes/NetworkConnectivity20polcounts16_100.908888888889_PolyDFE.input 
--  Model: C
--        eps_an     theta_bar             a 
-- 0.00005508761 0.00806181335            -1 
--           S_d             b           p_b           S_b 
-- -580.46308826 0.24184237336 0.00013533813 0.53197477828 
--           r 2           r 3           r 4           r 5           r 6           r 7           r 8           r 9          r 10          r 11          r 12          r 13          r 14          r 15          r 16          r 17          r 18          r 19          r 20          r 21          r 22          r 23          r 24          r 25          r 26          r 27          r 28          r 29          r 30          r 31          r 32          r 33          r 34          r 35          r 36          r 37          r 38          r 39          r 40          r 41          r 42          r 43          r 44          r 45          r 46          r 47          r 48          r 49 
-- 0.84657900937 0.72362994782 0.71465613270 0.66723204125 0.74042772881 0.65479471493 0.65926891240 0.64693060280 0.67436938196 0.62484203329 0.66648383940 0.60954766765 0.62726336760 0.68621007449 0.62730766016 0.62806131701 0.72552092763 0.74590140566 0.54728848694 0.63111803424 0.66415053912 0.80115431529 1.01038003811 0.84522413153 0.81438690697 0.95479574075 0.75430890034 0.76466096912 1.05140130673 0.86349903022 0.97906446237 1.01246786315 1.02321316505 1.00908462669 0.96793120166 1.12189064911 1.15491089702 1.18800929546 1.22115581302 1.36589527875 1.54522220511 1.29159006246 1.74561929019 1.91210927509 2.08452676413 2.48925713893 3.07536567459 4.08966032404 

---- Expected P_neut(i), 0 < i < n (neutral SFS per site) 
E[P_neut(1)] = 0.0080614063
E[P_neut(2)] = 0.0034123214
E[P_neut(3)] = 0.0019445063
E[P_neut(4)] = 0.0014402969
E[P_neut(5)] = 0.0010757796
E[P_neut(6)] = 0.0009948278
E[P_neut(7)] = 0.0007540908
E[P_neut(8)] = 0.0006643426
E[P_neut(9)] = 0.0005794755
E[P_neut(10)] = 0.0005436476
E[P_neut(11)] = 0.0004579301
E[P_neut(12)] = 0.0004477445
E[P_neut(13)] = 0.0003779972
E[P_neut(14)] = 0.0003611978
E[P_neut(15)] = 0.0003687990
E[P_neut(16)] = 0.0003160733
E[P_neut(17)] = 0.0002978392
E[P_neut(18)] = 0.0003249409
E[P_neut(19)] = 0.0003164854
E[P_neut(20)] = 0.0002206103
E[P_neut(21)] = 0.0002422820
E[P_neut(22)] = 0.0002433739
E[P_neut(23)] = 0.0002808157
E[P_neut(24)] = 0.0003393909
E[P_neut(25)] = 0.0002725616
E[P_neut(26)] = 0.0002525215
E[P_neut(27)] = 0.0002850881
E[P_neut(28)] = 0.0002171835
E[P_neut(29)] = 0.0002125725
E[P_neut(30)] = 0.0002825366
E[P_neut(31)] = 0.0002245653
E[P_neut(32)] = 0.0002466617
E[P_neut(33)] = 0.0002473460
E[P_neut(34)] = 0.0002426203
E[P_neut(35)] = 0.0002324376
E[P_neut(36)] = 0.0002167658
E[P_neut(37)] = 0.0002444526
E[P_neut(38)] = 0.0002450290
E[P_neut(39)] = 0.0002455889
E[P_neut(40)] = 0.0002461346
E[P_neut(41)] = 0.0002685926
E[P_neut(42)] = 0.0002966225
E[P_neut(43)] = 0.0002421807
E[P_neut(44)] = 0.0003198748
E[P_neut(45)] = 0.0003425975
E[P_neut(46)] = 0.0003653867
E[P_neut(47)] = 0.0004270608
E[P_neut(48)] = 0.0005166809
E[P_neut(49)] = 0.0006732658

---- Expected P_sel(i), 0 < i < n (selected SFS per site) 
E[P_sel(1)] = 0.0037343197
E[P_sel(2)] = 0.0012478578
E[P_sel(3)] = 0.0006317540
E[P_sel(4)] = 0.0004334335
E[P_sel(5)] = 0.0003060756
E[P_sel(6)] = 0.0002708513
E[P_sel(7)] = 0.0001980258
E[P_sel(8)] = 0.0001692093
E[P_sel(9)] = 0.0001437453
E[P_sel(10)] = 0.0001317588
E[P_sel(11)] = 0.0001087061
E[P_sel(12)] = 0.0001043184
E[P_sel(13)] = 0.0000865812
E[P_sel(14)] = 0.0000814510
E[P_sel(15)] = 0.0000819742
E[P_sel(16)] = 0.0000693198
E[P_sel(17)] = 0.0000645093
E[P_sel(18)] = 0.0000695596
E[P_sel(19)] = 0.0000670067
E[P_sel(20)] = 0.0000462241
E[P_sel(21)] = 0.0000502670
E[P_sel(22)] = 0.0000500230
E[P_sel(23)] = 0.0000572064
E[P_sel(24)] = 0.0000685534
E[P_sel(25)] = 0.0000546083
E[P_sel(26)] = 0.0000502003
E[P_sel(27)] = 0.0000562519
E[P_sel(28)] = 0.0000425461
E[P_sel(29)] = 0.0000413553
E[P_sel(30)] = 0.0000546006
E[P_sel(31)] = 0.0000431186
E[P_sel(32)] = 0.0000470669
E[P_sel(33)] = 0.0000469134
E[P_sel(34)] = 0.0000457489
E[P_sel(35)] = 0.0000435811
E[P_sel(36)] = 0.0000404196
E[P_sel(37)] = 0.0000453391
E[P_sel(38)] = 0.0000452104
E[P_sel(39)] = 0.0000450850
E[P_sel(40)] = 0.0000449633
E[P_sel(41)] = 0.0000488308
E[P_sel(42)] = 0.0000536748
E[P_sel(43)] = 0.0000436246
E[P_sel(44)] = 0.0000573635
E[P_sel(45)] = 0.0000611716
E[P_sel(46)] = 0.0000649659
E[P_sel(47)] = 0.0000756196
E[P_sel(48)] = 0.0000911321
E[P_sel(49)] = 0.0001183579

---- alpha_dfe = 0.001018

