---- Running command
---- ./polyDFE -d /home/jejames/1001Genomes/NetworkConnectivity20polcounts18_166.315581854043_PolyDFE.input -m C -i /home/jejames/1001Genomes/model.txt 1 -e 
---- Performing inference using model C

---- Performing inference on /home/jejames/1001Genomes/NetworkConnectivity20polcounts18_166.315581854043_PolyDFE.input
----      with -i /home/jejames/1001Genomes/model.txt 1
---- Data /home/jejames/1001Genomes/NetworkConnectivity20polcounts18_166.315581854043_PolyDFE.input does not contain divergence counts. Using option -w.
---- No mutation variability. Using Poisson likelihood.


---- Calculating initial values

-- Starting local optimization
-- Optimizing all parameters
  it        eps_an     theta_bar           S_d             b           p_b           S_b           r 2           r 3           r 4           r 5           r 6           r 7           r 8           r 9          r 10          r 11          r 12          r 13          r 14          r 15          r 16          r 17          r 18          r 19          r 20          r 21          r 22          r 23          r 24          r 25          r 26          r 27          r 28          r 29          r 30          r 31          r 32          r 33          r 34          r 35          r 36          r 37          r 38          r 39          r 40          r 41          r 42          r 43          r 44          r 45          r 46          r 47          r 48          r 49           ln lk          grad status 
   0           0.1 0.00851407820        -20000         0.406           0.1            20 0.90388548057 0.75241016652 0.65205959684 0.74276950043 0.73444347063 0.67280163599 0.75606193397 0.64680105170 0.92754893368 0.78732106339 0.85889570552 0.69310546304 0.83231083844 0.82602979842 0.84370435290 0.76482617586 1.04119193689 0.61057551855 0.56675430908 0.73312883435 0.50131463628 1.00116856558 0.80280455740 1.02249488752 0.83932223196 1.11218229623 0.83435582822 0.97852760736 0.99035933391 0.99620216184 1.32749050540 1.40753724802 1.03797838153 1.39570552147 1.59333917616 1.75650014607 1.38767163307 2.33567046450 2.54163014899 2.08413672217 2.34969325153 3.02746129126 2.71224072451 3.37204206836 3.52088810984 3.93382997370 5.65118317265             1 -2279.992772381 20.8501531802   -2 
 947 0.01650926269 0.00749495446 -259.71004957 0.38385169552 0.00009073523 0.38316375895 0.88924797109 0.80372010703 0.72707264918 0.75841375849 0.74668891550 0.68919088300 0.72307171678 0.63062289626 0.85758675817 0.75004227794 0.79433428940 0.70133893520 0.70622446378 0.88791621980 0.79793941248 0.72485673288 0.89316764376 0.56781653653 0.44801499546 0.81330939329 0.66746030406 0.87799002225 0.79643661463 0.91887123223 0.87044855277 0.92910957771 0.87206851667 0.82571905189 0.86603775018 0.81114393253 1.11433111123 1.12733552917 0.88497374448 1.00302513289 1.33266698333 1.37081042055 0.98869501385 1.93784332047 1.90700661352 1.89166557960 1.69798102933 2.36456817324 2.38731758802 2.42820022683 2.44926752105 2.55361053663 3.20704243228 3.54279562752 -282.9233009620 0.00042148117   -8 
-- Local optimization: reached maximum number of likelihood evaluations allowed.
---- Best joint likelihood found -282.923300962081385 with gradient 0.00042

---- Results for /home/jejames/1001Genomes/NetworkConnectivity20polcounts18_166.315581854043_PolyDFE.input 
--  Model: C
--        eps_an     theta_bar             a 
-- 0.01650926269 0.00749495446            -1 
--           S_d             b           p_b           S_b 
-- -259.71004957 0.38385169552 0.00009073523 0.38316375895 
--           r 2           r 3           r 4           r 5           r 6           r 7           r 8           r 9          r 10          r 11          r 12          r 13          r 14          r 15          r 16          r 17          r 18          r 19          r 20          r 21          r 22          r 23          r 24          r 25          r 26          r 27          r 28          r 29          r 30          r 31          r 32          r 33          r 34          r 35          r 36          r 37          r 38          r 39          r 40          r 41          r 42          r 43          r 44          r 45          r 46          r 47          r 48          r 49 
-- 0.88924797109 0.80372010703 0.72707264918 0.75841375849 0.74668891550 0.68919088300 0.72307171678 0.63062289626 0.85758675817 0.75004227794 0.79433428940 0.70133893520 0.70622446378 0.88791621980 0.79793941248 0.72485673288 0.89316764376 0.56781653653 0.44801499546 0.81330939329 0.66746030406 0.87799002225 0.79643661463 0.91887123223 0.87044855277 0.92910957771 0.87206851667 0.82571905189 0.86603775018 0.81114393253 1.11433111123 1.12733552917 0.88497374448 1.00302513289 1.33266698333 1.37081042055 0.98869501385 1.93784332047 1.90700661352 1.89166557960 1.69798102933 2.36456817324 2.38731758802 2.42820022683 2.44926752105 2.55361053663 3.20704243228 3.54279562752 

---- Expected P_neut(i), 0 < i < n (neutral SFS per site) 
E[P_neut(1)] = 0.0073801647
E[P_neut(2)] = 0.0032856877
E[P_neut(3)] = 0.0019815216
E[P_neut(4)] = 0.0013464411
E[P_neut(5)] = 0.0011247635
E[P_neut(6)] = 0.0009240481
E[P_neut(7)] = 0.0007325437
E[P_neut(8)] = 0.0006712424
E[P_neut(9)] = 0.0005222044
E[P_neut(10)] = 0.0006380451
E[P_neut(11)] = 0.0005087596
E[P_neut(12)] = 0.0004911537
E[P_neut(13)] = 0.0004022552
E[P_neut(14)] = 0.0003764187
E[P_neut(15)] = 0.0004398810
E[P_neut(16)] = 0.0003708323
E[P_neut(17)] = 0.0003185257
E[P_neut(18)] = 0.0003700718
E[P_neut(19)] = 0.0002235271
E[P_neut(20)] = 0.0001686928
E[P_neut(21)] = 0.0002890032
E[P_neut(22)] = 0.0002274900
E[P_neut(23)] = 0.0002856430
E[P_neut(24)] = 0.0002487554
E[P_neut(25)] = 0.0002754759
E[P_neut(26)] = 0.0002508856
E[P_neut(27)] = 0.0002583779
E[P_neut(28)] = 0.0002333329
E[P_neut(29)] = 0.0002146734
E[P_neut(30)] = 0.0002155636
E[P_neut(31)] = 0.0001965727
E[P_neut(32)] = 0.0002628267
E[P_neut(33)] = 0.0002570892
E[P_neut(34)] = 0.0001980337
E[P_neut(35)] = 0.0002185678
E[P_neut(36)] = 0.0002791135
E[P_neut(37)] = 0.0002797712
E[P_neut(38)] = 0.0001999772
E[P_neut(39)] = 0.0003747003
E[P_neut(40)] = 0.0003620355
E[P_neut(41)] = 0.0003487647
E[P_neut(42)] = 0.0003091883
E[P_neut(43)] = 0.0004175255
E[P_neut(44)] = 0.0004153405
E[P_neut(45)] = 0.0004165196
E[P_neut(46)] = 0.0004149714
E[P_neut(47)] = 0.0004336438
E[P_neut(48)] = 0.0005475121
E[P_neut(49)] = 0.0006566896

---- Expected P_sel(i), 0 < i < n (selected SFS per site) 
E[P_sel(1)] = 0.0033601761
E[P_sel(2)] = 0.0010680680
E[P_sel(3)] = 0.0005357293
E[P_sel(4)] = 0.0003221840
E[P_sel(5)] = 0.0002460427
E[P_sel(6)] = 0.0001883429
E[P_sel(7)] = 0.0001408540
E[P_sel(8)] = 0.0001230596
E[P_sel(9)] = 0.0000916835
E[P_sel(10)] = 0.0001080476
E[P_sel(11)] = 0.0000832979
E[P_sel(12)] = 0.0000782158
E[P_sel(13)] = 0.0000622731
E[P_sel(14)] = 0.0000568502
E[P_sel(15)] = 0.0000650137
E[P_sel(16)] = 0.0000536600
E[P_sel(17)] = 0.0000451575
E[P_sel(18)] = 0.0000515310
E[P_sel(19)] = 0.0000305831
E[P_sel(20)] = 0.0000226934
E[P_sel(21)] = 0.0000383297
E[P_sel(22)] = 0.0000297270
E[P_sel(23)] = 0.0000368235
E[P_sel(24)] = 0.0000316510
E[P_sel(25)] = 0.0000346188
E[P_sel(26)] = 0.0000311569
E[P_sel(27)] = 0.0000317284
E[P_sel(28)] = 0.0000283396
E[P_sel(29)] = 0.0000258196
E[P_sel(30)] = 0.0000256398
E[P_sel(31)] = 0.0000231773
E[P_sel(32)] = 0.0000307334
E[P_sel(33)] = 0.0000297831
E[P_sel(34)] = 0.0000228138
E[P_sel(35)] = 0.0000250043
E[P_sel(36)] = 0.0000315783
E[P_sel(37)] = 0.0000314387
E[P_sel(38)] = 0.0000224841
E[P_sel(39)] = 0.0000415106
E[P_sel(40)] = 0.0000400051
E[P_sel(41)] = 0.0000382223
E[P_sel(42)] = 0.0000339743
E[P_sel(43)] = 0.0000454569
E[P_sel(44)] = 0.0000453840
E[P_sel(45)] = 0.0000458358
E[P_sel(46)] = 0.0000462879
E[P_sel(47)] = 0.0000504362
E[P_sel(48)] = 0.0000685686
E[P_sel(49)] = 0.0001108637

---- alpha_dfe = 0.001092

