---- Running command
---- ./polyDFE -d /home/jejames/1001Genomes/NetworkConnectivity20polcounts3_3.91528925619835_PolyDFE.input -m C -i /home/jejames/1001Genomes/model.txt 1 -e 
---- Performing inference using model C

---- Performing inference on /home/jejames/1001Genomes/NetworkConnectivity20polcounts3_3.91528925619835_PolyDFE.input
----      with -i /home/jejames/1001Genomes/model.txt 1
---- Data /home/jejames/1001Genomes/NetworkConnectivity20polcounts3_3.91528925619835_PolyDFE.input does not contain divergence counts. Using option -w.
---- No mutation variability. Using Poisson likelihood.


---- Calculating initial values

-- Starting local optimization
-- Optimizing all parameters
  it        eps_an     theta_bar           S_d             b           p_b           S_b           r 2           r 3           r 4           r 5           r 6           r 7           r 8           r 9          r 10          r 11          r 12          r 13          r 14          r 15          r 16          r 17          r 18          r 19          r 20          r 21          r 22          r 23          r 24          r 25          r 26          r 27          r 28          r 29          r 30          r 31          r 32          r 33          r 34          r 35          r 36          r 37          r 38          r 39          r 40          r 41          r 42          r 43          r 44          r 45          r 46          r 47          r 48          r 49           ln lk          grad status 
   0           0.1 0.01101647707        -20000         0.208           0.1            20 0.73666001330 0.68502994011 0.67864271457 0.67864271457 0.58762475049 0.67904191616 0.60572188955 0.70299401197 0.61610113107 0.73186959414 0.57964071856 0.58815701929 0.63339986693 0.59281437125 0.61743180306 0.69900199600 0.70898203592 0.85961410512 0.82501663339 0.72095808383 0.89873586161 0.71310711909 0.59401197604 0.86493679308 0.53280106453 0.92335329341 0.75635395874 0.93386560212 0.91816367265 1.07252162341 1.12415169660 1.32175648702 1.31204258150 1.27145708582 1.24550898203 1.28010645375 1.55236194278 1.34930139720 1.74051896207 1.76220891550 2.24111776447 2.75222887558 2.24830339321 3.71257485029 3.15236194278 3.52734530938 4.80319361277             1 -2052.214136794 21.8958975519   -2 
1245 0.01104521506 0.00934209771 -175.75119742 0.27076450296 0.00003826705 0.18996694713 0.80531976377 0.76394704755 0.66583127876 0.68157328398 0.71754878353 0.78127947328 0.64717932036 0.73167486351 0.64658849621 0.76956644077 0.58882170251 0.59429926679 0.63105973665 0.67275853134 0.61237717883 0.72547730426 0.89930143473 0.78809223351 0.71762614702 0.78261566765 0.89082362893 0.74157264933 0.70588388071 0.82713044971 0.59504472950 0.70259794503 0.65988661828 0.74104900140 0.71413311262 0.95099019252 1.06161591620 0.93613608392 1.14038312406 1.08617362233 0.87004112789 1.13093918425 1.35684426441 1.16083160967 1.32543015005 1.48329282700 1.74046571573 1.93535180713 1.57891892076 2.45674298840 2.69068290047 2.31784823153 2.94319443583 3.48221601179 -305.5639698202 0.00009435475    0 
---- Best joint likelihood found -305.563969820293323 with gradient 0.00009

---- Results for /home/jejames/1001Genomes/NetworkConnectivity20polcounts3_3.91528925619835_PolyDFE.input 
--  Model: C
--        eps_an     theta_bar             a 
-- 0.01104521506 0.00934209771            -1 
--           S_d             b           p_b           S_b 
-- -175.75119742 0.27076450296 0.00003826705 0.18996694713 
--           r 2           r 3           r 4           r 5           r 6           r 7           r 8           r 9          r 10          r 11          r 12          r 13          r 14          r 15          r 16          r 17          r 18          r 19          r 20          r 21          r 22          r 23          r 24          r 25          r 26          r 27          r 28          r 29          r 30          r 31          r 32          r 33          r 34          r 35          r 36          r 37          r 38          r 39          r 40          r 41          r 42          r 43          r 44          r 45          r 46          r 47          r 48          r 49 
-- 0.80531976377 0.76394704755 0.66583127876 0.68157328398 0.71754878353 0.78127947328 0.64717932036 0.73167486351 0.64658849621 0.76956644077 0.58882170251 0.59429926679 0.63105973665 0.67275853134 0.61237717883 0.72547730426 0.89930143473 0.78809223351 0.71762614702 0.78261566765 0.89082362893 0.74157264933 0.70588388071 0.82713044971 0.59504472950 0.70259794503 0.65988661828 0.74104900140 0.71413311262 0.95099019252 1.06161591620 0.93613608392 1.14038312406 1.08617362233 0.87004112789 1.13093918425 1.35684426441 1.16083160967 1.32543015005 1.48329282700 1.74046571573 1.93535180713 1.57891892076 2.45674298840 2.69068290047 2.31784823153 2.94319443583 3.48221601179 

---- Expected P_neut(i), 0 < i < n (neutral SFS per site) 
E[P_neut(1)] = 0.0092462452
E[P_neut(2)] = 0.0037264663
E[P_neut(3)] = 0.0023577686
E[P_neut(4)] = 0.0015439248
E[P_neut(5)] = 0.0012650325
E[P_neut(6)] = 0.0011085978
E[P_neut(7)] = 0.0010358117
E[P_neut(8)] = 0.0007516801
E[P_neut(9)] = 0.0007548308
E[P_neut(10)] = 0.0006007966
E[P_neut(11)] = 0.0006494310
E[P_neut(12)] = 0.0004570237
E[P_neut(13)] = 0.0004255139
E[P_neut(14)] = 0.0004189442
E[P_neut(15)] = 0.0004175727
E[P_neut(16)] = 0.0003570671
E[P_neut(17)] = 0.0003971990
E[P_neut(18)] = 0.0004650103
E[P_neut(19)] = 0.0003863820
E[P_neut(20)] = 0.0003339605
E[P_neut(21)] = 0.0003469471
E[P_neut(22)] = 0.0003765337
E[P_neut(23)] = 0.0003005688
E[P_neut(24)] = 0.0002740948
E[P_neut(25)] = 0.0003090853
E[P_neut(26)] = 0.0002144797
E[P_neut(27)] = 0.0002437433
E[P_neut(28)] = 0.0002219151
E[P_neut(29)] = 0.0002399312
E[P_neut(30)] = 0.0002236295
E[P_neut(31)] = 0.0002877030
E[P_neut(32)] = 0.0003116608
E[P_neut(33)] = 0.0002664907
E[P_neut(34)] = 0.0003138287
E[P_neut(35)] = 0.0002913440
E[P_neut(36)] = 0.0002279354
E[P_neut(37)] = 0.0002871130
E[P_neut(38)] = 0.0003349517
E[P_neut(39)] = 0.0002822143
E[P_neut(40)] = 0.0003128102
E[P_neut(41)] = 0.0003426329
E[P_neut(42)] = 0.0003912048
E[P_neut(43)] = 0.0004273433
E[P_neut(44)] = 0.0003438740
E[P_neut(45)] = 0.0005184575
E[P_neut(46)] = 0.0005575887
E[P_neut(47)] = 0.0004819015
E[P_neut(48)] = 0.0006080469
E[P_neut(49)] = 0.0007597546

---- Expected P_sel(i), 0 < i < n (selected SFS per site) 
E[P_sel(1)] = 0.0052888614
E[P_sel(2)] = 0.0016947234
E[P_sel(3)] = 0.0009455147
E[P_sel(4)] = 0.0005691439
E[P_sel(5)] = 0.0004383660
E[P_sel(6)] = 0.0003660966
E[P_sel(7)] = 0.0003285285
E[P_sel(8)] = 0.0002303929
E[P_sel(9)] = 0.0002247373
E[P_sel(10)] = 0.0001742898
E[P_sel(11)] = 0.0001841621
E[P_sel(12)] = 0.0001268413
E[P_sel(13)] = 0.0001159092
E[P_sel(14)] = 0.0001121959
E[P_sel(15)] = 0.0001100231
E[P_sel(16)] = 0.0000926691
E[P_sel(17)] = 0.0001017067
E[P_sel(18)] = 0.0001175389
E[P_sel(19)] = 0.0000964741
E[P_sel(20)] = 0.0000824397
E[P_sel(21)] = 0.0000847175
E[P_sel(22)] = 0.0000910035
E[P_sel(23)] = 0.0000719263
E[P_sel(24)] = 0.0000649816
E[P_sel(25)] = 0.0000726255
E[P_sel(26)] = 0.0000499722
E[P_sel(27)] = 0.0000563315
E[P_sel(28)] = 0.0000509042
E[P_sel(29)] = 0.0000546213
E[P_sel(30)] = 0.0000505506
E[P_sel(31)] = 0.0000645773
E[P_sel(32)] = 0.0000695077
E[P_sel(33)] = 0.0000590567
E[P_sel(34)] = 0.0000690721
E[P_sel(35)] = 0.0000637829
E[P_sel(36)] = 0.0000496695
E[P_sel(37)] = 0.0000621640
E[P_sel(38)] = 0.0000721112
E[P_sel(39)] = 0.0000606557
E[P_sel(40)] = 0.0000668236
E[P_sel(41)] = 0.0000729641
E[P_sel(42)] = 0.0000828531
E[P_sel(43)] = 0.0000904181
E[P_sel(44)] = 0.0000729086
E[P_sel(45)] = 0.0001090885
E[P_sel(46)] = 0.0001174592
E[P_sel(47)] = 0.0001037959
E[P_sel(48)] = 0.0001343240
E[P_sel(49)] = 0.0001922169

---- alpha_dfe = 0.000210

