---- Running command
---- ./polyDFE -d /home/jejames/1001Genomes/NetworkConnectivity20polcounts5_8.32780082987552_PolyDFE.input -m C -i /home/jejames/1001Genomes/model.txt 1 -e 
---- Performing inference using model C

---- Performing inference on /home/jejames/1001Genomes/NetworkConnectivity20polcounts5_8.32780082987552_PolyDFE.input
----      with -i /home/jejames/1001Genomes/model.txt 1
---- Data /home/jejames/1001Genomes/NetworkConnectivity20polcounts5_8.32780082987552_PolyDFE.input does not contain divergence counts. Using option -w.
---- No mutation variability. Using Poisson likelihood.


---- Calculating initial values

-- Starting local optimization
-- Optimizing all parameters
  it        eps_an     theta_bar           S_d             b           p_b           S_b           r 2           r 3           r 4           r 5           r 6           r 7           r 8           r 9          r 10          r 11          r 12          r 13          r 14          r 15          r 16          r 17          r 18          r 19          r 20          r 21          r 22          r 23          r 24          r 25          r 26          r 27          r 28          r 29          r 30          r 31          r 32          r 33          r 34          r 35          r 36          r 37          r 38          r 39          r 40          r 41          r 42          r 43          r 44          r 45          r 46          r 47          r 48          r 49           ln lk          grad status 
   0           0.1 0.01058278482        -20000         0.208           0.1            20 0.75867466736 0.65705713540 0.75450039133 0.58374641273 0.63083746412 0.58531176624 0.43516827550 0.65862248891 0.71745369162 0.63996869292 0.65588312027 0.63422906339 0.67753717714 0.55374380380 0.62614140360 0.59874771719 0.57761544482 0.59979128619 0.68353769893 0.72593268979 0.70884424732 0.65405687451 0.83902948082 1.01095747456 0.85468301591 0.71145316984 0.81450560918 0.85116097051 0.77484998695 1.04330811374 0.89329506913 1.16227498043 1.33055048265 1.03639446908 1.40412209757 1.18732063657 1.24419514740 1.69919123402 1.61753195930 2.18745108270 1.27654578659 1.84542134098 2.14662144534 3.14049047743 3.20427863292 4.35911818418 5.58518132011             1 -2089.338596843 24.9676664754   -2 
 453 0.00300282975 0.00876117042 -230.77979478 0.26860286456 0.00037349321 0.65823161538 0.82658408784 0.78899614272 0.79718255222 0.66944502493 0.69053690502 0.71470396169 0.64764427028 0.66959766901 0.71516866318 0.63202529521 0.70442872792 0.70982140495 0.70487303705 0.69016840784 0.67397931459 0.69036905349 0.69218573905 0.61824959308 0.69187844156 0.86098179082 0.70029707920 0.63440997907 0.84706324230 0.94897844600 0.70967654165 0.74060105452 0.71673424115 0.76296541419 0.67624927144 0.74172832827 0.72582275130 0.94479430608 1.02089454988 0.68536029790 1.01515061252 0.89883364920 1.02578870222 1.15970915747 1.19031927502 1.63379541149 0.99993999794 1.54297852476 1.90545796894 2.43615307945 2.29566049875 3.76623051454 3.26992302106 4.78523726258 -314.8543421665 0.00155755429   -3 
-- Local optimization: stuck in the same solution
---- Best joint likelihood found -314.854342166584900 with gradient 0.00156

---- Results for /home/jejames/1001Genomes/NetworkConnectivity20polcounts5_8.32780082987552_PolyDFE.input 
--  Model: C
--        eps_an     theta_bar             a 
-- 0.00300282975 0.00876117042            -1 
--           S_d             b           p_b           S_b 
-- -230.77979478 0.26860286456 0.00037349321 0.65823161538 
--           r 2           r 3           r 4           r 5           r 6           r 7           r 8           r 9          r 10          r 11          r 12          r 13          r 14          r 15          r 16          r 17          r 18          r 19          r 20          r 21          r 22          r 23          r 24          r 25          r 26          r 27          r 28          r 29          r 30          r 31          r 32          r 33          r 34          r 35          r 36          r 37          r 38          r 39          r 40          r 41          r 42          r 43          r 44          r 45          r 46          r 47          r 48          r 49 
-- 0.82658408784 0.78899614272 0.79718255222 0.66944502493 0.69053690502 0.71470396169 0.64764427028 0.66959766901 0.71516866318 0.63202529521 0.70442872792 0.70982140495 0.70487303705 0.69016840784 0.67397931459 0.69036905349 0.69218573905 0.61824959308 0.69187844156 0.86098179082 0.70029707920 0.63440997907 0.84706324230 0.94897844600 0.70967654165 0.74060105452 0.71673424115 0.76296541419 0.67624927144 0.74172832827 0.72582275130 0.94479430608 1.02089454988 0.68536029790 1.01515061252 0.89883364920 1.02578870222 1.15970915747 1.19031927502 1.63379541149 0.99993999794 1.54297852476 1.90545796894 2.43615307945 2.29566049875 3.76623051454 3.26992302106 4.78523726258 

---- Expected P_neut(i), 0 < i < n (neutral SFS per site) 
E[P_neut(1)] = 0.0087374313
E[P_neut(2)] = 0.0036118412
E[P_neut(3)] = 0.0022993657
E[P_neut(4)] = 0.0017421329
E[P_neut(5)] = 0.0011709262
E[P_neut(6)] = 0.0010064301
E[P_neut(7)] = 0.0008927784
E[P_neut(8)] = 0.0007077618
E[P_neut(9)] = 0.0006509198
E[P_neut(10)] = 0.0006254728
E[P_neut(11)] = 0.0005026599
E[P_neut(12)] = 0.0005134675
E[P_neut(13)] = 0.0004775770
E[P_neut(14)] = 0.0004405253
E[P_neut(15)] = 0.0004024169
E[P_neut(16)] = 0.0003687347
E[P_neut(17)] = 0.0003554755
E[P_neut(18)] = 0.0003364938
E[P_neut(19)] = 0.0002848571
E[P_neut(20)] = 0.0003027662
E[P_neut(21)] = 0.0003588139
E[P_neut(22)] = 0.0002787188
E[P_neut(23)] = 0.0002416557
E[P_neut(24)] = 0.0003090090
E[P_neut(25)] = 0.0003325665
E[P_neut(26)] = 0.0002393488
E[P_neut(27)] = 0.0002403200
E[P_neut(28)] = 0.0002244294
E[P_neut(29)] = 0.0002308854
E[P_neut(30)] = 0.0001978082
E[P_neut(31)] = 0.0002098527
E[P_neut(32)] = 0.0001991355
E[P_neut(33)] = 0.0002511486
E[P_neut(34)] = 0.0002633839
E[P_neut(35)] = 0.0001722541
E[P_neut(36)] = 0.0002476357
E[P_neut(37)] = 0.0002136307
E[P_neut(38)] = 0.0002373371
E[P_neut(39)] = 0.0002612526
E[P_neut(40)] = 0.0002618134
E[P_neut(41)] = 0.0003500300
E[P_neut(42)] = 0.0002100902
E[P_neut(43)] = 0.0003161211
E[P_neut(44)] = 0.0003812986
E[P_neut(45)] = 0.0004763993
E[P_neut(46)] = 0.0004411622
E[P_neut(47)] = 0.0007068659
E[P_neut(48)] = 0.0006059215
E[P_neut(49)] = 0.0008793366

---- Expected P_sel(i), 0 < i < n (selected SFS per site) 
E[P_sel(1)] = 0.0047291130
E[P_sel(2)] = 0.0015424790
E[P_sel(3)] = 0.0008647854
E[P_sel(4)] = 0.0006027062
E[P_sel(5)] = 0.0003808153
E[P_sel(6)] = 0.0003118370
E[P_sel(7)] = 0.0002658289
E[P_sel(8)] = 0.0002037643
E[P_sel(9)] = 0.0001819720
E[P_sel(10)] = 0.0001704432
E[P_sel(11)] = 0.0001338639
E[P_sel(12)] = 0.0001339514
E[P_sel(13)] = 0.0001222682
E[P_sel(14)] = 0.0001108459
E[P_sel(15)] = 0.0000996643
E[P_sel(16)] = 0.0000899696
E[P_sel(17)] = 0.0000855470
E[P_sel(18)] = 0.0000799426
E[P_sel(19)] = 0.0000668540
E[P_sel(20)] = 0.0000702482
E[P_sel(21)] = 0.0000823529
E[P_sel(22)] = 0.0000633117
E[P_sel(23)] = 0.0000543556
E[P_sel(24)] = 0.0000688593
E[P_sel(25)] = 0.0000734484
E[P_sel(26)] = 0.0000524112
E[P_sel(27)] = 0.0000521926
E[P_sel(28)] = 0.0000483603
E[P_sel(29)] = 0.0000493791
E[P_sel(30)] = 0.0000419976
E[P_sel(31)] = 0.0000442401
E[P_sel(32)] = 0.0000417021
E[P_sel(33)] = 0.0000522444
E[P_sel(34)] = 0.0000544421
E[P_sel(35)] = 0.0000354076
E[P_sel(36)] = 0.0000505841
E[P_sel(37)] = 0.0000434036
E[P_sel(38)] = 0.0000479512
E[P_sel(39)] = 0.0000524885
E[P_sel(40)] = 0.0000523543
E[P_sel(41)] = 0.0000696011
E[P_sel(42)] = 0.0000416577
E[P_sel(43)] = 0.0000623505
E[P_sel(44)] = 0.0000748563
E[P_sel(45)] = 0.0000931077
E[P_sel(46)] = 0.0000861913
E[P_sel(47)] = 0.0001374643
E[P_sel(48)] = 0.0001187800
E[P_sel(49)] = 0.0001771413

---- alpha_dfe = 0.002754

