---- Running command
---- ./polyDFE -d /home/jejames/1001Genomes/NetworkConnectivity20polcounts8_18.579797979798_PolyDFE.input -m C -i /home/jejames/1001Genomes/model.txt 1 -e 
---- Performing inference using model C

---- Performing inference on /home/jejames/1001Genomes/NetworkConnectivity20polcounts8_18.579797979798_PolyDFE.input
----      with -i /home/jejames/1001Genomes/model.txt 1
---- Data /home/jejames/1001Genomes/NetworkConnectivity20polcounts8_18.579797979798_PolyDFE.input does not contain divergence counts. Using option -w.
---- No mutation variability. Using Poisson likelihood.


---- Calculating initial values

-- Starting local optimization
-- Optimizing all parameters
  it        eps_an     theta_bar           S_d             b           p_b           S_b           r 2           r 3           r 4           r 5           r 6           r 7           r 8           r 9          r 10          r 11          r 12          r 13          r 14          r 15          r 16          r 17          r 18          r 19          r 20          r 21          r 22          r 23          r 24          r 25          r 26          r 27          r 28          r 29          r 30          r 31          r 32          r 33          r 34          r 35          r 36          r 37          r 38          r 39          r 40          r 41          r 42          r 43          r 44          r 45          r 46          r 47          r 48          r 49           ln lk          grad status 
   0           0.1 0.00957827482        -30000         0.208           0.1            20 0.87951467268 0.75677200902 0.59311512415 0.77807562076 0.66196388261 0.68933408577 0.63995485327 0.48885440180 0.64334085778 0.79613431151 0.68227990970 0.74280474040 0.69328442437 0.71529345372 0.86907449209 0.70753386004 0.66281038374 0.79881489841 0.70541760722 0.72883747178 0.63939051918 0.77229119638 0.69413092550 1.30502257336 0.89870203160 0.84565462753 1.00338600451 1.20287810383 1.39672686230 1.23335214446 1.21444695259 1.18721783295 1.27116252821 1.59001128668 1.41704288939 1.90533295711 1.43143340857 2.07435101580 1.94130925507 1.99562641083 2.26946952595 3.16676072234 2.47065462753 2.58394469525 2.71924379232 4.32336343115 6.31828442437             1 -2034.806068761 26.6557425021   -2 
 954 0.00030347314 0.00842658245 -339.66474983 0.25763742202 0.00006073647 0.38811730430 0.80798258845 0.78876147479 0.67631819956 0.74706967383 0.70561510619 0.66881941662 0.64766961027 0.60679793879 0.62922463689 0.74032656195 0.67644772359 0.73168791182 0.67250507575 0.66018039882 0.74989774699 0.76959108357 0.73911164693 0.62529411128 0.70075309988 0.68480209253 0.60554644876 0.72698234557 0.76188700228 0.91317854741 0.81480325849 0.68667870227 1.03462601170 1.11441301912 1.11609880940 1.05187673233 1.02381736178 1.01387837161 0.79165565883 1.20158643478 1.11525234063 1.55798879317 1.31476407201 1.59620607064 1.58545524633 1.80036010549 2.14180498704 2.40834129993 2.16026072836 1.89688299977 2.07222070151 3.04908511111 3.62652269721 3.72553757418 -299.4278761675 0.00027352283   -8 
-- Local optimization: reached maximum number of likelihood evaluations allowed.
---- Best joint likelihood found -299.427876167551176 with gradient 0.00027

---- Results for /home/jejames/1001Genomes/NetworkConnectivity20polcounts8_18.579797979798_PolyDFE.input 
--  Model: C
--        eps_an     theta_bar             a 
-- 0.00030347314 0.00842658245            -1 
--           S_d             b           p_b           S_b 
-- -339.66474983 0.25763742202 0.00006073647 0.38811730430 
--           r 2           r 3           r 4           r 5           r 6           r 7           r 8           r 9          r 10          r 11          r 12          r 13          r 14          r 15          r 16          r 17          r 18          r 19          r 20          r 21          r 22          r 23          r 24          r 25          r 26          r 27          r 28          r 29          r 30          r 31          r 32          r 33          r 34          r 35          r 36          r 37          r 38          r 39          r 40          r 41          r 42          r 43          r 44          r 45          r 46          r 47          r 48          r 49 
-- 0.80798258845 0.78876147479 0.67631819956 0.74706967383 0.70561510619 0.66881941662 0.64766961027 0.60679793879 0.62922463689 0.74032656195 0.67644772359 0.73168791182 0.67250507575 0.66018039882 0.74989774699 0.76959108357 0.73911164693 0.62529411128 0.70075309988 0.68480209253 0.60554644876 0.72698234557 0.76188700228 0.91317854741 0.81480325849 0.68667870227 1.03462601170 1.11441301912 1.11609880940 1.05187673233 1.02381736178 1.01387837161 0.79165565883 1.20158643478 1.11525234063 1.55798879317 1.31476407201 1.59620607064 1.58545524633 1.80036010549 2.14180498704 2.40834129993 2.16026072836 1.89688299977 2.07222070151 3.04908511111 3.62652269721 3.72553757418 

---- Expected P_neut(i), 0 < i < n (neutral SFS per site) 
E[P_neut(1)] = 0.0084242196
E[P_neut(2)] = 0.0034034261
E[P_neut(3)] = 0.0022150147
E[P_neut(4)] = 0.0014244456
E[P_neut(5)] = 0.0012587745
E[P_neut(6)] = 0.0009908121
E[P_neut(7)] = 0.0008050220
E[P_neut(8)] = 0.0006821285
E[P_neut(9)] = 0.0005680769
E[P_neut(10)] = 0.0005301618
E[P_neut(11)] = 0.0005670619
E[P_neut(12)] = 0.0004749562
E[P_neut(13)] = 0.0004742429
E[P_neut(14)] = 0.0004047363
E[P_neut(15)] = 0.0003708462
E[P_neut(16)] = 0.0003948819
E[P_neut(17)] = 0.0003814347
E[P_neut(18)] = 0.0003459871
E[P_neut(19)] = 0.0002773233
E[P_neut(20)] = 0.0002952532
E[P_neut(21)] = 0.0002748026
E[P_neut(22)] = 0.0002319644
E[P_neut(23)] = 0.0002663310
E[P_neut(24)] = 0.0002675033
E[P_neut(25)] = 0.0003077990
E[P_neut(26)] = 0.0002640782
E[P_neut(27)] = 0.0002143252
E[P_neut(28)] = 0.0003113459
E[P_neut(29)] = 0.0003238021
E[P_neut(30)] = 0.0003134911
E[P_neut(31)] = 0.0002859240
E[P_neut(32)] = 0.0002696257
E[P_neut(33)] = 0.0002589320
E[P_neut(34)] = 0.0001962648
E[P_neut(35)] = 0.0002893181
E[P_neut(36)] = 0.0002610927
E[P_neut(37)] = 0.0003548611
E[P_neut(38)] = 0.0002916075
E[P_neut(39)] = 0.0003449537
E[P_neut(40)] = 0.0003340588
E[P_neut(41)] = 0.0003700817
E[P_neut(42)] = 0.0004297932
E[P_neut(43)] = 0.0004720566
E[P_neut(44)] = 0.0004138937
E[P_neut(45)] = 0.0003554796
E[P_neut(46)] = 0.0003799202
E[P_neut(47)] = 0.0005471738
E[P_neut(48)] = 0.0006374897
E[P_neut(49)] = 0.0006430475

---- Expected P_sel(i), 0 < i < n (selected SFS per site) 
E[P_sel(1)] = 0.0042584435
E[P_sel(2)] = 0.0013542009
E[P_sel(3)] = 0.0007784341
E[P_sel(4)] = 0.0004616158
E[P_sel(5)] = 0.0003843462
E[P_sel(6)] = 0.0002886943
E[P_sel(7)] = 0.0002257189
E[P_sel(8)] = 0.0001851457
E[P_sel(9)] = 0.0001499152
E[P_sel(10)] = 0.0001364907
E[P_sel(11)] = 0.0001428039
E[P_sel(12)] = 0.0001172509
E[P_sel(13)] = 0.0001149710
E[P_sel(14)] = 0.0000965032
E[P_sel(15)] = 0.0000870749
E[P_sel(16)] = 0.0000914072
E[P_sel(17)] = 0.0000871268
E[P_sel(18)] = 0.0000780502
E[P_sel(19)] = 0.0000618303
E[P_sel(20)] = 0.0000651027
E[P_sel(21)] = 0.0000599609
E[P_sel(22)] = 0.0000501119
E[P_sel(23)] = 0.0000569934
E[P_sel(24)] = 0.0000567283
E[P_sel(25)] = 0.0000647109
E[P_sel(26)] = 0.0000550606
E[P_sel(27)] = 0.0000443328
E[P_sel(28)] = 0.0000639098
E[P_sel(29)] = 0.0000659787
E[P_sel(30)] = 0.0000634254
E[P_sel(31)] = 0.0000574526
E[P_sel(32)] = 0.0000538201
E[P_sel(33)] = 0.0000513554
E[P_sel(34)] = 0.0000386862
E[P_sel(35)] = 0.0000566832
E[P_sel(36)] = 0.0000508558
E[P_sel(37)] = 0.0000687273
E[P_sel(38)] = 0.0000561668
E[P_sel(39)] = 0.0000660859
E[P_sel(40)] = 0.0000636643
E[P_sel(41)] = 0.0000701705
E[P_sel(42)] = 0.0000810889
E[P_sel(43)] = 0.0000886339
E[P_sel(44)] = 0.0000773561
E[P_sel(45)] = 0.0000661493
E[P_sel(46)] = 0.0000703883
E[P_sel(47)] = 0.0001009522
E[P_sel(48)] = 0.0001171959
E[P_sel(49)] = 0.0001183181

---- alpha_dfe = 0.000408

