---- Running command
---- ./polyDFE -d /home/jejames/1001Genomes/NetworkConnectivity20polcounts4_5.86111111111111_PolyDFE.input -m C -i /home/jejames/1001Genomes/model.txt 1 -e 
---- Performing inference using model C

---- Performing inference on /home/jejames/1001Genomes/NetworkConnectivity20polcounts4_5.86111111111111_PolyDFE.input
----      with -i /home/jejames/1001Genomes/model.txt 1
---- Data /home/jejames/1001Genomes/NetworkConnectivity20polcounts4_5.86111111111111_PolyDFE.input does not contain divergence counts. Using option -w.
---- No mutation variability. Using Poisson likelihood.


---- Calculating initial values

-- Starting local optimization
-- Optimizing all parameters
  it        eps_an     theta_bar           S_d             b           p_b           S_b           r 2           r 3           r 4           r 5           r 6           r 7           r 8           r 9          r 10          r 11          r 12          r 13          r 14          r 15          r 16          r 17          r 18          r 19          r 20          r 21          r 22          r 23          r 24          r 25          r 26          r 27          r 28          r 29          r 30          r 31          r 32          r 33          r 34          r 35          r 36          r 37          r 38          r 39          r 40          r 41          r 42          r 43          r 44          r 45          r 46          r 47          r 48          r 49           ln lk          grad status 
   0           0.1 0.01034437434        -20000         0.208           0.1            20 0.78068614993 0.65984752223 0.62312579415 0.64675984752 0.78602287166 0.65908513341 0.50114358322 0.62096569250 0.74459974587 0.58703939008 0.59771283354 0.54675984752 0.49631512071 0.64612452350 0.52249047013 0.53354510800 0.51918678526 0.44180432020 0.59466327827 0.57903430749 0.75196950444 0.78614993646 0.64345616264 0.73062261753 0.45921219822 0.62096569250 0.64396442185 0.71118170266 0.40406607369 0.81537484116 0.50012706480 1.27052096569 1.00660736975 1.11626429479 1.23964421855 1.21766200762 1.58373570520 1.68487928843 1.59593392630 1.70355781448 2.75908513341 2.34396442185 2.67801778907 2.98475222363 3.23811944091 3.69669631512 4.68411689961             1 -1968.748278088 20.4059863681   -2 
 886 0.00002865013 0.00904628570 -359.81284732 0.21383613918 0.00008240306 0.21566153376 0.72730297428 0.71067682607 0.67067418412 0.64593812037 0.71615695749 0.66415600914 0.61087950265 0.71845539175 0.73931410821 0.57149066252 0.65333757025 0.63526392090 0.52599751798 0.52158778427 0.51886548038 0.63394712651 0.57195806657 0.44776640230 0.61058306708 0.56641856324 0.60776107370 0.68719614057 0.53999630856 0.55123582980 0.53330582873 0.65816084151 0.65443026341 0.68001679591 0.62361484459 0.66336948728 0.56348490959 1.03800753016 0.90305816808 1.08742217991 0.90107458387 1.11407606430 1.33810179942 1.28911438918 1.19036578561 1.47661164794 1.80016691035 1.65242649784 1.64441703521 2.04263505914 2.22274731516 2.51620935122 2.73841059928 4.17170678628 -315.1889326153 0.00009358371    0 
---- Best joint likelihood found -315.188932615384999 with gradient 0.00009

---- Results for /home/jejames/1001Genomes/NetworkConnectivity20polcounts4_5.86111111111111_PolyDFE.input 
--  Model: C
--        eps_an     theta_bar             a 
-- 0.00002865013 0.00904628570            -1 
--           S_d             b           p_b           S_b 
-- -359.81284732 0.21383613918 0.00008240306 0.21566153376 
--           r 2           r 3           r 4           r 5           r 6           r 7           r 8           r 9          r 10          r 11          r 12          r 13          r 14          r 15          r 16          r 17          r 18          r 19          r 20          r 21          r 22          r 23          r 24          r 25          r 26          r 27          r 28          r 29          r 30          r 31          r 32          r 33          r 34          r 35          r 36          r 37          r 38          r 39          r 40          r 41          r 42          r 43          r 44          r 45          r 46          r 47          r 48          r 49 
-- 0.72730297428 0.71067682607 0.67067418412 0.64593812037 0.71615695749 0.66415600914 0.61087950265 0.71845539175 0.73931410821 0.57149066252 0.65333757025 0.63526392090 0.52599751798 0.52158778427 0.51886548038 0.63394712651 0.57195806657 0.44776640230 0.61058306708 0.56641856324 0.60776107370 0.68719614057 0.53999630856 0.55123582980 0.53330582873 0.65816084151 0.65443026341 0.68001679591 0.62361484459 0.66336948728 0.56348490959 1.03800753016 0.90305816808 1.08742217991 0.90107458387 1.11407606430 1.33810179942 1.28911438918 1.19036578561 1.47661164794 1.80016691035 1.65242649784 1.64441703521 2.04263505914 2.22274731516 2.51620935122 2.73841059928 4.17170678628 

---- Expected P_neut(i), 0 < i < n (neutral SFS per site) 
E[P_neut(1)] = 0.0090460486
E[P_neut(2)] = 0.0032896158
E[P_neut(3)] = 0.0021429477
E[P_neut(4)] = 0.0015167466
E[P_neut(5)] = 0.0011686464
E[P_neut(6)] = 0.0010797388
E[P_neut(7)] = 0.0008582918
E[P_neut(8)] = 0.0006907651
E[P_neut(9)] = 0.0007221389
E[P_neut(10)] = 0.0006687932
E[P_neut(11)] = 0.0004699831
E[P_neut(12)] = 0.0004925182
E[P_neut(13)] = 0.0004420551
E[P_neut(14)] = 0.0003398770
E[P_neut(15)] = 0.0003145612
E[P_neut(16)] = 0.0002933613
E[P_neut(17)] = 0.0003373436
E[P_neut(18)] = 0.0002874461
E[P_neut(19)] = 0.0002131901
E[P_neut(20)] = 0.0002761729
E[P_neut(21)] = 0.0002439983
E[P_neut(22)] = 0.0002499071
E[P_neut(23)] = 0.0002702843
E[P_neut(24)] = 0.0002035395
E[P_neut(25)] = 0.0001994655
E[P_neut(26)] = 0.0001855558
E[P_neut(27)] = 0.0002205166
E[P_neut(28)] = 0.0002114355
E[P_neut(29)] = 0.0002121260
E[P_neut(30)] = 0.0001880491
E[P_neut(31)] = 0.0001935822
E[P_neut(32)] = 0.0001592988
E[P_neut(33)] = 0.0002845504
E[P_neut(34)] = 0.0002402757
E[P_neut(35)] = 0.0002810619
E[P_neut(36)] = 0.0002264304
E[P_neut(37)] = 0.0002723900
E[P_neut(38)] = 0.0003185537
E[P_neut(39)] = 0.0002990228
E[P_neut(40)] = 0.0002692212
E[P_neut(41)] = 0.0003258126
E[P_neut(42)] = 0.0003877426
E[P_neut(43)] = 0.0003476500
E[P_neut(44)] = 0.0003381091
E[P_neut(45)] = 0.0004106497
E[P_neut(46)] = 0.0004371528
E[P_neut(47)] = 0.0004843528
E[P_neut(48)] = 0.0005161721
E[P_neut(49)] = 0.0007704096

---- Expected P_sel(i), 0 < i < n (selected SFS per site) 
E[P_sel(1)] = 0.0048840664
E[P_sel(2)] = 0.0014532713
E[P_sel(3)] = 0.0008543004
E[P_sel(4)] = 0.0005654913
E[P_sel(5)] = 0.0004147903
E[P_sel(6)] = 0.0003686928
E[P_sel(7)] = 0.0002839125
E[P_sel(8)] = 0.0002224341
E[P_sel(9)] = 0.0002271873
E[P_sel(10)] = 0.0002061366
E[P_sel(11)] = 0.0001422332
E[P_sel(12)] = 0.0001466131
E[P_sel(13)] = 0.0001296280
E[P_sel(14)] = 0.0000983000
E[P_sel(15)] = 0.0000898262
E[P_sel(16)] = 0.0000827867
E[P_sel(17)] = 0.0000941525
E[P_sel(18)] = 0.0000793994
E[P_sel(19)] = 0.0000583167
E[P_sel(20)] = 0.0000748528
E[P_sel(21)] = 0.0000655579
E[P_sel(22)] = 0.0000665914
E[P_sel(23)] = 0.0000714550
E[P_sel(24)] = 0.0000534059
E[P_sel(25)] = 0.0000519610
E[P_sel(26)] = 0.0000480049
E[P_sel(27)] = 0.0000566726
E[P_sel(28)] = 0.0000539934
E[P_sel(29)] = 0.0000538381
E[P_sel(30)] = 0.0000474456
E[P_sel(31)] = 0.0000485630
E[P_sel(32)] = 0.0000397423
E[P_sel(33)] = 0.0000706113
E[P_sel(34)] = 0.0000593160
E[P_sel(35)] = 0.0000690366
E[P_sel(36)] = 0.0000553467
E[P_sel(37)] = 0.0000662654
E[P_sel(38)] = 0.0000771389
E[P_sel(39)] = 0.0000720848
E[P_sel(40)] = 0.0000646177
E[P_sel(41)] = 0.0000778676
E[P_sel(42)] = 0.0000922834
E[P_sel(43)] = 0.0000824066
E[P_sel(44)] = 0.0000798287
E[P_sel(45)] = 0.0000965806
E[P_sel(46)] = 0.0001024266
E[P_sel(47)] = 0.0001130690
E[P_sel(48)] = 0.0001200693
E[P_sel(49)] = 0.0001786233

---- alpha_dfe = 0.000399

