---- Running command
---- ./polyDFE -d /home/jejames/1001Genomes/NetworkConnectivity20polcounts10_30.9454545454545_PolyDFE.input -m C -i /home/jejames/1001Genomes/model.txt 1 -e 
---- Performing inference using model C

---- Performing inference on /home/jejames/1001Genomes/NetworkConnectivity20polcounts10_30.9454545454545_PolyDFE.input
----      with -i /home/jejames/1001Genomes/model.txt 1
---- Data /home/jejames/1001Genomes/NetworkConnectivity20polcounts10_30.9454545454545_PolyDFE.input does not contain divergence counts. Using option -w.
---- No mutation variability. Using Poisson likelihood.


---- Calculating initial values

-- Starting local optimization
-- Optimizing all parameters
  it        eps_an     theta_bar           S_d             b           p_b           S_b           r 2           r 3           r 4           r 5           r 6           r 7           r 8           r 9          r 10          r 11          r 12          r 13          r 14          r 15          r 16          r 17          r 18          r 19          r 20          r 21          r 22          r 23          r 24          r 25          r 26          r 27          r 28          r 29          r 30          r 31          r 32          r 33          r 34          r 35          r 36          r 37          r 38          r 39          r 40          r 41          r 42          r 43          r 44          r 45          r 46          r 47          r 48          r 49           ln lk          grad status 
   0           0.1 0.00914650040        -30000         0.208           0.1            20 0.82302650327 0.84041037332 0.65830721003 0.63479623824 0.63436876603 0.64434311769 0.68965517241 0.61684240524 0.60273582217 0.60658307210 0.81561698489 0.82616129951 0.71416357936 0.65189512681 0.60416072955 0.77514961527 0.56939298945 0.93402678825 0.90054146480 0.82587631803 0.69905956112 0.66856654317 1.10116842405 0.64120832145 0.95582787118 0.90795098318 0.98546594471 1.00826446280 1.55599886007 1.34724992875 1.08520946138 1.50470219435 1.47762895411 1.32160159589 1.34397264177 1.76090054146 1.58649187802 1.57267027643 1.63579367341 1.92205756625 1.94499857509 2.78170418922 2.74608150470 2.68666286691 3.63778854374 4.91564548304 6.51125676831             1 -2064.118606671 28.4374642620   -2 
 262 0.00297107841 0.00777908784 -329.07080638 0.26677281889 0.00017989718 0.69911950581 0.87118892155 0.82754034959 0.71248279436 0.72392032520 0.75738585517 0.76322574526 0.70584236609 0.67099723004 0.61610980651 0.65029682208 0.74838553119 0.82692790260 0.76864647443 0.78008278538 0.73063022232 0.70078994312 0.59972801678 0.85797789209 0.86665476037 0.69697856585 0.61142121454 0.64210910098 1.04440210126 0.72168919200 0.78947227955 0.78581875678 0.77802822056 0.97461600800 1.29126545510 1.13714158420 1.03954835095 1.24242666000 1.28325326824 1.04278200000 1.20676016196 1.37868545349 1.22377357643 1.23071593327 1.35350704358 1.57131223734 1.64218928976 2.19476070062 2.08331446457 2.33226454373 2.96889782939 3.26869378447 4.31641887714 4.31247065956 -295.9359585561 0.00145563979   -8 
-- Local optimization: reached maximum number of likelihood evaluations allowed.
---- Best joint likelihood found -295.935958556194350 with gradient 0.00146

---- Results for /home/jejames/1001Genomes/NetworkConnectivity20polcounts10_30.9454545454545_PolyDFE.input 
--  Model: C
--        eps_an     theta_bar             a 
-- 0.00297107841 0.00777908784            -1 
--           S_d             b           p_b           S_b 
-- -329.07080638 0.26677281889 0.00017989718 0.69911950581 
--           r 2           r 3           r 4           r 5           r 6           r 7           r 8           r 9          r 10          r 11          r 12          r 13          r 14          r 15          r 16          r 17          r 18          r 19          r 20          r 21          r 22          r 23          r 24          r 25          r 26          r 27          r 28          r 29          r 30          r 31          r 32          r 33          r 34          r 35          r 36          r 37          r 38          r 39          r 40          r 41          r 42          r 43          r 44          r 45          r 46          r 47          r 48          r 49 
-- 0.87118892155 0.82754034959 0.71248279436 0.72392032520 0.75738585517 0.76322574526 0.70584236609 0.67099723004 0.61610980651 0.65029682208 0.74838553119 0.82692790260 0.76864647443 0.78008278538 0.73063022232 0.70078994312 0.59972801678 0.85797789209 0.86665476037 0.69697856585 0.61142121454 0.64210910098 1.04440210126 0.72168919200 0.78947227955 0.78581875678 0.77802822056 0.97461600800 1.29126545510 1.13714158420 1.03954835095 1.24242666000 1.28325326824 1.04278200000 1.20676016196 1.37868545349 1.22377357643 1.23071593327 1.35350704358 1.57131223734 1.64218928976 2.19476070062 2.08331446457 2.33226454373 2.96889782939 3.26869378447 4.31641887714 4.31247065956 

---- Expected P_neut(i), 0 < i < n (neutral SFS per site) 
E[P_neut(1)] = 0.0077580097
E[P_neut(2)] = 0.0033805384
E[P_neut(3)] = 0.0021410683
E[P_neut(4)] = 0.0013829915
E[P_neut(5)] = 0.0011241395
E[P_neut(6)] = 0.0009801387
E[P_neut(7)] = 0.0008468311
E[P_neut(8)] = 0.0006852157
E[P_neut(9)] = 0.0005791345
E[P_neut(10)] = 0.0004786353
E[P_neut(11)] = 0.0004592463
E[P_neut(12)] = 0.0004844493
E[P_neut(13)] = 0.0004942176
E[P_neut(14)] = 0.0004266036
E[P_neut(15)] = 0.0004040421
E[P_neut(16)] = 0.0003550442
E[P_neut(17)] = 0.0003205943
E[P_neut(18)] = 0.0002591661
E[P_neut(19)] = 0.0003510823
E[P_neut(20)] = 0.0003370825
E[P_neut(21)] = 0.0002581934
E[P_neut(22)] = 0.0002161953
E[P_neut(23)] = 0.0002172023
E[P_neut(24)] = 0.0003382167
E[P_neut(25)] = 0.0002245633
E[P_neut(26)] = 0.0002365107
E[P_neut(27)] = 0.0002263782
E[P_neut(28)] = 0.0002161555
E[P_neut(29)] = 0.0002614256
E[P_neut(30)] = 0.0003348356
E[P_neut(31)] = 0.0002855483
E[P_neut(32)] = 0.0002527298
E[P_neut(33)] = 0.0002929598
E[P_neut(34)] = 0.0002937872
E[P_neut(35)] = 0.0002322817
E[P_neut(36)] = 0.0002612579
E[P_neut(37)] = 0.0002904715
E[P_neut(38)] = 0.0002512192
E[P_neut(39)] = 0.0002461203
E[P_neut(40)] = 0.0002638682
E[P_neut(41)] = 0.0002989685
E[P_neut(42)] = 0.0003052959
E[P_neut(43)] = 0.0003983923
E[P_neut(44)] = 0.0003701479
E[P_neut(45)] = 0.0004053238
E[P_neut(46)] = 0.0005046972
E[P_neut(47)] = 0.0005457778
E[P_neut(48)] = 0.0007075267
E[P_neut(49)] = 0.0007057126

---- Expected P_sel(i), 0 < i < n (selected SFS per site) 
E[P_sel(1)] = 0.0038907282
E[P_sel(2)] = 0.0013246471
E[P_sel(3)] = 0.0007378038
E[P_sel(4)] = 0.0004381493
E[P_sel(5)] = 0.0003348589
E[P_sel(6)] = 0.0002781578
E[P_sel(7)] = 0.0002309413
E[P_sel(8)] = 0.0001806949
E[P_sel(9)] = 0.0001483354
E[P_sel(10)] = 0.0001194948
E[P_sel(11)] = 0.0001120693
E[P_sel(12)] = 0.0001158132
E[P_sel(13)] = 0.0001159512
E[P_sel(14)] = 0.0000983823
E[P_sel(15)] = 0.0000917153
E[P_sel(16)] = 0.0000794061
E[P_sel(17)] = 0.0000707216
E[P_sel(18)] = 0.0000564394
E[P_sel(19)] = 0.0000755412
E[P_sel(20)] = 0.0000717022
E[P_sel(21)] = 0.0000543311
E[P_sel(22)] = 0.0000450295
E[P_sel(23)] = 0.0000447996
E[P_sel(24)] = 0.0000691145
E[P_sel(25)] = 0.0000454821
E[P_sel(26)] = 0.0000474963
E[P_sel(27)] = 0.0000450900
E[P_sel(28)] = 0.0000427169
E[P_sel(29)] = 0.0000512738
E[P_sel(30)] = 0.0000651952
E[P_sel(31)] = 0.0000552131
E[P_sel(32)] = 0.0000485333
E[P_sel(33)] = 0.0000558924
E[P_sel(34)] = 0.0000556988
E[P_sel(35)] = 0.0000437826
E[P_sel(36)] = 0.0000489503
E[P_sel(37)] = 0.0000541153
E[P_sel(38)] = 0.0000465523
E[P_sel(39)] = 0.0000453606
E[P_sel(40)] = 0.0000483763
E[P_sel(41)] = 0.0000545435
E[P_sel(42)] = 0.0000554506
E[P_sel(43)] = 0.0000720114
E[P_sel(44)] = 0.0000666680
E[P_sel(45)] = 0.0000727220
E[P_sel(46)] = 0.0000902058
E[P_sel(47)] = 0.0000975553
E[P_sel(48)] = 0.0001266940
E[P_sel(49)] = 0.0001311995

---- alpha_dfe = 0.001475

