---- Running command
---- ./polyDFE -d RevisionsCapsellaPolyDFE15/aranetconnec1_1.43559322033898_PolyDFE.input -m C -i /home/jejames/ArabidopsisCrossGenome/model.txt 1 -e 
---- Performing inference using model C

---- Performing inference on RevisionsCapsellaPolyDFE15/aranetconnec1_1.43559322033898_PolyDFE.input
----      with -i /home/jejames/ArabidopsisCrossGenome/model.txt 1
---- Data RevisionsCapsellaPolyDFE15/aranetconnec1_1.43559322033898_PolyDFE.input does not contain divergence counts. Using option -w.
---- No mutation variability. Using Poisson likelihood.


---- Calculating initial values

-- Starting local optimization
-- Optimizing all parameters
  it        eps_an     theta_bar           S_d             b           p_b           S_b           r 2           r 3           r 4           r 5           r 6           r 7           r 8           r 9          r 10          r 11          r 12          r 13          r 14          r 15          r 16          r 17          r 18          r 19          r 20          r 21          r 22          r 23          r 24          r 25          r 26          r 27          r 28          r 29          r 30          r 31          r 32          r 33          r 34          r 35          r 36          r 37          r 38          r 39          r 40          r 41          r 42          r 43          r 44          r 45          r 46          r 47          r 48          r 49           ln lk          grad status 
   0           0.1 0.01599162945        -80000         0.208           0.1            20 0.92202104712 0.87731224263 0.89130008497 1.03699588208 0.96320020916 0.96542257663 0.83717890058 1.09595398392 0.83861690306 0.83116543564 0.78907118112 0.83018497941 0.87757369762 0.92260932087 0.89835936989 0.79338518857 1.15301653702 0.71906660566 0.75037584155 0.80985685338 0.83547944310 0.98019478397 0.86123276031 0.73534217922 0.91940649715 0.75534348650 0.93156415451 0.96672985162 0.71769396692 0.99490162755 1.21315118635 1.09144388522 1.00228773122 1.25596444212 1.29655533041 0.95045427805 1.22700830119 1.64167592653 1.53474083273 1.84110072553 2.00130727498 1.65827831884 2.13974769592 2.81488986208 2.28812340675 3.27485456565 4.38303157069             1 -3906.201858996 53.6866417619   -2 
 770 0.01423625564 0.01439580652 -534.29011286 0.27836261601 0.00015503585 0.65075719480 0.91795032064 0.90810501108 0.89676245697 0.95862119482 0.93276869185 0.96564287395 0.82421294729 0.93875950122 0.82263311311 0.82567971339 0.83160636172 0.79826139934 0.84285994875 0.87072910688 0.81651585857 0.72236695484 0.92333900784 0.73443034931 0.74647121755 0.70058193319 0.71445378641 0.79047976122 0.77784127122 0.70422896160 0.83117898827 0.73588439701 0.89166809877 0.85610970699 0.60614705512 0.92878008132 0.87784712561 0.91179020114 0.87751383594 1.04920735445 0.97946673805 0.77224415755 0.89807967268 1.12816904219 1.15294497098 1.27094985983 1.23274119005 0.97106732130 1.28025910285 1.46389704899 1.26188711265 1.52827072555 1.66394454927 2.42203183607 -329.0573197964 0.00005566560    0 
---- Best joint likelihood found -329.057319796455545 with gradient 0.00006

---- Results for RevisionsCapsellaPolyDFE15/aranetconnec1_1.43559322033898_PolyDFE.input 
--  Model: C
--        eps_an     theta_bar             a 
-- 0.01423625564 0.01439580652            -1 
--           S_d             b           p_b           S_b 
-- -534.29011286 0.27836261601 0.00015503585 0.65075719480 
--           r 2           r 3           r 4           r 5           r 6           r 7           r 8           r 9          r 10          r 11          r 12          r 13          r 14          r 15          r 16          r 17          r 18          r 19          r 20          r 21          r 22          r 23          r 24          r 25          r 26          r 27          r 28          r 29          r 30          r 31          r 32          r 33          r 34          r 35          r 36          r 37          r 38          r 39          r 40          r 41          r 42          r 43          r 44          r 45          r 46          r 47          r 48          r 49 
-- 0.91795032064 0.90810501108 0.89676245697 0.95862119482 0.93276869185 0.96564287395 0.82421294729 0.93875950122 0.82263311311 0.82567971339 0.83160636172 0.79826139934 0.84285994875 0.87072910688 0.81651585857 0.72236695484 0.92333900784 0.73443034931 0.74647121755 0.70058193319 0.71445378641 0.79047976122 0.77784127122 0.70422896160 0.83117898827 0.73588439701 0.89166809877 0.85610970699 0.60614705512 0.92878008132 0.87784712561 0.91179020114 0.87751383594 1.04920735445 0.97946673805 0.77224415755 0.89807967268 1.12816904219 1.15294497098 1.27094985983 1.23274119005 0.97106732130 1.28025910285 1.46389704899 1.26188711265 1.52827072555 1.66394454927 2.42203183607 

---- Expected P_neut(i), 0 < i < n (neutral SFS per site) 
E[P_neut(1)] = 0.0142009943
E[P_neut(2)] = 0.0065203586
E[P_neut(3)] = 0.0043022623
E[P_neut(4)] = 0.0031870806
E[P_neut(5)] = 0.0027273996
E[P_neut(6)] = 0.0022120955
E[P_neut(7)] = 0.0019622435
E[P_neut(8)] = 0.0014680520
E[P_neut(9)] = 0.0014865539
E[P_neut(10)] = 0.0011732947
E[P_neut(11)] = 0.0010711201
E[P_neut(12)] = 0.0009882779
E[P_neut(13)] = 0.0008756635
E[P_neut(14)] = 0.0008599267
E[P_neut(15)] = 0.0008299035
E[P_neut(16)] = 0.0007294810
E[P_neut(17)] = 0.0006086632
E[P_neut(18)] = 0.0007335654
E[P_neut(19)] = 0.0005546771
E[P_neut(20)] = 0.0005337944
E[P_neut(21)] = 0.0004794722
E[P_neut(22)] = 0.0004673772
E[P_neut(23)] = 0.0004933070
E[P_neut(24)] = 0.0004664783
E[P_neut(25)] = 0.0004055178
E[P_neut(26)] = 0.0004603017
E[P_neut(27)] = 0.0003938153
E[P_neut(28)] = 0.0004585677
E[P_neut(29)] = 0.0004257659
E[P_neut(30)] = 0.0002943742
E[P_neut(31)] = 0.0004330894
E[P_neut(32)] = 0.0003998069
E[P_neut(33)] = 0.0004008021
E[P_neut(34)] = 0.0003767140
E[P_neut(35)] = 0.0004373012
E[P_neut(36)] = 0.0003984351
E[P_neut(37)] = 0.0003087685
E[P_neut(38)] = 0.0003495849
E[P_neut(39)] = 0.0004258883
E[P_neut(40)] = 0.0004258914
E[P_neut(41)] = 0.0004612763
E[P_neut(42)] = 0.0004376303
E[P_neut(43)] = 0.0003487433
E[P_neut(44)] = 0.0004447693
E[P_neut(45)] = 0.0005009361
E[P_neut(46)] = 0.0004352346
E[P_neut(47)] = 0.0005234722
E[P_neut(48)] = 0.0005859970
E[P_neut(49)] = 0.0009063857

---- Expected P_sel(i), 0 < i < n (selected SFS per site) 
E[P_sel(1)] = 0.0062244447
E[P_sel(2)] = 0.0021797454
E[P_sel(3)] = 0.0012541856
E[P_sel(4)] = 0.0008502976
E[P_sel(5)] = 0.0006818203
E[P_sel(6)] = 0.0005255662
E[P_sel(7)] = 0.0004472516
E[P_sel(8)] = 0.0003228590
E[P_sel(9)] = 0.0003171298
E[P_sel(10)] = 0.0002436529
E[P_sel(11)] = 0.0002171763
E[P_sel(12)] = 0.0001961582
E[P_sel(13)] = 0.0001704472
E[P_sel(14)] = 0.0001643638
E[P_sel(15)] = 0.0001560065
E[P_sel(16)] = 0.0001350528
E[P_sel(17)] = 0.0001110582
E[P_sel(18)] = 0.0001321049
E[P_sel(19)] = 0.0000986088
E[P_sel(20)] = 0.0000938131
E[P_sel(21)] = 0.0000832990
E[P_sel(22)] = 0.0000803407
E[P_sel(23)] = 0.0000839626
E[P_sel(24)] = 0.0000786361
E[P_sel(25)] = 0.0000677410
E[P_sel(26)] = 0.0000762276
E[P_sel(27)] = 0.0000646852
E[P_sel(28)] = 0.0000747130
E[P_sel(29)] = 0.0000688474
E[P_sel(30)] = 0.0000472987
E[P_sel(31)] = 0.0000690492
E[P_sel(32)] = 0.0000633857
E[P_sel(33)] = 0.0000630967
E[P_sel(34)] = 0.0000590070
E[P_sel(35)] = 0.0000680945
E[P_sel(36)] = 0.0000617554
E[P_sel(37)] = 0.0000477362
E[P_sel(38)] = 0.0000537946
E[P_sel(39)] = 0.0000651522
E[P_sel(40)] = 0.0000649639
E[P_sel(41)] = 0.0000702991
E[P_sel(42)] = 0.0000665552
E[P_sel(43)] = 0.0000538310
E[P_sel(44)] = 0.0000683145
E[P_sel(45)] = 0.0000773999
E[P_sel(46)] = 0.0000689675
E[P_sel(47)] = 0.0000849860
E[P_sel(48)] = 0.0001024401
E[P_sel(49)] = 0.0001906123

---- alpha_dfe = 0.001515

