---- Running command
---- ./polyDFE -d RevisionsCapsellaPolyDFE15/aranetconnec4_9.29701230228471_PolyDFE.input -m C -i /home/jejames/ArabidopsisCrossGenome/model.txt 1 -e 
---- Performing inference using model C

---- Performing inference on RevisionsCapsellaPolyDFE15/aranetconnec4_9.29701230228471_PolyDFE.input
----      with -i /home/jejames/ArabidopsisCrossGenome/model.txt 1
---- Data RevisionsCapsellaPolyDFE15/aranetconnec4_9.29701230228471_PolyDFE.input does not contain divergence counts. Using option -w.
---- No mutation variability. Using Poisson likelihood.


---- Calculating initial values

-- Starting local optimization
-- Optimizing all parameters
  it        eps_an     theta_bar           S_d             b           p_b           S_b           r 2           r 3           r 4           r 5           r 6           r 7           r 8           r 9          r 10          r 11          r 12          r 13          r 14          r 15          r 16          r 17          r 18          r 19          r 20          r 21          r 22          r 23          r 24          r 25          r 26          r 27          r 28          r 29          r 30          r 31          r 32          r 33          r 34          r 35          r 36          r 37          r 38          r 39          r 40          r 41          r 42          r 43          r 44          r 45          r 46          r 47          r 48          r 49           ln lk          grad status 
   0           0.1 0.01600916541        -80000         0.208           0.1            20 0.87946484917 0.84570238546 0.87946484917 0.92830998359 0.88224157516 0.78631831377 0.81029912911 0.95020825444 0.95923261390 0.85314905969 0.72396819386 0.76953174302 0.85876561908 0.87088224157 0.81585258109 0.89473684210 0.83718288527 0.87769784172 0.76991038747 0.82033320711 0.80386217341 0.81137195506 0.99507762211 0.88350372333 0.77609491354 0.93884892086 0.86760065631 0.82538179982 1.15486558121 1.15032184778 0.95519373974 1.13706929193 1.01274769657 1.14855484033 1.15410829231 1.21885649375 1.44844124700 1.42995077622 1.41360595733 1.28593966931 1.60355925785 1.79098826202 2.02700997097 2.49337372207 2.54297614539 2.97494635870 4.33775085195             1 -3912.336655886 57.2056833286   -2 
1009 0.00118098530 0.01414153015 -441.50692795 0.31810439083 0.00723578217 10.3762984064 0.88316165666 0.86249146127 0.91711244701 0.87066206640 0.92038988456 0.82266936605 0.82643002861 0.86649316893 0.94418481054 0.80754551486 0.71419053675 0.73054247529 0.77035138071 0.78731331860 0.79272822667 0.84155504173 0.78842828221 0.76021148075 0.66971750197 0.72754459527 0.75772055869 0.84155162517 0.79942982438 0.75828505069 0.69284794286 0.84142493000 0.65324310446 0.72769975999 0.98178599058 0.94076186458 0.89462024413 1.07154025172 0.89270644025 0.85855871551 0.95770263206 0.94547663968 1.11474053558 1.07452319762 1.11277498046 0.91118366203 1.19046171404 1.16923294610 1.42756211053 1.48034505353 1.52779659388 1.61832768913 1.99372488153 2.99326238364 -321.1998350019  0.0022574094   -8 
-- Local optimization: reached maximum number of likelihood evaluations allowed.
---- Best joint likelihood found -321.199835001976396 with gradient 0.00226

---- Results for RevisionsCapsellaPolyDFE15/aranetconnec4_9.29701230228471_PolyDFE.input 
--  Model: C
--        eps_an     theta_bar             a 
-- 0.00118098530 0.01414153015            -1 
--           S_d             b           p_b           S_b 
-- -441.50692795 0.31810439083 0.00723578217 10.3762984064 
--           r 2           r 3           r 4           r 5           r 6           r 7           r 8           r 9          r 10          r 11          r 12          r 13          r 14          r 15          r 16          r 17          r 18          r 19          r 20          r 21          r 22          r 23          r 24          r 25          r 26          r 27          r 28          r 29          r 30          r 31          r 32          r 33          r 34          r 35          r 36          r 37          r 38          r 39          r 40          r 41          r 42          r 43          r 44          r 45          r 46          r 47          r 48          r 49 
-- 0.88316165666 0.86249146127 0.91711244701 0.87066206640 0.92038988456 0.82266936605 0.82643002861 0.86649316893 0.94418481054 0.80754551486 0.71419053675 0.73054247529 0.77035138071 0.78731331860 0.79272822667 0.84155504173 0.78842828221 0.76021148075 0.66971750197 0.72754459527 0.75772055869 0.84155162517 0.79942982438 0.75828505069 0.69284794286 0.84142493000 0.65324310446 0.72769975999 0.98178599058 0.94076186458 0.89462024413 1.07154025172 0.89270644025 0.85855871551 0.95770263206 0.94547663968 1.11474053558 1.07452319762 1.11277498046 0.91118366203 1.19046171404 1.16923294610 1.42756211053 1.48034505353 1.52779659388 1.61832768913 1.99372488153 2.99326238364 

---- Expected P_neut(i), 0 < i < n (neutral SFS per site) 
E[P_neut(1)] = 0.0141258494
E[P_neut(2)] = 0.0062379475
E[P_neut(3)] = 0.0040614233
E[P_neut(4)] = 0.0032390689
E[P_neut(5)] = 0.0024601400
E[P_neut(6)] = 0.0021672668
E[P_neut(7)] = 0.0016604633
E[P_neut(8)] = 0.0014596213
E[P_neut(9)] = 0.0013602676
E[P_neut(10)] = 0.0013341095
E[P_neut(11)] = 0.0010374095
E[P_neut(12)] = 0.0008411415
E[P_neut(13)] = 0.0007941797
E[P_neut(14)] = 0.0007776644
E[P_neut(15)] = 0.0007417874
E[P_neut(16)] = 0.0007002604
E[P_neut(17)] = 0.0006997671
E[P_neut(18)] = 0.0006191566
E[P_neut(19)] = 0.0005656572
E[P_neut(20)] = 0.0004735288
E[P_neut(21)] = 0.0004897735
E[P_neut(22)] = 0.0004868748
E[P_neut(23)] = 0.0005173367
E[P_neut(24)] = 0.0004709371
E[P_neut(25)] = 0.0004289324
E[P_neut(26)] = 0.0003769547
E[P_neut(27)] = 0.0004407956
E[P_neut(28)] = 0.0003301090
E[P_neut(29)] = 0.0003550143
E[P_neut(30)] = 0.0004628112
E[P_neut(31)] = 0.0004293166
E[P_neut(32)] = 0.0003956177
E[P_neut(33)] = 0.0004594729
E[P_neut(34)] = 0.0003716900
E[P_neut(35)] = 0.0003473622
E[P_neut(36)] = 0.0003766797
E[P_neut(37)] = 0.0003618763
E[P_neut(38)] = 0.0004153498
E[P_neut(39)] = 0.0003903916
E[P_neut(40)] = 0.0003945208
E[P_neut(41)] = 0.0003155180
E[P_neut(42)] = 0.0004020840
E[P_neut(43)] = 0.0003860375
E[P_neut(44)] = 0.0004608362
E[P_neut(45)] = 0.0004675664
E[P_neut(46)] = 0.0004729567
E[P_neut(47)] = 0.0004911547
E[P_neut(48)] = 0.0005940628
E[P_neut(49)] = 0.0008795442

---- Expected P_sel(i), 0 < i < n (selected SFS per site) 
E[P_sel(1)] = 0.0061208817
E[P_sel(2)] = 0.0020083359
E[P_sel(3)] = 0.0011233174
E[P_sel(4)] = 0.0008121798
E[P_sel(5)] = 0.0005743716
E[P_sel(6)] = 0.0004786206
E[P_sel(7)] = 0.0003504650
E[P_sel(8)] = 0.0002965884
E[P_sel(9)] = 0.0002675443
E[P_sel(10)] = 0.0002550456
E[P_sel(11)] = 0.0001934057
E[P_sel(12)] = 0.0001533379
E[P_sel(13)] = 0.0001418891
E[P_sel(14)] = 0.0001364236
E[P_sel(15)] = 0.0001279835
E[P_sel(16)] = 0.0001189928
E[P_sel(17)] = 0.0001172576
E[P_sel(18)] = 0.0001024249
E[P_sel(19)] = 0.0000924709
E[P_sel(20)] = 0.0000765665
E[P_sel(21)] = 0.0000783986
E[P_sel(22)] = 0.0000772113
E[P_sel(23)] = 0.0000813393
E[P_sel(24)] = 0.0000734611
E[P_sel(25)] = 0.0000664256
E[P_sel(26)] = 0.0000579921
E[P_sel(27)] = 0.0000674090
E[P_sel(28)] = 0.0000502126
E[P_sel(29)] = 0.0000537445
E[P_sel(30)] = 0.0000697721
E[P_sel(31)] = 0.0000644973
E[P_sel(32)] = 0.0000592664
E[P_sel(33)] = 0.0000686818
E[P_sel(34)] = 0.0000554816
E[P_sel(35)] = 0.0000518163
E[P_sel(36)] = 0.0000561960
E[P_sel(37)] = 0.0000540447
E[P_sel(38)] = 0.0000621541
E[P_sel(39)] = 0.0000586141
E[P_sel(40)] = 0.0000595113
E[P_sel(41)] = 0.0000478928
E[P_sel(42)] = 0.0000614870
E[P_sel(43)] = 0.0000596255
E[P_sel(44)] = 0.0000720659
E[P_sel(45)] = 0.0000742686
E[P_sel(46)] = 0.0000766715
E[P_sel(47)] = 0.0000817451
E[P_sel(48)] = 0.0001026413
E[P_sel(49)] = 0.0001631740

---- alpha_dfe = 0.391440

