---- Running command
---- ./polyDFE -d RevisionsCapsellaPolyDFE15/aranetconnec3_5.90592334494773_PolyDFE.input -m C -i /home/jejames/ArabidopsisCrossGenome/model.txt 1 -e 
---- Performing inference using model C

---- Performing inference on RevisionsCapsellaPolyDFE15/aranetconnec3_5.90592334494773_PolyDFE.input
----      with -i /home/jejames/ArabidopsisCrossGenome/model.txt 1
---- Data RevisionsCapsellaPolyDFE15/aranetconnec3_5.90592334494773_PolyDFE.input does not contain divergence counts. Using option -w.
---- No mutation variability. Using Poisson likelihood.


---- Calculating initial values

-- Starting local optimization
-- Optimizing all parameters
  it        eps_an     theta_bar           S_d             b           p_b           S_b           r 2           r 3           r 4           r 5           r 6           r 7           r 8           r 9          r 10          r 11          r 12          r 13          r 14          r 15          r 16          r 17          r 18          r 19          r 20          r 21          r 22          r 23          r 24          r 25          r 26          r 27          r 28          r 29          r 30          r 31          r 32          r 33          r 34          r 35          r 36          r 37          r 38          r 39          r 40          r 41          r 42          r 43          r 44          r 45          r 46          r 47          r 48          r 49           ln lk          grad status 
   0           0.1 0.01686588373        -80000         0.208           0.1            20 0.91707255360 0.88639382630 0.90910241001 0.87956227465 0.91504839015 0.86564615092 0.96350180277 0.88525523436 0.86153456891 0.72015940287 0.82206338161 0.78120058194 0.71731292301 0.86627870200 0.86937820228 0.76886583591 0.86988424315 0.81605414637 0.81346068695 0.77576064267 0.84470871022 0.85982668100 0.95641723069 0.91719906382 0.90454804225 0.88639382630 1.17426782212 0.98323739641 0.81029793155 0.84515149598 1.12543487886 0.90802707318 0.96995382377 1.01176545006 0.93364539186 1.28724144474 1.12252514390 1.07312290467 1.46245809349 1.23189322537 1.74280473148 1.72718071984 2.05680308684 2.24587260421 2.37725346321 3.20785628439 4.49667910683             1 -3841.028760983 57.7607776000   -2 
 382 0.01013458192 0.01518992226 -798.90446259 0.26618805961 0.00028675110 1.05939313547 0.89477648220 0.87748929490 0.93961110543 0.88220643198 0.84632640658  0.8857774024 0.90457774278 0.84462401417 0.73788675148 0.79371146852 0.79501576040 0.71678929943 0.73869013806 0.82983828390 0.82414862671 0.72739859237 0.81933979781 0.70978921470 0.74396522888 0.74942026286 0.72859301674 0.75077273750 0.69800892327 0.69643749101 0.74399094564 0.75594897331 0.93798910727 0.75702328346 0.69293196556 0.67571024694 1.03583198529 0.68708155383 0.81140051563 0.88381152546 0.71304130347 0.91349667684 0.90800012442 0.79512095669 1.01246101097 0.77104255467 1.14895153466 1.15434737563 1.43560221722 1.44763577826 1.21540740573 1.45719756122 1.82123812823 2.33671146663 -323.1861019083 0.00098071490   -8 
-- Local optimization: reached maximum number of likelihood evaluations allowed.
---- Best joint likelihood found -323.186101908367391 with gradient 0.00098

---- Results for RevisionsCapsellaPolyDFE15/aranetconnec3_5.90592334494773_PolyDFE.input 
--  Model: C
--        eps_an     theta_bar             a 
-- 0.01013458192 0.01518992226            -1 
--           S_d             b           p_b           S_b 
-- -798.90446259 0.26618805961 0.00028675110 1.05939313547 
--           r 2           r 3           r 4           r 5           r 6           r 7           r 8           r 9          r 10          r 11          r 12          r 13          r 14          r 15          r 16          r 17          r 18          r 19          r 20          r 21          r 22          r 23          r 24          r 25          r 26          r 27          r 28          r 29          r 30          r 31          r 32          r 33          r 34          r 35          r 36          r 37          r 38          r 39          r 40          r 41          r 42          r 43          r 44          r 45          r 46          r 47          r 48          r 49 
-- 0.89477648220 0.87748929490 0.93961110543 0.88220643198 0.84632640658  0.8857774024 0.90457774278 0.84462401417 0.73788675148 0.79371146852 0.79501576040 0.71678929943 0.73869013806 0.82983828390 0.82414862671 0.72739859237 0.81933979781 0.70978921470 0.74396522888 0.74942026286 0.72859301674 0.75077273750 0.69800892327 0.69643749101 0.74399094564 0.75594897331 0.93798910727 0.75702328346 0.69293196556 0.67571024694 1.03583198529 0.68708155383 0.81140051563 0.88381152546 0.71304130347 0.91349667684 0.90800012442 0.79512095669 1.01246101097 0.77104255467 1.14895153466 1.15434737563 1.43560221722 1.44763577826 1.21540740573 1.45719756122 1.82123812823 2.33671146663 

---- Expected P_neut(i), 0 < i < n (neutral SFS per site) 
E[P_neut(1)] = 0.0150433200
E[P_neut(2)] = 0.0067327611
E[P_neut(3)] = 0.0044027430
E[P_neut(4)] = 0.0035360606
E[P_neut(5)] = 0.0026579197
E[P_neut(6)] = 0.0021259137
E[P_neut(7)] = 0.0019067798
E[P_neut(8)] = 0.0017043627
E[P_neut(9)] = 0.0014139782
E[P_neut(10)] = 0.0011133815
E[P_neut(11)] = 0.0010880684
E[P_neut(12)] = 0.0009998318
E[P_neut(13)] = 0.0008328491
E[P_neut(14)] = 0.0007964012
E[P_neut(15)] = 0.0008357161
E[P_neut(16)] = 0.0007781664
E[P_neut(17)] = 0.0006465670
E[P_neut(18)] = 0.0006894040
E[P_neut(19)] = 0.0005650595
E[P_neut(20)] = 0.0005628680
E[P_neut(21)] = 0.0005406027
E[P_neut(22)] = 0.0005031166
E[P_neut(23)] = 0.0004951190
E[P_neut(24)] = 0.0004417071
E[P_neut(25)] = 0.0004231533
E[P_neut(26)] = 0.0004347323
E[P_neut(27)] = 0.0004260041
E[P_neut(28)] = 0.0005087977
E[P_neut(29)] = 0.0003979967
E[P_neut(30)] = 0.0003530234
E[P_neut(31)] = 0.0003334917
E[P_neut(32)] = 0.0004937182
E[P_neut(33)] = 0.0003196459
E[P_neut(34)] = 0.0003667590
E[P_neut(35)] = 0.0003882014
E[P_neut(36)] = 0.0003059358
E[P_neut(37)] = 0.0003797129
E[P_neut(38)] = 0.0003694798
E[P_neut(39)] = 0.0003176572
E[P_neut(40)] = 0.0003919428
E[P_neut(41)] = 0.0002972125
E[P_neut(42)] = 0.0004287308
E[P_neut(43)] = 0.0004231251
E[P_neut(44)] = 0.0005122981
E[P_neut(45)] = 0.0005108647
E[P_neut(46)] = 0.0004334409
E[P_neut(47)] = 0.0005112065
E[P_neut(48)] = 0.0006393746
E[P_neut(49)] = 0.0008709791

---- Expected P_sel(i), 0 < i < n (selected SFS per site) 
E[P_sel(1)] = 0.0061359614
E[P_sel(2)] = 0.0021019629
E[P_sel(3)] = 0.0012047900
E[P_sel(4)] = 0.0008888600
E[P_sel(5)] = 0.0006277606
E[P_sel(6)] = 0.0004782058
E[P_sel(7)] = 0.0004122040
E[P_sel(8)] = 0.0003562237
E[P_sel(9)] = 0.0002870993
E[P_sel(10)] = 0.0002202716
E[P_sel(11)] = 0.0002104494
E[P_sel(12)] = 0.0001894178
E[P_sel(13)] = 0.0001548362
E[P_sel(14)] = 0.0001455699
E[P_sel(15)] = 0.0001503413
E[P_sel(16)] = 0.0001379518
E[P_sel(17)] = 0.0001130638
E[P_sel(18)] = 0.0001189907
E[P_sel(19)] = 0.0000963795
E[P_sel(20)] = 0.0000949211
E[P_sel(21)] = 0.0000901878
E[P_sel(22)] = 0.0000830744
E[P_sel(23)] = 0.0000809766
E[P_sel(24)] = 0.0000715793
E[P_sel(25)] = 0.0000679753
E[P_sel(26)] = 0.0000692537
E[P_sel(27)] = 0.0000673252
E[P_sel(28)] = 0.0000797883
E[P_sel(29)] = 0.0000619700
E[P_sel(30)] = 0.0000545939
E[P_sel(31)] = 0.0000512335
E[P_sel(32)] = 0.0000753298
E[P_sel(33)] = 0.0000485135
E[P_sel(34)] = 0.0000553461
E[P_sel(35)] = 0.0000582551
E[P_sel(36)] = 0.0000457098
E[P_sel(37)] = 0.0000563839
E[P_sel(38)] = 0.0000546746
E[P_sel(39)] = 0.0000469021
E[P_sel(40)] = 0.0000575116
E[P_sel(41)] = 0.0000437793
E[P_sel(42)] = 0.0000627521
E[P_sel(43)] = 0.0000619336
E[P_sel(44)] = 0.0000746997
E[P_sel(45)] = 0.0000749258
E[P_sel(46)] = 0.0000651000
E[P_sel(47)] = 0.0000777491
E[P_sel(48)] = 0.0001012190
E[P_sel(49)] = 0.0001625573

---- alpha_dfe = 0.003514

