---- Running command
---- ./polyDFE -d RevisionsCapsellaPolyDFE15/aranetconnec13_150.026455026455_PolyDFE.input -m C -i /home/jejames/ArabidopsisCrossGenome/model.txt 1 -e 
---- Performing inference using model C

---- Performing inference on RevisionsCapsellaPolyDFE15/aranetconnec13_150.026455026455_PolyDFE.input
----      with -i /home/jejames/ArabidopsisCrossGenome/model.txt 1
---- Data RevisionsCapsellaPolyDFE15/aranetconnec13_150.026455026455_PolyDFE.input does not contain divergence counts. Using option -w.
---- No mutation variability. Using Poisson likelihood.


---- Calculating initial values

-- Starting local optimization
-- Optimizing all parameters
  it        eps_an     theta_bar           S_d             b           p_b           S_b           r 2           r 3           r 4           r 5           r 6           r 7           r 8           r 9          r 10          r 11          r 12          r 13          r 14          r 15          r 16          r 17          r 18          r 19          r 20          r 21          r 22          r 23          r 24          r 25          r 26          r 27          r 28          r 29          r 30          r 31          r 32          r 33          r 34          r 35          r 36          r 37          r 38          r 39          r 40          r 41          r 42          r 43          r 44          r 45          r 46          r 47          r 48          r 49           ln lk          grad status 
   0           0.1 0.01554554039        -20000         0.406           0.1            20 0.95512541233 0.85330179871 0.93234580195 0.98058131574 0.76890520943 0.86263770461 0.83649716810 0.67386568743 0.86326009833 0.82292898487 0.77077239061 0.88112279828 0.80774257795 0.94852803883 0.82155971867 0.75863571295 0.82006597373 0.76037841538 0.71077363540 0.67965394908 0.78869732993 0.78160204145 0.68264143897 0.84023153046 0.70069085703 0.72932096844 0.94803012385 0.93856973921 0.78234891392 0.97821621958 1.01176324142 0.93041638140 0.98400448123 1.09790253314 1.30627995269 1.19978838613 1.15416692599 1.40299993776 1.20246467915  1.2937698388 1.46387004419 1.65930167423 1.67324329370 2.34984751353 2.59102508246 3.30553308022 4.59177195493             1 -3766.036379482 52.2230371037   -2 
 492 0.00965305674 0.01411759996 -1586.5284069 0.30196732787 0.00374761050 3.79146265584 0.89679900726 0.87343960373 0.92415658317 0.88899566861 0.81156898075 0.79391643660 0.81153200034 0.67241397095 0.79342880572 0.73683796661 0.77669900766 0.82854203154 0.71658672390 0.83217028144 0.74745672089 0.72323417915 0.81545003213 0.73090647350 0.68397509808 0.60258081826 0.69068256043 0.66556616859 0.68722627139 0.77243373825 0.61978916061 0.60429007810 0.80758257863 0.82792111947 0.68536528815 0.77904922025 0.73015140831 0.76745426948 0.71246250628 0.89186993660 0.92052277938 0.96986450928 0.87968038177 1.03792177580 0.93524164446 0.88324410429 0.94068565259 0.95817433683 1.00133930267 1.27886273425 1.32630636509 1.69476296933 1.83841290761 2.39353802404 -311.5474041939 0.00034146159   -3 
-- Local optimization: stuck in the same solution
---- Best joint likelihood found -311.547404193968418 with gradient 0.00034

---- Results for RevisionsCapsellaPolyDFE15/aranetconnec13_150.026455026455_PolyDFE.input 
--  Model: C
--        eps_an     theta_bar             a 
-- 0.00965305674 0.01411759996            -1 
--           S_d             b           p_b           S_b 
-- -1586.5284069 0.30196732787 0.00374761050 3.79146265584 
--           r 2           r 3           r 4           r 5           r 6           r 7           r 8           r 9          r 10          r 11          r 12          r 13          r 14          r 15          r 16          r 17          r 18          r 19          r 20          r 21          r 22          r 23          r 24          r 25          r 26          r 27          r 28          r 29          r 30          r 31          r 32          r 33          r 34          r 35          r 36          r 37          r 38          r 39          r 40          r 41          r 42          r 43          r 44          r 45          r 46          r 47          r 48          r 49 
-- 0.89679900726 0.87343960373 0.92415658317 0.88899566861 0.81156898075 0.79391643660 0.81153200034 0.67241397095 0.79342880572 0.73683796661 0.77669900766 0.82854203154 0.71658672390 0.83217028144 0.74745672089 0.72323417915 0.81545003213 0.73090647350 0.68397509808 0.60258081826 0.69068256043 0.66556616859 0.68722627139 0.77243373825 0.61978916061 0.60429007810 0.80758257863 0.82792111947 0.68536528815 0.77904922025 0.73015140831 0.76745426948 0.71246250628 0.89186993660 0.92052277938 0.96986450928 0.87968038177 1.03792177580 0.93524164446 0.88324410429 0.94068565259 0.95817433683 1.00133930267 1.27886273425 1.32630636509 1.69476296933 1.83841290761 2.39353802404 

---- Expected P_neut(i), 0 < i < n (neutral SFS per site) 
E[P_neut(1)] = 0.0139879788
E[P_neut(2)] = 0.0062744373
E[P_neut(3)] = 0.0040755275
E[P_neut(4)] = 0.0032341620
E[P_neut(5)] = 0.0024897398
E[P_neut(6)] = 0.0018942359
E[P_neut(7)] = 0.0015887512
E[P_neut(8)] = 0.0014213385
E[P_neut(9)] = 0.0010475176
E[P_neut(10)] = 0.0011125047
E[P_neut(11)] = 0.0009401694
E[P_neut(12)] = 0.0009080947
E[P_neut(13)] = 0.0008946578
E[P_neut(14)] = 0.0007191153
E[P_neut(15)] = 0.0007791287
E[P_neut(16)] = 0.0006560077
E[P_neut(17)] = 0.0005979793
E[P_neut(18)] = 0.0006365022
E[P_neut(19)] = 0.0005412689
E[P_neut(20)] = 0.0004812571
E[P_neut(21)] = 0.0004050752
E[P_neut(22)] = 0.0004428694
E[P_neut(23)] = 0.0004076368
E[P_neut(24)] = 0.0004035958
E[P_neut(25)] = 0.0004361964
E[P_neut(26)] = 0.0003371896
E[P_neut(27)] = 0.0003168611
E[P_neut(28)] = 0.0004075310
E[P_neut(29)] = 0.0004030632
E[P_neut(30)] = 0.0003240710
E[P_neut(31)] = 0.0003566017
E[P_neut(32)] = 0.0003251888
E[P_neut(33)] = 0.0003309500
E[P_neut(34)] = 0.0002993419
E[P_neut(35)] = 0.0003638325
E[P_neut(36)] = 0.0003644788
E[P_neut(37)] = 0.0003751717
E[P_neut(38)] = 0.0003324810
E[P_neut(39)] = 0.0003812188
E[P_neut(40)] = 0.0003377106
E[P_neut(41)] = 0.0003113749
E[P_neut(42)] = 0.0003269678
E[P_neut(43)] = 0.0003270037
E[P_neut(44)] = 0.0003366161
E[P_neut(45)] = 0.0004215677
E[P_neut(46)] = 0.0004346055
E[P_neut(47)] = 0.0005438264
E[P_neut(48)] = 0.0005965954
E[P_neut(49)] = 0.0008192336

---- Expected P_sel(i), 0 < i < n (selected SFS per site) 
E[P_sel(1)] = 0.0043971655
E[P_sel(2)] = 0.0014398147
E[P_sel(3)] = 0.0008051024
E[P_sel(4)] = 0.0005808257
E[P_sel(5)] = 0.0004172063
E[P_sel(6)] = 0.0003007582
E[P_sel(7)] = 0.0002413921
E[P_sel(8)] = 0.0002081110
E[P_sel(9)] = 0.0001485551
E[P_sel(10)] = 0.0001534473
E[P_sel(11)] = 0.0001264929
E[P_sel(12)] = 0.0001195217
E[P_sel(13)] = 0.0001154145
E[P_sel(14)] = 0.0000910841
E[P_sel(15)] = 0.0000970625
E[P_sel(16)] = 0.0000804810
E[P_sel(17)] = 0.0000723184
E[P_sel(18)] = 0.0000759729
E[P_sel(19)] = 0.0000638079
E[P_sel(20)] = 0.0000560863
E[P_sel(21)] = 0.0000466947
E[P_sel(22)] = 0.0000505445
E[P_sel(23)] = 0.0000460895
E[P_sel(24)] = 0.0000452290
E[P_sel(25)] = 0.0000484764
E[P_sel(26)] = 0.0000371826
E[P_sel(27)] = 0.0000346870
E[P_sel(28)] = 0.0000443030
E[P_sel(29)] = 0.0000435320
E[P_sel(30)] = 0.0000348024
E[P_sel(31)] = 0.0000380833
E[P_sel(32)] = 0.0000345668
E[P_sel(33)] = 0.0000350056
E[P_sel(34)] = 0.0000315440
E[P_sel(35)] = 0.0000381871
E[P_sel(36)] = 0.0000381072
E[P_sel(37)] = 0.0000391402
E[P_sel(38)] = 0.0000346281
E[P_sel(39)] = 0.0000395922
E[P_sel(40)] = 0.0000351125
E[P_sel(41)] = 0.0000323578
E[P_sel(42)] = 0.0000341132
E[P_sel(43)] = 0.0000342381
E[P_sel(44)] = 0.0000354761
E[P_sel(45)] = 0.0000447056
E[P_sel(46)] = 0.0000469155
E[P_sel(47)] = 0.0000595057
E[P_sel(48)] = 0.0000690151
E[P_sel(49)] = 0.0001131870

---- alpha_dfe = 0.147983

