---- Running command
---- ./polyDFE -d RevisionsCapsellaPolyDFE15/aranetconnec10_63.6583184257603_PolyDFE.input -m C -i /home/jejames/ArabidopsisCrossGenome/model.txt 1 -e 
---- Performing inference using model C

---- Performing inference on RevisionsCapsellaPolyDFE15/aranetconnec10_63.6583184257603_PolyDFE.input
----      with -i /home/jejames/ArabidopsisCrossGenome/model.txt 1
---- Data RevisionsCapsellaPolyDFE15/aranetconnec10_63.6583184257603_PolyDFE.input does not contain divergence counts. Using option -w.
---- No mutation variability. Using Poisson likelihood.


---- Calculating initial values

-- Starting local optimization
-- Optimizing all parameters
  it        eps_an     theta_bar           S_d             b           p_b           S_b           r 2           r 3           r 4           r 5           r 6           r 7           r 8           r 9          r 10          r 11          r 12          r 13          r 14          r 15          r 16          r 17          r 18          r 19          r 20          r 21          r 22          r 23          r 24          r 25          r 26          r 27          r 28          r 29          r 30          r 31          r 32          r 33          r 34          r 35          r 36          r 37          r 38          r 39          r 40          r 41          r 42          r 43          r 44          r 45          r 46          r 47          r 48          r 49           ln lk          grad status 
   0           0.1 0.01566016045        -20000         0.406           0.1            20 0.91878172588 0.92288168684 0.87882337628 0.98236366002 0.90394377196 1.04503449173 0.93453078224 1.06071846934 0.84862683847 0.93635298711 0.88871534556 0.86209813874 0.84185864896 0.85513471300 0.84446179877 0.82311597032 0.71105037094 0.78393856566 0.83430951451 0.74345958609 0.88481062085 0.99388259794 1.08395158141 0.86229337498 0.68697123519 0.94181960171 0.95119094103 0.93609267213 1.11089418196 0.85942991019 0.88090589613 0.97930495900 1.10412599245 1.01132370167 0.92776259273 1.08596902251 1.38982168423 1.45177664974 1.39528829884 1.43817519198 1.73565013666 2.03162827020 1.93283873486 2.49219055056 2.58648965247 3.12905115189 4.03279968762             1 -3768.324999910 44.9883719723   -2 
1465 0.00006561900 0.01389445258 -732.73129852 0.35318690602 0.01281547849 2.81353005375 0.93573880899 0.92254597009 0.89158390726 0.95686990729 0.86886787440 0.97066649287 0.95495096975 0.97605985655 0.89781696640 0.88475093464 0.83633451364 0.81632282403 0.81175195525 0.81290620321 0.80522617231 0.76280388885 0.70126916508 0.80154115115 0.70825627286 0.69751674536 0.77559093518 0.84887226409 0.91609103210 0.88812987654 0.57973892219 0.69842643607 0.91241681950 0.80958440565 0.95672385344 0.67200755110 0.94688417455 0.72964178740 0.87310985999 0.77465626920 0.78275229729 0.90696938191 1.02152285202 1.00180601208 0.97955976787 1.03565705687 1.32496807464 1.45652881050 1.33247033329 1.39567350409 1.40569992241 1.65312085084 1.72042911072 3.53924111745 -318.9193729434 0.00015527997   -8 
-- Local optimization: reached maximum number of likelihood evaluations allowed.
---- Best joint likelihood found -318.919372943492249 with gradient 0.00016

---- Results for RevisionsCapsellaPolyDFE15/aranetconnec10_63.6583184257603_PolyDFE.input 
--  Model: C
--        eps_an     theta_bar             a 
-- 0.00006561900 0.01389445258            -1 
--           S_d             b           p_b           S_b 
-- -732.73129852 0.35318690602 0.01281547849 2.81353005375 
--           r 2           r 3           r 4           r 5           r 6           r 7           r 8           r 9          r 10          r 11          r 12          r 13          r 14          r 15          r 16          r 17          r 18          r 19          r 20          r 21          r 22          r 23          r 24          r 25          r 26          r 27          r 28          r 29          r 30          r 31          r 32          r 33          r 34          r 35          r 36          r 37          r 38          r 39          r 40          r 41          r 42          r 43          r 44          r 45          r 46          r 47          r 48          r 49 
-- 0.93573880899 0.92254597009 0.89158390726 0.95686990729 0.86886787440 0.97066649287 0.95495096975 0.97605985655 0.89781696640 0.88475093464 0.83633451364 0.81632282403 0.81175195525 0.81290620321 0.80522617231 0.76280388885 0.70126916508 0.80154115115 0.70825627286 0.69751674536 0.77559093518 0.84887226409 0.91609103210 0.88812987654 0.57973892219 0.69842643607 0.91241681950 0.80958440565 0.95672385344 0.67200755110 0.94688417455 0.72964178740 0.87310985999 0.77465626920 0.78275229729 0.90696938191 1.02152285202 1.00180601208 0.97955976787 1.03565705687 1.32496807464 1.45652881050 1.33247033329 1.39567350409 1.40569992241 1.65312085084 1.72042911072 3.53924111745 

---- Expected P_neut(i), 0 < i < n (neutral SFS per site) 
E[P_neut(1)] = 0.0138936067
E[P_neut(2)] = 0.0065003954
E[P_neut(3)] = 0.0042725088
E[P_neut(4)] = 0.0030968422
E[P_neut(5)] = 0.0026588905
E[P_neut(6)] = 0.0020119695
E[P_neut(7)] = 0.0019266015
E[P_neut(8)] = 0.0016584851
E[P_neut(9)] = 0.0015067928
E[P_neut(10)] = 0.0012474080
E[P_neut(11)] = 0.0011175074
E[P_neut(12)] = 0.0009683285
E[P_neut(13)] = 0.0008724542
E[P_neut(14)] = 0.0008055990
E[P_neut(15)] = 0.0007529632
E[P_neut(16)] = 0.0006992386
E[P_neut(17)] = 0.0006234347
E[P_neut(18)] = 0.0005413110
E[P_neut(19)] = 0.0005861379
E[P_neut(20)] = 0.0004920384
E[P_neut(21)] = 0.0004615006
E[P_neut(22)] = 0.0004898345
E[P_neut(23)] = 0.0005127993
E[P_neut(24)] = 0.0005303432
E[P_neut(25)] = 0.0004936031
E[P_neut(26)] = 0.0003098281
E[P_neut(27)] = 0.0003594268
E[P_neut(28)] = 0.0004527714
E[P_neut(29)] = 0.0003878921
E[P_neut(30)] = 0.0004431084
E[P_neut(31)] = 0.0003012180
E[P_neut(32)] = 0.0004111472
E[P_neut(33)] = 0.0003072321
E[P_neut(34)] = 0.0003568279
E[P_neut(35)] = 0.0003075557
E[P_neut(36)] = 0.0003021418
E[P_neut(37)] = 0.0003406253
E[P_neut(38)] = 0.0003735522
E[P_neut(39)] = 0.0003569614
E[P_neut(40)] = 0.0003403207
E[P_neut(41)] = 0.0003510487
E[P_neut(42)] = 0.0004384064
E[P_neut(43)] = 0.0004707390
E[P_neut(44)] = 0.0004208759
E[P_neut(45)] = 0.0004310822
E[P_neut(46)] = 0.0004247717
E[P_neut(47)] = 0.0004889549
E[P_neut(48)] = 0.0004984027
E[P_neut(49)] = 0.0010044340

---- Expected P_sel(i), 0 < i < n (selected SFS per site) 
E[P_sel(1)] = 0.0049594401
E[P_sel(2)] = 0.0016513902
E[P_sel(3)] = 0.0009183132
E[P_sel(4)] = 0.0005985922
E[P_sel(5)] = 0.0004761079
E[P_sel(6)] = 0.0003395857
E[P_sel(7)] = 0.0003099970
E[P_sel(8)] = 0.0002564281
E[P_sel(9)] = 0.0002251899
E[P_sel(10)] = 0.0001810122
E[P_sel(11)] = 0.0001580194
E[P_sel(12)] = 0.0001338162
E[P_sel(13)] = 0.0001181150
E[P_sel(14)] = 0.0001070640
E[P_sel(15)] = 0.0000984056
E[P_sel(16)] = 0.0000900020
E[P_sel(17)] = 0.0000791367
E[P_sel(18)] = 0.0000678434
E[P_sel(19)] = 0.0000726101
E[P_sel(20)] = 0.0000603044
E[P_sel(21)] = 0.0000560089
E[P_sel(22)] = 0.0000589142
E[P_sel(23)] = 0.0000611688
E[P_sel(24)] = 0.0000627850
E[P_sel(25)] = 0.0000580336
E[P_sel(26)] = 0.0000361991
E[P_sel(27)] = 0.0000417563
E[P_sel(28)] = 0.0000523330
E[P_sel(29)] = 0.0000446308
E[P_sel(30)] = 0.0000507806
E[P_sel(31)] = 0.0000344007
E[P_sel(32)] = 0.0000468174
E[P_sel(33)] = 0.0000349007
E[P_sel(34)] = 0.0000404585
E[P_sel(35)] = 0.0000348251
E[P_sel(36)] = 0.0000341846
E[P_sel(37)] = 0.0000385288
E[P_sel(38)] = 0.0000422665
E[P_sel(39)] = 0.0000404261
E[P_sel(40)] = 0.0000386002
E[P_sel(41)] = 0.0000399033
E[P_sel(42)] = 0.0000499737
E[P_sel(43)] = 0.0000538499
E[P_sel(44)] = 0.0000483542
E[P_sel(45)] = 0.0000497833
E[P_sel(46)] = 0.0000493523
E[P_sel(47)] = 0.0000572119
E[P_sel(48)] = 0.0000588107
E[P_sel(49)] = 0.0001196954

---- alpha_dfe = 0.336716

