---- Running command
---- ./polyDFE -d RevisionsCapsellaPolyDFE15/aranetconnec14_225.098540145985_PolyDFE.input -m C -i /home/jejames/ArabidopsisCrossGenome/model.txt 1 -e 
---- Performing inference using model C

---- Performing inference on RevisionsCapsellaPolyDFE15/aranetconnec14_225.098540145985_PolyDFE.input
----      with -i /home/jejames/ArabidopsisCrossGenome/model.txt 1
---- Data RevisionsCapsellaPolyDFE15/aranetconnec14_225.098540145985_PolyDFE.input does not contain divergence counts. Using option -w.
---- No mutation variability. Using Poisson likelihood.


---- Calculating initial values

-- Starting local optimization
-- Optimizing all parameters
  it        eps_an     theta_bar           S_d             b           p_b           S_b           r 2           r 3           r 4           r 5           r 6           r 7           r 8           r 9          r 10          r 11          r 12          r 13          r 14          r 15          r 16          r 17          r 18          r 19          r 20          r 21          r 22          r 23          r 24          r 25          r 26          r 27          r 28          r 29          r 30          r 31          r 32          r 33          r 34          r 35          r 36          r 37          r 38          r 39          r 40          r 41          r 42          r 43          r 44          r 45          r 46          r 47          r 48          r 49           ln lk          grad status 
   0           0.1 0.01501582652        -20000         0.406           0.1            20 0.90780664578 0.91910816288 0.84761378293 0.92991830968 0.79122903998 0.83625084454 0.84613967201 0.83195135433 0.78864934586 0.92156501443 0.74221485166 0.78091026349 0.77562803267 0.92039800995 0.91591425588 0.76014986794 0.88004422332 0.77722498618 0.68300472943 0.71199557766 0.68509305325 0.76850316319 0.69283213561 0.69098949695 0.62281186659 0.68988391376 0.83066150727 0.72673668693 0.67072047171 1.05484921073 0.87267366869 0.95669799152 0.97733554449 1.09851974694 1.32227750138 1.09538726122 1.17400651065 1.23604201216 1.26773539708 1.47318960751 1.38787543762 1.65069713162 1.62962962962 2.13377556661 2.51458755604 3.26785823966 4.33388612493             1 -3914.003274155 59.7204438185   -2 
2001 0.00266656616 0.01336224818 -663.81666465 0.61891322299 0.07553653612 0.01212794181 0.93339490528 0.90185776855 0.82391965601 0.88905626650 0.76566091402 0.83768098804 0.82531706975 0.77808677730 0.77111629785 0.85747620474 0.69829841699 0.75993787950 0.67911247648 0.84370552608 0.81789581852 0.79399302913 0.89088871848 0.77530715267 0.64218168337 0.61899906287 0.66633714358 0.80441828721 0.62790505094 0.62592403256 0.59145747669 0.63527989672 0.81196781689 0.71817957958 0.61529884534 0.88900463245 0.70598108626 0.71613608830 0.79112075291 0.82827378416 0.96599853436 0.83331750861 0.88625159484 0.89271469360 0.96327350214 1.06731976535 0.94346770717 0.98162248051 1.05510676107 1.17912567924 1.32857975575 1.58308447050 1.90536178414 2.81545198638 -305.3985447799 0.00020797277   -2 
-- Local optimization: reached maximum number of iterations allowed
---- Best joint likelihood found -305.398544779950385 with gradient 0.00021

---- Results for RevisionsCapsellaPolyDFE15/aranetconnec14_225.098540145985_PolyDFE.input 
--  Model: C
--        eps_an     theta_bar             a 
-- 0.00266656616 0.01336224818            -1 
--           S_d             b           p_b           S_b 
-- -663.81666465 0.61891322299 0.07553653612 0.01212794181 
--           r 2           r 3           r 4           r 5           r 6           r 7           r 8           r 9          r 10          r 11          r 12          r 13          r 14          r 15          r 16          r 17          r 18          r 19          r 20          r 21          r 22          r 23          r 24          r 25          r 26          r 27          r 28          r 29          r 30          r 31          r 32          r 33          r 34          r 35          r 36          r 37          r 38          r 39          r 40          r 41          r 42          r 43          r 44          r 45          r 46          r 47          r 48          r 49 
-- 0.93339490528 0.90185776855 0.82391965601 0.88905626650 0.76566091402 0.83768098804 0.82531706975 0.77808677730 0.77111629785 0.85747620474 0.69829841699 0.75993787950 0.67911247648 0.84370552608 0.81789581852 0.79399302913 0.89088871848 0.77530715267 0.64218168337 0.61899906287 0.66633714358 0.80441828721 0.62790505094 0.62592403256 0.59145747669 0.63527989672 0.81196781689 0.71817957958 0.61529884534 0.88900463245 0.70598108626 0.71613608830 0.79112075291 0.82827378416 0.96599853436 0.83331750861 0.88625159484 0.89271469360 0.96327350214 1.06731976535 0.94346770717 0.98162248051 1.05510676107 1.17912567924 1.32857975575 1.58308447050 1.90536178414 2.81545198638 

---- Expected P_neut(i), 0 < i < n (neutral SFS per site) 
E[P_neut(1)] = 0.0133286642
E[P_neut(2)] = 0.0062209125
E[P_neut(3)] = 0.0040074378
E[P_neut(4)] = 0.0027460445
E[P_neut(5)] = 0.0023705561
E[P_neut(6)] = 0.0017014660
E[P_neut(7)] = 0.0015955925
E[P_neut(8)] = 0.0013756360
E[P_neut(9)] = 0.0011530680
E[P_neut(10)] = 0.0010284952
E[P_neut(11)] = 0.0010396571
E[P_neut(12)] = 0.0007763273
E[P_neut(13)] = 0.0007798333
E[P_neut(14)] = 0.0006474041
E[P_neut(15)] = 0.0007504259
E[P_neut(16)] = 0.0006820656
E[P_neut(17)] = 0.0006231992
E[P_neut(18)] = 0.0006603712
E[P_neut(19)] = 0.0005448229
E[P_neut(20)] = 0.0004286363
E[P_neut(21)] = 0.0003936997
E[P_neut(22)] = 0.0004046705
E[P_neut(23)] = 0.0004669329
E[P_neut(24)] = 0.0003494710
E[P_neut(25)] = 0.0003345501
E[P_neut(26)] = 0.0003040909
E[P_neut(27)] = 0.0003148066
E[P_neut(28)] = 0.0003875358
E[P_neut(29)] = 0.0003310814
E[P_neut(30)] = 0.0002744725
E[P_neut(31)] = 0.0003836289
E[P_neut(32)] = 0.0002957741
E[P_neut(33)] = 0.0002908663
E[P_neut(34)] = 0.0003119086
E[P_neut(35)] = 0.0003173781
E[P_neut(36)] = 0.0003593254
E[P_neut(37)] = 0.0003022262
E[P_neut(38)] = 0.0003128823
E[P_neut(39)] = 0.0003078254
E[P_neut(40)] = 0.0003236770
E[P_neut(41)] = 0.0003500015
E[P_neut(42)] = 0.0003030386
E[P_neut(43)] = 0.0003084897
E[P_neut(44)] = 0.0003241152
E[P_neut(45)] = 0.0003555302
E[P_neut(46)] = 0.0003922409
E[P_neut(47)] = 0.0004595872
E[P_neut(48)] = 0.0005456296
E[P_neut(49)] = 0.0008013548

---- Expected P_sel(i), 0 < i < n (selected SFS per site) 
E[P_sel(1)] = 0.0039969538
E[P_sel(2)] = 0.0012185018
E[P_sel(3)] = 0.0006506429
E[P_sel(4)] = 0.0004007572
E[P_sel(5)] = 0.0003224402
E[P_sel(6)] = 0.0002199541
E[P_sel(7)] = 0.0001983993
E[P_sel(8)] = 0.0001658293
E[P_sel(9)] = 0.0001355049
E[P_sel(10)] = 0.0001183136
E[P_sel(11)] = 0.0001174372
E[P_sel(12)] = 0.0000863121
E[P_sel(13)] = 0.0000855064
E[P_sel(14)] = 0.0000701129
E[P_sel(15)] = 0.0000803818
E[P_sel(16)] = 0.0000723357
E[P_sel(17)] = 0.0000654985
E[P_sel(18)] = 0.0000688356
E[P_sel(19)] = 0.0000563607
E[P_sel(20)] = 0.0000440337
E[P_sel(21)] = 0.0000401835
E[P_sel(22)] = 0.0000410559
E[P_sel(23)] = 0.0000471094
E[P_sel(24)] = 0.0000350743
E[P_sel(25)] = 0.0000334124
E[P_sel(26)] = 0.0000302308
E[P_sel(27)] = 0.0000311611
E[P_sel(28)] = 0.0000382022
E[P_sel(29)] = 0.0000325111
E[P_sel(30)] = 0.0000268547
E[P_sel(31)] = 0.0000374033
E[P_sel(32)] = 0.0000287467
E[P_sel(33)] = 0.0000281808
E[P_sel(34)] = 0.0000301298
E[P_sel(35)] = 0.0000305728
E[P_sel(36)] = 0.0000345134
E[P_sel(37)] = 0.0000289623
E[P_sel(38)] = 0.0000299089
E[P_sel(39)] = 0.0000293700
E[P_sel(40)] = 0.0000308124
E[P_sel(41)] = 0.0000332527
E[P_sel(42)] = 0.0000287623
E[P_sel(43)] = 0.0000292482
E[P_sel(44)] = 0.0000306921
E[P_sel(45)] = 0.0000336917
E[P_sel(46)] = 0.0000371887
E[P_sel(47)] = 0.0000437817
E[P_sel(48)] = 0.0000527155
E[P_sel(49)] = 0.0000821514

---- alpha_dfe = 0.816986

