---- Running command
---- ./polyDFE -d RevisionsCapsellaPolyDFE15/aranetconnec5_13.1515151515152_PolyDFE.input -m C -i /home/jejames/ArabidopsisCrossGenome/model.txt 1 -e 
---- Performing inference using model C

---- Performing inference on RevisionsCapsellaPolyDFE15/aranetconnec5_13.1515151515152_PolyDFE.input
----      with -i /home/jejames/ArabidopsisCrossGenome/model.txt 1
---- Data RevisionsCapsellaPolyDFE15/aranetconnec5_13.1515151515152_PolyDFE.input does not contain divergence counts. Using option -w.
---- No mutation variability. Using Poisson likelihood.


---- Calculating initial values

-- Starting local optimization
-- Optimizing all parameters
  it        eps_an     theta_bar           S_d             b           p_b           S_b           r 2           r 3           r 4           r 5           r 6           r 7           r 8           r 9          r 10          r 11          r 12          r 13          r 14          r 15          r 16          r 17          r 18          r 19          r 20          r 21          r 22          r 23          r 24          r 25          r 26          r 27          r 28          r 29          r 30          r 31          r 32          r 33          r 34          r 35          r 36          r 37          r 38          r 39          r 40          r 41          r 42          r 43          r 44          r 45          r 46          r 47          r 48          r 49           ln lk          grad status 
   0           0.1 0.01576941668        -80000         0.208           0.1            20 0.93017110391 0.91246614256 0.85485895487 0.98302173482 0.94457290083 0.93228512915 0.88102001717 1.09044064213 1.00944705027 0.99339367113 0.94259100218 0.90863447182 0.77875404637 0.92951047103 0.83081191781 0.84792230957 0.94655479949 0.93387064808 0.83107617097 0.92118649666 0.72088260553 0.97093215300 0.86727885314 0.85882275219 0.89832859879 0.84012684151 0.85829424588 0.87362092884 0.91365528175 1.09770760388 1.27687124265 1.20994913126 1.15452203210 1.20697628327 1.08925150293 1.37372002378 1.35812908766 1.60513972385 1.24727488934 1.58723657263 1.67311884785 1.77261016053 1.88068970073 2.56854066195 2.65904736737 3.46515161524 4.56629451014             1 -4095.867852517 62.2349776863   -2 
1844 0.00007559502 0.01410307495 -306.32153166 0.42580657264 0.03470407382 1.91137842109 0.90710088250 0.88545015146 0.91526955885 0.91613768118 0.93772519279 0.92809016549 0.83132638804 0.95241505352 0.96619124373 0.96077011817 0.92039753201 0.84594308789 0.78425322712 0.85078596957 0.76987958105 0.83413082907 0.86754643010 0.81630987069 0.78971280293 0.80113112708 0.65712748989 0.92368622048 0.83403089453 0.73283001791 0.85861296089 0.78354186515 0.79272968562 0.72554127185 0.78402404214 0.92447557102 1.00145467058 0.87458146581 1.05084946707 0.93946955580 0.88613678951 0.97768418085 1.00272341858 1.17034402859 0.92052809405 1.28556350773 1.10005678737 1.34187426435 1.22588626622 1.39605026784 1.42213535643 1.95278182184 2.13973555357 3.07674912849 -321.7019293855 0.00027766947   -8 
-- Local optimization: reached maximum number of likelihood evaluations allowed.
---- Best joint likelihood found -321.701929385518156 with gradient 0.00028

---- Results for RevisionsCapsellaPolyDFE15/aranetconnec5_13.1515151515152_PolyDFE.input 
--  Model: C
--        eps_an     theta_bar             a 
-- 0.00007559502 0.01410307495            -1 
--           S_d             b           p_b           S_b 
-- -306.32153166 0.42580657264 0.03470407382 1.91137842109 
--           r 2           r 3           r 4           r 5           r 6           r 7           r 8           r 9          r 10          r 11          r 12          r 13          r 14          r 15          r 16          r 17          r 18          r 19          r 20          r 21          r 22          r 23          r 24          r 25          r 26          r 27          r 28          r 29          r 30          r 31          r 32          r 33          r 34          r 35          r 36          r 37          r 38          r 39          r 40          r 41          r 42          r 43          r 44          r 45          r 46          r 47          r 48          r 49 
-- 0.90710088250 0.88545015146 0.91526955885 0.91613768118 0.93772519279 0.92809016549 0.83132638804 0.95241505352 0.96619124373 0.96077011817 0.92039753201 0.84594308789 0.78425322712 0.85078596957 0.76987958105 0.83413082907 0.86754643010 0.81630987069 0.78971280293 0.80113112708 0.65712748989 0.92368622048 0.83403089453 0.73283001791 0.85861296089 0.78354186515 0.79272968562 0.72554127185 0.78402404214 0.92447557102 1.00145467058 0.87458146581 1.05084946707 0.93946955580 0.88613678951 0.97768418085 1.00272341858 1.17034402859 0.92052809405 1.28556350773 1.10005678737 1.34187426435 1.22588626622 1.39605026784 1.42213535643 1.95278182184 2.13973555357 3.07674912849 

---- Expected P_neut(i), 0 < i < n (neutral SFS per site) 
E[P_neut(1)] = 0.0141020758
E[P_neut(2)] = 0.0063960199
E[P_neut(3)] = 0.0041622529
E[P_neut(4)] = 0.0032268178
E[P_neut(5)] = 0.0025839094
E[P_neut(6)] = 0.0022039979
E[P_neut(7)] = 0.0018697384
E[P_neut(8)] = 0.0014654494
E[P_neut(9)] = 0.0014923629
E[P_neut(10)] = 0.0013625483
E[P_neut(11)] = 0.0012317401
E[P_neut(12)] = 0.0010816493
E[P_neut(13)] = 0.0009176818
E[P_neut(14)] = 0.0007899938
E[P_neut(15)] = 0.0007998814
E[P_neut(16)] = 0.0006785860
E[P_neut(17)] = 0.0006919647
E[P_neut(18)] = 0.0006797082
E[P_neut(19)] = 0.0006059060
E[P_neut(20)] = 0.0005568547
E[P_neut(21)] = 0.0005380056
E[P_neut(22)] = 0.0004212492
E[P_neut(23)] = 0.0005663714
E[P_neut(24)] = 0.0004900982
E[P_neut(25)] = 0.0004134063
E[P_neut(26)] = 0.0004657358
E[P_neut(27)] = 0.0004092841
E[P_neut(28)] = 0.0003992847
E[P_neut(29)] = 0.0003528541
E[P_neut(30)] = 0.0003685859
E[P_neut(31)] = 0.0004205930
E[P_neut(32)] = 0.0004413802
E[P_neut(33)] = 0.0003737904
E[P_neut(34)] = 0.0004359068
E[P_neut(35)] = 0.0003785864
E[P_neut(36)] = 0.0003471794
E[P_neut(37)] = 0.0003726994
E[P_neut(38)] = 0.0003721979
E[P_neut(39)] = 0.0004232778
E[P_neut(40)] = 0.0003246354
E[P_neut(41)] = 0.0004422842
E[P_neut(42)] = 0.0003694682
E[P_neut(43)] = 0.0004402140
E[P_neut(44)] = 0.0003930634
E[P_neut(45)] = 0.0004376867
E[P_neut(46)] = 0.0004362215
E[P_neut(47)] = 0.0005862327
E[P_neut(48)] = 0.0006291204
E[P_neut(49)] = 0.0008865425

---- Expected P_sel(i), 0 < i < n (selected SFS per site) 
E[P_sel(1)] = 0.0061169253
E[P_sel(2)] = 0.0019689478
E[P_sel(3)] = 0.0010706608
E[P_sel(4)] = 0.0007402526
E[P_sel(5)] = 0.0005462412
E[P_sel(6)] = 0.0004377230
E[P_sel(7)] = 0.0003532859
E[P_sel(8)] = 0.0002657767
E[P_sel(9)] = 0.0002614928
E[P_sel(10)] = 0.0002318237
E[P_sel(11)] = 0.0002043017
E[P_sel(12)] = 0.0001754647
E[P_sel(13)] = 0.0001459850
E[P_sel(14)] = 0.0001235191
E[P_sel(15)] = 0.0001231604
E[P_sel(16)] = 0.0001030661
E[P_sel(17)] = 0.0001038252
E[P_sel(18)] = 0.0001008832
E[P_sel(19)] = 0.0000890619
E[P_sel(20)] = 0.0000811489
E[P_sel(21)] = 0.0000778047
E[P_sel(22)] = 0.0000605098
E[P_sel(23)] = 0.0000808759
E[P_sel(24)] = 0.0000696259
E[P_sel(25)] = 0.0000584727
E[P_sel(26)] = 0.0000656307
E[P_sel(27)] = 0.0000575006
E[P_sel(28)] = 0.0000559612
E[P_sel(29)] = 0.0000493655
E[P_sel(30)] = 0.0000515052
E[P_sel(31)] = 0.0000587371
E[P_sel(32)] = 0.0000616383
E[P_sel(33)] = 0.0000522276
E[P_sel(34)] = 0.0000609736
E[P_sel(35)] = 0.0000530439
E[P_sel(36)] = 0.0000487518
E[P_sel(37)] = 0.0000524816
E[P_sel(38)] = 0.0000525876
E[P_sel(39)] = 0.0000600409
E[P_sel(40)] = 0.0000462588
E[P_sel(41)] = 0.0000633473
E[P_sel(42)] = 0.0000532247
E[P_sel(43)] = 0.0000638245
E[P_sel(44)] = 0.0000573956
E[P_sel(45)] = 0.0000644117
E[P_sel(46)] = 0.0000647495
E[P_sel(47)] = 0.0000878296
E[P_sel(48)] = 0.0000952428
E[P_sel(49)] = 0.0001358691

---- alpha_dfe = 0.529469

