---- Running command
---- ./polyDFE -d RevisionsCapsellaPolyDFE15/aranetconnec15_453.11553030303_PolyDFE.input -m C -i /home/jejames/ArabidopsisCrossGenome/model.txt 1 -e 
---- Performing inference using model C

---- Performing inference on RevisionsCapsellaPolyDFE15/aranetconnec15_453.11553030303_PolyDFE.input
----      with -i /home/jejames/ArabidopsisCrossGenome/model.txt 1
---- Data RevisionsCapsellaPolyDFE15/aranetconnec15_453.11553030303_PolyDFE.input does not contain divergence counts. Using option -w.
---- No mutation variability. Using Poisson likelihood.


---- Calculating initial values

-- Starting local optimization
-- Optimizing all parameters
  it        eps_an     theta_bar           S_d             b           p_b           S_b           r 2           r 3           r 4           r 5           r 6           r 7           r 8           r 9          r 10          r 11          r 12          r 13          r 14          r 15          r 16          r 17          r 18          r 19          r 20          r 21          r 22          r 23          r 24          r 25          r 26          r 27          r 28          r 29          r 30          r 31          r 32          r 33          r 34          r 35          r 36          r 37          r 38          r 39          r 40          r 41          r 42          r 43          r 44          r 45          r 46          r 47          r 48          r 49           ln lk          grad status 
   0           0.1 0.01661920928        -20000         0.604           0.1            20 0.87491174393 0.81619204518 0.84984702282 0.81960461285 0.76676865144 0.86902800658 0.71075547187 0.79642268769 0.71016709814 0.66792186396 0.73287832431 0.84596375617 0.73558484349 0.68310190633 0.68816192045 0.81119086843 0.71169686985 0.69645799011 0.66250882560 0.85131795716 0.66662744175 0.62791244998 0.75547187573 0.83843257237 0.75723699694 0.66086137914 0.65074135090 0.75247116968 0.75370675453 0.88826782772 0.84349258649 0.96887502941 0.67815956695 1.00082372322 1.09508119557 1.11896916921 1.03294892915 1.11979289244 1.27794775241 1.38950341256 1.35914332784 2.09990586020 1.93645563662 1.99635208284 2.43316074370 2.69898799717 4.39162155801             1 -4082.926449580 59.6709914150   -2 
1030 0.00903449960 0.01494349737 -1566.5995510 0.42097792304 0.02134516439 0.88161003118 0.88860840374 0.77992874225 0.80232753315 0.81357651399 0.75936808918 0.78109545165 0.75006415854 0.75767832475 0.65978046587 0.66836479202 0.74298075126 0.78901260677 0.71248288731 0.65633510432 0.67244885774 0.72913402600 0.64721086172 0.63238617363 0.62862659439 0.72752121833 0.61547610414 0.59870794709 0.74006926428 0.73115399661 0.63650256911 0.60903492706 0.59819971840 0.63009591864 0.55708222287 0.71253872162 0.68382411712 0.71689688529 0.50654793246 0.73269404580 0.93969291543 0.84352893753 0.83503054117 0.88909477565 0.99064464699 0.90941939365 0.87633048053 1.51316373682 1.29205262624 1.19288486010 1.16730731553 1.24395361185 1.85610785223 2.24935323132 -300.7391823209 0.00006792389    0 
---- Best joint likelihood found -300.739182320987311 with gradient 0.00007

---- Results for RevisionsCapsellaPolyDFE15/aranetconnec15_453.11553030303_PolyDFE.input 
--  Model: C
--        eps_an     theta_bar             a 
-- 0.00903449960 0.01494349737            -1 
--           S_d             b           p_b           S_b 
-- -1566.5995510 0.42097792304 0.02134516439 0.88161003118 
--           r 2           r 3           r 4           r 5           r 6           r 7           r 8           r 9          r 10          r 11          r 12          r 13          r 14          r 15          r 16          r 17          r 18          r 19          r 20          r 21          r 22          r 23          r 24          r 25          r 26          r 27          r 28          r 29          r 30          r 31          r 32          r 33          r 34          r 35          r 36          r 37          r 38          r 39          r 40          r 41          r 42          r 43          r 44          r 45          r 46          r 47          r 48          r 49 
-- 0.88860840374 0.77992874225 0.80232753315 0.81357651399 0.75936808918 0.78109545165 0.75006415854 0.75767832475 0.65978046587 0.66836479202 0.74298075126 0.78901260677 0.71248288731 0.65633510432 0.67244885774 0.72913402600 0.64721086172 0.63238617363 0.62862659439 0.72752121833 0.61547610414 0.59870794709 0.74006926428 0.73115399661 0.63650256911 0.60903492706 0.59819971840 0.63009591864 0.55708222287 0.71253872162 0.68382411712 0.71689688529 0.50654793246 0.73269404580 0.93969291543 0.84352893753 0.83503054117 0.88909477565 0.99064464699 0.90941939365 0.87633048053 1.51316373682 1.29205262624 1.19288486010 1.16730731553 1.24395361185 1.85610785223 2.24935323132 

---- Expected P_neut(i), 0 < i < n (neutral SFS per site) 
E[P_neut(1)] = 0.0148146879
E[P_neut(2)] = 0.0065846951
E[P_neut(3)] = 0.0038534290
E[P_neut(4)] = 0.0029737409
E[P_neut(5)] = 0.0024131468
E[P_neut(6)] = 0.0018781470
E[P_neut(7)] = 0.0016571572
E[P_neut(8)] = 0.0013912317
E[P_neut(9)] = 0.0012496693
E[P_neut(10)] = 0.0009803789
E[P_neut(11)] = 0.0009028481
E[P_neut(12)] = 0.0009198353
E[P_neut(13)] = 0.0009018537
E[P_neut(14)] = 0.0007571523
E[P_neut(15)] = 0.0006507817
E[P_neut(16)] = 0.0006243834
E[P_neut(17)] = 0.0006380726
E[P_neut(18)] = 0.0005353415
E[P_neut(19)] = 0.0004959813
E[P_neut(20)] = 0.0004679575
E[P_neut(21)] = 0.0005159567
E[P_neut(22)] = 0.0004171694
E[P_neut(23)] = 0.0003885219
E[P_neut(24)] = 0.0004599429
E[P_neut(25)] = 0.0004370399
E[P_neut(26)] = 0.0003666878
E[P_neut(27)] = 0.0003375472
E[P_neut(28)] = 0.0003201497
E[P_neut(29)] = 0.0003264278
E[P_neut(30)] = 0.0002792283
E[P_neut(31)] = 0.0003448684
E[P_neut(32)] = 0.0003213044
E[P_neut(33)] = 0.0003274923
E[P_neut(34)] = 0.0002262979
E[P_neut(35)] = 0.0003159100
E[P_neut(36)] = 0.0003934105
E[P_neut(37)] = 0.0003457992
E[P_neut(38)] = 0.0003337680
E[P_neut(39)] = 0.0003457967
E[P_neut(40)] = 0.0003756563
E[P_neut(41)] = 0.0003398323
E[P_neut(42)] = 0.0003216373
E[P_neut(43)] = 0.0005361734
E[P_neut(44)] = 0.0004519355
E[P_neut(45)] = 0.0004145194
E[P_neut(46)] = 0.0004028639
E[P_neut(47)] = 0.0004270364
E[P_neut(48)] = 0.0006326124
E[P_neut(49)] = 0.0008147933

---- Expected P_sel(i), 0 < i < n (selected SFS per site) 
E[P_sel(1)] = 0.0037035366
E[P_sel(2)] = 0.0010924482
E[P_sel(3)] = 0.0005300836
E[P_sel(4)] = 0.0003646099
E[P_sel(5)] = 0.0002728114
E[P_sel(6)] = 0.0001996012
E[P_sel(7)] = 0.0001676398
E[P_sel(8)] = 0.0001351950
E[P_sel(9)] = 0.0001173576
E[P_sel(10)] = 0.0000893946
E[P_sel(11)] = 0.0000802582
E[P_sel(12)] = 0.0000799624
E[P_sel(13)] = 0.0000768560
E[P_sel(14)] = 0.0000633785
E[P_sel(15)] = 0.0000536157
E[P_sel(16)] = 0.0000507120
E[P_sel(17)] = 0.0000511433
E[P_sel(18)] = 0.0000423993
E[P_sel(19)] = 0.0000388561
E[P_sel(20)] = 0.0000363018
E[P_sel(21)] = 0.0000396633
E[P_sel(22)] = 0.0000318024
E[P_sel(23)] = 0.0000293935
E[P_sel(24)] = 0.0000345558
E[P_sel(25)] = 0.0000326262
E[P_sel(26)] = 0.0000272162
E[P_sel(27)] = 0.0000249206
E[P_sel(28)] = 0.0000235237
E[P_sel(29)] = 0.0000238837
E[P_sel(30)] = 0.0000203518
E[P_sel(31)] = 0.0000250441
E[P_sel(32)] = 0.0000232644
E[P_sel(33)] = 0.0000236545
E[P_sel(34)] = 0.0000163229
E[P_sel(35)] = 0.0000227231
E[P_sel(36)] = 0.0000282460
E[P_sel(37)] = 0.0000248251
E[P_sel(38)] = 0.0000239492
E[P_sel(39)] = 0.0000247943
E[P_sel(40)] = 0.0000269336
E[P_sel(41)] = 0.0000244488
E[P_sel(42)] = 0.0000232177
E[P_sel(43)] = 0.0000386058
E[P_sel(44)] = 0.0000327663
E[P_sel(45)] = 0.0000304368
E[P_sel(46)] = 0.0000300992
E[P_sel(47)] = 0.0000327860
E[P_sel(48)] = 0.0000508500
E[P_sel(49)] = 0.0000823784

---- alpha_dfe = 0.462762

