---- Running command
---- ./polyDFE -d RevisionsCapsellaPolyDFE15/aranetconnec8_35.225641025641_PolyDFE.input -m C -i /home/jejames/ArabidopsisCrossGenome/model.txt 1 -e 
---- Performing inference using model C

---- Performing inference on RevisionsCapsellaPolyDFE15/aranetconnec8_35.225641025641_PolyDFE.input
----      with -i /home/jejames/ArabidopsisCrossGenome/model.txt 1
---- Data RevisionsCapsellaPolyDFE15/aranetconnec8_35.225641025641_PolyDFE.input does not contain divergence counts. Using option -w.
---- No mutation variability. Using Poisson likelihood.


---- Calculating initial values

-- Starting local optimization
-- Optimizing all parameters
  it        eps_an     theta_bar           S_d             b           p_b           S_b           r 2           r 3           r 4           r 5           r 6           r 7           r 8           r 9          r 10          r 11          r 12          r 13          r 14          r 15          r 16          r 17          r 18          r 19          r 20          r 21          r 22          r 23          r 24          r 25          r 26          r 27          r 28          r 29          r 30          r 31          r 32          r 33          r 34          r 35          r 36          r 37          r 38          r 39          r 40          r 41          r 42          r 43          r 44          r 45          r 46          r 47          r 48          r 49           ln lk          grad status 
   0           0.1 0.01574020845        -20000         0.406           0.1            20 0.94587799391 0.93628423977 1.03506682545 0.87501654095 0.91425168717 0.85404260950 1.02527457985 0.91524414450 0.75823739579 0.79621542940 0.90829694323 1.00635172687 0.93092497022 0.84259626836 0.95487627365 0.91107582373 0.96824136562 0.87620748974 0.74897446076 0.86423183803 0.81513828238 0.91001720259 0.85113140134 0.86012968109 1.00463146751 1.18261214767 0.74103480217 0.91716289532 1.21873759428 0.88811697763 0.92523488156 0.89519650655 1.16527722641 1.20649728728 1.34577213179 1.29747254201 1.54876273653 1.46050019849 1.25446605795 1.93416699748 1.53672092100 1.92324996691 2.11644832605 2.51587931718 2.91875082704 3.89645361916 4.61135371179             1 -3952.570501753 45.4102769777   -2 
 537 0.01295677956 0.01433739249 -993.68445241 0.29355625464 0.00057759227 0.47778814181 0.89914723819 0.90530005645 0.99630587872 0.88288925408 0.89211225749 0.86829789547 0.93889916097 0.86878564561 0.82578390830 0.84002209125 0.79274588505 0.89441016983 0.79366479610 0.80256092557 0.82663034665 0.84008815206 0.85433326711 0.75925563417 0.66707123908 0.79190592331 0.75135882081 0.81139529166 0.74152858216 0.82210929028 0.82887854594 0.89279493973 0.64001494034 0.73012228622 1.01284162905 0.78355658838 0.88148441232 0.89724095287 0.91293903915 0.98153581801 1.13638785212 0.97583143076 1.14008066594 0.95255340735 0.95643304819 1.50659243342 0.93474968157 1.26028646937 1.15487585458 1.44456926314 1.52108677352 1.94660620925 1.68938346772 2.20133936434 -325.2456475347 0.00009599725    0 
---- Best joint likelihood found -325.245647534769830 with gradient 0.00010

---- Results for RevisionsCapsellaPolyDFE15/aranetconnec8_35.225641025641_PolyDFE.input 
--  Model: C
--        eps_an     theta_bar             a 
-- 0.01295677956 0.01433739249            -1 
--           S_d             b           p_b           S_b 
-- -993.68445241 0.29355625464 0.00057759227 0.47778814181 
--           r 2           r 3           r 4           r 5           r 6           r 7           r 8           r 9          r 10          r 11          r 12          r 13          r 14          r 15          r 16          r 17          r 18          r 19          r 20          r 21          r 22          r 23          r 24          r 25          r 26          r 27          r 28          r 29          r 30          r 31          r 32          r 33          r 34          r 35          r 36          r 37          r 38          r 39          r 40          r 41          r 42          r 43          r 44          r 45          r 46          r 47          r 48          r 49 
-- 0.89914723819 0.90530005645 0.99630587872 0.88288925408 0.89211225749 0.86829789547 0.93889916097 0.86878564561 0.82578390830 0.84002209125 0.79274588505 0.89441016983 0.79366479610 0.80256092557 0.82663034665 0.84008815206 0.85433326711 0.75925563417 0.66707123908 0.79190592331 0.75135882081 0.81139529166 0.74152858216 0.82210929028 0.82887854594 0.89279493973 0.64001494034 0.73012228622 1.01284162905 0.78355658838 0.88148441232 0.89724095287 0.91293903915 0.98153581801 1.13638785212 0.97583143076 1.14008066594 0.95255340735 0.95643304819 1.50659243342 0.93474968157 1.26028646937 1.15487585458 1.44456926314 1.52108677352 1.94660620925 1.68938346772 2.20133936434 

---- Expected P_neut(i), 0 < i < n (neutral SFS per site) 
E[P_neut(1)] = 0.0141599717
E[P_neut(2)] = 0.0063687359
E[P_neut(3)] = 0.0042781832
E[P_neut(4)] = 0.0035309798
E[P_neut(5)] = 0.0025048271
E[P_neut(6)] = 0.0021090157
E[P_neut(7)] = 0.0017608485
E[P_neut(8)] = 0.0016650031
E[P_neut(9)] = 0.0013729073
E[P_neut(10)] = 0.0011730603
E[P_neut(11)] = 0.0010852353
E[P_neut(12)] = 0.0009404603
E[P_neut(13)] = 0.0009785423
E[P_neut(14)] = 0.0008081245
E[P_neut(15)] = 0.0007623791
E[P_neut(16)] = 0.0007361233
E[P_neut(17)] = 0.0007043810
E[P_neut(18)] = 0.0006767952
E[P_neut(19)] = 0.0005702061
E[P_neut(20)] = 0.0004782789
E[P_neut(21)] = 0.0005383320
E[P_neut(22)] = 0.0004875621
E[P_neut(23)] = 0.0005053845
E[P_neut(24)] = 0.0004431654
E[P_neut(25)] = 0.0004714761
E[P_neut(26)] = 0.0004568927
E[P_neut(27)] = 0.0004744979
E[P_neut(28)] = 0.0003298177
E[P_neut(29)] = 0.0003632955
E[P_neut(30)] = 0.0004839745
E[P_neut(31)] = 0.0003651201
E[P_neut(32)] = 0.0003986432
E[P_neut(33)] = 0.0003939503
E[P_neut(34)] = 0.0003895849
E[P_neut(35)] = 0.0004068058
E[P_neut(36)] = 0.0004572461
E[P_neut(37)] = 0.0003860133
E[P_neut(38)] = 0.0004368510
E[P_neut(39)] = 0.0003598318
E[P_neut(40)] = 0.0003537174
E[P_neut(41)] = 0.0005379502
E[P_neut(42)] = 0.0003367598
E[P_neut(43)] = 0.0004378128
E[P_neut(44)] = 0.0003990610
E[P_neut(45)] = 0.0004870912
E[P_neut(46)] = 0.0005142233
E[P_neut(47)] = 0.0006421782
E[P_neut(48)] = 0.0005815891
E[P_neut(49)] = 0.0008215324

---- Expected P_sel(i), 0 < i < n (selected SFS per site) 
E[P_sel(1)] = 0.0051305622
E[P_sel(2)] = 0.0017084621
E[P_sel(3)] = 0.0009907340
E[P_sel(4)] = 0.0007442674
E[P_sel(5)] = 0.0004928043
E[P_sel(6)] = 0.0003932380
E[P_sel(7)] = 0.0003141013
E[P_sel(8)] = 0.0002862394
E[P_sel(9)] = 0.0002283931
E[P_sel(10)] = 0.0001897969
E[P_sel(11)] = 0.0001712162
E[P_sel(12)] = 0.0001449958
E[P_sel(13)] = 0.0001478325
E[P_sel(14)] = 0.0001197543
E[P_sel(15)] = 0.0001110436
E[P_sel(16)] = 0.0001055101
E[P_sel(17)] = 0.0000994523
E[P_sel(18)] = 0.0000942213
E[P_sel(19)] = 0.0000783370
E[P_sel(20)] = 0.0000648674
E[P_sel(21)] = 0.0000721898
E[P_sel(22)] = 0.0000646575
E[P_sel(23)] = 0.0000663065
E[P_sel(24)] = 0.0000575621
E[P_sel(25)] = 0.0000606574
E[P_sel(26)] = 0.0000582462
E[P_sel(27)] = 0.0000599660
E[P_sel(28)] = 0.0000413474
E[P_sel(29)] = 0.0000451849
E[P_sel(30)] = 0.0000596984
E[P_sel(31)] = 0.0000447449
E[P_sel(32)] = 0.0000485246
E[P_sel(33)] = 0.0000476430
E[P_sel(34)] = 0.0000468266
E[P_sel(35)] = 0.0000485960
E[P_sel(36)] = 0.0000542820
E[P_sel(37)] = 0.0000456986
E[P_sel(38)] = 0.0000513719
E[P_sel(39)] = 0.0000422760
E[P_sel(40)] = 0.0000414475
E[P_sel(41)] = 0.0000625224
E[P_sel(42)] = 0.0000396078
E[P_sel(43)] = 0.0000510772
E[P_sel(44)] = 0.0000469869
E[P_sel(45)] = 0.0000573568
E[P_sel(46)] = 0.0000619219
E[P_sel(47)] = 0.0000780018
E[P_sel(48)] = 0.0000773910
E[P_sel(49)] = 0.0001371734

---- alpha_dfe = 0.006769

