---- Running command
---- ./polyDFE -d RevisionsCapsellaPolyDFE15/aranetconnec6_18.0974264705882_PolyDFE.input -m C -i /home/jejames/ArabidopsisCrossGenome/model.txt 1 -e 
---- Performing inference using model C

---- Performing inference on RevisionsCapsellaPolyDFE15/aranetconnec6_18.0974264705882_PolyDFE.input
----      with -i /home/jejames/ArabidopsisCrossGenome/model.txt 1
---- Data RevisionsCapsellaPolyDFE15/aranetconnec6_18.0974264705882_PolyDFE.input does not contain divergence counts. Using option -w.
---- No mutation variability. Using Poisson likelihood.


---- Calculating initial values

-- Starting local optimization
-- Optimizing all parameters
  it        eps_an     theta_bar           S_d             b           p_b           S_b           r 2           r 3           r 4           r 5           r 6           r 7           r 8           r 9          r 10          r 11          r 12          r 13          r 14          r 15          r 16          r 17          r 18          r 19          r 20          r 21          r 22          r 23          r 24          r 25          r 26          r 27          r 28          r 29          r 30          r 31          r 32          r 33          r 34          r 35          r 36          r 37          r 38          r 39          r 40          r 41          r 42          r 43          r 44          r 45          r 46          r 47          r 48          r 49           ln lk          grad status 
   0           0.1 0.01619060276        -80000         0.208           0.1            20 0.96293489928 0.90149649554 0.86405253520 0.88905727094 0.91305171433 0.82079939382 0.84864557681 0.78764917598 0.87642861653 0.83835322346 0.77060049251 0.88242722737 0.83184946643 0.79560522826 0.80621329797 0.79863610532 0.84902443644 0.93458357012 0.73246195617 0.75449895813 0.82098882364 0.61141630359 0.60162909641 0.89979162720 0.87503946454 0.73138852055 0.77615710046 0.73429311106 0.79560522826 1.03940140178 1.13758918987 1.11687819662 1.16360421797 1.32600871377 1.24796362947 1.29664709225 1.23091494601 1.53419208183 1.44471806529 1.64134621456 1.69729115362 1.71869672286 2.02816189934 2.22769463913 2.75645639957 3.17844288691 4.31899981057             1 -3988.995482539 63.9393851668   -2 
 279 0.01575425606 0.01483993948 -795.31445384 0.28181519908 0.00038296497 1.31484397116 0.91350728174 0.88255784097 0.81647379427 0.85186197463 0.84440575323 0.80057254152 0.86900557684 0.82512790177 0.80066079112 0.71602537573 0.67515371679 0.82464524625 0.82279597605 0.83347444397 0.76964313365 0.70448016738 0.75011276851 0.82739438211 0.66890071084 0.74767742484 0.68318265972 0.51330828376 0.55287208233 0.73998297221 0.74821151971 0.69625816666 0.64305277614 0.72585224542 0.72292288424 0.87340458301 0.87160883582 0.91261216838 0.86718193063 0.98859280993 0.91545064180 1.00468542146 0.87770840864 1.15900005736 0.93842268061 1.18669088914 0.95266220864 1.16527359753 1.09612512914 1.11082017159 1.54006569663 1.56276040710 1.59858758153 1.92116774261 -320.8276230762 0.00042997066   -8 
-- Local optimization: reached maximum number of likelihood evaluations allowed.
---- Best joint likelihood found -320.827623076255634 with gradient 0.00043

---- Results for RevisionsCapsellaPolyDFE15/aranetconnec6_18.0974264705882_PolyDFE.input 
--  Model: C
--        eps_an     theta_bar             a 
-- 0.01575425606 0.01483993948            -1 
--           S_d             b           p_b           S_b 
-- -795.31445384 0.28181519908 0.00038296497 1.31484397116 
--           r 2           r 3           r 4           r 5           r 6           r 7           r 8           r 9          r 10          r 11          r 12          r 13          r 14          r 15          r 16          r 17          r 18          r 19          r 20          r 21          r 22          r 23          r 24          r 25          r 26          r 27          r 28          r 29          r 30          r 31          r 32          r 33          r 34          r 35          r 36          r 37          r 38          r 39          r 40          r 41          r 42          r 43          r 44          r 45          r 46          r 47          r 48          r 49 
-- 0.91350728174 0.88255784097 0.81647379427 0.85186197463 0.84440575323 0.80057254152 0.86900557684 0.82512790177 0.80066079112 0.71602537573 0.67515371679 0.82464524625 0.82279597605 0.83347444397 0.76964313365 0.70448016738 0.75011276851 0.82739438211 0.66890071084 0.74767742484 0.68318265972 0.51330828376 0.55287208233 0.73998297221 0.74821151971 0.69625816666 0.64305277614 0.72585224542 0.72292288424 0.87340458301 0.87160883582 0.91261216838 0.86718193063 0.98859280993 0.91545064180 1.00468542146 0.87770840864 1.15900005736 0.93842268061 1.18669088914 0.95266220864 1.16527359753 1.09612512914 1.11082017159 1.54006569663 1.56276040710 1.59858758153 1.92116774261 

---- Expected P_neut(i), 0 < i < n (neutral SFS per site) 
E[P_neut(1)] = 0.0146153137
E[P_neut(2)] = 0.0066791971
E[P_neut(3)] = 0.0043046969
E[P_neut(4)] = 0.0029892114
E[P_neut(5)] = 0.0024942554
E[P_neut(6)] = 0.0020614100
E[P_neut(7)] = 0.0016768043
E[P_neut(8)] = 0.0015919059
E[P_neut(9)] = 0.0013458712
E[P_neut(10)] = 0.0011749418
E[P_neut(11)] = 0.0009577089
E[P_neut(12)] = 0.0008271829
E[P_neut(13)] = 0.0009328783
E[P_neut(14)] = 0.0008643651
E[P_neut(15)] = 0.0008181936
E[P_neut(16)] = 0.0007085580
E[P_neut(17)] = 0.0006117444
E[P_neut(18)] = 0.0006150490
E[P_neut(19)] = 0.0006426419
E[P_neut(20)] = 0.0004941369
E[P_neut(21)] = 0.0005258844
E[P_neut(22)] = 0.0004589451
E[P_neut(23)] = 0.0003320052
E[P_neut(24)] = 0.0003432001
E[P_neut(25)] = 0.0004392521
E[P_neut(26)] = 0.0004257122
E[P_neut(27)] = 0.0003818714
E[P_neut(28)] = 0.0003427074
E[P_neut(29)] = 0.0003739068
E[P_neut(30)] = 0.0003597898
E[P_neut(31)] = 0.0004216995
E[P_neut(32)] = 0.0004075818
E[P_neut(33)] = 0.0004136201
E[P_neut(34)] = 0.0003837809
E[P_neut(35)] = 0.0004255487
E[P_neut(36)] = 0.0003851626
E[P_neut(37)] = 0.0004114408
E[P_neut(38)] = 0.0003505206
E[P_neut(39)] = 0.0004492830
E[P_neut(40)] = 0.0003613873
E[P_neut(41)] = 0.0004441899
E[P_neut(42)] = 0.0003566988
E[P_neut(43)] = 0.0004225559
E[P_neut(44)] = 0.0003967700
E[P_neut(45)] = 0.0004003829
E[P_neut(46)] = 0.0005367306
E[P_neut(47)] = 0.0005544360
E[P_neut(48)] = 0.0005932272
E[P_neut(49)] = 0.0008064628

---- Expected P_sel(i), 0 < i < n (selected SFS per site) 
E[P_sel(1)] = 0.0057619823
E[P_sel(2)] = 0.0019829940
E[P_sel(3)] = 0.0011108834
E[P_sel(4)] = 0.0007047227
E[P_sel(5)] = 0.0005506978
E[P_sel(6)] = 0.0004322005
E[P_sel(7)] = 0.0003369326
E[P_sel(8)] = 0.0003087329
E[P_sel(9)] = 0.0002529788
E[P_sel(10)] = 0.0002149864
E[P_sel(11)] = 0.0001709548
E[P_sel(12)] = 0.0001445187
E[P_sel(13)] = 0.0001597964
E[P_sel(14)] = 0.0001454105
E[P_sel(15)] = 0.0001353420
E[P_sel(16)] = 0.0001154067
E[P_sel(17)] = 0.0000981864
E[P_sel(18)] = 0.0000974040
E[P_sel(19)] = 0.0001004996
E[P_sel(20)] = 0.0000763542
E[P_sel(21)] = 0.0000803542
E[P_sel(22)] = 0.0000693809
E[P_sel(23)] = 0.0000496741
E[P_sel(24)] = 0.0000508612
E[P_sel(25)] = 0.0000645091
E[P_sel(26)] = 0.0000619742
E[P_sel(27)] = 0.0000551287
E[P_sel(28)] = 0.0000490996
E[P_sel(29)] = 0.0000531700
E[P_sel(30)] = 0.0000507907
E[P_sel(31)] = 0.0000591342
E[P_sel(32)] = 0.0000567743
E[P_sel(33)] = 0.0000572444
E[P_sel(34)] = 0.0000528485
E[P_sel(35)] = 0.0000582799
E[P_sel(36)] = 0.0000525277
E[P_sel(37)] = 0.0000558342
E[P_sel(38)] = 0.0000473620
E[P_sel(39)] = 0.0000603621
E[P_sel(40)] = 0.0000486773
E[P_sel(41)] = 0.0000595520
E[P_sel(42)] = 0.0000482055
E[P_sel(43)] = 0.0000568126
E[P_sel(44)] = 0.0000539469
E[P_sel(45)] = 0.0000551840
E[P_sel(46)] = 0.0000738657
E[P_sel(47)] = 0.0000796441
E[P_sel(48)] = 0.0000934171
E[P_sel(49)] = 0.0001645103

---- alpha_dfe = 0.005788

