---- Running command
---- ./polyDFE -d RevisionsCapsellaPolyDFE15/aranetconnec11_85.0384615384615_PolyDFE.input -m C -i /home/jejames/ArabidopsisCrossGenome/model.txt 1 -e 
---- Performing inference using model C

---- Performing inference on RevisionsCapsellaPolyDFE15/aranetconnec11_85.0384615384615_PolyDFE.input
----      with -i /home/jejames/ArabidopsisCrossGenome/model.txt 1
---- Data RevisionsCapsellaPolyDFE15/aranetconnec11_85.0384615384615_PolyDFE.input does not contain divergence counts. Using option -w.
---- No mutation variability. Using Poisson likelihood.


---- Calculating initial values

-- Starting local optimization
-- Optimizing all parameters
  it        eps_an     theta_bar           S_d             b           p_b           S_b           r 2           r 3           r 4           r 5           r 6           r 7           r 8           r 9          r 10          r 11          r 12          r 13          r 14          r 15          r 16          r 17          r 18          r 19          r 20          r 21          r 22          r 23          r 24          r 25          r 26          r 27          r 28          r 29          r 30          r 31          r 32          r 33          r 34          r 35          r 36          r 37          r 38          r 39          r 40          r 41          r 42          r 43          r 44          r 45          r 46          r 47          r 48          r 49           ln lk          grad status 
   0           0.1 0.01531115083        -20000         0.406           0.1            20 0.91719330249 0.83868655938 0.86546354811 0.89712684865 0.85725454427 0.87334679783 0.87354225030 0.90768128216 0.86259691185 0.91374030881 0.84122744152 0.89015571046 0.87471496514 0.88051338849 0.86624535800 0.74096032314 0.96514430907 1.00143331813 0.92644471952 0.85920906899 0.84422437943 0.80018242230 0.88188155580 0.71665906573 0.87406345690 1.13636067496 0.91393576128 1.00514691510 0.93621734314 1.13303798293 1.26548960844 1.24913675157 1.50407192650 1.34308424001 1.10469737442 1.20287966642 1.19825395791 1.51182487458 1.65743696657 1.52791712815 1.65274610723 1.66688383608 2.22737637631 2.53892761743 2.78415531956 3.36523552022 4.97543813929             1 -3983.590529753 51.2155534146   -2 
 961 0.00636812441 0.01349692204 -845.92231850 0.32778843114 0.00004861832 1.45941048194 0.93527030441 0.89994782393 0.90264867982 0.86682655755 0.88026397443 0.80609387386 0.87337655912 0.87182029872 0.82144958663 0.88875922817 0.81176522171 0.88197778241 0.81788702175 0.86437891730 0.76004594121 0.74632578309 0.82974034962 0.88809299968 0.89227887783 0.82348843275 0.76071519865 0.67762522485 0.87468192851 0.66254638901 0.81618693720 0.96136740708 0.83909791438 0.84698367218 0.74213332251 0.89608729470 1.00672141309 1.02743576769 1.13098344361 1.12043503517 0.86989007003 0.98579865381 1.12515628699 1.21915372337 1.23602174501 1.12585208757 1.20401090352 1.17729938068 1.42119769197 1.55937204353 1.66979500458 1.98865321444 2.46217126711 3.47352704989 -316.4969738390 0.00007846608    0 
---- Best joint likelihood found -316.496973839007978 with gradient 0.00008

---- Results for RevisionsCapsellaPolyDFE15/aranetconnec11_85.0384615384615_PolyDFE.input 
--  Model: C
--        eps_an     theta_bar             a 
-- 0.00636812441 0.01349692204            -1 
--           S_d             b           p_b           S_b 
-- -845.92231850 0.32778843114 0.00004861832 1.45941048194 
--           r 2           r 3           r 4           r 5           r 6           r 7           r 8           r 9          r 10          r 11          r 12          r 13          r 14          r 15          r 16          r 17          r 18          r 19          r 20          r 21          r 22          r 23          r 24          r 25          r 26          r 27          r 28          r 29          r 30          r 31          r 32          r 33          r 34          r 35          r 36          r 37          r 38          r 39          r 40          r 41          r 42          r 43          r 44          r 45          r 46          r 47          r 48          r 49 
-- 0.93527030441 0.89994782393 0.90264867982 0.86682655755 0.88026397443 0.80609387386 0.87337655912 0.87182029872 0.82144958663 0.88875922817 0.81176522171 0.88197778241 0.81788702175 0.86437891730 0.76004594121 0.74632578309 0.82974034962 0.88809299968 0.89227887783 0.82348843275 0.76071519865 0.67762522485 0.87468192851 0.66254638901 0.81618693720 0.96136740708 0.83909791438 0.84698367218 0.74213332251 0.89608729470 1.00672141309 1.02743576769 1.13098344361 1.12043503517 0.86989007003 0.98579865381 1.12515628699 1.21915372337 1.23602174501 1.12585208757 1.20401090352 1.17729938068 1.42119769197 1.55937204353 1.66979500458 1.98865321444 2.46217126711 3.47352704989 

---- Expected P_neut(i), 0 < i < n (neutral SFS per site) 
E[P_neut(1)] = 0.0134170648
E[P_neut(2)] = 0.0062758507
E[P_neut(3)] = 0.0040266950
E[P_neut(4)] = 0.0030294690
E[P_neut(5)] = 0.0023279757
E[P_neut(6)] = 0.0019703088
E[P_neut(7)] = 0.0015467107
E[P_neut(8)] = 0.0014665675
E[P_neut(9)] = 0.0013014666
E[P_neut(10)] = 0.0011042996
E[P_neut(11)] = 0.0010862437
E[P_neut(12)] = 0.0009097583
E[P_neut(13)] = 0.0009121499
E[P_neut(14)] = 0.0007855526
E[P_neut(15)] = 0.0007755622
E[P_neut(16)] = 0.0006399187
E[P_neut(17)] = 0.0005914380
E[P_neut(18)] = 0.0006209054
E[P_neut(19)] = 0.0006293366
E[P_neut(20)] = 0.0006004426
E[P_neut(21)] = 0.0005284046
E[P_neut(22)] = 0.0004662998
E[P_neut(23)] = 0.0003981740
E[P_neut(24)] = 0.0004914621
E[P_neut(25)] = 0.0003576935
E[P_neut(26)] = 0.0004241271
E[P_neut(27)] = 0.0004800460
E[P_neut(28)] = 0.0004048691
E[P_neut(29)] = 0.0003950557
E[P_neut(30)] = 0.0003355922
E[P_neut(31)] = 0.0003916756
E[P_neut(32)] = 0.0004258718
E[P_neut(33)] = 0.0004213161
E[P_neut(34)] = 0.0004501884
E[P_neut(35)] = 0.0004342707
E[P_neut(36)] = 0.0003290788
E[P_neut(37)] = 0.0003631425
E[P_neut(38)] = 0.0004029048
E[P_neut(39)] = 0.0004261762
E[P_neut(40)] = 0.0004214667
E[P_neut(41)] = 0.0003765886
E[P_neut(42)] = 0.0003938347
E[P_neut(43)] = 0.0003770774
E[P_neut(44)] = 0.0004457835
E[P_neut(45)] = 0.0004796273
E[P_neut(46)] = 0.0005062125
E[P_neut(47)] = 0.0005932255
E[P_neut(48)] = 0.0007281122
E[P_neut(49)] = 0.0010366312

---- Expected P_sel(i), 0 < i < n (selected SFS per site) 
E[P_sel(1)] = 0.0047091892
E[P_sel(2)] = 0.0015773908
E[P_sel(3)] = 0.0008581672
E[P_sel(4)] = 0.0005807088
E[P_sel(5)] = 0.0004130227
E[P_sel(6)] = 0.0003290449
E[P_sel(7)] = 0.0002458249
E[P_sel(8)] = 0.0002235402
E[P_sel(9)] = 0.0001913388
E[P_sel(10)] = 0.0001572572
E[P_sel(11)] = 0.0001503778
E[P_sel(12)] = 0.0001227722
E[P_sel(13)] = 0.0001202905
E[P_sel(14)] = 0.0001014200
E[P_sel(15)] = 0.0000981736
E[P_sel(16)] = 0.0000795354
E[P_sel(17)] = 0.0000722791
E[P_sel(18)] = 0.0000746926
E[P_sel(19)] = 0.0000745942
E[P_sel(20)] = 0.0000701814
E[P_sel(21)] = 0.0000609407
E[P_sel(22)] = 0.0000531036
E[P_sel(23)] = 0.0000448028
E[P_sel(24)] = 0.0000546785
E[P_sel(25)] = 0.0000393653
E[P_sel(26)] = 0.0000461950
E[P_sel(27)] = 0.0000517636
E[P_sel(28)] = 0.0000432466
E[P_sel(29)] = 0.0000418176
E[P_sel(30)] = 0.0000352238
E[P_sel(31)] = 0.0000407597
E[P_sel(32)] = 0.0000439526
E[P_sel(33)] = 0.0000431388
E[P_sel(34)] = 0.0000457470
E[P_sel(35)] = 0.0000438330
E[P_sel(36)] = 0.0000330204
E[P_sel(37)] = 0.0000362072
E[P_sel(38)] = 0.0000398937
E[P_sel(39)] = 0.0000419712
E[P_sel(40)] = 0.0000412756
E[P_sel(41)] = 0.0000367800
E[P_sel(42)] = 0.0000383164
E[P_sel(43)] = 0.0000365865
E[P_sel(44)] = 0.0000431657
E[P_sel(45)] = 0.0000464373
E[P_sel(46)] = 0.0000493318
E[P_sel(47)] = 0.0000583672
E[P_sel(48)] = 0.0000738514
E[P_sel(49)] = 0.0001177997

---- alpha_dfe = 0.001071

