---- Running command
---- ./polyDFE -d RevisionsCapsellaPolyDFE15/aranetconnec2_3.33391915641476_PolyDFE.input -m C -i /home/jejames/ArabidopsisCrossGenome/model.txt 1 -e 
---- Performing inference using model C

---- Performing inference on RevisionsCapsellaPolyDFE15/aranetconnec2_3.33391915641476_PolyDFE.input
----      with -i /home/jejames/ArabidopsisCrossGenome/model.txt 1
---- Data RevisionsCapsellaPolyDFE15/aranetconnec2_3.33391915641476_PolyDFE.input does not contain divergence counts. Using option -w.
---- No mutation variability. Using Poisson likelihood.


---- Calculating initial values

-- Starting local optimization
-- Optimizing all parameters
  it        eps_an     theta_bar           S_d             b           p_b           S_b           r 2           r 3           r 4           r 5           r 6           r 7           r 8           r 9          r 10          r 11          r 12          r 13          r 14          r 15          r 16          r 17          r 18          r 19          r 20          r 21          r 22          r 23          r 24          r 25          r 26          r 27          r 28          r 29          r 30          r 31          r 32          r 33          r 34          r 35          r 36          r 37          r 38          r 39          r 40          r 41          r 42          r 43          r 44          r 45          r 46          r 47          r 48          r 49           ln lk          grad status 
   0           0.1 0.01664572339        -70000         0.208           0.1            20 0.93071665935 0.85585303153 0.90438271991 0.94143833469 0.85773402721 0.80450184964 0.87428678914 0.84080506614 0.83265408489 0.79867076305 0.80581854661 0.79146027964 0.94977741551 0.72794532572 0.81760611950 0.74293059125 0.73358831274 0.76123894915 0.67465044830 0.75446736472 0.99730390620 0.90852091040 0.92845946454 0.78374819737 0.70587497648 1.06652454699 0.89008715279 0.79459527243 1.13235939557 1.07097623675 0.98313373879 1.06144585867 1.14051037682 1.06652454699 1.39494639162 0.97203586431 1.23656655589 1.22753777666 1.48473258511 1.36246786632 1.49313436579 1.77133362593 2.09668317762 2.22051539281 2.23236566555 3.27105147658 4.56856229230             1 -3781.956002456 53.7727565253   -2 
1425 0.00032124108 0.01477901308 -674.40659736 0.26611685126 0.00673511126 9.88849629255 0.89792231382 0.89454927115 0.90994254409 0.89775476242 0.87107765552 0.81041242723 0.85450389286 0.90681705670 0.82362084962 0.80816795241 0.86102303360 0.74130157977 0.82525556754 0.75762187309 0.79822798098 0.67487097883 0.62349219368 0.65523081778 0.57401448665 0.63799503667 0.83678053838 0.68900870049 0.70602353955 0.68194624657 0.63658153528 0.86920355368 0.72428947479 0.69593823699 0.89429189006 0.96518677754 0.83292074992 0.82787198368 1.05054074602 0.94662127583 1.02016494658 0.76251879830 0.92916514294 1.10338033366 1.05300358276 1.09026751799 1.31576751155 1.20569860167 1.29842348812 1.12156552955 1.32606035853 1.82603307411 2.09204515674 2.62855907751 -334.9551825105 0.00052452402   -8 
-- Local optimization: reached maximum number of likelihood evaluations allowed.
---- Best joint likelihood found -334.955182510548639 with gradient 0.00052

---- Results for RevisionsCapsellaPolyDFE15/aranetconnec2_3.33391915641476_PolyDFE.input 
--  Model: C
--        eps_an     theta_bar             a 
-- 0.00032124108 0.01477901308            -1 
--           S_d             b           p_b           S_b 
-- -674.40659736 0.26611685126 0.00673511126 9.88849629255 
--           r 2           r 3           r 4           r 5           r 6           r 7           r 8           r 9          r 10          r 11          r 12          r 13          r 14          r 15          r 16          r 17          r 18          r 19          r 20          r 21          r 22          r 23          r 24          r 25          r 26          r 27          r 28          r 29          r 30          r 31          r 32          r 33          r 34          r 35          r 36          r 37          r 38          r 39          r 40          r 41          r 42          r 43          r 44          r 45          r 46          r 47          r 48          r 49 
-- 0.89792231382 0.89454927115 0.90994254409 0.89775476242 0.87107765552 0.81041242723 0.85450389286 0.90681705670 0.82362084962 0.80816795241 0.86102303360 0.74130157977 0.82525556754 0.75762187309 0.79822798098 0.67487097883 0.62349219368 0.65523081778 0.57401448665 0.63799503667 0.83678053838 0.68900870049 0.70602353955 0.68194624657 0.63658153528 0.86920355368 0.72428947479 0.69593823699 0.89429189006 0.96518677754 0.83292074992 0.82787198368 1.05054074602 0.94662127583 1.02016494658 0.76251879830 0.92916514294 1.10338033366 1.05300358276 1.09026751799 1.31576751155 1.20569860167 1.29842348812 1.12156552955 1.32606035853 1.82603307411 2.09204515674 2.62855907751 

---- Expected P_neut(i), 0 < i < n (neutral SFS per site) 
E[P_neut(1)] = 0.0147745201
E[P_neut(2)] = 0.0066332782
E[P_neut(3)] = 0.0044056206
E[P_neut(4)] = 0.0033610700
E[P_neut(5)] = 0.0026528518
E[P_neut(6)] = 0.0021450622
E[P_neut(7)] = 0.0017105972
E[P_neut(8)] = 0.0015782322
E[P_neut(9)] = 0.0014887436
E[P_neut(10)] = 0.0012169643
E[P_neut(11)] = 0.0010855969
E[P_neut(12)] = 0.0010601980
E[P_neut(13)] = 0.0008425737
E[P_neut(14)] = 0.0008710306
E[P_neut(15)] = 0.0007463489
E[P_neut(16)] = 0.0007372237
E[P_neut(17)] = 0.0005866322
E[P_neut(18)] = 0.0005118813
E[P_neut(19)] = 0.0005096507
E[P_neut(20)] = 0.0004241736
E[P_neut(21)] = 0.0004489667
E[P_neut(22)] = 0.0005620691
E[P_neut(23)] = 0.0004427440
E[P_neut(24)] = 0.0004347404
E[P_neut(25)] = 0.0004031397
E[P_neut(26)] = 0.0003618714
E[P_neut(27)] = 0.0004757661
E[P_neut(28)] = 0.0003823536
E[P_neut(29)] = 0.0003546951
E[P_neut(30)] = 0.0004405531
E[P_neut(31)] = 0.0004601613
E[P_neut(32)] = 0.0003847205
E[P_neut(33)] = 0.0003708309
E[P_neut(34)] = 0.0004567359
E[P_neut(35)] = 0.0003998293
E[P_neut(36)] = 0.0004189517
E[P_neut(37)] = 0.0003047479
E[P_neut(38)] = 0.0003615968
E[P_neut(39)] = 0.0004183394
E[P_neut(40)] = 0.0003893249
E[P_neut(41)] = 0.0003933540
E[P_neut(42)] = 0.0004633523
E[P_neut(43)] = 0.0004148127
E[P_neut(44)] = 0.0004366723
E[P_neut(45)] = 0.0003690815
E[P_neut(46)] = 0.0004269837
E[P_neut(47)] = 0.0005754220
E[P_neut(48)] = 0.0006460571
E[P_neut(49)] = 0.0007972993

---- Expected P_sel(i), 0 < i < n (selected SFS per site) 
E[P_sel(1)] = 0.0063361866
E[P_sel(2)] = 0.0021961126
E[P_sel(3)] = 0.0012833793
E[P_sel(4)] = 0.0009018313
E[P_sel(5)] = 0.0006704868
E[P_sel(6)] = 0.0005174448
E[P_sel(7)] = 0.0003972546
E[P_sel(8)] = 0.0003550017
E[P_sel(9)] = 0.0003258212
E[P_sel(10)] = 0.0002600427
E[P_sel(11)] = 0.0002271132
E[P_sel(12)] = 0.0002176442
E[P_sel(13)] = 0.0001700450
E[P_sel(14)] = 0.0001730889
E[P_sel(15)] = 0.0001462338
E[P_sel(16)] = 0.0001425892
E[P_sel(17)] = 0.0001121209
E[P_sel(18)] = 0.0000967661
E[P_sel(19)] = 0.0000953720
E[P_sel(20)] = 0.0000786349
E[P_sel(21)] = 0.0000825111
E[P_sel(22)] = 0.0001024690
E[P_sel(23)] = 0.0000801159
E[P_sel(24)] = 0.0000781283
E[P_sel(25)] = 0.0000719912
E[P_sel(26)] = 0.0000642467
E[P_sel(27)] = 0.0000840199
E[P_sel(28)] = 0.0000671994
E[P_sel(29)] = 0.0000620696
E[P_sel(30)] = 0.0000767997
E[P_sel(31)] = 0.0000799525
E[P_sel(32)] = 0.0000666583
E[P_sel(33)] = 0.0000641074
E[P_sel(34)] = 0.0000788251
E[P_sel(35)] = 0.0000689299
E[P_sel(36)] = 0.0000721961
E[P_sel(37)] = 0.0000525326
E[P_sel(38)] = 0.0000623996
E[P_sel(39)] = 0.0000723307
E[P_sel(40)] = 0.0000675152
E[P_sel(41)] = 0.0000684973
E[P_sel(42)] = 0.0000811230
E[P_sel(43)] = 0.0000731405
E[P_sel(44)] = 0.0000776913
E[P_sel(45)] = 0.0000664305
E[P_sel(46)] = 0.0000779719
E[P_sel(47)] = 0.0001070454
E[P_sel(48)] = 0.0001233548
E[P_sel(49)] = 0.0001594330

---- alpha_dfe = 0.321010

