---- Running command
---- ./polyDFE -d RevisionsCapsellaPolyDFE15/aranetconnec9_47.4252669039146_PolyDFE.input -m C -i /home/jejames/ArabidopsisCrossGenome/model.txt 1 -e 
---- Performing inference using model C

---- Performing inference on RevisionsCapsellaPolyDFE15/aranetconnec9_47.4252669039146_PolyDFE.input
----      with -i /home/jejames/ArabidopsisCrossGenome/model.txt 1
---- Data RevisionsCapsellaPolyDFE15/aranetconnec9_47.4252669039146_PolyDFE.input does not contain divergence counts. Using option -w.
---- No mutation variability. Using Poisson likelihood.


---- Calculating initial values

-- Starting local optimization
-- Optimizing all parameters
  it        eps_an     theta_bar           S_d             b           p_b           S_b           r 2           r 3           r 4           r 5           r 6           r 7           r 8           r 9          r 10          r 11          r 12          r 13          r 14          r 15          r 16          r 17          r 18          r 19          r 20          r 21          r 22          r 23          r 24          r 25          r 26          r 27          r 28          r 29          r 30          r 31          r 32          r 33          r 34          r 35          r 36          r 37          r 38          r 39          r 40          r 41          r 42          r 43          r 44          r 45          r 46          r 47          r 48          r 49           ln lk          grad status 
   0           0.1 0.01652802996        -20000         0.406           0.1            20 0.89385129283 0.86347890634 0.85166398614 0.79364097488 0.89224297909 0.86471607076 0.89620190523 0.74378324879 0.89508845725 0.85735494247 0.85438574786 0.83310651985 0.82617839910 0.76271186440 0.57602375355 0.68248175182 0.70481256959 0.79450698997 0.78931089941 0.79500185574 0.79747618458 0.96319435853 0.76753680564 0.78869231720 0.79289867623 0.82339477916 0.82098230854 1.12656192007 0.85735494247 1.08152913522 0.98379314610 0.98187554125 1.08944698750 1.12148954596 1.12680935296 1.01620685389 1.21996783372 1.30273413336 1.54150686626 1.48113324260 1.81603365087 2.05610540640 2.27539279970 1.93183224050 2.32760113819 3.13120128665 4.23110231349             1 -3816.381417403 45.9046648614   -2 
 384 0.00085035079 0.01468171620 -973.84677266 0.31061482175 0.00233295066 28.6172030135 0.89443368137 0.87269100374 0.82072378390 0.81492173847 0.86402649039 0.82257159243 0.85721720580 0.77219964785 0.85772871817 0.84754601009 0.78768042389 0.76954534179 0.82973706848 0.69347366463 0.59628116619 0.63704508481 0.69078925122 0.69139748510 0.72365522477 0.67112955442 0.80211717866 0.85831785360 0.67806108636 0.82808708959 0.74840621159 0.65898051514 0.71625019414 0.91628133261 0.77069199435 0.78629097657 0.78892179698 0.77766424841 0.99360751200 0.87917126580 0.89105423960 0.88859097065 0.82698151349 0.99511697153 1.15555335493 1.18346594149 1.25722086610 1.36450928841 1.47287408446 1.04711468864 1.38351448058 1.82364591185 2.02521521025 2.47064661869 -315.7444849356 0.00300179283   -8 
-- Local optimization: reached maximum number of likelihood evaluations allowed.
---- Best joint likelihood found -315.744484935666947 with gradient 0.00300

---- Results for RevisionsCapsellaPolyDFE15/aranetconnec9_47.4252669039146_PolyDFE.input 
--  Model: C
--        eps_an     theta_bar             a 
-- 0.00085035079 0.01468171620            -1 
--           S_d             b           p_b           S_b 
-- -973.84677266 0.31061482175 0.00233295066 28.6172030135 
--           r 2           r 3           r 4           r 5           r 6           r 7           r 8           r 9          r 10          r 11          r 12          r 13          r 14          r 15          r 16          r 17          r 18          r 19          r 20          r 21          r 22          r 23          r 24          r 25          r 26          r 27          r 28          r 29          r 30          r 31          r 32          r 33          r 34          r 35          r 36          r 37          r 38          r 39          r 40          r 41          r 42          r 43          r 44          r 45          r 46          r 47          r 48          r 49 
-- 0.89443368137 0.87269100374 0.82072378390 0.81492173847 0.86402649039 0.82257159243 0.85721720580 0.77219964785 0.85772871817 0.84754601009 0.78768042389 0.76954534179 0.82973706848 0.69347366463 0.59628116619 0.63704508481 0.69078925122 0.69139748510 0.72365522477 0.67112955442 0.80211717866 0.85831785360 0.67806108636 0.82808708959 0.74840621159 0.65898051514 0.71625019414 0.91628133261 0.77069199435 0.78629097657 0.78892179698 0.77766424841 0.99360751200 0.87917126580 0.89105423960 0.88859097065 0.82698151349 0.99511697153 1.15555335493 1.18346594149 1.25722086610 1.36450928841 1.47287408446 1.04711468864 1.38351448058 1.82364591185 2.02521521025 2.47064661869 

---- Expected P_neut(i), 0 < i < n (neutral SFS per site) 
E[P_neut(1)] = 0.0146698611
E[P_neut(2)] = 0.0065608542
E[P_neut(3)] = 0.0042677199
E[P_neut(4)] = 0.0030102223
E[P_neut(5)] = 0.0023911457
E[P_neut(6)] = 0.0021128520
E[P_neut(7)] = 0.0017241809
E[P_neut(8)] = 0.0015722134
E[P_neut(9)] = 0.0012589799
E[P_neut(10)] = 0.0012585828
E[P_neut(11)] = 0.0011305775
E[P_neut(12)] = 0.0009631606
E[P_neut(13)] = 0.0008686567
E[P_neut(14)] = 0.0008697094
E[P_neut(15)] = 0.0006784953
E[P_neut(16)] = 0.0005470515
E[P_neut(17)] = 0.0005499978
E[P_neut(18)] = 0.0005632715
E[P_neut(19)] = 0.0005341203
E[P_neut(20)] = 0.0005310940
E[P_neut(21)] = 0.0004692018
E[P_neut(22)] = 0.0005351577
E[P_neut(23)] = 0.0005477336
E[P_neut(24)] = 0.0004148025
E[P_neut(25)] = 0.0004863096
E[P_neut(26)] = 0.0004226044
E[P_neut(27)] = 0.0003584932
E[P_neut(28)] = 0.0003756995
E[P_neut(29)] = 0.0004638867
E[P_neut(30)] = 0.0003773004
E[P_neut(31)] = 0.0003725280
E[P_neut(32)] = 0.0003621315
E[P_neut(33)] = 0.0003461568
E[P_neut(34)] = 0.0004291552
E[P_neut(35)] = 0.0003690562
E[P_neut(36)] = 0.0003638255
E[P_neut(37)] = 0.0003530349
E[P_neut(38)] = 0.0003200612
E[P_neut(39)] = 0.0003752594
E[P_neut(40)] = 0.0004248478
E[P_neut(41)] = 0.0004244989
E[P_neut(42)] = 0.0004404440
E[P_neut(43)] = 0.0004669625
E[P_neut(44)] = 0.0004928417
E[P_neut(45)] = 0.0003433763
E[P_neut(46)] = 0.0004437593
E[P_neut(47)] = 0.0005728123
E[P_neut(48)] = 0.0006245073
E[P_neut(49)] = 0.0007521272

---- Expected P_sel(i), 0 < i < n (selected SFS per site) 
E[P_sel(1)] = 0.0051580769
E[P_sel(2)] = 0.0016812557
E[P_sel(3)] = 0.0009371902
E[P_sel(4)] = 0.0005988355
E[P_sel(5)] = 0.0004426875
E[P_sel(6)] = 0.0003698106
E[P_sel(7)] = 0.0002882679
E[P_sel(8)] = 0.0002529172
E[P_sel(9)] = 0.0001959129
E[P_sel(10)] = 0.0001902392
E[P_sel(11)] = 0.0001665376
E[P_sel(12)] = 0.0001386294
E[P_sel(13)] = 0.0001224328
E[P_sel(14)] = 0.0001202612
E[P_sel(15)] = 0.0000921890
E[P_sel(16)] = 0.0000731360
E[P_sel(17)] = 0.0000724396
E[P_sel(18)] = 0.0000731639
E[P_sel(19)] = 0.0000684843
E[P_sel(20)] = 0.0000672774
E[P_sel(21)] = 0.0000587671
E[P_sel(22)] = 0.0000663217
E[P_sel(23)] = 0.0000672083
E[P_sel(24)] = 0.0000504242
E[P_sel(25)] = 0.0000586017
E[P_sel(26)] = 0.0000505094
E[P_sel(27)] = 0.0000425203
E[P_sel(28)] = 0.0000442438
E[P_sel(29)] = 0.0000542664
E[P_sel(30)] = 0.0000438685
E[P_sel(31)] = 0.0000430708
E[P_sel(32)] = 0.0000416562
E[P_sel(33)] = 0.0000396375
E[P_sel(34)] = 0.0000489433
E[P_sel(35)] = 0.0000419507
E[P_sel(36)] = 0.0000412482
E[P_sel(37)] = 0.0000399468
E[P_sel(38)] = 0.0000361796
E[P_sel(39)] = 0.0000424132
E[P_sel(40)] = 0.0000480655
E[P_sel(41)] = 0.0000481411
E[P_sel(42)] = 0.0000501663
E[P_sel(43)] = 0.0000535287
E[P_sel(44)] = 0.0000570399
E[P_sel(45)] = 0.0000403223
E[P_sel(46)] = 0.0000531798
E[P_sel(47)] = 0.0000708378
E[P_sel(48)] = 0.0000817418
E[P_sel(49)] = 0.0001134915

---- alpha_dfe = 0.407973

