---- Running command
---- ./polyDFE -d RevisionsCapsellaPolyDFE15/aranetconnec7_25.3123966942149_PolyDFE.input -m C -i /home/jejames/ArabidopsisCrossGenome/model.txt 1 -e 
---- Performing inference using model C

---- Performing inference on RevisionsCapsellaPolyDFE15/aranetconnec7_25.3123966942149_PolyDFE.input
----      with -i /home/jejames/ArabidopsisCrossGenome/model.txt 1
---- Data RevisionsCapsellaPolyDFE15/aranetconnec7_25.3123966942149_PolyDFE.input does not contain divergence counts. Using option -w.
---- No mutation variability. Using Poisson likelihood.


---- Calculating initial values

-- Starting local optimization
-- Optimizing all parameters
  it        eps_an     theta_bar           S_d             b           p_b           S_b           r 2           r 3           r 4           r 5           r 6           r 7           r 8           r 9          r 10          r 11          r 12          r 13          r 14          r 15          r 16          r 17          r 18          r 19          r 20          r 21          r 22          r 23          r 24          r 25          r 26          r 27          r 28          r 29          r 30          r 31          r 32          r 33          r 34          r 35          r 36          r 37          r 38          r 39          r 40          r 41          r 42          r 43          r 44          r 45          r 46          r 47          r 48          r 49           ln lk          grad status 
   0           0.1 0.01649056049        -20000         0.406           0.1            20 0.90158455063 0.96038623421 0.80911116613 0.85076751671 0.85751423619 0.84185441941 0.78732359494 0.93141866798 0.82074770982 0.78367170091 0.90393661797 0.80224065362 0.70883882149 0.78360980440 0.88338697697 0.69553107204 0.86902698687 0.69974003466 0.69447883139 0.82928942807 0.96682347115 0.71038623421 0.85417182470 0.74275810844 0.98972517949 0.95425847982 0.95320623916 0.97288932904 0.75947016588 0.91142609556 1.06957167615 1.03967566229 1.06907650408 0.85788561525 1.07402822480 1.12905422134 1.11252785342 1.05973013122 1.42114384748 1.23842535281 1.42980935875 1.61556078237 1.90913592473 2.06393909383 2.42584798217 3.22332260460 4.12082198564             1 -3803.258989910 41.4436823050   -2 
 432 0.00778444690 0.01495612759 -1176.9271210 0.28358581802 0.00180546191 1.88442123933 0.87801225190 0.88412661548 0.82066439805 0.85460994460 0.81240014419 0.81616771546 0.76869880291 0.85351581182 0.75876178086 0.76105812178 0.86504626620 0.73329217897 0.69277613887 0.80296832181 0.78529943696 0.66568497729 0.78218581704 0.67378906624 0.67794319788 0.77945212813 0.84208583112 0.64373343982 0.71528538184 0.74797678214 0.83522043408 0.76553679671 0.86314472514 0.79377853875 0.70657858989 0.70951373866 0.83495899851 0.89946472653 0.85271621543 0.68915692162 0.86726401968 0.94407452562 0.71912612183 0.78193048567 0.88918727602 0.77014974206 0.83659676632 0.88110802193 1.07083156280 1.22480674874 1.37052896403 1.54114547863 1.62598510067 2.45619613202 -312.5441003343 0.00008937892    0 
---- Best joint likelihood found -312.544100334307700 with gradient 0.00009

---- Results for RevisionsCapsellaPolyDFE15/aranetconnec7_25.3123966942149_PolyDFE.input 
--  Model: C
--        eps_an     theta_bar             a 
-- 0.00778444690 0.01495612759            -1 
--           S_d             b           p_b           S_b 
-- -1176.9271210 0.28358581802 0.00180546191 1.88442123933 
--           r 2           r 3           r 4           r 5           r 6           r 7           r 8           r 9          r 10          r 11          r 12          r 13          r 14          r 15          r 16          r 17          r 18          r 19          r 20          r 21          r 22          r 23          r 24          r 25          r 26          r 27          r 28          r 29          r 30          r 31          r 32          r 33          r 34          r 35          r 36          r 37          r 38          r 39          r 40          r 41          r 42          r 43          r 44          r 45          r 46          r 47          r 48          r 49 
-- 0.87801225190 0.88412661548 0.82066439805 0.85460994460 0.81240014419 0.81616771546 0.76869880291 0.85351581182 0.75876178086 0.76105812178 0.86504626620 0.73329217897 0.69277613887 0.80296832181 0.78529943696 0.66568497729 0.78218581704 0.67378906624 0.67794319788 0.77945212813 0.84208583112 0.64373343982 0.71528538184 0.74797678214 0.83522043408 0.76553679671 0.86314472514 0.79377853875 0.70657858989 0.70951373866 0.83495899851 0.89946472653 0.85271621543 0.68915692162 0.86726401968 0.94407452562 0.71912612183 0.78193048567 0.88918727602 0.77014974206 0.83659676632 0.88110802193 1.07083156280 1.22480674874 1.37052896403 1.54114547863 1.62598510067 2.45619613202 

---- Expected P_neut(i), 0 < i < n (neutral SFS per site) 
E[P_neut(1)] = 0.0148455384
E[P_neut(2)] = 0.0065186641
E[P_neut(3)] = 0.0043772096
E[P_neut(4)] = 0.0030480726
E[P_neut(5)] = 0.0025396003
E[P_neut(6)] = 0.0020121295
E[P_neut(7)] = 0.0017326265
E[P_neut(8)] = 0.0014282268
E[P_neut(9)] = 0.0014095115
E[P_neut(10)] = 0.0011285680
E[P_neut(11)] = 0.0010290503
E[P_neut(12)] = 0.0010719557
E[P_neut(13)] = 0.0008400351
E[P_neut(14)] = 0.0007371327
E[P_neut(15)] = 0.0007966798
E[P_neut(16)] = 0.0007312706
E[P_neut(17)] = 0.0005842655
E[P_neut(18)] = 0.0006478936
E[P_neut(19)] = 0.0005289189
E[P_neut(20)] = 0.0005057659
E[P_neut(21)] = 0.0005539885
E[P_neut(22)] = 0.0005716028
E[P_neut(23)] = 0.0004186407
E[P_neut(24)] = 0.0004460160
E[P_neut(25)] = 0.0004474734
E[P_neut(26)] = 0.0004801784
E[P_neut(27)] = 0.0004240118
E[P_neut(28)] = 0.0004619139
E[P_neut(29)] = 0.0004105088
E[P_neut(30)] = 0.0003534603
E[P_neut(31)] = 0.0003437730
E[P_neut(32)] = 0.0003922637
E[P_neut(33)] = 0.0004090374
E[P_neut(34)] = 0.0003778924
E[P_neut(35)] = 0.0002984291
E[P_neut(36)] = 0.0003632595
E[P_neut(37)] = 0.0003852100
E[P_neut(38)] = 0.0002892248
E[P_neut(39)] = 0.0003055837
E[P_neut(40)] = 0.0003387158
E[P_neut(41)] = 0.0002897922
E[P_neut(42)] = 0.0003067786
E[P_neut(43)] = 0.0003176533
E[P_neut(44)] = 0.0003769190
E[P_neut(45)] = 0.0004238056
E[P_neut(46)] = 0.0004660222
E[P_neut(47)] = 0.0005209103
E[P_neut(48)] = 0.0005538017
E[P_neut(49)] = 0.0008602868

---- Expected P_sel(i), 0 < i < n (selected SFS per site) 
E[P_sel(1)] = 0.0052832099
E[P_sel(2)] = 0.0017330836
E[P_sel(3)] = 0.0010106263
E[P_sel(4)] = 0.0006429071
E[P_sel(5)] = 0.0005015318
E[P_sel(6)] = 0.0003774151
E[P_sel(7)] = 0.0003116009
E[P_sel(8)] = 0.0002478787
E[P_sel(9)] = 0.0002372559
E[P_sel(10)] = 0.0001848872
E[P_sel(11)] = 0.0001645988
E[P_sel(12)] = 0.0001678165
E[P_sel(13)] = 0.0001289205
E[P_sel(14)] = 0.0001111173
E[P_sel(15)] = 0.0001181509
E[P_sel(16)] = 0.0001067881
E[P_sel(17)] = 0.0000841011
E[P_sel(18)] = 0.0000920406
E[P_sel(19)] = 0.0000742069
E[P_sel(20)] = 0.0000701301
E[P_sel(21)] = 0.0000759707
E[P_sel(22)] = 0.0000775688
E[P_sel(23)] = 0.0000562478
E[P_sel(24)] = 0.0000593649
E[P_sel(25)] = 0.0000590288
E[P_sel(26)] = 0.0000628040
E[P_sel(27)] = 0.0000550077
E[P_sel(28)] = 0.0000594654
E[P_sel(29)] = 0.0000524596
E[P_sel(30)] = 0.0000448522
E[P_sel(31)] = 0.0000433315
E[P_sel(32)] = 0.0000491290
E[P_sel(33)] = 0.0000508981
E[P_sel(34)] = 0.0000467752
E[P_sel(35)] = 0.0000367750
E[P_sel(36)] = 0.0000444763
E[P_sel(37)] = 0.0000469361
E[P_sel(38)] = 0.0000351937
E[P_sel(39)] = 0.0000369952
E[P_sel(40)] = 0.0000408374
E[P_sel(41)] = 0.0000349815
E[P_sel(42)] = 0.0000369011
E[P_sel(43)] = 0.0000382421
E[P_sel(44)] = 0.0000452924
E[P_sel(45)] = 0.0000510785
E[P_sel(46)] = 0.0000564415
E[P_sel(47)] = 0.0000642760
E[P_sel(48)] = 0.0000715910
E[P_sel(49)] = 0.0001269615

---- alpha_dfe = 0.037426

