---- Running command
---- ./polyDFE -d RevisionsCapsellaPolyDFE15/aranetconnec12_110.383895131086_PolyDFE.input -m C -i /home/jejames/ArabidopsisCrossGenome/model.txt 1 -e 
---- Performing inference using model C

---- Performing inference on RevisionsCapsellaPolyDFE15/aranetconnec12_110.383895131086_PolyDFE.input
----      with -i /home/jejames/ArabidopsisCrossGenome/model.txt 1
---- Data RevisionsCapsellaPolyDFE15/aranetconnec12_110.383895131086_PolyDFE.input does not contain divergence counts. Using option -w.
---- No mutation variability. Using Poisson likelihood.


---- Calculating initial values

-- Starting local optimization
-- Optimizing all parameters
  it        eps_an     theta_bar           S_d             b           p_b           S_b           r 2           r 3           r 4           r 5           r 6           r 7           r 8           r 9          r 10          r 11          r 12          r 13          r 14          r 15          r 16          r 17          r 18          r 19          r 20          r 21          r 22          r 23          r 24          r 25          r 26          r 27          r 28          r 29          r 30          r 31          r 32          r 33          r 34          r 35          r 36          r 37          r 38          r 39          r 40          r 41          r 42          r 43          r 44          r 45          r 46          r 47          r 48          r 49           ln lk          grad status 
   0           0.1 0.01495526220        -20000         0.406           0.1            20 0.94325213956 0.90454246214 0.95036208031 0.87985516787 0.97603686635 1.01751152073 0.89585253456 0.94147465437 0.73074391046 0.84364713627 0.91007241606 0.99618169848 0.89124423963 0.78801843317 1.04068466096 0.79684002633 0.86030283080 0.82679394338 0.92955892034 0.85023041474 0.67491770901 0.93120473996 0.84529295589 1.00394996708 0.84726793943 0.87985516787           0.8 0.94502962475 0.85714285714 0.87551020408 1.12495062541 1.06017116524 0.92218564845 1.06451612903 1.28689927583 1.35431204739 1.12073732718 1.65602369980 1.44832126398 1.67616853192 1.62857142857 1.90230414746 1.85095457537 2.30184331797 2.66793943383 4.02238314680 4.79052007899             1 -3870.146992226 49.6076321870   -2 
 736 0.00027542040 0.01333704909 -844.38287628 0.33985524919 0.00764007604 4.14536757200 0.92921234771 0.90160260721 0.94863780198 0.88532993086 0.94397614397 0.97003926391 0.88569661308 0.83333562456 0.82636994903 0.77930360193 0.87556240150 0.90681734704 0.79195512998 0.70480012148 0.96503899204 0.76797643863 0.76802975516 0.71794791968 0.89167913542 0.95607391916 0.63233824252 0.75396195971 0.71284395356 0.89335865641 0.78639220603 0.72146474967 0.72728256362 0.88213579189 0.70951254927 0.75915312184 0.97754465403 0.86304164130 0.72546245570 0.88854808508 0.98694084262 0.98466659815 0.85798726642 1.21105245424 1.04792616136 1.30484825687 0.98003944612 1.36524959691 1.23551929095 1.65820325027 1.39594670847 2.30343738993 2.36050289776 3.59231151398 -318.5284606858 0.00042831773   -8 
-- Local optimization: reached maximum number of likelihood evaluations allowed.
---- Best joint likelihood found -318.528460685857226 with gradient 0.00043

---- Results for RevisionsCapsellaPolyDFE15/aranetconnec12_110.383895131086_PolyDFE.input 
--  Model: C
--        eps_an     theta_bar             a 
-- 0.00027542040 0.01333704909            -1 
--           S_d             b           p_b           S_b 
-- -844.38287628 0.33985524919 0.00764007604 4.14536757200 
--           r 2           r 3           r 4           r 5           r 6           r 7           r 8           r 9          r 10          r 11          r 12          r 13          r 14          r 15          r 16          r 17          r 18          r 19          r 20          r 21          r 22          r 23          r 24          r 25          r 26          r 27          r 28          r 29          r 30          r 31          r 32          r 33          r 34          r 35          r 36          r 37          r 38          r 39          r 40          r 41          r 42          r 43          r 44          r 45          r 46          r 47          r 48          r 49 
-- 0.92921234771 0.90160260721 0.94863780198 0.88532993086 0.94397614397 0.97003926391 0.88569661308 0.83333562456 0.82636994903 0.77930360193 0.87556240150 0.90681734704 0.79195512998 0.70480012148 0.96503899204 0.76797643863 0.76802975516 0.71794791968 0.89167913542 0.95607391916 0.63233824252 0.75396195971 0.71284395356 0.89335865641 0.78639220603 0.72146474967 0.72728256362 0.88213579189 0.70951254927 0.75915312184 0.97754465403 0.86304164130 0.72546245570 0.88854808508 0.98694084262 0.98466659815 0.85798726642 1.21105245424 1.04792616136 1.30484825687 0.98003944612 1.36524959691 1.23551929095 1.65820325027 1.39594670847 2.30343738993 2.36050289776 3.59231151398 

---- Expected P_neut(i), 0 < i < n (neutral SFS per site) 
E[P_neut(1)] = 0.0133336451
E[P_neut(2)] = 0.0061949494
E[P_neut(3)] = 0.0040073155
E[P_neut(4)] = 0.0031622476
E[P_neut(5)] = 0.0023610227
E[P_neut(6)] = 0.0020978346
E[P_neut(7)] = 0.0018478163
E[P_neut(8)] = 0.0014762514
E[P_neut(9)] = 0.0012346921
E[P_neut(10)] = 0.0011019263
E[P_neut(11)] = 0.0009447275
E[P_neut(12)] = 0.0009729331
E[P_neut(13)] = 0.0009301698
E[P_neut(14)] = 0.0007543461
E[P_neut(15)] = 0.0006265842
E[P_neut(16)] = 0.0008042801
E[P_neut(17)] = 0.0006024324
E[P_neut(18)] = 0.0005690250
E[P_neut(19)] = 0.0005039147
E[P_neut(20)] = 0.0005945415
E[P_neut(21)] = 0.0006071447
E[P_neut(22)] = 0.0003833319
E[P_neut(23)] = 0.0004371789
E[P_neut(24)] = 0.0003961368
E[P_neut(25)] = 0.0004765907
E[P_neut(26)] = 0.0004033884
E[P_neut(27)] = 0.0003564004
E[P_neut(28)] = 0.0003464317
E[P_neut(29)] = 0.0004057482
E[P_neut(30)] = 0.0003155037
E[P_neut(31)] = 0.0003266573
E[P_neut(32)] = 0.0004074683
E[P_neut(33)] = 0.0003488707
E[P_neut(34)] = 0.0002847175
E[P_neut(35)] = 0.0003386682
E[P_neut(36)] = 0.0003657426
E[P_neut(37)] = 0.0003550922
E[P_neut(38)] = 0.0003013171
E[P_neut(39)] = 0.0004142966
E[P_neut(40)] = 0.0003496134
E[P_neut(41)] = 0.0004246824
E[P_neut(42)] = 0.0003115313
E[P_neut(43)] = 0.0004238436
E[P_neut(44)] = 0.0003749789
E[P_neut(45)] = 0.0004919715
E[P_neut(46)] = 0.0004054947
E[P_neut(47)] = 0.0006545634
E[P_neut(48)] = 0.0006574040
E[P_neut(49)] = 0.0009811761

---- Expected P_sel(i), 0 < i < n (selected SFS per site) 
E[P_sel(1)] = 0.0046365370
E[P_sel(2)] = 0.0015377796
E[P_sel(3)] = 0.0008434203
E[P_sel(4)] = 0.0005991553
E[P_sel(5)] = 0.0004145924
E[P_sel(6)] = 0.0003472627
E[P_sel(7)] = 0.0002915615
E[P_sel(8)] = 0.0002237724
E[P_sel(9)] = 0.0001808347
E[P_sel(10)] = 0.0001566342
E[P_sel(11)] = 0.0001307908
E[P_sel(12)] = 0.0001315648
E[P_sel(13)] = 0.0001231491
E[P_sel(14)] = 0.0000979764
E[P_sel(15)] = 0.0000799758
E[P_sel(16)] = 0.0001010335
E[P_sel(17)] = 0.0000745772
E[P_sel(18)] = 0.0000694984
E[P_sel(19)] = 0.0000607856
E[P_sel(20)] = 0.0000708981
E[P_sel(21)] = 0.0000716348
E[P_sel(22)] = 0.0000447847
E[P_sel(23)] = 0.0000506124
E[P_sel(24)] = 0.0000454761
E[P_sel(25)] = 0.0000542881
E[P_sel(26)] = 0.0000456217
E[P_sel(27)] = 0.0000400435
E[P_sel(28)] = 0.0000386903
E[P_sel(29)] = 0.0000450688
E[P_sel(30)] = 0.0000348736
E[P_sel(31)] = 0.0000359487
E[P_sel(32)] = 0.0000446700
E[P_sel(33)] = 0.0000381206
E[P_sel(34)] = 0.0000310267
E[P_sel(35)] = 0.0000368235
E[P_sel(36)] = 0.0000397035
E[P_sel(37)] = 0.0000385094
E[P_sel(38)] = 0.0000326661
E[P_sel(39)] = 0.0000449235
E[P_sel(40)] = 0.0000379494
E[P_sel(41)] = 0.0000461769
E[P_sel(42)] = 0.0000339669
E[P_sel(43)] = 0.0000463710
E[P_sel(44)] = 0.0000412151
E[P_sel(45)] = 0.0000543695
E[P_sel(46)] = 0.0000451447
E[P_sel(47)] = 0.0000734573
E[P_sel(48)] = 0.0000746041
E[P_sel(49)] = 0.0001131276

---- alpha_dfe = 0.287919

