---- Running command
---- ./polyDFE -d /home/jejames/CapsellaCrossGenome/PolyDFE15/norm.exp9_-5.84117769242447_PolyDFE.input -m C -i /home/jejames/CapsellaCrossGenome/model.txt 1 -e 
---- Performing inference using model C

---- Performing inference on /home/jejames/CapsellaCrossGenome/PolyDFE15/norm.exp9_-5.84117769242447_PolyDFE.input
----      with -i /home/jejames/CapsellaCrossGenome/model.txt 1
---- Data /home/jejames/CapsellaCrossGenome/PolyDFE15/norm.exp9_-5.84117769242447_PolyDFE.input does not contain divergence counts. Using option -w.
---- No mutation variability. Using Poisson likelihood.


---- Calculating initial values

-- Starting local optimization
-- Optimizing all parameters
  it        eps_an     theta_bar           S_d             b           p_b           S_b           r 2           r 3           r 4           r 5           r 6           r 7           r 8           r 9          r 10          r 11          r 12          r 13          r 14          r 15          r 16          r 17          r 18          r 19          r 20          r 21          r 22          r 23          r 24          r 25          r 26          r 27          r 28          r 29          r 30          r 31          r 32          r 33          r 34          r 35          r 36          r 37          r 38          r 39          r 40          r 41          r 42          r 43          r 44          r 45          r 46          r 47          r 48          r 49           ln lk          grad status 
   0           0.1 0.01519179135        -20000         0.406           0.1            20 0.95306182244 0.82625256372 0.90501025490 0.85789627893 0.82519777322 0.87043656607 0.88039847641 0.90922941693 0.79753882215 0.89340755933 0.81570465865 0.93091122179 0.72194550249 0.83767946088 0.83539408145 0.85572809844 0.76683269850 0.74708467623 0.82859654263 0.69159097568 0.89082918253 0.84236741869 0.73413419279 0.77644301201 0.69780251977 0.79900380896 0.88438324055 0.71034280691 1.06006445941 0.79748022267 1.16823908584 1.18154116612 0.99419865221 1.01933782595 1.01259888661 1.47002636976 1.15792557866 1.26610020509 1.14620568414 1.33583357749 1.62929973630 1.75880457075 1.86416642250 1.98300615294 2.66592440668 3.24992675065 4.24166422502             1 -4190.593896243 47.0859038723   -2 
 924 0.00705763344 0.01366008898 -824.96183137 0.31750812307 0.00190131280 7.36148704753 0.91692298520 0.84903082143 0.90923507436 0.83753913547 0.81033058203 0.84617660858 0.86021387319 0.84407327970 0.75669215964 0.86203296658 0.77125848260 0.81660404762 0.76781611433 0.82313701842 0.74041622811 0.77894551628 0.71449677264 0.64365098583 0.80161219545 0.60410673450 0.76196194199 0.76021041655 0.60633180302 0.77919660203 0.65203922626 0.68695069823 0.71405301675 0.53029281618 0.87260057544 0.70954579676 0.96872698906 1.01106719024 0.74382021990 0.86332812485 0.78757447033 1.13640859491 1.00558494140 0.84939956708 0.88600381055 0.85957576183 1.10038128121 1.15231274646 1.09593878977 1.02665637084 1.46309153778 1.70017147336 1.61387135659 2.39078801867 -312.3770423490 0.00030193422   -8 
-- Local optimization: reached maximum number of likelihood evaluations allowed.
---- Best joint likelihood found -312.377042349065960 with gradient 0.00030

---- Results for /home/jejames/CapsellaCrossGenome/PolyDFE15/norm.exp9_-5.84117769242447_PolyDFE.input 
--  Model: C
--        eps_an     theta_bar             a 
-- 0.00705763344 0.01366008898            -1 
--           S_d             b           p_b           S_b 
-- -824.96183137 0.31750812307 0.00190131280 7.36148704753 
--           r 2           r 3           r 4           r 5           r 6           r 7           r 8           r 9          r 10          r 11          r 12          r 13          r 14          r 15          r 16          r 17          r 18          r 19          r 20          r 21          r 22          r 23          r 24          r 25          r 26          r 27          r 28          r 29          r 30          r 31          r 32          r 33          r 34          r 35          r 36          r 37          r 38          r 39          r 40          r 41          r 42          r 43          r 44          r 45          r 46          r 47          r 48          r 49 
-- 0.91692298520 0.84903082143 0.90923507436 0.83753913547 0.81033058203 0.84617660858 0.86021387319 0.84407327970 0.75669215964 0.86203296658 0.77125848260 0.81660404762 0.76781611433 0.82313701842 0.74041622811 0.77894551628 0.71449677264 0.64365098583 0.80161219545 0.60410673450 0.76196194199 0.76021041655 0.60633180302 0.77919660203 0.65203922626 0.68695069823 0.71405301675 0.53029281618 0.87260057544 0.70954579676 0.96872698906 1.01106719024 0.74382021990 0.86332812485 0.78757447033 1.13640859491 1.00558494140 0.84939956708 0.88600381055 0.85957576183 1.10038128121 1.15231274646 1.09593878977 1.02665637084 1.46309153778 1.70017147336 1.61387135659 2.39078801867 

---- Expected P_neut(i), 0 < i < n (neutral SFS per site) 
E[P_neut(1)] = 0.0135683850
E[P_neut(2)] = 0.0062216669
E[P_neut(3)] = 0.0038421485
E[P_neut(4)] = 0.0030862100
E[P_neut(5)] = 0.0022742223
E[P_neut(6)] = 0.0018342456
E[P_neut(7)] = 0.0016421935
E[P_neut(8)] = 0.0014609842
E[P_neut(9)] = 0.0012741035
E[P_neut(10)] = 0.0010284886
E[P_neut(11)] = 0.0010650397
E[P_neut(12)] = 0.0008743099
E[P_neut(13)] = 0.0008549731
E[P_neut(14)] = 0.0007459958
E[P_neut(15)] = 0.0007466959
E[P_neut(16)] = 0.0006297822
E[P_neut(17)] = 0.0006244461
E[P_neut(18)] = 0.0005413189
E[P_neut(19)] = 0.0004616949
E[P_neut(20)] = 0.0005464448
E[P_neut(21)] = 0.0003919492
E[P_neut(22)] = 0.0004722317
E[P_neut(23)] = 0.0004507682
E[P_neut(24)] = 0.0003450882
E[P_neut(25)] = 0.0004257558
E[P_neut(26)] = 0.0003425915
E[P_neut(27)] = 0.0003482821
E[P_neut(28)] = 0.0003492386
E[P_neut(29)] = 0.0002507983
E[P_neut(30)] = 0.0003983866
E[P_neut(31)] = 0.0003137193
E[P_neut(32)] = 0.0004144363
E[P_neut(33)] = 0.0004199869
E[P_neut(34)] = 0.0003011949
E[P_neut(35)] = 0.0003398592
E[P_neut(36)] = 0.0003020210
E[P_neut(37)] = 0.0004226474
E[P_neut(38)] = 0.0003651287
E[P_neut(39)] = 0.0003029650
E[P_neut(40)] = 0.0003077319
E[P_neut(41)] = 0.0002934078
E[P_neut(42)] = 0.0003657288
E[P_neut(43)] = 0.0003751331
E[P_neut(44)] = 0.0003508605
E[P_neut(45)] = 0.0003255988
E[P_neut(46)] = 0.0004533254
E[P_neut(47)] = 0.0005179351
E[P_neut(48)] = 0.0005002417
E[P_neut(49)] = 0.0007582015

---- Expected P_sel(i), 0 < i < n (selected SFS per site) 
E[P_sel(1)] = 0.0049183168
E[P_sel(2)] = 0.0016373987
E[P_sel(3)] = 0.0008633698
E[P_sel(4)] = 0.0006266863
E[P_sel(5)] = 0.0004289805
E[P_sel(6)] = 0.0003265735
E[P_sel(7)] = 0.0002789106
E[P_sel(8)] = 0.0002384743
E[P_sel(9)] = 0.0002009915
E[P_sel(10)] = 0.0001574333
E[P_sel(11)] = 0.0001587490
E[P_sel(12)] = 0.0001272096
E[P_sel(13)] = 0.0001217140
E[P_sel(14)] = 0.0001041321
E[P_sel(15)] = 0.0001023429
E[P_sel(16)] = 0.0000848767
E[P_sel(17)] = 0.0000828372
E[P_sel(18)] = 0.0000707681
E[P_sel(19)] = 0.0000595487
E[P_sel(20)] = 0.0000695848
E[P_sel(21)] = 0.0000493192
E[P_sel(22)] = 0.0000587514
E[P_sel(23)] = 0.0000554864
E[P_sel(24)] = 0.0000420513
E[P_sel(25)] = 0.0000513909
E[P_sel(26)] = 0.0000409826
E[P_sel(27)] = 0.0000413134
E[P_sel(28)] = 0.0000410969
E[P_sel(29)] = 0.0000292935
E[P_sel(30)] = 0.0000461949
E[P_sel(31)] = 0.0000361354
E[P_sel(32)] = 0.0000474262
E[P_sel(33)] = 0.0000477849
E[P_sel(34)] = 0.0000341073
E[P_sel(35)] = 0.0000382980
E[P_sel(36)] = 0.0000338936
E[P_sel(37)] = 0.0000471931
E[P_sel(38)] = 0.0000406503
E[P_sel(39)] = 0.0000337154
E[P_sel(40)] = 0.0000341493
E[P_sel(41)] = 0.0000326029
E[P_sel(42)] = 0.0000405628
E[P_sel(43)] = 0.0000416713
E[P_sel(44)] = 0.0000391748
E[P_sel(45)] = 0.0000368010
E[P_sel(46)] = 0.0000515490
E[P_sel(47)] = 0.0000598107
E[P_sel(48)] = 0.0000617173
E[P_sel(49)] = 0.0001081510

---- alpha_dfe = 0.127884

