---- Running command
---- ./polyDFE -d /home/jejames/CapsellaCrossGenome/PolyDFE15/norm.exp2_-8.62457495190884_PolyDFE.input -m C -i /home/jejames/CapsellaCrossGenome/model.txt 1 -e 
---- Performing inference using model C

---- Performing inference on /home/jejames/CapsellaCrossGenome/PolyDFE15/norm.exp2_-8.62457495190884_PolyDFE.input
----      with -i /home/jejames/CapsellaCrossGenome/model.txt 1
---- Data /home/jejames/CapsellaCrossGenome/PolyDFE15/norm.exp2_-8.62457495190884_PolyDFE.input does not contain divergence counts. Using option -w.
---- No mutation variability. Using Poisson likelihood.


---- Calculating initial values

-- Starting local optimization
-- Optimizing all parameters
  it        eps_an     theta_bar           S_d             b           p_b           S_b           r 2           r 3           r 4           r 5           r 6           r 7           r 8           r 9          r 10          r 11          r 12          r 13          r 14          r 15          r 16          r 17          r 18          r 19          r 20          r 21          r 22          r 23          r 24          r 25          r 26          r 27          r 28          r 29          r 30          r 31          r 32          r 33          r 34          r 35          r 36          r 37          r 38          r 39          r 40          r 41          r 42          r 43          r 44          r 45          r 46          r 47          r 48          r 49           ln lk          grad status 
   0           0.1 0.01646868889        -40000         0.208           0.1            20 0.91004847686 0.88784487402 0.86228978394 0.91507570770 0.83595667005 0.89736070381 0.93219223173 0.85265425818 0.82530372852 0.66556945358 0.83739302172 0.81614698665 0.89903644742 0.77922077922 0.87617451672 1.03572924771 0.87796995631 0.89718115985 0.78520557783 1.01047339757 0.78077682685 0.81626668262 0.86899275839 0.76306182296 0.87916691603 0.86773595068 1.03393380812 1.17325991980 1.12035430007 1.15213358070 1.02459752229 1.03094140882 1.12933149799 1.11436950146 1.15698126758 1.41941468669 1.30540427314 1.25806451612 1.36692800287 1.19498473876 1.61625471302 1.64186965108 1.87491770901 2.59081931892 2.47220061044 3.44574780058 4.44407205697             1 -4215.967685521 57.2899189399   -2 
 967 0.00016209940 0.01475447710 -471.13556008 0.26567249454 0.00361109252 6.42081554885 0.86864155540 0.89484492920 0.87085048755 0.83327283902 0.84807378491 0.86992774518 0.86875896312 0.84278808806 0.77810302085 0.80431872307 0.80591398892 0.78612296250 0.83441316627 0.78132827817 0.76839981762 0.84512358203 0.83461843774 0.73628129361 0.75632734424 0.86332920091 0.73295234947 0.86806861298 0.76461053807 0.72731037476 0.69883039335 0.72016917834 0.86312386458 0.92181343095 0.83331205984 0.96320024879 0.90249960660 0.82579295821 0.89266794931 1.09649231181 0.75656211959 1.03113834480 0.99266677564 1.03152275938 0.95183432638 1.19601997584 1.02550886389 1.07570863341 1.20547612887 1.62110266464 1.47723932067 1.91201678465 1.96164009313 2.88745681789 -345.0964969874 0.00018261832   -3 
-- Local optimization: stuck in the same solution
---- Best joint likelihood found -345.096496987469436 with gradient 0.00018

---- Results for /home/jejames/CapsellaCrossGenome/PolyDFE15/norm.exp2_-8.62457495190884_PolyDFE.input 
--  Model: C
--        eps_an     theta_bar             a 
-- 0.00016209940 0.01475447710            -1 
--           S_d             b           p_b           S_b 
-- -471.13556008 0.26567249454 0.00361109252 6.42081554885 
--           r 2           r 3           r 4           r 5           r 6           r 7           r 8           r 9          r 10          r 11          r 12          r 13          r 14          r 15          r 16          r 17          r 18          r 19          r 20          r 21          r 22          r 23          r 24          r 25          r 26          r 27          r 28          r 29          r 30          r 31          r 32          r 33          r 34          r 35          r 36          r 37          r 38          r 39          r 40          r 41          r 42          r 43          r 44          r 45          r 46          r 47          r 48          r 49 
-- 0.86864155540 0.89484492920 0.87085048755 0.83327283902 0.84807378491 0.86992774518 0.86875896312 0.84278808806 0.77810302085 0.80431872307 0.80591398892 0.78612296250 0.83441316627 0.78132827817 0.76839981762 0.84512358203 0.83461843774 0.73628129361 0.75632734424 0.86332920091 0.73295234947 0.86806861298 0.76461053807 0.72731037476 0.69883039335 0.72016917834 0.86312386458 0.92181343095 0.83331205984 0.96320024879 0.90249960660 0.82579295821 0.89266794931 1.09649231181 0.75656211959 1.03113834480 0.99266677564 1.03152275938 0.95183432638 1.19601997584 1.02550886389 1.07570863341 1.20547612887 1.62110266464 1.47723932067 1.91201678465 1.96164009313 2.88745681789 

---- Expected P_neut(i), 0 < i < n (neutral SFS per site) 
E[P_neut(1)] = 0.0147522263
E[P_neut(2)] = 0.0064072350
E[P_neut(3)] = 0.0044003736
E[P_neut(4)] = 0.0032117920
E[P_neut(5)] = 0.0024585886
E[P_neut(6)] = 0.0020852083
E[P_neut(7)] = 0.0018333810
E[P_neut(8)] = 0.0016020592
E[P_neut(9)] = 0.0013815011
E[P_neut(10)] = 0.0011479211
E[P_neut(11)] = 0.0010787340
E[P_neut(12)] = 0.0009908051
E[P_neut(13)] = 0.0008921400
E[P_neut(14)] = 0.0008792884
E[P_neut(15)] = 0.0007684897
E[P_neut(16)] = 0.0007085315
E[P_neut(17)] = 0.0007334325
E[P_neut(18)] = 0.0006840876
E[P_neut(19)] = 0.0005717419
E[P_neut(20)] = 0.0005579367
E[P_neut(21)] = 0.0006065477
E[P_neut(22)] = 0.0004915544
E[P_neut(23)] = 0.0005568387
E[P_neut(24)] = 0.0004700476
E[P_neut(25)] = 0.0004292434
E[P_neut(26)] = 0.0003965841
E[P_neut(27)] = 0.0003935716
E[P_neut(28)] = 0.0004548253
E[P_neut(29)] = 0.0004690180
E[P_neut(30)] = 0.0004098601
E[P_neut(31)] = 0.0004584544
E[P_neut(32)] = 0.0004161656
E[P_neut(33)] = 0.0003692755
E[P_neut(34)] = 0.0003874300
E[P_neut(35)] = 0.0004622831
E[P_neut(36)] = 0.0003101667
E[P_neut(37)] = 0.0004112647
E[P_neut(38)] = 0.0003855265
E[P_neut(39)] = 0.0003903572
E[P_neut(40)] = 0.0003512246
E[P_neut(41)] = 0.0004305603
E[P_neut(42)] = 0.0003604596
E[P_neut(43)] = 0.0003693425
E[P_neut(44)] = 0.0004045037
E[P_neut(45)] = 0.0005318351
E[P_neut(46)] = 0.0004742677
E[P_neut(47)] = 0.0006008461
E[P_neut(48)] = 0.0006039196
E[P_neut(49)] = 0.0008716980

---- Expected P_sel(i), 0 < i < n (selected SFS per site) 
E[P_sel(1)] = 0.0068567240
E[P_sel(2)] = 0.0023125704
E[P_sel(3)] = 0.0013971836
E[P_sel(4)] = 0.0009385752
E[P_sel(5)] = 0.0006761795
E[P_sel(6)] = 0.0005468925
E[P_sel(7)] = 0.0004625245
E[P_sel(8)] = 0.0003911423
E[P_sel(9)] = 0.0003278995
E[P_sel(10)] = 0.0002657942
E[P_sel(11)] = 0.0002443357
E[P_sel(12)] = 0.0002200247
E[P_sel(13)] = 0.0001945943
E[P_sel(14)] = 0.0001886779
E[P_sel(15)] = 0.0001624403
E[P_sel(16)] = 0.0001477009
E[P_sel(17)] = 0.0001509343
E[P_sel(18)] = 0.0001390999
E[P_sel(19)] = 0.0001149594
E[P_sel(20)] = 0.0001110114
E[P_sel(21)] = 0.0001194986
E[P_sel(22)] = 0.0000959485
E[P_sel(23)] = 0.0001077452
E[P_sel(24)] = 0.0000902041
E[P_sel(25)] = 0.0000817341
E[P_sel(26)] = 0.0000749616
E[P_sel(27)] = 0.0000738769
E[P_sel(28)] = 0.0000848159
E[P_sel(29)] = 0.0000869226
E[P_sel(30)] = 0.0000755170
E[P_sel(31)] = 0.0000840082
E[P_sel(32)] = 0.0000758683
E[P_sel(33)] = 0.0000669979
E[P_sel(34)] = 0.0000699783
E[P_sel(35)] = 0.0000831546
E[P_sel(36)] = 0.0000555843
E[P_sel(37)] = 0.0000734498
E[P_sel(38)] = 0.0000686462
E[P_sel(39)] = 0.0000693249
E[P_sel(40)] = 0.0000622405
E[P_sel(41)] = 0.0000761685
E[P_sel(42)] = 0.0000636958
E[P_sel(43)] = 0.0000652281
E[P_sel(44)] = 0.0000714429
E[P_sel(45)] = 0.0000940049
E[P_sel(46)] = 0.0000839930
E[P_sel(47)] = 0.0001067247
E[P_sel(48)] = 0.0001078043
E[P_sel(49)] = 0.0001570278

---- alpha_dfe = 0.131463

