---- Running command
---- ./polyDFE -d /home/jejames/CapsellaCrossGenome/PolyDFE15/norm.exp4_-7.36675349061528_PolyDFE.input -m C -i /home/jejames/CapsellaCrossGenome/model.txt 1 -e 
---- Performing inference using model C

---- Performing inference on /home/jejames/CapsellaCrossGenome/PolyDFE15/norm.exp4_-7.36675349061528_PolyDFE.input
----      with -i /home/jejames/CapsellaCrossGenome/model.txt 1
---- Data /home/jejames/CapsellaCrossGenome/PolyDFE15/norm.exp4_-7.36675349061528_PolyDFE.input does not contain divergence counts. Using option -w.
---- No mutation variability. Using Poisson likelihood.


---- Calculating initial values

-- Starting local optimization
-- Optimizing all parameters
  it        eps_an     theta_bar           S_d             b           p_b           S_b           r 2           r 3           r 4           r 5           r 6           r 7           r 8           r 9          r 10          r 11          r 12          r 13          r 14          r 15          r 16          r 17          r 18          r 19          r 20          r 21          r 22          r 23          r 24          r 25          r 26          r 27          r 28          r 29          r 30          r 31          r 32          r 33          r 34          r 35          r 36          r 37          r 38          r 39          r 40          r 41          r 42          r 43          r 44          r 45          r 46          r 47          r 48          r 49           ln lk          grad status 
   0           0.1 0.01586079071        -80000         0.208           0.1            20 0.96387010296 0.87899835496 0.90367391701 0.96173764698 0.87004203984 0.92633887771 0.85736915859 1.09120818863 0.77865106927 1.00329007494 0.90806068360 0.95759458965 0.89904344117 0.79692926338 0.87442880643 0.67531834521 0.92231767501 0.77097422774 0.83226710534 0.95960519100 0.73722049594 0.91506732468 0.69164686528 0.86821422043 0.91403156034 0.98208736976 0.66532626576 1.04246633765 0.99981721805 0.89526594772 1.34332541278 1.02138548711 1.14555535246 1.21123499664 1.15371961250 1.08432340218 1.43081703527 1.21897276549 1.32090416133 1.57375251325 1.81941144214 2.16925607749 2.09102540668 2.44836410162 2.72418205081 2.98099067812 4.88393346737             1 -4291.388683858 61.8784949114   -2 
 438 0.00545905376 0.01430506297 -643.40432077 0.27334961354 0.00025141924 0.92663472680 0.91628257467 0.89832879079 0.86764821002 0.92859027797 0.88295431717 0.90501106469 0.86206945746 0.95099299099 0.78855696182 0.93144781580 0.87798980469 0.84452238940 0.77891543508 0.79092468321 0.82513254305 0.65477234975 0.82859991053 0.76352892909 0.74546155458 0.79903024587 0.79381182204 0.78918756065 0.63788447049 0.80134490457 0.84546847749 0.86270674698 0.68272374848 0.94133333147 0.84196445789 0.74214771413 1.09812161356 0.81610464572 0.90668510815 0.96962187238 0.85814992341 0.86952056131 0.96833364730 0.86417090668 0.98201476050 1.02858206409 1.15296003352 1.39000654336 1.33055031011 1.51396305161 1.52358286392 1.52240836513 1.96743901419 2.99987911533 -326.2975844495 0.00098189643   -8 
-- Local optimization: reached maximum number of likelihood evaluations allowed.
---- Best joint likelihood found -326.297584449551607 with gradient 0.00098

---- Results for /home/jejames/CapsellaCrossGenome/PolyDFE15/norm.exp4_-7.36675349061528_PolyDFE.input 
--  Model: C
--        eps_an     theta_bar             a 
-- 0.00545905376 0.01430506297            -1 
--           S_d             b           p_b           S_b 
-- -643.40432077 0.27334961354 0.00025141924 0.92663472680 
--           r 2           r 3           r 4           r 5           r 6           r 7           r 8           r 9          r 10          r 11          r 12          r 13          r 14          r 15          r 16          r 17          r 18          r 19          r 20          r 21          r 22          r 23          r 24          r 25          r 26          r 27          r 28          r 29          r 30          r 31          r 32          r 33          r 34          r 35          r 36          r 37          r 38          r 39          r 40          r 41          r 42          r 43          r 44          r 45          r 46          r 47          r 48          r 49 
-- 0.91628257467 0.89832879079 0.86764821002 0.92859027797 0.88295431717 0.90501106469 0.86206945746 0.95099299099 0.78855696182 0.93144781580 0.87798980469 0.84452238940 0.77891543508 0.79092468321 0.82513254305 0.65477234975 0.82859991053 0.76352892909 0.74546155458 0.79903024587 0.79381182204 0.78918756065 0.63788447049 0.80134490457 0.84546847749 0.86270674698 0.68272374848 0.94133333147 0.84196445789 0.74214771413 1.09812161356 0.81610464572 0.90668510815 0.96962187238 0.85814992341 0.86952056131 0.96833364730 0.86417090668 0.98201476050 1.02858206409 1.15296003352 1.39000654336 1.33055031011 1.51396305161 1.52358286392 1.52240836513 1.96743901419 2.99987911533 

---- Expected P_neut(i), 0 < i < n (neutral SFS per site) 
E[P_neut(1)] = 0.0142317518
E[P_neut(2)] = 0.0065211636
E[P_neut(3)] = 0.0042626954
E[P_neut(4)] = 0.0030885880
E[P_neut(5)] = 0.0026448327
E[P_neut(6)] = 0.0020959890
E[P_neut(7)] = 0.0018418910
E[P_neut(8)] = 0.0015352234
E[P_neut(9)] = 0.0015052646
E[P_neut(10)] = 0.0011237949
E[P_neut(11)] = 0.0012064287
E[P_neut(12)] = 0.0010429179
E[P_neut(13)] = 0.0009260656
E[P_neut(14)] = 0.0007934049
E[P_neut(15)] = 0.0007523276
E[P_neut(16)] = 0.0007357785
E[P_neut(17)] = 0.0005498976
E[P_neut(18)] = 0.0006575947
E[P_neut(19)] = 0.0005735908
E[P_neut(20)] = 0.0005324747
E[P_neut(21)] = 0.0005438577
E[P_neut(22)] = 0.0005152467
E[P_neut(23)] = 0.0004906582
E[P_neut(24)] = 0.0003806712
E[P_neut(25)] = 0.0004585316
E[P_neut(26)] = 0.0004647085
E[P_neut(27)] = 0.0004572612
E[P_neut(28)] = 0.0003497139
E[P_neut(29)] = 0.0004647755
E[P_neut(30)] = 0.0004021975
E[P_neut(31)] = 0.0003437354
E[P_neut(32)] = 0.0004918118
E[P_neut(33)] = 0.0003548471
E[P_neut(34)] = 0.0003834209
E[P_neut(35)] = 0.0003982543
E[P_neut(36)] = 0.0003434802
E[P_neut(37)] = 0.0003394148
E[P_neut(38)] = 0.0003682520
E[P_neut(39)] = 0.0003218571
E[P_neut(40)] = 0.0003554354
E[P_neut(41)] = 0.0003651689
E[P_neut(42)] = 0.0003989658
E[P_neut(43)] = 0.0004699936
E[P_neut(44)] = 0.0004417124
E[P_neut(45)] = 0.0004931500
E[P_neut(46)] = 0.0004881558
E[P_neut(47)] = 0.0004842194
E[P_neut(48)] = 0.0006189168
E[P_neut(49)] = 0.0009490960

---- Expected P_sel(i), 0 < i < n (selected SFS per site) 
E[P_sel(1)] = 0.0060235712
E[P_sel(2)] = 0.0021066363
E[P_sel(3)] = 0.0012033069
E[P_sel(4)] = 0.0007990599
E[P_sel(5)] = 0.0006419952
E[P_sel(6)] = 0.0004839696
E[P_sel(7)] = 0.0004082135
E[P_sel(8)] = 0.0003286828
E[P_sel(9)] = 0.0003127894
E[P_sel(10)] = 0.0002274379
E[P_sel(11)] = 0.0002385244
E[P_sel(12)] = 0.0002018639
E[P_sel(13)] = 0.0001758327
E[P_sel(14)] = 0.0001480036
E[P_sel(15)] = 0.0001380660
E[P_sel(16)] = 0.0001330097
E[P_sel(17)] = 0.0000980099
E[P_sel(18)] = 0.0001156646
E[P_sel(19)] = 0.0000996575
E[P_sel(20)] = 0.0000914323
E[P_sel(21)] = 0.0000923576
E[P_sel(22)] = 0.0000865916
E[P_sel(23)] = 0.0000816362
E[P_sel(24)] = 0.0000627361
E[P_sel(25)] = 0.0000748872
E[P_sel(26)] = 0.0000752388
E[P_sel(27)] = 0.0000734218
E[P_sel(28)] = 0.0000557132
E[P_sel(29)] = 0.0000734712
E[P_sel(30)] = 0.0000631162
E[P_sel(31)] = 0.0000535719
E[P_sel(32)] = 0.0000761105
E[P_sel(33)] = 0.0000545627
E[P_sel(34)] = 0.0000586042
E[P_sel(35)] = 0.0000604991
E[P_sel(36)] = 0.0000519000
E[P_sel(37)] = 0.0000510291
E[P_sel(38)] = 0.0000550781
E[P_sel(39)] = 0.0000479731
E[P_sel(40)] = 0.0000526648
E[P_sel(41)] = 0.0000539756
E[P_sel(42)] = 0.0000586877
E[P_sel(43)] = 0.0000688821
E[P_sel(44)] = 0.0000646864
E[P_sel(45)] = 0.0000721996
E[P_sel(46)] = 0.0000716735
E[P_sel(47)] = 0.0000721035
E[P_sel(48)] = 0.0000940672
E[P_sel(49)] = 0.0001557453

---- alpha_dfe = 0.002862

