---- Running command
---- ./polyDFE -d /home/jejames/CapsellaCrossGenome/PolyDFE15/norm.exp15_-3.08512753418294_PolyDFE.input -m C -i /home/jejames/CapsellaCrossGenome/model.txt 1 -e 
---- Performing inference using model C

---- Performing inference on /home/jejames/CapsellaCrossGenome/PolyDFE15/norm.exp15_-3.08512753418294_PolyDFE.input
----      with -i /home/jejames/CapsellaCrossGenome/model.txt 1
---- Data /home/jejames/CapsellaCrossGenome/PolyDFE15/norm.exp15_-3.08512753418294_PolyDFE.input does not contain divergence counts. Using option -w.
---- No mutation variability. Using Poisson likelihood.


---- Calculating initial values

-- Starting local optimization
-- Optimizing all parameters
  it        eps_an     theta_bar           S_d             b           p_b           S_b           r 2           r 3           r 4           r 5           r 6           r 7           r 8           r 9          r 10          r 11          r 12          r 13          r 14          r 15          r 16          r 17          r 18          r 19          r 20          r 21          r 22          r 23          r 24          r 25          r 26          r 27          r 28          r 29          r 30          r 31          r 32          r 33          r 34          r 35          r 36          r 37          r 38          r 39          r 40          r 41          r 42          r 43          r 44          r 45          r 46          r 47          r 48          r 49           ln lk          grad status 
   0           0.1 0.01813139180        -20000         0.604           0.1            20 0.94436017231 0.90577028092 0.85553061100 0.96353376615 0.90540622535 0.87282325101 0.94848613555 0.91141314240 0.84036162854 0.80692919118 0.91960439293 0.83138159092 0.82992536860 1.01116437109 0.86499605606 0.84272798980 0.91523572598 0.74012499241 0.77907893938 0.67787148838 0.80626175596 0.78708816212 0.97566895212 0.83429403555 0.93076876403 0.84533705479 0.67277471027 0.96426187731 0.90649839208 1.08719131120 1.13002851768 1.10727504399 1.19446635519 1.18712456768 1.03318973363 1.18087494690 1.30732358473 1.51683757053 1.32273527091 1.74388690006 1.59529154784 1.70893756446 2.30398640859 2.46829682664 2.35847339360 3.37649414477 4.53758873854             1 -4082.413286630 66.2826791924   -2 
 843 0.00611627881 0.01642720952 -1796.9488299 0.47739298146 0.03796680783 0.26673885853 0.89606620204 0.87366114934 0.86919698389 0.93826018812 0.88243959785 0.81291561595 0.91914017546 0.88803122375 0.82969704489 0.78041751481 0.85565084876 0.75151572888 0.77846529988 0.87922247501 0.77006222561 0.77859310825 0.85604906161 0.76426949814 0.70756474220 0.56964444495 0.77201846593 0.70293677076 0.90349755956 0.83760464645 0.75231299735 0.67066850949 0.62525731684 0.86782683879 0.69623110093 0.88775194934 0.82185656679 0.88993067135 0.95979521380 0.91284110490 0.78884558823 0.99715198279 0.86189298376 1.01637025588 1.03879651317 1.33718665330 1.04728899332 0.99991108210 1.56973696784 1.53507750116 1.21038505457 1.76342381818 1.88018271569 2.96101009562 -310.1236617178 0.00163006811   -3 
-- Local optimization: stuck in the same solution
---- Best joint likelihood found -310.123661717852940 with gradient 0.00163

---- Results for /home/jejames/CapsellaCrossGenome/PolyDFE15/norm.exp15_-3.08512753418294_PolyDFE.input 
--  Model: C
--        eps_an     theta_bar             a 
-- 0.00611627881 0.01642720952            -1 
--           S_d             b           p_b           S_b 
-- -1796.9488299 0.47739298146 0.03796680783 0.26673885853 
--           r 2           r 3           r 4           r 5           r 6           r 7           r 8           r 9          r 10          r 11          r 12          r 13          r 14          r 15          r 16          r 17          r 18          r 19          r 20          r 21          r 22          r 23          r 24          r 25          r 26          r 27          r 28          r 29          r 30          r 31          r 32          r 33          r 34          r 35          r 36          r 37          r 38          r 39          r 40          r 41          r 42          r 43          r 44          r 45          r 46          r 47          r 48          r 49 
-- 0.89606620204 0.87366114934 0.86919698389 0.93826018812 0.88243959785 0.81291561595 0.91914017546 0.88803122375 0.82969704489 0.78041751481 0.85565084876 0.75151572888 0.77846529988 0.87922247501 0.77006222561 0.77859310825 0.85604906161 0.76426949814 0.70756474220 0.56964444495 0.77201846593 0.70293677076 0.90349755956 0.83760464645 0.75231299735 0.67066850949 0.62525731684 0.86782683879 0.69623110093 0.88775194934 0.82185656679 0.88993067135 0.95979521380 0.91284110490 0.78884558823 0.99715198279 0.86189298376 1.01637025588 1.03879651317 1.33718665330 1.04728899332 0.99991108210 1.56973696784 1.53507750116 1.21038505457 1.76342381818 1.88018271569 2.96101009562 

---- Expected P_neut(i), 0 < i < n (neutral SFS per site) 
E[P_neut(1)] = 0.0163328076
E[P_neut(2)] = 0.0073188538
E[P_neut(3)] = 0.0047584481
E[P_neut(4)] = 0.0035504312
E[P_neut(5)] = 0.0030671727
E[P_neut(6)] = 0.0024048109
E[P_neut(7)] = 0.0018983733
E[P_neut(8)] = 0.0018783252
E[P_neut(9)] = 0.0016142381
E[P_neut(10)] = 0.0013572338
E[P_neut(11)] = 0.0011609521
E[P_neut(12)] = 0.0011664443
E[P_neut(13)] = 0.0009465385
E[P_neut(14)] = 0.0009100443
E[P_neut(15)] = 0.0009596094
E[P_neut(16)] = 0.0007886240
E[P_neut(17)] = 0.0007504674
E[P_neut(18)] = 0.0007790520
E[P_neut(19)] = 0.0006596155
E[P_neut(20)] = 0.0005799429
E[P_neut(21)] = 0.0004458845
E[P_neut(22)] = 0.0005751774
E[P_neut(23)] = 0.0005014811
E[P_neut(24)] = 0.0006175391
E[P_neut(25)] = 0.0005503803
E[P_neut(26)] = 0.0004761984
E[P_neut(27)] = 0.0004086199
E[P_neut(28)] = 0.0003681119
E[P_neut(29)] = 0.0004913040
E[P_neut(30)] = 0.0003824606
E[P_neut(31)] = 0.0004715929
E[P_neut(32)] = 0.0004240982
E[P_neut(33)] = 0.0004448945
E[P_neut(34)] = 0.0004657275
E[P_neut(35)] = 0.0004317097
E[P_neut(36)] = 0.0003633444
E[P_neut(37)] = 0.0004458147
E[P_neut(38)] = 0.0003774773
E[P_neut(39)] = 0.0004326157
E[P_neut(40)] = 0.0004323402
E[P_neut(41)] = 0.0005423989
E[P_neut(42)] = 0.0004186582
E[P_neut(43)] = 0.0003913258
E[P_neut(44)] = 0.0005972470
E[P_neut(45)] = 0.0005758053
E[P_neut(46)] = 0.0004514336
E[P_neut(47)] = 0.0006418334
E[P_neut(48)] = 0.0006845414
E[P_neut(49)] = 0.0010870781

---- Expected P_sel(i), 0 < i < n (selected SFS per site) 
E[P_sel(1)] = 0.0036888254
E[P_sel(2)] = 0.0010843419
E[P_sel(3)] = 0.0005879435
E[P_sel(4)] = 0.0003941250
E[P_sel(5)] = 0.0003163136
E[P_sel(6)] = 0.0002347707
E[P_sel(7)] = 0.0001775573
E[P_sel(8)] = 0.0001696562
E[P_sel(9)] = 0.0001416026
E[P_sel(10)] = 0.0001161538
E[P_sel(11)] = 0.0000972515
E[P_sel(12)] = 0.0000959098
E[P_sel(13)] = 0.0000765456
E[P_sel(14)] = 0.0000725263
E[P_sel(15)] = 0.0000754729
E[P_sel(16)] = 0.0000612866
E[P_sel(17)] = 0.0000576962
E[P_sel(18)] = 0.0000593097
E[P_sel(19)] = 0.0000497641
E[P_sel(20)] = 0.0000433949
E[P_sel(21)] = 0.0000331075
E[P_sel(22)] = 0.0000424144
E[P_sel(23)] = 0.0000367399
E[P_sel(24)] = 0.0000449720
E[P_sel(25)] = 0.0000398583
E[P_sel(26)] = 0.0000343090
E[P_sel(27)] = 0.0000292991
E[P_sel(28)] = 0.0000262788
E[P_sel(29)] = 0.0000349222
E[P_sel(30)] = 0.0000270856
E[P_sel(31)] = 0.0000332765
E[P_sel(32)] = 0.0000298318
E[P_sel(33)] = 0.0000311955
E[P_sel(34)] = 0.0000325628
E[P_sel(35)] = 0.0000301167
E[P_sel(36)] = 0.0000252931
E[P_sel(37)] = 0.0000309546
E[P_sel(38)] = 0.0000261862
E[P_sel(39)] = 0.0000299448
E[P_sel(40)] = 0.0000299001
E[P_sel(41)] = 0.0000374553
E[P_sel(42)] = 0.0000289660
E[P_sel(43)] = 0.0000270896
E[P_sel(44)] = 0.0000412698
E[P_sel(45)] = 0.0000399744
E[P_sel(46)] = 0.0000317209
E[P_sel(47)] = 0.0000453425
E[P_sel(48)] = 0.0000501870
E[P_sel(49)] = 0.0000897658

---- alpha_dfe = 0.640592

