---- Running command
---- ./polyDFE -d /home/jejames/CapsellaCrossGenome/PolyDFE15/norm.exp11_-5.38837874895182_PolyDFE.input -m C -i /home/jejames/CapsellaCrossGenome/model.txt 1 -e 
---- Performing inference using model C

---- Performing inference on /home/jejames/CapsellaCrossGenome/PolyDFE15/norm.exp11_-5.38837874895182_PolyDFE.input
----      with -i /home/jejames/CapsellaCrossGenome/model.txt 1
---- Data /home/jejames/CapsellaCrossGenome/PolyDFE15/norm.exp11_-5.38837874895182_PolyDFE.input does not contain divergence counts. Using option -w.
---- No mutation variability. Using Poisson likelihood.


---- Calculating initial values

-- Starting local optimization
-- Optimizing all parameters
  it        eps_an     theta_bar           S_d             b           p_b           S_b           r 2           r 3           r 4           r 5           r 6           r 7           r 8           r 9          r 10          r 11          r 12          r 13          r 14          r 15          r 16          r 17          r 18          r 19          r 20          r 21          r 22          r 23          r 24          r 25          r 26          r 27          r 28          r 29          r 30          r 31          r 32          r 33          r 34          r 35          r 36          r 37          r 38          r 39          r 40          r 41          r 42          r 43          r 44          r 45          r 46          r 47          r 48          r 49           ln lk          grad status 
   0           0.1 0.01618223798        -20000         0.406           0.1            20 0.96432907440 0.90796091807 0.81632653061 0.87211655200 0.83355495172 0.87656819101 0.78025091056 0.79453084349 0.88859339769 0.81464993929 0.74440654448 0.86656645661 0.69364629704 0.79956061744 0.85193964271 0.68994623345 0.79192923628 0.80407006995 0.79898248251 0.63982193443 0.75041914782 0.71538417066 0.89217783430 0.88165577845 0.76209747355 0.81482337977 0.82557668959 0.70919812684 0.79609180782 0.91044689830 0.83066427704 0.91195004914 1.03983349713 0.92675030352 0.90119673931 1.14869630571 1.17974215181 1.28293923801 1.46383765970 1.28710180956 1.12424119789 1.72527027808 1.90021390992 2.16713881019 2.15413077412 3.24709487194 4.27357345204             1 -3967.606428470 50.3049112773   -2 
1923 0.00766042367 0.01476866960 -643.51303821 0.51677993176 0.07978458384 0.00327589547 0.89686458915 0.85963601976 0.83431227851 0.84007328791 0.81345777877 0.84061410296 0.80293737931 0.78116161036 0.79538464067 0.77184685789 0.69986016436 0.76659191832 0.67015633579 0.75553357698 0.80834740884 0.65451381945 0.75525917838 0.79924409448 0.69044188800 0.60041151612 0.64479679388 0.70642678725 0.70606709135 0.68621631199 0.69702707196 0.67912221148 0.68677183132 0.63375102022 0.64500434517 0.70783002063 0.64432857600 0.73384049179 0.88154508902 0.66899462578 0.66484310407 0.89646471907 0.92176029620 0.87625566073 0.85569818570 0.90222744178 0.70223584077 1.08364418764 1.14892713595 1.16273273006 1.13466912802 1.43712062882 1.61578805204 2.55519673076 -314.0061295486 0.00009775744    0 
---- Best joint likelihood found -314.006129548665626 with gradient 0.00010

---- Results for /home/jejames/CapsellaCrossGenome/PolyDFE15/norm.exp11_-5.38837874895182_PolyDFE.input 
--  Model: C
--        eps_an     theta_bar             a 
-- 0.00766042367 0.01476866960            -1 
--           S_d             b           p_b           S_b 
-- -643.51303821 0.51677993176 0.07978458384 0.00327589547 
--           r 2           r 3           r 4           r 5           r 6           r 7           r 8           r 9          r 10          r 11          r 12          r 13          r 14          r 15          r 16          r 17          r 18          r 19          r 20          r 21          r 22          r 23          r 24          r 25          r 26          r 27          r 28          r 29          r 30          r 31          r 32          r 33          r 34          r 35          r 36          r 37          r 38          r 39          r 40          r 41          r 42          r 43          r 44          r 45          r 46          r 47          r 48          r 49 
-- 0.89686458915 0.85963601976 0.83431227851 0.84007328791 0.81345777877 0.84061410296 0.80293737931 0.78116161036 0.79538464067 0.77184685789 0.69986016436 0.76659191832 0.67015633579 0.75553357698 0.80834740884 0.65451381945 0.75525917838 0.79924409448 0.69044188800 0.60041151612 0.64479679388 0.70642678725 0.70606709135 0.68621631199 0.69702707196 0.67912221148 0.68677183132 0.63375102022 0.64500434517 0.70783002063 0.64432857600 0.73384049179 0.88154508902 0.66899462578 0.66484310407 0.89646471907 0.92176029620 0.87625566073 0.85569818570 0.90222744178 0.70223584077 1.08364418764 1.14892713595 1.16273273006 1.13466912802 1.43712062882 1.61578805204 2.55519673076 

---- Expected P_neut(i), 0 < i < n (neutral SFS per site) 
E[P_neut(1)] = 0.0146614349
E[P_neut(2)] = 0.0065758237
E[P_neut(3)] = 0.0042029347
E[P_neut(4)] = 0.0030596139
E[P_neut(5)] = 0.0024652680
E[P_neut(6)] = 0.0019898974
E[P_neut(7)] = 0.0017628011
E[P_neut(8)] = 0.0014728262
E[P_neut(9)] = 0.0012745275
E[P_neut(10)] = 0.0011680990
E[P_neut(11)] = 0.0010308900
E[P_neut(12)] = 0.0008574797
E[P_neut(13)] = 0.0008669576
E[P_neut(14)] = 0.0007036251
E[P_neut(15)] = 0.0007403457
E[P_neut(16)] = 0.0007433561
E[P_neut(17)] = 0.0005667659
E[P_neut(18)] = 0.0006172073
E[P_neut(19)] = 0.0006190753
E[P_neut(20)] = 0.0005083722
E[P_neut(21)] = 0.0004214891
E[P_neut(22)] = 0.0004323132
E[P_neut(23)] = 0.0004529788
E[P_neut(24)] = 0.0004341910
E[P_neut(25)] = 0.0004053801
E[P_neut(26)] = 0.0003962247
E[P_neut(27)] = 0.0003721007
E[P_neut(28)] = 0.0003627804
E[P_neut(29)] = 0.0003235091
E[P_neut(30)] = 0.0003190018
E[P_neut(31)] = 0.0003393922
E[P_neut(32)] = 0.0002998401
E[P_neut(33)] = 0.0003302596
E[P_neut(34)] = 0.0003857015
E[P_neut(35)] = 0.0002858263
E[P_neut(36)] = 0.0002760720
E[P_neut(37)] = 0.0003617571
E[P_neut(38)] = 0.0003620953
E[P_neut(39)] = 0.0003372203
E[P_neut(40)] = 0.0003225164
E[P_neut(41)] = 0.0003323226
E[P_neut(42)] = 0.0002563941
E[P_neut(43)] = 0.0003829206
E[P_neut(44)] = 0.0003980234
E[P_neut(45)] = 0.0003976853
E[P_neut(46)] = 0.0003851013
E[P_neut(47)] = 0.0004805409
E[P_neut(48)] = 0.0005440714
E[P_neut(49)] = 0.0008773746

---- Expected P_sel(i), 0 < i < n (selected SFS per site) 
E[P_sel(1)] = 0.0049511843
E[P_sel(2)] = 0.0015352509
E[P_sel(3)] = 0.0008296576
E[P_sel(4)] = 0.0005471065
E[P_sel(5)] = 0.0004121136
E[P_sel(6)] = 0.0003164705
E[P_sel(7)] = 0.0002696614
E[P_sel(8)] = 0.0002183363
E[P_sel(9)] = 0.0001840183
E[P_sel(10)] = 0.0001649241
E[P_sel(11)] = 0.0001427557
E[P_sel(12)] = 0.0001167326
E[P_sel(13)] = 0.0001162627
E[P_sel(14)] = 0.0000930993
E[P_sel(15)] = 0.0000967739
E[P_sel(16)] = 0.0000960875
E[P_sel(17)] = 0.0000725205
E[P_sel(18)] = 0.0000782481
E[P_sel(19)] = 0.0000778095
E[P_sel(20)] = 0.0000633850
E[P_sel(21)] = 0.0000521602
E[P_sel(22)] = 0.0000531285
E[P_sel(23)] = 0.0000553072
E[P_sel(24)] = 0.0000526892
E[P_sel(25)] = 0.0000489101
E[P_sel(26)] = 0.0000475463
E[P_sel(27)] = 0.0000444232
E[P_sel(28)] = 0.0000430997
E[P_sel(29)] = 0.0000382580
E[P_sel(30)] = 0.0000375645
E[P_sel(31)] = 0.0000398048
E[P_sel(32)] = 0.0000350332
E[P_sel(33)] = 0.0000384334
E[P_sel(34)] = 0.0000447327
E[P_sel(35)] = 0.0000330592
E[P_sel(36)] = 0.0000318289
E[P_sel(37)] = 0.0000415744
E[P_sel(38)] = 0.0000414926
E[P_sel(39)] = 0.0000385821
E[P_sel(40)] = 0.0000368506
E[P_sel(41)] = 0.0000379103
E[P_sel(42)] = 0.0000293318
E[P_sel(43)] = 0.0000436371
E[P_sel(44)] = 0.0000453858
E[P_sel(45)] = 0.0000455646
E[P_sel(46)] = 0.0000445831
E[P_sel(47)] = 0.0000563129
E[P_sel(48)] = 0.0000666655
E[P_sel(49)] = 0.0001229391

---- alpha_dfe = 0.724069

