---- Running command
---- ./polyDFE -d /home/jejames/CapsellaCrossGenome/PolyDFE15/norm.exp1_-9.85014419545008_PolyDFE.input -m C -i /home/jejames/CapsellaCrossGenome/model.txt 1 -e 
---- Performing inference using model C

---- Performing inference on /home/jejames/CapsellaCrossGenome/PolyDFE15/norm.exp1_-9.85014419545008_PolyDFE.input
----      with -i /home/jejames/CapsellaCrossGenome/model.txt 1
---- Data /home/jejames/CapsellaCrossGenome/PolyDFE15/norm.exp1_-9.85014419545008_PolyDFE.input does not contain divergence counts. Using option -w.
---- No mutation variability. Using Poisson likelihood.


---- Calculating initial values

-- Starting local optimization
-- Optimizing all parameters
  it        eps_an     theta_bar           S_d             b           p_b           S_b           r 2           r 3           r 4           r 5           r 6           r 7           r 8           r 9          r 10          r 11          r 12          r 13          r 14          r 15          r 16          r 17          r 18          r 19          r 20          r 21          r 22          r 23          r 24          r 25          r 26          r 27          r 28          r 29          r 30          r 31          r 32          r 33          r 34          r 35          r 36          r 37          r 38          r 39          r 40          r 41          r 42          r 43          r 44          r 45          r 46          r 47          r 48          r 49           ln lk          grad status 
   0           0.1 0.01572491810        -60000         0.208           0.1            20 0.95697232060 0.94490358126 0.97835497835 1.01797192706 1.01574183392 0.95408631772 0.99960645415 1.06729634002 0.94123048668 0.90764790764 0.95710350255 0.97035287944 1.03489439853 0.90712317985 0.88993834448 1.00131181949 1.06965761511 1.03810835629 0.80283353010 1.02203856749 1.12409812409 0.94588744588 1.00275482093 1.04945559491 1.04538895447 0.92621015348 1.12213039485 1.13747868293 0.92089728453 1.09189295552 1.16279679916 1.38961038961 1.14180768726 1.41873278236 1.47107438016 1.55804801259 1.55529319165 1.74458874458 1.77095631641 1.80716253443 2.05234159779 1.97992916174 2.16161616161 2.64462809917 2.77882723337 3.75482093663 4.70680834317             1 -4380.522950345 60.4059980831   -2 
 698 0.00645525343 0.01422943425 -350.39844816 0.30356420619 0.00023721433 1.06459860371 0.94177044288 0.91191186939 0.97525010813 0.94534400768 0.97696462660 0.90380197502 0.92660862441 0.95027939060 0.89008757461 0.86706711529 0.90124336167 0.92525590528 0.95280001658 0.87700408278 0.86612124350 0.97044099185 1.01708648367 0.88802792064 0.76953770741 0.92994869167 0.92754131300 0.90623887929 0.86944098082 0.89237437637 0.85288720095 0.85201111012 1.02900000690 0.93073550296 0.96712804867 0.94794140513 0.93527251128 1.03577661190 1.09412792238 1.11646616346 1.09880976938 1.19598149089 1.13723318363 1.37382028433 1.19867518377 1.31166403204 1.46181255029 1.43253825328 1.47027633281  1.4358812096 1.55521360456 1.90256724749 2.10083830432 2.98908173392 -325.4323984412 0.00092016359   -8 
-- Local optimization: reached maximum number of likelihood evaluations allowed.
---- Best joint likelihood found -325.432398441258783 with gradient 0.00092

---- Results for /home/jejames/CapsellaCrossGenome/PolyDFE15/norm.exp1_-9.85014419545008_PolyDFE.input 
--  Model: C
--        eps_an     theta_bar             a 
-- 0.00645525343 0.01422943425            -1 
--           S_d             b           p_b           S_b 
-- -350.39844816 0.30356420619 0.00023721433 1.06459860371 
--           r 2           r 3           r 4           r 5           r 6           r 7           r 8           r 9          r 10          r 11          r 12          r 13          r 14          r 15          r 16          r 17          r 18          r 19          r 20          r 21          r 22          r 23          r 24          r 25          r 26          r 27          r 28          r 29          r 30          r 31          r 32          r 33          r 34          r 35          r 36          r 37          r 38          r 39          r 40          r 41          r 42          r 43          r 44          r 45          r 46          r 47          r 48          r 49 
-- 0.94177044288 0.91191186939 0.97525010813 0.94534400768 0.97696462660 0.90380197502 0.92660862441 0.95027939060 0.89008757461 0.86706711529 0.90124336167 0.92525590528 0.95280001658 0.87700408278 0.86612124350 0.97044099185 1.01708648367 0.88802792064 0.76953770741 0.92994869167 0.92754131300 0.90623887929 0.86944098082 0.89237437637 0.85288720095 0.85201111012 1.02900000690 0.93073550296 0.96712804867 0.94794140513 0.93527251128 1.03577661190 1.09412792238 1.11646616346 1.09880976938 1.19598149089 1.13723318363 1.37382028433 1.19867518377 1.31166403204 1.46181255029 1.43253825328 1.47027633281  1.4358812096 1.55521360456 1.90256724749 2.10083830432 2.98908173392 

---- Expected P_neut(i), 0 < i < n (neutral SFS per site) 
E[P_neut(1)] = 0.0141431829
E[P_neut(2)] = 0.0066611976
E[P_neut(3)] = 0.0043011272
E[P_neut(4)] = 0.0034500245
E[P_neut(5)] = 0.0026759062
E[P_neut(6)] = 0.0023050552
E[P_neut(7)] = 0.0018284276
E[P_neut(8)] = 0.0016406974
E[P_neut(9)] = 0.0014956775
E[P_neut(10)] = 0.0012611210
E[P_neut(11)] = 0.0011176203
E[P_neut(12)] = 0.0010645323
E[P_neut(13)] = 0.0010091906
E[P_neut(14)] = 0.0009649669
E[P_neut(15)] = 0.0008295111
E[P_neut(16)] = 0.0007682595
E[P_neut(17)] = 0.0008099235
E[P_neut(18)] = 0.0008015258
E[P_neut(19)] = 0.0006635754
E[P_neut(20)] = 0.0005469312
E[P_neut(21)] = 0.0006290063
E[P_neut(22)] = 0.0005994297
E[P_neut(23)] = 0.0005599431
E[P_neut(24)] = 0.0005151711
E[P_neut(25)] = 0.0005079193
E[P_neut(26)] = 0.0004670876
E[P_neut(27)] = 0.0004497442
E[P_neut(28)] = 0.0005234287
E[P_neut(29)] = 0.0004578037
E[P_neut(30)] = 0.0004592959
E[P_neut(31)] = 0.0004366027
E[P_neut(32)] = 0.0004183930
E[P_neut(33)] = 0.0004489821
E[P_neut(34)] = 0.0004599229
E[P_neut(35)] = 0.0004563456
E[P_neut(36)] = 0.0004377655
E[P_neut(37)] = 0.0004635183
E[P_neut(38)] = 0.0004299966
E[P_neut(39)] = 0.0005052530
E[P_neut(40)] = 0.0004318350
E[P_neut(41)] = 0.0004619853
E[P_neut(42)] = 0.0005026985
E[P_neut(43)] = 0.0004828510
E[P_neut(44)] = 0.0004873689
E[P_neut(45)] = 0.0004684754
E[P_neut(46)] = 0.0005003726
E[P_neut(47)] = 0.0006002125
E[P_neut(48)] = 0.0006620190
E[P_neut(49)] = 0.0009542705

---- Expected P_sel(i), 0 < i < n (selected SFS per site) 
E[P_sel(1)] = 0.0065963115
E[P_sel(2)] = 0.0023440115
E[P_sel(3)] = 0.0013062339
E[P_sel(4)] = 0.0009517711
E[P_sel(5)] = 0.0006879098
E[P_sel(6)] = 0.0005606201
E[P_sel(7)] = 0.0004249166
E[P_sel(8)] = 0.0003669084
E[P_sel(9)] = 0.0003235705
E[P_sel(10)] = 0.0002649709
E[P_sel(11)] = 0.0002287517
E[P_sel(12)] = 0.0002128608
E[P_sel(13)] = 0.0001975246
E[P_sel(14)] = 0.0001852185
E[P_sel(15)] = 0.0001563568
E[P_sel(16)] = 0.0001424040
E[P_sel(17)] = 0.0001478128
E[P_sel(18)] = 0.0001441646
E[P_sel(19)] = 0.0001177131
E[P_sel(20)] = 0.0000957633
E[P_sel(21)] = 0.0001088023
E[P_sel(22)] = 0.0001024838
E[P_sel(23)] = 0.0000946846
E[P_sel(24)] = 0.0000862008
E[P_sel(25)] = 0.0000841383
E[P_sel(26)] = 0.0000766364
E[P_sel(27)] = 0.0000731188
E[P_sel(28)] = 0.0000843494
E[P_sel(29)] = 0.0000731607
E[P_sel(30)] = 0.0000727962
E[P_sel(31)] = 0.0000686772
E[P_sel(32)] = 0.0000653456
E[P_sel(33)] = 0.0000696116
E[P_sel(34)] = 0.0000708010
E[P_sel(35)] = 0.0000697943
E[P_sel(36)] = 0.0000665650
E[P_sel(37)] = 0.0000700438
E[P_sel(38)] = 0.0000646352
E[P_sel(39)] = 0.0000754716
E[P_sel(40)] = 0.0000642769
E[P_sel(41)] = 0.0000684877
E[P_sel(42)] = 0.0000741884
E[P_sel(43)] = 0.0000711024
E[P_sel(44)] = 0.0000718120
E[P_sel(45)] = 0.0000692140
E[P_sel(46)] = 0.0000744233
E[P_sel(47)] = 0.0000897705
E[P_sel(48)] = 0.0001026712
E[P_sel(49)] = 0.0001641302

---- alpha_dfe = 0.002886

