---- Running command
---- ./polyDFE -d /home/jejames/CapsellaCrossGenome/PolyDFE15/norm.exp13_-4.77762146579968_PolyDFE.input -m C -i /home/jejames/CapsellaCrossGenome/model.txt 1 -e 
---- Performing inference using model C

---- Performing inference on /home/jejames/CapsellaCrossGenome/PolyDFE15/norm.exp13_-4.77762146579968_PolyDFE.input
----      with -i /home/jejames/CapsellaCrossGenome/model.txt 1
---- Data /home/jejames/CapsellaCrossGenome/PolyDFE15/norm.exp13_-4.77762146579968_PolyDFE.input does not contain divergence counts. Using option -w.
---- No mutation variability. Using Poisson likelihood.


---- Calculating initial values

-- Starting local optimization
-- Optimizing all parameters
  it        eps_an     theta_bar           S_d             b           p_b           S_b           r 2           r 3           r 4           r 5           r 6           r 7           r 8           r 9          r 10          r 11          r 12          r 13          r 14          r 15          r 16          r 17          r 18          r 19          r 20          r 21          r 22          r 23          r 24          r 25          r 26          r 27          r 28          r 29          r 30          r 31          r 32          r 33          r 34          r 35          r 36          r 37          r 38          r 39          r 40          r 41          r 42          r 43          r 44          r 45          r 46          r 47          r 48          r 49           ln lk          grad status 
   0           0.1 0.01637260078        -20000         0.406           0.1            20 0.86812737364 0.92778264680 0.94209757522 0.92813321647 0.82138475021 0.85562372188 0.88810984516 0.81612620508 0.83669295939 0.86637452527 0.88273444347 0.80286298568 0.72556237218 0.79316389132 0.95167981302 0.62874671340 0.71095530236 0.74823254455 0.72918492550 0.66993865030 0.68770084721 0.86140812153 0.78667835232 0.67192521180 0.74285714285 0.77142857142 0.94069529652 0.87093193105 0.72918492550 0.98895705521 0.90493718959 0.80403155127 0.87806018112 1.11451942740 1.14215600350 1.19550102249 1.00134385042 1.21226993865 1.51446099912 1.45650014607 1.52147239263 1.67829389424 1.76617002629 2.40052585451 3.11504528191 3.17727139935 4.43400525854             1 -4105.575141592 62.6952908736   -2 
 535 0.00175309814 0.01460751690 -1312.0590620 0.35396848479 0.00950525012 2.95382249275 0.87658567544 0.90290002695 0.90990959579 0.92029107512 0.86596548553 0.85277078753 0.80169380575 0.82821562962 0.77505721451 0.75100051952 0.74000883967 0.74152925542 0.68699786041 0.75094122514 0.91586385939 0.65337249610 0.68786233002 0.68650973940 0.71774357813 0.67759737090 0.65432815779 0.71172166894 0.65464227312 0.70187728841 0.61413671819 0.70978276040 0.87443476548 0.83013759478 0.63288043966 0.78364423625 0.73681892217 0.73535345726 0.67957876682 0.83312652050 0.98010268807 0.95076824206 0.71653898606 0.98620804762 1.04093019875 1.01845684885 0.99408756466 1.01502441028 1.11810204995 1.49469664668 1.76422547921 1.75267846298 2.07627718587 3.21832485594 -319.4648623674 0.00039616551   -8 
-- Local optimization: reached maximum number of likelihood evaluations allowed.
---- Best joint likelihood found -319.464862367497744 with gradient 0.00040

---- Results for /home/jejames/CapsellaCrossGenome/PolyDFE15/norm.exp13_-4.77762146579968_PolyDFE.input 
--  Model: C
--        eps_an     theta_bar             a 
-- 0.00175309814 0.01460751690            -1 
--           S_d             b           p_b           S_b 
-- -1312.0590620 0.35396848479 0.00950525012 2.95382249275 
--           r 2           r 3           r 4           r 5           r 6           r 7           r 8           r 9          r 10          r 11          r 12          r 13          r 14          r 15          r 16          r 17          r 18          r 19          r 20          r 21          r 22          r 23          r 24          r 25          r 26          r 27          r 28          r 29          r 30          r 31          r 32          r 33          r 34          r 35          r 36          r 37          r 38          r 39          r 40          r 41          r 42          r 43          r 44          r 45          r 46          r 47          r 48          r 49 
-- 0.87658567544 0.90290002695 0.90990959579 0.92029107512 0.86596548553 0.85277078753 0.80169380575 0.82821562962 0.77505721451 0.75100051952 0.74000883967 0.74152925542 0.68699786041 0.75094122514 0.91586385939 0.65337249610 0.68786233002 0.68650973940 0.71774357813 0.67759737090 0.65432815779 0.71172166894 0.65464227312 0.70187728841 0.61413671819 0.70978276040 0.87443476548 0.83013759478 0.63288043966 0.78364423625 0.73681892217 0.73535345726 0.67957876682 0.83312652050 0.98010268807 0.95076824206 0.71653898606 0.98620804762 1.04093019875 1.01845684885 0.99408756466 1.01502441028 1.11810204995 1.49469664668 1.76422547921 1.75267846298 2.07627718587 3.21832485594 

---- Expected P_neut(i), 0 < i < n (neutral SFS per site) 
E[P_neut(1)] = 0.0145835905
E[P_neut(2)] = 0.0063922538
E[P_neut(3)] = 0.0043896235
E[P_neut(4)] = 0.0033180368
E[P_neut(5)] = 0.0026847706
E[P_neut(6)] = 0.0021052223
E[P_neut(7)] = 0.0017770367
E[P_neut(8)] = 0.0014618843
E[P_neut(9)] = 0.0013425211
E[P_neut(10)] = 0.0011308478
E[P_neut(11)] = 0.0009961949
E[P_neut(12)] = 0.0008997113
E[P_neut(13)] = 0.0008324205
E[P_neut(14)] = 0.0007162500
E[P_neut(15)] = 0.0007306200
E[P_neut(16)] = 0.0008352020
E[P_neut(17)] = 0.0005610070
E[P_neut(18)] = 0.0005578311
E[P_neut(19)] = 0.0005275222
E[P_neut(20)] = 0.0005238438
E[P_neut(21)] = 0.0004712408
E[P_neut(22)] = 0.0004344976
E[P_neut(23)] = 0.0004519019
E[P_neut(24)] = 0.0003983521
E[P_neut(25)] = 0.0004101074
E[P_neut(26)] = 0.0003451326
E[P_neut(27)] = 0.0003841253
E[P_neut(28)] = 0.0004561519
E[P_neut(29)] = 0.0004182398
E[P_neut(30)] = 0.0003085392
E[P_neut(31)] = 0.0003695391
E[P_neut(32)] = 0.0003367357
E[P_neut(33)] = 0.0003259193
E[P_neut(34)] = 0.0002929234
E[P_neut(35)] = 0.0003483842
E[P_neut(36)] = 0.0003982502
E[P_neut(37)] = 0.0003761638
E[P_neut(38)] = 0.0002765399
E[P_neut(39)] = 0.0003704867
E[P_neut(40)] = 0.0003814535
E[P_neut(41)] = 0.0003645772
E[P_neut(42)] = 0.0003477018
E[P_neut(43)] = 0.0003473289
E[P_neut(44)] = 0.0003742429
E[P_neut(45)] = 0.0004890585
E[P_neut(46)] = 0.0005650813
E[P_neut(47)] = 0.0005514817
E[P_neut(48)] = 0.0006419757
E[P_neut(49)] = 0.0009833496

---- Expected P_sel(i), 0 < i < n (selected SFS per site) 
E[P_sel(1)] = 0.0043241428
E[P_sel(2)] = 0.0013225729
E[P_sel(3)] = 0.0007654839
E[P_sel(4)] = 0.0005194556
E[P_sel(5)] = 0.0003889501
E[P_sel(6)] = 0.0002872463
E[P_sel(7)] = 0.0002309917
E[P_sel(8)] = 0.0001824919
E[P_sel(9)] = 0.0001619072
E[P_sel(10)] = 0.0001323557
E[P_sel(11)] = 0.0001135678
E[P_sel(12)] = 0.0001002026
E[P_sel(13)] = 0.0000907849
E[P_sel(14)] = 0.0000766536
E[P_sel(15)] = 0.0000768677
E[P_sel(16)] = 0.0000865157
E[P_sel(17)] = 0.0000572894
E[P_sel(18)] = 0.0000562275
E[P_sel(19)] = 0.0000525396
E[P_sel(20)] = 0.0000516038
E[P_sel(21)] = 0.0000459536
E[P_sel(22)] = 0.0000419783
E[P_sel(23)] = 0.0000432893
E[P_sel(24)] = 0.0000378618
E[P_sel(25)] = 0.0000387006
E[P_sel(26)] = 0.0000323571
E[P_sel(27)] = 0.0000357998
E[P_sel(28)] = 0.0000422849
E[P_sel(29)] = 0.0000385856
E[P_sel(30)] = 0.0000283464
E[P_sel(31)] = 0.0000338241
E[P_sel(32)] = 0.0000307254
E[P_sel(33)] = 0.0000296608
E[P_sel(34)] = 0.0000266097
E[P_sel(35)] = 0.0000315932
E[P_sel(36)] = 0.0000360761
E[P_sel(37)] = 0.0000340655
E[P_sel(38)] = 0.0000250581
E[P_sel(39)] = 0.0000335897
E[P_sel(40)] = 0.0000346381
E[P_sel(41)] = 0.0000331894
E[P_sel(42)] = 0.0000317554
E[P_sel(43)] = 0.0000318610
E[P_sel(44)] = 0.0000345062
E[P_sel(45)] = 0.0000453475
E[P_sel(46)] = 0.0000527871
E[P_sel(47)] = 0.0000521284
E[P_sel(48)] = 0.0000616962
E[P_sel(49)] = 0.0000985677

---- alpha_dfe = 0.325236

