---- Running command
---- ./polyDFE -d /home/jejames/CapsellaCrossGenome/PolyDFE15/norm.exp8_-6.05566931821631_PolyDFE.input -m C -i /home/jejames/CapsellaCrossGenome/model.txt 1 -e 
---- Performing inference using model C

---- Performing inference on /home/jejames/CapsellaCrossGenome/PolyDFE15/norm.exp8_-6.05566931821631_PolyDFE.input
----      with -i /home/jejames/CapsellaCrossGenome/model.txt 1
---- Data /home/jejames/CapsellaCrossGenome/PolyDFE15/norm.exp8_-6.05566931821631_PolyDFE.input does not contain divergence counts. Using option -w.
---- No mutation variability. Using Poisson likelihood.


---- Calculating initial values

-- Starting local optimization
-- Optimizing all parameters
  it        eps_an     theta_bar           S_d             b           p_b           S_b           r 2           r 3           r 4           r 5           r 6           r 7           r 8           r 9          r 10          r 11          r 12          r 13          r 14          r 15          r 16          r 17          r 18          r 19          r 20          r 21          r 22          r 23          r 24          r 25          r 26          r 27          r 28          r 29          r 30          r 31          r 32          r 33          r 34          r 35          r 36          r 37          r 38          r 39          r 40          r 41          r 42          r 43          r 44          r 45          r 46          r 47          r 48          r 49           ln lk          grad status 
   0           0.1 0.01609920985        -20000         0.406           0.1            20 0.92075950828 0.88820915334 0.85438910371 0.91504588214 0.89582732152 0.77526403878 0.82045362728 0.87158769550 0.83453569573 0.83228487331 0.73965487389 0.81929935938 0.76920413227 0.76960812604 0.69256074334 0.69463842557 0.86639348992 0.72153286777 0.73296012004 0.89323021873 0.95988919028 0.71812777745 0.76597218214 0.82241588272 0.74577249379 0.85548565822 0.78213193282 0.92554972009 0.75315980839 0.86235355225 0.86062215040 1.01321636751 0.84376983897 1.13320251630 1.34633808506 0.99936515265 1.07900963813 1.52830842038 1.41744098805 1.66110694292 1.53436832688 1.56593755410 1.83597853061 2.02314307150 2.41322791019 3.06515842327 4.08056789980             1 -4120.799792290 46.8585079299   -2 
 305 0.00257038183 0.01439688099 -722.64337757 0.34265538288 0.00815488542 8.56586330158 0.89927001865 0.87314847043 0.90241564784 0.87022879474 0.88306564743 0.75295799251 0.83553008988 0.80705456823 0.81601672047 0.78401574216 0.72469887385 0.73160127719 0.70210367949 0.69761061133 0.69620409209 0.63605321115 0.80279569613 0.69193975783 0.71114879649 0.74195265368 0.88381640613 0.67691250090 0.61845146214 0.72209966152 0.68177273982 0.69974423510 0.68760456569 0.74326144546 0.60489668771 0.71089422922 0.82124092081 0.88179632332 0.79127397758 0.95810013636 1.00931369824 0.80691552521 0.89242596153 1.01976447675 1.00136782885 1.27335562144 0.92771914211 1.13345004921 1.07442601482 1.14742734588 1.36901801583 1.46718422385 1.60408996192 2.30671286961 -316.5302945411 0.00826658597   -8 
-- Local optimization: reached maximum number of likelihood evaluations allowed.
---- Best joint likelihood found -316.530294541158696 with gradient 0.00827

---- Results for /home/jejames/CapsellaCrossGenome/PolyDFE15/norm.exp8_-6.05566931821631_PolyDFE.input 
--  Model: C
--        eps_an     theta_bar             a 
-- 0.00257038183 0.01439688099            -1 
--           S_d             b           p_b           S_b 
-- -722.64337757 0.34265538288 0.00815488542 8.56586330158 
--           r 2           r 3           r 4           r 5           r 6           r 7           r 8           r 9          r 10          r 11          r 12          r 13          r 14          r 15          r 16          r 17          r 18          r 19          r 20          r 21          r 22          r 23          r 24          r 25          r 26          r 27          r 28          r 29          r 30          r 31          r 32          r 33          r 34          r 35          r 36          r 37          r 38          r 39          r 40          r 41          r 42          r 43          r 44          r 45          r 46          r 47          r 48          r 49 
-- 0.89927001865 0.87314847043 0.90241564784 0.87022879474 0.88306564743 0.75295799251 0.83553008988 0.80705456823 0.81601672047 0.78401574216 0.72469887385 0.73160127719 0.70210367949 0.69761061133 0.69620409209 0.63605321115 0.80279569613 0.69193975783 0.71114879649 0.74195265368 0.88381640613 0.67691250090 0.61845146214 0.72209966152 0.68177273982 0.69974423510 0.68760456569 0.74326144546 0.60489668771 0.71089422922 0.82124092081 0.88179632332 0.79127397758 0.95810013636 1.00931369824 0.80691552521 0.89242596153 1.01976447675 1.00136782885 1.27335562144 0.92771914211 1.13345004921 1.07442601482 1.14742734588 1.36901801583 1.46718422385 1.60408996192 2.30671286961 

---- Expected P_neut(i), 0 < i < n (neutral SFS per site) 
E[P_neut(1)] = 0.0143616176
E[P_neut(2)] = 0.0064579394
E[P_neut(3)] = 0.0041805896
E[P_neut(4)] = 0.0032407454
E[P_neut(5)] = 0.0025002190
E[P_neut(6)] = 0.0021143558
E[P_neut(7)] = 0.0015456016
E[P_neut(8)] = 0.0015005809
E[P_neut(9)] = 0.0012888385
E[P_neut(10)] = 0.0011727163
E[P_neut(11)] = 0.0010244557
E[P_neut(12)] = 0.0008680845
E[P_neut(13)] = 0.0008089381
E[P_neut(14)] = 0.0007211890
E[P_neut(15)] = 0.0006688531
E[P_neut(16)] = 0.0006256990
E[P_neut(17)] = 0.0005382621
E[P_neut(18)] = 0.0006413967
E[P_neut(19)] = 0.0005238049
E[P_neut(20)] = 0.0005113466
E[P_neut(21)] = 0.0005082983
E[P_neut(22)] = 0.0005777948
E[P_neut(23)] = 0.0004235842
E[P_neut(24)] = 0.0003710073
E[P_neut(25)] = 0.0004158393
E[P_neut(26)] = 0.0003774987
E[P_neut(27)] = 0.0003732461
E[P_neut(28)] = 0.0003541265
E[P_neut(29)] = 0.0003693468
E[P_neut(30)] = 0.0002908572
E[P_neut(31)] = 0.0003306494
E[P_neut(32)] = 0.0003701791
E[P_neut(33)] = 0.0003850962
E[P_neut(34)] = 0.0003358042
E[P_neut(35)] = 0.0003948124
E[P_neut(36)] = 0.0004044564
E[P_neut(37)] = 0.0003152503
E[P_neut(38)] = 0.0003394750
E[P_neut(39)] = 0.0003781168
E[P_neut(40)] = 0.0003625076
E[P_neut(41)] = 0.0004492996
E[P_neut(42)] = 0.0003210537
E[P_neut(43)] = 0.0003824968
E[P_neut(44)] = 0.0003560969
E[P_neut(45)] = 0.0003725943
E[P_neut(46)] = 0.0004357166
E[P_neut(47)] = 0.0004590381
E[P_neut(48)] = 0.0004965250
E[P_neut(49)] = 0.0007130077

---- Expected P_sel(i), 0 < i < n (selected SFS per site) 
E[P_sel(1)] = 0.0052042181
E[P_sel(2)] = 0.0016743037
E[P_sel(3)] = 0.0009185816
E[P_sel(4)] = 0.0006407573
E[P_sel(5)] = 0.0004580276
E[P_sel(6)] = 0.0003650809
E[P_sel(7)] = 0.0002543614
E[P_sel(8)] = 0.0002372511
E[P_sel(9)] = 0.0001968952
E[P_sel(10)] = 0.0001739058
E[P_sel(11)] = 0.0001479889
E[P_sel(12)] = 0.0001225143
E[P_sel(13)] = 0.0001118112
E[P_sel(14)] = 0.0000978204
E[P_sel(15)] = 0.0000891892
E[P_sel(16)] = 0.0000821540
E[P_sel(17)] = 0.0000696790
E[P_sel(18)] = 0.0000819680
E[P_sel(19)] = 0.0000661538
E[P_sel(20)] = 0.0000638873
E[P_sel(21)] = 0.0000628813
E[P_sel(22)] = 0.0000708390
E[P_sel(23)] = 0.0000515081
E[P_sel(24)] = 0.0000447818
E[P_sel(25)] = 0.0000498606
E[P_sel(26)] = 0.0000449961
E[P_sel(27)] = 0.0000442585
E[P_sel(28)] = 0.0000418050
E[P_sel(29)] = 0.0000434363
E[P_sel(30)] = 0.0000341034
E[P_sel(31)] = 0.0000386782
E[P_sel(32)] = 0.0000432365
E[P_sel(33)] = 0.0000449406
E[P_sel(34)] = 0.0000391970
E[P_sel(35)] = 0.0000461274
E[P_sel(36)] = 0.0000473481
E[P_sel(37)] = 0.0000370295
E[P_sel(38)] = 0.0000400428
E[P_sel(39)] = 0.0000448505
E[P_sel(40)] = 0.0000433136
E[P_sel(41)] = 0.0000541365
E[P_sel(42)] = 0.0000391482
E[P_sel(43)] = 0.0000472207
E[P_sel(44)] = 0.0000447317
E[P_sel(45)] = 0.0000477437
E[P_sel(46)] = 0.0000572043
E[P_sel(47)] = 0.0000621995
E[P_sel(48)] = 0.0000706344
E[P_sel(49)] = 0.0001117370

---- alpha_dfe = 0.450481

