---- Running command
---- ./polyDFE -d /home/jejames/CapsellaCrossGenome/PolyDFE15/norm.exp5_-6.94406341767956_PolyDFE.input -m C -i /home/jejames/CapsellaCrossGenome/model.txt 1 -e 
---- Performing inference using model C

---- Performing inference on /home/jejames/CapsellaCrossGenome/PolyDFE15/norm.exp5_-6.94406341767956_PolyDFE.input
----      with -i /home/jejames/CapsellaCrossGenome/model.txt 1
---- Data /home/jejames/CapsellaCrossGenome/PolyDFE15/norm.exp5_-6.94406341767956_PolyDFE.input does not contain divergence counts. Using option -w.
---- No mutation variability. Using Poisson likelihood.


---- Calculating initial values

-- Starting local optimization
-- Optimizing all parameters
  it        eps_an     theta_bar           S_d             b           p_b           S_b           r 2           r 3           r 4           r 5           r 6           r 7           r 8           r 9          r 10          r 11          r 12          r 13          r 14          r 15          r 16          r 17          r 18          r 19          r 20          r 21          r 22          r 23          r 24          r 25          r 26          r 27          r 28          r 29          r 30          r 31          r 32          r 33          r 34          r 35          r 36          r 37          r 38          r 39          r 40          r 41          r 42          r 43          r 44          r 45          r 46          r 47          r 48          r 49           ln lk          grad status 
   0           0.1 0.01644346349        -80000         0.208           0.1            20 0.93181139066 0.91740871332 0.81324329169 0.86983804458 0.87491782704 0.94250881491 0.84766628817 0.91005796928 0.76376023426 0.79411940476 0.79603179346 0.89266718460 0.82746668260 0.80051395446 0.79650989063 0.80057371660 0.87348353552 0.74601087671 0.85698918305 0.86846351520 0.83224765433 0.92505826809 0.78886033586 1.01595649315 0.85459869718 0.99557760114 1.09938444988 0.81109185441 1.09902587700 0.87629235642 0.97149345604 1.04918424669 1.09113727365 1.24873005438 1.24998505946 1.10781091256 1.24902886511 1.28655949321 1.10440447020 1.63676567262 1.69927687802 1.94531763580 2.20880894041 1.82603239108 2.57861710392 3.07004123588 4.60120719536             1 -4060.870607455 62.4412308317   -2 
 672 0.00509968290 0.01465306570 -700.36378638 0.27921820974 0.00364934144 24.3009200308 0.92200497774 0.89321778943 0.86252675032 0.87712299873 0.86307206863 0.88349252307 0.87531668091 0.87997194515 0.84223755082 0.79744612086 0.75048618500 0.87013100207 0.77999367552 0.79129694152 0.67013169349 0.72135971156 0.78407265104 0.70821053524 0.76690670488 0.80894614987 0.68482566879 0.71871618326 0.65419663264 0.79418850600 0.82891924479 0.86254652545 0.94133508240 0.80930083344 0.90612738538 0.78854691070 0.86598274255 0.73512863369 0.82433586474 0.89213330525 0.96375524450 0.86922121220 0.86952947469 0.97734888709 0.90812215190 1.20305682303 1.17293517439 1.41242147541 1.47626716445 1.01890330604 1.54058460734 1.58182128259 1.94492199918 2.49274738567 -329.3218737526 0.00433370504   -8 
-- Local optimization: reached maximum number of likelihood evaluations allowed.
---- Best joint likelihood found -329.321873752621286 with gradient 0.00433

---- Results for /home/jejames/CapsellaCrossGenome/PolyDFE15/norm.exp5_-6.94406341767956_PolyDFE.input 
--  Model: C
--        eps_an     theta_bar             a 
-- 0.00509968290 0.01465306570            -1 
--           S_d             b           p_b           S_b 
-- -700.36378638 0.27921820974 0.00364934144 24.3009200308 
--           r 2           r 3           r 4           r 5           r 6           r 7           r 8           r 9          r 10          r 11          r 12          r 13          r 14          r 15          r 16          r 17          r 18          r 19          r 20          r 21          r 22          r 23          r 24          r 25          r 26          r 27          r 28          r 29          r 30          r 31          r 32          r 33          r 34          r 35          r 36          r 37          r 38          r 39          r 40          r 41          r 42          r 43          r 44          r 45          r 46          r 47          r 48          r 49 
-- 0.92200497774 0.89321778943 0.86252675032 0.87712299873 0.86307206863 0.88349252307 0.87531668091 0.87997194515 0.84223755082 0.79744612086 0.75048618500 0.87013100207 0.77999367552 0.79129694152 0.67013169349 0.72135971156 0.78407265104 0.70821053524 0.76690670488 0.80894614987 0.68482566879 0.71871618326 0.65419663264 0.79418850600 0.82891924479 0.86254652545 0.94133508240 0.80930083344 0.90612738538 0.78854691070 0.86598274255 0.73512863369 0.82433586474 0.89213330525 0.96375524450 0.86922121220 0.86952947469 0.97734888709 0.90812215190 1.20305682303 1.17293517439 1.41242147541 1.47626716445 1.01890330604 1.54058460734 1.58182128259 1.94492199918 2.49274738567 

---- Expected P_neut(i), 0 < i < n (neutral SFS per site) 
E[P_neut(1)] = 0.0145821412
E[P_neut(2)] = 0.0067236787
E[P_neut(3)] = 0.0043430591
E[P_neut(4)] = 0.0031460546
E[P_neut(5)] = 0.0025590914
E[P_neut(6)] = 0.0020995335
E[P_neut(7)] = 0.0018424337
E[P_neut(8)] = 0.0015971699
E[P_neut(9)] = 0.0014275849
E[P_neut(10)] = 0.0012295390
E[P_neut(11)] = 0.0010587309
E[P_neut(12)] = 0.0009134468
E[P_neut(13)] = 0.0009775298
E[P_neut(14)] = 0.0008142157
E[P_neut(15)] = 0.0007709578
E[P_neut(16)] = 0.0006123997
E[P_neut(17)] = 0.0006202662
E[P_neut(18)] = 0.0006370488
E[P_neut(19)] = 0.0005452973
E[P_neut(20)] = 0.0005612684
E[P_neut(21)] = 0.0005636612
E[P_neut(22)] = 0.0004563132
E[P_neut(23)] = 0.0004579389
E[P_neut(24)] = 0.0003997616
E[P_neut(25)] = 0.0004654919
E[P_neut(26)] = 0.0004668164
E[P_neut(27)] = 0.0004680572
E[P_neut(28)] = 0.0004924369
E[P_neut(29)] = 0.0004097152
E[P_neut(30)] = 0.0004431932
E[P_neut(31)] = 0.0003736145
E[P_neut(32)] = 0.0003977735
E[P_neut(33)] = 0.0003279271
E[P_neut(34)] = 0.0003565841
E[P_neut(35)] = 0.0003755370
E[P_neut(36)] = 0.0003944397
E[P_neut(37)] = 0.0003474828
E[P_neut(38)] = 0.0003382601
E[P_neut(39)] = 0.0003707538
E[P_neut(40)] = 0.0003372665
E[P_neut(41)] = 0.0004350763
E[P_neut(42)] = 0.0004153058
E[P_neut(43)] = 0.0004882863
E[P_neut(44)] = 0.0004998745
E[P_neut(45)] = 0.0003431959
E[P_neut(46)] = 0.0005043560
E[P_neut(47)] = 0.0005128941
E[P_neut(48)] = 0.0006251517
E[P_neut(49)] = 0.0008163611

---- Expected P_sel(i), 0 < i < n (selected SFS per site) 
E[P_sel(1)] = 0.0060005081
E[P_sel(2)] = 0.0021012701
E[P_sel(3)] = 0.0011843525
E[P_sel(4)] = 0.0007858982
E[P_sel(5)] = 0.0005997692
E[P_sel(6)] = 0.0004680565
E[P_sel(7)] = 0.0003943449
E[P_sel(8)] = 0.0003303412
E[P_sel(9)] = 0.0002866735
E[P_sel(10)] = 0.0002406237
E[P_sel(11)] = 0.0002024923
E[P_sel(12)] = 0.0001711554
E[P_sel(13)] = 0.0001798002
E[P_sel(14)] = 0.0001472386
E[P_sel(15)] = 0.0001372774
E[P_sel(16)] = 0.0001074974
E[P_sel(17)] = 0.0001074603
E[P_sel(18)] = 0.0001090259
E[P_sel(19)] = 0.0000922704
E[P_sel(20)] = 0.0000939737
E[P_sel(21)] = 0.0000934536
E[P_sel(22)] = 0.0000749590
E[P_sel(23)] = 0.0000745871
E[P_sel(24)] = 0.0000645938
E[P_sel(25)] = 0.0000746587
E[P_sel(26)] = 0.0000743548
E[P_sel(27)] = 0.0000740769
E[P_sel(28)] = 0.0000774750
E[P_sel(29)] = 0.0000641203
E[P_sel(30)] = 0.0000690177
E[P_sel(31)] = 0.0000579317
E[P_sel(32)] = 0.0000614441
E[P_sel(33)] = 0.0000504965
E[P_sel(34)] = 0.0000547534
E[P_sel(35)] = 0.0000575583
E[P_sel(36)] = 0.0000603723
E[P_sel(37)] = 0.0000531940
E[P_sel(38)] = 0.0000517930
E[P_sel(39)] = 0.0000568561
E[P_sel(40)] = 0.0000519121
E[P_sel(41)] = 0.0000672066
E[P_sel(42)] = 0.0000645954
E[P_sel(43)] = 0.0000765701
E[P_sel(44)] = 0.0000793558
E[P_sel(45)] = 0.0000557760
E[P_sel(46)] = 0.0000836182
E[P_sel(47)] = 0.0000885732
E[P_sel(48)] = 0.0001154273
E[P_sel(49)] = 0.0001791246

---- alpha_dfe = 0.404944

