---- Running command
---- ./polyDFE -d /home/jejames/CapsellaCrossGenome/PolyDFE15/norm.exp7_-6.30606775438977_PolyDFE.input -m C -i /home/jejames/CapsellaCrossGenome/model.txt 1 -e 
---- Performing inference using model C

---- Performing inference on /home/jejames/CapsellaCrossGenome/PolyDFE15/norm.exp7_-6.30606775438977_PolyDFE.input
----      with -i /home/jejames/CapsellaCrossGenome/model.txt 1
---- Data /home/jejames/CapsellaCrossGenome/PolyDFE15/norm.exp7_-6.30606775438977_PolyDFE.input does not contain divergence counts. Using option -w.
---- No mutation variability. Using Poisson likelihood.


---- Calculating initial values

-- Starting local optimization
-- Optimizing all parameters
  it        eps_an     theta_bar           S_d             b           p_b           S_b           r 2           r 3           r 4           r 5           r 6           r 7           r 8           r 9          r 10          r 11          r 12          r 13          r 14          r 15          r 16          r 17          r 18          r 19          r 20          r 21          r 22          r 23          r 24          r 25          r 26          r 27          r 28          r 29          r 30          r 31          r 32          r 33          r 34          r 35          r 36          r 37          r 38          r 39          r 40          r 41          r 42          r 43          r 44          r 45          r 46          r 47          r 48          r 49           ln lk          grad status 
   0           0.1 0.01478532865        -80000         0.208           0.1            20 0.84435318275 0.85819888530 0.84646523907 0.88002346729 0.96872983279 0.89363449691 0.90959225579 0.88759166911 0.92050454678 0.86347902610 0.83848635963 0.85268407157 0.78357289527 0.81138163684 0.82323261953 0.78891170431 0.73393957172 0.99876796714 0.72748606629 0.90554414784 0.75506013493 0.74620123203 0.88847169257 0.95335875623 0.97471399237 0.78726899383 1.02669404517 0.77412731006 0.80962158990 0.98938105016 0.92930478146 0.92736872983 1.22276327368 1.10472279260 1.06870049868 1.17653270753 0.88952772073 1.37741273100 1.41038427691 1.36867116456 1.38480492813 1.77600469345 1.98251686711 2.21765913757 2.54491053094 3.20962158990 4.17905544147             1 -4139.505604517 66.1677199925   -2 
 844 0.00720388057 0.01299546257 -615.63028958 0.30466766761 0.00469690450 12.9390975145 0.87915437211 0.89601705652 0.88923973437 0.91333911944 0.90871287120 0.94948060418 0.94259513871 0.79503503852 0.86717214383 0.85715481178 0.83419776412 0.81838097778 0.73109955683 0.81670711052 0.77550133043 0.69942026967 0.74460977978 0.86867189105 0.64829185452 0.85345102065 0.65288177365 0.60364103355 0.75630723297 0.77416716877 0.85864399686 0.68109867770 0.91108372032 0.67398316464 0.67051658864 0.84566186826 0.76857759395 0.82662485810 0.93026020926 0.97979706807 0.87649978015 0.97200170830 0.86814028804 1.07115096811 1.00117093945 0.92812427048 0.86797976045 1.19316652708 1.26746295009 1.29233652544 1.31082226451 1.66822583774 1.80397337101 2.53195123216 -325.9110984668 0.00021622460   -3 
-- Local optimization: stuck in the same solution
---- Best joint likelihood found -325.911098466802059 with gradient 0.00022

---- Results for /home/jejames/CapsellaCrossGenome/PolyDFE15/norm.exp7_-6.30606775438977_PolyDFE.input 
--  Model: C
--        eps_an     theta_bar             a 
-- 0.00720388057 0.01299546257            -1 
--           S_d             b           p_b           S_b 
-- -615.63028958 0.30466766761 0.00469690450 12.9390975145 
--           r 2           r 3           r 4           r 5           r 6           r 7           r 8           r 9          r 10          r 11          r 12          r 13          r 14          r 15          r 16          r 17          r 18          r 19          r 20          r 21          r 22          r 23          r 24          r 25          r 26          r 27          r 28          r 29          r 30          r 31          r 32          r 33          r 34          r 35          r 36          r 37          r 38          r 39          r 40          r 41          r 42          r 43          r 44          r 45          r 46          r 47          r 48          r 49 
-- 0.87915437211 0.89601705652 0.88923973437 0.91333911944 0.90871287120 0.94948060418 0.94259513871 0.79503503852 0.86717214383 0.85715481178 0.83419776412 0.81838097778 0.73109955683 0.81670711052 0.77550133043 0.69942026967 0.74460977978 0.86867189105 0.64829185452 0.85345102065 0.65288177365 0.60364103355 0.75630723297 0.77416716877 0.85864399686 0.68109867770 0.91108372032 0.67398316464 0.67051658864 0.84566186826 0.76857759395 0.82662485810 0.93026020926 0.97979706807 0.87649978015 0.97200170830 0.86814028804 1.07115096811 1.00117093945 0.92812427048 0.86797976045 1.19316652708 1.26746295009 1.29233652544 1.31082226451 1.66822583774 1.80397337101 2.53195123216 

---- Expected P_neut(i), 0 < i < n (neutral SFS per site) 
E[P_neut(1)] = 0.0129066823
E[P_neut(2)] = 0.0056748751
E[P_neut(3)] = 0.0038567472
E[P_neut(4)] = 0.0028708760
E[P_neut(5)] = 0.0023594405
E[P_neut(6)] = 0.0019567088
E[P_neut(7)] = 0.0017526051
E[P_neut(8)] = 0.0015220867
E[P_neut(9)] = 0.0011418324
E[P_neut(10)] = 0.0011211552
E[P_neut(11)] = 0.0010079238
E[P_neut(12)] = 0.0008990296
E[P_neut(13)] = 0.0008146612
E[P_neut(14)] = 0.0006760317
E[P_neut(15)] = 0.0007050893
E[P_neut(16)] = 0.0006278988
E[P_neut(17)] = 0.0005331575
E[P_neut(18)] = 0.0005359618
E[P_neut(19)] = 0.0005924207
E[P_neut(20)] = 0.0004203005
E[P_neut(21)] = 0.0005265135
E[P_neut(22)] = 0.0003859271
E[P_neut(23)] = 0.0003409739
E[P_neut(24)] = 0.0004096650
E[P_neut(25)] = 0.0004024264
E[P_neut(26)] = 0.0004290306
E[P_neut(27)] = 0.0003279174
E[P_neut(28)] = 0.0004225876
E[P_neut(29)] = 0.0003036539
E[P_neut(30)] = 0.0002913979
E[P_neut(31)] = 0.0003562349
E[P_neut(32)] = 0.0003137499
E[P_neut(33)] = 0.0003270330
E[P_neut(34)] = 0.0003575397
E[P_neut(35)] = 0.0003662741
E[P_neut(36)] = 0.0003190129
E[P_neut(37)] = 0.0003448290
E[P_neut(38)] = 0.0003012609
E[P_neut(39)] = 0.0003616494
E[P_neut(40)] = 0.0003310421
E[P_neut(41)] = 0.0003003313
E[P_neut(42)] = 0.0002776624
E[P_neut(43)] = 0.0003706995
E[P_neut(44)] = 0.0003858288
E[P_neut(45)] = 0.0003876237
E[P_neut(46)] = 0.0003884649
E[P_neut(47)] = 0.0004859013
E[P_neut(48)] = 0.0005260394
E[P_neut(49)] = 0.0007602880

---- Expected P_sel(i), 0 < i < n (selected SFS per site) 
E[P_sel(1)] = 0.0052238248
E[P_sel(2)] = 0.0017074518
E[P_sel(3)] = 0.0010005119
E[P_sel(4)] = 0.0006770568
E[P_sel(5)] = 0.0005191308
E[P_sel(6)] = 0.0004078241
E[P_sel(7)] = 0.0003495170
E[P_sel(8)] = 0.0002925179
E[P_sel(9)] = 0.0002125289
E[P_sel(10)] = 0.0002029412
E[P_sel(11)] = 0.0001779861
E[P_sel(12)] = 0.0001552995
E[P_sel(13)] = 0.0001379362
E[P_sel(14)] = 0.0001124059
E[P_sel(15)] = 0.0001153098
E[P_sel(16)] = 0.0001011347
E[P_sel(17)] = 0.0000846789
E[P_sel(18)] = 0.0000840322
E[P_sel(19)] = 0.0000917761
E[P_sel(20)] = 0.0000643875
E[P_sel(21)] = 0.0000798325
E[P_sel(22)] = 0.0000579453
E[P_sel(23)] = 0.0000507431
E[P_sel(24)] = 0.0000604616
E[P_sel(25)] = 0.0000589388
E[P_sel(26)] = 0.0000623897
E[P_sel(27)] = 0.0000473751
E[P_sel(28)] = 0.0000606845
E[P_sel(29)] = 0.0000433835
E[P_sel(30)] = 0.0000414248
E[P_sel(31)] = 0.0000504316
E[P_sel(32)] = 0.0000442537
E[P_sel(33)] = 0.0000459799
E[P_sel(34)] = 0.0000501496
E[P_sel(35)] = 0.0000512914
E[P_sel(36)] = 0.0000446366
E[P_sel(37)] = 0.0000482543
E[P_sel(38)] = 0.0000422307
E[P_sel(39)] = 0.0000507672
E[P_sel(40)] = 0.0000466652
E[P_sel(41)] = 0.0000425642
E[P_sel(42)] = 0.0000397667
E[P_sel(43)] = 0.0000534362
E[P_sel(44)] = 0.0000562948
E[P_sel(45)] = 0.0000575905
E[P_sel(46)] = 0.0000592016
E[P_sel(47)] = 0.0000763950
E[P_sel(48)] = 0.0000880255
E[P_sel(49)] = 0.0001486717

---- alpha_dfe = 0.346242

