---- Running command
---- ./polyDFE -d /home/jejames/CapsellaCrossGenome/PolyDFE15/norm.exp3_-7.89562360040706_PolyDFE.input -m C -i /home/jejames/CapsellaCrossGenome/model.txt 1 -e 
---- Performing inference using model C

---- Performing inference on /home/jejames/CapsellaCrossGenome/PolyDFE15/norm.exp3_-7.89562360040706_PolyDFE.input
----      with -i /home/jejames/CapsellaCrossGenome/model.txt 1
---- Data /home/jejames/CapsellaCrossGenome/PolyDFE15/norm.exp3_-7.89562360040706_PolyDFE.input does not contain divergence counts. Using option -w.
---- No mutation variability. Using Poisson likelihood.


---- Calculating initial values

-- Starting local optimization
-- Optimizing all parameters
  it        eps_an     theta_bar           S_d             b           p_b           S_b           r 2           r 3           r 4           r 5           r 6           r 7           r 8           r 9          r 10          r 11          r 12          r 13          r 14          r 15          r 16          r 17          r 18          r 19          r 20          r 21          r 22          r 23          r 24          r 25          r 26          r 27          r 28          r 29          r 30          r 31          r 32          r 33          r 34          r 35          r 36          r 37          r 38          r 39          r 40          r 41          r 42          r 43          r 44          r 45          r 46          r 47          r 48          r 49           ln lk          grad status 
   0           0.1 0.01632330918        -80000         0.208           0.1            20 0.92685345896 0.89003223406 0.93454004463 0.86164145797 0.96516241011 0.90559137118 0.80833126704 1.04940490949 0.92672948177 0.88507314654 0.83982147284 0.73413091991 0.90081824944 0.87217951896 1.02851475328 0.73239523927 1.06558393255 0.88098189933 0.89015621125 0.93856930324 0.70096702206 0.87968013885 0.83461443094 0.88333746590 0.91705926109 0.85860401686 0.94768162658 0.87906025291 1.15670716588 1.09918175055 1.18026283163 1.01258368460 1.12335730225 1.13253161418 1.38804859905 1.19036697247 1.13302752293 1.35866600545 1.62410116538 1.75111579469 1.74435903793 1.87385321100 2.16836102157 2.39895859161 2.51214976444 3.82829159434 5.01066203818             1 -4180.729090965 60.2418823686   -2 
1750 0.00009798229 0.01434175000 -459.91844084 0.30114005366 0.00690106619 7.03757565112 0.95555308194 0.91573723743 0.93159449108 0.88238576459 0.89539114970 0.91180262792 0.82631473121 0.98860278485 0.89194969397 0.82967423984 0.87758642520 0.81528793598 0.86331478143 0.84739509580 0.90480907385 0.70917962602 0.86377352971 0.78274732677 0.75089615362 0.88639049803 0.71891126480 0.84403347640 0.76634834881 0.82527668410 0.82675114242 0.74540986846 0.84872761533 0.74684743009 0.86349239082 0.87328713934 0.95595426765 0.88842172773 0.99550781727 0.94405818655 1.16363839483 0.82623996787 1.03869221036 1.07875332843 1.37228184379 1.29594009818 1.24194893347 1.21192803038 1.32430657713 1.58757031372 1.43459220310 2.50285190632 2.64737159858 3.20936143513 -330.0566291019 0.00138630074   -8 
-- Local optimization: reached maximum number of likelihood evaluations allowed.
---- Best joint likelihood found -330.056629101976682 with gradient 0.00139

---- Results for /home/jejames/CapsellaCrossGenome/PolyDFE15/norm.exp3_-7.89562360040706_PolyDFE.input 
--  Model: C
--        eps_an     theta_bar             a 
-- 0.00009798229 0.01434175000            -1 
--           S_d             b           p_b           S_b 
-- -459.91844084 0.30114005366 0.00690106619 7.03757565112 
--           r 2           r 3           r 4           r 5           r 6           r 7           r 8           r 9          r 10          r 11          r 12          r 13          r 14          r 15          r 16          r 17          r 18          r 19          r 20          r 21          r 22          r 23          r 24          r 25          r 26          r 27          r 28          r 29          r 30          r 31          r 32          r 33          r 34          r 35          r 36          r 37          r 38          r 39          r 40          r 41          r 42          r 43          r 44          r 45          r 46          r 47          r 48          r 49 
-- 0.95555308194 0.91573723743 0.93159449108 0.88238576459 0.89539114970 0.91180262792 0.82631473121 0.98860278485 0.89194969397 0.82967423984 0.87758642520 0.81528793598 0.86331478143 0.84739509580 0.90480907385 0.70917962602 0.86377352971 0.78274732677 0.75089615362 0.88639049803 0.71891126480 0.84403347640 0.76634834881 0.82527668410 0.82675114242 0.74540986846 0.84872761533 0.74684743009 0.86349239082 0.87328713934 0.95595426765 0.88842172773 0.99550781727 0.94405818655 1.16363839483 0.82623996787 1.03869221036 1.07875332843 1.37228184379 1.29594009818 1.24194893347 1.21192803038 1.32430657713 1.58757031372 1.43459220310 2.50285190632 2.64737159858 3.20936143513 

---- Expected P_neut(i), 0 < i < n (neutral SFS per site) 
E[P_neut(1)] = 0.0143404368
E[P_neut(2)] = 0.0068515578
E[P_neut(3)] = 0.0043774041
E[P_neut(4)] = 0.0033398904
E[P_neut(5)] = 0.0025307928
E[P_neut(6)] = 0.0021400786
E[P_neut(7)] = 0.0018679773
E[P_neut(8)] = 0.0014812463
E[P_neut(9)] = 0.0015752561
E[P_neut(10)] = 0.0012791348
E[P_neut(11)] = 0.0010816584
E[P_neut(12)] = 0.0010487794
E[P_neut(13)] = 0.0008993783
E[P_neut(14)] = 0.0008843477
E[P_neut(15)] = 0.0008101671
E[P_neut(16)] = 0.0008109958
E[P_neut(17)] = 0.0005982661
E[P_neut(18)] = 0.0006881981
E[P_neut(19)] = 0.0005908220
E[P_neut(20)] = 0.0005384459
E[P_neut(21)] = 0.0006053288
E[P_neut(22)] = 0.0004686533
E[P_neut(23)] = 0.0005262880
E[P_neut(24)] = 0.0004579488
E[P_neut(25)] = 0.0004734365
E[P_neut(26)] = 0.0004560409
E[P_neut(27)] = 0.0003959565
E[P_neut(28)] = 0.0004347262
E[P_neut(29)] = 0.0003693714
E[P_neut(30)] = 0.0004128120
E[P_neut(31)] = 0.0004040333
E[P_neut(32)] = 0.0004284647
E[P_neut(33)] = 0.0003861275
E[P_neut(34)] = 0.0004199596
E[P_neut(35)] = 0.0003868828
E[P_neut(36)] = 0.0004636138
E[P_neut(37)] = 0.0003203196
E[P_neut(38)] = 0.0003920818
E[P_neut(39)] = 0.0003967648
E[P_neut(40)] = 0.0004921002
E[P_neut(41)] = 0.0004534282
E[P_neut(42)] = 0.0004241922
E[P_neut(43)] = 0.0004043567
E[P_neut(44)] = 0.0004318236
E[P_neut(45)] = 0.0005061659
E[P_neut(46)] = 0.0004475566
E[P_neut(47)] = 0.0007640834
E[P_neut(48)] = 0.0007915927
E[P_neut(49)] = 0.0009406573

---- Expected P_sel(i), 0 < i < n (selected SFS per site) 
E[P_sel(1)] = 0.0063207457
E[P_sel(2)] = 0.0022754860
E[P_sel(3)] = 0.0012588100
E[P_sel(4)] = 0.0008751789
E[P_sel(5)] = 0.0006197405
E[P_sel(6)] = 0.0004970959
E[P_sel(7)] = 0.0004156073
E[P_sel(8)] = 0.0003178557
E[P_sel(9)] = 0.0003276904
E[P_sel(10)] = 0.0002589684
E[P_sel(11)] = 0.0002137943
E[P_sel(12)] = 0.0002028940
E[P_sel(13)] = 0.0001706564
E[P_sel(14)] = 0.0001648810
E[P_sel(15)] = 0.0001486460
E[P_sel(16)] = 0.0001466234
E[P_sel(17)] = 0.0001067064
E[P_sel(18)] = 0.0001212188
E[P_sel(19)] = 0.0001028671
E[P_sel(20)] = 0.0000927448
E[P_sel(21)] = 0.0001032286
E[P_sel(22)] = 0.0000791823
E[P_sel(23)] = 0.0000881566
E[P_sel(24)] = 0.0000760975
E[P_sel(25)] = 0.0000780892
E[P_sel(26)] = 0.0000747054
E[P_sel(27)] = 0.0000644538
E[P_sel(28)] = 0.0000703551
E[P_sel(29)] = 0.0000594630
E[P_sel(30)] = 0.0000661392
E[P_sel(31)] = 0.0000644570
E[P_sel(32)] = 0.0000680985
E[P_sel(33)] = 0.0000611718
E[P_sel(34)] = 0.0000663538
E[P_sel(35)] = 0.0000609987
E[P_sel(36)] = 0.0000729860
E[P_sel(37)] = 0.0000503844
E[P_sel(38)] = 0.0000616610
E[P_sel(39)] = 0.0000624335
E[P_sel(40)] = 0.0000775441
E[P_sel(41)] = 0.0000716194
E[P_sel(42)] = 0.0000672292
E[P_sel(43)] = 0.0000643833
E[P_sel(44)] = 0.0000691706
E[P_sel(45)] = 0.0000816998
E[P_sel(46)] = 0.0000729472
E[P_sel(47)] = 0.0001260382
E[P_sel(48)] = 0.0001326491
E[P_sel(49)] = 0.0001613141

---- alpha_dfe = 0.279177

