---- Running command
---- ./polyDFE -d /home/jejames/CapsellaCrossGenome/PolyDFE15/norm.exp12_-5.11918784311306_PolyDFE.input -m C -i /home/jejames/CapsellaCrossGenome/model.txt 1 -e 
---- Performing inference using model C

---- Performing inference on /home/jejames/CapsellaCrossGenome/PolyDFE15/norm.exp12_-5.11918784311306_PolyDFE.input
----      with -i /home/jejames/CapsellaCrossGenome/model.txt 1
---- Data /home/jejames/CapsellaCrossGenome/PolyDFE15/norm.exp12_-5.11918784311306_PolyDFE.input does not contain divergence counts. Using option -w.
---- No mutation variability. Using Poisson likelihood.


---- Calculating initial values

-- Starting local optimization
-- Optimizing all parameters
  it        eps_an     theta_bar           S_d             b           p_b           S_b           r 2           r 3           r 4           r 5           r 6           r 7           r 8           r 9          r 10          r 11          r 12          r 13          r 14          r 15          r 16          r 17          r 18          r 19          r 20          r 21          r 22          r 23          r 24          r 25          r 26          r 27          r 28          r 29          r 30          r 31          r 32          r 33          r 34          r 35          r 36          r 37          r 38          r 39          r 40          r 41          r 42          r 43          r 44          r 45          r 46          r 47          r 48          r 49           ln lk          grad status 
   0           0.1 0.01560384561        -20000         0.406           0.1            20 0.89563207491 0.87601493510 0.97860487168 0.94055591773 0.83956617080 0.90896698868 0.87571860368 0.94411189474 0.76927635867 0.87814852130 0.78942689503 0.91145617258 0.70443904462 0.70852841818 0.83446927043 0.93498488709 0.87370355005 0.63397143365 0.75979375333 0.73679843537 0.77188407514 0.94873466484 1.08386179102 0.85936110946 0.70574290286 0.93451075683 0.74343625911 0.90748533159 0.86943637764 0.93148817637 1.08291353049 1.15782611272 0.96722574527 1.10561251703 1.11159841166 1.06791916078 1.23866532329 1.39376518698 1.33230605108 1.38505304332 1.55076157174 1.73039767676 2.00533396550 2.36294671961 2.48633912167 3.40668523676 4.10786463580             1 -4055.594493539 55.9852003741   -2 
 336 0.00386938341 0.01382739278 -755.19806397 0.37901681629 0.00691904375 10.3820355857 0.92762899451 0.87825149484 0.94682881821 0.93617189073 0.84457892562 0.87531059543 0.87103671050 0.91491482077 0.78855230612 0.85633570214 0.74859542227 0.82664475785 0.68192385774 0.69107493753 0.77664501958 0.82904634593 0.82118576324 0.65794527804 0.67974067357 0.68480925837 0.73636466966 0.77116902105 0.99846845298 0.71881972677 0.55012413579 0.81971275798 0.62693949051 0.72748066672 0.87943938945 0.76673594813 0.98658931333 0.87808480422 0.83939452942 0.90420758785 0.97018391266 0.88092273319 0.90364296761 1.13036358255 0.95911490692 0.91329892993 1.10477020792 1.31542821607 1.33550583997 1.26428882996 1.18393416051 1.74452609273 1.80335140963 3.14713681486 -314.1119811906 0.00241204716   -3 
-- Local optimization: stuck in the same solution
---- Best joint likelihood found -314.111981190698998 with gradient 0.00241

---- Results for /home/jejames/CapsellaCrossGenome/PolyDFE15/norm.exp12_-5.11918784311306_PolyDFE.input 
--  Model: C
--        eps_an     theta_bar             a 
-- 0.00386938341 0.01382739278            -1 
--           S_d             b           p_b           S_b 
-- -755.19806397 0.37901681629 0.00691904375 10.3820355857 
--           r 2           r 3           r 4           r 5           r 6           r 7           r 8           r 9          r 10          r 11          r 12          r 13          r 14          r 15          r 16          r 17          r 18          r 19          r 20          r 21          r 22          r 23          r 24          r 25          r 26          r 27          r 28          r 29          r 30          r 31          r 32          r 33          r 34          r 35          r 36          r 37          r 38          r 39          r 40          r 41          r 42          r 43          r 44          r 45          r 46          r 47          r 48          r 49 
-- 0.92762899451 0.87825149484 0.94682881821 0.93617189073 0.84457892562 0.87531059543 0.87103671050 0.91491482077 0.78855230612 0.85633570214 0.74859542227 0.82664475785 0.68192385774 0.69107493753 0.77664501958 0.82904634593 0.82118576324 0.65794527804 0.67974067357 0.68480925837 0.73636466966 0.77116902105 0.99846845298 0.71881972677 0.55012413579 0.81971275798 0.62693949051 0.72748066672 0.87943938945 0.76673594813 0.98658931333 0.87808480422 0.83939452942 0.90420758785 0.97018391266 0.88092273319 0.90364296761 1.13036358255 0.95911490692 0.91329892993 1.10477020792 1.31542821607 1.33550583997 1.26428882996 1.18393416051 1.74452609273 1.80335140963 3.14713681486 

---- Expected P_neut(i), 0 < i < n (neutral SFS per site) 
E[P_neut(1)] = 0.0137773257
E[P_neut(2)] = 0.0063905397
E[P_neut(3)] = 0.0040342989
E[P_neut(4)] = 0.0032617559
E[P_neut(5)] = 0.0025804488
E[P_neut(6)] = 0.0019404801
E[P_neut(7)] = 0.0017239841
E[P_neut(8)] = 0.0015011028
E[P_neut(9)] = 0.0014014069
E[P_neut(10)] = 0.0010874261
E[P_neut(11)] = 0.0010738301
E[P_neut(12)] = 0.0008605282
E[P_neut(13)] = 0.0008771287
E[P_neut(14)] = 0.0006723522
E[P_neut(15)] = 0.0006359682
E[P_neut(16)] = 0.0006699098
E[P_neut(17)] = 0.0006731409
E[P_neut(18)] = 0.0006300341
E[P_neut(19)] = 0.0004782952
E[P_neut(20)] = 0.0004697021
E[P_neut(21)] = 0.0004505082
E[P_neut(22)] = 0.0004622255
E[P_neut(23)] = 0.0004634503
E[P_neut(24)] = 0.0005741651
E[P_neut(25)] = 0.0003975761
E[P_neut(26)] = 0.0002936624
E[P_neut(27)] = 0.0004199655
E[P_neut(28)] = 0.0003101978
E[P_neut(29)] = 0.0003472702
E[P_neut(30)] = 0.0004055951
E[P_neut(31)] = 0.0003425281
E[P_neut(32)] = 0.0004271025
E[P_neut(33)] = 0.0003691136
E[P_neut(34)] = 0.0003426479
E[P_neut(35)] = 0.0003583066
E[P_neut(36)] = 0.0003738063
E[P_neut(37)] = 0.0003313409
E[P_neut(38)] = 0.0003308819
E[P_neut(39)] = 0.0004033832
E[P_neut(40)] = 0.0003344876
E[P_neut(41)] = 0.0003122604
E[P_neut(42)] = 0.0003681345
E[P_neut(43)] = 0.0004280522
E[P_neut(44)] = 0.0004256020
E[P_neut(45)] = 0.0003969993
E[P_neut(46)] = 0.0003671729
E[P_neut(47)] = 0.0005269166
E[P_neut(48)] = 0.0005422982
E[P_neut(49)] = 0.0009381630

---- Expected P_sel(i), 0 < i < n (selected SFS per site) 
E[P_sel(1)] = 0.0045963930
E[P_sel(2)] = 0.0014667540
E[P_sel(3)] = 0.0007695541
E[P_sel(4)] = 0.0005531151
E[P_sel(5)] = 0.0004019135
E[P_sel(6)] = 0.0002829593
E[P_sel(7)] = 0.0002383289
E[P_sel(8)] = 0.0001984787
E[P_sel(9)] = 0.0001783862
E[P_sel(10)] = 0.0001339148
E[P_sel(11)] = 0.0001284506
E[P_sel(12)] = 0.0001003154
E[P_sel(13)] = 0.0000999181
E[P_sel(14)] = 0.0000750072
E[P_sel(15)] = 0.0000696253
E[P_sel(16)] = 0.0000720994
E[P_sel(17)] = 0.0000713256
E[P_sel(18)] = 0.0000658119
E[P_sel(19)] = 0.0000493161
E[P_sel(20)] = 0.0000478570
E[P_sel(21)] = 0.0000454083
E[P_sel(22)] = 0.0000461333
E[P_sel(23)] = 0.0000458427
E[P_sel(24)] = 0.0000563397
E[P_sel(25)] = 0.0000387309
E[P_sel(26)] = 0.0000284273
E[P_sel(27)] = 0.0000404262
E[P_sel(28)] = 0.0000297199
E[P_sel(29)] = 0.0000331399
E[P_sel(30)] = 0.0000385840
E[P_sel(31)] = 0.0000325131
E[P_sel(32)] = 0.0000404866
E[P_sel(33)] = 0.0000349798
E[P_sel(34)] = 0.0000324924
E[P_sel(35)] = 0.0000340294
E[P_sel(36)] = 0.0000356009
E[P_sel(37)] = 0.0000317047
E[P_sel(38)] = 0.0000318350
E[P_sel(39)] = 0.0000390895
E[P_sel(40)] = 0.0000327230
E[P_sel(41)] = 0.0000309309
E[P_sel(42)] = 0.0000369464
E[P_sel(43)] = 0.0000436692
E[P_sel(44)] = 0.0000443302
E[P_sel(45)] = 0.0000425207
E[P_sel(46)] = 0.0000407442
E[P_sel(47)] = 0.0000606966
E[P_sel(48)] = 0.0000669491
E[P_sel(49)] = 0.0001310343

---- alpha_dfe = 0.515093

