---- Running command
---- ./polyDFE -d /home/jejames/CapsellaCrossGenome/PolyDFE15/norm.exp10_-5.62777918216493_PolyDFE.input -m C -i /home/jejames/CapsellaCrossGenome/model.txt 1 -e 
---- Performing inference using model C

---- Performing inference on /home/jejames/CapsellaCrossGenome/PolyDFE15/norm.exp10_-5.62777918216493_PolyDFE.input
----      with -i /home/jejames/CapsellaCrossGenome/model.txt 1
---- Data /home/jejames/CapsellaCrossGenome/PolyDFE15/norm.exp10_-5.62777918216493_PolyDFE.input does not contain divergence counts. Using option -w.
---- No mutation variability. Using Poisson likelihood.


---- Calculating initial values

-- Starting local optimization
-- Optimizing all parameters
  it        eps_an     theta_bar           S_d             b           p_b           S_b           r 2           r 3           r 4           r 5           r 6           r 7           r 8           r 9          r 10          r 11          r 12          r 13          r 14          r 15          r 16          r 17          r 18          r 19          r 20          r 21          r 22          r 23          r 24          r 25          r 26          r 27          r 28          r 29          r 30          r 31          r 32          r 33          r 34          r 35          r 36          r 37          r 38          r 39          r 40          r 41          r 42          r 43          r 44          r 45          r 46          r 47          r 48          r 49           ln lk          grad status 
   0           0.1 0.01551089129        -20000         0.406           0.1            20 0.83921302578 0.83191994572 0.88986883763 0.89552238805 0.82327001356 0.72936454093 0.71189507010 0.80495251017 0.76436001809 0.84266169154 0.75033921302 0.66293532338 0.84848484848 0.87432157394 0.74084124830 0.57473993668 0.79172320217 0.77877657168 0.62415196743 0.70641112618 0.69527363184 0.77238805970 0.69877883310 0.70669380370 0.69821347806 0.95556309362 0.74559023066 0.90993894165 0.82767978290 1.06032338308 0.94436906377 0.93656716417 0.79002713704 1.10611714156 1.23744911804 1.08355947535 1.27611940298 1.31190637720 1.46540027137 1.47885572139 1.53392130257 1.62149479873 1.99751243781 2.52374491180 2.43159203980 3.14874491180 3.90230664857             1 -4035.783557872 46.6114080878   -2 
 444 0.00196515212 0.01362699881 -1058.4344013 0.29782304202 0.00278625984 12.9391088921 0.88124337458 0.87965645467 0.88170679833 0.88192121844 0.79955310346 0.71545963650 0.72276936981 0.74502288050 0.72643626436 0.77981994602 0.77958378882 0.69980775594 0.78936029200 0.74136555304 0.80598082499 0.65772049753 0.62975355671 0.63040503106 0.60104375837 0.57855554170 0.62268979165 0.69876029414 0.70763147311 0.66435093779 0.69261539632 0.74840688155 0.76845015273 0.75865532785 0.83682253530 0.79321268724 0.81987862076 0.82425888174 0.66474146234 0.73275267208 0.97459979362 0.86472897019 0.95154582252 0.97652499677 1.12421538049 1.19255175199 1.23429762460 1.12937787675 1.31547687962 1.45921534773 1.49519282984 1.80942405148 1.84259013599 3.09188615337 -338.8987435351 0.00406070525   -8 
-- Local optimization: reached maximum number of likelihood evaluations allowed.
---- Best joint likelihood found -338.898743535130393 with gradient 0.00406

---- Results for /home/jejames/CapsellaCrossGenome/PolyDFE15/norm.exp10_-5.62777918216493_PolyDFE.input 
--  Model: C
--        eps_an     theta_bar             a 
-- 0.00196515212 0.01362699881            -1 
--           S_d             b           p_b           S_b 
-- -1058.4344013 0.29782304202 0.00278625984 12.9391088921 
--           r 2           r 3           r 4           r 5           r 6           r 7           r 8           r 9          r 10          r 11          r 12          r 13          r 14          r 15          r 16          r 17          r 18          r 19          r 20          r 21          r 22          r 23          r 24          r 25          r 26          r 27          r 28          r 29          r 30          r 31          r 32          r 33          r 34          r 35          r 36          r 37          r 38          r 39          r 40          r 41          r 42          r 43          r 44          r 45          r 46          r 47          r 48          r 49 
-- 0.88124337458 0.87965645467 0.88170679833 0.88192121844 0.79955310346 0.71545963650 0.72276936981 0.74502288050 0.72643626436 0.77981994602 0.77958378882 0.69980775594 0.78936029200 0.74136555304 0.80598082499 0.65772049753 0.62975355671 0.63040503106 0.60104375837 0.57855554170 0.62268979165 0.69876029414 0.70763147311 0.66435093779 0.69261539632 0.74840688155 0.76845015273 0.75865532785 0.83682253530 0.79321268724 0.81987862076 0.82425888174 0.66474146234 0.73275267208 0.97459979362 0.86472897019 0.95154582252 0.97652499677 1.12421538049 1.19255175199 1.23429762460 1.12937787675 1.31547687962 1.45921534773 1.49519282984 1.80942405148 1.84259013599 3.09188615337 

---- Expected P_neut(i), 0 < i < n (neutral SFS per site) 
E[P_neut(1)] = 0.0136019094
E[P_neut(2)] = 0.0059935797
E[P_neut(3)] = 0.0039888713
E[P_neut(4)] = 0.0029987220
E[P_neut(5)] = 0.0023997328
E[P_neut(6)] = 0.0018131503
E[P_neut(7)] = 0.0013907617
E[P_neut(8)] = 0.0012295148
E[P_neut(9)] = 0.0011266095
E[P_neut(10)] = 0.0009887219
E[P_neut(11)] = 0.0009648271
E[P_neut(12)] = 0.0008842131
E[P_neut(13)] = 0.0007327443
E[P_neut(14)] = 0.0007675445
E[P_neut(15)] = 0.0006727429
E[P_neut(16)] = 0.0006856183
E[P_neut(17)] = 0.0005268538
E[P_neut(18)] = 0.0004765076
E[P_neut(19)] = 0.0004519298
E[P_neut(20)] = 0.0004094633
E[P_neut(21)] = 0.0003753902
E[P_neut(22)] = 0.0003856767
E[P_neut(23)] = 0.0004139290
E[P_neut(24)] = 0.0004017110
E[P_neut(25)] = 0.0003621244
E[P_neut(26)] = 0.0003630866
E[P_neut(27)] = 0.0003777950
E[P_neut(28)] = 0.0003740112
E[P_neut(29)] = 0.0003565267
E[P_neut(30)] = 0.0003801704
E[P_neut(31)] = 0.0003488842
E[P_neut(32)] = 0.0003493909
E[P_neut(33)] = 0.0003407361
E[P_neut(34)] = 0.0002672498
E[P_neut(35)] = 0.0002860549
E[P_neut(36)] = 0.0003696980
E[P_neut(37)] = 0.0003192930
E[P_neut(38)] = 0.0003422985
E[P_neut(39)] = 0.0003424357
E[P_neut(40)] = 0.0003841847
E[P_neut(41)] = 0.0003978013
E[P_neut(42)] = 0.0004021032
E[P_neut(43)] = 0.0003599414
E[P_neut(44)] = 0.0004101771
E[P_neut(45)] = 0.0004457378
E[P_neut(46)] = 0.0004479670
E[P_neut(47)] = 0.0005314386
E[P_neut(48)] = 0.0005338751
E[P_neut(49)] = 0.0008849491

---- Expected P_sel(i), 0 < i < n (selected SFS per site) 
E[P_sel(1)] = 0.0048184516
E[P_sel(2)] = 0.0015668063
E[P_sel(3)] = 0.0008997186
E[P_sel(4)] = 0.0006154574
E[P_sel(5)] = 0.0004598370
E[P_sel(6)] = 0.0003293034
E[P_sel(7)] = 0.0002417778
E[P_sel(8)] = 0.0002060142
E[P_sel(9)] = 0.0001828830
E[P_sel(10)] = 0.0001561063
E[P_sel(11)] = 0.0001486320
E[P_sel(12)] = 0.0001332368
E[P_sel(13)] = 0.0001082265
E[P_sel(14)] = 0.0001113187
E[P_sel(15)] = 0.0000959552
E[P_sel(16)] = 0.0000962985
E[P_sel(17)] = 0.0000729474
E[P_sel(18)] = 0.0000651080
E[P_sel(19)] = 0.0000609929
E[P_sel(20)] = 0.0000546278
E[P_sel(21)] = 0.0000495456
E[P_sel(22)] = 0.0000503922
E[P_sel(23)] = 0.0000535747
E[P_sel(24)] = 0.0000515338
E[P_sel(25)] = 0.0000460702
E[P_sel(26)] = 0.0000458337
E[P_sel(27)] = 0.0000473434
E[P_sel(28)] = 0.0000465504
E[P_sel(29)] = 0.0000440934
E[P_sel(30)] = 0.0000467418
E[P_sel(31)] = 0.0000426651
E[P_sel(32)] = 0.0000425169
E[P_sel(33)] = 0.0000412810
E[P_sel(34)] = 0.0000322606
E[P_sel(35)] = 0.0000344108
E[P_sel(36)] = 0.0000443410
E[P_sel(37)] = 0.0000382130
E[P_sel(38)] = 0.0000409076
E[P_sel(39)] = 0.0000408959
E[P_sel(40)] = 0.0000458765
E[P_sel(41)] = 0.0000475590
E[P_sel(42)] = 0.0000481871
E[P_sel(43)] = 0.0000433215
E[P_sel(44)] = 0.0000496653
E[P_sel(45)] = 0.0000544490
E[P_sel(46)] = 0.0000554343
E[P_sel(47)] = 0.0000669307
E[P_sel(48)] = 0.0000695229
E[P_sel(49)] = 0.0001237302

---- alpha_dfe = 0.261117

