---- Running command
---- ./polyDFE -d /home/jejames/CapsellaCrossGenome/PolyDFE15/norm.exp14_-4.27522770217541_PolyDFE.input -m C -i /home/jejames/CapsellaCrossGenome/model.txt 1 -e 
---- Performing inference using model C

---- Performing inference on /home/jejames/CapsellaCrossGenome/PolyDFE15/norm.exp14_-4.27522770217541_PolyDFE.input
----      with -i /home/jejames/CapsellaCrossGenome/model.txt 1
---- Data /home/jejames/CapsellaCrossGenome/PolyDFE15/norm.exp14_-4.27522770217541_PolyDFE.input does not contain divergence counts. Using option -w.
---- No mutation variability. Using Poisson likelihood.


---- Calculating initial values

-- Starting local optimization
-- Optimizing all parameters
  it        eps_an     theta_bar           S_d             b           p_b           S_b           r 2           r 3           r 4           r 5           r 6           r 7           r 8           r 9          r 10          r 11          r 12          r 13          r 14          r 15          r 16          r 17          r 18          r 19          r 20          r 21          r 22          r 23          r 24          r 25          r 26          r 27          r 28          r 29          r 30          r 31          r 32          r 33          r 34          r 35          r 36          r 37          r 38          r 39          r 40          r 41          r 42          r 43          r 44          r 45          r 46          r 47          r 48          r 49           ln lk          grad status 
   0           0.1 0.01625811753        -20000         0.406           0.1            20 0.95383098070 0.93940701473 0.91918880601 0.89687480737 0.97306293533 0.92640078900 1.02669050114 0.85212352832 0.78592122295 0.86044504715 0.80626271343 1.00567096098 1.06231892991 1.01152684460 0.83930222523 0.83831597115 0.80108487949 0.99081550884 0.80996116624 0.82715897183 0.79874252604  0.7287184861 0.78555137767 0.72428034272 0.86383529556 0.77556555507 0.58854712445 0.98495962522 0.87468409048 1.09683782284 1.14010972076 0.97639154287 1.12963077112 1.22110583739 1.32922394131 1.31140972693 1.61622387967 1.49288047833 1.46705294951 1.37483819268 1.91062072366 2.02237563952 1.95007088701 2.52419404549 2.81279664673 3.36066079023 4.83165875608             1 -4123.919927759 63.0517326989   -2 
 701 0.00087764025 0.01460765704 -1237.5529348 0.35026661625 0.00571210023 4.16679659381 0.92249110507 0.93610515790 0.89904875353 0.86016558271 0.91780340538 0.88589693513 0.91765820139 0.88730352797 0.76730270454 0.80655626988 0.81475462097 0.88398107570 0.98453191327 0.96325894349 0.81746538197 0.83980365841 0.71846358502 0.90173033621 0.74953319196 0.78943730924 0.65681063162 0.69752923203 0.75802407260 0.73208413681 0.79392146383 0.64358030472 0.52375402927 0.85550186300 0.64649308384 0.89202505322 1.01189479316 0.79280492687 0.89943831172 0.92617417174 0.96749627049 0.99488707768 1.23612921826 1.23713801302 1.05946340850 1.01859568639 1.32952997291 1.23893400941 1.33541828165 1.57999310787 1.68320928265 1.73033688787 2.26999301866 3.18368755848 -312.1186576276 0.00066780297   -8 
-- Local optimization: reached maximum number of likelihood evaluations allowed.
---- Best joint likelihood found -312.118657627653590 with gradient 0.00067

---- Results for /home/jejames/CapsellaCrossGenome/PolyDFE15/norm.exp14_-4.27522770217541_PolyDFE.input 
--  Model: C
--        eps_an     theta_bar             a 
-- 0.00087764025 0.01460765704            -1 
--           S_d             b           p_b           S_b 
-- -1237.5529348 0.35026661625 0.00571210023 4.16679659381 
--           r 2           r 3           r 4           r 5           r 6           r 7           r 8           r 9          r 10          r 11          r 12          r 13          r 14          r 15          r 16          r 17          r 18          r 19          r 20          r 21          r 22          r 23          r 24          r 25          r 26          r 27          r 28          r 29          r 30          r 31          r 32          r 33          r 34          r 35          r 36          r 37          r 38          r 39          r 40          r 41          r 42          r 43          r 44          r 45          r 46          r 47          r 48          r 49 
-- 0.92249110507 0.93610515790 0.89904875353 0.86016558271 0.91780340538 0.88589693513 0.91765820139 0.88730352797 0.76730270454 0.80655626988 0.81475462097 0.88398107570 0.98453191327 0.96325894349 0.81746538197 0.83980365841 0.71846358502 0.90173033621 0.74953319196 0.78943730924 0.65681063162 0.69752923203 0.75802407260 0.73208413681 0.79392146383 0.64358030472 0.52375402927 0.85550186300 0.64649308384 0.89202505322 1.01189479316 0.79280492687 0.89943831172 0.92617417174 0.96749627049 0.99488707768 1.23612921826 1.23713801302 1.05946340850 1.01859568639 1.32952997291 1.23893400941 1.33541828165 1.57999310787 1.68320928265 1.73033688787 2.26999301866 3.18368755848 

---- Expected P_neut(i), 0 < i < n (neutral SFS per site) 
E[P_neut(1)] = 0.0145956698
E[P_neut(2)] = 0.0067324098
E[P_neut(3)] = 0.0045545727
E[P_neut(4)] = 0.0032808366
E[P_neut(5)] = 0.0025112454
E[P_neut(6)] = 0.0022329209
E[P_neut(7)] = 0.0018474438
E[P_neut(8)] = 0.0016745398
E[P_neut(9)] = 0.0014392130
E[P_neut(10)] = 0.0011202053
E[P_neut(11)] = 0.0010705482
E[P_neut(12)] = 0.0009913513
E[P_neut(13)] = 0.0009927724
E[P_neut(14)] = 0.0010267076
E[P_neut(15)] = 0.0009375797
E[P_neut(16)] = 0.0007460125
E[P_neut(17)] = 0.0007212961
E[P_neut(18)] = 0.0005829531
E[P_neut(19)] = 0.0006930324
E[P_neut(20)] = 0.0005472420
E[P_neut(21)] = 0.0005490310
E[P_neut(22)] = 0.0004359691
E[P_neut(23)] = 0.0004429284
E[P_neut(24)] = 0.0004613597
E[P_neut(25)] = 0.0004277614
E[P_neut(26)] = 0.0004460647
E[P_neut(27)] = 0.0003482758
E[P_neut(28)] = 0.0002733865
E[P_neut(29)] = 0.0004310306
E[P_neut(30)] = 0.0003149958
E[P_neut(31)] = 0.0004205749
E[P_neut(32)] = 0.0004620254
E[P_neut(33)] = 0.0003512654
E[P_neut(34)] = 0.0003867478
E[P_neut(35)] = 0.0003870336
E[P_neut(36)] = 0.0003931363
E[P_neut(37)] = 0.0003933100
E[P_neut(38)] = 0.0004756363
E[P_neut(39)] = 0.0004639100
E[P_neut(40)] = 0.0003875511
E[P_neut(41)] = 0.0003638551
E[P_neut(42)] = 0.0004634771
E[P_neut(43)] = 0.0004221350
E[P_neut(44)] = 0.0004449204
E[P_neut(45)] = 0.0005146442
E[P_neut(46)] = 0.0005369286
E[P_neut(47)] = 0.0005413192
E[P_neut(48)] = 0.0006961253
E[P_neut(49)] = 0.0009610937

---- Expected P_sel(i), 0 < i < n (selected SFS per site) 
E[P_sel(1)] = 0.0044040001
E[P_sel(2)] = 0.0014167928
E[P_sel(3)] = 0.0008063732
E[P_sel(4)] = 0.0005205568
E[P_sel(5)] = 0.0003681093
E[P_sel(6)] = 0.0003077987
E[P_sel(7)] = 0.0002422602
E[P_sel(8)] = 0.0002105923
E[P_sel(9)] = 0.0001746303
E[P_sel(10)] = 0.0001317433
E[P_sel(11)] = 0.0001224789
E[P_sel(12)] = 0.0001106621
E[P_sel(13)] = 0.0001083963
E[P_sel(14)] = 0.0001098750
E[P_sel(15)] = 0.0000985177
E[P_sel(16)] = 0.0000770849
E[P_sel(17)] = 0.0000733917
E[P_sel(18)] = 0.0000584764
E[P_sel(19)] = 0.0000686120
E[P_sel(20)] = 0.0000535226
E[P_sel(21)] = 0.0000530935
E[P_sel(22)] = 0.0000417202
E[P_sel(23)] = 0.0000419749
E[P_sel(24)] = 0.0000433277
E[P_sel(25)] = 0.0000398368
E[P_sel(26)] = 0.0000412200
E[P_sel(27)] = 0.0000319537
E[P_sel(28)] = 0.0000249181
E[P_sel(29)] = 0.0000390495
E[P_sel(30)] = 0.0000283816
E[P_sel(31)] = 0.0000377067
E[P_sel(32)] = 0.0000412380
E[P_sel(33)] = 0.0000312330
E[P_sel(34)] = 0.0000342722
E[P_sel(35)] = 0.0000342041
E[P_sel(36)] = 0.0000346670
E[P_sel(37)] = 0.0000346246
E[P_sel(38)] = 0.0000418242
E[P_sel(39)] = 0.0000407789
E[P_sel(40)] = 0.0000340823
E[P_sel(41)] = 0.0000320430
E[P_sel(42)] = 0.0000408879
E[P_sel(43)] = 0.0000373552
E[P_sel(44)] = 0.0000395325
E[P_sel(45)] = 0.0000459500
E[P_sel(46)] = 0.0000482786
E[P_sel(47)] = 0.0000491593
E[P_sel(48)] = 0.0000640104
E[P_sel(49)] = 0.0000909881

---- alpha_dfe = 0.270038

