---- Running command
---- ./polyDFE -d /home/jejames/CapsellaCrossGenome/PolyDFE15/norm.exp6_-6.59296247563717_PolyDFE.input -m C -i /home/jejames/CapsellaCrossGenome/model.txt 1 -e 
---- Performing inference using model C

---- Performing inference on /home/jejames/CapsellaCrossGenome/PolyDFE15/norm.exp6_-6.59296247563717_PolyDFE.input
----      with -i /home/jejames/CapsellaCrossGenome/model.txt 1
---- Data /home/jejames/CapsellaCrossGenome/PolyDFE15/norm.exp6_-6.59296247563717_PolyDFE.input does not contain divergence counts. Using option -w.
---- No mutation variability. Using Poisson likelihood.


---- Calculating initial values

-- Starting local optimization
-- Optimizing all parameters
  it        eps_an     theta_bar           S_d             b           p_b           S_b           r 2           r 3           r 4           r 5           r 6           r 7           r 8           r 9          r 10          r 11          r 12          r 13          r 14          r 15          r 16          r 17          r 18          r 19          r 20          r 21          r 22          r 23          r 24          r 25          r 26          r 27          r 28          r 29          r 30          r 31          r 32          r 33          r 34          r 35          r 36          r 37          r 38          r 39          r 40          r 41          r 42          r 43          r 44          r 45          r 46          r 47          r 48          r 49           ln lk          grad status 
   0           0.1 0.01502186693        -80000         0.208           0.1            20 0.92482997255 0.91958000238 0.84930199260 0.90800620451 0.78498985801 0.90412838563 0.82854074692 0.88700632382 0.95334685598 0.73171459253 0.88843813387 0.91594081851 0.77174561508 0.81434196396 0.88485860875 0.95030425963 0.98472735950 0.76852404247 0.72545042357 0.66650757666 0.84130771984 0.97148311657 0.90633575945 0.67116095931 0.64682018852 0.98580121703 1.08411884023 0.94809688581 0.91635842978 1.07636320248 1.09390287555 1.16746211669 1.18255578093 0.89786421668 1.19412957880 1.03525832239 1.38062283737 1.38438133874 1.67521775444 1.53609354492 1.66376327407 2.16770075170 1.82961460446 2.24436224794 2.50005965875 3.37036153203 4.57892852881             1 -4280.648110726 62.7076546439   -2 
 983 0.00582262036 0.01356382584 -670.96351128 0.27333084551 0.00011485806 0.54220209934 0.90020850563 0.86698641393 0.81358032589 0.85304989267 0.78548349536 0.89305603028 0.86615454715 0.84748198773 0.93899272615 0.80496449753 0.89714487579 0.82159130073 0.72252125932 0.80253995014 0.73711527030 0.89009814970 0.82290409809 0.73462478565 0.64349463890 0.67866716846 0.76810256632 0.74922496027 0.78574979696 0.66577574716 0.67771145135 0.85871396704 0.82257223236 0.80926397800 0.78274626117 0.94777273685 0.86764273587 0.87471554594 0.91578448198 0.74086985258 0.99606410857 0.76071207552 1.00135511640 1.09316447519 1.22196531145 1.05465985829 1.13286784334 1.43728315641 1.21122252805 1.12684604184 1.26070003200 1.70088493475 2.17810581919 2.63723281623 -329.4735282139 0.00008730746    0 
---- Best joint likelihood found -329.473528213983514 with gradient 0.00009

---- Results for /home/jejames/CapsellaCrossGenome/PolyDFE15/norm.exp6_-6.59296247563717_PolyDFE.input 
--  Model: C
--        eps_an     theta_bar             a 
-- 0.00582262036 0.01356382584            -1 
--           S_d             b           p_b           S_b 
-- -670.96351128 0.27333084551 0.00011485806 0.54220209934 
--           r 2           r 3           r 4           r 5           r 6           r 7           r 8           r 9          r 10          r 11          r 12          r 13          r 14          r 15          r 16          r 17          r 18          r 19          r 20          r 21          r 22          r 23          r 24          r 25          r 26          r 27          r 28          r 29          r 30          r 31          r 32          r 33          r 34          r 35          r 36          r 37          r 38          r 39          r 40          r 41          r 42          r 43          r 44          r 45          r 46          r 47          r 48          r 49 
-- 0.90020850563 0.86698641393 0.81358032589 0.85304989267 0.78548349536 0.89305603028 0.86615454715 0.84748198773 0.93899272615 0.80496449753 0.89714487579 0.82159130073 0.72252125932 0.80253995014 0.73711527030 0.89009814970 0.82290409809 0.73462478565 0.64349463890 0.67866716846 0.76810256632 0.74922496027 0.78574979696 0.66577574716 0.67771145135 0.85871396704 0.82257223236 0.80926397800 0.78274626117 0.94777273685 0.86764273587 0.87471554594 0.91578448198 0.74086985258 0.99606410857 0.76071207552 1.00135511640 1.09316447519 1.22196531145 1.05465985829 1.13286784334 1.43728315641 1.21122252805 1.12684604184 1.26070003200 1.70088493475 2.17810581919 2.63723281623 

---- Expected P_neut(i), 0 < i < n (neutral SFS per site) 
E[P_neut(1)] = 0.0134890995
E[P_neut(2)] = 0.0060731716
E[P_neut(3)] = 0.0038999183
E[P_neut(4)] = 0.0027449164
E[P_neut(5)] = 0.0023026274
E[P_neut(6)] = 0.0017675284
E[P_neut(7)] = 0.0017230292
E[P_neut(8)] = 0.0014621256
E[P_neut(9)] = 0.0012718278
E[P_neut(10)] = 0.0012686302
E[P_neut(11)] = 0.0009890159
E[P_neut(12)] = 0.0010102364
E[P_neut(13)] = 0.0008538572
E[P_neut(14)] = 0.0006981202
E[P_neut(15)] = 0.0007231471
E[P_neut(16)] = 0.0006233702
E[P_neut(17)] = 0.0007081428
E[P_neut(18)] = 0.0006186268
E[P_neut(19)] = 0.0005237990
E[P_neut(20)] = 0.0004359320
E[P_neut(21)] = 0.0004380003
E[P_neut(22)] = 0.0004731268
E[P_neut(23)] = 0.0004417807
E[P_neut(24)] = 0.0004435468
E[P_neut(25)] = 0.0003612187
E[P_neut(26)] = 0.0003540794
E[P_neut(27)] = 0.0004314478
E[P_neut(28)] = 0.0003989096
E[P_neut(29)] = 0.0003788559
E[P_neut(30)] = 0.0003543816
E[P_neut(31)] = 0.0004153301
E[P_neut(32)] = 0.0003692366
E[P_neut(33)] = 0.0003615717
E[P_neut(34)] = 0.0003668507
E[P_neut(35)] = 0.0002896689
E[P_neut(36)] = 0.0003771807
E[P_neut(37)] = 0.0002822369
E[P_neut(38)] = 0.0003612498
E[P_neut(39)] = 0.0003837578
E[P_neut(40)] = 0.0004193663
E[P_neut(41)] = 0.0003543132
E[P_neut(42)] = 0.0003722782
E[P_neut(43)] = 0.0004608095
E[P_neut(44)] = 0.0003815472
E[P_neut(45)] = 0.0003511487
E[P_neut(46)] = 0.0003856363
E[P_neut(47)] = 0.0005108277
E[P_neut(48)] = 0.0006474526
E[P_neut(49)] = 0.0008047461

---- Expected P_sel(i), 0 < i < n (selected SFS per site) 
E[P_sel(1)] = 0.0056502646
E[P_sel(2)] = 0.0019395379
E[P_sel(3)] = 0.0010881089
E[P_sel(4)] = 0.0007018976
E[P_sel(5)] = 0.0005524224
E[P_sel(6)] = 0.0004033194
E[P_sel(7)] = 0.0003773514
E[P_sel(8)] = 0.0003093298
E[P_sel(9)] = 0.0002611299
E[P_sel(10)] = 0.0002536897
E[P_sel(11)] = 0.0001931749
E[P_sel(12)] = 0.0001932012
E[P_sel(13)] = 0.0001601895
E[P_sel(14)] = 0.0001286516
E[P_sel(15)] = 0.0001311333
E[P_sel(16)] = 0.0001113261
E[P_sel(17)] = 0.0001247060
E[P_sel(18)] = 0.0001075076
E[P_sel(19)] = 0.0000898955
E[P_sel(20)] = 0.0000739459
E[P_sel(21)] = 0.0000734783
E[P_sel(22)] = 0.0000785435
E[P_sel(23)] = 0.0000726092
E[P_sel(24)] = 0.0000722111
E[P_sel(25)] = 0.0000582748
E[P_sel(26)] = 0.0000566301
E[P_sel(27)] = 0.0000684297
E[P_sel(28)] = 0.0000627678
E[P_sel(29)] = 0.0000591554
E[P_sel(30)] = 0.0000549282
E[P_sel(31)] = 0.0000639193
E[P_sel(32)] = 0.0000564553
E[P_sel(33)] = 0.0000549354
E[P_sel(34)] = 0.0000553709
E[P_sel(35)] = 0.0000434967
E[P_sel(36)] = 0.0000562588
E[P_sel(37)] = 0.0000419350
E[P_sel(38)] = 0.0000533698
E[P_sel(39)] = 0.0000563807
E[P_sel(40)] = 0.0000613672
E[P_sel(41)] = 0.0000516792
E[P_sel(42)] = 0.0000541207
E[P_sel(43)] = 0.0000666985
E[P_sel(44)] = 0.0000552059
E[P_sel(45)] = 0.0000510696
E[P_sel(46)] = 0.0000562126
E[P_sel(47)] = 0.0000748481
E[P_sel(48)] = 0.0000968259
E[P_sel(49)] = 0.0001340068

---- alpha_dfe = 0.001098

