---- Running command
---- ./polyDFE -d RevisionsCapsellaPolyDFE/aranetconneccorrec5_-0.525447705040698_PolyDFE.input -m C -i /home/jejames/ArabidopsisCrossGenome/model.txt 1 -e 
---- Performing inference using model C

---- Performing inference on RevisionsCapsellaPolyDFE/aranetconneccorrec5_-0.525447705040698_PolyDFE.input
----      with -i /home/jejames/ArabidopsisCrossGenome/model.txt 1
---- Data RevisionsCapsellaPolyDFE/aranetconneccorrec5_-0.525447705040698_PolyDFE.input does not contain divergence counts. Using option -w.
---- No mutation variability. Using Poisson likelihood.


---- Calculating initial values

-- Starting local optimization
-- Optimizing all parameters
  it        eps_an     theta_bar           S_d             b           p_b           S_b           r 2           r 3           r 4           r 5           r 6           r 7           r 8           r 9          r 10          r 11          r 12          r 13          r 14          r 15          r 16          r 17          r 18          r 19          r 20          r 21          r 22          r 23          r 24          r 25          r 26          r 27          r 28          r 29          r 30          r 31          r 32          r 33          r 34          r 35          r 36          r 37          r 38          r 39          r 40          r 41          r 42          r 43          r 44          r 45          r 46          r 47          r 48          r 49           ln lk          grad status 
   0           0.1 0.01608701545        -80000         0.208           0.1            20 0.87252506529 0.85938158227 0.86477378043 1.03420675709 0.94784733338 0.80798719352 0.99351251158 1.11011879686 0.93942202375 0.81649675625 0.88162439969 0.71631982475 0.81388491027 0.78481759204 0.87892830061 0.79636026623 0.79922487151 0.86123515039 0.79703429101 0.75372819951 0.58758109360 0.87589518914 0.92206588592 0.73721459263 0.75355969331 0.88263543685 0.69121240205 0.96267587833 0.85179880360 0.94548824669 0.92476198500 1.01204819277 1.22605105737 1.14710590614 1.12225124273 1.14095543011 1.30626000505 1.60679079956 1.19639396747 1.29884573258 1.36591119723 1.48538208779 2.05746061167 2.48336001348 2.37964445193 3.00952059988 4.37576880950             1 -3076.163165288 45.8213806233   -2 
 928 0.00175060567 0.01428467293 -600.62208217 0.30294123790 0.00378558622 6.42083699941 0.88170878991 0.84655423487 0.89846181138 1.01529535026 0.92133308349 0.83313708744 0.99515741910 0.96219540078 0.91272248507 0.77399367952 0.80058998766 0.71004918025 0.73365747197 0.82490968377 0.86399657870 0.74030427387 0.74760358109 0.71528959537 0.65625170002 0.65343097984 0.64719308895 0.92307579174 0.75537286582 0.67326745940 0.73857564387 0.84458909042 0.53718689601 0.81694943671 0.71967074699 0.87693708109 0.69463935058 0.84279271661 1.12769931137 0.89601771624 0.87158666984 0.93197407576 1.08429263462 1.03909235799 0.81564610479 0.79571294714 0.95403531867 0.99787151241 1.39586570024 1.37877649141 1.18547698572 1.46994860737 2.06839207076 2.66097737163 -304.7752647884 0.00058034534   -8 
-- Local optimization: reached maximum number of likelihood evaluations allowed.
---- Best joint likelihood found -304.775264788461016 with gradient 0.00058

---- Results for RevisionsCapsellaPolyDFE/aranetconneccorrec5_-0.525447705040698_PolyDFE.input 
--  Model: C
--        eps_an     theta_bar             a 
-- 0.00175060567 0.01428467293            -1 
--           S_d             b           p_b           S_b 
-- -600.62208217 0.30294123790 0.00378558622 6.42083699941 
--           r 2           r 3           r 4           r 5           r 6           r 7           r 8           r 9          r 10          r 11          r 12          r 13          r 14          r 15          r 16          r 17          r 18          r 19          r 20          r 21          r 22          r 23          r 24          r 25          r 26          r 27          r 28          r 29          r 30          r 31          r 32          r 33          r 34          r 35          r 36          r 37          r 38          r 39          r 40          r 41          r 42          r 43          r 44          r 45          r 46          r 47          r 48          r 49 
-- 0.88170878991 0.84655423487 0.89846181138 1.01529535026 0.92133308349 0.83313708744 0.99515741910 0.96219540078 0.91272248507 0.77399367952 0.80058998766 0.71004918025 0.73365747197 0.82490968377 0.86399657870 0.74030427387 0.74760358109 0.71528959537 0.65625170002 0.65343097984 0.64719308895 0.92307579174 0.75537286582 0.67326745940 0.73857564387 0.84458909042 0.53718689601 0.81694943671 0.71967074699 0.87693708109 0.69463935058 0.84279271661 1.12769931137 0.89601771624 0.87158666984 0.93197407576 1.08429263462 1.03909235799 0.81564610479 0.79571294714 0.95403531867 0.99787151241 1.39586570024 1.37877649141 1.18547698572 1.46994860737 2.06839207076 2.66097737163 

---- Expected P_neut(i), 0 < i < n (neutral SFS per site) 
E[P_neut(1)] = 0.0142610241
E[P_neut(2)] = 0.0062875141
E[P_neut(3)] = 0.0040246423
E[P_neut(4)] = 0.0032035858
E[P_neut(5)] = 0.0028963207
E[P_neut(6)] = 0.0021904437
E[P_neut(7)] = 0.0016977598
E[P_neut(8)] = 0.0017743946
E[P_neut(9)] = 0.0015249948
E[P_neut(10)] = 0.0013020217
E[P_neut(11)] = 0.0010040200
E[P_neut(12)] = 0.0009520590
E[P_neut(13)] = 0.0007794810
E[P_neut(14)] = 0.0007478705
E[P_neut(15)] = 0.0007848360
E[P_neut(16)] = 0.0007708483
E[P_neut(17)] = 0.0006216088
E[P_neut(18)] = 0.0005927971
E[P_neut(19)] = 0.0005375385
E[P_neut(20)] = 0.0004684964
E[P_neut(21)] = 0.0004444048
E[P_neut(22)] = 0.0004199687
E[P_neut(23)] = 0.0005730758
E[P_neut(24)] = 0.0004495172
E[P_neut(25)] = 0.0003846962
E[P_neut(26)] = 0.0004058579
E[P_neut(27)] = 0.0004470613
E[P_neut(28)] = 0.0002743109
E[P_neut(29)] = 0.0004024825
E[P_neut(30)] = 0.0003428960
E[P_neut(31)] = 0.0004043230
E[P_neut(32)] = 0.0003105800
E[P_neut(33)] = 0.0003652691
E[P_neut(34)] = 0.0004743096
E[P_neut(35)] = 0.0003664299
E[P_neut(36)] = 0.0003465475
E[P_neut(37)] = 0.0003605453
E[P_neut(38)] = 0.0004085539
E[P_neut(39)] = 0.0003816855
E[P_neut(40)] = 0.0002930535
E[P_neut(41)] = 0.0002794199
E[P_neut(42)] = 0.0003270208
E[P_neut(43)] = 0.0003338906
E[P_neut(44)] = 0.0004562167
E[P_neut(45)] = 0.0004419866
E[P_neut(46)] = 0.0003731062
E[P_neut(47)] = 0.0004530348
E[P_neut(48)] = 0.0006254948
E[P_neut(49)] = 0.0007993874

---- Expected P_sel(i), 0 < i < n (selected SFS per site) 
E[P_sel(1)] = 0.0058215859
E[P_sel(2)] = 0.0019109677
E[P_sel(3)] = 0.0010551055
E[P_sel(4)] = 0.0007635703
E[P_sel(5)] = 0.0006440396
E[P_sel(6)] = 0.0004613613
E[P_sel(7)] = 0.0003421102
E[P_sel(8)] = 0.0003444763
E[P_sel(9)] = 0.0002867109
E[P_sel(10)] = 0.0002380037
E[P_sel(11)] = 0.0001789990
E[P_sel(12)] = 0.0001659780
E[P_sel(13)] = 0.0001331668
E[P_sel(14)] = 0.0001254303
E[P_sel(15)] = 0.0001294204
E[P_sel(16)] = 0.0001251404
E[P_sel(17)] = 0.0000994656
E[P_sel(18)] = 0.0000935909
E[P_sel(19)] = 0.0000838070
E[P_sel(20)] = 0.0000721931
E[P_sel(21)] = 0.0000677327
E[P_sel(22)] = 0.0000633549
E[P_sel(23)] = 0.0000856197
E[P_sel(24)] = 0.0000665518
E[P_sel(25)] = 0.0000564703
E[P_sel(26)] = 0.0000591001
E[P_sel(27)] = 0.0000646110
E[P_sel(28)] = 0.0000393654
E[P_sel(29)] = 0.0000573739
E[P_sel(30)] = 0.0000485787
E[P_sel(31)] = 0.0000569502
E[P_sel(32)] = 0.0000435174
E[P_sel(33)] = 0.0000509256
E[P_sel(34)] = 0.0000658282
E[P_sel(35)] = 0.0000506570
E[P_sel(36)] = 0.0000477351
E[P_sel(37)] = 0.0000495065
E[P_sel(38)] = 0.0000559533
E[P_sel(39)] = 0.0000521703
E[P_sel(40)] = 0.0000400369
E[P_sel(41)] = 0.0000381697
E[P_sel(42)] = 0.0000446710
E[P_sel(43)] = 0.0000456341
E[P_sel(44)] = 0.0000624454
E[P_sel(45)] = 0.0000607875
E[P_sel(46)] = 0.0000516855
E[P_sel(47)] = 0.0000632422
E[P_sel(48)] = 0.0000884994
E[P_sel(49)] = 0.0001185698

---- alpha_dfe = 0.175405

