---- Running command
---- ./polyDFE -d RevisionsCapsellaPolyDFE/aranetconneccorrec18_0.747690025062537_PolyDFE.input -m C -i /home/jejames/ArabidopsisCrossGenome/model.txt 1 -e 
---- Performing inference using model C

---- Performing inference on RevisionsCapsellaPolyDFE/aranetconneccorrec18_0.747690025062537_PolyDFE.input
----      with -i /home/jejames/ArabidopsisCrossGenome/model.txt 1
---- Data RevisionsCapsellaPolyDFE/aranetconneccorrec18_0.747690025062537_PolyDFE.input does not contain divergence counts. Using option -w.
---- No mutation variability. Using Poisson likelihood.


---- Calculating initial values

-- Starting local optimization
-- Optimizing all parameters
  it        eps_an     theta_bar           S_d             b           p_b           S_b           r 2           r 3           r 4           r 5           r 6           r 7           r 8           r 9          r 10          r 11          r 12          r 13          r 14          r 15          r 16          r 17          r 18          r 19          r 20          r 21          r 22          r 23          r 24          r 25          r 26          r 27          r 28          r 29          r 30          r 31          r 32          r 33          r 34          r 35          r 36          r 37          r 38          r 39          r 40          r 41          r 42          r 43          r 44          r 45          r 46          r 47          r 48          r 49           ln lk          grad status 
   0           0.1 0.01504937958        -20000         0.406           0.1            20 0.97661113915 0.88389702170 0.89685344102 0.87876493353 0.80767289247 0.82567726737 0.93488137304 0.72463402322 0.73531886252 0.90047114252 0.79656739020 0.94497728419 0.75147232037 0.79631499242 0.87767120982 0.78806999831 1.03584048460 0.61862695608 0.65791687699 0.83038869257 0.42756183745 0.95010937237 0.74305906108 0.84132592966 0.94497728419 0.95179202423 0.93992932862 0.75635201076 0.80514891468 0.94674406865 0.85074878007 1.10777385159 1.22429749284 1.17491166077 1.64159515396 1.29496887094 0.96230859835 1.17137809187 1.16439508665 1.56259464916 1.77031802120 1.94632340568 1.77688036345 2.12392730943 2.41881204778 3.15547703180 4.82988389702             1 -3033.199782105 41.4543286655   -2 
1261 0.01197469952 0.01359929104 -1315.7966554 0.31832684843 0.00014926928 0.45596503311 0.96273973458 0.89175245490 0.83294751378 0.83981406308 0.80851385425 0.81107871701 0.87053007977 0.71347489701 0.74476413892 0.90762032322 0.76936667436 0.89668703097 0.62187541715 0.77037621055 0.79382474822 0.80500025555 0.91319773869 0.61720157073 0.64232305182 0.70946619945 0.42469577872 0.87782561881 0.64359977165 0.86687028763 0.71557188516 0.75573683453 0.94025086653 0.74075788666 0.73695671818 0.76334332542 0.64569750946 0.91583833251 0.92674667088 0.86110467379 1.29803333798 0.90517841569 0.68628301828 0.82213902827 0.82721313439 1.20264253798 1.17117312325 1.10695661548 1.09021561515 1.19097478827 1.09278728904 1.52203639165 1.92322296319 2.87242910045 -296.1961187462 0.00007123897    0 
---- Best joint likelihood found -296.196118746213642 with gradient 0.00007

---- Results for RevisionsCapsellaPolyDFE/aranetconneccorrec18_0.747690025062537_PolyDFE.input 
--  Model: C
--        eps_an     theta_bar             a 
-- 0.01197469952 0.01359929104            -1 
--           S_d             b           p_b           S_b 
-- -1315.7966554 0.31832684843 0.00014926928 0.45596503311 
--           r 2           r 3           r 4           r 5           r 6           r 7           r 8           r 9          r 10          r 11          r 12          r 13          r 14          r 15          r 16          r 17          r 18          r 19          r 20          r 21          r 22          r 23          r 24          r 25          r 26          r 27          r 28          r 29          r 30          r 31          r 32          r 33          r 34          r 35          r 36          r 37          r 38          r 39          r 40          r 41          r 42          r 43          r 44          r 45          r 46          r 47          r 48          r 49 
-- 0.96273973458 0.89175245490 0.83294751378 0.83981406308 0.80851385425 0.81107871701 0.87053007977 0.71347489701 0.74476413892 0.90762032322 0.76936667436 0.89668703097 0.62187541715 0.77037621055 0.79382474822 0.80500025555 0.91319773869 0.61720157073 0.64232305182 0.70946619945 0.42469577872 0.87782561881 0.64359977165 0.86687028763 0.71557188516 0.75573683453 0.94025086653 0.74075788666 0.73695671818 0.76334332542 0.64569750946 0.91583833251 0.92674667088 0.86110467379 1.29803333798 0.90517841569 0.68628301828 0.82213902827 0.82721313439 1.20264253798 1.17117312325 1.10695661548 1.09021561515 1.19097478827 1.09278728904 1.52203639165 1.92322296319 2.87242910045 

---- Expected P_neut(i), 0 < i < n (neutral SFS per site) 
E[P_neut(1)] = 0.0134459899
E[P_neut(2)] = 0.0064744239
E[P_neut(3)] = 0.0039992675
E[P_neut(4)] = 0.0028018317
E[P_neut(5)] = 0.0022611328
E[P_neut(6)] = 0.0018146268
E[P_neut(7)] = 0.0015610513
E[P_neut(8)] = 0.0014666446
E[P_neut(9)] = 0.0010699507
E[P_neut(10)] = 0.0010040659
E[P_neut(11)] = 0.0011120865
E[P_neut(12)] = 0.0008644037
E[P_neut(13)] = 0.0009307751
E[P_neut(14)] = 0.0006027141
E[P_neut(15)] = 0.0006940810
E[P_neut(16)] = 0.0006710751
E[P_neut(17)] = 0.0006407748
E[P_neut(18)] = 0.0006849598
E[P_neut(19)] = 0.0004404833
E[P_neut(20)] = 0.0004355273
E[P_neut(21)] = 0.0004580979
E[P_neut(22)] = 0.0002648503
E[P_neut(23)] = 0.0005173779
E[P_neut(24)] = 0.0003648024
E[P_neut(25)] = 0.0004715529
E[P_neut(26)] = 0.0003741648
E[P_neut(27)] = 0.0003823047
E[P_neut(28)] = 0.0004543447
E[P_neut(29)] = 0.0003487138
E[P_neut(30)] = 0.0003352993
E[P_neut(31)] = 0.0003361487
E[P_neut(32)] = 0.0002793830
E[P_neut(33)] = 0.0003806086
E[P_neut(34)] = 0.0003743201
E[P_neut(35)] = 0.0003389403
E[P_neut(36)] = 0.0004917045
E[P_neut(37)] = 0.0003399455
E[P_neut(38)] = 0.0002531040
E[P_neut(39)] = 0.0002966835
E[P_neut(40)] = 0.0002899984
E[P_neut(41)] = 0.0004070375
E[P_neut(42)] = 0.0003923967
E[P_neut(43)] = 0.0003647656
E[P_neut(44)] = 0.0003548673
E[P_neut(45)] = 0.0003829627
E[P_neut(46)] = 0.0003531103
E[P_neut(47)] = 0.0004835290
E[P_neut(48)] = 0.0006167498
E[P_neut(49)] = 0.0009505052

---- Expected P_sel(i), 0 < i < n (selected SFS per site) 
E[P_sel(1)] = 0.0042392295
E[P_sel(2)] = 0.0014611247
E[P_sel(3)] = 0.0007681231
E[P_sel(4)] = 0.0004854306
E[P_sel(5)] = 0.0003633416
E[P_sel(6)] = 0.0002749373
E[P_sel(7)] = 0.0002253910
E[P_sel(8)] = 0.0002033232
E[P_sel(9)] = 0.0001431656
E[P_sel(10)] = 0.0001303334
E[P_sel(11)] = 0.0001404681
E[P_sel(12)] = 0.0001065140
E[P_sel(13)] = 0.0001121254
E[P_sel(14)] = 0.0000710444
E[P_sel(15)] = 0.0000803524
E[P_sel(16)] = 0.0000763267
E[P_sel(17)] = 0.0000716946
E[P_sel(18)] = 0.0000754997
E[P_sel(19)] = 0.0000478328
E[P_sel(20)] = 0.0000466597
E[P_sel(21)] = 0.0000484551
E[P_sel(22)] = 0.0000276574
E[P_sel(23)] = 0.0000534474
E[P_sel(24)] = 0.0000372712
E[P_sel(25)] = 0.0000476783
E[P_sel(26)] = 0.0000374559
E[P_sel(27)] = 0.0000379142
E[P_sel(28)] = 0.0000446249
E[P_sel(29)] = 0.0000339725
E[P_sel(30)] = 0.0000323927
E[P_sel(31)] = 0.0000322148
E[P_sel(32)] = 0.0000266276
E[P_sel(33)] = 0.0000359557
E[P_sel(34)] = 0.0000351230
E[P_sel(35)] = 0.0000316136
E[P_sel(36)] = 0.0000454427
E[P_sel(37)] = 0.0000313969
E[P_sel(38)] = 0.0000233154
E[P_sel(39)] = 0.0000272410
E[P_sel(40)] = 0.0000264726
E[P_sel(41)] = 0.0000368223
E[P_sel(42)] = 0.0000356163
E[P_sel(43)] = 0.0000331552
E[P_sel(44)] = 0.0000324445
E[P_sel(45)] = 0.0000353233
E[P_sel(46)] = 0.0000334832
E[P_sel(47)] = 0.0000467286
E[P_sel(48)] = 0.0000637599
E[P_sel(49)] = 0.0001184048

---- alpha_dfe = 0.002235

