---- Running command
---- ./polyDFE -d RevisionsCapsellaPolyDFE/aranetconneccorrec11_0.0888482105725973_PolyDFE.input -m C -i /home/jejames/ArabidopsisCrossGenome/model.txt 1 -e 
---- Performing inference using model C

---- Performing inference on RevisionsCapsellaPolyDFE/aranetconneccorrec11_0.0888482105725973_PolyDFE.input
----      with -i /home/jejames/ArabidopsisCrossGenome/model.txt 1
---- Data RevisionsCapsellaPolyDFE/aranetconneccorrec11_0.0888482105725973_PolyDFE.input does not contain divergence counts. Using option -w.
---- No mutation variability. Using Poisson likelihood.


---- Calculating initial values

-- Starting local optimization
-- Optimizing all parameters
  it        eps_an     theta_bar           S_d             b           p_b           S_b           r 2           r 3           r 4           r 5           r 6           r 7           r 8           r 9          r 10          r 11          r 12          r 13          r 14          r 15          r 16          r 17          r 18          r 19          r 20          r 21          r 22          r 23          r 24          r 25          r 26          r 27          r 28          r 29          r 30          r 31          r 32          r 33          r 34          r 35          r 36          r 37          r 38          r 39          r 40          r 41          r 42          r 43          r 44          r 45          r 46          r 47          r 48          r 49           ln lk          grad status 
   0           0.1 0.01569976556        -20000         0.406           0.1            20 0.91911702036 0.92815136793 0.88741157419 0.86209835506 0.90513935054 0.89013892440 0.93889030938 0.81999488621 0.83439870450 0.82221085826 0.81002301201 0.87198499957 1.04048410466 0.86806443364 0.72138413023 0.82008011591 0.83917156737 0.86150174720 0.65797323787 0.63001789823 0.75002130742 1.08011591238 0.68729225262 0.72445239921 0.67365550157 1.10227563283 0.95457257308 1.10730418477 0.90513935054 1.02514275973 0.77184010909 1.27691127588 1.04610926446 1.04704679110 1.25185374584 1.14472002045 1.32140117616 1.77166964970 1.67391119065 1.47114974857 1.69317310150 1.71516236256 2.13756072615 2.32804909230 2.45819483508 3.32481036393 4.12375351572             1 -2988.184731229 34.5807875173   -2 
 795 0.00400477841 0.01403168552 -845.25274997 0.32145654716 0.00147954975 17.6385568374 0.88621070390 0.95562116262 0.89522264194 0.86723527836 0.83472406816 0.93072203688 0.90582003725 0.84574471971 0.77272378538 0.76995715705 0.76203898599 0.75099937408 0.95753024125 0.81296359500 0.73862737306 0.69615284998 0.79524331960 0.87186208453 0.61060537299 0.59054171820 0.66581782548 0.93214702006 0.59727673911 0.75162736872 0.63774827871 0.82936272518 0.80570313523 0.91189727833 0.78957126553 0.83182553860 0.74387152243 1.09659787401 0.82869628766 0.85318116085 0.87680729345 0.90382393577 1.00828347325 1.26059718156 1.25015150010 1.29926050044 1.01891292121 1.06073672094 1.40713957551 1.47602952030 1.32338837398 1.76156371417 1.67144889313 2.55644628114 -298.8429809619 0.00136610967   -8 
-- Local optimization: reached maximum number of likelihood evaluations allowed.
---- Best joint likelihood found -298.842980961944477 with gradient 0.00137

---- Results for RevisionsCapsellaPolyDFE/aranetconneccorrec11_0.0888482105725973_PolyDFE.input 
--  Model: C
--        eps_an     theta_bar             a 
-- 0.00400477841 0.01403168552            -1 
--           S_d             b           p_b           S_b 
-- -845.25274997 0.32145654716 0.00147954975 17.6385568374 
--           r 2           r 3           r 4           r 5           r 6           r 7           r 8           r 9          r 10          r 11          r 12          r 13          r 14          r 15          r 16          r 17          r 18          r 19          r 20          r 21          r 22          r 23          r 24          r 25          r 26          r 27          r 28          r 29          r 30          r 31          r 32          r 33          r 34          r 35          r 36          r 37          r 38          r 39          r 40          r 41          r 42          r 43          r 44          r 45          r 46          r 47          r 48          r 49 
-- 0.88621070390 0.95562116262 0.89522264194 0.86723527836 0.83472406816 0.93072203688 0.90582003725 0.84574471971 0.77272378538 0.76995715705 0.76203898599 0.75099937408 0.95753024125 0.81296359500 0.73862737306 0.69615284998 0.79524331960 0.87186208453 0.61060537299 0.59054171820 0.66581782548 0.93214702006 0.59727673911 0.75162736872 0.63774827871 0.82936272518 0.80570313523 0.91189727833 0.78957126553 0.83182553860 0.74387152243 1.09659787401 0.82869628766 0.85318116085 0.87680729345 0.90382393577 1.00828347325 1.26059718156 1.25015150010 1.29926050044 1.01891292121 1.06073672094 1.40713957551 1.47602952030 1.32338837398 1.76156371417 1.67144889313 2.55644628114 

---- Expected P_neut(i), 0 < i < n (neutral SFS per site) 
E[P_neut(1)] = 0.0139784235
E[P_neut(2)] = 0.0061945720
E[P_neut(3)] = 0.0044538647
E[P_neut(4)] = 0.0031294108
E[P_neut(5)] = 0.0024258511
E[P_neut(6)] = 0.0019460770
E[P_neut(7)] = 0.0018595717
E[P_neut(8)] = 0.0015837733
E[P_neut(9)] = 0.0013150806
E[P_neut(10)] = 0.0010816758
E[P_neut(11)] = 0.0009800463
E[P_neut(12)] = 0.0008889802
E[P_neut(13)] = 0.0008087254
E[P_neut(14)] = 0.0009572226
E[P_neut(15)] = 0.0007588075
E[P_neut(16)] = 0.0006465372
E[P_neut(17)] = 0.0005741661
E[P_neut(18)] = 0.0006187461
E[P_neut(19)] = 0.0006428079
E[P_neut(20)] = 0.0004281545
E[P_neut(21)] = 0.0003947723
E[P_neut(22)] = 0.0004245775
E[P_neut(23)] = 0.0005681267
E[P_neut(24)] = 0.0003491799
E[P_neut(25)] = 0.0004218640
E[P_neut(26)] = 0.0003442002
E[P_neut(27)] = 0.0004315645
E[P_neut(28)] = 0.0004038470
E[P_neut(29)] = 0.0004410358
E[P_neut(30)] = 0.0003695372
E[P_neut(31)] = 0.0003775841
E[P_neut(32)] = 0.0003273567
E[P_neut(33)] = 0.0004667101
E[P_neut(34)] = 0.0003432247
E[P_neut(35)] = 0.0003437206
E[P_neut(36)] = 0.0003442271
E[P_neut(37)] = 0.0003446350
E[P_neut(38)] = 0.0003743911
E[P_neut(39)] = 0.0004556632
E[P_neut(40)] = 0.0004411293
E[P_neut(41)] = 0.0004481539
E[P_neut(42)] = 0.0003454058
E[P_neut(43)] = 0.0003522231
E[P_neut(44)] = 0.0004547602
E[P_neut(45)] = 0.0004681519
E[P_neut(46)] = 0.0004146418
E[P_neut(47)] = 0.0005417025
E[P_neut(48)] = 0.0005115523
E[P_neut(49)] = 0.0007853284

---- Expected P_sel(i), 0 < i < n (selected SFS per site) 
E[P_sel(1)] = 0.0049872821
E[P_sel(2)] = 0.0015962554
E[P_sel(3)] = 0.0009776196
E[P_sel(4)] = 0.0006197422
E[P_sel(5)] = 0.0004456923
E[P_sel(6)] = 0.0003371969
E[P_sel(7)] = 0.0003071801
E[P_sel(8)] = 0.0002512749
E[P_sel(9)] = 0.0002014894
E[P_sel(10)] = 0.0001607437
E[P_sel(11)] = 0.0001417421
E[P_sel(12)] = 0.0001254866
E[P_sel(13)] = 0.0001116662
E[P_sel(14)] = 0.0001295395
E[P_sel(15)] = 0.0001007952
E[P_sel(16)] = 0.0000844189
E[P_sel(17)] = 0.0000737744
E[P_sel(18)] = 0.0000783457
E[P_sel(19)] = 0.0000802695
E[P_sel(20)] = 0.0000527690
E[P_sel(21)] = 0.0000480607
E[P_sel(22)] = 0.0000511011
E[P_sel(23)] = 0.0000676427
E[P_sel(24)] = 0.0000411491
E[P_sel(25)] = 0.0000492353
E[P_sel(26)] = 0.0000398048
E[P_sel(27)] = 0.0000494796
E[P_sel(28)] = 0.0000459219
E[P_sel(29)] = 0.0000497614
E[P_sel(30)] = 0.0000413949
E[P_sel(31)] = 0.0000420184
E[P_sel(32)] = 0.0000362013
E[P_sel(33)] = 0.0000512836
E[P_sel(34)] = 0.0000375251
E[P_sel(35)] = 0.0000374017
E[P_sel(36)] = 0.0000373100
E[P_sel(37)] = 0.0000371898
E[P_sel(38)] = 0.0000402650
E[P_sel(39)] = 0.0000488549
E[P_sel(40)] = 0.0000472208
E[P_sel(41)] = 0.0000479565
E[P_sel(42)] = 0.0000370785
E[P_sel(43)] = 0.0000379278
E[P_sel(44)] = 0.0000490172
E[P_sel(45)] = 0.0000508666
E[P_sel(46)] = 0.0000458234
E[P_sel(47)] = 0.0000610135
E[P_sel(48)] = 0.0000605173
E[P_sel(49)] = 0.0001050879

---- alpha_dfe = 0.216791

