---- Running command
---- ./polyDFE -d RevisionsCapsellaPolyDFE/aranetconneccorrec16_0.527836196734988_PolyDFE.input -m C -i /home/jejames/ArabidopsisCrossGenome/model.txt 1 -e 
---- Performing inference using model C

---- Performing inference on RevisionsCapsellaPolyDFE/aranetconneccorrec16_0.527836196734988_PolyDFE.input
----      with -i /home/jejames/ArabidopsisCrossGenome/model.txt 1
---- Data RevisionsCapsellaPolyDFE/aranetconneccorrec16_0.527836196734988_PolyDFE.input does not contain divergence counts. Using option -w.
---- No mutation variability. Using Poisson likelihood.


---- Calculating initial values

-- Starting local optimization
-- Optimizing all parameters
  it        eps_an     theta_bar           S_d             b           p_b           S_b           r 2           r 3           r 4           r 5           r 6           r 7           r 8           r 9          r 10          r 11          r 12          r 13          r 14          r 15          r 16          r 17          r 18          r 19          r 20          r 21          r 22          r 23          r 24          r 25          r 26          r 27          r 28          r 29          r 30          r 31          r 32          r 33          r 34          r 35          r 36          r 37          r 38          r 39          r 40          r 41          r 42          r 43          r 44          r 45          r 46          r 47          r 48          r 49           ln lk          grad status 
   0           0.1 0.01533097332        -20000         0.406           0.1            20 0.96753411884 0.84657116215 0.90802746460 0.92014919047 0.99432058998 0.97550224633 0.87818937017 0.94524031533 0.73832330253 0.80189878782 0.78630160210 0.83639908451 0.88412308213 1.01720776468 0.80698482665 0.67152665932 0.77663812833 0.94218869204 0.77307790116 0.77434941086 0.85225057217 0.70577265406 0.87072984657 0.74171399508 0.90802746460 0.68203780622 0.83784012884 0.97100957870 1.07824023056 1.01169788929 1.35898957362 0.99025175892 0.90785792998 1.18674239213 1.17487496821 1.10087310333 1.02110706111 1.52072560820 1.35288632703 1.21988641179 1.33508519115 1.44341781808 2.07001780113 2.20861235907 2.58133423751 3.35059760956 4.56929727896             1 -2844.579198603 36.9434700164   -2 
1019 0.00006535191 0.01358062889 -777.15639418 0.36871652219 0.01333306213 8.15210645504 0.94997858169 0.89969946309 0.91965813939 0.90049294505 0.97848193591 0.92839426055 0.88031108215 0.89937489157 0.73820551683 0.77644700975 0.76490708768 0.85386548142 0.82707042259 0.88339291500 0.76067904461 0.73392799176 0.66986737317 0.74831269139 0.73868524999 0.71277509226 0.78237599376 0.62943521638 0.81916691261 0.64723726122 0.79504034483 0.65812459262 0.68273138326 0.87268206532 0.82473827187 0.78745615597 1.29283517372 0.76816585867 0.61453616920 1.01015195208 0.90685933544 0.79648409005 0.93159139069 1.21003301891 0.99201061857 0.86651052494 0.88174202906 0.85301808246 1.27591160888 1.44416492536 1.43532706095 1.91067921781 2.02457284914 2.67011054538 -297.1318353211 0.00009815663    0 
---- Best joint likelihood found -297.131835321102130 with gradient 0.00010

---- Results for RevisionsCapsellaPolyDFE/aranetconneccorrec16_0.527836196734988_PolyDFE.input 
--  Model: C
--        eps_an     theta_bar             a 
-- 0.00006535191 0.01358062889            -1 
--           S_d             b           p_b           S_b 
-- -777.15639418 0.36871652219 0.01333306213 8.15210645504 
--           r 2           r 3           r 4           r 5           r 6           r 7           r 8           r 9          r 10          r 11          r 12          r 13          r 14          r 15          r 16          r 17          r 18          r 19          r 20          r 21          r 22          r 23          r 24          r 25          r 26          r 27          r 28          r 29          r 30          r 31          r 32          r 33          r 34          r 35          r 36          r 37          r 38          r 39          r 40          r 41          r 42          r 43          r 44          r 45          r 46          r 47          r 48          r 49 
-- 0.94997858169 0.89969946309 0.91965813939 0.90049294505 0.97848193591 0.92839426055 0.88031108215 0.89937489157 0.73820551683 0.77644700975 0.76490708768 0.85386548142 0.82707042259 0.88339291500 0.76067904461 0.73392799176 0.66986737317 0.74831269139 0.73868524999 0.71277509226 0.78237599376 0.62943521638 0.81916691261 0.64723726122 0.79504034483 0.65812459262 0.68273138326 0.87268206532 0.82473827187 0.78745615597 1.29283517372 0.76816585867 0.61453616920 1.01015195208 0.90685933544 0.79648409005 0.93159139069 1.21003301891 0.99201061857 0.86651052494 0.88174202906 0.85301808246 1.27591160888 1.44416492536 1.43532706095 1.91067921781 2.02457284914 2.67011054538 

---- Expected P_neut(i), 0 < i < n (neutral SFS per site) 
E[P_neut(1)] = 0.0135797897
E[P_neut(2)] = 0.0064502692
E[P_neut(3)] = 0.0040725981
E[P_neut(4)] = 0.0031222076
E[P_neut(5)] = 0.0024457207
E[P_neut(6)] = 0.0022146143
E[P_neut(7)] = 0.0018010682
E[P_neut(8)] = 0.0014943182
E[P_neut(9)] = 0.0013570497
E[P_neut(10)] = 0.0010024860
E[P_neut(11)] = 0.0009585684
E[P_neut(12)] = 0.0008656251
E[P_neut(13)] = 0.0008919631
E[P_neut(14)] = 0.0008022654
E[P_neut(15)] = 0.0007997754
E[P_neut(16)] = 0.0006456301
E[P_neut(17)] = 0.0005862884
E[P_neut(18)] = 0.0005054040
E[P_neut(19)] = 0.0005348590
E[P_neut(20)] = 0.0005015821
E[P_neut(21)] = 0.0004609458
E[P_neut(22)] = 0.0004829518
E[P_neut(23)] = 0.0003716550
E[P_neut(24)] = 0.0004635303
E[P_neut(25)] = 0.0003515956
E[P_neut(26)] = 0.0004152781
E[P_neut(27)] = 0.0003310303
E[P_neut(28)] = 0.0003311500
E[P_neut(29)] = 0.0004086783
E[P_neut(30)] = 0.0003733572
E[P_neut(31)] = 0.0003449850
E[P_neut(32)] = 0.0005486695
E[P_neut(33)] = 0.0003161442
E[P_neut(34)] = 0.0002454905
E[P_neut(35)] = 0.0003919838
E[P_neut(36)] = 0.0003421334
E[P_neut(37)] = 0.0002923839
E[P_neut(38)] = 0.0003329716
E[P_neut(39)] = 0.0004213943
E[P_neut(40)] = 0.0003368467
E[P_neut(41)] = 0.0002870884
E[P_neut(42)] = 0.0002851888
E[P_neut(43)] = 0.0002695076
E[P_neut(44)] = 0.0003939300
E[P_neut(45)] = 0.0004359684
E[P_neut(46)] = 0.0004239295
E[P_neut(47)] = 0.0005523200
E[P_neut(48)] = 0.0005731961
E[P_neut(49)] = 0.0007408755

---- Expected P_sel(i), 0 < i < n (selected SFS per site) 
E[P_sel(1)] = 0.0046347679
E[P_sel(2)] = 0.0015424234
E[P_sel(3)] = 0.0008184934
E[P_sel(4)] = 0.0005622601
E[P_sel(5)] = 0.0004071135
E[P_sel(6)] = 0.0003469976
E[P_sel(7)] = 0.0002688000
E[P_sel(8)] = 0.0002142081
E[P_sel(9)] = 0.0001880050
E[P_sel(10)] = 0.0001348674
E[P_sel(11)] = 0.0001257071
E[P_sel(12)] = 0.0001110008
E[P_sel(13)] = 0.0001121327
E[P_sel(14)] = 0.0000990955
E[P_sel(15)] = 0.0000972495
E[P_sel(16)] = 0.0000774139
E[P_sel(17)] = 0.0000694248
E[P_sel(18)] = 0.0000591832
E[P_sel(19)] = 0.0000620150
E[P_sel(20)] = 0.0000576493
E[P_sel(21)] = 0.0000525730
E[P_sel(22)] = 0.0000547167
E[P_sel(23)] = 0.0000418679
E[P_sel(24)] = 0.0000519699
E[P_sel(25)] = 0.0000392689
E[P_sel(26)] = 0.0000462455
E[P_sel(27)] = 0.0000367889
E[P_sel(28)] = 0.0000367610
E[P_sel(29)] = 0.0000453585
E[P_sel(30)] = 0.0000414696
E[P_sel(31)] = 0.0000383850
E[P_sel(32)] = 0.0000612174
E[P_sel(33)] = 0.0000354100
E[P_sel(34)] = 0.0000276347
E[P_sel(35)] = 0.0000444021
E[P_sel(36)] = 0.0000390510
E[P_sel(37)] = 0.0000336765
E[P_sel(38)] = 0.0000387628
E[P_sel(39)] = 0.0000496715
E[P_sel(40)] = 0.0000402838
E[P_sel(41)] = 0.0000349121
E[P_sel(42)] = 0.0000353558
E[P_sel(43)] = 0.0000341623
E[P_sel(44)] = 0.0000512289
E[P_sel(45)] = 0.0000584019
E[P_sel(46)] = 0.0000587870
E[P_sel(47)] = 0.0000797803
E[P_sel(48)] = 0.0000870417
E[P_sel(49)] = 0.0001207152

---- alpha_dfe = 0.607363

