---- Running command
---- ./polyDFE -d RevisionsCapsellaPolyDFE/aranetconneccorrec10_-0.00689612239774014_PolyDFE.input -m C -i /home/jejames/ArabidopsisCrossGenome/model.txt 1 -e 
---- Performing inference using model C

---- Performing inference on RevisionsCapsellaPolyDFE/aranetconneccorrec10_-0.00689612239774014_PolyDFE.input
----      with -i /home/jejames/ArabidopsisCrossGenome/model.txt 1
---- Data RevisionsCapsellaPolyDFE/aranetconneccorrec10_-0.00689612239774014_PolyDFE.input does not contain divergence counts. Using option -w.
---- No mutation variability. Using Poisson likelihood.


---- Calculating initial values

-- Starting local optimization
-- Optimizing all parameters
  it        eps_an     theta_bar           S_d             b           p_b           S_b           r 2           r 3           r 4           r 5           r 6           r 7           r 8           r 9          r 10          r 11          r 12          r 13          r 14          r 15          r 16          r 17          r 18          r 19          r 20          r 21          r 22          r 23          r 24          r 25          r 26          r 27          r 28          r 29          r 30          r 31          r 32          r 33          r 34          r 35          r 36          r 37          r 38          r 39          r 40          r 41          r 42          r 43          r 44          r 45          r 46          r 47          r 48          r 49           ln lk          grad status 
   0           0.1 0.01576539467        -20000         0.406           0.1            20 0.98362654589 0.96646925622 0.98658770249 0.90489461766 0.91970040062 0.85594844103 0.81658247692 0.87084131684 0.89095976310 0.77887127678 0.87058003832 0.85821285490 0.86204493990 0.80604424316 0.95314405155 0.76545897927 0.76032050165 0.96472739940 0.73854729141 0.95836962201 0.61121755791 0.77521337746 1.01167044068 0.89270161992 0.80613133600 1.04171747082 0.75840445915 0.79811879463  0.7733844278 1.20684549730 1.01724438251 0.95706322940 1.17261801079 1.31989200487 1.13812924577 1.10207280961 1.24769203971 1.21259362480 1.13917435986 1.71041630377 1.41926493642 2.38181501480 2.14596760146 2.43772861870 2.75631423097 3.97465598327 5.11269813621             1 -3087.936473467 35.0752187755   -2 
 293 0.00576900474 0.01439114981 -892.43344947 0.30980736500 0.00312535043 1.90211127834 0.93479371675 0.90498083915 0.92564186985 0.87052862854 0.84499052616 0.86598443152 0.72726522352 0.87421480377 0.86400073340 0.78574659943 0.81410352480 0.80947478671 0.79129332804 0.66621030071 0.89351145340 0.73985078157 0.76088331823 0.86226611828 0.76457366775 0.85873658874 0.72706619511 0.64875311057 0.83608353622 0.76050969699 0.64833092124 0.79918639861 0.67442657337 0.69911578366 0.63415980199 0.95523305188 0.79304135984 0.73476381371 0.87826072563 1.01554096904 0.95170544837 0.82621559978 0.88765071172 0.93071579438 0.86963419460 1.27212681267 0.97633704222 1.66694479731 1.26660056844 1.44860081304 1.57773675456 2.22701712991 2.08987086505 2.91565801683 -299.8240257806 0.00486871543   -8 
-- Local optimization: reached maximum number of likelihood evaluations allowed.
---- Best joint likelihood found -299.824025780653471 with gradient 0.00487

---- Results for RevisionsCapsellaPolyDFE/aranetconneccorrec10_-0.00689612239774014_PolyDFE.input 
--  Model: C
--        eps_an     theta_bar             a 
-- 0.00576900474 0.01439114981            -1 
--           S_d             b           p_b           S_b 
-- -892.43344947 0.30980736500 0.00312535043 1.90211127834 
--           r 2           r 3           r 4           r 5           r 6           r 7           r 8           r 9          r 10          r 11          r 12          r 13          r 14          r 15          r 16          r 17          r 18          r 19          r 20          r 21          r 22          r 23          r 24          r 25          r 26          r 27          r 28          r 29          r 30          r 31          r 32          r 33          r 34          r 35          r 36          r 37          r 38          r 39          r 40          r 41          r 42          r 43          r 44          r 45          r 46          r 47          r 48          r 49 
-- 0.93479371675 0.90498083915 0.92564186985 0.87052862854 0.84499052616 0.86598443152 0.72726522352 0.87421480377 0.86400073340 0.78574659943 0.81410352480 0.80947478671 0.79129332804 0.66621030071 0.89351145340 0.73985078157 0.76088331823 0.86226611828 0.76457366775 0.85873658874 0.72706619511 0.64875311057 0.83608353622 0.76050969699 0.64833092124 0.79918639861 0.67442657337 0.69911578366 0.63415980199 0.95523305188 0.79304135984 0.73476381371 0.87826072563 1.01554096904 0.95170544837 0.82621559978 0.88765071172 0.93071579438 0.86963419460 1.27212681267 0.97633704222 1.66694479731 1.26660056844 1.44860081304 1.57773675456 2.22701712991 2.08987086505 2.91565801683 

---- Expected P_neut(i), 0 < i < n (neutral SFS per site) 
E[P_neut(1)] = 0.0143130673
E[P_neut(2)] = 0.0066911884
E[P_neut(3)] = 0.0043201275
E[P_neut(4)] = 0.0033138980
E[P_neut(5)] = 0.0024937995
E[P_neut(6)] = 0.0020174286
E[P_neut(7)] = 0.0017733064
E[P_neut(8)] = 0.0013026554
E[P_neut(9)] = 0.0013923956
E[P_neut(10)] = 0.0012380282
E[P_neut(11)] = 0.0010240324
E[P_neut(12)] = 0.0009726307
E[P_neut(13)] = 0.0008927822
E[P_neut(14)] = 0.0008109038
E[P_neut(15)] = 0.0006378904
E[P_neut(16)] = 0.0008011743
E[P_neut(17)] = 0.0006245473
E[P_neut(18)] = 0.0006068806
E[P_neut(19)] = 0.0006518958
E[P_neut(20)] = 0.0005487359
E[P_neut(21)] = 0.0005870925
E[P_neut(22)] = 0.0004748614
E[P_neut(23)] = 0.0004060419
E[P_neut(24)] = 0.0005005198
E[P_neut(25)] = 0.0004377844
E[P_neut(26)] = 0.0003596769
E[P_neut(27)] = 0.0004258551
E[P_neut(28)] = 0.0003473788
E[P_neut(29)] = 0.0003483273
E[P_neut(30)] = 0.0003056285
E[P_neut(31)] = 0.0004446580
E[P_neut(32)] = 0.0003581012
E[P_neut(33)] = 0.0003221918
E[P_neut(34)] = 0.0003742324
E[P_neut(35)] = 0.0004188442
E[P_neut(36)] = 0.0003829459
E[P_neut(37)] = 0.0003246722
E[P_neut(38)] = 0.0003398592
E[P_neut(39)] = 0.0003473868
E[P_neut(40)] = 0.0003182441
E[P_neut(41)] = 0.0004520096
E[P_neut(42)] = 0.0003401559
E[P_neut(43)] = 0.0005649420
E[P_neut(44)] = 0.0004235714
E[P_neut(45)] = 0.0004750495
E[P_neut(46)] = 0.0005099614
E[P_neut(47)] = 0.0007030115
E[P_neut(48)] = 0.0006617657
E[P_neut(49)] = 0.0009344023

---- Expected P_sel(i), 0 < i < n (selected SFS per site) 
E[P_sel(1)] = 0.0051713530
E[P_sel(2)] = 0.0017682236
E[P_sel(3)] = 0.0009792669
E[P_sel(4)] = 0.0006809389
E[P_sel(5)] = 0.0004770377
E[P_sel(6)] = 0.0003649458
E[P_sel(7)] = 0.0003064173
E[P_sel(8)] = 0.0002166358
E[P_sel(9)] = 0.0002239944
E[P_sel(10)] = 0.0001934861
E[P_sel(11)] = 0.0001559448
E[P_sel(12)] = 0.0001447202
E[P_sel(13)] = 0.0001300725
E[P_sel(14)] = 0.0001158798
E[P_sel(15)] = 0.0000895422
E[P_sel(16)] = 0.0001106617
E[P_sel(17)] = 0.0000849613
E[P_sel(18)] = 0.0000813919
E[P_sel(19)] = 0.0000862719
E[P_sel(20)] = 0.0000717254
E[P_sel(21)] = 0.0000758413
E[P_sel(22)] = 0.0000606634
E[P_sel(23)] = 0.0000513267
E[P_sel(24)] = 0.0000626470
E[P_sel(25)] = 0.0000542788
E[P_sel(26)] = 0.0000441981
E[P_sel(27)] = 0.0000518820
E[P_sel(28)] = 0.0000419830
E[P_sel(29)] = 0.0000417790
E[P_sel(30)] = 0.0000363914
E[P_sel(31)] = 0.0000525638
E[P_sel(32)] = 0.0000420556
E[P_sel(33)] = 0.0000376057
E[P_sel(34)] = 0.0000434249
E[P_sel(35)] = 0.0000482839
E[P_sel(36)] = 0.0000439371
E[P_sel(37)] = 0.0000370952
E[P_sel(38)] = 0.0000386513
E[P_sel(39)] = 0.0000393362
E[P_sel(40)] = 0.0000359623
E[P_sel(41)] = 0.0000507879
E[P_sel(42)] = 0.0000381682
E[P_sel(43)] = 0.0000630700
E[P_sel(44)] = 0.0000474464
E[P_sel(45)] = 0.0000532633
E[P_sel(46)] = 0.0000575569
E[P_sel(47)] = 0.0000794850
E[P_sel(48)] = 0.0000778579
E[P_sel(49)] = 0.0001221148

---- alpha_dfe = 0.069192

