---- Running command
---- ./polyDFE -d RevisionsCapsellaPolyDFE/aranetconneccorrec8_-0.190352053890095_PolyDFE.input -m C -i /home/jejames/ArabidopsisCrossGenome/model.txt 1 -e 
---- Performing inference using model C

---- Performing inference on RevisionsCapsellaPolyDFE/aranetconneccorrec8_-0.190352053890095_PolyDFE.input
----      with -i /home/jejames/ArabidopsisCrossGenome/model.txt 1
---- Data RevisionsCapsellaPolyDFE/aranetconneccorrec8_-0.190352053890095_PolyDFE.input does not contain divergence counts. Using option -w.
---- No mutation variability. Using Poisson likelihood.


---- Calculating initial values

-- Starting local optimization
-- Optimizing all parameters
  it        eps_an     theta_bar           S_d             b           p_b           S_b           r 2           r 3           r 4           r 5           r 6           r 7           r 8           r 9          r 10          r 11          r 12          r 13          r 14          r 15          r 16          r 17          r 18          r 19          r 20          r 21          r 22          r 23          r 24          r 25          r 26          r 27          r 28          r 29          r 30          r 31          r 32          r 33          r 34          r 35          r 36          r 37          r 38          r 39          r 40          r 41          r 42          r 43          r 44          r 45          r 46          r 47          r 48          r 49           ln lk          grad status 
   0           0.1 0.01647054182        -20000         0.406           0.1            20 0.97844311377 0.94952951240 0.87493584260 0.81950384944 0.88229255774 0.93413173652 0.91086398631 0.79529512403 0.88537211291 0.92497861420 0.77194183062 0.90299401197 0.83712574850 0.87895637296 0.91839178785 0.79982891360 0.85919589392 0.78828058169 0.81608212147 1.00958083832 0.90710008554 0.79486740804 0.84174508126 0.74850299401 0.91189050470 0.63746792130 0.80958083832 0.83849443969 0.95722840034 0.96792130025 1.04568006843 1.10094097519 1.50949529512 1.21257485029 1.38887938408 1.10145423438 1.19623609923 1.22437981180 1.76218990590 1.46253207869 1.64910179640 1.61847733105 1.92335329341 2.32506415739 2.41214713430 3.29683490162 4.72609067579             1 -3082.099192533 29.1854937727   -2 
 887 0.00221275081 0.01494455367 -607.42274364 0.32493589853 0.00817902153 6.42065527027 0.92248858464 0.89309320867 0.86981572811 0.81741908625 0.86248544654 0.85811611624 0.86168867506 0.79358094035 0.81845700922 0.79385553414 0.74075541659 0.84991847944 0.72591100145 0.90584620216 0.81085293456 0.84306478731 0.82231844135 0.73094567017 0.74473890974 0.93239814728 0.83565695308 0.69206313585 0.74679477664 0.72077560647 0.75127811385 0.69198876509 0.61175391018 0.66183259409 0.71496349618 0.79901954441 0.88647537350 0.96209335283 1.20401550493 0.96998053530 1.18868387228 0.95357279572 0.90634707757 0.81568500419 1.10349379125 1.03005681285 1.05097886268 1.07179269229 1.11115657848 1.36317969947 1.42126015448   1.651784298 2.11433106044 2.54755223072 -301.6471806384 0.00111386554   -8 
-- Local optimization: reached maximum number of likelihood evaluations allowed.
---- Best joint likelihood found -301.647180638409679 with gradient 0.00111

---- Results for RevisionsCapsellaPolyDFE/aranetconneccorrec8_-0.190352053890095_PolyDFE.input 
--  Model: C
--        eps_an     theta_bar             a 
-- 0.00221275081 0.01494455367            -1 
--           S_d             b           p_b           S_b 
-- -607.42274364 0.32493589853 0.00817902153 6.42065527027 
--           r 2           r 3           r 4           r 5           r 6           r 7           r 8           r 9          r 10          r 11          r 12          r 13          r 14          r 15          r 16          r 17          r 18          r 19          r 20          r 21          r 22          r 23          r 24          r 25          r 26          r 27          r 28          r 29          r 30          r 31          r 32          r 33          r 34          r 35          r 36          r 37          r 38          r 39          r 40          r 41          r 42          r 43          r 44          r 45          r 46          r 47          r 48          r 49 
-- 0.92248858464 0.89309320867 0.86981572811 0.81741908625 0.86248544654 0.85811611624 0.86168867506 0.79358094035 0.81845700922 0.79385553414 0.74075541659 0.84991847944 0.72591100145 0.90584620216 0.81085293456 0.84306478731 0.82231844135 0.73094567017 0.74473890974 0.93239814728 0.83565695308 0.69206313585 0.74679477664 0.72077560647 0.75127811385 0.69198876509 0.61175391018 0.66183259409 0.71496349618 0.79901954441 0.88647537350 0.96209335283 1.20401550493 0.96998053530 1.18868387228 0.95357279572 0.90634707757 0.81568500419 1.10349379125 1.03005681285 1.05097886268 1.07179269229 1.11115657848 1.36317969947 1.42126015448   1.651784298 2.11433106044 2.54755223072 

---- Expected P_neut(i), 0 < i < n (neutral SFS per site) 
E[P_neut(1)] = 0.0149132044
E[P_neut(2)] = 0.0068792940
E[P_neut(3)] = 0.0044402775
E[P_neut(4)] = 0.0032435828
E[P_neut(5)] = 0.0024387882
E[P_neut(6)] = 0.0021443249
E[P_neut(7)] = 0.0018287936
E[P_neut(8)] = 0.0016069597
E[P_neut(9)] = 0.0013156608
E[P_neut(10)] = 0.0012213532
E[P_neut(11)] = 0.0010768339
E[P_neut(12)] = 0.0009212690
E[P_neut(13)] = 0.0009757405
E[P_neut(14)] = 0.0007742641
E[P_neut(15)] = 0.0009014173
E[P_neut(16)] = 0.0007568599
E[P_neut(17)] = 0.0007404552
E[P_neut(18)] = 0.0006821377
E[P_neut(19)] = 0.0005745095
E[P_neut(20)] = 0.0005560463
E[P_neut(21)] = 0.0006628233
E[P_neut(22)] = 0.0005671264
E[P_neut(23)] = 0.0004495297
E[P_neut(24)] = 0.0004649480
E[P_neut(25)] = 0.0004308668
E[P_neut(26)] = 0.0004319010
E[P_neut(27)] = 0.0003831647
E[P_neut(28)] = 0.0003270475
E[P_neut(29)] = 0.0003417754
E[P_neut(30)] = 0.0003566036
E[P_neut(31)] = 0.0003856131
E[P_neut(32)] = 0.0004145940
E[P_neut(33)] = 0.0004363745
E[P_neut(34)] = 0.0005297247
E[P_neut(35)] = 0.0004152499
E[P_neut(36)] = 0.0004940769
E[P_neut(37)] = 0.0003864643
E[P_neut(38)] = 0.0003576987
E[P_neut(39)] = 0.0003142602
E[P_neut(40)] = 0.0004140748
E[P_neut(41)] = 0.0003775421
E[P_neut(42)] = 0.0003766965
E[P_neut(43)] = 0.0003757287
E[P_neut(44)] = 0.0003813216
E[P_neut(45)] = 0.0004571180
E[P_neut(46)] = 0.0004679104
E[P_neut(47)] = 0.0005338988
E[P_neut(48)] = 0.0006720822
E[P_neut(49)] = 0.0008083295

---- Expected P_sel(i), 0 < i < n (selected SFS per site) 
E[P_sel(1)] = 0.0058663777
E[P_sel(2)] = 0.0019797948
E[P_sel(3)] = 0.0010931689
E[P_sel(4)] = 0.0007225308
E[P_sel(5)] = 0.0005052394
E[P_sel(6)] = 0.0004198890
E[P_sel(7)] = 0.0003420655
E[P_sel(8)] = 0.0002892558
E[P_sel(9)] = 0.0002291627
E[P_sel(10)] = 0.0002067335
E[P_sel(11)] = 0.0001777351
E[P_sel(12)] = 0.0001486730
E[P_sel(13)] = 0.0001543152
E[P_sel(14)] = 0.0001202254
E[P_sel(15)] = 0.0001376720
E[P_sel(16)] = 0.0001138466
E[P_sel(17)] = 0.0001098453
E[P_sel(18)] = 0.0000999100
E[P_sel(19)] = 0.0000831624
E[P_sel(20)] = 0.0000796237
E[P_sel(21)] = 0.0000939732
E[P_sel(22)] = 0.0000796694
E[P_sel(23)] = 0.0000626168
E[P_sel(24)] = 0.0000642642
E[P_sel(25)] = 0.0000591328
E[P_sel(26)] = 0.0000588936
E[P_sel(27)] = 0.0000519443
E[P_sel(28)] = 0.0000441079
E[P_sel(29)] = 0.0000458832
E[P_sel(30)] = 0.0000476795
E[P_sel(31)] = 0.0000513814
E[P_sel(32)] = 0.0000550898
E[P_sel(33)] = 0.0000578586
E[P_sel(34)] = 0.0000701234
E[P_sel(35)] = 0.0000549371
E[P_sel(36)] = 0.0000653446
E[P_sel(37)] = 0.0000511673
E[P_sel(38)] = 0.0000474333
E[P_sel(39)] = 0.0000417952
E[P_sel(40)] = 0.0000552493
E[P_sel(41)] = 0.0000506272
E[P_sel(42)] = 0.0000508452
E[P_sel(43)] = 0.0000511219
E[P_sel(44)] = 0.0000524038
E[P_sel(45)] = 0.0000635215
E[P_sel(46)] = 0.0000660679
E[P_sel(47)] = 0.0000768975
E[P_sel(48)] = 0.0000995247
E[P_sel(49)] = 0.0001281437

---- alpha_dfe = 0.346008

