---- Running command
---- ./polyDFE -d RevisionsCapsellaPolyDFE/aranetconneccorrec12_0.180999967781968_PolyDFE.input -m C -i /home/jejames/ArabidopsisCrossGenome/model.txt 1 -e 
---- Performing inference using model C

---- Performing inference on RevisionsCapsellaPolyDFE/aranetconneccorrec12_0.180999967781968_PolyDFE.input
----      with -i /home/jejames/ArabidopsisCrossGenome/model.txt 1
---- Data RevisionsCapsellaPolyDFE/aranetconneccorrec12_0.180999967781968_PolyDFE.input does not contain divergence counts. Using option -w.
---- No mutation variability. Using Poisson likelihood.


---- Calculating initial values

-- Starting local optimization
-- Optimizing all parameters
  it        eps_an     theta_bar           S_d             b           p_b           S_b           r 2           r 3           r 4           r 5           r 6           r 7           r 8           r 9          r 10          r 11          r 12          r 13          r 14          r 15          r 16          r 17          r 18          r 19          r 20          r 21          r 22          r 23          r 24          r 25          r 26          r 27          r 28          r 29          r 30          r 31          r 32          r 33          r 34          r 35          r 36          r 37          r 38          r 39          r 40          r 41          r 42          r 43          r 44          r 45          r 46          r 47          r 48          r 49           ln lk          grad status 
   0           0.1 0.01649417852        -20000         0.406           0.1            20 0.89959432048 0.89477687626 0.82691007437 0.90263691683 0.82352941176 0.88801555104 0.93509127789 0.80780933062 0.87136578769 0.98081473968 0.75152129817 0.92841446923 0.76673427991 0.78853955375 0.81541582150 0.60775862068 0.85801217038 0.73867478025 0.76402974983 0.73656186612 0.92410412440 0.96610885733 0.84584178498 0.67613252197 0.68779580797 0.89680527383 0.93002028397 0.91911764705 0.98377281947 0.78600405679 1.39553752535 1.02358012170 1.11206896551 1.17731575388 1.19269776876 1.26648073022 1.63471940500 1.23605476673 1.61933739012 1.51774847870 1.87068965517 1.99518255578 2.29073698444 2.22109533468 2.85361730899 3.18179513184 4.12981744421             1 -2912.304546819 35.9418795834   -2 
 910 0.00008372158 0.01467662435 -1341.5199133 0.29005521150 0.00284010412 2.44945805989 0.90166779003 0.89007525380 0.83882390379 0.90092929361 0.80492355105 0.78353447499 0.90179005505 0.79097136771 0.83807682585 0.86968107806 0.69384678685 0.84899332699 0.71524245375 0.89249669459 0.75053672188 0.68722226306 0.71378266570 0.61838820547 0.63413822718 0.73019074640 0.84339648234 0.85082396172 0.83137205024 0.63287924574 0.59537628234 0.74128845683 0.79878103931 0.68385170111 0.93545588358 0.70327769512 1.13148891576 0.98546187037 0.98279619765 0.80014939728 0.98930075973 1.13164650246 1.24170002479 0.91723957080 1.33120923160 1.15602561597 1.42280125802 1.41417335280 1.60701574742 1.36679153995 1.84885806514 1.74459766544 1.73252107869 3.28490041285 -303.3688513719 0.00037710980   -8 
-- Local optimization: reached maximum number of likelihood evaluations allowed.
---- Best joint likelihood found -303.368851371951678 with gradient 0.00038

---- Results for RevisionsCapsellaPolyDFE/aranetconneccorrec12_0.180999967781968_PolyDFE.input 
--  Model: C
--        eps_an     theta_bar             a 
-- 0.00008372158 0.01467662435            -1 
--           S_d             b           p_b           S_b 
-- -1341.5199133 0.29005521150 0.00284010412 2.44945805989 
--           r 2           r 3           r 4           r 5           r 6           r 7           r 8           r 9          r 10          r 11          r 12          r 13          r 14          r 15          r 16          r 17          r 18          r 19          r 20          r 21          r 22          r 23          r 24          r 25          r 26          r 27          r 28          r 29          r 30          r 31          r 32          r 33          r 34          r 35          r 36          r 37          r 38          r 39          r 40          r 41          r 42          r 43          r 44          r 45          r 46          r 47          r 48          r 49 
-- 0.90166779003 0.89007525380 0.83882390379 0.90092929361 0.80492355105 0.78353447499 0.90179005505 0.79097136771 0.83807682585 0.86968107806 0.69384678685 0.84899332699 0.71524245375 0.89249669459 0.75053672188 0.68722226306 0.71378266570 0.61838820547 0.63413822718 0.73019074640 0.84339648234 0.85082396172 0.83137205024 0.63287924574 0.59537628234 0.74128845683 0.79878103931 0.68385170111 0.93545588358 0.70327769512 1.13148891576 0.98546187037 0.98279619765 0.80014939728 0.98930075973 1.13164650246 1.24170002479 0.91723957080 1.33120923160 1.15602561597 1.42280125802 1.41417335280 1.60701574742 1.36679153995 1.84885806514 1.74459766544 1.73252107869 3.28490041285 

---- Expected P_neut(i), 0 < i < n (neutral SFS per site) 
E[P_neut(1)] = 0.0146754780
E[P_neut(2)] = 0.0066162101
E[P_neut(3)] = 0.0043541144
E[P_neut(4)] = 0.0030775675
E[P_neut(5)] = 0.0026443361
E[P_neut(6)] = 0.0019688068
E[P_neut(7)] = 0.0016427088
E[P_neut(8)] = 0.0016543074
E[P_neut(9)] = 0.0012897922
E[P_neut(10)] = 0.0012299518
E[P_neut(11)] = 0.0011602938
E[P_neut(12)] = 0.0008485798
E[P_neut(13)] = 0.0009584463
E[P_neut(14)] = 0.0007497813
E[P_neut(15)] = 0.0008732109
E[P_neut(16)] = 0.0006884370
E[P_neut(17)] = 0.0005932872
E[P_neut(18)] = 0.0005819903
E[P_neut(19)] = 0.0004776643
E[P_neut(20)] = 0.0004653498
E[P_neut(21)] = 0.0005103070
E[P_neut(22)] = 0.0005626340
E[P_neut(23)] = 0.0005429110
E[P_neut(24)] = 0.0005083912
E[P_neut(25)] = 0.0003715412
E[P_neut(26)] = 0.0003360957
E[P_neut(27)] = 0.0004029603
E[P_neut(28)] = 0.0004187052
E[P_neut(29)] = 0.0003461046
E[P_neut(30)] = 0.0004576451
E[P_neut(31)] = 0.0003329716
E[P_neut(32)] = 0.0005189565
E[P_neut(33)] = 0.0004382934
E[P_neut(34)] = 0.0004242613
E[P_neut(35)] = 0.0003355734
E[P_neut(36)] = 0.0004033511
E[P_neut(37)] = 0.0004489278
E[P_neut(38)] = 0.0004796089
E[P_neut(39)] = 0.0003452472
E[P_neut(40)] = 0.0004885035
E[P_neut(41)] = 0.0004138917
E[P_neut(42)] = 0.0004972854
E[P_neut(43)] = 0.0004827783
E[P_neut(44)] = 0.0005361556
E[P_neut(45)] = 0.0004459593
E[P_neut(46)] = 0.0005900995
E[P_neut(47)] = 0.0005451020
E[P_neut(48)] = 0.0005302505
E[P_neut(49)] = 0.0009850494

---- Expected P_sel(i), 0 < i < n (selected SFS per site) 
E[P_sel(1)] = 0.0049742534
E[P_sel(2)] = 0.0016617659
E[P_sel(3)] = 0.0009470080
E[P_sel(4)] = 0.0006105298
E[P_sel(5)] = 0.0004906283
E[P_sel(6)] = 0.0003466866
E[P_sel(7)] = 0.0002771719
E[P_sel(8)] = 0.0002692640
E[P_sel(9)] = 0.0002035227
E[P_sel(10)] = 0.0001888726
E[P_sel(11)] = 0.0001739201
E[P_sel(12)] = 0.0001244614
E[P_sel(13)] = 0.0001378322
E[P_sel(14)] = 0.0001058996
E[P_sel(15)] = 0.0001213067
E[P_sel(16)] = 0.0000941833
E[P_sel(17)] = 0.0000800185
E[P_sel(18)] = 0.0000774588
E[P_sel(19)] = 0.0000627879
E[P_sel(20)] = 0.0000604583
E[P_sel(21)] = 0.0000655734
E[P_sel(22)] = 0.0000715495
E[P_sel(23)] = 0.0000683655
E[P_sel(24)] = 0.0000634242
E[P_sel(25)] = 0.0000459427
E[P_sel(26)] = 0.0000412111
E[P_sel(27)] = 0.0000490152
E[P_sel(28)] = 0.0000505426
E[P_sel(29)] = 0.0000414754
E[P_sel(30)] = 0.0000544615
E[P_sel(31)] = 0.0000393626
E[P_sel(32)] = 0.0000609609
E[P_sel(33)] = 0.0000511747
E[P_sel(34)] = 0.0000492508
E[P_sel(35)] = 0.0000387415
E[P_sel(36)] = 0.0000463214
E[P_sel(37)] = 0.0000512979
E[P_sel(38)] = 0.0000545425
E[P_sel(39)] = 0.0000390868
E[P_sel(40)] = 0.0000550674
E[P_sel(41)] = 0.0000464690
E[P_sel(42)] = 0.0000556200
E[P_sel(43)] = 0.0000538053
E[P_sel(44)] = 0.0000595568
E[P_sel(45)] = 0.0000493925
E[P_sel(46)] = 0.0000651725
E[P_sel(47)] = 0.0000600665
E[P_sel(48)] = 0.0000583365
E[P_sel(49)] = 0.0001082920

---- alpha_dfe = 0.074429

