---- Running command
---- ./polyDFE -d RevisionsCapsellaPolyDFE/aranetconneccorrec4_-0.662694409223104_PolyDFE.input -m C -i /home/jejames/ArabidopsisCrossGenome/model.txt 1 -e 
---- Performing inference using model C

---- Performing inference on RevisionsCapsellaPolyDFE/aranetconneccorrec4_-0.662694409223104_PolyDFE.input
----      with -i /home/jejames/ArabidopsisCrossGenome/model.txt 1
---- Data RevisionsCapsellaPolyDFE/aranetconneccorrec4_-0.662694409223104_PolyDFE.input does not contain divergence counts. Using option -w.
---- No mutation variability. Using Poisson likelihood.


---- Calculating initial values

-- Starting local optimization
-- Optimizing all parameters
  it        eps_an     theta_bar           S_d             b           p_b           S_b           r 2           r 3           r 4           r 5           r 6           r 7           r 8           r 9          r 10          r 11          r 12          r 13          r 14          r 15          r 16          r 17          r 18          r 19          r 20          r 21          r 22          r 23          r 24          r 25          r 26          r 27          r 28          r 29          r 30          r 31          r 32          r 33          r 34          r 35          r 36          r 37          r 38          r 39          r 40          r 41          r 42          r 43          r 44          r 45          r 46          r 47          r 48          r 49           ln lk          grad status 
   0           0.1 0.01534401774        -80000         0.208           0.1            20 0.86551900460 0.90327254133 0.84779273904 0.94170785750 0.93932162945 0.87693881029 0.92653826487 1.06153059485 0.88972217487 0.89994886654 0.86006476904 0.80432929947 0.76597920572 0.83347537071 0.86858701210 0.93591273223 0.99863644111 0.79827850690 0.66984830407 0.80177262655 0.85307652974 0.91733424237 1.05539457985 0.91614112834 0.71791375490 0.85597409238 0.99028464291 0.86995057099 0.86159877279 0.94315663882 1.14266234873 1.05181523777 1.08079086415 1.03800920402 1.28242713482 1.17930799386 1.45406510993 1.06357593318 1.48627918868 1.59331856144 1.68587012101 1.86892790182 1.99863644111 2.64615646838 2.12868587012 3.03212885631 4.01704448610             1 -2870.058275475 41.2305901941   -2 
1981 0.00005689855 0.01359048064 -377.15592403 0.35494226556 0.02222805215 5.32053603231 0.84185165766 0.94150115853 0.92587688457 0.91442535537 0.89543445284 0.90620695337 0.90582560341 0.96636684263 0.82059212709 0.88872352202 0.82829603617 0.76318322666 0.72343324748 0.76007950675 0.87897548663 0.84760477607 0.88518469658 0.72471075277 0.69333003826 0.78694662141 0.74679973818 0.75107872294 0.76328329291 0.71655253321 0.58019873883 0.76291787787 0.86807185766 0.76687847650 0.82044974913 0.90374658415 1.12128213957 0.86978748998 1.00253520218 0.83967683262 1.02396672724 0.79932650387 1.12473778508 1.02754523358 1.01328480316 1.12346483329 1.10672697796 1.25618698171 1.42709928236 1.46510937234 1.22794917691 1.63259202941 1.82148900417 2.87901991368 -314.8869821719 0.00009476941    0 
---- Best joint likelihood found -314.886982171944226 with gradient 0.00009

---- Results for RevisionsCapsellaPolyDFE/aranetconneccorrec4_-0.662694409223104_PolyDFE.input 
--  Model: C
--        eps_an     theta_bar             a 
-- 0.00005689855 0.01359048064            -1 
--           S_d             b           p_b           S_b 
-- -377.15592403 0.35494226556 0.02222805215 5.32053603231 
--           r 2           r 3           r 4           r 5           r 6           r 7           r 8           r 9          r 10          r 11          r 12          r 13          r 14          r 15          r 16          r 17          r 18          r 19          r 20          r 21          r 22          r 23          r 24          r 25          r 26          r 27          r 28          r 29          r 30          r 31          r 32          r 33          r 34          r 35          r 36          r 37          r 38          r 39          r 40          r 41          r 42          r 43          r 44          r 45          r 46          r 47          r 48          r 49 
-- 0.84185165766 0.94150115853 0.92587688457 0.91442535537 0.89543445284 0.90620695337 0.90582560341 0.96636684263 0.82059212709 0.88872352202 0.82829603617 0.76318322666 0.72343324748 0.76007950675 0.87897548663 0.84760477607 0.88518469658 0.72471075277 0.69333003826 0.78694662141 0.74679973818 0.75107872294 0.76328329291 0.71655253321 0.58019873883 0.76291787787 0.86807185766 0.76687847650 0.82044974913 0.90374658415 1.12128213957 0.86978748998 1.00253520218 0.83967683262 1.02396672724 0.79932650387 1.12473778508 1.02754523358 1.01328480316 1.12346483329 1.10672697796 1.25618698171 1.42709928236 1.46510937234 1.22794917691 1.63259202941 1.82148900417 2.87901991368 

---- Expected P_neut(i), 0 < i < n (neutral SFS per site) 
E[P_neut(1)] = 0.0135897528
E[P_neut(2)] = 0.0057202882
E[P_neut(3)] = 0.0042649353
E[P_neut(4)] = 0.0031456196
E[P_neut(5)] = 0.0024853798
E[P_neut(6)] = 0.0020281404
E[P_neut(7)] = 0.0017593208
E[P_neut(8)] = 0.0015387585
E[P_neut(9)] = 0.0014592037
E[P_neut(10)] = 0.0011151803
E[P_neut(11)] = 0.0010979742
E[P_neut(12)] = 0.0009380479
E[P_neut(13)] = 0.0007978195
E[P_neut(14)] = 0.0007022539
E[P_neut(15)] = 0.0006886358
E[P_neut(16)] = 0.0007465865
E[P_neut(17)] = 0.0006775910
E[P_neut(18)] = 0.0006683272
E[P_neut(19)] = 0.0005183703
E[P_neut(20)] = 0.0004711288
E[P_neut(21)] = 0.0005092764
E[P_neut(22)] = 0.0004613326
E[P_neut(23)] = 0.0004438019
E[P_neut(24)] = 0.0004322171
E[P_neut(25)] = 0.0003895317
E[P_neut(26)] = 0.0003032835
E[P_neut(27)] = 0.0003840190
E[P_neut(28)] = 0.0004213421
E[P_neut(29)] = 0.0003593964
E[P_neut(30)] = 0.0003716825
E[P_neut(31)] = 0.0003962118
E[P_neut(32)] = 0.0004762223
E[P_neut(33)] = 0.0003582251
E[P_neut(34)] = 0.0004007531
E[P_neut(35)] = 0.0003260667
E[P_neut(36)] = 0.0003865791
E[P_neut(37)] = 0.0002936295
E[P_neut(38)] = 0.0004022865
E[P_neut(39)] = 0.0003581148
E[P_neut(40)] = 0.0003443196
E[P_neut(41)] = 0.0003724625
E[P_neut(42)] = 0.0003581851
E[P_neut(43)] = 0.0003971051
E[P_neut(44)] = 0.0004408850
E[P_neut(45)] = 0.0004425949
E[P_neut(46)] = 0.0003629501
E[P_neut(47)] = 0.0004722948
E[P_neut(48)] = 0.0005160235
E[P_neut(49)] = 0.0007992434

---- Expected P_sel(i), 0 < i < n (selected SFS per site) 
E[P_sel(1)] = 0.0059385499
E[P_sel(2)] = 0.0018334844
E[P_sel(3)] = 0.0011659047
E[P_sel(4)] = 0.0007767108
E[P_sel(5)] = 0.0005703722
E[P_sel(6)] = 0.0004399447
E[P_sel(7)] = 0.0003647413
E[P_sel(8)] = 0.0003072837
E[P_sel(9)] = 0.0002823137
E[P_sel(10)] = 0.0002099683
E[P_sel(11)] = 0.0002019040
E[P_sel(12)] = 0.0001689627
E[P_sel(13)] = 0.0001411057
E[P_sel(14)] = 0.0001222112
E[P_sel(15)] = 0.0001181313
E[P_sel(16)] = 0.0001264448
E[P_sel(17)] = 0.0001134607
E[P_sel(18)] = 0.0001107835
E[P_sel(19)] = 0.0000851603
E[P_sel(20)] = 0.0000767913
E[P_sel(21)] = 0.0000824393
E[P_sel(22)] = 0.0000742354
E[P_sel(23)] = 0.0000710543
E[P_sel(24)] = 0.0000689098
E[P_sel(25)] = 0.0000618959
E[P_sel(26)] = 0.0000480688
E[P_sel(27)] = 0.0000607594
E[P_sel(28)] = 0.0000666026
E[P_sel(29)] = 0.0000568040
E[P_sel(30)] = 0.0000587873
E[P_sel(31)] = 0.0000627640
E[P_sel(32)] = 0.0000756208
E[P_sel(33)] = 0.0000570728
E[P_sel(34)] = 0.0000641211
E[P_sel(35)] = 0.0000524462
E[P_sel(36)] = 0.0000625732
E[P_sel(37)] = 0.0000478834
E[P_sel(38)] = 0.0000661733
E[P_sel(39)] = 0.0000594985
E[P_sel(40)] = 0.0000578636
E[P_sel(41)] = 0.0000634122
E[P_sel(42)] = 0.0000618870
E[P_sel(43)] = 0.0000697653
E[P_sel(44)] = 0.0000789300
E[P_sel(45)] = 0.0000809417
E[P_sel(46)] = 0.0000679971
E[P_sel(47)] = 0.0000909334
E[P_sel(48)] = 0.0001025124
E[P_sel(49)] = 0.0001648185

---- alpha_dfe = 0.552853

