---- Running command
---- ./polyDFE -d RevisionsCapsellaPolyDFE/aranetconneccorrec17_0.628785270652295_PolyDFE.input -m C -i /home/jejames/ArabidopsisCrossGenome/model.txt 1 -e 
---- Performing inference using model C

---- Performing inference on RevisionsCapsellaPolyDFE/aranetconneccorrec17_0.628785270652295_PolyDFE.input
----      with -i /home/jejames/ArabidopsisCrossGenome/model.txt 1
---- Data RevisionsCapsellaPolyDFE/aranetconneccorrec17_0.628785270652295_PolyDFE.input does not contain divergence counts. Using option -w.
---- No mutation variability. Using Poisson likelihood.


---- Calculating initial values

-- Starting local optimization
-- Optimizing all parameters
  it        eps_an     theta_bar           S_d             b           p_b           S_b           r 2           r 3           r 4           r 5           r 6           r 7           r 8           r 9          r 10          r 11          r 12          r 13          r 14          r 15          r 16          r 17          r 18          r 19          r 20          r 21          r 22          r 23          r 24          r 25          r 26          r 27          r 28          r 29          r 30          r 31          r 32          r 33          r 34          r 35          r 36          r 37          r 38          r 39          r 40          r 41          r 42          r 43          r 44          r 45          r 46          r 47          r 48          r 49           ln lk          grad status 
   0           0.1 0.01524827485        -20000         0.406           0.1            20 0.93252683591 0.92034418129 0.93303799625 0.93670131197 0.84443687169 0.87544726529 0.86624637928 0.86181632305 0.88515931163 0.81904924177 0.82194581700 0.91702163912 0.87544726529 0.76290679843 1.02777304481 0.94862838643 0.87561765207 0.85466007837 0.86386096438 0.68163230533 0.85653433293 0.78181973078 0.88328505707 0.93712727892 0.81513034588 0.89938660759 0.84205145680 0.96106662123 0.82552393934 0.92963026069 0.92417788379 0.82935764184 1.11807803714 1.23147043789 1.12250809337 1.29868802180 1.15249616629 1.41540296472 1.33242460385 1.24348270574 1.71392059976 1.80235133753 1.45442153688 2.57241438064 2.51593116374 3.23930822968 4.15880047708             1 -2935.641937170 36.1714183256   -2 
1995 0.00031037012 0.01349363869 -922.69703883 0.33104161070 0.00352444817 14.5019634383 0.95775573475 0.89832099217 0.94598587998 0.92010804162 0.81981345075 0.84620225034 0.93399616821 0.81695407828 0.89904333454 0.77989911322 0.82311765717 0.84094867483 0.76587260586 0.72068630900 0.89405452707 0.88619512779 0.77807644908 0.81524914570 0.81039689362 0.77843050100 0.82977188540 0.66756746311 0.81103762195 0.80804308208 0.73376937182 0.83458116414 0.74964437807 0.91529938338 0.80617647442 0.81798022244 0.69326769943 0.55846283977 0.84615676581 1.02028107460 0.76339911530 1.05957694873 0.84613512904 0.99220533676 0.88940354758 0.84538382750 1.19714639343 1.40398439999 0.99222012595 1.55147183554 1.19281328614 1.69218508892 1.89720690715 2.86821634548 -297.7039312590 0.00008866203    0 
---- Best joint likelihood found -297.703931259041383 with gradient 0.00009

---- Results for RevisionsCapsellaPolyDFE/aranetconneccorrec17_0.628785270652295_PolyDFE.input 
--  Model: C
--        eps_an     theta_bar             a 
-- 0.00031037012 0.01349363869            -1 
--           S_d             b           p_b           S_b 
-- -922.69703883 0.33104161070 0.00352444817 14.5019634383 
--           r 2           r 3           r 4           r 5           r 6           r 7           r 8           r 9          r 10          r 11          r 12          r 13          r 14          r 15          r 16          r 17          r 18          r 19          r 20          r 21          r 22          r 23          r 24          r 25          r 26          r 27          r 28          r 29          r 30          r 31          r 32          r 33          r 34          r 35          r 36          r 37          r 38          r 39          r 40          r 41          r 42          r 43          r 44          r 45          r 46          r 47          r 48          r 49 
-- 0.95775573475 0.89832099217 0.94598587998 0.92010804162 0.81981345075 0.84620225034 0.93399616821 0.81695407828 0.89904333454 0.77989911322 0.82311765717 0.84094867483 0.76587260586 0.72068630900 0.89405452707 0.88619512779 0.77807644908 0.81524914570 0.81039689362 0.77843050100 0.82977188540 0.66756746311 0.81103762195 0.80804308208 0.73376937182 0.83458116414 0.74964437807 0.91529938338 0.80617647442 0.81798022244 0.69326769943 0.55846283977 0.84615676581 1.02028107460 0.76339911530 1.05957694873 0.84613512904 0.99220533676 0.88940354758 0.84538382750 1.19714639343 1.40398439999 0.99222012595 1.55147183554 1.19281328614 1.69218508892 1.89720690715 2.86821634548 

---- Expected P_neut(i), 0 < i < n (neutral SFS per site) 
E[P_neut(1)] = 0.0134896958
E[P_neut(2)] = 0.0064599649
E[P_neut(3)] = 0.0040394364
E[P_neut(4)] = 0.0031903161
E[P_neut(5)] = 0.0024824948
E[P_neut(6)] = 0.0018432333
E[P_neut(7)] = 0.0016308230
E[P_neut(8)] = 0.0015750063
E[P_neut(9)] = 0.0012245599
E[P_neut(10)] = 0.0012128532
E[P_neut(11)] = 0.0009565075
E[P_neut(12)] = 0.0009253770
E[P_neut(13)] = 0.0008727304
E[P_neut(14)] = 0.0007380317
E[P_neut(15)] = 0.0006482329
E[P_neut(16)] = 0.0007538733
E[P_neut(17)] = 0.0007032641
E[P_neut(18)] = 0.0005831921
E[P_neut(19)] = 0.0005789138
E[P_neut(20)] = 0.0005467030
E[P_neut(21)] = 0.0005001607
E[P_neut(22)] = 0.0005088924
E[P_neut(23)] = 0.0003916563
E[P_neut(24)] = 0.0004559704
E[P_neut(25)] = 0.0004361377
E[P_neut(26)] = 0.0003808394
E[P_neut(27)] = 0.0004170861
E[P_neut(28)] = 0.0003613112
E[P_neut(29)] = 0.0004259099
E[P_neut(30)] = 0.0003626656
E[P_neut(31)] = 0.0003561185
E[P_neut(32)] = 0.0002924248
E[P_neut(33)] = 0.0002285019
E[P_neut(34)] = 0.0003359455
E[P_neut(35)] = 0.0003934307
E[P_neut(36)] = 0.0002862801
E[P_neut(37)] = 0.0003865712
E[P_neut(38)] = 0.0003006530
E[P_neut(39)] = 0.0003434842
E[P_neut(40)] = 0.0003003157
E[P_neut(41)] = 0.0002785207
E[P_neut(42)] = 0.0003849853
E[P_neut(43)] = 0.0004409476
E[P_neut(44)] = 0.0003047655
E[P_neut(45)] = 0.0004658485
E[P_neut(46)] = 0.0003507817
E[P_neut(47)] = 0.0004869274
E[P_neut(48)] = 0.0005351780
E[P_neut(49)] = 0.0007937934

---- Expected P_sel(i), 0 < i < n (selected SFS per site) 
E[P_sel(1)] = 0.0046169732
E[P_sel(2)] = 0.0015811418
E[P_sel(3)] = 0.0008391308
E[P_sel(4)] = 0.0005967907
E[P_sel(5)] = 0.0004303575
E[P_sel(6)] = 0.0003011462
E[P_sel(7)] = 0.0002538772
E[P_sel(8)] = 0.0002354380
E[P_sel(9)] = 0.0001767796
E[P_sel(10)] = 0.0001698343
E[P_sel(11)] = 0.0001303711
E[P_sel(12)] = 0.0001231181
E[P_sel(13)] = 0.0001136078
E[P_sel(14)] = 0.0000941874
E[P_sel(15)] = 0.0000812396
E[P_sel(16)] = 0.0000929182
E[P_sel(17)] = 0.0000853582
E[P_sel(18)] = 0.0000697838
E[P_sel(19)] = 0.0000683628
E[P_sel(20)] = 0.0000637713
E[P_sel(21)] = 0.0000576791
E[P_sel(22)] = 0.0000580647
E[P_sel(23)] = 0.0000442468
E[P_sel(24)] = 0.0000510392
E[P_sel(25)] = 0.0000484018
E[P_sel(26)] = 0.0000419296
E[P_sel(27)] = 0.0000455832
E[P_sel(28)] = 0.0000392211
E[P_sel(29)] = 0.0000459476
E[P_sel(30)] = 0.0000389060
E[P_sel(31)] = 0.0000380122
E[P_sel(32)] = 0.0000310761
E[P_sel(33)] = 0.0000241922
E[P_sel(34)] = 0.0000354548
E[P_sel(35)] = 0.0000414193
E[P_sel(36)] = 0.0000300902
E[P_sel(37)] = 0.0000405968
E[P_sel(38)] = 0.0000315792
E[P_sel(39)] = 0.0000361191
E[P_sel(40)] = 0.0000316591
E[P_sel(41)] = 0.0000294751
E[P_sel(42)] = 0.0000409666
E[P_sel(43)] = 0.0000472776
E[P_sel(44)] = 0.0000330243
E[P_sel(45)] = 0.0000511673
E[P_sel(46)] = 0.0000392728
E[P_sel(47)] = 0.0000559198
E[P_sel(48)] = 0.0000639814
E[P_sel(49)] = 0.0001030290

---- alpha_dfe = 0.373261

