---- Running command
---- ./polyDFE -d RevisionsCapsellaPolyDFE/aranetconneccorrec14_0.347951126614139_PolyDFE.input -m C -i /home/jejames/ArabidopsisCrossGenome/model.txt 1 -e 
---- Performing inference using model C

---- Performing inference on RevisionsCapsellaPolyDFE/aranetconneccorrec14_0.347951126614139_PolyDFE.input
----      with -i /home/jejames/ArabidopsisCrossGenome/model.txt 1
---- Data RevisionsCapsellaPolyDFE/aranetconneccorrec14_0.347951126614139_PolyDFE.input does not contain divergence counts. Using option -w.
---- No mutation variability. Using Poisson likelihood.


---- Calculating initial values

-- Starting local optimization
-- Optimizing all parameters
  it        eps_an     theta_bar           S_d             b           p_b           S_b           r 2           r 3           r 4           r 5           r 6           r 7           r 8           r 9          r 10          r 11          r 12          r 13          r 14          r 15          r 16          r 17          r 18          r 19          r 20          r 21          r 22          r 23          r 24          r 25          r 26          r 27          r 28          r 29          r 30          r 31          r 32          r 33          r 34          r 35          r 36          r 37          r 38          r 39          r 40          r 41          r 42          r 43          r 44          r 45          r 46          r 47          r 48          r 49           ln lk          grad status 
   0           0.1 0.01581676010        -20000         0.406           0.1            20 0.93554295682 0.95560401221 0.83907544701 0.85913650239 0.98700392498 1.03916266899 0.89733972961 0.87684256432 0.81203663323 0.94217182730 0.84047099869 0.87082424771 0.75830789358 0.73528129088 0.81918883558 0.94007849978 0.97967727867 0.87832533798 1.01177496729 1.08617531617 0.99398168338 1.00305276929 0.88129088530 0.82860880942 0.97287396423 0.98909725250 0.83523767989 1.15595290013 0.88966419537 1.00043610989 0.93781072830 0.99590056694 1.19511556912 0.78761447884 0.97025730484 1.39415612734 1.15010902747 1.48992586131 1.32228521587 1.61997383340 1.37008286088 1.94278238116 2.20287832533 2.08024422154 2.42738770170 3.55830789358 4.80209332751             1 -2916.318301126 36.8446661773   -2 
1143 0.00037566302 0.01422880427 -1039.8495632 0.32330256764 0.00675350582 2.49511259726 0.89917535888 0.91057157638 0.85779779805 0.90237178054 0.95047840420 0.92862999762 0.85547393756 0.82014729550 0.80566429567 0.90014118707 0.82521606560 0.77207048000 0.78135057285 0.68434476166 0.77432683651 0.84416934904 0.87967247850 0.87427239674 0.84180085196 0.91961964789 0.88701220443 0.90657670395 0.79879724260 0.87351723925 0.96523617381 0.74988077027 0.89713690876 0.85470913305 0.68017192324 0.76961955782 0.84652993242 0.76938988875 0.92026212424 0.66941490638 0.80421975538 1.12322815612 0.95178072442 1.03994738574 0.87504922391 1.22617636080 0.87432186266 1.19412280733 1.38665672356 1.15266775006 1.34958768574 2.03015835014 2.29962225326 3.71583858148 -300.0180876273 0.00056294575   -8 
-- Local optimization: reached maximum number of likelihood evaluations allowed.
---- Best joint likelihood found -300.018087627304226 with gradient 0.00056

---- Results for RevisionsCapsellaPolyDFE/aranetconneccorrec14_0.347951126614139_PolyDFE.input 
--  Model: C
--        eps_an     theta_bar             a 
-- 0.00037566302 0.01422880427            -1 
--           S_d             b           p_b           S_b 
-- -1039.8495632 0.32330256764 0.00675350582 2.49511259726 
--           r 2           r 3           r 4           r 5           r 6           r 7           r 8           r 9          r 10          r 11          r 12          r 13          r 14          r 15          r 16          r 17          r 18          r 19          r 20          r 21          r 22          r 23          r 24          r 25          r 26          r 27          r 28          r 29          r 30          r 31          r 32          r 33          r 34          r 35          r 36          r 37          r 38          r 39          r 40          r 41          r 42          r 43          r 44          r 45          r 46          r 47          r 48          r 49 
-- 0.89917535888 0.91057157638 0.85779779805 0.90237178054 0.95047840420 0.92862999762 0.85547393756 0.82014729550 0.80566429567 0.90014118707 0.82521606560 0.77207048000 0.78135057285 0.68434476166 0.77432683651 0.84416934904 0.87967247850 0.87427239674 0.84180085196 0.91961964789 0.88701220443 0.90657670395 0.79879724260 0.87351723925 0.96523617381 0.74988077027 0.89713690876 0.85470913305 0.68017192324 0.76961955782 0.84652993242 0.76938988875 0.92026212424 0.66941490638 0.80421975538 1.12322815612 0.95178072442 1.03994738574 0.87504922391 1.22617636080 0.87432186266 1.19412280733 1.38665672356 1.15266775006 1.34958768574 2.03015835014 2.29962225326 3.71583858148 

---- Expected P_neut(i), 0 < i < n (neutral SFS per site) 
E[P_neut(1)] = 0.0142238644
E[P_neut(2)] = 0.0063949480
E[P_neut(3)] = 0.0043173901
E[P_neut(4)] = 0.0030503698
E[P_neut(5)] = 0.0025671065
E[P_neut(6)] = 0.0022533502
E[P_neut(7)] = 0.0018870528
E[P_neut(8)] = 0.0015210861
E[P_neut(9)] = 0.0012963078
E[P_neut(10)] = 0.0011460502
E[P_neut(11)] = 0.0011640627
E[P_neut(12)] = 0.0009782528
E[P_neut(13)] = 0.0008448940
E[P_neut(14)] = 0.0007939414
E[P_neut(15)] = 0.0006490189
E[P_neut(16)] = 0.0006884951
E[P_neut(17)] = 0.0007064192
E[P_neut(18)] = 0.0006952517
E[P_neut(19)] = 0.0006546157
E[P_neut(20)] = 0.0005987872
E[P_neut(21)] = 0.0006230229
E[P_neut(22)] = 0.0005736432
E[P_neut(23)] = 0.0005607857
E[P_neut(24)] = 0.0004736009
E[P_neut(25)] = 0.0004971642
E[P_neut(26)] = 0.0005282163
E[P_neut(27)] = 0.0003952440
E[P_neut(28)] = 0.0004559437
E[P_neut(29)] = 0.0004194382
E[P_neut(30)] = 0.0003227049
E[P_neut(31)] = 0.0003533638
E[P_neut(32)] = 0.0003765295
E[P_neut(33)] = 0.0003318832
E[P_neut(34)] = 0.0003852384
E[P_neut(35)] = 0.0002722837
E[P_neut(36)] = 0.0003180424
E[P_neut(37)] = 0.0004321064
E[P_neut(38)] = 0.0003566206
E[P_neut(39)] = 0.0003797105
E[P_neut(40)] = 0.0003115863
E[P_neut(41)] = 0.0004258644
E[P_neut(42)] = 0.0002966640
E[P_neut(43)] = 0.0003956988
E[P_neut(44)] = 0.0004490980
E[P_neut(45)] = 0.0003652963
E[P_neut(46)] = 0.0004184464
E[P_neut(47)] = 0.0006160027
E[P_neut(48)] = 0.0006838320
E[P_neut(49)] = 0.0010839591

---- Expected P_sel(i), 0 < i < n (selected SFS per site) 
E[P_sel(1)] = 0.0048130386
E[P_sel(2)] = 0.0015615970
E[P_sel(3)] = 0.0009003041
E[P_sel(4)] = 0.0005752510
E[P_sel(5)] = 0.0004501138
E[P_sel(6)] = 0.0003733409
E[P_sel(7)] = 0.0002985719
E[P_sel(8)] = 0.0002315410
E[P_sel(9)] = 0.0001908821
E[P_sel(10)] = 0.0001639389
E[P_sel(11)] = 0.0001623004
E[P_sel(12)] = 0.0001333015
E[P_sel(13)] = 0.0001127706
E[P_sel(14)] = 0.0001039963
E[P_sel(15)] = 0.0000835635
E[P_sel(16)] = 0.0000872551
E[P_sel(17)] = 0.0000882298
E[P_sel(18)] = 0.0000856683
E[P_sel(19)] = 0.0000796536
E[P_sel(20)] = 0.0000720118
E[P_sel(21)] = 0.0000741111
E[P_sel(22)] = 0.0000675423
E[P_sel(23)] = 0.0000653986
E[P_sel(24)] = 0.0000547369
E[P_sel(25)] = 0.0000569778
E[P_sel(26)] = 0.0000600595
E[P_sel(27)] = 0.0000446081
E[P_sel(28)] = 0.0000511018
E[P_sel(29)] = 0.0000467050
E[P_sel(30)] = 0.0000357156
E[P_sel(31)] = 0.0000388869
E[P_sel(32)] = 0.0000412172
E[P_sel(33)] = 0.0000361524
E[P_sel(34)] = 0.0000417735
E[P_sel(35)] = 0.0000294035
E[P_sel(36)] = 0.0000342150
E[P_sel(37)] = 0.0000463244
E[P_sel(38)] = 0.0000381178
E[P_sel(39)] = 0.0000404784
E[P_sel(40)] = 0.0000331424
E[P_sel(41)] = 0.0000452076
E[P_sel(42)] = 0.0000314557
E[P_sel(43)] = 0.0000419102
E[P_sel(44)] = 0.0000475402
E[P_sel(45)] = 0.0000386846
E[P_sel(46)] = 0.0000443403
E[P_sel(47)] = 0.0000653473
E[P_sel(48)] = 0.0000727806
E[P_sel(49)] = 0.0001162917

---- alpha_dfe = 0.183856

