---- Running command
---- ./polyDFE -d RevisionsCapsellaPolyDFE/aranetconneccorrec1_-1.3714604945221_PolyDFE.input -m C -i /home/jejames/ArabidopsisCrossGenome/model.txt 1 -e 
---- Performing inference using model C

---- Performing inference on RevisionsCapsellaPolyDFE/aranetconneccorrec1_-1.3714604945221_PolyDFE.input
----      with -i /home/jejames/ArabidopsisCrossGenome/model.txt 1
---- Data RevisionsCapsellaPolyDFE/aranetconneccorrec1_-1.3714604945221_PolyDFE.input does not contain divergence counts. Using option -w.
---- No mutation variability. Using Poisson likelihood.


---- Calculating initial values

-- Starting local optimization
-- Optimizing all parameters
  it        eps_an     theta_bar           S_d             b           p_b           S_b           r 2           r 3           r 4           r 5           r 6           r 7           r 8           r 9          r 10          r 11          r 12          r 13          r 14          r 15          r 16          r 17          r 18          r 19          r 20          r 21          r 22          r 23          r 24          r 25          r 26          r 27          r 28          r 29          r 30          r 31          r 32          r 33          r 34          r 35          r 36          r 37          r 38          r 39          r 40          r 41          r 42          r 43          r 44          r 45          r 46          r 47          r 48          r 49           ln lk          grad status 
   0           0.1 0.01602301722        -80000         0.208           0.1            20 0.90768847972 0.83130131873 0.92858920129 0.98075806585 0.89922866384 0.82906195571 0.76702330596 0.94202537944 0.83022310690 0.79008045119 0.79422741975 0.82483204777 0.74081446462 0.89076884797 0.86787758148 0.72190428796 0.97337646180 0.63506676619 0.55237621298 0.73500870863 0.70979513975 0.89848220950 0.86588703657 0.68424981338 1.02430123579 0.71435680517 0.69901302148 0.86107655303 0.49017168449 1.09786845815 1.13593762959 0.78825578502 1.03209753670 1.28887783030 1.14058223438 0.99734594011 0.95181222526 1.40383179895 1.48959110889 1.62544579912 1.68599154018 1.32669818362 2.12756075308 2.40731525255 2.40739819192 3.07564070664 4.33142572779             1 -2951.446530201 43.8246401311   -2 
 904 0.01869983341 0.01440595775 -803.31839473 0.26865232013 0.00014102382 0.66054324120 0.90674669491 0.86720577509 0.93315264294 0.93258591486 0.89665275247 0.91323327867 0.77327289544 0.84240083913 0.78043554245 0.80009382056 0.81802277366 0.77328073054 0.74398774083 0.75647761064 0.75862478207 0.66609765994 0.80038390944 0.60041090241 0.60650635052 0.62570076202 0.70783658240 0.69053000804 0.77501226688 0.63427891955 0.78643838372 0.72357245388 0.65059898522 0.74280441348 0.40323209575 0.95218712735 0.86099626253 0.69707353930 0.86997985510 1.02429329274 0.82198342341 0.78928229179 0.69937395902 0.91606833054 1.10169179337 0.98560239078 1.04685494669 0.80998988656 1.24795911351 1.27657470597 1.21211019017 1.21421885799 1.57715235583 2.17071255552 -308.0794590421 0.00008239428    0 
---- Best joint likelihood found -308.079459042165752 with gradient 0.00008

---- Results for RevisionsCapsellaPolyDFE/aranetconneccorrec1_-1.3714604945221_PolyDFE.input 
--  Model: C
--        eps_an     theta_bar             a 
-- 0.01869983341 0.01440595775            -1 
--           S_d             b           p_b           S_b 
-- -803.31839473 0.26865232013 0.00014102382 0.66054324120 
--           r 2           r 3           r 4           r 5           r 6           r 7           r 8           r 9          r 10          r 11          r 12          r 13          r 14          r 15          r 16          r 17          r 18          r 19          r 20          r 21          r 22          r 23          r 24          r 25          r 26          r 27          r 28          r 29          r 30          r 31          r 32          r 33          r 34          r 35          r 36          r 37          r 38          r 39          r 40          r 41          r 42          r 43          r 44          r 45          r 46          r 47          r 48          r 49 
-- 0.90674669491 0.86720577509 0.93315264294 0.93258591486 0.89665275247 0.91323327867 0.77327289544 0.84240083913 0.78043554245 0.80009382056 0.81802277366 0.77328073054 0.74398774083 0.75647761064 0.75862478207 0.66609765994 0.80038390944 0.60041090241 0.60650635052 0.62570076202 0.70783658240 0.69053000804 0.77501226688 0.63427891955 0.78643838372 0.72357245388 0.65059898522 0.74280441348 0.40323209575 0.95218712735 0.86099626253 0.69707353930 0.86997985510 1.02429329274 0.82198342341 0.78928229179 0.69937395902 0.91606833054 1.10169179337 0.98560239078 1.04685494669 0.80998988656 1.24795911351 1.27657470597 1.21211019017 1.21421885799 1.57715235583 2.17071255552 

---- Expected P_neut(i), 0 < i < n (neutral SFS per site) 
E[P_neut(1)] = 0.0141485027
E[P_neut(2)] = 0.0064179949
E[P_neut(3)] = 0.0040933975
E[P_neut(4)] = 0.0033049926
E[P_neut(5)] = 0.0026443551
E[P_neut(6)] = 0.0021202395
E[P_neut(7)] = 0.0018493580
E[P_neut(8)] = 0.0013731427
E[P_neut(9)] = 0.0013296600
E[P_neut(10)] = 0.0011106877
E[P_neut(11)] = 0.0010345623
E[P_neut(12)] = 0.0009686276
E[P_neut(13)] = 0.0008466340
E[P_neut(14)] = 0.0007573962
E[P_neut(15)] = 0.0007208170
E[P_neut(16)] = 0.0006771650
E[P_neut(17)] = 0.0005595925
E[P_neut(18)] = 0.0006358417
E[P_neut(19)] = 0.0004549982
E[P_neut(20)] = 0.0004323168
E[P_neut(21)] = 0.0004281031
E[P_neut(22)] = 0.0004610949
E[P_neut(23)] = 0.0004316422
E[P_neut(24)] = 0.0004646490
E[P_neut(25)] = 0.0003654958
E[P_neut(26)] = 0.0004362969
E[P_neut(27)] = 0.0003869335
E[P_neut(28)] = 0.0003371402
E[P_neut(29)] = 0.0003701198
E[P_neut(30)] = 0.0001981799
E[P_neut(31)] = 0.0004427276
E[P_neut(32)] = 0.0003923390
E[P_neut(33)] = 0.0003091682
E[P_neut(34)] = 0.0003744943
E[P_neut(35)] = 0.0004272999
E[P_neut(36)] = 0.0003370943
E[P_neut(37)] = 0.0003175847
E[P_neut(38)] = 0.0002785414
E[P_neut(39)] = 0.0003516471
E[P_neut(40)] = 0.0004103776
E[P_neut(41)] = 0.0003650450
E[P_neut(42)] = 0.0003783945
E[P_neut(43)] = 0.0003014352
E[P_neut(44)] = 0.0004412094
E[P_neut(45)] = 0.0004512765
E[P_neut(46)] = 0.0004353470
E[P_neut(47)] = 0.0004430823
E[P_neut(48)] = 0.0005866239
E[P_neut(49)] = 0.0008956426

---- Expected P_sel(i), 0 < i < n (selected SFS per site) 
E[P_sel(1)] = 0.0057283197
E[P_sel(2)] = 0.0019832226
E[P_sel(3)] = 0.0011071434
E[P_sel(4)] = 0.0008202971
E[P_sel(5)] = 0.0006162959
E[P_sel(6)] = 0.0004703604
E[P_sel(7)] = 0.0003942245
E[P_sel(8)] = 0.0002827401
E[P_sel(9)] = 0.0002658783
E[P_sel(10)] = 0.0002163345
E[P_sel(11)] = 0.0001969639
E[P_sel(12)] = 0.0001806755
E[P_sel(13)] = 0.0001549184
E[P_sel(14)] = 0.0001361856
E[P_sel(15)] = 0.0001275035
E[P_sel(16)] = 0.0001180487
E[P_sel(17)] = 0.0000962241
E[P_sel(18)] = 0.0001079245
E[P_sel(19)] = 0.0000762507
E[P_sel(20)] = 0.0000716995
E[P_sel(21)] = 0.0000702002
E[P_sel(22)] = 0.0000748588
E[P_sel(23)] = 0.0000693957
E[P_sel(24)] = 0.0000740207
E[P_sel(25)] = 0.0000577196
E[P_sel(26)] = 0.0000683315
E[P_sel(27)] = 0.0000601234
E[P_sel(28)] = 0.0000520039
E[P_sel(29)] = 0.0000566652
E[P_sel(30)] = 0.0000301855
E[P_sel(31)] = 0.0000668418
E[P_sel(32)] = 0.0000589408
E[P_sel(33)] = 0.0000461945
E[P_sel(34)] = 0.0000556385
E[P_sel(35)] = 0.0000631102
E[P_sel(36)] = 0.0000496500
E[P_sel(37)] = 0.0000466541
E[P_sel(38)] = 0.0000409311
E[P_sel(39)] = 0.0000513303
E[P_sel(40)] = 0.0000596058
E[P_sel(41)] = 0.0000532357
E[P_sel(42)] = 0.0000550740
E[P_sel(43)] = 0.0000448726
E[P_sel(44)] = 0.0000649388
E[P_sel(45)] = 0.0000674611
E[P_sel(46)] = 0.0000671411
E[P_sel(47)] = 0.0000713664
E[P_sel(48)] = 0.0001014379
E[P_sel(49)] = 0.0001945915

---- alpha_dfe = 0.001457

