---- Running command
---- ./polyDFE -d RevisionsCapsellaPolyDFE/aranetconneccorrec3_-0.814376955755123_PolyDFE.input -m C -i /home/jejames/ArabidopsisCrossGenome/model.txt 1 -e 
---- Performing inference using model C

---- Performing inference on RevisionsCapsellaPolyDFE/aranetconneccorrec3_-0.814376955755123_PolyDFE.input
----      with -i /home/jejames/ArabidopsisCrossGenome/model.txt 1
---- Data RevisionsCapsellaPolyDFE/aranetconneccorrec3_-0.814376955755123_PolyDFE.input does not contain divergence counts. Using option -w.
---- No mutation variability. Using Poisson likelihood.


---- Calculating initial values

-- Starting local optimization
-- Optimizing all parameters
  it        eps_an     theta_bar           S_d             b           p_b           S_b           r 2           r 3           r 4           r 5           r 6           r 7           r 8           r 9          r 10          r 11          r 12          r 13          r 14          r 15          r 16          r 17          r 18          r 19          r 20          r 21          r 22          r 23          r 24          r 25          r 26          r 27          r 28          r 29          r 30          r 31          r 32          r 33          r 34          r 35          r 36          r 37          r 38          r 39          r 40          r 41          r 42          r 43          r 44          r 45          r 46          r 47          r 48          r 49           ln lk          grad status 
   0           0.1 0.01699361184        -80000         0.208           0.1            20 0.89570858283 0.87974051896 0.94078509647 0.91109447771 0.92814371257 0.80572188955 0.84963406520 0.74550898203 0.83749168330 0.72821024617 0.64071856287 0.82385229540 0.85462408516 1.06412175648 0.84098469727 0.82285429141 0.78143712574 0.76638389886 0.76513639387 0.61826347305 1.01363938789 0.89712242182 0.54491017964 0.72771124417 0.64221556886 1.03517964071 0.99201596806 0.73802395209 1.14770459081 0.73478043912 1.21889554224 0.98253493013 0.92747837658 1.15560545575 1.09580838323 1.16317365269 1.32102461743 1.18063872255 1.40718562874 1.37757817697 1.86177644710 1.91683300066 2.12242182302 2.24176646706 2.18829008649 3.02544910179 4.41117764471             1 -2906.088726046 39.8419622247   -2 
1170 0.01800726418 0.01511830694 -797.29315432 0.25276199580 0.00014804952 0.65070358462 0.91731192920 0.90042449035 0.95888695303 0.90829586334 0.92256973296 0.82982658055 0.81148531051 0.86648556185 0.79478208397 0.86612475710 0.77316823878 0.77561022139 0.81880513504 0.99511267270 0.78838789558 0.76413262993 0.71216622497 0.75928163865 0.61200605946 0.59375240431 0.75477134399 0.65251633750 0.46681627948 0.56597685129 0.69430524928 0.82542769655 0.80639286624 0.67461722398 0.85799025912 0.59456157109 0.95713837214 0.70672548488 0.75684118359 0.83201465196 0.84669685953 0.92083781014 0.91047862961 0.97485184656 1.02035983052 0.93943087898 1.28400845835 1.16462339599 1.31374053213 1.33081069307 0.91074415719 1.32773252242 1.60649012049 1.78646723919 -316.6400468936 0.00029517438   -8 
-- Local optimization: reached maximum number of likelihood evaluations allowed.
---- Best joint likelihood found -316.640046893688691 with gradient 0.00030

---- Results for RevisionsCapsellaPolyDFE/aranetconneccorrec3_-0.814376955755123_PolyDFE.input 
--  Model: C
--        eps_an     theta_bar             a 
-- 0.01800726418 0.01511830694            -1 
--           S_d             b           p_b           S_b 
-- -797.29315432 0.25276199580 0.00014804952 0.65070358462 
--           r 2           r 3           r 4           r 5           r 6           r 7           r 8           r 9          r 10          r 11          r 12          r 13          r 14          r 15          r 16          r 17          r 18          r 19          r 20          r 21          r 22          r 23          r 24          r 25          r 26          r 27          r 28          r 29          r 30          r 31          r 32          r 33          r 34          r 35          r 36          r 37          r 38          r 39          r 40          r 41          r 42          r 43          r 44          r 45          r 46          r 47          r 48          r 49 
-- 0.91731192920 0.90042449035 0.95888695303 0.90829586334 0.92256973296 0.82982658055 0.81148531051 0.86648556185 0.79478208397 0.86612475710 0.77316823878 0.77561022139 0.81880513504 0.99511267270 0.78838789558 0.76413262993 0.71216622497 0.75928163865 0.61200605946 0.59375240431 0.75477134399 0.65251633750 0.46681627948 0.56597685129 0.69430524928 0.82542769655 0.80639286624 0.67461722398 0.85799025912 0.59456157109 0.95713837214 0.70672548488 0.75684118359 0.83201465196 0.84669685953 0.92083781014 0.91047862961 0.97485184656 1.02035983052 0.93943087898 1.28400845835 1.16462339599 1.31374053213 1.33081069307 0.91074415719 1.32773252242 1.60649012049 1.78646723919 

---- Expected P_neut(i), 0 < i < n (neutral SFS per site) 
E[P_neut(1)] = 0.0148559930
E[P_neut(2)] = 0.0068183489
E[P_neut(3)] = 0.0044636116
E[P_neut(4)] = 0.0035643151
E[P_neut(5)] = 0.0027049754
E[P_neut(6)] = 0.0022908839
E[P_neut(7)] = 0.0017673250
E[P_neut(8)] = 0.0015142435
E[P_neut(9)] = 0.0014355604
E[P_neut(10)] = 0.0011868834
E[P_neut(11)] = 0.0011757637
E[P_neut(12)] = 0.0009630652
E[P_neut(13)] = 0.0008925263
E[P_neut(14)] = 0.0008746912
E[P_neut(15)] = 0.0009913723
E[P_neut(16)] = 0.0007375888
E[P_neut(17)] = 0.0006731458
E[P_neut(18)] = 0.0005955244
E[P_neut(19)] = 0.0005985028
E[P_neut(20)] = 0.0004620801
E[P_neut(21)] = 0.0004260896
E[P_neut(22)] = 0.0005171762
E[P_neut(23)] = 0.0004295098
E[P_neut(24)] = 0.0002960360
E[P_neut(25)] = 0.0003422645
E[P_neut(26)] = 0.0004017453
E[P_neut(27)] = 0.0004615885
E[P_neut(28)] = 0.0004369029
E[P_neut(29)] = 0.0003530563
E[P_neut(30)] = 0.0004329233
E[P_neut(31)] = 0.0002956180
E[P_neut(32)] = 0.0004548255
E[P_neut(33)] = 0.0003301791
E[P_neut(34)] = 0.0003438884
E[P_neut(35)] = 0.0003709790
E[P_neut(36)] = 0.0003650922
E[P_neut(37)] = 0.0003857241
E[P_neut(38)] = 0.0003732518
E[P_neut(39)] = 0.0003925310
E[P_neut(40)] = 0.0004003454
E[P_neut(41)] = 0.0003663773
E[P_neut(42)] = 0.0004814833
E[P_neut(43)] = 0.0004343679
E[P_neut(44)] = 0.0004851300
E[P_neut(45)] = 0.0004885060
E[P_neut(46)] = 0.0003591958
E[P_neut(47)] = 0.0005011062
E[P_neut(48)] = 0.0006217405
E[P_neut(49)] = 0.0008135049

---- Expected P_sel(i), 0 < i < n (selected SFS per site) 
E[P_sel(1)] = 0.0062521948
E[P_sel(2)] = 0.0022268258
E[P_sel(3)] = 0.0012866300
E[P_sel(4)] = 0.0009481116
E[P_sel(5)] = 0.0006780533
E[P_sel(6)] = 0.0005482919
E[P_sel(7)] = 0.0004072372
E[P_sel(8)] = 0.0003378375
E[P_sel(9)] = 0.0003116852
E[P_sel(10)] = 0.0002514251
E[P_sel(11)] = 0.0002437553
E[P_sel(12)] = 0.0001957700
E[P_sel(13)] = 0.0001782215
E[P_sel(14)] = 0.0001718616
E[P_sel(15)] = 0.0001919206
E[P_sel(16)] = 0.0001407854
E[P_sel(17)] = 0.0001268269
E[P_sel(18)] = 0.0001107892
E[P_sel(19)] = 0.0001101449
E[P_sel(20)] = 0.0000840748
E[P_sel(21)] = 0.0000767625
E[P_sel(22)] = 0.0000922858
E[P_sel(23)] = 0.0000759400
E[P_sel(24)] = 0.0000518898
E[P_sel(25)] = 0.0000595091
E[P_sel(26)] = 0.0000692998
E[P_sel(27)] = 0.0000790299
E[P_sel(28)] = 0.0000742830
E[P_sel(29)] = 0.0000596192
E[P_sel(30)] = 0.0000726109
E[P_sel(31)] = 0.0000493600
E[P_sel(32)] = 0.0000753802
E[P_sel(33)] = 0.0000545133
E[P_sel(34)] = 0.0000564961
E[P_sel(35)] = 0.0000607556
E[P_sel(36)] = 0.0000594553
E[P_sel(37)] = 0.0000625155
E[P_sel(38)] = 0.0000603203
E[P_sel(39)] = 0.0000633419
E[P_sel(40)] = 0.0000643820
E[P_sel(41)] = 0.0000591355
E[P_sel(42)] = 0.0000771230
E[P_sel(43)] = 0.0000700056
E[P_sel(44)] = 0.0000786756
E[P_sel(45)] = 0.0000800932
E[P_sel(46)] = 0.0000624811
E[P_sel(47)] = 0.0000876574
E[P_sel(48)] = 0.0001164109
E[P_sel(49)] = 0.0001966351

---- alpha_dfe = 0.001370

