---- Running command
---- ./polyDFE -d RevisionsCapsellaPolyDFE/aranetconneccorrec19_0.904820834107995_PolyDFE.input -m C -i /home/jejames/ArabidopsisCrossGenome/model.txt 1 -e 
---- Performing inference using model C

---- Performing inference on RevisionsCapsellaPolyDFE/aranetconneccorrec19_0.904820834107995_PolyDFE.input
----      with -i /home/jejames/ArabidopsisCrossGenome/model.txt 1
---- Data RevisionsCapsellaPolyDFE/aranetconneccorrec19_0.904820834107995_PolyDFE.input does not contain divergence counts. Using option -w.
---- No mutation variability. Using Poisson likelihood.


---- Calculating initial values

-- Starting local optimization
-- Optimizing all parameters
  it        eps_an     theta_bar           S_d             b           p_b           S_b           r 2           r 3           r 4           r 5           r 6           r 7           r 8           r 9          r 10          r 11          r 12          r 13          r 14          r 15          r 16          r 17          r 18          r 19          r 20          r 21          r 22          r 23          r 24          r 25          r 26          r 27          r 28          r 29          r 30          r 31          r 32          r 33          r 34          r 35          r 36          r 37          r 38          r 39          r 40          r 41          r 42          r 43          r 44          r 45          r 46          r 47          r 48          r 49           ln lk          grad status 
   0           0.1 0.01552484174        -20000         0.406           0.1            20 0.92177827799 0.77707211190 0.89846450679 0.95104108047 0.69121312002 0.90883511536 0.83286437816 0.80818393761 0.79347214406 0.76581718787 0.78816625130 0.72320926119 0.83961733258 0.83808987860 1.05603344320 0.64643460085 0.79588391349 0.80802315298 0.57882466436 0.75633089476 0.67561701101 0.68598761958 0.60969531312 0.84411930219 0.59361685022 0.82265455422 0.71581316826 0.82064474636 0.67529544175 0.89967039151 1.00329608489 0.89404292949 0.95393520379 0.94259988745 1.14028458879 0.91615081598 1.20057882466 1.36072031513 1.29592410965 1.49312645711 1.53629712999 1.84942519495 1.47503818634 2.07653348339 2.46289894686 2.86405659618 4.61902082160             1 -2974.448949670 39.9627489372   -2 
 842 0.01001668439 0.01396533046 -734.15255750 0.48392772114 0.06264333906 0.33081573108 0.91807783242 0.78930296364 0.86572580740 0.85875832618 0.75188461516 0.87831189511 0.75857637732 0.77240417805 0.79247049062 0.67537508766 0.80288652107 0.70575478300 0.74972578117 0.71586293922 0.90954582834 0.70449814516 0.88380597259 0.73704798626 0.67334994046 0.68776612232 0.65918639968 0.65663900614 0.51363330171 0.66731050116 0.59608746753 0.65696135706 0.60047521484 0.67790328912 0.59989240334 0.69404231018 0.80667791056 0.62689904650 0.70684639984 0.66341532467 0.89054975759 0.69910838188 0.93514223960 1.07643412866 1.09578889080 1.00142136503 0.85881404085 1.17748283065 0.96636866532 1.24694147240 1.16291478260 1.29539431118 1.95167346931 2.03030853416 -305.9099203829 0.00009675918    0 
---- Best joint likelihood found -305.909920382958489 with gradient 0.00010

---- Results for RevisionsCapsellaPolyDFE/aranetconneccorrec19_0.904820834107995_PolyDFE.input 
--  Model: C
--        eps_an     theta_bar             a 
-- 0.01001668439 0.01396533046            -1 
--           S_d             b           p_b           S_b 
-- -734.15255750 0.48392772114 0.06264333906 0.33081573108 
--           r 2           r 3           r 4           r 5           r 6           r 7           r 8           r 9          r 10          r 11          r 12          r 13          r 14          r 15          r 16          r 17          r 18          r 19          r 20          r 21          r 22          r 23          r 24          r 25          r 26          r 27          r 28          r 29          r 30          r 31          r 32          r 33          r 34          r 35          r 36          r 37          r 38          r 39          r 40          r 41          r 42          r 43          r 44          r 45          r 46          r 47          r 48          r 49 
-- 0.91807783242 0.78930296364 0.86572580740 0.85875832618 0.75188461516 0.87831189511 0.75857637732 0.77240417805 0.79247049062 0.67537508766 0.80288652107 0.70575478300 0.74972578117 0.71586293922 0.90954582834 0.70449814516 0.88380597259 0.73704798626 0.67334994046 0.68776612232 0.65918639968 0.65663900614 0.51363330171 0.66731050116 0.59608746753 0.65696135706 0.60047521484 0.67790328912 0.59989240334 0.69404231018 0.80667791056 0.62689904650 0.70684639984 0.66341532467 0.89054975759 0.69910838188 0.93514223960 1.07643412866 1.09578889080 1.00142136503 0.85881404085 1.17748283065 0.96636866532 1.24694147240 1.16291478260 1.29539431118 1.95167346931 2.03030853416 

---- Expected P_neut(i), 0 < i < n (neutral SFS per site) 
E[P_neut(1)] = 0.0138312403
E[P_neut(2)] = 0.0063521047
E[P_neut(3)] = 0.0036413435
E[P_neut(4)] = 0.0029957974
E[P_neut(5)] = 0.0023784193
E[P_neut(6)] = 0.0017355954
E[P_neut(7)] = 0.0017385523
E[P_neut(8)] = 0.0013138173
E[P_neut(9)] = 0.0011899535
E[P_neut(10)] = 0.0010994578
E[P_neut(11)] = 0.0008527119
E[P_neut(12)] = 0.0009284644
E[P_neut(13)] = 0.0007532103
E[P_neut(14)] = 0.0007438384
E[P_neut(15)] = 0.0006624597
E[P_neut(16)] = 0.0007888379
E[P_neut(17)] = 0.0005755986
E[P_neut(18)] = 0.0006823602
E[P_neut(19)] = 0.0005394485
E[P_neut(20)] = 0.0004682653
E[P_neut(21)] = 0.0004560639
E[P_neut(22)] = 0.0004172520
E[P_neut(23)] = 0.0003981135
E[P_neut(24)] = 0.0002990908
E[P_neut(25)] = 0.0003727685
E[P_neut(26)] = 0.0003199620
E[P_neut(27)] = 0.0003403930
E[P_neut(28)] = 0.0003006856
E[P_neut(29)] = 0.0003277646
E[P_neut(30)] = 0.0002811689
E[P_neut(31)] = 0.0003149569
E[P_neut(32)] = 0.0003553897
E[P_neut(33)] = 0.0002684382
E[P_neut(34)] = 0.0002953775
E[P_neut(35)] = 0.0002687334
E[P_neut(36)] = 0.0003494980
E[P_neut(37)] = 0.0002688236
E[P_neut(38)] = 0.0003495898
E[P_neut(39)] = 0.0003901831
E[P_neut(40)] = 0.0003898298
E[P_neut(41)] = 0.0003496907
E[P_neut(42)] = 0.0002959663
E[P_neut(43)] = 0.0003961386
E[P_neut(44)] = 0.0003211769
E[P_neut(45)] = 0.0004071261
E[P_neut(46)] = 0.0003797935
E[P_neut(47)] = 0.0004178553
E[P_neut(48)] = 0.0006263539
E[P_neut(49)] = 0.0007127418

---- Expected P_sel(i), 0 < i < n (selected SFS per site) 
E[P_sel(1)] = 0.0044816495
E[P_sel(2)] = 0.0014131625
E[P_sel(3)] = 0.0006820836
E[P_sel(4)] = 0.0005065263
E[P_sel(5)] = 0.0003748470
E[P_sel(6)] = 0.0002596538
E[P_sel(7)] = 0.0002497117
E[P_sel(8)] = 0.0001826070
E[P_sel(9)] = 0.0001609209
E[P_sel(10)] = 0.0001452788
E[P_sel(11)] = 0.0001104484
E[P_sel(12)] = 0.0001182234
E[P_sel(13)] = 0.0000944717
E[P_sel(14)] = 0.0000920445
E[P_sel(15)] = 0.0000810086
E[P_sel(16)] = 0.0000954395
E[P_sel(17)] = 0.0000689676
E[P_sel(18)] = 0.0000810481
E[P_sel(19)] = 0.0000635674
E[P_sel(20)] = 0.0000547841
E[P_sel(21)] = 0.0000530059
E[P_sel(22)] = 0.0000482060
E[P_sel(23)] = 0.0000457428
E[P_sel(24)] = 0.0000341931
E[P_sel(25)] = 0.0000424220
E[P_sel(26)] = 0.0000362599
E[P_sel(27)] = 0.0000384286
E[P_sel(28)] = 0.0000338291
E[P_sel(29)] = 0.0000367584
E[P_sel(30)] = 0.0000314452
E[P_sel(31)] = 0.0000351328
E[P_sel(32)] = 0.0000395550
E[P_sel(33)] = 0.0000298198
E[P_sel(34)] = 0.0000327679
E[P_sel(35)] = 0.0000297589
E[P_sel(36)] = 0.0000386331
E[P_sel(37)] = 0.0000297075
E[P_sel(38)] = 0.0000385897
E[P_sel(39)] = 0.0000430042
E[P_sel(40)] = 0.0000429973
E[P_sel(41)] = 0.0000386175
E[P_sel(42)] = 0.0000327880
E[P_sel(43)] = 0.0000439313
E[P_sel(44)] = 0.0000358163
E[P_sel(45)] = 0.0000456461
E[P_sel(46)] = 0.0000432955
E[P_sel(47)] = 0.0000485048
E[P_sel(48)] = 0.0000756638
E[P_sel(49)] = 0.0001078771

---- alpha_dfe = 0.678869

