---- Running command
---- ./polyDFE -d RevisionsCapsellaPolyDFE/aranetconneccorrec6_-0.403074507742592_PolyDFE.input -m C -i /home/jejames/ArabidopsisCrossGenome/model.txt 1 -e 
---- Performing inference using model C

---- Performing inference on RevisionsCapsellaPolyDFE/aranetconneccorrec6_-0.403074507742592_PolyDFE.input
----      with -i /home/jejames/ArabidopsisCrossGenome/model.txt 1
---- Data RevisionsCapsellaPolyDFE/aranetconneccorrec6_-0.403074507742592_PolyDFE.input does not contain divergence counts. Using option -w.
---- No mutation variability. Using Poisson likelihood.


---- Calculating initial values

-- Starting local optimization
-- Optimizing all parameters
  it        eps_an     theta_bar           S_d             b           p_b           S_b           r 2           r 3           r 4           r 5           r 6           r 7           r 8           r 9          r 10          r 11          r 12          r 13          r 14          r 15          r 16          r 17          r 18          r 19          r 20          r 21          r 22          r 23          r 24          r 25          r 26          r 27          r 28          r 29          r 30          r 31          r 32          r 33          r 34          r 35          r 36          r 37          r 38          r 39          r 40          r 41          r 42          r 43          r 44          r 45          r 46          r 47          r 48          r 49           ln lk          grad status 
   0           0.1 0.01622709391        -20000         0.406           0.1            20 0.93234869705 0.82785841609 0.79042526101 0.95407860113 0.91010949834 0.88532382650 0.90790255496 0.88006111535 0.82675494440 0.77684407096 0.92080468551 0.87063916475 0.84373143196 0.77158135981 0.71165435871 0.74747474747 0.85255920550 1.01604278074 0.85561497326 0.81461675579 0.85714285714 0.90781767252 1.03488668194 1.14591291061 1.08581614463 1.15737203972 1.07189542483 1.06586877175 0.95747389865 1.23673711909 1.03760291995 0.95798319327 0.91197691197 1.22994652406 1.19174942704 1.44783974195 1.21280027162 1.48306595365 1.24267888973 1.28070622188 1.54367201426 1.35047958577 1.80392156862 2.41405653170 2.78006960359 3.10780069603 3.86249045072             1 -2907.189483574 27.7267191572   -2 
 490 0.01153679650 0.01460606951 -743.29027819 0.30384752705 0.00554235294 10.3761409497 0.91031271308 0.85084816153 0.82787296047 0.84882272861 0.94699604926 0.88491980318 0.78278450936 0.82344190992 0.82112788094 0.79079730728 0.90880683405 0.89274415509 0.89302324239 0.80618177296 0.60919653031 0.68309661340 0.78378140101 0.83119668178 0.80432730881 0.77938130477 0.67278654847 0.81365753321 0.87426061514 0.93662838841 0.93965923607 0.96544637110 0.95137990372 0.77706658852 0.81830849009 0.86057453026 0.91984896843 0.71325380919 0.94842785667 1.00372523381 0.87241603473 1.07217468548 0.84113875387 1.14531736236 1.03245126335 0.99180892624 1.03127899490 0.78767047374 1.01501179728 1.30223242655 1.51281419289 1.61980069111 1.19898103228 2.40222228544 -313.6275080193 0.00261616553   -8 
-- Local optimization: reached maximum number of likelihood evaluations allowed.
---- Best joint likelihood found -313.627508019373636 with gradient 0.00262

---- Results for RevisionsCapsellaPolyDFE/aranetconneccorrec6_-0.403074507742592_PolyDFE.input 
--  Model: C
--        eps_an     theta_bar             a 
-- 0.01153679650 0.01460606951            -1 
--           S_d             b           p_b           S_b 
-- -743.29027819 0.30384752705 0.00554235294 10.3761409497 
--           r 2           r 3           r 4           r 5           r 6           r 7           r 8           r 9          r 10          r 11          r 12          r 13          r 14          r 15          r 16          r 17          r 18          r 19          r 20          r 21          r 22          r 23          r 24          r 25          r 26          r 27          r 28          r 29          r 30          r 31          r 32          r 33          r 34          r 35          r 36          r 37          r 38          r 39          r 40          r 41          r 42          r 43          r 44          r 45          r 46          r 47          r 48          r 49 
-- 0.91031271308 0.85084816153 0.82787296047 0.84882272861 0.94699604926 0.88491980318 0.78278450936 0.82344190992 0.82112788094 0.79079730728 0.90880683405 0.89274415509 0.89302324239 0.80618177296 0.60919653031 0.68309661340 0.78378140101 0.83119668178 0.80432730881 0.77938130477 0.67278654847 0.81365753321 0.87426061514 0.93662838841 0.93965923607 0.96544637110 0.95137990372 0.77706658852 0.81830849009 0.86057453026 0.91984896843 0.71325380919 0.94842785667 1.00372523381 0.87241603473 1.07217468548 0.84113875387 1.14531736236 1.03245126335 0.99180892624 1.03127899490 0.78767047374 1.01501179728 1.30223242655 1.51281419289 1.61980069111 1.19898103228 2.40222228544 

---- Expected P_neut(i), 0 < i < n (neutral SFS per site) 
E[P_neut(1)] = 0.0144458233
E[P_neut(2)] = 0.0065755573
E[P_neut(3)] = 0.0041005318
E[P_neut(4)] = 0.0029936586
E[P_neut(5)] = 0.0024558625
E[P_neut(6)] = 0.0022826063
E[P_neut(7)] = 0.0018282417
E[P_neut(8)] = 0.0014168251
E[P_neut(9)] = 0.0013250200
E[P_neut(10)] = 0.0011898579
E[P_neut(11)] = 0.0010428745
E[P_neut(12)] = 0.0010971429
E[P_neut(13)] = 0.0009963483
E[P_neut(14)] = 0.0009250178
E[P_neut(15)] = 0.0007807857
E[P_neut(16)] = 0.0005544076
E[P_neut(17)] = 0.0005837744
E[P_neut(18)] = 0.0006335045
E[P_neut(19)] = 0.0006362807
E[P_neut(20)] = 0.0005852226
E[P_neut(21)] = 0.0005403422
E[P_neut(22)] = 0.0004472436
E[P_neut(23)] = 0.0005167745
E[P_neut(24)] = 0.0005320146
E[P_neut(25)] = 0.0005472184
E[P_neut(26)] = 0.0005279225
E[P_neut(27)] = 0.0005222090
E[P_neut(28)] = 0.0004957105
E[P_neut(29)] = 0.0003931141
E[P_neut(30)] = 0.0004005894
E[P_neut(31)] = 0.0004081652
E[P_neut(32)] = 0.0004223492
E[P_neut(33)] = 0.0003188209
E[P_neut(34)] = 0.0004091508
E[P_neut(35)] = 0.0004230949
E[P_neut(36)] = 0.0003606253
E[P_neut(37)] = 0.0004299391
E[P_neut(38)] = 0.0003323405
E[P_neut(39)] = 0.0004361036
E[P_neut(40)] = 0.0003864886
E[P_neut(41)] = 0.0003646686
E[P_neut(42)] = 0.0003709918
E[P_neut(43)] = 0.0002857683
E[P_neut(44)] = 0.0003596481
E[P_neut(45)] = 0.0004464079
E[P_neut(46)] = 0.0005096876
E[P_neut(47)] = 0.0005453653
E[P_neut(48)] = 0.0004373297
E[P_neut(49)] = 0.0008763079

---- Expected P_sel(i), 0 < i < n (selected SFS per site) 
E[P_sel(1)] = 0.0055772816
E[P_sel(2)] = 0.0018815642
E[P_sel(3)] = 0.0010117850
E[P_sel(4)] = 0.0006718295
E[P_sel(5)] = 0.0005144922
E[P_sel(6)] = 0.0004532940
E[P_sel(7)] = 0.0003475667
E[P_sel(8)] = 0.0002595845
E[P_sel(9)] = 0.0002352481
E[P_sel(10)] = 0.0002055118
E[P_sel(11)] = 0.0001757732
E[P_sel(12)] = 0.0001810053
E[P_sel(13)] = 0.0001611576
E[P_sel(14)] = 0.0001470069
E[P_sel(15)] = 0.0001220672
E[P_sel(16)] = 0.0000853797
E[P_sel(17)] = 0.0000887132
E[P_sel(18)] = 0.0000950580
E[P_sel(19)] = 0.0000943785
E[P_sel(20)] = 0.0000858770
E[P_sel(21)] = 0.0000785062
E[P_sel(22)] = 0.0000643741
E[P_sel(23)] = 0.0000737592
E[P_sel(24)] = 0.0000753439
E[P_sel(25)] = 0.0000769409
E[P_sel(26)] = 0.0000737390
E[P_sel(27)] = 0.0000725017
E[P_sel(28)] = 0.0000684440
E[P_sel(29)] = 0.0000540288
E[P_sel(30)] = 0.0000548249
E[P_sel(31)] = 0.0000556615
E[P_sel(32)] = 0.0000574140
E[P_sel(33)] = 0.0000432535
E[P_sel(34)] = 0.0000553665
E[P_sel(35)] = 0.0000572381
E[P_sel(36)] = 0.0000488444
E[P_sel(37)] = 0.0000582372
E[P_sel(38)] = 0.0000452006
E[P_sel(39)] = 0.0000593247
E[P_sel(40)] = 0.0000528877
E[P_sel(41)] = 0.0000502663
E[P_sel(42)] = 0.0000515428
E[P_sel(43)] = 0.0000405206
E[P_sel(44)] = 0.0000516552
E[P_sel(45)] = 0.0000648852
E[P_sel(46)] = 0.0000758129
E[P_sel(47)] = 0.0000845081
E[P_sel(48)] = 0.0000761579
E[P_sel(49)] = 0.0001767359

---- alpha_dfe = 0.346773

