---- Running command
---- ./polyDFE -d RevisionsCapsellaPolyDFE/aranetconneccorrec13_0.268116893628407_PolyDFE.input -m C -i /home/jejames/ArabidopsisCrossGenome/model.txt 1 -e 
---- Performing inference using model C

---- Performing inference on RevisionsCapsellaPolyDFE/aranetconneccorrec13_0.268116893628407_PolyDFE.input
----      with -i /home/jejames/ArabidopsisCrossGenome/model.txt 1
---- Data RevisionsCapsellaPolyDFE/aranetconneccorrec13_0.268116893628407_PolyDFE.input does not contain divergence counts. Using option -w.
---- No mutation variability. Using Poisson likelihood.


---- Calculating initial values

-- Starting local optimization
-- Optimizing all parameters
  it        eps_an     theta_bar           S_d             b           p_b           S_b           r 2           r 3           r 4           r 5           r 6           r 7           r 8           r 9          r 10          r 11          r 12          r 13          r 14          r 15          r 16          r 17          r 18          r 19          r 20          r 21          r 22          r 23          r 24          r 25          r 26          r 27          r 28          r 29          r 30          r 31          r 32          r 33          r 34          r 35          r 36          r 37          r 38          r 39          r 40          r 41          r 42          r 43          r 44          r 45          r 46          r 47          r 48          r 49           ln lk          grad status 
   0           0.1 0.01586491943        -20000         0.406           0.1            20 0.91216440172 0.88672522373 0.85581703679 0.83236658932 0.82880344713 0.72215777262 0.84322174345 0.89865760689 0.69854159761 0.81670533642 0.91382167716 0.89948624461 0.73549883990 0.79922108054 0.83791846204 0.76350679482 0.81587669870 0.71793172025 0.87338415644 0.83874709976 0.76201524693 0.69373549883 0.84521047398 0.82863771958 0.65710971163 0.70699370235 0.74709976798 1.19671859463 0.85266821345 0.88365926416 0.96254557507 1.08833278090 0.92409678488 1.23839907192 1.03215114352 0.96577726218 1.10523699038 1.49950281736 1.28273118992 1.78364269141 1.41995359628 1.72812396420 2.19854159761 2.09189592310 2.58435531985 3.20525356314 4.51839575737             1 -2819.184217321 34.1279265262   -2 
1293 0.00029752083 0.01427573770 -1520.4826232 0.27836080883 0.00188642139 12.9507448181 0.86512588732 0.88752111445 0.82849801707 0.81355976858 0.79801060947 0.73669163780 0.79573036660 0.80817510694 0.77099453457 0.80219188724 0.81244117550 0.82208365203 0.78298988326 0.73419772642 0.76547859028 0.65232062325 0.74416911170 0.65596020525 0.78698921974 0.67138479381 0.65401669279 0.62068630876 0.78650751870 0.84541267480 0.59599077210 0.64640450129 0.71228753183 1.03245936210 0.75196539399 0.70370164425 0.78970342211 0.86380467334 0.64397745927 1.03798991515 0.85844224069 0.63093766417 0.74158230809 1.12299073544 0.97650540712 1.32170290793 1.00461759799 1.30151355255 1.30903847272 1.16082179767 1.58671356218 1.66034802891 2.35616701886 3.79519279074 -297.0922469883 0.00086116706   -8 
-- Local optimization: reached maximum number of likelihood evaluations allowed.
---- Best joint likelihood found -297.092246988381532 with gradient 0.00086

---- Results for RevisionsCapsellaPolyDFE/aranetconneccorrec13_0.268116893628407_PolyDFE.input 
--  Model: C
--        eps_an     theta_bar             a 
-- 0.00029752083 0.01427573770            -1 
--           S_d             b           p_b           S_b 
-- -1520.4826232 0.27836080883 0.00188642139 12.9507448181 
--           r 2           r 3           r 4           r 5           r 6           r 7           r 8           r 9          r 10          r 11          r 12          r 13          r 14          r 15          r 16          r 17          r 18          r 19          r 20          r 21          r 22          r 23          r 24          r 25          r 26          r 27          r 28          r 29          r 30          r 31          r 32          r 33          r 34          r 35          r 36          r 37          r 38          r 39          r 40          r 41          r 42          r 43          r 44          r 45          r 46          r 47          r 48          r 49 
-- 0.86512588732 0.88752111445 0.82849801707 0.81355976858 0.79801060947 0.73669163780 0.79573036660 0.80817510694 0.77099453457 0.80219188724 0.81244117550 0.82208365203 0.78298988326 0.73419772642 0.76547859028 0.65232062325 0.74416911170 0.65596020525 0.78698921974 0.67138479381 0.65401669279 0.62068630876 0.78650751870 0.84541267480 0.59599077210 0.64640450129 0.71228753183 1.03245936210 0.75196539399 0.70370164425 0.78970342211 0.86380467334 0.64397745927 1.03798991515 0.85844224069 0.63093766417 0.74158230809 1.12299073544 0.97650540712 1.32170290793 1.00461759799 1.30151355255 1.30903847272 1.16082179767 1.58671356218 1.66034802891 2.35616701886 3.79519279074 

---- Expected P_neut(i), 0 < i < n (neutral SFS per site) 
E[P_neut(1)] = 0.0142718193
E[P_neut(2)] = 0.0061735264
E[P_neut(3)] = 0.0042222331
E[P_neut(4)] = 0.0029561219
E[P_neut(5)] = 0.0023222516
E[P_neut(6)] = 0.0018982598
E[P_neut(7)] = 0.0015020839
E[P_neut(8)] = 0.0014196339
E[P_neut(9)] = 0.0012816773
E[P_neut(10)] = 0.0011004278
E[P_neut(11)] = 0.0010408926
E[P_neut(12)] = 0.0009663118
E[P_neut(13)] = 0.0009025616
E[P_neut(14)] = 0.0007982750
E[P_neut(15)] = 0.0006986657
E[P_neut(16)] = 0.0006828630
E[P_neut(17)] = 0.0005477340
E[P_neut(18)] = 0.0005901272
E[P_neut(19)] = 0.0004928085
E[P_neut(20)] = 0.0005616819
E[P_neut(21)] = 0.0004564208
E[P_neut(22)] = 0.0004243714
E[P_neut(23)] = 0.0003852373
E[P_neut(24)] = 0.0004677905
E[P_neut(25)] = 0.0004827556
E[P_neut(26)] = 0.0003272806
E[P_neut(27)] = 0.0003417871
E[P_neut(28)] = 0.0003631764
E[P_neut(29)] = 0.0005082301
E[P_neut(30)] = 0.0003578894
E[P_neut(31)] = 0.0003241102
E[P_neut(32)] = 0.0003523707
E[P_neut(33)] = 0.0003737321
E[P_neut(34)] = 0.0002705126
E[P_neut(35)] = 0.0004234554
E[P_neut(36)] = 0.0003405500
E[P_neut(37)] = 0.0002436313
E[P_neut(38)] = 0.0002788003
E[P_neut(39)] = 0.0004112521
E[P_neut(40)] = 0.0003487322
E[P_neut(41)] = 0.0004604465
E[P_neut(42)] = 0.0003417889
E[P_neut(43)] = 0.0004324130
E[P_neut(44)] = 0.0004251542
E[P_neut(45)] = 0.0003688390
E[P_neut(46)] = 0.0004931573
E[P_neut(47)] = 0.0005054191
E[P_neut(48)] = 0.0007023792
E[P_neut(49)] = 0.0011096158

---- Expected P_sel(i), 0 < i < n (selected SFS per site) 
E[P_sel(1)] = 0.0048205737
E[P_sel(2)] = 0.0015608740
E[P_sel(3)] = 0.0009294620
E[P_sel(4)] = 0.0005955968
E[P_sel(5)] = 0.0004386830
E[P_sel(6)] = 0.0003409767
E[P_sel(7)] = 0.0002589346
E[P_sel(8)] = 0.0002363816
E[P_sel(9)] = 0.0002071242
E[P_sel(10)] = 0.0001732337
E[P_sel(11)] = 0.0001600875
E[P_sel(12)] = 0.0001455397
E[P_sel(13)] = 0.0001333831
E[P_sel(14)] = 0.0001159436
E[P_sel(15)] = 0.0000998719
E[P_sel(16)] = 0.0000961883
E[P_sel(17)] = 0.0000761068
E[P_sel(18)] = 0.0000809613
E[P_sel(19)] = 0.0000668108
E[P_sel(20)] = 0.0000753046
E[P_sel(21)] = 0.0000605547
E[P_sel(22)] = 0.0000557512
E[P_sel(23)] = 0.0000501426
E[P_sel(24)] = 0.0000603570
E[P_sel(25)] = 0.0000617750
E[P_sel(26)] = 0.0000415544
E[P_sel(27)] = 0.0000430777
E[P_sel(28)] = 0.0000454565
E[P_sel(29)] = 0.0000631964
E[P_sel(30)] = 0.0000442297
E[P_sel(31)] = 0.0000398246
E[P_sel(32)] = 0.0000430648
E[P_sel(33)] = 0.0000454473
E[P_sel(34)] = 0.0000327459
E[P_sel(35)] = 0.0000510431
E[P_sel(36)] = 0.0000408971
E[P_sel(37)] = 0.0000291641
E[P_sel(38)] = 0.0000332801
E[P_sel(39)] = 0.0000489761
E[P_sel(40)] = 0.0000414645
E[P_sel(41)] = 0.0000546937
E[P_sel(42)] = 0.0000406007
E[P_sel(43)] = 0.0000514065
E[P_sel(44)] = 0.0000506570
E[P_sel(45)] = 0.0000441201
E[P_sel(46)] = 0.0000593370
E[P_sel(47)] = 0.0000613986
E[P_sel(48)] = 0.0000866234
E[P_sel(49)] = 0.0001416190

---- alpha_dfe = 0.188548

