---- Running command
---- ./polyDFE -d RevisionsCapsellaPolyDFE/aranetconneccorrec2_-1.02314319898299_PolyDFE.input -m C -i /home/jejames/ArabidopsisCrossGenome/model.txt 1 -e 
---- Performing inference using model C

---- Performing inference on RevisionsCapsellaPolyDFE/aranetconneccorrec2_-1.02314319898299_PolyDFE.input
----      with -i /home/jejames/ArabidopsisCrossGenome/model.txt 1
---- Data RevisionsCapsellaPolyDFE/aranetconneccorrec2_-1.02314319898299_PolyDFE.input does not contain divergence counts. Using option -w.
---- No mutation variability. Using Poisson likelihood.


---- Calculating initial values

-- Starting local optimization
-- Optimizing all parameters
  it        eps_an     theta_bar           S_d             b           p_b           S_b           r 2           r 3           r 4           r 5           r 6           r 7           r 8           r 9          r 10          r 11          r 12          r 13          r 14          r 15          r 16          r 17          r 18          r 19          r 20          r 21          r 22          r 23          r 24          r 25          r 26          r 27          r 28          r 29          r 30          r 31          r 32          r 33          r 34          r 35          r 36          r 37          r 38          r 39          r 40          r 41          r 42          r 43          r 44          r 45          r 46          r 47          r 48          r 49           ln lk          grad status 
   0           0.1 0.01667086834        -80000         0.208           0.1            20 0.93489036377 0.88641518944 0.80752751407 0.88927161219 0.81710493152 0.94329160715 0.82735444845 0.97462824498 0.84852558178 0.82340586406 0.70872889187 0.74813072334 0.90094934050 0.67672015458 0.80786356380 0.69125430563 0.93001764261 0.74863479795 0.84852558178 0.78686045534 0.95740569604 0.77098210535 0.93959506006 0.77711501302 0.77325044106 0.88691926405 1.18087877005 0.81374443417 0.97034361085 1.20062169201 0.90061329076 1.20877089809 1.05401999495 0.80273880534 1.25212131395 0.76157271276 1.29933630177 1.37284718138 1.51222380912 1.38124842476 1.83130303284 1.86406788204 1.88154246828 2.46870536839 2.26850373855 3.68402923632 4.50037805595             1 -3029.286308820 45.1827151481   -2 
 867 0.00143990500 0.01494833396 -680.30316747 0.28493004626 0.00555371145 7.16151594166 0.89292228690 0.89609287664 0.80276658099 0.86194659221 0.83379828748 0.86450328459 0.83923125897 0.94303470832 0.80823860726 0.74947748983 0.73056616392 0.66246563731 0.79532323130 0.76290228284 0.79808300377 0.64104657210 0.76018367618 0.70705576335 0.73901675627 0.67829082945 0.74191186144 0.70780098853 0.75148940203 0.70763942413 0.74944398593 0.70811620703 0.97351140101 0.71230299608 0.84549363739 1.05625785672 0.73196649001 1.00883290045 0.90192685924 0.74013848079 0.95641108333 0.65028413843 1.01123546001 1.07147766092 1.07993434427 1.15969501799 1.43373685517 1.13501884712 1.19728034907 1.19944147487 1.58809769425 2.02728653637 2.10555970768 2.60354652105 -313.4453692311 0.00481806926   -8 
-- Local optimization: reached maximum number of likelihood evaluations allowed.
---- Best joint likelihood found -313.445369231106042 with gradient 0.00482

---- Results for RevisionsCapsellaPolyDFE/aranetconneccorrec2_-1.02314319898299_PolyDFE.input 
--  Model: C
--        eps_an     theta_bar             a 
-- 0.00143990500 0.01494833396            -1 
--           S_d             b           p_b           S_b 
-- -680.30316747 0.28493004626 0.00555371145 7.16151594166 
--           r 2           r 3           r 4           r 5           r 6           r 7           r 8           r 9          r 10          r 11          r 12          r 13          r 14          r 15          r 16          r 17          r 18          r 19          r 20          r 21          r 22          r 23          r 24          r 25          r 26          r 27          r 28          r 29          r 30          r 31          r 32          r 33          r 34          r 35          r 36          r 37          r 38          r 39          r 40          r 41          r 42          r 43          r 44          r 45          r 46          r 47          r 48          r 49 
-- 0.89292228690 0.89609287664 0.80276658099 0.86194659221 0.83379828748 0.86450328459 0.83923125897 0.94303470832 0.80823860726 0.74947748983 0.73056616392 0.66246563731 0.79532323130 0.76290228284 0.79808300377 0.64104657210 0.76018367618 0.70705576335 0.73901675627 0.67829082945 0.74191186144 0.70780098853 0.75148940203 0.70763942413 0.74944398593 0.70811620703 0.97351140101 0.71230299608 0.84549363739 1.05625785672 0.73196649001 1.00883290045 0.90192685924 0.74013848079 0.95641108333 0.65028413843 1.01123546001 1.07147766092 1.07993434427 1.15969501799 1.43373685517 1.13501884712 1.19728034907 1.19944147487 1.58809769425 2.02728653637 2.10555970768 2.60354652105 

---- Expected P_neut(i), 0 < i < n (neutral SFS per site) 
E[P_neut(1)] = 0.0149279534
E[P_neut(2)] = 0.0066651847
E[P_neut(3)] = 0.0044595311
E[P_neut(4)] = 0.0029964291
E[P_neut(5)] = 0.0025737963
E[P_neut(6)] = 0.0020749104
E[P_neut(7)] = 0.0018440362
E[P_neut(8)] = 0.0015666154
E[P_neut(9)] = 0.0015646643
E[P_neut(10)] = 0.0012070235
E[P_neut(11)] = 0.0010176193
E[P_neut(12)] = 0.0009093246
E[P_neut(13)] = 0.0007610320
E[P_neut(14)] = 0.0008485460
E[P_neut(15)] = 0.0007596350
E[P_neut(16)] = 0.0007451231
E[P_neut(17)] = 0.0005635274
E[P_neut(18)] = 0.0006308877
E[P_neut(19)] = 0.0005562116
E[P_neut(20)] = 0.0005521647
E[P_neut(21)] = 0.0004826581
E[P_neut(22)] = 0.0005041291
E[P_neut(23)] = 0.0004599215
E[P_neut(24)] = 0.0004680096
E[P_neut(25)] = 0.0004231212
E[P_neut(26)] = 0.0004309358
E[P_neut(27)] = 0.0003921408
E[P_neut(28)] = 0.0005197051
E[P_neut(29)] = 0.0003673301
E[P_neut(30)] = 0.0004214794
E[P_neut(31)] = 0.0005093997
E[P_neut(32)] = 0.0003423442
E[P_neut(33)] = 0.0004571346
E[P_neut(34)] = 0.0003970410
E[P_neut(35)] = 0.0003167492
E[P_neut(36)] = 0.0003977829
E[P_neut(37)] = 0.0002634392
E[P_neut(38)] = 0.0003985346
E[P_neut(39)] = 0.0004115625
E[P_neut(40)] = 0.0004047390
E[P_neut(41)] = 0.0004244638
E[P_neut(42)] = 0.0005118084
E[P_neut(43)] = 0.0003966631
E[P_neut(44)] = 0.0004091633
E[P_neut(45)] = 0.0004015735
E[P_neut(46)] = 0.0005196509
E[P_neut(47)] = 0.0006502786
E[P_neut(48)] = 0.0006643866
E[P_neut(49)] = 0.0008146394

---- Expected P_sel(i), 0 < i < n (selected SFS per site) 
E[P_sel(1)] = 0.0061319942
E[P_sel(2)] = 0.0020720875
E[P_sel(3)] = 0.0012075696
E[P_sel(4)] = 0.0007425122
E[P_sel(5)] = 0.0005979337
E[P_sel(6)] = 0.0004583606
E[P_sel(7)] = 0.0003909739
E[P_sel(8)] = 0.0003208762
E[P_sel(9)] = 0.0003111187
E[P_sel(10)] = 0.0002338586
E[P_sel(11)] = 0.0001926827
E[P_sel(12)] = 0.0001686736
E[P_sel(13)] = 0.0001385743
E[P_sel(14)] = 0.0001519202
E[P_sel(15)] = 0.0001339211
E[P_sel(16)] = 0.0001295105
E[P_sel(17)] = 0.0000966701
E[P_sel(18)] = 0.0001069276
E[P_sel(19)] = 0.0000932135
E[P_sel(20)] = 0.0000915755
E[P_sel(21)] = 0.0000792732
E[P_sel(22)] = 0.0000820512
E[P_sel(23)] = 0.0000742269
E[P_sel(24)] = 0.0000749395
E[P_sel(25)] = 0.0000672566
E[P_sel(26)] = 0.0000680335
E[P_sel(27)] = 0.0000615189
E[P_sel(28)] = 0.0000810553
E[P_sel(29)] = 0.0000569847
E[P_sel(30)] = 0.0000650651
E[P_sel(31)] = 0.0000782867
E[P_sel(32)] = 0.0000524098
E[P_sel(33)] = 0.0000697316
E[P_sel(34)] = 0.0000603903
E[P_sel(35)] = 0.0000480637
E[P_sel(36)] = 0.0000602385
E[P_sel(37)] = 0.0000398480
E[P_sel(38)] = 0.0000602260
E[P_sel(39)] = 0.0000621936
E[P_sel(40)] = 0.0000612155
E[P_sel(41)] = 0.0000643163
E[P_sel(42)] = 0.0000777198
E[P_sel(43)] = 0.0000605025
E[P_sel(44)] = 0.0000627337
E[P_sel(45)] = 0.0000620318
E[P_sel(46)] = 0.0000809169
E[P_sel(47)] = 0.0001024962
E[P_sel(48)] = 0.0001067870
E[P_sel(49)] = 0.0001369407

---- alpha_dfe = 0.243496

