---- Running command
---- ./polyDFE -d RevisionsCapsellaPolyDFE/aranetconneccorrec9_-0.0965744968947463_PolyDFE.input -m C -i /home/jejames/ArabidopsisCrossGenome/model.txt 1 -e 
---- Performing inference using model C

---- Performing inference on RevisionsCapsellaPolyDFE/aranetconneccorrec9_-0.0965744968947463_PolyDFE.input
----      with -i /home/jejames/ArabidopsisCrossGenome/model.txt 1
---- Data RevisionsCapsellaPolyDFE/aranetconneccorrec9_-0.0965744968947463_PolyDFE.input does not contain divergence counts. Using option -w.
---- No mutation variability. Using Poisson likelihood.


---- Calculating initial values

-- Starting local optimization
-- Optimizing all parameters
  it        eps_an     theta_bar           S_d             b           p_b           S_b           r 2           r 3           r 4           r 5           r 6           r 7           r 8           r 9          r 10          r 11          r 12          r 13          r 14          r 15          r 16          r 17          r 18          r 19          r 20          r 21          r 22          r 23          r 24          r 25          r 26          r 27          r 28          r 29          r 30          r 31          r 32          r 33          r 34          r 35          r 36          r 37          r 38          r 39          r 40          r 41          r 42          r 43          r 44          r 45          r 46          r 47          r 48          r 49           ln lk          grad status 
   0           0.1 0.01570276138        -20000         0.406           0.1            20 0.90853084623 0.92487379139 0.99050226747 0.83811072131 0.90664841276 0.86489261572 0.90630615213 0.82707281594 0.91469153760 0.84709506289 0.94566612475 0.74972191323 0.73072644819 0.75211773765 0.98844870368 0.74766834944 0.88405921108 0.84538375973 0.68280995978 0.74929408744 0.94498160349 0.73603148797 0.72080088987 1.02678189441 1.15461624026 0.93796526054 0.66603918884 0.77667493796 1.00367930178 0.95490716180 1.22118593308 1.08992898091 0.98331479421 1.41952596902 1.13972790279 1.22204158466 1.45991272353 1.40155728587 1.16710875331 1.63480790622 1.99811756652 1.89851972276 2.01043894925 2.27560537349 3.32985368358 3.32583212116 4.35766235988             1 -3116.735124202 29.9860937147   -2 
1739 0.01550971655 0.01422099713 -534.95972579 0.35139461119 0.02275070055 0.50595383267 0.92066506646 0.85958067894 0.95615966021 0.85478132487 0.88112624016 0.83848802764 0.83945344031 0.79696730346 0.93786157352 0.78472727041 0.86420683805 0.76613771899 0.69581673595 0.79121501042 0.79155251742 0.66899503027 0.74623356616 0.73905434064 0.69409577463 0.74239013801 0.84639620300 0.68667952537 0.58867611490 0.84570349230 0.92386747022 0.74950993911 0.59769834634 0.83476255410 0.91012623123 0.74252938900 0.92457300840 1.02119773674 0.82972166563 1.14862185507 1.04172806387 1.01129389518 0.91981171970 1.07985213519 0.79166528624 1.14580387009 1.35207511651 1.19986365546 1.13876797818 1.34297120257 1.73219844417 1.69044678983 1.61495360019 1.74067367482 -307.1666568476 0.00020306393   -3 
-- Local optimization: stuck in the same solution
---- Best joint likelihood found -307.166656847656895 with gradient 0.00020

---- Results for RevisionsCapsellaPolyDFE/aranetconneccorrec9_-0.0965744968947463_PolyDFE.input 
--  Model: C
--        eps_an     theta_bar             a 
-- 0.01550971655 0.01422099713            -1 
--           S_d             b           p_b           S_b 
-- -534.95972579 0.35139461119 0.02275070055 0.50595383267 
--           r 2           r 3           r 4           r 5           r 6           r 7           r 8           r 9          r 10          r 11          r 12          r 13          r 14          r 15          r 16          r 17          r 18          r 19          r 20          r 21          r 22          r 23          r 24          r 25          r 26          r 27          r 28          r 29          r 30          r 31          r 32          r 33          r 34          r 35          r 36          r 37          r 38          r 39          r 40          r 41          r 42          r 43          r 44          r 45          r 46          r 47          r 48          r 49 
-- 0.92066506646 0.85958067894 0.95615966021 0.85478132487 0.88112624016 0.83848802764 0.83945344031 0.79696730346 0.93786157352 0.78472727041 0.86420683805 0.76613771899 0.69581673595 0.79121501042 0.79155251742 0.66899503027 0.74623356616 0.73905434064 0.69409577463 0.74239013801 0.84639620300 0.68667952537 0.58867611490 0.84570349230 0.92386747022 0.74950993911 0.59769834634 0.83476255410 0.91012623123 0.74252938900 0.92457300840 1.02119773674 0.82972166563 1.14862185507 1.04172806387 1.01129389518 0.91981171970 1.07985213519 0.79166528624 1.14580387009 1.35207511651 1.19986365546 1.13876797818 1.34297120257 1.73219844417 1.69044678983 1.61495360019 1.74067367482 

---- Expected P_neut(i), 0 < i < n (neutral SFS per site) 
E[P_neut(1)] = 0.0140082688
E[P_neut(2)] = 0.0064522759
E[P_neut(3)] = 0.0040194337
E[P_neut(4)] = 0.0033549681
E[P_neut(5)] = 0.0024000443
E[P_neut(6)] = 0.0020617333
E[P_neut(7)] = 0.0016831825
E[P_neut(8)] = 0.0014761895
E[P_neut(9)] = 0.0012459293
E[P_neut(10)] = 0.0013174122
E[P_neut(11)] = 0.0010048818
E[P_neut(12)] = 0.0010136114
E[P_neut(13)] = 0.0008311254
E[P_neut(14)] = 0.0007022207
E[P_neut(15)] = 0.0007457286
E[P_neut(16)] = 0.0006980124
E[P_neut(17)] = 0.0005577796
E[P_neut(18)] = 0.0005867946
E[P_neut(19)] = 0.0005498663
E[P_neut(20)] = 0.0004925734
E[P_neut(21)] = 0.0005012910
E[P_neut(22)] = 0.0005433407
E[P_neut(23)] = 0.0004241145
E[P_neut(24)] = 0.0003512424
E[P_neut(25)] = 0.0004810699
E[P_neut(26)] = 0.0005028925
E[P_neut(27)] = 0.0003952319
E[P_neut(28)] = 0.0003073441
E[P_neut(29)] = 0.0004107986
E[P_neut(30)] = 0.0004323933
E[P_neut(31)] = 0.0003439256
E[P_neut(32)] = 0.0004136572
E[P_neut(33)] = 0.0004419286
E[P_neut(34)] = 0.0003525724
E[P_neut(35)] = 0.0004710972
E[P_neut(36)] = 0.0004160913
E[P_neut(37)] = 0.0003956622
E[P_neut(38)] = 0.0003547729
E[P_neut(39)] = 0.0004033860
E[P_neut(40)] = 0.0002977772
E[P_neut(41)] = 0.0004107936
E[P_neut(42)] = 0.0004738498
E[P_neut(43)] = 0.0004170854
E[P_neut(44)] = 0.0003947372
E[P_neut(45)] = 0.0004555329
E[P_neut(46)] = 0.0005799307
E[P_neut(47)] = 0.0005667503
E[P_neut(48)] = 0.0005725753
E[P_neut(49)] = 0.0007179144

---- Expected P_sel(i), 0 < i < n (selected SFS per site) 
E[P_sel(1)] = 0.0055818081
E[P_sel(2)] = 0.0018679161
E[P_sel(3)] = 0.0009916391
E[P_sel(4)] = 0.0007475817
E[P_sel(5)] = 0.0004969590
E[P_sel(6)] = 0.0004033560
E[P_sel(7)] = 0.0003144021
E[P_sel(8)] = 0.0002652462
E[P_sel(9)] = 0.0002166283
E[P_sel(10)] = 0.0002226941
E[P_sel(11)] = 0.0001655087
E[P_sel(12)] = 0.0001632558
E[P_sel(13)] = 0.0001311169
E[P_sel(14)] = 0.0001087214
E[P_sel(15)] = 0.0001135207
E[P_sel(16)] = 0.0001046595
E[P_sel(17)] = 0.0000823960
E[P_sel(18)] = 0.0000855596
E[P_sel(19)] = 0.0000792044
E[P_sel(20)] = 0.0000701165
E[P_sel(21)] = 0.0000706007
E[P_sel(22)] = 0.0000757703
E[P_sel(23)] = 0.0000585703
E[P_sel(24)] = 0.0000480697
E[P_sel(25)] = 0.0000652939
E[P_sel(26)] = 0.0000677102
E[P_sel(27)] = 0.0000528222
E[P_sel(28)] = 0.0000408084
E[P_sel(29)] = 0.0000541564
E[P_sel(30)] = 0.0000566358
E[P_sel(31)] = 0.0000448118
E[P_sel(32)] = 0.0000535771
E[P_sel(33)] = 0.0000569118
E[P_sel(34)] = 0.0000452619
E[P_sel(35)] = 0.0000601268
E[P_sel(36)] = 0.0000528903
E[P_sel(37)] = 0.0000501694
E[P_sel(38)] = 0.0000449738
E[P_sel(39)] = 0.0000508935
E[P_sel(40)] = 0.0000378749
E[P_sel(41)] = 0.0000517401
E[P_sel(42)] = 0.0000596290
E[P_sel(43)] = 0.0000528352
E[P_sel(44)] = 0.0000506050
E[P_sel(45)] = 0.0000586781
E[P_sel(46)] = 0.0000757250
E[P_sel(47)] = 0.0000765066
E[P_sel(48)] = 0.0000862075
E[P_sel(49)] = 0.0001477131

---- alpha_dfe = 0.246170

