---- Running command
---- ./polyDFE -d RevisionsCapsellaPolyDFE/aranetconneccorrec15_0.437231814857155_PolyDFE.input -m C -i /home/jejames/ArabidopsisCrossGenome/model.txt 1 -e 
---- Performing inference using model C

---- Performing inference on RevisionsCapsellaPolyDFE/aranetconneccorrec15_0.437231814857155_PolyDFE.input
----      with -i /home/jejames/ArabidopsisCrossGenome/model.txt 1
---- Data RevisionsCapsellaPolyDFE/aranetconneccorrec15_0.437231814857155_PolyDFE.input does not contain divergence counts. Using option -w.
---- No mutation variability. Using Poisson likelihood.


---- Calculating initial values

-- Starting local optimization
-- Optimizing all parameters
  it        eps_an     theta_bar           S_d             b           p_b           S_b           r 2           r 3           r 4           r 5           r 6           r 7           r 8           r 9          r 10          r 11          r 12          r 13          r 14          r 15          r 16          r 17          r 18          r 19          r 20          r 21          r 22          r 23          r 24          r 25          r 26          r 27          r 28          r 29          r 30          r 31          r 32          r 33          r 34          r 35          r 36          r 37          r 38          r 39          r 40          r 41          r 42          r 43          r 44          r 45          r 46          r 47          r 48          r 49           ln lk          grad status 
   0           0.1 0.01468679910        -20000         0.406           0.1            20 0.91228070175 0.89855467684 0.95227706572 1.02763385146 0.87428415598 1.05754022361 0.94973184255 1.05781292609 0.92355240432 0.99090991728 0.92173438778 0.94655031360 0.87810199072 1.02127079356 0.88137442050 1.03999636396 0.87701118080 0.91018998272 1.02899736387 0.84183256067 1.10789928188 1.04117807472 0.78101990728 0.90900827197 0.80829015544 0.79029179165 1.08426506681 0.97272975184 1.01990728115 0.96654849559 1.00063630579 1.13089719116 1.27952004363 1.08490137260 1.21079901827 1.37560221798 1.39896373056 1.55631306244 1.83256067630 1.92682483410 1.80965366784 2.18107444777 2.02781565312 2.73656940278 2.88937369330 3.65284974093 4.72102536133             1 -3060.447593776 38.8183339229   -2 
 260 0.00004445455 0.01311570269 -876.73650575 0.32771848691 0.00000537842 0.12385474178 0.89855113813 0.89885115746 0.96367448963 0.95086456271 0.90722955939 0.95399302473 0.96205522871 0.96207932392 0.87876650619 0.94301905536 0.92026544403 0.92383687280 0.86238459580 0.90653056753 0.78528010352 0.85748136513 0.86427745755 0.87567943024 0.93699895666 0.82731142756 0.91865690607 0.86269001897 0.74407787459 0.88891902181 0.76814131448 0.63411357207 0.94231373037 0.96249124049 0.81228751519 0.85914113975 0.85283015777 0.97544980580 1.14301846536 0.95942477992 0.88593358719 1.16721921089 1.13570711873 1.14544937626 1.43100810624 1.42209101840 1.19178492632 1.44686760713 1.32957109446 1.54539543805 1.68943583152 2.08563280413 2.32932018159 3.78585932830 -295.9710865832 0.00009000380    0 
---- Best joint likelihood found -295.971086583245437 with gradient 0.00009

---- Results for RevisionsCapsellaPolyDFE/aranetconneccorrec15_0.437231814857155_PolyDFE.input 
--  Model: C
--        eps_an     theta_bar             a 
-- 0.00004445455 0.01311570269            -1 
--           S_d             b           p_b           S_b 
-- -876.73650575 0.32771848691 0.00000537842 0.12385474178 
--           r 2           r 3           r 4           r 5           r 6           r 7           r 8           r 9          r 10          r 11          r 12          r 13          r 14          r 15          r 16          r 17          r 18          r 19          r 20          r 21          r 22          r 23          r 24          r 25          r 26          r 27          r 28          r 29          r 30          r 31          r 32          r 33          r 34          r 35          r 36          r 37          r 38          r 39          r 40          r 41          r 42          r 43          r 44          r 45          r 46          r 47          r 48          r 49 
-- 0.89855113813 0.89885115746 0.96367448963 0.95086456271 0.90722955939 0.95399302473 0.96205522871 0.96207932392 0.87876650619 0.94301905536 0.92026544403 0.92383687280 0.86238459580 0.90653056753 0.78528010352 0.85748136513 0.86427745755 0.87567943024 0.93699895666 0.82731142756 0.91865690607 0.86269001897 0.74407787459 0.88891902181 0.76814131448 0.63411357207 0.94231373037 0.96249124049 0.81228751519 0.85914113975 0.85283015777 0.97544980580 1.14301846536 0.95942477992 0.88593358719 1.16721921089 1.13570711873 1.14544937626 1.43100810624 1.42209101840 1.19178492632 1.44686760713 1.32957109446 1.54539543805 1.68943583152 2.08563280413 2.32932018159 3.78585932830 

---- Expected P_neut(i), 0 < i < n (neutral SFS per site) 
E[P_neut(1)] = 0.0131151647
E[P_neut(2)] = 0.0058923311
E[P_neut(3)] = 0.0039295394
E[P_neut(4)] = 0.0031596980
E[P_neut(5)] = 0.0024941605
E[P_neut(6)] = 0.0019830883
E[P_neut(7)] = 0.0017874100
E[P_neut(8)] = 0.0015772002
E[P_neut(9)] = 0.0014019964
E[P_neut(10)] = 0.0011525336
E[P_neut(11)] = 0.0011243633
E[P_neut(12)] = 0.0010058000
E[P_neut(13)] = 0.0009320362
E[P_neut(14)] = 0.0008078913
E[P_neut(15)] = 0.0007926331
E[P_neut(16)] = 0.0006437098
E[P_neut(17)] = 0.0006615449
E[P_neut(18)] = 0.0006297434
E[P_neut(19)] = 0.0006044709
E[P_neut(20)] = 0.0006144585
E[P_neut(21)] = 0.0005166997
E[P_neut(22)] = 0.0005476694
E[P_neut(23)] = 0.0004919390
E[P_neut(24)] = 0.0004066285
E[P_neut(25)] = 0.0004663519
E[P_neut(26)] = 0.0003874898
E[P_neut(27)] = 0.0003080395
E[P_neut(28)] = 0.0004414014
E[P_neut(29)] = 0.0004353053
E[P_neut(30)] = 0.0003551356
E[P_neut(31)] = 0.0003635023
E[P_neut(32)] = 0.0003495583
E[P_neut(33)] = 0.0003877003
E[P_neut(34)] = 0.0004409352
E[P_neut(35)] = 0.0003595487
E[P_neut(36)] = 0.0003227894
E[P_neut(37)] = 0.0004137771
E[P_neut(38)] = 0.0003920167
E[P_neut(39)] = 0.0003852476
E[P_neut(40)] = 0.0004692473
E[P_neut(41)] = 0.0004549622
E[P_neut(42)] = 0.0003722225
E[P_neut(43)] = 0.0004413781
E[P_neut(44)] = 0.0003963946
E[P_neut(45)] = 0.0004505119
E[P_neut(46)] = 0.0004818177
E[P_neut(47)] = 0.0005821603
E[P_neut(48)] = 0.0006367060
E[P_neut(49)] = 0.0010138891

---- Expected P_sel(i), 0 < i < n (selected SFS per site) 
E[P_sel(1)] = 0.0045571934
E[P_sel(2)] = 0.0014649144
E[P_sel(3)] = 0.0008283017
E[P_sel(4)] = 0.0005990298
E[P_sel(5)] = 0.0004376746
E[P_sel(6)] = 0.0003275600
E[P_sel(7)] = 0.0002809714
E[P_sel(8)] = 0.0002377730
E[P_sel(9)] = 0.0002038608
E[P_sel(10)] = 0.0001623495
E[P_sel(11)] = 0.0001539630
E[P_sel(12)] = 0.0001342604
E[P_sel(13)] = 0.0001215620
E[P_sel(14)] = 0.0001031542
E[P_sel(15)] = 0.0000992403
E[P_sel(16)] = 0.0000791408
E[P_sel(17)] = 0.0000799647
E[P_sel(18)] = 0.0000749198
E[P_sel(19)] = 0.0000708458
E[P_sel(20)] = 0.0000710073
E[P_sel(21)] = 0.0000589179
E[P_sel(22)] = 0.0000616624
E[P_sel(23)] = 0.0000547233
E[P_sel(24)] = 0.0000447156
E[P_sel(25)] = 0.0000507219
E[P_sel(26)] = 0.0000417027
E[P_sel(27)] = 0.0000328185
E[P_sel(28)] = 0.0000465719
E[P_sel(29)] = 0.0000455009
E[P_sel(30)] = 0.0000367878
E[P_sel(31)] = 0.0000373281
E[P_sel(32)] = 0.0000355955
E[P_sel(33)] = 0.0000391593
E[P_sel(34)] = 0.0000441864
E[P_sel(35)] = 0.0000357564
E[P_sel(36)] = 0.0000318636
E[P_sel(37)] = 0.0000405519
E[P_sel(38)] = 0.0000381512
E[P_sel(39)] = 0.0000372380
E[P_sel(40)] = 0.0000450570
E[P_sel(41)] = 0.0000434043
E[P_sel(42)] = 0.0000352887
E[P_sel(43)] = 0.0000415885
E[P_sel(44)] = 0.0000371278
E[P_sel(45)] = 0.0000419515
E[P_sel(46)] = 0.0000446136
E[P_sel(47)] = 0.0000536072
E[P_sel(48)] = 0.0000583271
E[P_sel(49)] = 0.0000924657

---- alpha_dfe = 0.000064

