---- Running command
---- ./polyDFE -d RevisionsCapsellaPolyDFE/aranetconneccorrec20_1.17968074867897_PolyDFE.input -m C -i /home/jejames/ArabidopsisCrossGenome/model.txt 1 -e 
---- Performing inference using model C

---- Performing inference on RevisionsCapsellaPolyDFE/aranetconneccorrec20_1.17968074867897_PolyDFE.input
----      with -i /home/jejames/ArabidopsisCrossGenome/model.txt 1
---- Data RevisionsCapsellaPolyDFE/aranetconneccorrec20_1.17968074867897_PolyDFE.input does not contain divergence counts. Using option -w.
---- No mutation variability. Using Poisson likelihood.


---- Calculating initial values

-- Starting local optimization
-- Optimizing all parameters
  it        eps_an     theta_bar           S_d             b           p_b           S_b           r 2           r 3           r 4           r 5           r 6           r 7           r 8           r 9          r 10          r 11          r 12          r 13          r 14          r 15          r 16          r 17          r 18          r 19          r 20          r 21          r 22          r 23          r 24          r 25          r 26          r 27          r 28          r 29          r 30          r 31          r 32          r 33          r 34          r 35          r 36          r 37          r 38          r 39          r 40          r 41          r 42          r 43          r 44          r 45          r 46          r 47          r 48          r 49           ln lk          grad status 
   0           0.1 0.01711578515        -20000         0.406           0.1            20 0.80769230769 0.85876418663 0.80012610340 0.83504098360 0.79445145018 0.88437894073 0.59773013871 0.88808322824 0.80075662042 0.71350882723 0.74621689785 0.90983606557 0.77679697351 0.73179382093 0.50441361916 0.81060844892 0.63130517023 0.73975409836 0.72824716267 0.88051702395 0.64848675914 0.64714691046 0.79445145018 0.78814627994 0.69672131147 0.70862232030 0.89596469104 0.70397225725 0.75189155107 1.08969104665 0.81967213114 1.05335750315 0.64312736443 1.02340794451 1.18032786885 1.14312736443 1.14107818411 1.12807377049 1.33669609079 1.25378310214 1.23139974779 1.98936002522 1.94199243379 2.09607503152 2.47257250945 3.43757881462 4.07061790668             1 -3047.043534760 46.5589283508   -2 
 723 0.00516876330 0.01522610658 -1574.8248201 0.36730273409 0.02668923831 0.60125287453 0.85090248298 0.82158176143 0.78953263782 0.79702627642 0.79484218309 0.77755758879 0.72478773966 0.77004346732 0.71370301189 0.73438794630 0.70987451081 0.85422928504 0.69642557182 0.72825618955 0.54852602153 0.72476930145 0.61254678510 0.66644855342 0.59675571519 0.79357300345 0.57173080809 0.64553839525 0.81773134764 0.67942708447 0.65523365832 0.65556501251 0.89098970662 0.60336645942 0.58123129631 0.94255506024 0.70118018462 0.78881907139 0.59257724439 0.81943379597 0.95230660198 0.97603570885 0.92789988859 0.87242320139 0.97535082860 0.85137048090 0.87120288028 1.47510397315 1.28130646006 1.18952515419 1.34497170815 1.75644102296 1.80809233900 2.37125807496 -302.6812303770 0.00061895563   -8 
-- Local optimization: reached maximum number of likelihood evaluations allowed.
---- Best joint likelihood found -302.681230377094550 with gradient 0.00062

---- Results for RevisionsCapsellaPolyDFE/aranetconneccorrec20_1.17968074867897_PolyDFE.input 
--  Model: C
--        eps_an     theta_bar             a 
-- 0.00516876330 0.01522610658            -1 
--           S_d             b           p_b           S_b 
-- -1574.8248201 0.36730273409 0.02668923831 0.60125287453 
--           r 2           r 3           r 4           r 5           r 6           r 7           r 8           r 9          r 10          r 11          r 12          r 13          r 14          r 15          r 16          r 17          r 18          r 19          r 20          r 21          r 22          r 23          r 24          r 25          r 26          r 27          r 28          r 29          r 30          r 31          r 32          r 33          r 34          r 35          r 36          r 37          r 38          r 39          r 40          r 41          r 42          r 43          r 44          r 45          r 46          r 47          r 48          r 49 
-- 0.85090248298 0.82158176143 0.78953263782 0.79702627642 0.79484218309 0.77755758879 0.72478773966 0.77004346732 0.71370301189 0.73438794630 0.70987451081 0.85422928504 0.69642557182 0.72825618955 0.54852602153 0.72476930145 0.61254678510 0.66644855342 0.59675571519 0.79357300345 0.57173080809 0.64553839525 0.81773134764 0.67942708447 0.65523365832 0.65556501251 0.89098970662 0.60336645942 0.58123129631 0.94255506024 0.70118018462 0.78881907139 0.59257724439 0.81943379597 0.95230660198 0.97603570885 0.92789988859 0.87242320139 0.97535082860 0.85137048090 0.87120288028 1.47510397315 1.28130646006 1.18952515419 1.34497170815 1.75644102296 1.80809233900 2.37125807496 

---- Expected P_neut(i), 0 < i < n (neutral SFS per site) 
E[P_neut(1)] = 0.0151512150
E[P_neut(2)] = 0.0064474474
E[P_neut(3)] = 0.0041512187
E[P_neut(4)] = 0.0029921440
E[P_neut(5)] = 0.0024166565
E[P_neut(6)] = 0.0020089247
E[P_neut(7)] = 0.0016852685
E[P_neut(8)] = 0.0013739643
E[P_neut(9)] = 0.0012976522
E[P_neut(10)] = 0.0010829940
E[P_neut(11)] = 0.0010130398
E[P_neut(12)] = 0.0008979849
E[P_neut(13)] = 0.0009974113
E[P_neut(14)] = 0.0007555848
E[P_neut(15)] = 0.0007372554
E[P_neut(16)] = 0.0005206683
E[P_neut(17)] = 0.0006476680
E[P_neut(18)] = 0.0005171964
E[P_neut(19)] = 0.0005337069
E[P_neut(20)] = 0.0004534898
E[P_neut(21)] = 0.0005740456
E[P_neut(22)] = 0.0003961515
E[P_neut(23)] = 0.0004270514
E[P_neut(24)] = 0.0005180879
E[P_neut(25)] = 0.0004138012
E[P_neut(26)] = 0.0003844157
E[P_neut(27)] = 0.0003699907
E[P_neut(28)] = 0.0004840518
E[P_neut(29)] = 0.0003181270
E[P_neut(30)] = 0.0002958198
E[P_neut(31)] = 0.0004633174
E[P_neut(32)] = 0.0003345864
E[P_neut(33)] = 0.0003654329
E[P_neut(34)] = 0.0002666983
E[P_neut(35)] = 0.0003584580
E[P_neut(36)] = 0.0004046087
E[P_neut(37)] = 0.0004047500
E[P_neut(38)] = 0.0003745313
E[P_neut(39)] = 0.0003440991
E[P_neut(40)] = 0.0003749677
E[P_neut(41)] = 0.0003212715
E[P_neut(42)] = 0.0003213316
E[P_neut(43)] = 0.0005283699
E[P_neut(44)] = 0.0004515273
E[P_neut(45)] = 0.0004129501
E[P_neut(46)] = 0.0004584218
E[P_neut(47)] = 0.0005876279
E[P_neut(48)] = 0.0006040645
E[P_neut(49)] = 0.0008117289

---- Expected P_sel(i), 0 < i < n (selected SFS per site) 
E[P_sel(1)] = 0.0043031087
E[P_sel(2)] = 0.0012901376
E[P_sel(3)] = 0.0007072863
E[P_sel(4)] = 0.0004615449
E[P_sel(5)] = 0.0003473695
E[P_sel(6)] = 0.0002735677
E[P_sel(7)] = 0.0002197474
E[P_sel(8)] = 0.0001728720
E[P_sel(9)] = 0.0001583831
E[P_sel(10)] = 0.0001287484
E[P_sel(11)] = 0.0001177020
E[P_sel(12)] = 0.0001022296
E[P_sel(13)] = 0.0001115094
E[P_sel(14)] = 0.0000830975
E[P_sel(15)] = 0.0000798950
E[P_sel(16)] = 0.0000556684
E[P_sel(17)] = 0.0000683973
E[P_sel(18)] = 0.0000540023
E[P_sel(19)] = 0.0000551437
E[P_sel(20)] = 0.0000464105
E[P_sel(21)] = 0.0000582278
E[P_sel(22)] = 0.0000398461
E[P_sel(23)] = 0.0000426280
E[P_sel(24)] = 0.0000513464
E[P_sel(25)] = 0.0000407373
E[P_sel(26)] = 0.0000376105
E[P_sel(27)] = 0.0000359892
E[P_sel(28)] = 0.0000468263
E[P_sel(29)] = 0.0000306275
E[P_sel(30)] = 0.0000283443
E[P_sel(31)] = 0.0000441919
E[P_sel(32)] = 0.0000317889
E[P_sel(33)] = 0.0000345929
E[P_sel(34)] = 0.0000251614
E[P_sel(35)] = 0.0000337123
E[P_sel(36)] = 0.0000379338
E[P_sel(37)] = 0.0000378667
E[P_sel(38)] = 0.0000349522
E[P_sel(39)] = 0.0000320651
E[P_sel(40)] = 0.0000348743
E[P_sel(41)] = 0.0000298898
E[P_sel(42)] = 0.0000298773
E[P_sel(43)] = 0.0000489824
E[P_sel(44)] = 0.0000419672
E[P_sel(45)] = 0.0000385571
E[P_sel(46)] = 0.0000429981
E[P_sel(47)] = 0.0000555100
E[P_sel(48)] = 0.0000589012
E[P_sel(49)] = 0.0000893628

---- alpha_dfe = 0.396748

