---- Running command
---- ./polyDFE -d RevisionsCapsellaPolyDFE/aranetconneccorrec7_-0.294952992638965_PolyDFE.input -m C -i /home/jejames/ArabidopsisCrossGenome/model.txt 1 -e 
---- Performing inference using model C

---- Performing inference on RevisionsCapsellaPolyDFE/aranetconneccorrec7_-0.294952992638965_PolyDFE.input
----      with -i /home/jejames/ArabidopsisCrossGenome/model.txt 1
---- Data RevisionsCapsellaPolyDFE/aranetconneccorrec7_-0.294952992638965_PolyDFE.input does not contain divergence counts. Using option -w.
---- No mutation variability. Using Poisson likelihood.


---- Calculating initial values

-- Starting local optimization
-- Optimizing all parameters
  it        eps_an     theta_bar           S_d             b           p_b           S_b           r 2           r 3           r 4           r 5           r 6           r 7           r 8           r 9          r 10          r 11          r 12          r 13          r 14          r 15          r 16          r 17          r 18          r 19          r 20          r 21          r 22          r 23          r 24          r 25          r 26          r 27          r 28          r 29          r 30          r 31          r 32          r 33          r 34          r 35          r 36          r 37          r 38          r 39          r 40          r 41          r 42          r 43          r 44          r 45          r 46          r 47          r 48          r 49           ln lk          grad status 
   0           0.1 0.01713421213        -80000         0.208           0.1            20 0.93925393566 0.85164271047 0.93052703627 0.93258042436 0.89373716632 0.77797741273 0.77960301163 1.00564681724 0.92316906228 0.83196440793 0.96406570841 0.98656741957 0.87080766598 0.94327515400 0.63381245722 0.71706023271 0.82700205338 0.84856262833 0.73921971252 0.74383983572 0.79243668720 0.69661190965 0.94455852156 0.79140999315 0.84531143052 0.89168377823 0.83607118412 0.70961670088 1.14989733059 1.00256673511 1.18548939082 1.23382956878 0.95123203285 0.88338466803 0.93326488706 1.46569130732 1.20619438740 1.45482546201 1.47501711156 1.38210130047 1.47689938398 1.80638261464 2.06673511293 2.23305954825 2.48340177960 3.30544147843 4.76796714579             1 -3052.669306035 46.1670288409   -2 
1240 0.00021832330 0.01540486841 -545.92265988 0.33088677574 0.02046130908 1.79490353320 0.89957986831 0.85426300758 0.91699858498 0.85149363506 0.81698559141 0.79768293670 0.91016206607 0.88986207268 0.89769260214 0.83614977136 0.82102795286 0.76515142179 0.84224957725 0.80132433844 0.74499125307 0.71913560542  0.7975625432 0.75916739275 0.68369231798 0.65325354709 0.69667934062 0.69876867731 0.80870665353 0.84449949780 0.75969174974 0.74036580795 0.75619868032 0.62218047761 1.03713860951 0.81204160721 1.00413288747 1.02115247017 0.73379205561 0.78877167458 0.64261638839 0.97389032751 0.85742550178 1.04517819909 0.95894545367 1.09834065193 0.96673375999 1.41356307128 1.25932489032 1.11756111279 1.42071663710 2.02134336609 2.28340503884 3.00303583796 -319.0018455601 0.00108086668   -8 
-- Local optimization: reached maximum number of likelihood evaluations allowed.
---- Best joint likelihood found -319.001845560152105 with gradient 0.00108

---- Results for RevisionsCapsellaPolyDFE/aranetconneccorrec7_-0.294952992638965_PolyDFE.input 
--  Model: C
--        eps_an     theta_bar             a 
-- 0.00021832330 0.01540486841            -1 
--           S_d             b           p_b           S_b 
-- -545.92265988 0.33088677574 0.02046130908 1.79490353320 
--           r 2           r 3           r 4           r 5           r 6           r 7           r 8           r 9          r 10          r 11          r 12          r 13          r 14          r 15          r 16          r 17          r 18          r 19          r 20          r 21          r 22          r 23          r 24          r 25          r 26          r 27          r 28          r 29          r 30          r 31          r 32          r 33          r 34          r 35          r 36          r 37          r 38          r 39          r 40          r 41          r 42          r 43          r 44          r 45          r 46          r 47          r 48          r 49 
-- 0.89957986831 0.85426300758 0.91699858498 0.85149363506 0.81698559141 0.79768293670 0.91016206607 0.88986207268 0.89769260214 0.83614977136 0.82102795286 0.76515142179 0.84224957725 0.80132433844 0.74499125307 0.71913560542  0.7975625432 0.75916739275 0.68369231798 0.65325354709 0.69667934062 0.69876867731 0.80870665353 0.84449949780 0.75969174974 0.74036580795 0.75619868032 0.62218047761 1.03713860951 0.81204160721 1.00413288747 1.02115247017 0.73379205561 0.78877167458 0.64261638839 0.97389032751 0.85742550178 1.04517819909 0.95894545367 1.09834065193 0.96673375999 1.41356307128 1.25932489032 1.11756111279 1.42071663710 2.02134336609 2.28340503884 3.00303583796 

---- Expected P_neut(i), 0 < i < n (neutral SFS per site) 
E[P_neut(1)] = 0.0154017113
E[P_neut(2)] = 0.0069276020
E[P_neut(3)] = 0.0043857900
E[P_neut(4)] = 0.0035308935
E[P_neut(5)] = 0.0026229403
E[P_neut(6)] = 0.0020972309
E[P_neut(7)] = 0.0017551845
E[P_neut(8)] = 0.0017523106
E[P_neut(9)] = 0.0015228918
E[P_neut(10)] = 0.0013826624
E[P_neut(11)] = 0.0011708142
E[P_neut(12)] = 0.0010538314
E[P_neut(13)] = 0.0009065873
E[P_neut(14)] = 0.0009266251
E[P_neut(15)] = 0.0008228492
E[P_neut(16)] = 0.0007171968
E[P_neut(17)] = 0.0006516200
E[P_neut(18)] = 0.0006825313
E[P_neut(19)] = 0.0006154734
E[P_neut(20)] = 0.0005266108
E[P_neut(21)] = 0.0004791716
E[P_neut(22)] = 0.0004878140
E[P_neut(23)] = 0.0004680092
E[P_neut(24)] = 0.0005190691
E[P_neut(25)] = 0.0005203761
E[P_neut(26)] = 0.0004501286
E[P_neut(27)] = 0.0004224262
E[P_neut(28)] = 0.0004160564
E[P_neut(29)] = 0.0003305362
E[P_neut(30)] = 0.0005325648
E[P_neut(31)] = 0.0004035751
E[P_neut(32)] = 0.0004834352
E[P_neut(33)] = 0.0004767267
E[P_neut(34)] = 0.0003325537
E[P_neut(35)] = 0.0003472731
E[P_neut(36)] = 0.0002751262
E[P_neut(37)] = 0.0004055865
E[P_neut(38)] = 0.0003477470
E[P_neut(39)] = 0.0004130074
E[P_neut(40)] = 0.0003695320
E[P_neut(41)] = 0.0004129203
E[P_neut(42)] = 0.0003548863
E[P_neut(43)] = 0.0005066856
E[P_neut(44)] = 0.0004412647
E[P_neut(45)] = 0.0003830644
E[P_neut(46)] = 0.0004764487
E[P_neut(47)] = 0.0006633349
E[P_neut(48)] = 0.0007341768
E[P_neut(49)] = 0.0009472668

---- Expected P_sel(i), 0 < i < n (selected SFS per site) 
E[P_sel(1)] = 0.0062912533
E[P_sel(2)] = 0.0020891518
E[P_sel(3)] = 0.0011370057
E[P_sel(4)] = 0.0008313356
E[P_sel(5)] = 0.0005761539
E[P_sel(6)] = 0.0004366131
E[P_sel(7)] = 0.0003499002
E[P_sel(8)] = 0.0003369358
E[P_sel(9)] = 0.0002839474
E[P_sel(10)] = 0.0002510177
E[P_sel(11)] = 0.0002076387
E[P_sel(12)] = 0.0001830519
E[P_sel(13)] = 0.0001545770
E[P_sel(14)] = 0.0001553737
E[P_sel(15)] = 0.0001358983
E[P_sel(16)] = 0.0001168282
E[P_sel(17)] = 0.0001048185
E[P_sel(18)] = 0.0001085337
E[P_sel(19)] = 0.0000968415
E[P_sel(20)] = 0.0000820580
E[P_sel(21)] = 0.0000740018
E[P_sel(22)] = 0.0000747191
E[P_sel(23)] = 0.0000711448
E[P_sel(24)] = 0.0000783591
E[P_sel(25)] = 0.0000780554
E[P_sel(26)] = 0.0000671236
E[P_sel(27)] = 0.0000626558
E[P_sel(28)] = 0.0000614106
E[P_sel(29)] = 0.0000485725
E[P_sel(30)] = 0.0000779491
E[P_sel(31)] = 0.0000588602
E[P_sel(32)] = 0.0000702861
E[P_sel(33)] = 0.0000691211
E[P_sel(34)] = 0.0000481055
E[P_sel(35)] = 0.0000501373
E[P_sel(36)] = 0.0000396607
E[P_sel(37)] = 0.0000583962
E[P_sel(38)] = 0.0000500310
E[P_sel(39)] = 0.0000593965
E[P_sel(40)] = 0.0000531471
E[P_sel(41)] = 0.0000594118
E[P_sel(42)] = 0.0000511086
E[P_sel(43)] = 0.0000730531
E[P_sel(44)] = 0.0000637361
E[P_sel(45)] = 0.0000554626
E[P_sel(46)] = 0.0000691754
E[P_sel(47)] = 0.0000966125
E[P_sel(48)] = 0.0001074221
E[P_sel(49)] = 0.0001397387

---- alpha_dfe = 0.316612

