---- Running command
---- ./polyDFE -d RevisionsCapsellaPolyDFE/express11_0.121611386370651_PolyDFE.input -m C -i /home/jejames/ArabidopsisCrossGenome/model.txt 1 -e 
---- Performing inference using model C

---- Performing inference on RevisionsCapsellaPolyDFE/express11_0.121611386370651_PolyDFE.input
----      with -i /home/jejames/ArabidopsisCrossGenome/model.txt 1
---- Data RevisionsCapsellaPolyDFE/express11_0.121611386370651_PolyDFE.input does not contain divergence counts. Using option -w.
---- No mutation variability. Using Poisson likelihood.


---- Calculating initial values

-- Starting local optimization
-- Optimizing all parameters
  it        eps_an     theta_bar           S_d             b           p_b           S_b           r 2           r 3           r 4           r 5           r 6           r 7           r 8           r 9          r 10          r 11          r 12          r 13          r 14          r 15          r 16          r 17          r 18          r 19          r 20          r 21          r 22          r 23          r 24          r 25          r 26          r 27          r 28          r 29          r 30          r 31          r 32          r 33          r 34          r 35          r 36          r 37          r 38          r 39          r 40          r 41          r 42          r 43          r 44          r 45          r 46          r 47          r 48          r 49           ln lk          grad status 
   0           0.1 0.01543388266        -20000         0.406           0.1            20 0.93046331119 0.90549731935 0.94518684484 0.96903256781 0.82771865247 0.82731855645 0.90261662799 0.91966071857 0.91381931663 0.99287829078 0.88533247979 0.92790269664 0.81331519564 0.87861086660 0.97431383532 0.69784748339 0.77490597743 0.75106025446 0.63695286868 0.88725294070 0.78690885812 0.83740097623 0.75666159878 0.86020644954 0.71985276466 0.89661518764 0.76850444106 1.00248059534 0.91702008482 0.70945026806 0.92694246619 1.20676962470 0.56861646795 1.19868768504 1.30783388013 1.03032727854 1.39265423701 1.72265343682 1.40193646475 1.74865967832 1.51236296711 1.97159318236 1.95758982155 2.15331679603 2.41834040169 3.11402736656 4.32487797071             1 -3099.668295759 32.4517917743   -2 
1337 0.01274703429 0.01394453233 -452.70399934 0.48699496869 0.07147561812 0.45746497785 0.93408733742 0.86829247883 0.92718269345 0.89895015069 0.84746926707 0.85936554918 0.84667400706 0.85995436999 0.93591881875 0.88985033635 0.87471305036 0.88074706437 0.81043965148 0.79387045419 0.88158746682 0.72540130509 0.69831889330 0.69074854759 0.51216709430 0.74585528410 0.72561992663 0.72724194765 0.70659765024 0.71385900561 0.68431200670 0.75970391084 0.62309175010 0.84257031606 0.82173669965 0.60561585241 0.94490521567 0.94335547748 0.42412230479 0.93275835373 1.12120841472 0.70889689808 0.95109188245 1.29195205027 0.89803940386 1.31134041412 0.95332937692 1.39592448337 1.09594275326 0.89132513373 1.19586396162 1.34618547455 1.73299397303 2.00410930917 -302.7785685208 0.00007250740    0 
---- Best joint likelihood found -302.778568520846420 with gradient 0.00007

---- Results for RevisionsCapsellaPolyDFE/express11_0.121611386370651_PolyDFE.input 
--  Model: C
--        eps_an     theta_bar             a 
-- 0.01274703429 0.01394453233            -1 
--           S_d             b           p_b           S_b 
-- -452.70399934 0.48699496869 0.07147561812 0.45746497785 
--           r 2           r 3           r 4           r 5           r 6           r 7           r 8           r 9          r 10          r 11          r 12          r 13          r 14          r 15          r 16          r 17          r 18          r 19          r 20          r 21          r 22          r 23          r 24          r 25          r 26          r 27          r 28          r 29          r 30          r 31          r 32          r 33          r 34          r 35          r 36          r 37          r 38          r 39          r 40          r 41          r 42          r 43          r 44          r 45          r 46          r 47          r 48          r 49 
-- 0.93408733742 0.86829247883 0.92718269345 0.89895015069 0.84746926707 0.85936554918 0.84667400706 0.85995436999 0.93591881875 0.88985033635 0.87471305036 0.88074706437 0.81043965148 0.79387045419 0.88158746682 0.72540130509 0.69831889330 0.69074854759 0.51216709430 0.74585528410 0.72561992663 0.72724194765 0.70659765024 0.71385900561 0.68431200670 0.75970391084 0.62309175010 0.84257031606 0.82173669965 0.60561585241 0.94490521567 0.94335547748 0.42412230479 0.93275835373 1.12120841472 0.70889689808 0.95109188245 1.29195205027 0.89803940386 1.31134041412 0.95332937692 1.39592448337 1.09594275326 0.89132513373 1.19586396162 1.34618547455 1.73299397303 2.00410930917 

---- Expected P_neut(i), 0 < i < n (neutral SFS per site) 
E[P_neut(1)] = 0.0137740510
E[P_neut(2)] = 0.0064361054
E[P_neut(3)] = 0.0039896220
E[P_neut(4)] = 0.0031957013
E[P_neut(5)] = 0.0024786507
E[P_neut(6)] = 0.0019489147
E[P_neut(7)] = 0.0016958700
E[P_neut(8)] = 0.0014610316
E[P_neut(9)] = 0.0013211078
E[P_neut(10)] = 0.0012924496
E[P_neut(11)] = 0.0011195588
E[P_neut(12)] = 0.0010079475
E[P_neut(13)] = 0.0009361019
E[P_neut(14)] = 0.0008024749
E[P_neut(15)] = 0.0007333398
E[P_neut(16)] = 0.0007607561
E[P_neut(17)] = 0.0005925190
E[P_neut(18)] = 0.0005393378
E[P_neut(19)] = 0.0005039664
E[P_neut(20)] = 0.0003574134
E[P_neut(21)] = 0.0004941180
E[P_neut(22)] = 0.0004580215
E[P_neut(23)] = 0.0004402962
E[P_neut(24)] = 0.0004099940
E[P_neut(25)] = 0.0003981772
E[P_neut(26)] = 0.0003675707
E[P_neut(27)] = 0.0003929788
E[P_neut(28)] = 0.0003122187
E[P_neut(29)] = 0.0004062953
E[P_neut(30)] = 0.0003816409
E[P_neut(31)] = 0.0002754100
E[P_neut(32)] = 0.0004134054
E[P_neut(33)] = 0.0004011293
E[P_neut(34)] = 0.0001815233
E[P_neut(35)] = 0.0003762954
E[P_neut(36)] = 0.0004390517
E[P_neut(37)] = 0.0002758055
E[P_neut(38)] = 0.0003575219
E[P_neut(39)] = 0.0004704311
E[P_neut(40)] = 0.0003257139
E[P_neut(41)] = 0.0004572998
E[P_neut(42)] = 0.0003312950
E[P_neut(43)] = 0.0004687379
E[P_neut(44)] = 0.0003680066
E[P_neut(45)] = 0.0003046397
E[P_neut(46)] = 0.0003990976
E[P_neut(47)] = 0.0004457582
E[P_neut(48)] = 0.0005800541
E[P_neut(49)] = 0.0007408154

---- Expected P_sel(i), 0 < i < n (selected SFS per site) 
E[P_sel(1)] = 0.0052705295
E[P_sel(2)] = 0.0017235917
E[P_sel(3)] = 0.0008995128
E[P_sel(4)] = 0.0006492382
E[P_sel(5)] = 0.0004687073
E[P_sel(6)] = 0.0003493085
E[P_sel(7)] = 0.0002914761
E[P_sel(8)] = 0.0002428374
E[P_sel(9)] = 0.0002134822
E[P_sel(10)] = 0.0002040378
E[P_sel(11)] = 0.0001731619
E[P_sel(12)] = 0.0001532206
E[P_sel(13)] = 0.0001401558
E[P_sel(14)] = 0.0001185028
E[P_sel(15)] = 0.0001070163
E[P_sel(16)] = 0.0001098756
E[P_sel(17)] = 0.0000847322
E[P_sel(18)] = 0.0000764683
E[P_sel(19)] = 0.0000709186
E[P_sel(20)] = 0.0000499347
E[P_sel(21)] = 0.0000686144
E[P_sel(22)] = 0.0000632479
E[P_sel(23)] = 0.0000604883
E[P_sel(24)] = 0.0000560677
E[P_sel(25)] = 0.0000542269
E[P_sel(26)] = 0.0000498736
E[P_sel(27)] = 0.0000531442
E[P_sel(28)] = 0.0000421021
E[P_sel(29)] = 0.0000546396
E[P_sel(30)] = 0.0000511969
E[P_sel(31)] = 0.0000368917
E[P_sel(32)] = 0.0000552597
E[P_sel(33)] = 0.0000535473
E[P_sel(34)] = 0.0000242744
E[P_sel(35)] = 0.0000501514
E[P_sel(36)] = 0.0000584664
E[P_sel(37)] = 0.0000368065
E[P_sel(38)] = 0.0000476672
E[P_sel(39)] = 0.0000626801
E[P_sel(40)] = 0.0000435874
E[P_sel(41)] = 0.0000610913
E[P_sel(42)] = 0.0000445360
E[P_sel(43)] = 0.0000629861
E[P_sel(44)] = 0.0000499644
E[P_sel(45)] = 0.0000422152
E[P_sel(46)] = 0.0000558764
E[P_sel(47)] = 0.0000639794
E[P_sel(48)] = 0.0000883194
E[P_sel(49)] = 0.0001429672

---- alpha_dfe = 0.676414

