---- Running command
---- ./polyDFE -d RevisionsCapsellaPolyDFE/express2_-2.20624570365519_PolyDFE.input -m C -i /home/jejames/ArabidopsisCrossGenome/model.txt 1 -e 
---- Performing inference using model C

---- Performing inference on RevisionsCapsellaPolyDFE/express2_-2.20624570365519_PolyDFE.input
----      with -i /home/jejames/ArabidopsisCrossGenome/model.txt 1
---- Data RevisionsCapsellaPolyDFE/express2_-2.20624570365519_PolyDFE.input does not contain divergence counts. Using option -w.
---- No mutation variability. Using Poisson likelihood.


---- Calculating initial values

-- Starting local optimization
-- Optimizing all parameters
  it        eps_an     theta_bar           S_d             b           p_b           S_b           r 2           r 3           r 4           r 5           r 6           r 7           r 8           r 9          r 10          r 11          r 12          r 13          r 14          r 15          r 16          r 17          r 18          r 19          r 20          r 21          r 22          r 23          r 24          r 25          r 26          r 27          r 28          r 29          r 30          r 31          r 32          r 33          r 34          r 35          r 36          r 37          r 38          r 39          r 40          r 41          r 42          r 43          r 44          r 45          r 46          r 47          r 48          r 49           ln lk          grad status 
   0           0.1 0.01646019196        -60000         0.208           0.1            20 0.87619205572 0.92893274732 0.93142051579 0.97147358819 0.87619205572 0.83821212372 0.90024048428 0.90007463305 0.84998756115 0.89393813749 0.97719545567 0.92818641678 0.86143129612 0.87071896508 1.03889211377 1.09536445808 0.90305995522 0.95795671282 0.79940293556 1.02222406501 0.83920723111 0.90786964093 0.95132266357 0.93291317688 0.99610249606 0.99411228128 1.06808193050 1.16153909942 1.03988722116 1.11053984575 1.07471597976 1.40384774856 1.37308234513 1.10291068911 1.06874533543 1.43900820963 1.63230781988 1.87577742764 1.67509743759 1.27158139149 1.85637283356 1.83995356165 2.07612571523 2.56364541006 2.71597976614 3.45318848992 4.56555269922             1 -3258.695174166 44.9225027097   -2 
1430 0.00003784345 0.01466433238 -417.44898822 0.29384715836 0.00571840872 6.83818476246 0.89520618186 0.88017261750 0.91288486104 0.88951471054 0.84578680646 0.86636950237 0.88110099875 0.89171867873 0.87088006130 0.89716766951 0.93284093599 0.85669233121 0.87486988719 0.78899488243 0.98859643070 0.91970719887 0.92097574012 0.89976054530 0.73845747480 0.98665095869 0.72843849684 0.89836916867 0.86080038092 0.77419073330 0.85137960844 0.80714976390 0.89845126543 0.92059709544 0.98001889188 0.88301559997 0.89960824862 1.09828549461 1.08967561584 1.03333301223 0.87894566087 1.07860769483 1.30403847048 1.28859992524 1.21869803594 1.26639311858 1.09833868861 1.27066547679 1.50521779079 1.72823487504 1.66378211067 2.01264851121 1.98463220429 3.30455583872 -319.1694056842 0.00008608569    0 
---- Best joint likelihood found -319.169405684293849 with gradient 0.00009

---- Results for RevisionsCapsellaPolyDFE/express2_-2.20624570365519_PolyDFE.input 
--  Model: C
--        eps_an     theta_bar             a 
-- 0.00003784345 0.01466433238            -1 
--           S_d             b           p_b           S_b 
-- -417.44898822 0.29384715836 0.00571840872 6.83818476246 
--           r 2           r 3           r 4           r 5           r 6           r 7           r 8           r 9          r 10          r 11          r 12          r 13          r 14          r 15          r 16          r 17          r 18          r 19          r 20          r 21          r 22          r 23          r 24          r 25          r 26          r 27          r 28          r 29          r 30          r 31          r 32          r 33          r 34          r 35          r 36          r 37          r 38          r 39          r 40          r 41          r 42          r 43          r 44          r 45          r 46          r 47          r 48          r 49 
-- 0.89520618186 0.88017261750 0.91288486104 0.88951471054 0.84578680646 0.86636950237 0.88110099875 0.89171867873 0.87088006130 0.89716766951 0.93284093599 0.85669233121 0.87486988719 0.78899488243 0.98859643070 0.91970719887 0.92097574012 0.89976054530 0.73845747480 0.98665095869 0.72843849684 0.89836916867 0.86080038092 0.77419073330 0.85137960844 0.80714976390 0.89845126543 0.92059709544 0.98001889188 0.88301559997 0.89960824862 1.09828549461 1.08967561584 1.03333301223 0.87894566087 1.07860769483 1.30403847048 1.28859992524 1.21869803594 1.26639311858 1.09833868861 1.27066547679 1.50521779079 1.72823487504 1.66378211067 2.01264851121 1.98463220429 3.30455583872 

---- Expected P_neut(i), 0 < i < n (neutral SFS per site) 
E[P_neut(1)] = 0.0146638149
E[P_neut(2)] = 0.0065635751
E[P_neut(3)] = 0.0043022422
E[P_neut(4)] = 0.0033466052
E[P_neut(5)] = 0.0026087505
E[P_neut(6)] = 0.0020670906
E[P_neut(7)] = 0.0018149092
E[P_neut(8)] = 0.0016150481
E[P_neut(9)] = 0.0014529021
E[P_neut(10)] = 0.0012770560
E[P_neut(11)] = 0.0011960062
E[P_neut(12)] = 0.0011399334
E[P_neut(13)] = 0.0009663505
E[P_neut(14)] = 0.0009163634
E[P_neut(15)] = 0.0007713261
E[P_neut(16)] = 0.0009060527
E[P_neut(17)] = 0.0007933350
E[P_neut(18)] = 0.0007502925
E[P_neut(19)] = 0.0006944310
E[P_neut(20)] = 0.0005414469
E[P_neut(21)] = 0.0006889714
E[P_neut(22)] = 0.0004855478
E[P_neut(23)] = 0.0005727768
E[P_neut(24)] = 0.0005259592
E[P_neut(25)] = 0.0004541196
E[P_neut(26)] = 0.0004801907
E[P_neut(27)] = 0.0004383870
E[P_neut(28)] = 0.0004705430
E[P_neut(29)] = 0.0004655237
E[P_neut(30)] = 0.0004790465
E[P_neut(31)] = 0.0004177148
E[P_neut(32)] = 0.0004122676
E[P_neut(33)] = 0.0004880608
E[P_neut(34)] = 0.0004699978
E[P_neut(35)] = 0.0004329596
E[P_neut(36)] = 0.0003580531
E[P_neut(37)] = 0.0004275085
E[P_neut(38)] = 0.0005032571
E[P_neut(39)] = 0.0004845515
E[P_neut(40)] = 0.0004468162
E[P_neut(41)] = 0.0004529844
E[P_neut(42)] = 0.0003835324
E[P_neut(43)] = 0.0004333886
E[P_neut(44)] = 0.0005017187
E[P_neut(45)] = 0.0005632643
E[P_neut(46)] = 0.0005305034
E[P_neut(47)] = 0.0006280996
E[P_neut(48)] = 0.0006065443
E[P_neut(49)] = 0.0009894789

---- Expected P_sel(i), 0 < i < n (selected SFS per site) 
E[P_sel(1)] = 0.0066938312
E[P_sel(2)] = 0.0022772082
E[P_sel(3)] = 0.0012968845
E[P_sel(4)] = 0.0009210143
E[P_sel(5)] = 0.0006717907
E[P_sel(6)] = 0.0005053699
E[P_sel(7)] = 0.0004253005
E[P_sel(8)] = 0.0003652059
E[P_sel(9)] = 0.0003186141
E[P_sel(10)] = 0.0002726360
E[P_sel(11)] = 0.0002493301
E[P_sel(12)] = 0.0002326294
E[P_sel(13)] = 0.0001934443
E[P_sel(14)] = 0.0001802508
E[P_sel(15)] = 0.0001493066
E[P_sel(16)] = 0.0001728160
E[P_sel(17)] = 0.0001492675
E[P_sel(18)] = 0.0001393961
E[P_sel(19)] = 0.0001275109
E[P_sel(20)] = 0.0000983382
E[P_sel(21)] = 0.0001238608
E[P_sel(22)] = 0.0000864615
E[P_sel(23)] = 0.0001010892
E[P_sel(24)] = 0.0000920560
E[P_sel(25)] = 0.0000788656
E[P_sel(26)] = 0.0000827893
E[P_sel(27)] = 0.0000750717
E[P_sel(28)] = 0.0000800725
E[P_sel(29)] = 0.0000787578
E[P_sel(30)] = 0.0000806112
E[P_sel(31)] = 0.0000699457
E[P_sel(32)] = 0.0000687260
E[P_sel(33)] = 0.0000810355
E[P_sel(34)] = 0.0000777610
E[P_sel(35)] = 0.0000714148
E[P_sel(36)] = 0.0000589097
E[P_sel(37)] = 0.0000701961
E[P_sel(38)] = 0.0000825158
E[P_sel(39)] = 0.0000793849
E[P_sel(40)] = 0.0000731938
E[P_sel(41)] = 0.0000742514
E[P_sel(42)] = 0.0000629610
E[P_sel(43)] = 0.0000713195
E[P_sel(44)] = 0.0000828580
E[P_sel(45)] = 0.0000934760
E[P_sel(46)] = 0.0000886094
E[P_sel(47)] = 0.0001057930
E[P_sel(48)] = 0.0001033062
E[P_sel(49)] = 0.0001712649

---- alpha_dfe = 0.225148

