---- Running command
---- ./polyDFE -d RevisionsCapsellaPolyDFE/express1_-3.08426900200374_PolyDFE.input -m C -i /home/jejames/ArabidopsisCrossGenome/model.txt 1 -e 
---- Performing inference using model C

---- Performing inference on RevisionsCapsellaPolyDFE/express1_-3.08426900200374_PolyDFE.input
----      with -i /home/jejames/ArabidopsisCrossGenome/model.txt 1
---- Data RevisionsCapsellaPolyDFE/express1_-3.08426900200374_PolyDFE.input does not contain divergence counts. Using option -w.
---- No mutation variability. Using Poisson likelihood.


---- Calculating initial values

-- Starting local optimization
-- Optimizing all parameters
  it        eps_an     theta_bar           S_d             b           p_b           S_b           r 2           r 3           r 4           r 5           r 6           r 7           r 8           r 9          r 10          r 11          r 12          r 13          r 14          r 15          r 16          r 17          r 18          r 19          r 20          r 21          r 22          r 23          r 24          r 25          r 26          r 27          r 28          r 29          r 30          r 31          r 32          r 33          r 34          r 35          r 36          r 37          r 38          r 39          r 40          r 41          r 42          r 43          r 44          r 45          r 46          r 47          r 48          r 49           ln lk          grad status 
   0           0.1 0.01678309028        -40000         0.208           0.1            20 0.93690407097 0.88251388773 0.87322775889 0.95431556255 1.01533869496 0.86883343006 0.97769670839 1.09692396982 0.79263742641 0.84818837575 0.91236215902 0.89461901998 0.99477655252 0.81958378243 0.64737583948 0.90208108780 1.05513639001 0.85225105712 0.91037227427 1.04991294254 0.82994776552 0.85623082663 1.08846695962 0.87057457922 0.95497885747 0.80814194511 0.96343586767 1.12287538346 0.94768261338 0.99983417627 1.17535859381 1.09443661387 0.87952906060 1.42484039466 1.29243014675 1.31912776718 1.30121880441 1.45510322527 1.47251471685 1.73368709062 1.62275101567 1.82895282314 1.92985656247 2.67888234806 2.50576237459 3.47599701517 4.65633032086             1 -3400.191599816 44.9318236937   -2 
 277 0.00309135360 0.01511152292 -332.23815700 0.29713883215 0.00015971704 0.78551642441 0.89650421774 0.88052519313 0.90290641596 0.91776450538 0.95719981693 0.83229439140 0.87131108376 0.99647374590 0.79079311837 0.86409713314 0.84780893991 0.85744263634 0.83911912599 0.82369210987 0.77183390916 0.87997696617 0.97407003990 0.73509186206 0.72947504375 0.79591236541 0.75664676530 0.88963913681 0.88306280628 0.76762695593 0.74682557329 0.85774764527 0.84609728794 0.80566339098 0.87460050743 0.91972351603 0.80059934508 0.91309652311 0.92916821210 1.21496227208 0.92601172065 0.93742707066 1.04688569467 1.17781182275 1.15842334229 1.18538821276 1.10640762300 1.37866873502 1.15442666634 1.45861527418 1.44086840245 1.91767805373 2.04994806313 2.74506597742 -321.4053143200 0.00057954875   -8 
-- Local optimization: reached maximum number of likelihood evaluations allowed.
---- Best joint likelihood found -321.405314320073046 with gradient 0.00058

---- Results for RevisionsCapsellaPolyDFE/express1_-3.08426900200374_PolyDFE.input 
--  Model: C
--        eps_an     theta_bar             a 
-- 0.00309135360 0.01511152292            -1 
--           S_d             b           p_b           S_b 
-- -332.23815700 0.29713883215 0.00015971704 0.78551642441 
--           r 2           r 3           r 4           r 5           r 6           r 7           r 8           r 9          r 10          r 11          r 12          r 13          r 14          r 15          r 16          r 17          r 18          r 19          r 20          r 21          r 22          r 23          r 24          r 25          r 26          r 27          r 28          r 29          r 30          r 31          r 32          r 33          r 34          r 35          r 36          r 37          r 38          r 39          r 40          r 41          r 42          r 43          r 44          r 45          r 46          r 47          r 48          r 49 
-- 0.89650421774 0.88052519313 0.90290641596 0.91776450538 0.95719981693 0.83229439140 0.87131108376 0.99647374590 0.79079311837 0.86409713314 0.84780893991 0.85744263634 0.83911912599 0.82369210987 0.77183390916 0.87997696617 0.97407003990 0.73509186206 0.72947504375 0.79591236541 0.75664676530 0.88963913681 0.88306280628 0.76762695593 0.74682557329 0.85774764527 0.84609728794 0.80566339098 0.87460050743 0.91972351603 0.80059934508 0.91309652311 0.92916821210 1.21496227208 0.92601172065 0.93742707066 1.04688569467 1.17781182275 1.15842334229 1.18538821276 1.10640762300 1.37866873502 1.15442666634 1.45861527418 1.44086840245 1.91767805373 2.04994806313 2.74506597742 

---- Expected P_neut(i), 0 < i < n (neutral SFS per site) 
E[P_neut(1)] = 0.0150674249
E[P_neut(2)] = 0.0067548270
E[P_neut(3)] = 0.0044235537
E[P_neut(4)] = 0.0034019912
E[P_neut(5)] = 0.0027667034
E[P_neut(6)] = 0.0024045642
E[P_neut(7)] = 0.0017926914
E[P_neut(8)] = 0.0016419974
E[P_neut(9)] = 0.0016693157
E[P_neut(10)] = 0.0011926675
E[P_neut(11)] = 0.0011848160
E[P_neut(12)] = 0.0010656269
E[P_neut(13)] = 0.0009948150
E[P_neut(14)] = 0.0009041422
E[P_neut(15)] = 0.0008288725
E[P_neut(16)] = 0.0007279972
E[P_neut(17)] = 0.0007810975
E[P_neut(18)] = 0.0008164009
E[P_neut(19)] = 0.0005842290
E[P_neut(20)] = 0.0005508320
E[P_neut(21)] = 0.0005722629
E[P_neut(22)] = 0.0005195361
E[P_neut(23)] = 0.0005841903
E[P_neut(24)] = 0.0005556407
E[P_neut(25)] = 0.0004640005
E[P_neut(26)] = 0.0004344413
E[P_neut(27)] = 0.0004803923
E[P_neut(28)] = 0.0004568314
E[P_neut(29)] = 0.0004202934
E[P_neut(30)] = 0.0004408935
E[P_neut(31)] = 0.0004487576
E[P_neut(32)] = 0.0003794303
E[P_neut(33)] = 0.0004192552
E[P_neut(34)] = 0.0004139518
E[P_neut(35)] = 0.0005255131
E[P_neut(36)] = 0.0003903052
E[P_neut(37)] = 0.0003847612
E[P_neut(38)] = 0.0004183302
E[P_neut(39)] = 0.0004586314
E[P_neut(40)] = 0.0004399798
E[P_neut(41)] = 0.0004407246
E[P_neut(42)] = 0.0004019407
E[P_neut(43)] = 0.0004885632
E[P_neut(44)] = 0.0004027075
E[P_neut(45)] = 0.0004968804
E[P_neut(46)] = 0.0004824232
E[P_neut(47)] = 0.0006283804
E[P_neut(48)] = 0.0006643167
E[P_neut(49)] = 0.0008906720

---- Expected P_sel(i), 0 < i < n (selected SFS per site) 
E[P_sel(1)] = 0.0071917913
E[P_sel(2)] = 0.0024511501
E[P_sel(3)] = 0.0013903534
E[P_sel(4)] = 0.0009734611
E[P_sel(5)] = 0.0007389125
E[P_sel(6)] = 0.0006083658
E[P_sel(7)] = 0.0004338060
E[P_sel(8)] = 0.0003827106
E[P_sel(9)] = 0.0003766413
E[P_sel(10)] = 0.0002614953
E[P_sel(11)] = 0.0002532392
E[P_sel(12)] = 0.0002225941
E[P_sel(13)] = 0.0002035078
E[P_sel(14)] = 0.0001814447
E[P_sel(15)] = 0.0001634057
E[P_sel(16)] = 0.0001411898
E[P_sel(17)] = 0.0001491904
E[P_sel(18)] = 0.0001537184
E[P_sel(19)] = 0.0001085181
E[P_sel(20)] = 0.0001010214
E[P_sel(21)] = 0.0001036982
E[P_sel(22)] = 0.0000930718
E[P_sel(23)] = 0.0001035241
E[P_sel(24)] = 0.0000974496
E[P_sel(25)] = 0.0000805750
E[P_sel(26)] = 0.0000747316
E[P_sel(27)] = 0.0000818889
E[P_sel(28)] = 0.0000771954
E[P_sel(29)] = 0.0000704314
E[P_sel(30)] = 0.0000732868
E[P_sel(31)] = 0.0000740165
E[P_sel(32)] = 0.0000621376
E[P_sel(33)] = 0.0000681560
E[P_sel(34)] = 0.0000668209
E[P_sel(35)] = 0.0000842460
E[P_sel(36)] = 0.0000621980
E[P_sel(37)] = 0.0000609448
E[P_sel(38)] = 0.0000658590
E[P_sel(39)] = 0.0000717843
E[P_sel(40)] = 0.0000684871
E[P_sel(41)] = 0.0000683356
E[P_sel(42)] = 0.0000620377
E[P_sel(43)] = 0.0000749950
E[P_sel(44)] = 0.0000618282
E[P_sel(45)] = 0.0000759517
E[P_sel(46)] = 0.0000738318
E[P_sel(47)] = 0.0000960849
E[P_sel(48)] = 0.0001031839
E[P_sel(49)] = 0.0001470744

---- alpha_dfe = 0.001621

