---- Running command
---- ./polyDFE -d RevisionsCapsellaPolyDFE/express19_2.19006709180286_PolyDFE.input -m C -i /home/jejames/ArabidopsisCrossGenome/model.txt 1 -e 
---- Performing inference using model C

---- Performing inference on RevisionsCapsellaPolyDFE/express19_2.19006709180286_PolyDFE.input
----      with -i /home/jejames/ArabidopsisCrossGenome/model.txt 1
---- Data RevisionsCapsellaPolyDFE/express19_2.19006709180286_PolyDFE.input does not contain divergence counts. Using option -w.
---- No mutation variability. Using Poisson likelihood.


---- Calculating initial values

-- Starting local optimization
-- Optimizing all parameters
  it        eps_an     theta_bar           S_d             b           p_b           S_b           r 2           r 3           r 4           r 5           r 6           r 7           r 8           r 9          r 10          r 11          r 12          r 13          r 14          r 15          r 16          r 17          r 18          r 19          r 20          r 21          r 22          r 23          r 24          r 25          r 26          r 27          r 28          r 29          r 30          r 31          r 32          r 33          r 34          r 35          r 36          r 37          r 38          r 39          r 40          r 41          r 42          r 43          r 44          r 45          r 46          r 47          r 48          r 49           ln lk          grad status 
   0           0.1 0.01594034211        -20000         0.406           0.1            20 0.93839553144 0.88909576621 0.89500526187 0.92001942847 0.93062413988 0.90099570954 1.01546183113 0.83931028899 0.75528211770 0.90650044523 0.81113899457 1.05553306889  0.9089290051 0.98720958471 0.89759572573 0.89176718206 1.01416659920 0.90593378126 0.78361531611 0.79559621144 0.71059661620 0.77268679672 0.76353922124 0.76904395693 0.87768153484 0.81963895410 0.70492997652 0.87331012709 0.86456731158 1.25726544159 1.09835667449 1.04719501335 1.31287946247 1.01149518335 0.98502388083 1.15915162308 1.21508945195 1.64802072371 1.54456407350 1.75244879786 1.74079171051 1.91451469278 1.86642920748 2.24763215413 2.66623492269 3.30632235084 4.36752205941             1 -3019.642850429 47.1064129339   -2 
 363 0.00432849060 0.01433107311 -1189.1933534 0.36737296887 0.00760483988 12.9389705472 0.90147037975 0.91340776647 0.84984377222 0.88051185349 0.93784186707 0.87636422935 0.92302142344 0.88825186586 0.77937971568 0.87013693395 0.72781449187 0.91173946973 0.89544117463 0.94096361604 0.81896391292 0.80469928414 0.92863306397 0.78647385905 0.77865885995 0.67709368588 0.61938309433 0.75682618387 0.71487189521 0.73313694391 0.87280247568 0.72171727724 0.66057864860 0.76054749355 0.64421408210 0.92751296467 0.97257444463 0.82768774681 1.06781247923 0.89196303057 0.66518900104 0.80397902810 0.82522071077 1.14507686928 1.19061106614 1.25345917347 1.27281052271 1.09536997349 1.25977945128 1.38371503742 1.56963531315 1.73658753010 1.71375992472 2.46262998432 -302.5888124146 0.00427641782   -3 
-- Local optimization: stuck in the same solution
---- Best joint likelihood found -302.588812414663039 with gradient 0.00428

---- Results for RevisionsCapsellaPolyDFE/express19_2.19006709180286_PolyDFE.input 
--  Model: C
--        eps_an     theta_bar             a 
-- 0.00432849060 0.01433107311            -1 
--           S_d             b           p_b           S_b 
-- -1189.1933534 0.36737296887 0.00760483988 12.9389705472 
--           r 2           r 3           r 4           r 5           r 6           r 7           r 8           r 9          r 10          r 11          r 12          r 13          r 14          r 15          r 16          r 17          r 18          r 19          r 20          r 21          r 22          r 23          r 24          r 25          r 26          r 27          r 28          r 29          r 30          r 31          r 32          r 33          r 34          r 35          r 36          r 37          r 38          r 39          r 40          r 41          r 42          r 43          r 44          r 45          r 46          r 47          r 48          r 49 
-- 0.90147037975 0.91340776647 0.84984377222 0.88051185349 0.93784186707 0.87636422935 0.92302142344 0.88825186586 0.77937971568 0.87013693395 0.72781449187 0.91173946973 0.89544117463 0.94096361604 0.81896391292 0.80469928414 0.92863306397 0.78647385905 0.77865885995 0.67709368588 0.61938309433 0.75682618387 0.71487189521 0.73313694391 0.87280247568 0.72171727724 0.66057864860 0.76054749355 0.64421408210 0.92751296467 0.97257444463 0.82768774681 1.06781247923 0.89196303057 0.66518900104 0.80397902810 0.82522071077 1.14507686928 1.19061106614 1.25345917347 1.27281052271 1.09536997349 1.25977945128 1.38371503742 1.56963531315 1.73658753010 1.71375992472 2.46262998432 

---- Expected P_neut(i), 0 < i < n (neutral SFS per site) 
E[P_neut(1)] = 0.0142721588
E[P_neut(2)] = 0.0064337737
E[P_neut(3)] = 0.0043467763
E[P_neut(4)] = 0.0030337306
E[P_neut(5)] = 0.0025147194
E[P_neut(6)] = 0.0022321268
E[P_neut(7)] = 0.0017879912
E[P_neut(8)] = 0.0016482087
E[P_neut(9)] = 0.0014101745
E[P_neut(10)] = 0.0011139465
E[P_neut(11)] = 0.0011305504
E[P_neut(12)] = 0.0008667817
E[P_neut(13)] = 0.0010020901
E[P_neut(14)] = 0.0009137953
E[P_neut(15)] = 0.0008966908
E[P_neut(16)] = 0.0007323126
E[P_neut(17)] = 0.0006769845
E[P_neut(18)] = 0.0007380355
E[P_neut(19)] = 0.0005924996
E[P_neut(20)] = 0.0005568678
E[P_neut(21)] = 0.0004616972
E[P_neut(22)] = 0.0004031909
E[P_neut(23)] = 0.0004711879
E[P_neut(24)] = 0.0004271047
E[P_neut(25)] = 0.0004202656
E[P_neut(26)] = 0.0004808498
E[P_neut(27)] = 0.0003834565
E[P_neut(28)] = 0.0003383830
E[P_neut(29)] = 0.0003762167
E[P_neut(30)] = 0.0003088257
E[P_neut(31)] = 0.0004294942
E[P_neut(32)] = 0.0004368785
E[P_neut(33)] = 0.0003608245
E[P_neut(34)] = 0.0004513122
E[P_neut(35)] = 0.0003675330
E[P_neut(36)] = 0.0002676234
E[P_neut(37)] = 0.0003144049
E[P_neut(38)] = 0.0003136336
E[P_neut(39)] = 0.0004238595
E[P_neut(40)] = 0.0004295566
E[P_neut(41)] = 0.0004423578
E[P_neut(42)] = 0.0004395806
E[P_neut(43)] = 0.0003712516
E[P_neut(44)] = 0.0004182380
E[P_neut(45)] = 0.0004496859
E[P_neut(46)] = 0.0005000748
E[P_neut(47)] = 0.0005461089
E[P_neut(48)] = 0.0005374123
E[P_neut(49)] = 0.0007791619

---- Expected P_sel(i), 0 < i < n (selected SFS per site) 
E[P_sel(1)] = 0.0042185613
E[P_sel(2)] = 0.0013075830
E[P_sel(3)] = 0.0007384087
E[P_sel(4)] = 0.0004602064
E[P_sel(5)] = 0.0003516697
E[P_sel(6)] = 0.0002931432
E[P_sel(7)] = 0.0002231948
E[P_sel(8)] = 0.0001972254
E[P_sel(9)] = 0.0001627772
E[P_sel(10)] = 0.0001246395
E[P_sel(11)] = 0.0001230986
E[P_sel(12)] = 0.0000921323
E[P_sel(13)] = 0.0001042548
E[P_sel(14)] = 0.0000932581
E[P_sel(15)] = 0.0000899369
E[P_sel(16)] = 0.0000723056
E[P_sel(17)] = 0.0000659079
E[P_sel(18)] = 0.0000709388
E[P_sel(19)] = 0.0000562950
E[P_sel(20)] = 0.0000523644
E[P_sel(21)] = 0.0000430093
E[P_sel(22)] = 0.0000372472
E[P_sel(23)] = 0.0000432087
E[P_sel(24)] = 0.0000389131
E[P_sel(25)] = 0.0000380776
E[P_sel(26)] = 0.0000433630
E[P_sel(27)] = 0.0000344497
E[P_sel(28)] = 0.0000303120
E[P_sel(29)] = 0.0000336340
E[P_sel(30)] = 0.0000275835
E[P_sel(31)] = 0.0000383544
E[P_sel(32)] = 0.0000390548
E[P_sel(33)] = 0.0000323247
E[P_sel(34)] = 0.0000405582
E[P_sel(35)] = 0.0000331920
E[P_sel(36)] = 0.0000243270
E[P_sel(37)] = 0.0000287937
E[P_sel(38)] = 0.0000289852
E[P_sel(39)] = 0.0000396164
E[P_sel(40)] = 0.0000406984
E[P_sel(41)] = 0.0000426236
E[P_sel(42)] = 0.0000432158
E[P_sel(43)] = 0.0000374059
E[P_sel(44)] = 0.0000433744
E[P_sel(45)] = 0.0000482811
E[P_sel(46)] = 0.0000560601
E[P_sel(47)] = 0.0000648872
E[P_sel(48)] = 0.0000697202
E[P_sel(49)] = 0.0001206898

---- alpha_dfe = 0.614658

