---- Running command
---- ./polyDFE -d RevisionsCapsellaPolyDFE/express16_1.07759408967161_PolyDFE.input -m C -i /home/jejames/ArabidopsisCrossGenome/model.txt 1 -e 
---- Performing inference using model C

---- Performing inference on RevisionsCapsellaPolyDFE/express16_1.07759408967161_PolyDFE.input
----      with -i /home/jejames/ArabidopsisCrossGenome/model.txt 1
---- Data RevisionsCapsellaPolyDFE/express16_1.07759408967161_PolyDFE.input does not contain divergence counts. Using option -w.
---- No mutation variability. Using Poisson likelihood.


---- Calculating initial values

-- Starting local optimization
-- Optimizing all parameters
  it        eps_an     theta_bar           S_d             b           p_b           S_b           r 2           r 3           r 4           r 5           r 6           r 7           r 8           r 9          r 10          r 11          r 12          r 13          r 14          r 15          r 16          r 17          r 18          r 19          r 20          r 21          r 22          r 23          r 24          r 25          r 26          r 27          r 28          r 29          r 30          r 31          r 32          r 33          r 34          r 35          r 36          r 37          r 38          r 39          r 40          r 41          r 42          r 43          r 44          r 45          r 46          r 47          r 48          r 49           ln lk          grad status 
   0           0.1 0.01644041087        -20000         0.406           0.1            20 0.92174189953 0.88965846668 0.92094578457 0.90956134065 0.91760210174 0.92620014330 0.93623119178 0.68354430379 0.80566833850 0.85821192580 0.72605684260 0.93455935037 0.91951277764 0.89204681155 0.68656954064 0.81609744447 0.83401003104 0.78051110580 0.89164875408 0.85598280391 0.67430937027 0.96497094180 0.92094578457 0.79611495900 0.86521773744 0.90924289467 0.76904705039 0.84961388424 0.76427036064 0.99705437465 1.11583472653 1.01671841413 0.78767614043 0.90000796114 1.10341533317 1.08104450282 1.08908526391 1.30403630284 1.49032720324 1.12936868083 1.43778361595 1.91019823262 1.99315341135 2.59732505373 2.73927235092 3.31144017196 4.66587055170             1 -3218.064552856 38.1490433677   -2 
 335 0.00423428155 0.01480948987 -902.37030881 0.32145387474 0.00197412082 1.98046695177 0.91154785972 0.85532909939 0.86827143107 0.86078486363 0.85673326400 0.90487437052 0.92168506875 0.77459308327 0.77413330838 0.78264704273 0.75451737567 0.91776438399 0.84317384542 0.79338787772 0.72638733589 0.77582790080 0.70018744806 0.74270018979 0.83274073446 0.73934828220 0.61130754473 0.73927182536 0.80858870293 0.78486682029 0.69399547370 0.76197184257 0.67146125598 0.71041335618 0.63418387862 0.85304058591 0.86715292477 0.83073076342 0.74117716313 0.60923283359 0.89160324901 0.91598738081 0.94375350357 0.89226236579 1.13262740979 0.77486371044 1.05845598272 1.21173798085 1.12933016692 1.46399187651 1.43903075936 1.75345381468 2.21248582713 2.70202544211 -301.8466896262 0.00029660314   -8 
-- Local optimization: reached maximum number of likelihood evaluations allowed.
---- Best joint likelihood found -301.846689626283251 with gradient 0.00030

---- Results for RevisionsCapsellaPolyDFE/express16_1.07759408967161_PolyDFE.input 
--  Model: C
--        eps_an     theta_bar             a 
-- 0.00423428155 0.01480948987            -1 
--           S_d             b           p_b           S_b 
-- -902.37030881 0.32145387474 0.00197412082 1.98046695177 
--           r 2           r 3           r 4           r 5           r 6           r 7           r 8           r 9          r 10          r 11          r 12          r 13          r 14          r 15          r 16          r 17          r 18          r 19          r 20          r 21          r 22          r 23          r 24          r 25          r 26          r 27          r 28          r 29          r 30          r 31          r 32          r 33          r 34          r 35          r 36          r 37          r 38          r 39          r 40          r 41          r 42          r 43          r 44          r 45          r 46          r 47          r 48          r 49 
-- 0.91154785972 0.85532909939 0.86827143107 0.86078486363 0.85673326400 0.90487437052 0.92168506875 0.77459308327 0.77413330838 0.78264704273 0.75451737567 0.91776438399 0.84317384542 0.79338787772 0.72638733589 0.77582790080 0.70018744806 0.74270018979 0.83274073446 0.73934828220 0.61130754473 0.73927182536 0.80858870293 0.78486682029 0.69399547370 0.76197184257 0.67146125598 0.71041335618 0.63418387862 0.85304058591 0.86715292477 0.83073076342 0.74117716313 0.60923283359 0.89160324901 0.91598738081 0.94375350357 0.89226236579 1.13262740979 0.77486371044 1.05845598272 1.21173798085 1.12933016692 1.46399187651 1.43903075936 1.75345381468 2.21248582713 2.70202544211 

---- Expected P_neut(i), 0 < i < n (neutral SFS per site) 
E[P_neut(1)] = 0.0147502402
E[P_neut(2)] = 0.0067240893
E[P_neut(3)] = 0.0042067901
E[P_neut(4)] = 0.0032030141
E[P_neut(5)] = 0.0025408015
E[P_neut(6)] = 0.0021072860
E[P_neut(7)] = 0.0019080507
E[P_neut(8)] = 0.0017005664
E[P_neut(9)] = 0.0012703802
E[P_neut(10)] = 0.0011433731
E[P_neut(11)] = 0.0010506643
E[P_neut(12)] = 0.0009287827
E[P_neut(13)] = 0.0010426348
E[P_neut(14)] = 0.0008897031
E[P_neut(15)] = 0.0007810861
E[P_neut(16)] = 0.0006708592
E[P_neut(17)] = 0.0006745765
E[P_neut(18)] = 0.0005753388
E[P_neut(19)] = 0.0005781697
E[P_neut(20)] = 0.0006153379
E[P_neut(21)] = 0.0005207270
E[P_neut(22)] = 0.0004112683
E[P_neut(23)] = 0.0004757645
E[P_neut(24)] = 0.0004985105
E[P_neut(25)] = 0.0004649391
E[P_neut(26)] = 0.0003957358
E[P_neut(27)] = 0.0004181872
E[P_neut(28)] = 0.0003553815
E[P_neut(29)] = 0.0003634599
E[P_neut(30)] = 0.0003143500
E[P_neut(31)] = 0.0004082449
E[P_neut(32)] = 0.0004020554
E[P_neut(33)] = 0.0003740923
E[P_neut(34)] = 0.0003243168
E[P_neut(35)] = 0.0002600089
E[P_neut(36)] = 0.0003690066
E[P_neut(37)] = 0.0003695045
E[P_neut(38)] = 0.0003701883
E[P_neut(39)] = 0.0003418462
E[P_neut(40)] = 0.0004224196
E[P_neut(41)] = 0.0002840981
E[P_neut(42)] = 0.0003788631
E[P_neut(43)] = 0.0004236697
E[P_neut(44)] = 0.0003874536
E[P_neut(45)] = 0.0004905549
E[P_neut(46)] = 0.0004749395
E[P_neut(47)] = 0.0005680445
E[P_neut(48)] = 0.0007083106
E[P_neut(49)] = 0.0008758949

---- Expected P_sel(i), 0 < i < n (selected SFS per site) 
E[P_sel(1)] = 0.0051696189
E[P_sel(2)] = 0.0016999614
E[P_sel(3)] = 0.0009060168
E[P_sel(4)] = 0.0006224707
E[P_sel(5)] = 0.0004581566
E[P_sel(6)] = 0.0003584218
E[P_sel(7)] = 0.0003093786
E[P_sel(8)] = 0.0002648544
E[P_sel(9)] = 0.0001911026
E[P_sel(10)] = 0.0001668044
E[P_sel(11)] = 0.0001491901
E[P_sel(12)] = 0.0001286977
E[P_sel(13)] = 0.0001413194
E[P_sel(14)] = 0.0001181687
E[P_sel(15)] = 0.0001018345
E[P_sel(16)] = 0.0000859580
E[P_sel(17)] = 0.0000850548
E[P_sel(18)] = 0.0000714577
E[P_sel(19)] = 0.0000708079
E[P_sel(20)] = 0.0000743768
E[P_sel(21)] = 0.0000621566
E[P_sel(22)] = 0.0000485135
E[P_sel(23)] = 0.0000554979
E[P_sel(24)] = 0.0000575378
E[P_sel(25)] = 0.0000531231
E[P_sel(26)] = 0.0000447840
E[P_sel(27)] = 0.0000468919
E[P_sel(28)] = 0.0000395016
E[P_sel(29)] = 0.0000400657
E[P_sel(30)] = 0.0000343837
E[P_sel(31)] = 0.0000443014
E[P_sel(32)] = 0.0000433099
E[P_sel(33)] = 0.0000400253
E[P_sel(34)] = 0.0000344747
E[P_sel(35)] = 0.0000274876
E[P_sel(36)] = 0.0000387497
E[P_sel(37)] = 0.0000385962
E[P_sel(38)] = 0.0000384375
E[P_sel(39)] = 0.0000353391
E[P_sel(40)] = 0.0000434252
E[P_sel(41)] = 0.0000291720
E[P_sel(42)] = 0.0000387500
E[P_sel(43)] = 0.0000431804
E[P_sel(44)] = 0.0000394761
E[P_sel(45)] = 0.0000498372
E[P_sel(46)] = 0.0000484981
E[P_sel(47)] = 0.0000583090
E[P_sel(48)] = 0.0000742468
E[P_sel(49)] = 0.0001018620

---- alpha_dfe = 0.049581

