---- Running command
---- ./polyDFE -d RevisionsCapsellaPolyDFE/express9_-0.233684324459439_PolyDFE.input -m C -i /home/jejames/ArabidopsisCrossGenome/model.txt 1 -e 
---- Performing inference using model C

---- Performing inference on RevisionsCapsellaPolyDFE/express9_-0.233684324459439_PolyDFE.input
----      with -i /home/jejames/ArabidopsisCrossGenome/model.txt 1
---- Data RevisionsCapsellaPolyDFE/express9_-0.233684324459439_PolyDFE.input does not contain divergence counts. Using option -w.
---- No mutation variability. Using Poisson likelihood.


---- Calculating initial values

-- Starting local optimization
-- Optimizing all parameters
  it        eps_an     theta_bar           S_d             b           p_b           S_b           r 2           r 3           r 4           r 5           r 6           r 7           r 8           r 9          r 10          r 11          r 12          r 13          r 14          r 15          r 16          r 17          r 18          r 19          r 20          r 21          r 22          r 23          r 24          r 25          r 26          r 27          r 28          r 29          r 30          r 31          r 32          r 33          r 34          r 35          r 36          r 37          r 38          r 39          r 40          r 41          r 42          r 43          r 44          r 45          r 46          r 47          r 48          r 49           ln lk          grad status 
   0           0.1 0.01572126031        -20000         0.406           0.1            20 0.94925564270 0.88290379382 0.93997118616 1.00968464863 0.84712662077 0.96086121338 0.94957579638 0.91916119737 0.70433808227 0.74659836721 0.86441491916 0.86153353609 0.76644789498 0.82359532575 0.88234352489 0.86673603329 0.77509204418 0.73907475588 0.83720185689 0.72106611173 0.85400992476 0.91123739394 0.84328477669 0.70033616135 1.06339042740 0.81038898671 0.81799263646 0.97718905074 1.12133824235 0.92796542340 0.92716503921 1.19649431727 1.20009604610 0.93564911157 1.14102769329 1.22010565071 1.27741315831 1.34848727389 1.02449175604 1.71954538178 1.83880262526 1.63478469665 2.09892748519 2.25828397630 2.73923483271 3.20882023371 4.34128381623             1 -3244.424974255 30.0507828756   -2 
1121 0.00762172212 0.01414807613 -613.27748884 0.33186762229 0.01975898021 1.77912524703 0.93857281064 0.86752544156 0.92359059654 0.93724397683 0.86896263328 0.93639419247 0.87779827275 0.85260907482 0.73943658025 0.78953439129 0.77926805961 0.87259161138 0.72792019128 0.79178016667 0.79417469400 0.82608783953 0.72427839605 0.68565776102 0.67190021070 0.60769927311 0.75442325555 0.73092640445 0.77338486654 0.61154930430 0.91117003888 0.66180051114 0.73661771071 0.84263348797 0.91192589762 0.83253255387 0.85928807313 0.97319240254 0.94257302410 0.81348113218 1.04651135482 0.95565482784 0.98240383377 0.93646833670 0.88681337853 1.26887432420 1.20014645361 1.00592120607 1.28026972726 1.06983446445 1.35803185603 1.66267763783 1.67675478916 2.08488235137 -302.3906044561 0.00015063533   -8 
-- Local optimization: reached maximum number of likelihood evaluations allowed.
---- Best joint likelihood found -302.390604456142512 with gradient 0.00015

---- Results for RevisionsCapsellaPolyDFE/express9_-0.233684324459439_PolyDFE.input 
--  Model: C
--        eps_an     theta_bar             a 
-- 0.00762172212 0.01414807613            -1 
--           S_d             b           p_b           S_b 
-- -613.27748884 0.33186762229 0.01975898021 1.77912524703 
--           r 2           r 3           r 4           r 5           r 6           r 7           r 8           r 9          r 10          r 11          r 12          r 13          r 14          r 15          r 16          r 17          r 18          r 19          r 20          r 21          r 22          r 23          r 24          r 25          r 26          r 27          r 28          r 29          r 30          r 31          r 32          r 33          r 34          r 35          r 36          r 37          r 38          r 39          r 40          r 41          r 42          r 43          r 44          r 45          r 46          r 47          r 48          r 49 
-- 0.93857281064 0.86752544156 0.92359059654 0.93724397683 0.86896263328 0.93639419247 0.87779827275 0.85260907482 0.73943658025 0.78953439129 0.77926805961 0.87259161138 0.72792019128 0.79178016667 0.79417469400 0.82608783953 0.72427839605 0.68565776102 0.67190021070 0.60769927311 0.75442325555 0.73092640445 0.77338486654 0.61154930430 0.91117003888 0.66180051114 0.73661771071 0.84263348797 0.91192589762 0.83253255387 0.85928807313 0.97319240254 0.94257302410 0.81348113218 1.04651135482 0.95565482784 0.98240383377 0.93646833670 0.88681337853 1.26887432420 1.20014645361 1.00592120607 1.28026972726 1.06983446445 1.35803185603 1.66267763783 1.67675478916 2.08488235137 

---- Expected P_neut(i), 0 < i < n (neutral SFS per site) 
E[P_neut(1)] = 0.0140448316
E[P_neut(2)] = 0.0065926622
E[P_neut(3)] = 0.0040639042
E[P_neut(4)] = 0.0032450427
E[P_neut(5)] = 0.0026343903
E[P_neut(6)] = 0.0020365454
E[P_neut(7)] = 0.0018806944
E[P_neut(8)] = 0.0015436440
E[P_neut(9)] = 0.0013334304
E[P_neut(10)] = 0.0010405776
E[P_neut(11)] = 0.0010103397
E[P_neut(12)] = 0.0009145472
E[P_neut(13)] = 0.0009452004
E[P_neut(14)] = 0.0007331473
E[P_neut(15)] = 0.0007436254
E[P_neut(16)] = 0.0006998898
E[P_neut(17)] = 0.0006854433
E[P_neut(18)] = 0.0005678425
E[P_neut(19)] = 0.0005095697
E[P_neut(20)] = 0.0004749600
E[P_neut(21)] = 0.0004094306
E[P_neut(22)] = 0.0004843044
E[P_neut(23)] = 0.0004488337
E[P_neut(24)] = 0.0004562170
E[P_neut(25)] = 0.0003460898
E[P_neut(26)] = 0.0004955152
E[P_neut(27)] = 0.0003475691
E[P_neut(28)] = 0.0003730654
E[P_neut(29)] = 0.0004110784
E[P_neut(30)] = 0.0004304114
E[P_neut(31)] = 0.0003809546
E[P_neut(32)] = 0.0003813581
E[P_neut(33)] = 0.0004192963
E[P_neut(34)] = 0.0003945863
E[P_neut(35)] = 0.0003320198
E[P_neut(36)] = 0.0004137532
E[P_neut(37)] = 0.0003698765
E[P_neut(38)] = 0.0003699812
E[P_neut(39)] = 0.0003448742
E[P_neut(40)] = 0.0003192504
E[P_neut(41)] = 0.0004447351
E[P_neut(42)] = 0.0004130307
E[P_neut(43)] = 0.0003428755
E[P_neut(44)] = 0.0004241466
E[P_neut(45)] = 0.0003540073
E[P_neut(46)] = 0.0004394004
E[P_neut(47)] = 0.0005278719
E[P_neut(48)] = 0.0005410637
E[P_neut(49)] = 0.0007052257

---- Expected P_sel(i), 0 < i < n (selected SFS per site) 
E[P_sel(1)] = 0.0055422700
E[P_sel(2)] = 0.0019116385
E[P_sel(3)] = 0.0010118262
E[P_sel(4)] = 0.0007334547
E[P_sel(5)] = 0.0005553816
E[P_sel(6)] = 0.0004067845
E[P_sel(7)] = 0.0003597027
E[P_sel(8)] = 0.0002846951
E[P_sel(9)] = 0.0002384337
E[P_sel(10)] = 0.0001811753
E[P_sel(11)] = 0.0001718283
E[P_sel(12)] = 0.0001523261
E[P_sel(13)] = 0.0001545371
E[P_sel(14)] = 0.0001178570
E[P_sel(15)] = 0.0001177605
E[P_sel(16)] = 0.0001093080
E[P_sel(17)] = 0.0001057123
E[P_sel(18)] = 0.0000865716
E[P_sel(19)] = 0.0000768702
E[P_sel(20)] = 0.0000709544
E[P_sel(21)] = 0.0000606221
E[P_sel(22)] = 0.0000711302
E[P_sel(23)] = 0.0000654264
E[P_sel(24)] = 0.0000660424
E[P_sel(25)] = 0.0000497847
E[P_sel(26)] = 0.0000708672
E[P_sel(27)] = 0.0000494495
E[P_sel(28)] = 0.0000528241
E[P_sel(29)] = 0.0000579491
E[P_sel(30)] = 0.0000604414
E[P_sel(31)] = 0.0000533191
E[P_sel(32)] = 0.0000532207
E[P_sel(33)] = 0.0000583713
E[P_sel(34)] = 0.0000548203
E[P_sel(35)] = 0.0000460716
E[P_sel(36)] = 0.0000573070
E[P_sel(37)] = 0.0000512395
E[P_sel(38)] = 0.0000512284
E[P_sel(39)] = 0.0000477938
E[P_sel(40)] = 0.0000442993
E[P_sel(41)] = 0.0000617487
E[P_sel(42)] = 0.0000575514
E[P_sel(43)] = 0.0000481416
E[P_sel(44)] = 0.0000596574
E[P_sel(45)] = 0.0000505509
E[P_sel(46)] = 0.0000632536
E[P_sel(47)] = 0.0000770219
E[P_sel(48)] = 0.0000833014
E[P_sel(49)] = 0.0001264801

---- alpha_dfe = 0.317220

