---- Running command
---- ./polyDFE -d RevisionsCapsellaPolyDFE/express4_-1.3659737764318_PolyDFE.input -m C -i /home/jejames/ArabidopsisCrossGenome/model.txt 1 -e 
---- Performing inference using model C

---- Performing inference on RevisionsCapsellaPolyDFE/express4_-1.3659737764318_PolyDFE.input
----      with -i /home/jejames/ArabidopsisCrossGenome/model.txt 1
---- Data RevisionsCapsellaPolyDFE/express4_-1.3659737764318_PolyDFE.input does not contain divergence counts. Using option -w.
---- No mutation variability. Using Poisson likelihood.


---- Calculating initial values

-- Starting local optimization
-- Optimizing all parameters
  it        eps_an     theta_bar           S_d             b           p_b           S_b           r 2           r 3           r 4           r 5           r 6           r 7           r 8           r 9          r 10          r 11          r 12          r 13          r 14          r 15          r 16          r 17          r 18          r 19          r 20          r 21          r 22          r 23          r 24          r 25          r 26          r 27          r 28          r 29          r 30          r 31          r 32          r 33          r 34          r 35          r 36          r 37          r 38          r 39          r 40          r 41          r 42          r 43          r 44          r 45          r 46          r 47          r 48          r 49           ln lk          grad status 
   0           0.1 0.01652476461        -80000         0.208           0.1            20 0.90703654640 0.81212499025 0.84999610379 0.90314034130 0.82054079326 0.98457102781 0.74682459284 0.85280137146 0.74885061949 0.72430452739 0.88646458349 0.92386815241 0.68619964154 0.75157796306 0.82163173069 0.87298371386 0.93976466921 0.84984025559 0.77924101924 0.86729525442 0.64973116184 0.92121873295 0.67513441907 0.66235486636 0.74760383386 0.81212499025 0.80947557079 0.83612561365 1.16886152887 1.07737863321 1.07223564248 1.05688459440 0.87695784306 0.94638821787 1.29322839554 1.29166991350 1.10153510480 0.98768799189 1.27483830748 1.48242811501 1.77386425621 1.89316605626 2.31434582716 2.18109561287 2.51990960804 3.46466141977 4.71284968440             1 -3212.893679594 49.7243658828   -2 
 600 0.00415704235 0.01480869246 -874.47261431 0.26654358571 0.00288087544 10.3820624129 0.87698771904 0.84858144077 0.81374155536 0.85690265622 0.80540647878 0.89770029887 0.84065642766 0.84210263158 0.73694712768 0.73174571436 0.74590935531 0.82930549086 0.66609314394 0.75398404552 0.67728159834 0.77710483534 0.80551535112 0.77871981795 0.64686718871 0.81718799100 0.65540082903 0.86482900805 0.59333457912 0.68090105739 0.61472300707 0.71629943805 0.72264951008 0.88077733450 0.86453067170 0.81698851110 0.91089266875 0.87223766959 0.75879347700 0.83938974337 1.09076036312 1.01120557794 0.72157565837 0.78873329170 0.95890572198 1.06515107583 1.21221738407 1.34270539039 1.46422781375 1.22197387853 1.35309520108 2.03859769363 2.35833645787 2.56332430024 -314.1599720925 0.00113041967   -8 
-- Local optimization: reached maximum number of likelihood evaluations allowed.
---- Best joint likelihood found -314.159972092593193 with gradient 0.00113

---- Results for RevisionsCapsellaPolyDFE/express4_-1.3659737764318_PolyDFE.input 
--  Model: C
--        eps_an     theta_bar             a 
-- 0.00415704235 0.01480869246            -1 
--           S_d             b           p_b           S_b 
-- -874.47261431 0.26654358571 0.00288087544 10.3820624129 
--           r 2           r 3           r 4           r 5           r 6           r 7           r 8           r 9          r 10          r 11          r 12          r 13          r 14          r 15          r 16          r 17          r 18          r 19          r 20          r 21          r 22          r 23          r 24          r 25          r 26          r 27          r 28          r 29          r 30          r 31          r 32          r 33          r 34          r 35          r 36          r 37          r 38          r 39          r 40          r 41          r 42          r 43          r 44          r 45          r 46          r 47          r 48          r 49 
-- 0.87698771904 0.84858144077 0.81374155536 0.85690265622 0.80540647878 0.89770029887 0.84065642766 0.84210263158 0.73694712768 0.73174571436 0.74590935531 0.82930549086 0.66609314394 0.75398404552 0.67728159834 0.77710483534 0.80551535112 0.77871981795 0.64686718871 0.81718799100 0.65540082903 0.86482900805 0.59333457912 0.68090105739 0.61472300707 0.71629943805 0.72264951008 0.88077733450 0.86453067170 0.81698851110 0.91089266875 0.87223766959 0.75879347700 0.83938974337 1.09076036312 1.01120557794 0.72157565837 0.78873329170 0.95890572198 1.06515107583 1.21221738407 1.34270539039 1.46422781375 1.22197387853 1.35309520108 2.03859769363 2.35833645787 2.56332430024 

---- Expected P_neut(i), 0 < i < n (neutral SFS per site) 
E[P_neut(1)] = 0.0147503525
E[P_neut(2)] = 0.0064695515
E[P_neut(3)] = 0.0041740510
E[P_neut(4)] = 0.0030018994
E[P_neut(5)] = 0.0025290430
E[P_neut(6)] = 0.0019816212
E[P_neut(7)] = 0.0018931373
E[P_neut(8)] = 0.0015514357
E[P_neut(9)] = 0.0013814436
E[P_neut(10)] = 0.0010882614
E[P_neut(11)] = 0.0009822587
E[P_neut(12)] = 0.0009178376
E[P_neut(13)] = 0.0009424423
E[P_neut(14)] = 0.0007035055
E[P_neut(15)] = 0.0007427499
E[P_neut(16)] = 0.0006256214
E[P_neut(17)] = 0.0006757488
E[P_neut(18)] = 0.0006616991
E[P_neut(19)] = 0.0006060373
E[P_neut(20)] = 0.0004787458
E[P_neut(21)] = 0.0005757354
E[P_neut(22)] = 0.0004409198
E[P_neut(23)] = 0.0005561439
E[P_neut(24)] = 0.0003660381
E[P_neut(25)] = 0.0004033302
E[P_neut(26)] = 0.0003501912
E[P_neut(27)] = 0.0003935504
E[P_neut(28)] = 0.0003824414
E[P_neut(29)] = 0.0004502900
E[P_neut(30)] = 0.0004269693
E[P_neut(31)] = 0.0003911759
E[P_neut(32)] = 0.0004225378
E[P_neut(33)] = 0.0003926021
E[P_neut(34)] = 0.0003317243
E[P_neut(35)] = 0.0003567684
E[P_neut(36)] = 0.0004497508
E[P_neut(37)] = 0.0004069645
E[P_neut(38)] = 0.0002838574
E[P_neut(39)] = 0.0003023401
E[P_neut(40)] = 0.0003580644
E[P_neut(41)] = 0.0003888801
E[P_neut(42)] = 0.0004321053
E[P_neut(43)] = 0.0004683843
E[P_neut(44)] = 0.0004990172
E[P_neut(45)] = 0.0004110083
E[P_neut(46)] = 0.0004463121
E[P_neut(47)] = 0.0006570613
E[P_neut(48)] = 0.0007515501
E[P_neut(49)] = 0.0008330233

---- Expected P_sel(i), 0 < i < n (selected SFS per site) 
E[P_sel(1)] = 0.0059062973
E[P_sel(2)] = 0.0019831268
E[P_sel(3)] = 0.0011226152
E[P_sel(4)] = 0.0007423498
E[P_sel(5)] = 0.0005882754
E[P_sel(6)] = 0.0004393550
E[P_sel(7)] = 0.0004036478
E[P_sel(8)] = 0.0003200614
E[P_sel(9)] = 0.0002770159
E[P_sel(10)] = 0.0002128532
E[P_sel(11)] = 0.0001879247
E[P_sel(12)] = 0.0001721489
E[P_sel(13)] = 0.0001735982
E[P_sel(14)] = 0.0001274601
E[P_sel(15)] = 0.0001325738
E[P_sel(16)] = 0.0001101235
E[P_sel(17)] = 0.0001174221
E[P_sel(18)] = 0.0001136088
E[P_sel(19)] = 0.0001028953
E[P_sel(20)] = 0.0000804316
E[P_sel(21)] = 0.0000957864
E[P_sel(22)] = 0.0000726837
E[P_sel(23)] = 0.0000908901
E[P_sel(24)] = 0.0000593348
E[P_sel(25)] = 0.0000648810
E[P_sel(26)] = 0.0000559286
E[P_sel(27)] = 0.0000624320
E[P_sel(28)] = 0.0000602832
E[P_sel(29)] = 0.0000705585
E[P_sel(30)] = 0.0000665297
E[P_sel(31)] = 0.0000606474
E[P_sel(32)] = 0.0000651982
E[P_sel(33)] = 0.0000603192
E[P_sel(34)] = 0.0000507692
E[P_sel(35)] = 0.0000544165
E[P_sel(36)] = 0.0000683583
E[P_sel(37)] = 0.0000617318
E[P_sel(38)] = 0.0000430074
E[P_sel(39)] = 0.0000457428
E[P_sel(40)] = 0.0000541163
E[P_sel(41)] = 0.0000588092
E[P_sel(42)] = 0.0000654033
E[P_sel(43)] = 0.0000710801
E[P_sel(44)] = 0.0000759592
E[P_sel(45)] = 0.0000631643
E[P_sel(46)] = 0.0000692125
E[P_sel(47)] = 0.0001029616
E[P_sel(48)] = 0.0001209465
E[P_sel(49)] = 0.0001473711

---- alpha_dfe = 0.184990

