---- Running command
---- ./polyDFE -d RevisionsCapsellaPolyDFE/express7_-0.610839542353423_PolyDFE.input -m C -i /home/jejames/ArabidopsisCrossGenome/model.txt 1 -e 
---- Performing inference using model C

---- Performing inference on RevisionsCapsellaPolyDFE/express7_-0.610839542353423_PolyDFE.input
----      with -i /home/jejames/ArabidopsisCrossGenome/model.txt 1
---- Data RevisionsCapsellaPolyDFE/express7_-0.610839542353423_PolyDFE.input does not contain divergence counts. Using option -w.
---- No mutation variability. Using Poisson likelihood.


---- Calculating initial values

-- Starting local optimization
-- Optimizing all parameters
  it        eps_an     theta_bar           S_d             b           p_b           S_b           r 2           r 3           r 4           r 5           r 6           r 7           r 8           r 9          r 10          r 11          r 12          r 13          r 14          r 15          r 16          r 17          r 18          r 19          r 20          r 21          r 22          r 23          r 24          r 25          r 26          r 27          r 28          r 29          r 30          r 31          r 32          r 33          r 34          r 35          r 36          r 37          r 38          r 39          r 40          r 41          r 42          r 43          r 44          r 45          r 46          r 47          r 48          r 49           ln lk          grad status 
   0           0.1 0.01470849336        -80000         0.208           0.1            20 0.89755400254 0.96466010165 0.86499364675 0.93789707750 1.02493646759 0.80773506988 0.82465057179 0.97633418043 0.74253494282 0.74690279542 0.96632782719 0.82798602287 0.90946632782 0.85887865311 1.00508259212 0.69528271918 1.03494282083 0.68956480304 0.70044472681 0.85387547649 0.81242058449 0.87126747141 0.97395171537 1.03240152477 0.74126429479 0.97133100381 0.94504447268 0.84752223634 0.87912960609 0.67209339263 0.90470139771 1.03518106734 1.29336086404 1.35919631512 0.92058449809 0.99317026683 1.46664548919 1.53311626429 1.31829733163 1.47824015247 1.87452350698 1.49229669631 1.95330368487 2.49444091486 2.43662642947 3.13905654383 3.88437102922             1 -3151.390454123 45.6113725106   -2 
 899 0.00767472011 0.01313672660 -591.20908018 0.29289400093 0.00744624376 12.9507339063 0.88323987274 0.96785370277 0.92336564375 0.94029226459 0.93412458666 0.84314831197 0.86609833286 0.87630592403 0.74474775892 0.76361517506 0.90683448343 0.77633251969 0.78122585180 0.81138339690 0.83903354787 0.71778311870 0.93959321168 0.74884304732 0.63555723399 0.79090534159 0.77641145436 0.69905678582 0.69318398997 0.79569641896 0.66725177595 0.90875555516 0.79041645201 0.72204626444 0.74935648861 0.70786825982 0.84936625258 0.92075375724 0.94625451286 1.10604534936 0.69650663559 0.72952741583 0.99914286242 1.20507799864 0.96300413878 1.18041992603 1.34037858164 1.07431886173 1.04302286900 1.41121642966 1.25713407078 1.31527905144 1.46542140211 1.75081295847 -318.8350177711 0.00110447959   -8 
-- Local optimization: reached maximum number of likelihood evaluations allowed.
---- Best joint likelihood found -318.835017771139519 with gradient 0.00110

---- Results for RevisionsCapsellaPolyDFE/express7_-0.610839542353423_PolyDFE.input 
--  Model: C
--        eps_an     theta_bar             a 
-- 0.00767472011 0.01313672660            -1 
--           S_d             b           p_b           S_b 
-- -591.20908018 0.29289400093 0.00744624376 12.9507339063 
--           r 2           r 3           r 4           r 5           r 6           r 7           r 8           r 9          r 10          r 11          r 12          r 13          r 14          r 15          r 16          r 17          r 18          r 19          r 20          r 21          r 22          r 23          r 24          r 25          r 26          r 27          r 28          r 29          r 30          r 31          r 32          r 33          r 34          r 35          r 36          r 37          r 38          r 39          r 40          r 41          r 42          r 43          r 44          r 45          r 46          r 47          r 48          r 49 
-- 0.88323987274 0.96785370277 0.92336564375 0.94029226459 0.93412458666 0.84314831197 0.86609833286 0.87630592403 0.74474775892 0.76361517506 0.90683448343 0.77633251969 0.78122585180 0.81138339690 0.83903354787 0.71778311870 0.93959321168 0.74884304732 0.63555723399 0.79090534159 0.77641145436 0.69905678582 0.69318398997 0.79569641896 0.66725177595 0.90875555516 0.79041645201 0.72204626444 0.74935648861 0.70786825982 0.84936625258 0.92075375724 0.94625451286 1.10604534936 0.69650663559 0.72952741583 0.99914286242 1.20507799864 0.96300413878 1.18041992603 1.34037858164 1.07431886173 1.04302286900 1.41121642966 1.25713407078 1.31527905144 1.46542140211 1.75081295847 

---- Expected P_neut(i), 0 < i < n (neutral SFS per site) 
E[P_neut(1)] = 0.0130395083
E[P_neut(2)] = 0.0057599940
E[P_neut(3)] = 0.0042084380
E[P_neut(4)] = 0.0030119822
E[P_neut(5)] = 0.0024546741
E[P_neut(6)] = 0.0020319167
E[P_neut(7)] = 0.0015726906
E[P_neut(8)] = 0.0014145146
E[P_neut(9)] = 0.0012721740
E[P_neut(10)] = 0.0009732734
E[P_neut(11)] = 0.0009080622
E[P_neut(12)] = 0.0009877683
E[P_neut(13)] = 0.0007804646
E[P_neut(14)] = 0.0007293782
E[P_neut(15)] = 0.0007083272
E[P_neut(16)] = 0.0006864036
E[P_neut(17)] = 0.0005532221
E[P_neut(18)] = 0.0006831454
E[P_neut(19)] = 0.0005160836
E[P_neut(20)] = 0.0004167716
E[P_neut(21)] = 0.0004934706
E[P_neut(22)] = 0.0004629018
E[P_neut(23)] = 0.0003996038
E[P_neut(24)] = 0.0003790991
E[P_neut(25)] = 0.0004181139
E[P_neut(26)] = 0.0003374593
E[P_neut(27)] = 0.0004418218
E[P_neut(28)] = 0.0003715508
E[P_neut(29)] = 0.0003283670
E[P_neut(30)] = 0.0003288219
E[P_neut(31)] = 0.0003016415
E[P_neut(32)] = 0.0003512709
E[P_neut(33)] = 0.0003679799
E[P_neut(34)] = 0.0003680895
E[P_neut(35)] = 0.0004174051
E[P_neut(36)] = 0.0002578370
E[P_neut(37)] = 0.0002630492
E[P_neut(38)] = 0.0003503751
E[P_neut(39)] = 0.0004098011
E[P_neut(40)] = 0.0003213494
E[P_neut(41)] = 0.0003851299
E[P_neut(42)] = 0.0004269401
E[P_neut(43)] = 0.0003378350
E[P_neut(44)] = 0.0003247135
E[P_neut(45)] = 0.0004277710
E[P_neut(46)] = 0.0003795319
E[P_neut(47)] = 0.0003973320
E[P_neut(48)] = 0.0004425056
E[P_neut(49)] = 0.0005666050

---- Expected P_sel(i), 0 < i < n (selected SFS per site) 
E[P_sel(1)] = 0.0054768972
E[P_sel(2)] = 0.0018256319
E[P_sel(3)] = 0.0011589827
E[P_sel(4)] = 0.0007578591
E[P_sel(5)] = 0.0005783854
E[P_sel(6)] = 0.0004549665
E[P_sel(7)] = 0.0003377857
E[P_sel(8)] = 0.0002933758
E[P_sel(9)] = 0.0002560996
E[P_sel(10)] = 0.0001908936
E[P_sel(11)] = 0.0001740360
E[P_sel(12)] = 0.0001855025
E[P_sel(13)] = 0.0001439030
E[P_sel(14)] = 0.0001322617
E[P_sel(15)] = 0.0001264874
E[P_sel(16)] = 0.0001208974
E[P_sel(17)] = 0.0000962059
E[P_sel(18)] = 0.0001174405
E[P_sel(19)] = 0.0000877744
E[P_sel(20)] = 0.0000701840
E[P_sel(21)] = 0.0000823577
E[P_sel(22)] = 0.0000766148
E[P_sel(23)] = 0.0000656344
E[P_sel(24)] = 0.0000618393
E[P_sel(25)] = 0.0000677755
E[P_sel(26)] = 0.0000543932
E[P_sel(27)] = 0.0000708532
E[P_sel(28)] = 0.0000593244
E[P_sel(29)] = 0.0000522344
E[P_sel(30)] = 0.0000521345
E[P_sel(31)] = 0.0000477149
E[P_sel(32)] = 0.0000554714
E[P_sel(33)] = 0.0000580236
E[P_sel(34)] = 0.0000580354
E[P_sel(35)] = 0.0000658273
E[P_sel(36)] = 0.0000407689
E[P_sel(37)] = 0.0000417017
E[P_sel(38)] = 0.0000557324
E[P_sel(39)] = 0.0000654377
E[P_sel(40)] = 0.0000517057
E[P_sel(41)] = 0.0000625023
E[P_sel(42)] = 0.0000699977
E[P_sel(43)] = 0.0000562719
E[P_sel(44)] = 0.0000551972
E[P_sel(45)] = 0.0000741240
E[P_sel(46)] = 0.0000680383
E[P_sel(47)] = 0.0000746697
E[P_sel(48)] = 0.0000891012
E[P_sel(49)] = 0.0001377818

---- alpha_dfe = 0.436620

