---- Running command
---- ./polyDFE -d RevisionsCapsellaPolyDFE/express5_-1.08063551432112_PolyDFE.input -m C -i /home/jejames/ArabidopsisCrossGenome/model.txt 1 -e 
---- Performing inference using model C

---- Performing inference on RevisionsCapsellaPolyDFE/express5_-1.08063551432112_PolyDFE.input
----      with -i /home/jejames/ArabidopsisCrossGenome/model.txt 1
---- Data RevisionsCapsellaPolyDFE/express5_-1.08063551432112_PolyDFE.input does not contain divergence counts. Using option -w.
---- No mutation variability. Using Poisson likelihood.


---- Calculating initial values

-- Starting local optimization
-- Optimizing all parameters
  it        eps_an     theta_bar           S_d             b           p_b           S_b           r 2           r 3           r 4           r 5           r 6           r 7           r 8           r 9          r 10          r 11          r 12          r 13          r 14          r 15          r 16          r 17          r 18          r 19          r 20          r 21          r 22          r 23          r 24          r 25          r 26          r 27          r 28          r 29          r 30          r 31          r 32          r 33          r 34          r 35          r 36          r 37          r 38          r 39          r 40          r 41          r 42          r 43          r 44          r 45          r 46          r 47          r 48          r 49           ln lk          grad status 
   0           0.1 0.01682198997        -80000         0.208           0.1            20 0.90803332809 0.88688885395 0.87596289891 0.90709008017 0.73196038358 0.79507939003 0.78981292249 0.84892312529 0.93931771734 0.76002200911 0.73573337525 0.89718597704 0.93538751768 0.74398679452 0.71561075302 0.92068857097 0.94371954095 1.08277000471 0.85049520515 0.86660902373 0.68998585128 1.03592202483 0.74327935859 0.96289891526 0.87061782738 0.92744851438 0.86055651627 0.74084263480 0.91730859927 1.08434208457 1.41612953938 1.14392391133 1.07168684169 1.09770476340 1.27338468794 1.11098883823 1.13504166011 1.19863229052 1.36770947964 1.28910548655 1.66388932557 1.77448514384 1.82612796730 2.16475396950 2.14777550699 2.98875962898 4.46722213488             1 -3120.630427520 48.3878985032   -2 
1079 0.00013572408 0.01510152323 -886.54391207 0.27190896432 0.00406727941 6.35714114113 0.86346794557 0.88977805027 0.86613770707 0.82565040675 0.71676473520 0.85744721775 0.80472989281 0.84950921922 0.83641810751 0.86147453427 0.77541558073 0.79571939566 0.83549965419 0.74588596994 0.71076879405 0.73884569533 0.75714735817 0.83388979747 0.82447256650 0.82619685668 0.61539129154 0.94001831440 0.65604568856 0.85168279841 0.79084659286 0.72189276204 0.72710459009 0.71823288033 0.85828269293 0.82330868019 1.13540018313 0.85160658839 0.95086252995 0.87616532750 0.90225608297 0.83378233936 0.87318181660 0.81373268795 1.12473050543 0.96068008266 1.09166047112 1.19042778166 1.23609252359 1.30086282232 1.28828539315 1.59212569511 2.02631334072 3.33418886985 -318.1214320720 0.00035959222   -3 
-- Local optimization: stuck in the same solution
---- Best joint likelihood found -318.121432072059520 with gradient 0.00036

---- Results for RevisionsCapsellaPolyDFE/express5_-1.08063551432112_PolyDFE.input 
--  Model: C
--        eps_an     theta_bar             a 
-- 0.00013572408 0.01510152323            -1 
--           S_d             b           p_b           S_b 
-- -886.54391207 0.27190896432 0.00406727941 6.35714114113 
--           r 2           r 3           r 4           r 5           r 6           r 7           r 8           r 9          r 10          r 11          r 12          r 13          r 14          r 15          r 16          r 17          r 18          r 19          r 20          r 21          r 22          r 23          r 24          r 25          r 26          r 27          r 28          r 29          r 30          r 31          r 32          r 33          r 34          r 35          r 36          r 37          r 38          r 39          r 40          r 41          r 42          r 43          r 44          r 45          r 46          r 47          r 48          r 49 
-- 0.86346794557 0.88977805027 0.86613770707 0.82565040675 0.71676473520 0.85744721775 0.80472989281 0.84950921922 0.83641810751 0.86147453427 0.77541558073 0.79571939566 0.83549965419 0.74588596994 0.71076879405 0.73884569533 0.75714735817 0.83388979747 0.82447256650 0.82619685668 0.61539129154 0.94001831440 0.65604568856 0.85168279841 0.79084659286 0.72189276204 0.72710459009 0.71823288033 0.85828269293 0.82330868019 1.13540018313 0.85160658839 0.95086252995 0.87616532750 0.90225608297 0.83378233936 0.87318181660 0.81373268795 1.12473050543 0.96068008266 1.09166047112 1.19042778166 1.23609252359 1.30086282232 1.28828539315 1.59212569511 2.02631334072 3.33418886985 

---- Expected P_neut(i), 0 < i < n (neutral SFS per site) 
E[P_neut(1)] = 0.0150996131
E[P_neut(2)] = 0.0065190422
E[P_neut(3)] = 0.0044784628
E[P_neut(4)] = 0.0032696133
E[P_neut(5)] = 0.0024934366
E[P_neut(6)] = 0.0018038526
E[P_neut(7)] = 0.0018496284
E[P_neut(8)] = 0.0015189280
E[P_neut(9)] = 0.0014252860
E[P_neut(10)] = 0.0012630049
E[P_neut(11)] = 0.0011825711
E[P_neut(12)] = 0.0009757444
E[P_neut(13)] = 0.0009242726
E[P_neut(14)] = 0.0009011660
E[P_neut(15)] = 0.0007508837
E[P_neut(16)] = 0.0006708220
E[P_neut(17)] = 0.0006562988
E[P_neut(18)] = 0.0006352131
E[P_neut(19)] = 0.0006627543
E[P_neut(20)] = 0.0006225137
E[P_neut(21)] = 0.0005941049
E[P_neut(22)] = 0.0004224207
E[P_neut(23)] = 0.0006171757
E[P_neut(24)] = 0.0004128100
E[P_neut(25)] = 0.0005144683
E[P_neut(26)] = 0.0004593394
E[P_neut(27)] = 0.0004037949
E[P_neut(28)] = 0.0003921608
E[P_neut(29)] = 0.0003740440
E[P_neut(30)] = 0.0004320717
E[P_neut(31)] = 0.0004011070
E[P_neut(32)] = 0.0005358345
E[P_neut(33)] = 0.0003897500
E[P_neut(34)] = 0.0004223712
E[P_neut(35)] = 0.0003780915
E[P_neut(36)] = 0.0003785554
E[P_neut(37)] = 0.0003403869
E[P_neut(38)] = 0.0003470952
E[P_neut(39)] = 0.0003152101
E[P_neut(40)] = 0.0004247424
E[P_neut(41)] = 0.0003539926
E[P_neut(42)] = 0.0003926704
E[P_neut(43)] = 0.0004182704
E[P_neut(44)] = 0.0004244345
E[P_neut(45)] = 0.0004368350
E[P_neut(46)] = 0.0004233228
E[P_neut(47)] = 0.0005121028
E[P_neut(48)] = 0.0006383071
E[P_neut(49)] = 0.0010294884

---- Expected P_sel(i), 0 < i < n (selected SFS per site) 
E[P_sel(1)] = 0.0059627371
E[P_sel(2)] = 0.0019614039
E[P_sel(3)] = 0.0011797444
E[P_sel(4)] = 0.0007909004
E[P_sel(5)] = 0.0005668405
E[P_sel(6)] = 0.0003906664
E[P_sel(7)] = 0.0003850334
E[P_sel(8)] = 0.0003058288
E[P_sel(9)] = 0.0002788591
E[P_sel(10)] = 0.0002409780
E[P_sel(11)] = 0.0002206578
E[P_sel(12)] = 0.0001784609
E[P_sel(13)] = 0.0001660158
E[P_sel(14)] = 0.0001592177
E[P_sel(15)] = 0.0001306744
E[P_sel(16)] = 0.0001151252
E[P_sel(17)] = 0.0001111890
E[P_sel(18)] = 0.0001063339
E[P_sel(19)] = 0.0001097124
E[P_sel(20)] = 0.0001019812
E[P_sel(21)] = 0.0000963813
E[P_sel(22)] = 0.0000679043
E[P_sel(23)] = 0.0000983625
E[P_sel(24)] = 0.0000652627
E[P_sel(25)] = 0.0000807198
E[P_sel(26)] = 0.0000715587
E[P_sel(27)] = 0.0000624867
E[P_sel(28)] = 0.0000603073
E[P_sel(29)] = 0.0000571854
E[P_sel(30)] = 0.0000656969
E[P_sel(31)] = 0.0000606801
E[P_sel(32)] = 0.0000806820
E[P_sel(33)] = 0.0000584340
E[P_sel(34)] = 0.0000630772
E[P_sel(35)] = 0.0000562667
E[P_sel(36)] = 0.0000561617
E[P_sel(37)] = 0.0000503649
E[P_sel(38)] = 0.0000512441
E[P_sel(39)] = 0.0000464580
E[P_sel(40)] = 0.0000625251
E[P_sel(41)] = 0.0000520807
E[P_sel(42)] = 0.0000577726
E[P_sel(43)] = 0.0000615878
E[P_sel(44)] = 0.0000625943
E[P_sel(45)] = 0.0000645947
E[P_sel(46)] = 0.0000628402
E[P_sel(47)] = 0.0000764200
E[P_sel(48)] = 0.0000959489
E[P_sel(49)] = 0.0001565545

---- alpha_dfe = 0.172326

