---- Running command
---- ./polyDFE -d RevisionsCapsellaPolyDFE/express12_0.299455175490552_PolyDFE.input -m C -i /home/jejames/ArabidopsisCrossGenome/model.txt 1 -e 
---- Performing inference using model C

---- Performing inference on RevisionsCapsellaPolyDFE/express12_0.299455175490552_PolyDFE.input
----      with -i /home/jejames/ArabidopsisCrossGenome/model.txt 1
---- Data RevisionsCapsellaPolyDFE/express12_0.299455175490552_PolyDFE.input does not contain divergence counts. Using option -w.
---- No mutation variability. Using Poisson likelihood.


---- Calculating initial values

-- Starting local optimization
-- Optimizing all parameters
  it        eps_an     theta_bar           S_d             b           p_b           S_b           r 2           r 3           r 4           r 5           r 6           r 7           r 8           r 9          r 10          r 11          r 12          r 13          r 14          r 15          r 16          r 17          r 18          r 19          r 20          r 21          r 22          r 23          r 24          r 25          r 26          r 27          r 28          r 29          r 30          r 31          r 32          r 33          r 34          r 35          r 36          r 37          r 38          r 39          r 40          r 41          r 42          r 43          r 44          r 45          r 46          r 47          r 48          r 49           ln lk          grad status 
   0           0.1 0.01652438896        -20000         0.406           0.1            20 0.88004439863 0.81059224609 0.82835170062 0.99223023864 0.89241259018 0.92904146515 0.71798937604 0.94259890589 0.90779354634 0.87647665107 0.84769682074 0.82454610322 0.89574248790 0.68976452866 0.85118528502 0.84642828827 1.12027273448 0.83302941409 0.79600412273 0.70926821533 0.91397764211 0.88622849441 0.78966146039 0.81265361135 0.77301197177 0.80060255292 0.87909299928 0.72195353999 1.04178228811 1.02489494965 1.28121779116 0.97328153492 0.96773170538 1.16546420359 1.54982954094 0.93871402521 1.02132720209 1.49964322524 1.72837548561 1.71957504162 1.42519622611 1.72504558788 1.96749385554 2.16562277015 2.58209783556 3.10029334813 4.68088480139             1 -3145.992229628 39.8089497293   -2 
1216 0.00004765016 0.01498485721 -1172.3656816 0.30628338466 0.00138466104 4.95071290067 0.80174072616 0.80942800675 0.81439391886 0.91585385532 0.88187927513 0.86890756728 0.76315822773 0.90439117940 0.85694975108 0.80369941388 0.81077033006 0.73003675807 0.79176686689 0.67900634208 0.84397394945 0.85536376838 0.95123231329 0.75657388585 0.81824527705 0.70757955992 0.76448603515 0.75932632505 0.68304183466 0.74887832657 0.70794966219 0.69913986536 0.72699969455 0.56273056022 0.91094599545 0.76658281607 0.96081386558 0.75648986457 0.76468877687 0.92293811237 1.14120426067 0.71200347154 0.76901448449 1.27982557761 1.17912348363 1.22996888875 0.99699734221 1.12597753950 1.28138512154 1.37707934322 1.56519294207 1.59989632915 2.33487279336 3.45464785383 -302.1159152726 0.00008583059    0 
---- Best joint likelihood found -302.115915272662619 with gradient 0.00009

---- Results for RevisionsCapsellaPolyDFE/express12_0.299455175490552_PolyDFE.input 
--  Model: C
--        eps_an     theta_bar             a 
-- 0.00004765016 0.01498485721            -1 
--           S_d             b           p_b           S_b 
-- -1172.3656816 0.30628338466 0.00138466104 4.95071290067 
--           r 2           r 3           r 4           r 5           r 6           r 7           r 8           r 9          r 10          r 11          r 12          r 13          r 14          r 15          r 16          r 17          r 18          r 19          r 20          r 21          r 22          r 23          r 24          r 25          r 26          r 27          r 28          r 29          r 30          r 31          r 32          r 33          r 34          r 35          r 36          r 37          r 38          r 39          r 40          r 41          r 42          r 43          r 44          r 45          r 46          r 47          r 48          r 49 
-- 0.80174072616 0.80942800675 0.81439391886 0.91585385532 0.88187927513 0.86890756728 0.76315822773 0.90439117940 0.85694975108 0.80369941388 0.81077033006 0.73003675807 0.79176686689 0.67900634208 0.84397394945 0.85536376838 0.95123231329 0.75657388585 0.81824527705 0.70757955992 0.76448603515 0.75932632505 0.68304183466 0.74887832657 0.70794966219 0.69913986536 0.72699969455 0.56273056022 0.91094599545 0.76658281607 0.96081386558 0.75648986457 0.76468877687 0.92293811237 1.14120426067 0.71200347154 0.76901448449 1.27982557761 1.17912348363 1.22996888875 0.99699734221 1.12597753950 1.28138512154 1.37707934322 1.56519294207 1.59989632915 2.33487279336 3.45464785383 

---- Expected P_neut(i), 0 < i < n (neutral SFS per site) 
E[P_neut(1)] = 0.0149841935
E[P_neut(2)] = 0.0060067337
E[P_neut(3)] = 0.0040428860
E[P_neut(4)] = 0.0030507731
E[P_neut(5)] = 0.0027446789
E[P_neut(6)] = 0.0022023883
E[P_neut(7)] = 0.0018599952
E[P_neut(8)] = 0.0014294260
E[P_neut(9)] = 0.0015057466
E[P_neut(10)] = 0.0012840868
E[P_neut(11)] = 0.0010948186
E[P_neut(12)] = 0.0010124060
E[P_neut(13)] = 0.0008414734
E[P_neut(14)] = 0.0008474475
E[P_neut(15)] = 0.0006783074
E[P_neut(16)] = 0.0007904052
E[P_neut(17)] = 0.0007539513
E[P_neut(18)] = 0.0007918771
E[P_neut(19)] = 0.0005966814
E[P_neut(20)] = 0.0006130569
E[P_neut(21)] = 0.0005048935
E[P_neut(22)] = 0.0005207080
E[P_neut(23)] = 0.0004947078
E[P_neut(24)] = 0.0004264693
E[P_neut(25)] = 0.0004488734
E[P_neut(26)] = 0.0004080211
E[P_neut(27)] = 0.0003880240
E[P_neut(28)] = 0.0003890772
E[P_neut(29)] = 0.0002907839
E[P_neut(30)] = 0.0004550207
E[P_neut(31)] = 0.0003705635
E[P_neut(32)] = 0.0004499431
E[P_neut(33)] = 0.0003435315
E[P_neut(34)] = 0.0003370437
E[P_neut(35)] = 0.0003951591
E[P_neut(36)] = 0.0004750395
E[P_neut(37)] = 0.0002883850
E[P_neut(38)] = 0.0003032857
E[P_neut(39)] = 0.0004917724
E[P_neut(40)] = 0.0004417651
E[P_neut(41)] = 0.0004495847
E[P_neut(42)] = 0.0003557622
E[P_neut(43)] = 0.0003924563
E[P_neut(44)] = 0.0004364790
E[P_neut(45)] = 0.0004586720
E[P_neut(46)] = 0.0005099948
E[P_neut(47)] = 0.0005102581
E[P_neut(48)] = 0.0007291627
E[P_neut(49)] = 0.0010571413

---- Expected P_sel(i), 0 < i < n (selected SFS per site) 
E[P_sel(1)] = 0.0050443785
E[P_sel(2)] = 0.0014731006
E[P_sel(3)] = 0.0008505576
E[P_sel(4)] = 0.0005818447
E[P_sel(5)] = 0.0004873789
E[P_sel(6)] = 0.0003698475
E[P_sel(7)] = 0.0002984144
E[P_sel(8)] = 0.0002206768
E[P_sel(9)] = 0.0002248699
E[P_sel(10)] = 0.0001862615
E[P_sel(11)] = 0.0001547447
E[P_sel(12)] = 0.0001397995
E[P_sel(13)] = 0.0001137632
E[P_sel(14)] = 0.0001123746
E[P_sel(15)] = 0.0000883577
E[P_sel(16)] = 0.0001012758
E[P_sel(17)] = 0.0000951344
E[P_sel(18)] = 0.0000984986
E[P_sel(19)] = 0.0000732290
E[P_sel(20)] = 0.0000742946
E[P_sel(21)] = 0.0000604625
E[P_sel(22)] = 0.0000616585
E[P_sel(23)] = 0.0000579586
E[P_sel(24)] = 0.0000494611
E[P_sel(25)] = 0.0000515613
E[P_sel(26)] = 0.0000464417
E[P_sel(27)] = 0.0000437822
E[P_sel(28)] = 0.0000435374
E[P_sel(29)] = 0.0000322814
E[P_sel(30)] = 0.0000501328
E[P_sel(31)] = 0.0000405333
E[P_sel(32)] = 0.0000488774
E[P_sel(33)] = 0.0000370729
E[P_sel(34)] = 0.0000361450
E[P_sel(35)] = 0.0000421242
E[P_sel(36)] = 0.0000503522
E[P_sel(37)] = 0.0000304035
E[P_sel(38)] = 0.0000318119
E[P_sel(39)] = 0.0000513341
E[P_sel(40)] = 0.0000459074
E[P_sel(41)] = 0.0000465251
E[P_sel(42)] = 0.0000366747
E[P_sel(43)] = 0.0000403164
E[P_sel(44)] = 0.0000446990
E[P_sel(45)] = 0.0000468457
E[P_sel(46)] = 0.0000519700
E[P_sel(47)] = 0.0000519119
E[P_sel(48)] = 0.0000741047
E[P_sel(49)] = 0.0001074980

---- alpha_dfe = 0.070925

