---- Running command
---- ./polyDFE -d RevisionsCapsellaPolyDFE/express10_-0.0518951231123452_PolyDFE.input -m C -i /home/jejames/ArabidopsisCrossGenome/model.txt 1 -e 
---- Performing inference using model C

---- Performing inference on RevisionsCapsellaPolyDFE/express10_-0.0518951231123452_PolyDFE.input
----      with -i /home/jejames/ArabidopsisCrossGenome/model.txt 1
---- Data RevisionsCapsellaPolyDFE/express10_-0.0518951231123452_PolyDFE.input does not contain divergence counts. Using option -w.
---- No mutation variability. Using Poisson likelihood.


---- Calculating initial values

-- Starting local optimization
-- Optimizing all parameters
  it        eps_an     theta_bar           S_d             b           p_b           S_b           r 2           r 3           r 4           r 5           r 6           r 7           r 8           r 9          r 10          r 11          r 12          r 13          r 14          r 15          r 16          r 17          r 18          r 19          r 20          r 21          r 22          r 23          r 24          r 25          r 26          r 27          r 28          r 29          r 30          r 31          r 32          r 33          r 34          r 35          r 36          r 37          r 38          r 39          r 40          r 41          r 42          r 43          r 44          r 45          r 46          r 47          r 48          r 49           ln lk          grad status 
   0           0.1 0.01497381679        -20000         0.406           0.1            20 0.93505878639 0.85362581866 0.87366842894 0.88929219600 0.98571766748 0.96054604276 0.72721533969 1.01341434545 0.82300954785 0.92353823088 0.74141876430 0.81141008443 0.93348062810 0.86404166337 0.72342775980 0.73510613114 0.88913438017 0.79610194902 0.78592282805 0.78710644677 0.82632368026 0.73684210526 0.80675451747 0.86798705910 0.64420421368 0.79681212025 1.15773692101 0.81235697940 0.76225045372 0.92708908703 1.09587311607 0.96867355795 0.95778426576 1.13232857255 1.15047739288 1.39848496804 0.98050974512 1.40329835082 1.34774717904 1.43320445040 1.48473131855 1.80170441095 1.72903022173 2.15181882742 2.72958257713 3.16720587074 4.71553696835             1 -3130.432779767 31.8467458782   -2 
 814 0.00640552857 0.01326184882 -721.91129492 0.31315424019 0.00499875420 19.3499352067 0.95966451818 0.85813335449 0.88369507942 0.92425827879 0.96239777287 0.91120408670 0.78989104782 0.93084998579 0.82215523496 0.83983119853 0.78254130094 0.73166437778 0.84259037217 0.83704200036 0.71662108992 0.64632982062 0.80659864220 0.70405919631 0.73578262733 0.78472127898 0.81327293488 0.57533063884 0.72156631556 0.79774217907 0.63159159482 0.71965232398 1.05163174262 0.69410505094 0.66441614445 0.78671997173 0.86997172315 0.82367148406 0.89413640756 0.85400287371 0.77818199350 1.05478150982 0.78338394425 0.90754966753 0.94503171512 1.01503870542 0.99993788953 1.24073947560 0.97433369445 1.33951613761 1.54382190026 1.60617637755 2.17989358544 2.45244243214 -301.9012176052 0.00094002354   -3 
-- Local optimization: stuck in the same solution
---- Best joint likelihood found -301.901217605262730 with gradient 0.00094

---- Results for RevisionsCapsellaPolyDFE/express10_-0.0518951231123452_PolyDFE.input 
--  Model: C
--        eps_an     theta_bar             a 
-- 0.00640552857 0.01326184882            -1 
--           S_d             b           p_b           S_b 
-- -721.91129492 0.31315424019 0.00499875420 19.3499352067 
--           r 2           r 3           r 4           r 5           r 6           r 7           r 8           r 9          r 10          r 11          r 12          r 13          r 14          r 15          r 16          r 17          r 18          r 19          r 20          r 21          r 22          r 23          r 24          r 25          r 26          r 27          r 28          r 29          r 30          r 31          r 32          r 33          r 34          r 35          r 36          r 37          r 38          r 39          r 40          r 41          r 42          r 43          r 44          r 45          r 46          r 47          r 48          r 49 
-- 0.95966451818 0.85813335449 0.88369507942 0.92425827879 0.96239777287 0.91120408670 0.78989104782 0.93084998579 0.82215523496 0.83983119853 0.78254130094 0.73166437778 0.84259037217 0.83704200036 0.71662108992 0.64632982062 0.80659864220 0.70405919631 0.73578262733 0.78472127898 0.81327293488 0.57533063884 0.72156631556 0.79774217907 0.63159159482 0.71965232398 1.05163174262 0.69410505094 0.66441614445 0.78671997173 0.86997172315 0.82367148406 0.89413640756 0.85400287371 0.77818199350 1.05478150982 0.78338394425 0.90754966753 0.94503171512 1.01503870542 0.99993788953 1.24073947560 0.97433369445 1.33951613761 1.54382190026 1.60617637755 2.17989358544 2.45244243214 

---- Expected P_neut(i), 0 < i < n (neutral SFS per site) 
E[P_neut(1)] = 0.0131811514
E[P_neut(2)] = 0.0063265595
E[P_neut(3)] = 0.0037720821
E[P_neut(4)] = 0.0029139414
E[P_neut(5)] = 0.0024383004
E[P_neut(6)] = 0.0021154509
E[P_neut(7)] = 0.0017177147
E[P_neut(8)] = 0.0013030619
E[P_neut(9)] = 0.0013649605
E[P_neut(10)] = 0.0010853527
E[P_neut(11)] = 0.0010080106
E[P_neut(12)] = 0.0008610403
E[P_neut(13)] = 0.0007440423
E[P_neut(14)] = 0.0007948883
E[P_neut(15)] = 0.0007373807
E[P_neut(16)] = 0.0005924118
E[P_neut(17)] = 0.0005030981
E[P_neut(18)] = 0.0005927800
E[P_neut(19)] = 0.0004904357
E[P_neut(20)] = 0.0004866481
E[P_neut(21)] = 0.0004944234
E[P_neut(22)] = 0.0004903004
E[P_neut(23)] = 0.0003318761
E[P_neut(24)] = 0.0003982305
E[P_neut(25)] = 0.0004231814
E[P_neut(26)] = 0.0003226471
E[P_neut(27)] = 0.0003533393
E[P_neut(28)] = 0.0004980420
E[P_neut(29)] = 0.0003185589
E[P_neut(30)] = 0.0002949567
E[P_neut(31)] = 0.0003375521
E[P_neut(32)] = 0.0003620420
E[P_neut(33)] = 0.0003321217
E[P_neut(34)] = 0.0003503326
E[P_neut(35)] = 0.0003262578
E[P_neut(36)] = 0.0002899467
E[P_neut(37)] = 0.0003804230
E[P_neut(38)] = 0.0002771863
E[P_neut(39)] = 0.0003131188
E[P_neut(40)] = 0.0003182988
E[P_neut(41)] = 0.0003350072
E[P_neut(42)] = 0.0003221038
E[P_neut(43)] = 0.0003912696
E[P_neut(44)] = 0.0003054144
E[P_neut(45)] = 0.0004079401
E[P_neut(46)] = 0.0004610018
E[P_neut(47)] = 0.0004746061
E[P_neut(48)] = 0.0006391830
E[P_neut(49)] = 0.0007444509

---- Expected P_sel(i), 0 < i < n (selected SFS per site) 
E[P_sel(1)] = 0.0050301095
E[P_sel(2)] = 0.0017727674
E[P_sel(3)] = 0.0009071318
E[P_sel(4)] = 0.0006353354
E[P_sel(5)] = 0.0004951167
E[P_sel(6)] = 0.0004064207
E[P_sel(7)] = 0.0003154017
E[P_sel(8)] = 0.0002303651
E[P_sel(9)] = 0.0002335913
E[P_sel(10)] = 0.0001805336
E[P_sel(11)] = 0.0001635120
E[P_sel(12)] = 0.0001365746
E[P_sel(13)] = 0.0001156345
E[P_sel(14)] = 0.0001213143
E[P_sel(15)] = 0.0001106660
E[P_sel(16)] = 0.0000875492
E[P_sel(17)] = 0.0000733092
E[P_sel(18)] = 0.0000852690
E[P_sel(19)] = 0.0000697057
E[P_sel(20)] = 0.0000684097
E[P_sel(21)] = 0.0000687943
E[P_sel(22)] = 0.0000675716
E[P_sel(23)] = 0.0000453413
E[P_sel(24)] = 0.0000539737
E[P_sel(25)] = 0.0000569336
E[P_sel(26)] = 0.0000431179
E[P_sel(27)] = 0.0000469306
E[P_sel(28)] = 0.0000657886
E[P_sel(29)] = 0.0000418846
E[P_sel(30)] = 0.0000386214
E[P_sel(31)] = 0.0000440385
E[P_sel(32)] = 0.0000471047
E[P_sel(33)] = 0.0000431161
E[P_sel(34)] = 0.0000454256
E[P_sel(35)] = 0.0000423076
E[P_sel(36)] = 0.0000376385
E[P_sel(37)] = 0.0000494126
E[P_sel(38)] = 0.0000361593
E[P_sel(39)] = 0.0000410269
E[P_sel(40)] = 0.0000419646
E[P_sel(41)] = 0.0000445711
E[P_sel(42)] = 0.0000432973
E[P_sel(43)] = 0.0000533430
E[P_sel(44)] = 0.0000426394
E[P_sel(45)] = 0.0000581403
E[P_sel(46)] = 0.0000678326
E[P_sel(47)] = 0.0000733917
E[P_sel(48)] = 0.0001069924
E[P_sel(49)] = 0.0001527902

---- alpha_dfe = 0.481535

