---- Running command
---- ./polyDFE -d RevisionsCapsellaPolyDFE/express3_-1.72188495933081_PolyDFE.input -m C -i /home/jejames/ArabidopsisCrossGenome/model.txt 1 -e 
---- Performing inference using model C

---- Performing inference on RevisionsCapsellaPolyDFE/express3_-1.72188495933081_PolyDFE.input
----      with -i /home/jejames/ArabidopsisCrossGenome/model.txt 1
---- Data RevisionsCapsellaPolyDFE/express3_-1.72188495933081_PolyDFE.input does not contain divergence counts. Using option -w.
---- No mutation variability. Using Poisson likelihood.


---- Calculating initial values

-- Starting local optimization
-- Optimizing all parameters
  it        eps_an     theta_bar           S_d             b           p_b           S_b           r 2           r 3           r 4           r 5           r 6           r 7           r 8           r 9          r 10          r 11          r 12          r 13          r 14          r 15          r 16          r 17          r 18          r 19          r 20          r 21          r 22          r 23          r 24          r 25          r 26          r 27          r 28          r 29          r 30          r 31          r 32          r 33          r 34          r 35          r 36          r 37          r 38          r 39          r 40          r 41          r 42          r 43          r 44          r 45          r 46          r 47          r 48          r 49           ln lk          grad status 
   0           0.1 0.01565450562        -50000         0.208           0.1            20 1.03946234706 0.95355850422 0.91469929346 0.93658452524 0.97501292434 1.00180940892 1.05600551438 1.08874719972 0.98828192314 0.89565741857 0.88195760813 0.87928657590 0.91073582629 0.90599689815 1.15112872652 0.61226951576 1.07478890229 0.91349302085 0.83922109253 1.09650180940 0.91935205927 0.90367051525 0.76305359296 0.79700155092 0.98793727382 1.17249698431 1.07358262967 1.23436153713 1.19679476133 1.02033430983 1.09460623815 1.14302946751 1.15716008960 1.17310012062 1.47337584008 1.09986214027 1.29984490780 1.42814061692 1.66465621230 1.68154402895 1.83835946924 2.03403412028 2.17611580217 2.34964673444 2.71893848009 3.89169395140 5.16146820610             1 -3370.006465916 45.5223433186   -2 
 259 0.00814851912 0.01424414916 -391.77486450 0.28973952488 0.00018253837 0.80688399139 0.97692293822 0.94053307095 0.91577119007 0.92527193661 0.94391009544 0.94949641675 0.94535261997 0.94228151537 0.94058848269 0.79579845653 0.86344514725 0.94487231019 0.95177065191 0.87500703544 0.95352331458 0.57509064582 0.84571239370 0.82638747176 0.84035576602 0.92168131278 0.90487807953 0.93091498005 0.67587268913 0.82619803784 0.88631916930 0.93291822678 1.00755582646 1.08476944687 0.94127655825 0.86565687222 0.93795189297 0.91520882533 0.83175378917 0.89007159893 1.04413244782 0.82396266035 0.96853639758 1.11932935764 1.12464266882 1.26098314263 1.19380257927 1.27555061487 1.47526114127 1.33394459077 1.24223738902 1.95209061115 2.15923799099 2.86097433068 -316.3138522995 0.00009731960    0 
---- Best joint likelihood found -316.313852299586927 with gradient 0.00010

---- Results for RevisionsCapsellaPolyDFE/express3_-1.72188495933081_PolyDFE.input 
--  Model: C
--        eps_an     theta_bar             a 
-- 0.00814851912 0.01424414916            -1 
--           S_d             b           p_b           S_b 
-- -391.77486450 0.28973952488 0.00018253837 0.80688399139 
--           r 2           r 3           r 4           r 5           r 6           r 7           r 8           r 9          r 10          r 11          r 12          r 13          r 14          r 15          r 16          r 17          r 18          r 19          r 20          r 21          r 22          r 23          r 24          r 25          r 26          r 27          r 28          r 29          r 30          r 31          r 32          r 33          r 34          r 35          r 36          r 37          r 38          r 39          r 40          r 41          r 42          r 43          r 44          r 45          r 46          r 47          r 48          r 49 
-- 0.97692293822 0.94053307095 0.91577119007 0.92527193661 0.94391009544 0.94949641675 0.94535261997 0.94228151537 0.94058848269 0.79579845653 0.86344514725 0.94487231019 0.95177065191 0.87500703544 0.95352331458 0.57509064582 0.84571239370 0.82638747176 0.84035576602 0.92168131278 0.90487807953 0.93091498005 0.67587268913 0.82619803784 0.88631916930 0.93291822678 1.00755582646 1.08476944687 0.94127655825 0.86565687222 0.93795189297 0.91520882533 0.83175378917 0.89007159893 1.04413244782 0.82396266035 0.96853639758 1.11932935764 1.12464266882 1.26098314263 1.19380257927 1.27555061487 1.47526114127 1.33394459077 1.24223738902 1.95209061115 2.15923799099 2.86097433068 

---- Expected P_neut(i), 0 < i < n (neutral SFS per site) 
E[P_neut(1)] = 0.0141348574
E[P_neut(2)] = 0.0069062442
E[P_neut(3)] = 0.0044341297
E[P_neut(4)] = 0.0032376567
E[P_neut(5)] = 0.0026179039
E[P_neut(6)] = 0.0022264979
E[P_neut(7)] = 0.0019198090
E[P_neut(8)] = 0.0016728014
E[P_neut(9)] = 0.0014827508
E[P_neut(10)] = 0.0013321344
E[P_neut(11)] = 0.0010254317
E[P_neut(12)] = 0.0010195269
E[P_neut(13)] = 0.0010294488
E[P_neut(14)] = 0.0009638444
E[P_neut(15)] = 0.0008270964
E[P_neut(16)] = 0.0008448053
E[P_neut(17)] = 0.0004811559
E[P_neut(18)] = 0.0006671961
E[P_neut(19)] = 0.0006177290
E[P_neut(20)] = 0.0005972725
E[P_neut(21)] = 0.0006244173
E[P_neut(22)] = 0.0005852762
E[P_neut(23)] = 0.0005758384
E[P_neut(24)] = 0.0004018227
E[P_neut(25)] = 0.0004707395
E[P_neut(26)] = 0.0004848836
E[P_neut(27)] = 0.0004928587
E[P_neut(28)] = 0.0005131608
E[P_neut(29)] = 0.0005335670
E[P_neut(30)] = 0.0004481580
E[P_neut(31)] = 0.0003995667
E[P_neut(32)] = 0.0004195615
E[P_neut(33)] = 0.0003957490
E[P_neut(34)] = 0.0003525373
E[P_neut(35)] = 0.0003660565
E[P_neut(36)] = 0.0004176571
E[P_neut(37)] = 0.0003230581
E[P_neut(38)] = 0.0003684453
E[P_neut(39)] = 0.0004138836
E[P_neut(40)] = 0.0004081433
E[P_neut(41)] = 0.0004466710
E[P_neut(42)] = 0.0004152905
E[P_neut(43)] = 0.0004348388
E[P_neut(44)] = 0.0004919554
E[P_neut(45)] = 0.0004402807
E[P_neut(46)] = 0.0004081042
E[P_neut(47)] = 0.0006231823
E[P_neut(48)] = 0.0006922344
E[P_neut(49)] = 0.0009409682

---- Expected P_sel(i), 0 < i < n (selected SFS per site) 
E[P_sel(1)] = 0.0065526710
E[P_sel(2)] = 0.0024369324
E[P_sel(3)] = 0.0013587032
E[P_sel(4)] = 0.0009051361
E[P_sel(5)] = 0.0006841411
E[P_sel(6)] = 0.0005518281
E[P_sel(7)] = 0.0004556470
E[P_sel(8)] = 0.0003827296
E[P_sel(9)] = 0.0003286358
E[P_sel(10)] = 0.0002871484
E[P_sel(11)] = 0.0002155757
E[P_sel(12)] = 0.0002096153
E[P_sel(13)] = 0.0002074119
E[P_sel(14)] = 0.0001905666
E[P_sel(15)] = 0.0001607386
E[P_sel(16)] = 0.0001615858
E[P_sel(17)] = 0.0000906259
E[P_sel(18)] = 0.0001239585
E[P_sel(19)] = 0.0001132737
E[P_sel(20)] = 0.0001081702
E[P_sel(21)] = 0.0001117671
E[P_sel(22)] = 0.0001036079
E[P_sel(23)] = 0.0001008714
E[P_sel(24)] = 0.0000696824
E[P_sel(25)] = 0.0000808595
E[P_sel(26)] = 0.0000825284
E[P_sel(27)] = 0.0000831601
E[P_sel(28)] = 0.0000858611
E[P_sel(29)] = 0.0000885597
E[P_sel(30)] = 0.0000738188
E[P_sel(31)] = 0.0000653409
E[P_sel(32)] = 0.0000681264
E[P_sel(33)] = 0.0000637861
E[P_sel(34)] = 0.0000565494
E[P_sel(35)] = 0.0000583395
E[P_sel(36)] = 0.0000661709
E[P_sel(37)] = 0.0000509936
E[P_sel(38)] = 0.0000577872
E[P_sel(39)] = 0.0000645244
E[P_sel(40)] = 0.0000634745
E[P_sel(41)] = 0.0000691719
E[P_sel(42)] = 0.0000642351
E[P_sel(43)] = 0.0000671537
E[P_sel(44)] = 0.0000758255
E[P_sel(45)] = 0.0000683248
E[P_sel(46)] = 0.0000642712
E[P_sel(47)] = 0.0000981422
E[P_sel(48)] = 0.0001137700
E[P_sel(49)] = 0.0001749390

---- alpha_dfe = 0.001884

