---- Running command
---- ./polyDFE -d RevisionsCapsellaPolyDFE/express8_-0.427546314186282_PolyDFE.input -m C -i /home/jejames/ArabidopsisCrossGenome/model.txt 1 -e 
---- Performing inference using model C

---- Performing inference on RevisionsCapsellaPolyDFE/express8_-0.427546314186282_PolyDFE.input
----      with -i /home/jejames/ArabidopsisCrossGenome/model.txt 1
---- Data RevisionsCapsellaPolyDFE/express8_-0.427546314186282_PolyDFE.input does not contain divergence counts. Using option -w.
---- No mutation variability. Using Poisson likelihood.


---- Calculating initial values

-- Starting local optimization
-- Optimizing all parameters
  it        eps_an     theta_bar           S_d             b           p_b           S_b           r 2           r 3           r 4           r 5           r 6           r 7           r 8           r 9          r 10          r 11          r 12          r 13          r 14          r 15          r 16          r 17          r 18          r 19          r 20          r 21          r 22          r 23          r 24          r 25          r 26          r 27          r 28          r 29          r 30          r 31          r 32          r 33          r 34          r 35          r 36          r 37          r 38          r 39          r 40          r 41          r 42          r 43          r 44          r 45          r 46          r 47          r 48          r 49           ln lk          grad status 
   0           0.1 0.01556428186        -80000         0.208           0.1            20 0.94600231749 0.83731170336 0.78516801854 0.78138277327 0.77867902665 0.93549633062 0.82873696407 0.96152954808 0.76940903823 0.89733487833 0.98632676709 0.77427578215 0.70189262263 0.76709154113 0.89362688296 0.58833526458 0.75643105446 0.76322904596 0.74159907300 0.86790266512 0.82255697180 0.78354577056 0.73047508690 0.92699884125 0.69494013132 0.60278099652 0.94306682116 0.75048281189 0.74159907300 1.05368868288 1.02835071456 0.89733487833 1.33163383545 1.18424101969 1.33765932792 1.31193511008 1.10374662031 1.15689455388 1.24835843955 1.41575898030 1.26210892236 2.02626496716 1.63151796060 2.11008111239 2.51942835071 3.32939358825 4.40139049826             1 -3247.274738298 50.2002911952   -2 
 321 0.01225240388 0.01406854159 -729.61851527 0.28774153846 0.00033756249 1.03245741182 0.90617447860 0.84201193200 0.82728934858 0.79364617533 0.76690259321 0.86534646929 0.84156323696 0.82231927467 0.73572132451 0.91715778751 0.89668748705 0.67328289297 0.65228136731 0.71617452840 0.78156477137 0.64214376605 0.68301804833 0.73184231078 0.68496186919 0.74883551803 0.70184420950 0.58548838156 0.68116537292 0.70209068791 0.77690660349 0.51054953711 0.90094190420 0.59791138712 0.62080117572 0.93648453600 0.84472783225 0.77273176236 0.98635013741 0.97193142521 1.00287335749 1.07868054575 0.76326402754 0.88212898286 0.86012364663 0.96236092536 0.80969199122 1.22306836155 1.12488263022 1.09834101299 1.32958983149 1.79161274681 1.62299487792 2.64524098506 -311.5143618664 0.00009645397    0 
---- Best joint likelihood found -311.514361866467198 with gradient 0.00010

---- Results for RevisionsCapsellaPolyDFE/express8_-0.427546314186282_PolyDFE.input 
--  Model: C
--        eps_an     theta_bar             a 
-- 0.01225240388 0.01406854159            -1 
--           S_d             b           p_b           S_b 
-- -729.61851527 0.28774153846 0.00033756249 1.03245741182 
--           r 2           r 3           r 4           r 5           r 6           r 7           r 8           r 9          r 10          r 11          r 12          r 13          r 14          r 15          r 16          r 17          r 18          r 19          r 20          r 21          r 22          r 23          r 24          r 25          r 26          r 27          r 28          r 29          r 30          r 31          r 32          r 33          r 34          r 35          r 36          r 37          r 38          r 39          r 40          r 41          r 42          r 43          r 44          r 45          r 46          r 47          r 48          r 49 
-- 0.90617447860 0.84201193200 0.82728934858 0.79364617533 0.76690259321 0.86534646929 0.84156323696 0.82231927467 0.73572132451 0.91715778751 0.89668748705 0.67328289297 0.65228136731 0.71617452840 0.78156477137 0.64214376605 0.68301804833 0.73184231078 0.68496186919 0.74883551803 0.70184420950 0.58548838156 0.68116537292 0.70209068791 0.77690660349 0.51054953711 0.90094190420 0.59791138712 0.62080117572 0.93648453600 0.84472783225 0.77273176236 0.98635013741 0.97193142521 1.00287335749 1.07868054575 0.76326402754 0.88212898286 0.86012364663 0.96236092536 0.80969199122 1.22306836155 1.12488263022 1.09834101299 1.32958983149 1.79161274681 1.62299487792 2.64524098506 

---- Expected P_neut(i), 0 < i < n (neutral SFS per site) 
E[P_neut(1)] = 0.0139054736
E[P_neut(2)] = 0.0063020048
E[P_neut(3)] = 0.0039068172
E[P_neut(4)] = 0.0028790203
E[P_neut(5)] = 0.0022099354
E[P_neut(6)] = 0.0017805747
E[P_neut(7)] = 0.0017227600
E[P_neut(8)] = 0.0014651361
E[P_neut(9)] = 0.0012737223
E[P_neut(10)] = 0.0010260773
E[P_neut(11)] = 0.0011625333
E[P_neut(12)] = 0.0010418389
E[P_neut(13)] = 0.0007247216
E[P_neut(14)] = 0.0006522456
E[P_neut(15)] = 0.0006682588
E[P_neut(16)] = 0.0006837978
E[P_neut(17)] = 0.0005289385
E[P_neut(18)] = 0.0005318466
E[P_neut(19)] = 0.0005404601
E[P_neut(20)] = 0.0004794843
E[P_neut(21)] = 0.0004990751
E[P_neut(22)] = 0.0004488621
E[P_neut(23)] = 0.0003570005
E[P_neut(24)] = 0.0003995502
E[P_neut(25)] = 0.0003950957
E[P_neut(26)] = 0.0004201240
E[P_neut(27)] = 0.0002671539
E[P_neut(28)] = 0.0004526291
E[P_neut(29)] = 0.0002926527
E[P_neut(30)] = 0.0002934620
E[P_neut(31)] = 0.0004264313
E[P_neut(32)] = 0.0003733683
E[P_neut(33)] = 0.0003319053
E[P_neut(34)] = 0.0004115520
E[P_neut(35)] = 0.0003941192
E[P_neut(36)] = 0.0003951449
E[P_neut(37)] = 0.0004140497
E[P_neut(38)] = 0.0002919974
E[P_neut(39)] = 0.0003286853
E[P_neut(40)] = 0.0003114925
E[P_neut(41)] = 0.0003419234
E[P_neut(42)] = 0.0002860285
E[P_neut(43)] = 0.0004165639
E[P_neut(44)] = 0.0003772950
E[P_neut(45)] = 0.0003665325
E[P_neut(46)] = 0.0004373073
E[P_neut(47)] = 0.0005780940
E[P_neut(48)] = 0.0005479629
E[P_neut(49)] = 0.0009225513

---- Expected P_sel(i), 0 < i < n (selected SFS per site) 
E[P_sel(1)] = 0.0055321689
E[P_sel(2)] = 0.0018803139
E[P_sel(3)] = 0.0010102375
E[P_sel(4)] = 0.0006790379
E[P_sel(5)] = 0.0004873270
E[P_sel(6)] = 0.0003724324
E[P_sel(7)] = 0.0003450948
E[P_sel(8)] = 0.0002830542
E[P_sel(9)] = 0.0002383863
E[P_sel(10)] = 0.0001867794
E[P_sel(11)] = 0.0002064853
E[P_sel(12)] = 0.0001809867
E[P_sel(13)] = 0.0001232824
E[P_sel(14)] = 0.0001089172
E[P_sel(15)] = 0.0001097142
E[P_sel(16)] = 0.0001105055
E[P_sel(17)] = 0.0000842277
E[P_sel(18)] = 0.0000835233
E[P_sel(19)] = 0.0000837765
E[P_sel(20)] = 0.0000734407
E[P_sel(21)] = 0.0000755655
E[P_sel(22)] = 0.0000672024
E[P_sel(23)] = 0.0000529063
E[P_sel(24)] = 0.0000586247
E[P_sel(25)] = 0.0000574297
E[P_sel(26)] = 0.0000605209
E[P_sel(27)] = 0.0000381616
E[P_sel(28)] = 0.0000641138
E[P_sel(29)] = 0.0000411549
E[P_sel(30)] = 0.0000409593
E[P_sel(31)] = 0.0000590606
E[P_sel(32)] = 0.0000513656
E[P_sel(33)] = 0.0000453733
E[P_sel(34)] = 0.0000559125
E[P_sel(35)] = 0.0000532225
E[P_sel(36)] = 0.0000530412
E[P_sel(37)] = 0.0000552849
E[P_sel(38)] = 0.0000390553
E[P_sel(39)] = 0.0000437675
E[P_sel(40)] = 0.0000412646
E[P_sel(41)] = 0.0000452323
E[P_sel(42)] = 0.0000380427
E[P_sel(43)] = 0.0000549564
E[P_sel(44)] = 0.0000499305
E[P_sel(45)] = 0.0000490830
E[P_sel(46)] = 0.0000591362
E[P_sel(47)] = 0.0000790877
E[P_sel(48)] = 0.0000820795
E[P_sel(49)] = 0.0001619947

---- alpha_dfe = 0.004569

