---- Running command
---- ./polyDFE -d RevisionsCapsellaPolyDFE/express14_0.649353577573078_PolyDFE.input -m C -i /home/jejames/ArabidopsisCrossGenome/model.txt 1 -e 
---- Performing inference using model C

---- Performing inference on RevisionsCapsellaPolyDFE/express14_0.649353577573078_PolyDFE.input
----      with -i /home/jejames/ArabidopsisCrossGenome/model.txt 1
---- Data RevisionsCapsellaPolyDFE/express14_0.649353577573078_PolyDFE.input does not contain divergence counts. Using option -w.
---- No mutation variability. Using Poisson likelihood.


---- Calculating initial values

-- Starting local optimization
-- Optimizing all parameters
  it        eps_an     theta_bar           S_d             b           p_b           S_b           r 2           r 3           r 4           r 5           r 6           r 7           r 8           r 9          r 10          r 11          r 12          r 13          r 14          r 15          r 16          r 17          r 18          r 19          r 20          r 21          r 22          r 23          r 24          r 25          r 26          r 27          r 28          r 29          r 30          r 31          r 32          r 33          r 34          r 35          r 36          r 37          r 38          r 39          r 40          r 41          r 42          r 43          r 44          r 45          r 46          r 47          r 48          r 49           ln lk          grad status 
   0           0.1 0.01585005112        -20000         0.406           0.1            20 0.83716925003 0.94269610145 0.92844841083 0.97620165962 0.90605918271 0.80006262721 0.79912321903 0.72287458900 0.92844841083 0.91968060122 0.70173790511 0.98614372945 0.89431658055 0.81141380930 0.78910286519 0.84241427900 0.68201033348 0.76600908094 0.62627211523 0.56716768435 0.76812274933 0.87145764834 1.06904650070 0.68498512603 0.65335838421 0.92155941756 0.90746829497 0.69242210740 0.75152653828 0.95858775638 0.89181149209 0.87059652418 1.03804603100 1.03843745107 1.30765617660 1.62494128698 1.19884139658 1.01362141850 1.35901049005 1.39298575230 1.45984030061 1.68310630969 2.48348207296 2.69844997651 2.75481446688 3.70142476906 3.76890558947             1 -3143.911249994 39.5335760479   -2 
 814 0.00545277756 0.01414070135 -839.10520103 0.35138588018 0.01334091187 2.31185845356 0.86388801683 0.91182595811 0.91592482026 0.91797072018 0.90242867806 0.79545862660 0.79634756455 0.71175903464 0.84802611539 0.90797243274 0.75103046966 0.84812995566 0.80559276133 0.77969396800 0.75496602091 0.75148606282 0.62372420270 0.66954528655 0.61466788005 0.60793417127 0.79273134886 0.82095672064 0.88177583964 0.56538819144 0.59955659644 0.67533727193 0.87488853191 0.60422488039 0.55398796655 0.79481689726 0.72944857132 0.68782571310 0.87166738664 0.76252872041 1.06004253598 1.46127397033 1.04480722595 0.82354978226 1.05553986799 0.94556448171 0.96240859988 1.12473311136 1.68762872028 1.62780362503 1.57840346999 1.83394137659 1.55222175853 2.72284969909 -303.9570562594 0.00009208009    0 
---- Best joint likelihood found -303.957056259453566 with gradient 0.00009

---- Results for RevisionsCapsellaPolyDFE/express14_0.649353577573078_PolyDFE.input 
--  Model: C
--        eps_an     theta_bar             a 
-- 0.00545277756 0.01414070135            -1 
--           S_d             b           p_b           S_b 
-- -839.10520103 0.35138588018 0.01334091187 2.31185845356 
--           r 2           r 3           r 4           r 5           r 6           r 7           r 8           r 9          r 10          r 11          r 12          r 13          r 14          r 15          r 16          r 17          r 18          r 19          r 20          r 21          r 22          r 23          r 24          r 25          r 26          r 27          r 28          r 29          r 30          r 31          r 32          r 33          r 34          r 35          r 36          r 37          r 38          r 39          r 40          r 41          r 42          r 43          r 44          r 45          r 46          r 47          r 48          r 49 
-- 0.86388801683 0.91182595811 0.91592482026 0.91797072018 0.90242867806 0.79545862660 0.79634756455 0.71175903464 0.84802611539 0.90797243274 0.75103046966 0.84812995566 0.80559276133 0.77969396800 0.75496602091 0.75148606282 0.62372420270 0.66954528655 0.61466788005 0.60793417127 0.79273134886 0.82095672064 0.88177583964 0.56538819144 0.59955659644 0.67533727193 0.87488853191 0.60422488039 0.55398796655 0.79481689726 0.72944857132 0.68782571310 0.87166738664 0.76252872041 1.06004253598 1.46127397033 1.04480722595 0.82354978226 1.05553986799 0.94556448171 0.96240859988 1.12473311136 1.68762872028 1.62780362503 1.57840346999 1.83394137659 1.55222175853 2.72284969909 

---- Expected P_neut(i), 0 < i < n (neutral SFS per site) 
E[P_neut(1)] = 0.0140678799
E[P_neut(2)] = 0.0060771792
E[P_neut(3)] = 0.0042775258
E[P_neut(4)] = 0.0032229447
E[P_neut(5)] = 0.0025847829
E[P_neut(6)] = 0.0021181894
E[P_neut(7)] = 0.0016001609
E[P_neut(8)] = 0.0014017056
E[P_neut(9)] = 0.0011139884
E[P_neut(10)] = 0.0011946643
E[P_neut(11)] = 0.0011624788
E[P_neut(12)] = 0.0008823024
E[P_neut(13)] = 0.0009205649
E[P_neut(14)] = 0.0008115226
E[P_neut(15)] = 0.0007326999
E[P_neut(16)] = 0.0006655728
E[P_neut(17)] = 0.0006232892
E[P_neut(18)] = 0.0004890801
E[P_neut(19)] = 0.0004975671
E[P_neut(20)] = 0.0004336459
E[P_neut(21)] = 0.0004087370
E[P_neut(22)] = 0.0005091662
E[P_neut(23)] = 0.0005039114
E[P_neut(24)] = 0.0005184838
E[P_neut(25)] = 0.0003197994
E[P_neut(26)] = 0.0003271376
E[P_neut(27)] = 0.0003545178
E[P_neut(28)] = 0.0004422097
E[P_neut(29)] = 0.0002952520
E[P_neut(30)] = 0.0002620718
E[P_neut(31)] = 0.0003632973
E[P_neut(32)] = 0.0003232553
E[P_neut(33)] = 0.0002965389
E[P_neut(34)] = 0.0003641906
E[P_neut(35)] = 0.0003104050
E[P_neut(36)] = 0.0004185482
E[P_neut(37)] = 0.0005604566
E[P_neut(38)] = 0.0003915033
E[P_neut(39)] = 0.0003033407
E[P_neut(40)] = 0.0003776559
E[P_neut(41)] = 0.0003304402
E[P_neut(42)] = 0.0003299355
E[P_neut(43)] = 0.0003766177
E[P_neut(44)] = 0.0005510091
E[P_neut(45)] = 0.0005228845
E[P_neut(46)] = 0.0005002217
E[P_neut(47)] = 0.0005721977
E[P_neut(48)] = 0.0004880934
E[P_neut(49)] = 0.0008585970

---- Expected P_sel(i), 0 < i < n (selected SFS per site) 
E[P_sel(1)] = 0.0048435121
E[P_sel(2)] = 0.0014870969
E[P_sel(3)] = 0.0008863894
E[P_sel(4)] = 0.0006011544
E[P_sel(5)] = 0.0004469397
E[P_sel(6)] = 0.0003454219
E[P_sel(7)] = 0.0002489108
E[P_sel(8)] = 0.0002096176
E[P_sel(9)] = 0.0001610759
E[P_sel(10)] = 0.0001677812
E[P_sel(11)] = 0.0001591493
E[P_sel(12)] = 0.0001180587
E[P_sel(13)] = 0.0001206847
E[P_sel(14)] = 0.0001044705
E[P_sel(15)] = 0.0000927797
E[P_sel(16)] = 0.0000830108
E[P_sel(17)] = 0.0000766773
E[P_sel(18)] = 0.0000594068
E[P_sel(19)] = 0.0000597408
E[P_sel(20)] = 0.0000515181
E[P_sel(21)] = 0.0000480845
E[P_sel(22)] = 0.0000593610
E[P_sel(23)] = 0.0000582665
E[P_sel(24)] = 0.0000594981
E[P_sel(25)] = 0.0000364433
E[P_sel(26)] = 0.0000370452
E[P_sel(27)] = 0.0000399151
E[P_sel(28)] = 0.0000495268
E[P_sel(29)] = 0.0000329149
E[P_sel(30)] = 0.0000290972
E[P_sel(31)] = 0.0000401832
E[P_sel(32)] = 0.0000356430
E[P_sel(33)] = 0.0000326215
E[P_sel(34)] = 0.0000399686
E[P_sel(35)] = 0.0000340232
E[P_sel(36)] = 0.0000458042
E[P_sel(37)] = 0.0000612698
E[P_sel(38)] = 0.0000428212
E[P_sel(39)] = 0.0000332633
E[P_sel(40)] = 0.0000414178
E[P_sel(41)] = 0.0000363133
E[P_sel(42)] = 0.0000364073
E[P_sel(43)] = 0.0000416971
E[P_sel(44)] = 0.0000611970
E[P_sel(45)] = 0.0000585671
E[P_sel(46)] = 0.0000567395
E[P_sel(47)] = 0.0000659197
E[P_sel(48)] = 0.0000590319
E[P_sel(49)] = 0.0001145283

---- alpha_dfe = 0.320078

