---- Running command
---- ./polyDFE -d RevisionsCapsellaPolyDFE/express15_0.848994744886591_PolyDFE.input -m C -i /home/jejames/ArabidopsisCrossGenome/model.txt 1 -e 
---- Performing inference using model C

---- Performing inference on RevisionsCapsellaPolyDFE/express15_0.848994744886591_PolyDFE.input
----      with -i /home/jejames/ArabidopsisCrossGenome/model.txt 1
---- Data RevisionsCapsellaPolyDFE/express15_0.848994744886591_PolyDFE.input does not contain divergence counts. Using option -w.
---- No mutation variability. Using Poisson likelihood.


---- Calculating initial values

-- Starting local optimization
-- Optimizing all parameters
  it        eps_an     theta_bar           S_d             b           p_b           S_b           r 2           r 3           r 4           r 5           r 6           r 7           r 8           r 9          r 10          r 11          r 12          r 13          r 14          r 15          r 16          r 17          r 18          r 19          r 20          r 21          r 22          r 23          r 24          r 25          r 26          r 27          r 28          r 29          r 30          r 31          r 32          r 33          r 34          r 35          r 36          r 37          r 38          r 39          r 40          r 41          r 42          r 43          r 44          r 45          r 46          r 47          r 48          r 49           ln lk          grad status 
   0           0.1 0.01525691886        -20000         0.406           0.1            20 0.88453799721 0.91866584120 0.87200123819 0.82572357220 0.81674663364 0.73726977248 0.90388484754 0.80722798328 1.02770468967 0.86062529020 0.84414177371 0.80684104627 0.71830985915 0.76033121807 0.78377960068 0.77356446370 0.54883145023 0.72047670639 0.63767218696 0.63217768147 0.73719238507 0.59804983748 0.79306608884 0.90930196564 0.64989939637 0.80235257700 0.64355362946 0.85505339730 0.80792446989 1.17551462621 0.85683330753 1.05215910849 1.30769230769 1.44907908992 1.02244234638 1.19687354898 1.47330134654 1.14386317907 1.58489397926 1.62134344528 1.62513542795 1.89343754836 1.87618015787 2.24965175669 2.53815198885 3.53900325027 4.43894134034             1 -3241.398072990 37.3172773629   -2 
 521 0.01401796049 0.01374673373 -732.61662905 0.33220588447 0.00149011001 12.9507815633 0.87864685987 0.90719428759 0.89745184863 0.84494307375 0.76271917769 0.71886366709 0.85940569019 0.77172514377 0.86393623433 0.78104881114 0.76448948083 0.72764287312 0.66567770821 0.81702254051 0.76216321593 0.80862274755 0.56602964848 0.60780148774 0.59863797410 0.53376813780 0.65355573570 0.58869920974 0.71936439647 0.76029794589 0.56105294198 0.76436588108 0.70114403312 0.77083794403 0.72585283833 0.91331028307 0.80764279945 0.76318499901 1.06434959080 1.09402660492 0.88715183051 0.83914863264 1.15031429038 0.91233967911 0.98784023802 1.20882735970 0.88131528996 1.27680722468 1.21841932220 1.19571477014 1.31772269490 2.03792278944 1.77693663657 2.12382175015 -310.0859345137 0.00404703268   -3 
-- Local optimization: stuck in the same solution
---- Best joint likelihood found -310.085934513763164 with gradient 0.00405

---- Results for RevisionsCapsellaPolyDFE/express15_0.848994744886591_PolyDFE.input 
--  Model: C
--        eps_an     theta_bar             a 
-- 0.01401796049 0.01374673373            -1 
--           S_d             b           p_b           S_b 
-- -732.61662905 0.33220588447 0.00149011001 12.9507815633 
--           r 2           r 3           r 4           r 5           r 6           r 7           r 8           r 9          r 10          r 11          r 12          r 13          r 14          r 15          r 16          r 17          r 18          r 19          r 20          r 21          r 22          r 23          r 24          r 25          r 26          r 27          r 28          r 29          r 30          r 31          r 32          r 33          r 34          r 35          r 36          r 37          r 38          r 39          r 40          r 41          r 42          r 43          r 44          r 45          r 46          r 47          r 48          r 49 
-- 0.87864685987 0.90719428759 0.89745184863 0.84494307375 0.76271917769 0.71886366709 0.85940569019 0.77172514377 0.86393623433 0.78104881114 0.76448948083 0.72764287312 0.66567770821 0.81702254051 0.76216321593 0.80862274755 0.56602964848 0.60780148774 0.59863797410 0.53376813780 0.65355573570 0.58869920974 0.71936439647 0.76029794589 0.56105294198 0.76436588108 0.70114403312 0.77083794403 0.72585283833 0.91331028307 0.80764279945 0.76318499901 1.06434959080 1.09402660492 0.88715183051 0.83914863264 1.15031429038 0.91233967911 0.98784023802 1.20882735970 0.88131528996 1.27680722468 1.21841932220 1.19571477014 1.31772269490 2.03792278944 1.77693663657 2.12382175015 

---- Expected P_neut(i), 0 < i < n (neutral SFS per site) 
E[P_neut(1)] = 0.0135623849
E[P_neut(2)] = 0.0059617378
E[P_neut(3)] = 0.0041070692
E[P_neut(4)] = 0.0030465430
E[P_neut(5)] = 0.0022955975
E[P_neut(6)] = 0.0017283229
E[P_neut(7)] = 0.0013976507
E[P_neut(8)] = 0.0014600952
E[P_neut(9)] = 0.0011679024
E[P_neut(10)] = 0.0011757409
E[P_neut(11)] = 0.0009669044
E[P_neut(12)] = 0.0008693263
E[P_neut(13)] = 0.0007630239
E[P_neut(14)] = 0.0006492214
E[P_neut(15)] = 0.0007442868
E[P_neut(16)] = 0.0006516815
E[P_neut(17)] = 0.0006491683
E[P_neut(18)] = 0.0004310849
E[P_neut(19)] = 0.0004392647
E[P_neut(20)] = 0.0004103604
E[P_neut(21)] = 0.0003496322
E[P_neut(22)] = 0.0004074761
E[P_neut(23)] = 0.0003523792
E[P_neut(24)] = 0.0004104203
E[P_neut(25)] = 0.0004180645
E[P_neut(26)] = 0.0002982578
E[P_neut(27)] = 0.0003886449
E[P_neut(28)] = 0.0003451292
E[P_neut(29)] = 0.0003651726
E[P_neut(30)] = 0.0003337090
E[P_neut(31)] = 0.0004054882
E[P_neut(32)] = 0.0003481477
E[P_neut(33)] = 0.0003226277
E[P_neut(34)] = 0.0004334802
E[P_neut(35)] = 0.0004341667
E[P_neut(36)] = 0.0003431761
E[P_neut(37)] = 0.0003181873
E[P_neut(38)] = 0.0004225764
E[P_neut(39)] = 0.0003307565
E[P_neut(40)] = 0.0003513786
E[P_neut(41)] = 0.0004161452
E[P_neut(42)] = 0.0003051148
E[P_neut(43)] = 0.0004222519
E[P_neut(44)] = 0.0003998256
E[P_neut(45)] = 0.0003927145
E[P_neut(46)] = 0.0004315058
E[P_neut(47)] = 0.0006459761
E[P_neut(48)] = 0.0005864218
E[P_neut(49)] = 0.0007801777

---- Expected P_sel(i), 0 < i < n (selected SFS per site) 
E[P_sel(1)] = 0.0049323153
E[P_sel(2)] = 0.0015543651
E[P_sel(3)] = 0.0009071889
E[P_sel(4)] = 0.0006051656
E[P_sel(5)] = 0.0004219549
E[P_sel(6)] = 0.0002989375
E[P_sel(7)] = 0.0002300065
E[P_sel(8)] = 0.0002305968
E[P_sel(9)] = 0.0001778294
E[P_sel(10)] = 0.0001735266
E[P_sel(11)] = 0.0001387482
E[P_sel(12)] = 0.0001215912
E[P_sel(13)] = 0.0001043490
E[P_sel(14)] = 0.0000869314
E[P_sel(15)] = 0.0000977641
E[P_sel(16)] = 0.0000840896
E[P_sel(17)] = 0.0000824390
E[P_sel(18)] = 0.0000538836
E[P_sel(19)] = 0.0000541224
E[P_sel(20)] = 0.0000499018
E[P_sel(21)] = 0.0000419781
E[P_sel(22)] = 0.0000483612
E[P_sel(23)] = 0.0000413545
E[P_sel(24)] = 0.0000476719
E[P_sel(25)] = 0.0000480792
E[P_sel(26)] = 0.0000339858
E[P_sel(27)] = 0.0000438890
E[P_sel(28)] = 0.0000386590
E[P_sel(29)] = 0.0000405746
E[P_sel(30)] = 0.0000368185
E[P_sel(31)] = 0.0000444175
E[P_sel(32)] = 0.0000379008
E[P_sel(33)] = 0.0000349793
E[P_sel(34)] = 0.0000466802
E[P_sel(35)] = 0.0000465518
E[P_sel(36)] = 0.0000366562
E[P_sel(37)] = 0.0000339280
E[P_sel(38)] = 0.0000448507
E[P_sel(39)] = 0.0000351740
E[P_sel(40)] = 0.0000374092
E[P_sel(41)] = 0.0000441440
E[P_sel(42)] = 0.0000328487
E[P_sel(43)] = 0.0000450849
E[P_sel(44)] = 0.0000432635
E[P_sel(45)] = 0.0000435038
E[P_sel(46)] = 0.0000491952
E[P_sel(47)] = 0.0000747534
E[P_sel(48)] = 0.0000755408
E[P_sel(49)] = 0.0001344009

---- alpha_dfe = 0.173400

