---- Running command
---- ./polyDFE -d RevisionsCapsellaPolyDFE/express17_1.3425820679739_PolyDFE.input -m C -i /home/jejames/ArabidopsisCrossGenome/model.txt 1 -e 
---- Performing inference using model C

---- Performing inference on RevisionsCapsellaPolyDFE/express17_1.3425820679739_PolyDFE.input
----      with -i /home/jejames/ArabidopsisCrossGenome/model.txt 1
---- Data RevisionsCapsellaPolyDFE/express17_1.3425820679739_PolyDFE.input does not contain divergence counts. Using option -w.
---- No mutation variability. Using Poisson likelihood.


---- Calculating initial values

-- Starting local optimization
-- Optimizing all parameters
  it        eps_an     theta_bar           S_d             b           p_b           S_b           r 2           r 3           r 4           r 5           r 6           r 7           r 8           r 9          r 10          r 11          r 12          r 13          r 14          r 15          r 16          r 17          r 18          r 19          r 20          r 21          r 22          r 23          r 24          r 25          r 26          r 27          r 28          r 29          r 30          r 31          r 32          r 33          r 34          r 35          r 36          r 37          r 38          r 39          r 40          r 41          r 42          r 43          r 44          r 45          r 46          r 47          r 48          r 49           ln lk          grad status 
   0           0.1 0.01538379499        -20000         0.406           0.1            20 0.92946392583 0.93059250302 0.97251108424 0.86134623135 0.83579201934 0.92543329302 0.96864167674 0.90181378476 0.81580008061 0.86989117291 0.86674727932 0.92849657396 0.80467553405 0.98428053204 0.94800483675 0.73043127771 0.84449818621 0.95421201128 0.79645304312 0.74316807738 0.68633615477 0.87698508665 0.92672309552 0.66505441354 0.81950826279 0.90761789600 0.81934703748 1.00757758968 1.27206771463 1.01708988311 1.12986698911 0.84328899637 1.02781136638 1.03264812575 1.21015719467 1.35413139862 1.17629987908 1.34873035066 1.25110842402 1.54349052801 1.61837968561 1.80249899234 2.09979846835 2.15114873035 2.75888754534 3.30382910116 4.50785973397             1 -3057.593645875 40.6937171041   -2 
 951 0.00026937744 0.01354854850 -1069.7183045 0.32839069668 0.00362867316 9.81576720782 0.95563149259 0.94470132967 1.02115188990 0.85338534949 0.85062471394 0.91387462500 0.88924522382 0.82659501794 0.85385160309 0.78245327265 0.83796741649 0.80279273577 0.72860832095 0.88736961119 0.89710240948 0.83308119711 0.73555512425 0.93938571245 0.76425894086 0.74282654871 0.62682063674 0.76114793778 0.84484110260 0.73111999348 0.69647609788 0.84806737089 0.76762071326 0.88504750088 1.02418192697 0.88582550921 0.86666341802 0.75926513618 0.87059124340 0.73604477293 0.88620131618 1.00600924872 0.91627869716 1.10063514105 0.86117464589 1.07151089885 1.20383228396 1.38430262383 1.34611086303 1.28080114872 1.55981627481 1.82209684979 2.06172166315 3.69500493883 -303.6308171525 0.00298905272   -8 
-- Local optimization: reached maximum number of likelihood evaluations allowed.
---- Best joint likelihood found -303.630817152504505 with gradient 0.00299

---- Results for RevisionsCapsellaPolyDFE/express17_1.3425820679739_PolyDFE.input 
--  Model: C
--        eps_an     theta_bar             a 
-- 0.00026937744 0.01354854850            -1 
--           S_d             b           p_b           S_b 
-- -1069.7183045 0.32839069668 0.00362867316 9.81576720782 
--           r 2           r 3           r 4           r 5           r 6           r 7           r 8           r 9          r 10          r 11          r 12          r 13          r 14          r 15          r 16          r 17          r 18          r 19          r 20          r 21          r 22          r 23          r 24          r 25          r 26          r 27          r 28          r 29          r 30          r 31          r 32          r 33          r 34          r 35          r 36          r 37          r 38          r 39          r 40          r 41          r 42          r 43          r 44          r 45          r 46          r 47          r 48          r 49 
-- 0.95563149259 0.94470132967 1.02115188990 0.85338534949 0.85062471394 0.91387462500 0.88924522382 0.82659501794 0.85385160309 0.78245327265 0.83796741649 0.80279273577 0.72860832095 0.88736961119 0.89710240948 0.83308119711 0.73555512425 0.93938571245 0.76425894086 0.74282654871 0.62682063674 0.76114793778 0.84484110260 0.73111999348 0.69647609788 0.84806737089 0.76762071326 0.88504750088 1.02418192697 0.88582550921 0.86666341802 0.75926513618 0.87059124340 0.73604477293 0.88620131618 1.00600924872 0.91627869716 1.10063514105 0.86117464589 1.07151089885 1.20383228396 1.38430262383 1.34611086303 1.28080114872 1.55981627481 1.82209684979 2.06172166315 3.69500493883 

---- Expected P_neut(i), 0 < i < n (neutral SFS per site) 
E[P_neut(1)] = 0.0135451740
E[P_neut(2)] = 0.0064721227
E[P_neut(3)] = 0.0042654361
E[P_neut(4)] = 0.0034579735
E[P_neut(5)] = 0.0023119075
E[P_neut(6)] = 0.0019203826
E[P_neut(7)] = 0.0017684517
E[P_neut(8)] = 0.0015056967
E[P_neut(9)] = 0.0012441116
E[P_neut(10)] = 0.0011566119
E[P_neut(11)] = 0.0009635803
E[P_neut(12)] = 0.0009459367
E[P_neut(13)] = 0.0008365413
E[P_neut(14)] = 0.0007050131
E[P_neut(15)] = 0.0008013655
E[P_neut(16)] = 0.0007595410
E[P_neut(17)] = 0.0006638487
E[P_neut(18)] = 0.0005535999
E[P_neut(19)] = 0.0006697824
E[P_neut(20)] = 0.0005177151
E[P_neut(21)] = 0.0004792309
E[P_neut(22)] = 0.0003860192
E[P_neut(23)] = 0.0004483612
E[P_neut(24)] = 0.0004769014
E[P_neut(25)] = 0.0003962246
E[P_neut(26)] = 0.0003629630
E[P_neut(27)] = 0.0004255647
E[P_neut(28)] = 0.0003714377
E[P_neut(29)] = 0.0004135042
E[P_neut(30)] = 0.0004625542
E[P_neut(31)] = 0.0003872262
E[P_neut(32)] = 0.0003669888
E[P_neut(33)] = 0.0003118204
E[P_neut(34)] = 0.0003470302
E[P_neut(35)] = 0.0002850631
E[P_neut(36)] = 0.0003336207
E[P_neut(37)] = 0.0003685036
E[P_neut(38)] = 0.0003268575
E[P_neut(39)] = 0.0003825158
E[P_neut(40)] = 0.0002919247
E[P_neut(41)] = 0.0003543232
E[P_neut(42)] = 0.0003886387
E[P_neut(43)] = 0.0004365285
E[P_neut(44)] = 0.0004149023
E[P_neut(45)] = 0.0003861412
E[P_neut(46)] = 0.0004602264
E[P_neut(47)] = 0.0005262582
E[P_neut(48)] = 0.0005835316
E[P_neut(49)] = 0.0010250470

---- Expected P_sel(i), 0 < i < n (selected SFS per site) 
E[P_sel(1)] = 0.0044662871
E[P_sel(2)] = 0.0015249813
E[P_sel(3)] = 0.0008539115
E[P_sel(4)] = 0.0006239153
E[P_sel(5)] = 0.0003868324
E[P_sel(6)] = 0.0003029909
E[P_sel(7)] = 0.0002659837
E[P_sel(8)] = 0.0002175419
E[P_sel(9)] = 0.0001736467
E[P_sel(10)] = 0.0001566353
E[P_sel(11)] = 0.0001270512
E[P_sel(12)] = 0.0001217769
E[P_sel(13)] = 0.0001053920
E[P_sel(14)] = 0.0000870938
E[P_sel(15)] = 0.0000972347
E[P_sel(16)] = 0.0000906502
E[P_sel(17)] = 0.0000780313
E[P_sel(18)] = 0.0000641602
E[P_sel(19)] = 0.0000766155
E[P_sel(20)] = 0.0000585032
E[P_sel(21)] = 0.0000535433
E[P_sel(22)] = 0.0000426749
E[P_sel(23)] = 0.0000490801
E[P_sel(24)] = 0.0000517260
E[P_sel(25)] = 0.0000426086
E[P_sel(26)] = 0.0000387218
E[P_sel(27)] = 0.0000450656
E[P_sel(28)] = 0.0000390658
E[P_sel(29)] = 0.0000432177
E[P_sel(30)] = 0.0000480675
E[P_sel(31)] = 0.0000400319
E[P_sel(32)] = 0.0000377640
E[P_sel(33)] = 0.0000319577
E[P_sel(34)] = 0.0000354431
E[P_sel(35)] = 0.0000290324
E[P_sel(36)] = 0.0000339023
E[P_sel(37)] = 0.0000373924
E[P_sel(38)] = 0.0000331452
E[P_sel(39)] = 0.0000387951
E[P_sel(40)] = 0.0000296452
E[P_sel(41)] = 0.0000360622
E[P_sel(42)] = 0.0000396972
E[P_sel(43)] = 0.0000448165
E[P_sel(44)] = 0.0000428943
E[P_sel(45)] = 0.0000402963
E[P_sel(46)] = 0.0000486240
E[P_sel(47)] = 0.0000565097
E[P_sel(48)] = 0.0000641506
E[P_sel(49)] = 0.0001173824

---- alpha_dfe = 0.301508

