---- Running command
---- ./polyDFE -d RevisionsCapsellaPolyDFE/express20_3.30048579387237_PolyDFE.input -m C -i /home/jejames/ArabidopsisCrossGenome/model.txt 1 -e 
---- Performing inference using model C

---- Performing inference on RevisionsCapsellaPolyDFE/express20_3.30048579387237_PolyDFE.input
----      with -i /home/jejames/ArabidopsisCrossGenome/model.txt 1
---- Data RevisionsCapsellaPolyDFE/express20_3.30048579387237_PolyDFE.input does not contain divergence counts. Using option -w.
---- No mutation variability. Using Poisson likelihood.


---- Calculating initial values

-- Starting local optimization
-- Optimizing all parameters
  it        eps_an     theta_bar           S_d             b           p_b           S_b           r 2           r 3           r 4           r 5           r 6           r 7           r 8           r 9          r 10          r 11          r 12          r 13          r 14          r 15          r 16          r 17          r 18          r 19          r 20          r 21          r 22          r 23          r 24          r 25          r 26          r 27          r 28          r 29          r 30          r 31          r 32          r 33          r 34          r 35          r 36          r 37          r 38          r 39          r 40          r 41          r 42          r 43          r 44          r 45          r 46          r 47          r 48          r 49           ln lk          grad status 
   0           0.1 0.01752418867        -20000         0.604           0.1            20 0.96541257288 0.87419122933 0.83137630801 0.98011023244 0.87514977234 0.87115584311 0.91956226535 0.90797987059 0.81236520488 0.81188593338 0.86268871315 0.71754932502 0.86109114146 0.91540857896 0.89719626168 0.81747743429 0.88569374550 0.73152807732 0.82115184918 0.75149772346 0.93665628245 0.82858055755 0.90294751976 0.83872513779 0.82866043613 0.81739755571 0.70900231647 1.00071890726 0.73328540618 1.03506669861 1.08379263519 0.99640546369 1.08091700615 1.10711718188 1.06398274622 1.12013739116 1.27486220944 1.48286604361 1.12788561386 1.33293394041 1.58015815959 1.72425912612 2.36887930345 2.32207045291 2.27078840162 2.82322869238 4.55116223340             1 -2981.967623562 45.5246572362   -2 
1168 0.00017871432 0.01580697607 -2685.6034896 0.36724632986 0.01769531767 1.82669217288 0.91615645972 0.83786083865 0.84255969788 0.97776184610 0.87711716711 0.80475752443 0.89361003282 0.81867499847 0.78913907520 0.77773832692 0.84072379619 0.67959382651 0.77859033649 0.82944217708 0.77037292978 0.74057033605 0.91876760023 0.70143287630 0.78214739551 0.66704522805 0.81663066118 0.73279370686 0.82939842923 0.85153947942 0.69247345509 0.66208615602 0.61231826459 0.86673740827 0.70467432061 0.82770683328 0.78605185336 0.84591847200 0.81694070510 0.82203197279 0.82599604256 0.94726763016 0.89111316789 1.01781356950 0.97903007170 0.98062516495 0.98096657912 1.07147544231 1.65412170722 1.33150740109 1.16422952777 1.53321610457 1.81340784065 3.74208295286 -296.1112541923 0.00008519011    0 
---- Best joint likelihood found -296.111254192328943 with gradient 0.00009

---- Results for RevisionsCapsellaPolyDFE/express20_3.30048579387237_PolyDFE.input 
--  Model: C
--        eps_an     theta_bar             a 
-- 0.00017871432 0.01580697607            -1 
--           S_d             b           p_b           S_b 
-- -2685.6034896 0.36724632986 0.01769531767 1.82669217288 
--           r 2           r 3           r 4           r 5           r 6           r 7           r 8           r 9          r 10          r 11          r 12          r 13          r 14          r 15          r 16          r 17          r 18          r 19          r 20          r 21          r 22          r 23          r 24          r 25          r 26          r 27          r 28          r 29          r 30          r 31          r 32          r 33          r 34          r 35          r 36          r 37          r 38          r 39          r 40          r 41          r 42          r 43          r 44          r 45          r 46          r 47          r 48          r 49 
-- 0.91615645972 0.83786083865 0.84255969788 0.97776184610 0.87711716711 0.80475752443 0.89361003282 0.81867499847 0.78913907520 0.77773832692 0.84072379619 0.67959382651 0.77859033649 0.82944217708 0.77037292978 0.74057033605 0.91876760023 0.70143287630 0.78214739551 0.66704522805 0.81663066118 0.73279370686 0.82939842923 0.85153947942 0.69247345509 0.66208615602 0.61231826459 0.86673740827 0.70467432061 0.82770683328 0.78605185336 0.84591847200 0.81694070510 0.82203197279 0.82599604256 0.94726763016 0.89111316789 1.01781356950 0.97903007170 0.98062516495 0.98096657912 1.07147544231 1.65412170722 1.33150740109 1.16422952777 1.53321610457 1.81340784065 3.74208295286 

---- Expected P_neut(i), 0 < i < n (neutral SFS per site) 
E[P_neut(1)] = 0.0158043669
E[P_neut(2)] = 0.0072396443
E[P_neut(3)] = 0.0044139853
E[P_neut(4)] = 0.0033290567
E[P_neut(5)] = 0.0030906228
E[P_neut(6)] = 0.0023104549
E[P_neut(7)] = 0.0018170003
E[P_neut(8)] = 0.0017654095
E[P_neut(9)] = 0.0014376746
E[P_neut(10)] = 0.0012472365
E[P_neut(11)] = 0.0011174823
E[P_neut(12)] = 0.0011073101
E[P_neut(13)] = 0.0008262572
E[P_neut(14)] = 0.0008789905
E[P_neut(15)] = 0.0008739750
E[P_neut(16)] = 0.0007610110
E[P_neut(17)] = 0.0006885480
E[P_neut(18)] = 0.0008067551
E[P_neut(19)] = 0.0005835255
E[P_neut(20)] = 0.0006181251
E[P_neut(21)] = 0.0005020884
E[P_neut(22)] = 0.0005867052
E[P_neut(23)] = 0.0005035989
E[P_neut(24)] = 0.0005462393
E[P_neut(25)] = 0.0005384106
E[P_neut(26)] = 0.0004210190
E[P_neut(27)] = 0.0003876348
E[P_neut(28)] = 0.0003457181
E[P_neut(29)] = 0.0004724362
E[P_neut(30)] = 0.0003713365
E[P_neut(31)] = 0.0004220786
E[P_neut(32)] = 0.0003883593
E[P_neut(33)] = 0.0004052450
E[P_neut(34)] = 0.0003798729
E[P_neut(35)] = 0.0003713424
E[P_neut(36)] = 0.0003627728
E[P_neut(37)] = 0.0004047628
E[P_neut(38)] = 0.0003708107
E[P_neut(39)] = 0.0004126531
E[P_neut(40)] = 0.0003870414
E[P_neut(41)] = 0.0003782557
E[P_neut(42)] = 0.0003694428
E[P_neut(43)] = 0.0003941331
E[P_neut(44)] = 0.0005945491
E[P_neut(45)] = 0.0004681823
E[P_neut(46)] = 0.0004005876
E[P_neut(47)] = 0.0005163460
E[P_neut(48)] = 0.0005983643
E[P_neut(49)] = 0.0012097728

---- Expected P_sel(i), 0 < i < n (selected SFS per site) 
E[P_sel(1)] = 0.0037067511
E[P_sel(2)] = 0.0011737337
E[P_sel(3)] = 0.0006061710
E[P_sel(4)] = 0.0004127033
E[P_sel(5)] = 0.0003563748
E[P_sel(6)] = 0.0002521056
E[P_sel(7)] = 0.0001897178
E[P_sel(8)] = 0.0001777646
E[P_sel(9)] = 0.0001404094
E[P_sel(10)] = 0.0001186669
E[P_sel(11)] = 0.0001039386
E[P_sel(12)] = 0.0001009691
E[P_sel(13)] = 0.0000740341
E[P_sel(14)] = 0.0000775455
E[P_sel(15)] = 0.0000760434
E[P_sel(16)] = 0.0000654005
E[P_sel(17)] = 0.0000585210
E[P_sel(18)] = 0.0000678900
E[P_sel(19)] = 0.0000486694
E[P_sel(20)] = 0.0000511459
E[P_sel(21)] = 0.0000412498
E[P_sel(22)] = 0.0000478972
E[P_sel(23)] = 0.0000408825
E[P_sel(24)] = 0.0000441260
E[P_sel(25)] = 0.0000433073
E[P_sel(26)] = 0.0000337403
E[P_sel(27)] = 0.0000309685
E[P_sel(28)] = 0.0000275494
E[P_sel(29)] = 0.0000375711
E[P_sel(30)] = 0.0000294868
E[P_sel(31)] = 0.0000334827
E[P_sel(32)] = 0.0000307927
E[P_sel(33)] = 0.0000321311
E[P_sel(34)] = 0.0000301339
E[P_sel(35)] = 0.0000294857
E[P_sel(36)] = 0.0000288469
E[P_sel(37)] = 0.0000322479
E[P_sel(38)] = 0.0000296152
E[P_sel(39)] = 0.0000330533
E[P_sel(40)] = 0.0000311089
E[P_sel(41)] = 0.0000305239
E[P_sel(42)] = 0.0000299483
E[P_sel(43)] = 0.0000321113
E[P_sel(44)] = 0.0000487112
E[P_sel(45)] = 0.0000386048
E[P_sel(46)] = 0.0000332649
E[P_sel(47)] = 0.0000432077
E[P_sel(48)] = 0.0000505292
E[P_sel(49)] = 0.0001032797

---- alpha_dfe = 0.472897

