---- Running command
---- ./polyDFE -d RevisionsCapsellaPolyDFE/express18_1.70159526762654_PolyDFE.input -m C -i /home/jejames/ArabidopsisCrossGenome/model.txt 1 -e 
---- Performing inference using model C

---- Performing inference on RevisionsCapsellaPolyDFE/express18_1.70159526762654_PolyDFE.input
----      with -i /home/jejames/ArabidopsisCrossGenome/model.txt 1
---- Data RevisionsCapsellaPolyDFE/express18_1.70159526762654_PolyDFE.input does not contain divergence counts. Using option -w.
---- No mutation variability. Using Poisson likelihood.


---- Calculating initial values

-- Starting local optimization
-- Optimizing all parameters
  it        eps_an     theta_bar           S_d             b           p_b           S_b           r 2           r 3           r 4           r 5           r 6           r 7           r 8           r 9          r 10          r 11          r 12          r 13          r 14          r 15          r 16          r 17          r 18          r 19          r 20          r 21          r 22          r 23          r 24          r 25          r 26          r 27          r 28          r 29          r 30          r 31          r 32          r 33          r 34          r 35          r 36          r 37          r 38          r 39          r 40          r 41          r 42          r 43          r 44          r 45          r 46          r 47          r 48          r 49           ln lk          grad status 
   0           0.1 0.01587251948        -20000         0.406           0.1            20 0.87902908030 0.90621798408 0.88895894081 0.83497517534 0.93577114035 0.93120025218 0.81582473008 0.94191819686 0.83064071242 0.84695405469 0.85302230278 0.84214674127 0.78114902671 0.84876664827 0.77925762471 0.84939711561 0.70643864764 0.91937898967 0.80857435574 0.67523051461 0.88076286547 0.59996847663 0.78871463472 0.86689258412 0.80526440223 0.89155961856  0.9091338955 0.89589408148 0.89132319331 0.99188273307 1.01379147292 1.10788872251 0.96997399322 1.05366853179 1.05540231696 1.04389628812 1.55126487508 1.45377886358 1.65812908818 1.39585467727 1.47623926235 1.87059657971 1.84127984868 2.37962014343 2.39262353219 3.61880368823 4.05894869572             1 -3053.911062566 44.3004195747   -2 
 288 0.00046106030 0.01411689021 -1340.7335143 0.33340021148 0.00594520782 4.13967320738 0.87323520031 0.92007389085 0.89366190929 0.86000271257 0.87586073153 0.88610528536 0.79425305346 0.93748210903 0.76362701548 0.77009583269 0.77272209533 0.77473970729 0.75224916434 0.75958330981 0.71379232383 0.77845726113 0.73089950428 0.92380006792 0.71948318124 0.62284592894 0.80732744856 0.53737512807 0.70585663542 0.87451200849 0.65084138235 0.83999041714 0.80213514205 0.75915977762 0.81670019191 0.82922653424 0.88952828758 0.85140844993 0.79218274044 0.81600508498 0.89450760349 0.99449951301 1.09889237427 1.04857874144 1.13619603277 1.14276336340 0.95766386264 1.28378833205 1.26721349747 1.47618892617 1.41169776797 1.86510546167 2.01519805329 2.86933542618 -302.9037301646 0.00682602635   -8 
-- Local optimization: reached maximum number of likelihood evaluations allowed.
---- Best joint likelihood found -302.903730164681065 with gradient 0.00683

---- Results for RevisionsCapsellaPolyDFE/express18_1.70159526762654_PolyDFE.input 
--  Model: C
--        eps_an     theta_bar             a 
-- 0.00046106030 0.01411689021            -1 
--           S_d             b           p_b           S_b 
-- -1340.7335143 0.33340021148 0.00594520782 4.13967320738 
--           r 2           r 3           r 4           r 5           r 6           r 7           r 8           r 9          r 10          r 11          r 12          r 13          r 14          r 15          r 16          r 17          r 18          r 19          r 20          r 21          r 22          r 23          r 24          r 25          r 26          r 27          r 28          r 29          r 30          r 31          r 32          r 33          r 34          r 35          r 36          r 37          r 38          r 39          r 40          r 41          r 42          r 43          r 44          r 45          r 46          r 47          r 48          r 49 
-- 0.87323520031 0.92007389085 0.89366190929 0.86000271257 0.87586073153 0.88610528536 0.79425305346 0.93748210903 0.76362701548 0.77009583269 0.77272209533 0.77473970729 0.75224916434 0.75958330981 0.71379232383 0.77845726113 0.73089950428 0.92380006792 0.71948318124 0.62284592894 0.80732744856 0.53737512807 0.70585663542 0.87451200849 0.65084138235 0.83999041714 0.80213514205 0.75915977762 0.81670019191 0.82922653424 0.88952828758 0.85140844993 0.79218274044 0.81600508498 0.89450760349 0.99449951301 1.09889237427 1.04857874144 1.13619603277 1.14276336340 0.95766386264 1.28378833205 1.26721349747 1.47618892617 1.41169776797 1.86510546167 2.01519805329 2.86933542618 

---- Expected P_neut(i), 0 < i < n (neutral SFS per site) 
E[P_neut(1)] = 0.0141107626
E[P_neut(2)] = 0.0061611142
E[P_neut(3)] = 0.0043277895
E[P_neut(4)] = 0.0031526774
E[P_neut(5)] = 0.0024272068
E[P_neut(6)] = 0.0020599756
E[P_neut(7)] = 0.0017863777
E[P_neut(8)] = 0.0014010501
E[P_neut(9)] = 0.0014699848
E[P_neut(10)] = 0.0010776917
E[P_neut(11)] = 0.0009880246
E[P_neut(12)] = 0.0009088052
E[P_neut(13)] = 0.0008410882
E[P_neut(14)] = 0.0007583419
E[P_neut(15)] = 0.0007146858
E[P_neut(16)] = 0.0006296443
E[P_neut(17)] = 0.0006463049
E[P_neut(18)] = 0.0005731404
E[P_neut(19)] = 0.0006862358
E[P_neut(20)] = 0.0005077863
E[P_neut(21)] = 0.0004186748
E[P_neut(22)] = 0.0005179909
E[P_neut(23)] = 0.0003298794
E[P_neut(24)] = 0.0004151590
E[P_neut(25)] = 0.0004938156
E[P_neut(26)] = 0.0003534076
E[P_neut(27)] = 0.0004391367
E[P_neut(28)] = 0.0004044686
E[P_neut(29)] = 0.0003695735
E[P_neut(30)] = 0.0003843659
E[P_neut(31)] = 0.0003777585
E[P_neut(32)] = 0.0003925013
E[P_neut(33)] = 0.0003643495
E[P_neut(34)] = 0.0003290551
E[P_neut(35)] = 0.0003293051
E[P_neut(36)] = 0.0003509565
E[P_neut(37)] = 0.0003796519
E[P_neut(38)] = 0.0004084662
E[P_neut(39)] = 0.0003798363
E[P_neut(40)] = 0.0004013010
E[P_neut(41)] = 0.0003939664
E[P_neut(42)] = 0.0003223844
E[P_neut(43)] = 0.0004220970
E[P_neut(44)] = 0.0004073334
E[P_neut(45)] = 0.0004639993
E[P_neut(46)] = 0.0004344888
E[P_neut(47)] = 0.0005619398
E[P_neut(48)] = 0.0005952421
E[P_neut(49)] = 0.0008327826

---- Expected P_sel(i), 0 < i < n (selected SFS per site) 
E[P_sel(1)] = 0.0043236566
E[P_sel(2)] = 0.0013391730
E[P_sel(3)] = 0.0007984238
E[P_sel(4)] = 0.0005241650
E[P_sel(5)] = 0.0003743104
E[P_sel(6)] = 0.0002996565
E[P_sel(7)] = 0.0002478151
E[P_sel(8)] = 0.0001867862
E[P_sel(9)] = 0.0001894124
E[P_sel(10)] = 0.0001348005
E[P_sel(11)] = 0.0001203862
E[P_sel(12)] = 0.0001081714
E[P_sel(13)] = 0.0000980240
E[P_sel(14)] = 0.0000867080
E[P_sel(15)] = 0.0000803054
E[P_sel(16)] = 0.0000696293
E[P_sel(17)] = 0.0000704302
E[P_sel(18)] = 0.0000616167
E[P_sel(19)] = 0.0000728573
E[P_sel(20)] = 0.0000532888
E[P_sel(21)] = 0.0000434662
E[P_sel(22)] = 0.0000532419
E[P_sel(23)] = 0.0000335928
E[P_sel(24)] = 0.0000419142
E[P_sel(25)] = 0.0000494578
E[P_sel(26)] = 0.0000351339
E[P_sel(27)] = 0.0000433585
E[P_sel(28)] = 0.0000396849
E[P_sel(29)] = 0.0000360522
E[P_sel(30)] = 0.0000372987
E[P_sel(31)] = 0.0000364846
E[P_sel(32)] = 0.0000377473
E[P_sel(33)] = 0.0000349098
E[P_sel(34)] = 0.0000314269
E[P_sel(35)] = 0.0000313666
E[P_sel(36)] = 0.0000333565
E[P_sel(37)] = 0.0000360260
E[P_sel(38)] = 0.0000387204
E[P_sel(39)] = 0.0000359931
E[P_sel(40)] = 0.0000380365
E[P_sel(41)] = 0.0000373826
E[P_sel(42)] = 0.0000306461
E[P_sel(43)] = 0.0000402262
E[P_sel(44)] = 0.0000389614
E[P_sel(45)] = 0.0000445842
E[P_sel(46)] = 0.0000420151
E[P_sel(47)] = 0.0000547441
E[P_sel(48)] = 0.0000586106
E[P_sel(49)] = 0.0000836714

---- alpha_dfe = 0.260012

