---- Running command
---- ./polyDFE -d RevisionsCapsellaPolyDFE/express6_-0.825867346219088_PolyDFE.input -m C -i /home/jejames/ArabidopsisCrossGenome/model.txt 1 -e 
---- Performing inference using model C

---- Performing inference on RevisionsCapsellaPolyDFE/express6_-0.825867346219088_PolyDFE.input
----      with -i /home/jejames/ArabidopsisCrossGenome/model.txt 1
---- Data RevisionsCapsellaPolyDFE/express6_-0.825867346219088_PolyDFE.input does not contain divergence counts. Using option -w.
---- No mutation variability. Using Poisson likelihood.


---- Calculating initial values

-- Starting local optimization
-- Optimizing all parameters
  it        eps_an     theta_bar           S_d             b           p_b           S_b           r 2           r 3           r 4           r 5           r 6           r 7           r 8           r 9          r 10          r 11          r 12          r 13          r 14          r 15          r 16          r 17          r 18          r 19          r 20          r 21          r 22          r 23          r 24          r 25          r 26          r 27          r 28          r 29          r 30          r 31          r 32          r 33          r 34          r 35          r 36          r 37          r 38          r 39          r 40          r 41          r 42          r 43          r 44          r 45          r 46          r 47          r 48          r 49           ln lk          grad status 
   0           0.1 0.01623395157        -20000         0.406           0.1            20 0.90194198034 0.94245984176 0.94845360824 0.84671941181 0.86693838408 0.87660832733 0.86310237353 1.00551426516 0.98137936545 0.66898425637 0.70582594102 0.84152481419 0.65116279069 0.78638216255 0.81323423639 0.72684408215 0.86597938144 0.71213937504 0.85351234715 0.76192759530 0.91424918085 0.77015903460 0.92639654759 0.87908575081 0.88723727323 1.05945816351 0.80556221529 0.94094142092 0.97338767681 0.94389834572 0.96667465835 1.09446175976 1.20642531766 1.29785023575 1.02996883241 1.21233916726 1.16614720690 1.15008391273 1.57276432510 1.64484935666 1.84608007672 2.00343642611 1.80036761767 2.12538959482 2.58435227363 3.37672820266 4.24646367777             1 -3242.737929931 29.3374788020   -2 
 234 0.00070189085 0.01414693031 -847.37861711 0.27938400090 0.00108134714 1.40399543405 0.97514520440 0.95881231169 0.94233217867 0.86348352592 0.89654821975 0.85611055788 0.86424455776 0.89885665970 0.90456490730 0.79755911613 0.71335721308 0.80123092493 0.70375719326 0.80366273422 0.71900922994 0.68072049921 0.83376437433 0.66978055618 0.77854747299 0.76561352489 0.80563949800 0.67249607419 0.82142200895 0.79219882632 0.88524075306 0.75199361998 0.65590147311 0.82577986305 0.65273712885 0.77465372494 0.90371973158 0.81381009228 0.93378480686 1.07628882262 0.81171409083 0.95449114007 1.12277413446 1.09987237256 1.12989213725 1.08421559294 1.52464818738 1.34068288959 1.22949811808 1.34234525564 1.67336060624 1.79713190610 2.09920782274 3.19498300814 -321.7082888691 0.00328611789   -8 
-- Local optimization: reached maximum number of likelihood evaluations allowed.
---- Best joint likelihood found -321.708288869131025 with gradient 0.00329

---- Results for RevisionsCapsellaPolyDFE/express6_-0.825867346219088_PolyDFE.input 
--  Model: C
--        eps_an     theta_bar             a 
-- 0.00070189085 0.01414693031            -1 
--           S_d             b           p_b           S_b 
-- -847.37861711 0.27938400090 0.00108134714 1.40399543405 
--           r 2           r 3           r 4           r 5           r 6           r 7           r 8           r 9          r 10          r 11          r 12          r 13          r 14          r 15          r 16          r 17          r 18          r 19          r 20          r 21          r 22          r 23          r 24          r 25          r 26          r 27          r 28          r 29          r 30          r 31          r 32          r 33          r 34          r 35          r 36          r 37          r 38          r 39          r 40          r 41          r 42          r 43          r 44          r 45          r 46          r 47          r 48          r 49 
-- 0.97514520440 0.95881231169 0.94233217867 0.86348352592 0.89654821975 0.85611055788 0.86424455776 0.89885665970 0.90456490730 0.79755911613 0.71335721308 0.80123092493 0.70375719326 0.80366273422 0.71900922994 0.68072049921 0.83376437433 0.66978055618 0.77854747299 0.76561352489 0.80563949800 0.67249607419 0.82142200895 0.79219882632 0.88524075306 0.75199361998 0.65590147311 0.82577986305 0.65273712885 0.77465372494 0.90371973158 0.81381009228 0.93378480686 1.07628882262 0.81171409083 0.95449114007 1.12277413446 1.09987237256 1.12989213725 1.08421559294 1.52464818738 1.34068288959 1.22949811808 1.34234525564 1.67336060624 1.79713190610 2.09920782274 3.19498300814 

---- Expected P_neut(i), 0 < i < n (neutral SFS per site) 
E[P_neut(1)] = 0.0141376482
E[P_neut(2)] = 0.0068932485
E[P_neut(3)] = 0.0045186231
E[P_neut(4)] = 0.0033307989
E[P_neut(5)] = 0.0024417096
E[P_neut(6)] = 0.0021126946
E[P_neut(7)] = 0.0017292861
E[P_neut(8)] = 0.0015275887
E[P_neut(9)] = 0.0014121667
E[P_neut(10)] = 0.0012790640
E[P_neut(11)] = 0.0010252886
E[P_neut(12)] = 0.0008406877
E[P_neut(13)] = 0.0008715640
E[P_neut(14)] = 0.0007108679
E[P_neut(15)] = 0.0007577307
E[P_neut(16)] = 0.0006355623
E[P_neut(17)] = 0.0005663241
E[P_neut(18)] = 0.0006551097
E[P_neut(19)] = 0.0004986001
E[P_neut(20)] = 0.0005505324
E[P_neut(21)] = 0.0005156865
E[P_neut(22)] = 0.0005179292
E[P_neut(23)] = 0.0004136278
E[P_neut(24)] = 0.0004841899
E[P_neut(25)] = 0.0004482873
E[P_neut(26)] = 0.0004816725
E[P_neut(27)] = 0.0003940286
E[P_neut(28)] = 0.0003315236
E[P_neut(29)] = 0.0004029155
E[P_neut(30)] = 0.0003079780
E[P_neut(31)] = 0.0003536171
E[P_neut(32)] = 0.0003997064
E[P_neut(33)] = 0.0003490289
E[P_neut(34)] = 0.0003887085
E[P_neut(35)] = 0.0004352605
E[P_neut(36)] = 0.0003192548
E[P_neut(37)] = 0.0003653050
E[P_neut(38)] = 0.0004182918
E[P_neut(39)] = 0.0003994096
E[P_neut(40)] = 0.0004002303
E[P_neut(41)] = 0.0003748345
E[P_neut(42)] = 0.0005142620
E[P_neut(43)] = 0.0004419873
E[P_neut(44)] = 0.0003965159
E[P_neut(45)] = 0.0004234201
E[P_neut(46)] = 0.0005166066
E[P_neut(47)] = 0.0005437279
E[P_neut(48)] = 0.0006231019
E[P_neut(49)] = 0.0009317148

---- Expected P_sel(i), 0 < i < n (selected SFS per site) 
E[P_sel(1)] = 0.0055230670
E[P_sel(2)] = 0.0020321958
E[P_sel(3)] = 0.0011599078
E[P_sel(4)] = 0.0007821269
E[P_sel(5)] = 0.0005372568
E[P_sel(6)] = 0.0004417824
E[P_sel(7)] = 0.0003468349
E[P_sel(8)] = 0.0002957756
E[P_sel(9)] = 0.0002652400
E[P_sel(10)] = 0.0002339005
E[P_sel(11)] = 0.0001830771
E[P_sel(12)] = 0.0001469246
E[P_sel(13)] = 0.0001493792
E[P_sel(14)] = 0.0001196775
E[P_sel(15)] = 0.0001254784
E[P_sel(16)] = 0.0001036495
E[P_sel(17)] = 0.0000910502
E[P_sel(18)] = 0.0001039278
E[P_sel(19)] = 0.0000781120
E[P_sel(20)] = 0.0000852341
E[P_sel(21)] = 0.0000789497
E[P_sel(22)] = 0.0000784561
E[P_sel(23)] = 0.0000620266
E[P_sel(24)] = 0.0000719129
E[P_sel(25)] = 0.0000659718
E[P_sel(26)] = 0.0000702647
E[P_sel(27)] = 0.0000569976
E[P_sel(28)] = 0.0000475709
E[P_sel(29)] = 0.0000573671
E[P_sel(30)] = 0.0000435248
E[P_sel(31)] = 0.0000496148
E[P_sel(32)] = 0.0000556944
E[P_sel(33)] = 0.0000483079
E[P_sel(34)] = 0.0000534523
E[P_sel(35)] = 0.0000594806
E[P_sel(36)] = 0.0000433674
E[P_sel(37)] = 0.0000493340
E[P_sel(38)] = 0.0000561653
E[P_sel(39)] = 0.0000533418
E[P_sel(40)] = 0.0000531758
E[P_sel(41)] = 0.0000495541
E[P_sel(42)] = 0.0000676316
E[P_sel(43)] = 0.0000578663
E[P_sel(44)] = 0.0000517043
E[P_sel(45)] = 0.0000549842
E[P_sel(46)] = 0.0000668380
E[P_sel(47)] = 0.0000701818
E[P_sel(48)] = 0.0000804227
E[P_sel(49)] = 0.0001211594

---- alpha_dfe = 0.016826

