---- Running command
---- ./polyDFE -d RevisionsCapsellaPolyDFE/express13_0.463913048976675_PolyDFE.input -m C -i /home/jejames/ArabidopsisCrossGenome/model.txt 1 -e 
---- Performing inference using model C

---- Performing inference on RevisionsCapsellaPolyDFE/express13_0.463913048976675_PolyDFE.input
----      with -i /home/jejames/ArabidopsisCrossGenome/model.txt 1
---- Data RevisionsCapsellaPolyDFE/express13_0.463913048976675_PolyDFE.input does not contain divergence counts. Using option -w.
---- No mutation variability. Using Poisson likelihood.


---- Calculating initial values

-- Starting local optimization
-- Optimizing all parameters
  it        eps_an     theta_bar           S_d             b           p_b           S_b           r 2           r 3           r 4           r 5           r 6           r 7           r 8           r 9          r 10          r 11          r 12          r 13          r 14          r 15          r 16          r 17          r 18          r 19          r 20          r 21          r 22          r 23          r 24          r 25          r 26          r 27          r 28          r 29          r 30          r 31          r 32          r 33          r 34          r 35          r 36          r 37          r 38          r 39          r 40          r 41          r 42          r 43          r 44          r 45          r 46          r 47          r 48          r 49           ln lk          grad status 
   0           0.1 0.01608316052        -20000         0.406           0.1            20 0.92980870613 0.85201084500 0.85283928302 0.83898177436 0.77586985991 0.76020485012 0.84048802530 0.85133303208 0.69513480945 0.80855550534 0.61906913691 0.62366320228 0.65687603554 0.81789426118 0.75553547220 0.73746046091 0.73881608676 0.61959632474 0.67931917457 0.77022141888 0.89636993523 0.81932519957 0.71938544961 0.77195360747 0.90465431540 0.84794396746 0.98900436812 1.01122156951 0.67555354722 0.88017773761 0.83145051965 0.75553547220 0.72465732791 0.93839433649 1.10347943967 1.03938846211 1.15906009941 1.36285585178 1.40683837927 1.30923331827 1.50248531405 1.61274288296 1.89877993673 2.34523271577 2.62946226841 2.89900587437 4.47175779484             1 -3165.608398050 37.0937176446   -2 
1457 0.01021844866 0.01451679196 -1308.1691093 0.28869211659 0.00009296697 0.31136037970 0.89366688679 0.83239242603 0.82460158704 0.82135888458 0.78563158629 0.74510149474 0.89033036617 0.80858365581 0.75771708821 0.74689309215 0.69791753367 0.70261715468 0.67353656344 0.76488513278 0.66442552348 0.61493151612 0.68497496961 0.55373851099 0.62088805723 0.64380743915 0.73527346850 0.69100394208 0.60625795689 0.71127161065 0.76599830852 0.68840008361 0.73999926726 0.82127233298 0.62270120322 0.74341785511 0.72275665775 0.67312533566 0.63127635116 0.67968568724 0.81636639635 0.80409030061 0.92949509792 0.93434591247 0.95619308922 0.78636184636 0.96853410546 0.93781939363 1.14910177481 1.48689480983 1.39109756069 1.42598819371 1.69950456822 2.70936655583 -305.6508046312 0.00008902609    0 
---- Best joint likelihood found -305.650804631283734 with gradient 0.00009

---- Results for RevisionsCapsellaPolyDFE/express13_0.463913048976675_PolyDFE.input 
--  Model: C
--        eps_an     theta_bar             a 
-- 0.01021844866 0.01451679196            -1 
--           S_d             b           p_b           S_b 
-- -1308.1691093 0.28869211659 0.00009296697 0.31136037970 
--           r 2           r 3           r 4           r 5           r 6           r 7           r 8           r 9          r 10          r 11          r 12          r 13          r 14          r 15          r 16          r 17          r 18          r 19          r 20          r 21          r 22          r 23          r 24          r 25          r 26          r 27          r 28          r 29          r 30          r 31          r 32          r 33          r 34          r 35          r 36          r 37          r 38          r 39          r 40          r 41          r 42          r 43          r 44          r 45          r 46          r 47          r 48          r 49 
-- 0.89366688679 0.83239242603 0.82460158704 0.82135888458 0.78563158629 0.74510149474 0.89033036617 0.80858365581 0.75771708821 0.74689309215 0.69791753367 0.70261715468 0.67353656344 0.76488513278 0.66442552348 0.61493151612 0.68497496961 0.55373851099 0.62088805723 0.64380743915 0.73527346850 0.69100394208 0.60625795689 0.71127161065 0.76599830852 0.68840008361 0.73999926726 0.82127233298 0.62270120322 0.74341785511 0.72275665775 0.67312533566 0.63127635116 0.67968568724 0.81636639635 0.80409030061 0.92949509792 0.93434591247 0.95619308922 0.78636184636 0.96853410546 0.93781939363 1.14910177481 1.48689480983 1.39109756069 1.42598819371 1.69950456822 2.70936655583 

---- Expected P_neut(i), 0 < i < n (neutral SFS per site) 
E[P_neut(1)] = 0.0143766550
E[P_neut(2)] = 0.0064255574
E[P_neut(3)] = 0.0039912311
E[P_neut(4)] = 0.0029665482
E[P_neut(5)] = 0.0023652327
E[P_neut(6)] = 0.0018852591
E[P_neut(7)] = 0.0015326575
E[P_neut(8)] = 0.0016025045
E[P_neut(9)] = 0.0012937447
E[P_neut(10)] = 0.0010922682
E[P_neut(11)] = 0.0009791628
E[P_neut(12)] = 0.0008392947
E[P_neut(13)] = 0.0007798023
E[P_neut(14)] = 0.0006946266
E[P_neut(15)] = 0.0007355617
E[P_neut(16)] = 0.0005994271
E[P_neut(17)] = 0.0005227678
E[P_neut(18)] = 0.0005501299
E[P_neut(19)] = 0.0004223134
E[P_neut(20)] = 0.0004491391
E[P_neut(21)] = 0.0004447017
E[P_neut(22)] = 0.0004841359
E[P_neut(23)] = 0.0004354629
E[P_neut(24)] = 0.0003673282
E[P_neut(25)] = 0.0004130153
E[P_neut(26)] = 0.0004270629
E[P_neut(27)] = 0.0003707990
E[P_neut(28)] = 0.0003846950
E[P_neut(29)] = 0.0004114585
E[P_neut(30)] = 0.0003028469
E[P_neut(31)] = 0.0003488963
E[P_neut(32)] = 0.0003301729
E[P_neut(33)] = 0.0002984497
E[P_neut(34)] = 0.0002729384
E[P_neut(35)] = 0.0002865936
E[P_neut(36)] = 0.0003329677
E[P_neut(37)] = 0.0003202750
E[P_neut(38)] = 0.0003600854
E[P_neut(39)] = 0.0003543056
E[P_neut(40)] = 0.0003547153
E[P_neut(41)] = 0.0002889077
E[P_neut(42)] = 0.0003478502
E[P_neut(43)] = 0.0003291621
E[P_neut(44)] = 0.0003946691
E[P_neut(45)] = 0.0004991319
E[P_neut(46)] = 0.0004651002
E[P_neut(47)] = 0.0004771001
E[P_neut(48)] = 0.0005750173
E[P_neut(49)] = 0.0009428168

---- Expected P_sel(i), 0 < i < n (selected SFS per site) 
E[P_sel(1)] = 0.0048945302
E[P_sel(2)] = 0.0016191678
E[P_sel(3)] = 0.0008698532
E[P_sel(4)] = 0.0005890552
E[P_sel(5)] = 0.0004387873
E[P_sel(6)] = 0.0003316887
E[P_sel(7)] = 0.0002581929
E[P_sel(8)] = 0.0002602400
E[P_sel(9)] = 0.0002035445
E[P_sel(10)] = 0.0001670772
E[P_sel(11)] = 0.0001460935
E[P_sel(12)] = 0.0001224379
E[P_sel(13)] = 0.0001114772
E[P_sel(14)] = 0.0000974554
E[P_sel(15)] = 0.0001014597
E[P_sel(16)] = 0.0000813650
E[P_sel(17)] = 0.0000699007
E[P_sel(18)] = 0.0000725415
E[P_sel(19)] = 0.0000549507
E[P_sel(20)] = 0.0000577364
E[P_sel(21)] = 0.0000564934
E[P_sel(22)] = 0.0000608346
E[P_sel(23)] = 0.0000541464
E[P_sel(24)] = 0.0000452178
E[P_sel(25)] = 0.0000503621
E[P_sel(26)] = 0.0000516019
E[P_sel(27)] = 0.0000444189
E[P_sel(28)] = 0.0000457035
E[P_sel(29)] = 0.0000484871
E[P_sel(30)] = 0.0000354285
E[P_sel(31)] = 0.0000405029
E[P_sel(32)] = 0.0000380830
E[P_sel(33)] = 0.0000341969
E[P_sel(34)] = 0.0000310993
E[P_sel(35)] = 0.0000324834
E[P_sel(36)] = 0.0000374751
E[P_sel(37)] = 0.0000358789
E[P_sel(38)] = 0.0000401105
E[P_sel(39)] = 0.0000393277
E[P_sel(40)] = 0.0000392403
E[P_sel(41)] = 0.0000320296
E[P_sel(42)] = 0.0000384705
E[P_sel(43)] = 0.0000363251
E[P_sel(44)] = 0.0000435162
E[P_sel(45)] = 0.0000549920
E[P_sel(46)] = 0.0000520321
E[P_sel(47)] = 0.0000548531
E[P_sel(48)] = 0.0000699895
E[P_sel(49)] = 0.0001333317

---- alpha_dfe = 0.001055

