---- Running command
---- ./polyDFE -d RevisionsCapsellaPolyDFE/aranetconnec15_94.2464454976303_PolyDFE.input -m C -i /home/jejames/ArabidopsisCrossGenome/model.txt 1 -e 
---- Performing inference using model C

---- Performing inference on RevisionsCapsellaPolyDFE/aranetconnec15_94.2464454976303_PolyDFE.input
----      with -i /home/jejames/ArabidopsisCrossGenome/model.txt 1
---- Data RevisionsCapsellaPolyDFE/aranetconnec15_94.2464454976303_PolyDFE.input does not contain divergence counts. Using option -w.
---- No mutation variability. Using Poisson likelihood.


---- Calculating initial values

-- Starting local optimization
-- Optimizing all parameters
  it        eps_an     theta_bar           S_d             b           p_b           S_b           r 2           r 3           r 4           r 5           r 6           r 7           r 8           r 9          r 10          r 11          r 12          r 13          r 14          r 15          r 16          r 17          r 18          r 19          r 20          r 21          r 22          r 23          r 24          r 25          r 26          r 27          r 28          r 29          r 30          r 31          r 32          r 33          r 34          r 35          r 36          r 37          r 38          r 39          r 40          r 41          r 42          r 43          r 44          r 45          r 46          r 47          r 48          r 49           ln lk          grad status 
   0           0.1 0.01432946177        -20000         0.406           0.1            20 0.94481546572 0.82012302284 0.91599297012 0.90465729349 0.92056239015 0.89253075571 0.92372583479 0.99569420035 0.76098418277 0.93181019332 0.92161687170 0.90702987697 0.70738137082 0.75131810193 1.03760984182 0.70360281195 0.76555360281 0.96502636203 1.09841827768 0.85439367311 0.77328646748 0.64876977152 0.88998242530 0.94463971880 0.81792618629 0.97038664323 0.78734622144 1.03717047451 1.12038664323 1.09507908611 1.22601054481 0.92504393673 1.44007029876 1.26098418277 1.18629173989 1.38506151142 1.15536028119 1.76836555360 1.52548330404 1.62486818980 1.42460456942 1.88550087873 2.29666080843 2.73242530755 2.96695957820 3.63031634446 4.99402460456             1 -3045.591087573 34.4390222924   -2 
 897 0.00011516531 0.01266630018 -828.37143035 0.30618100021 0.00013957057 1.60144839594 0.93768831338 0.85151883936 0.95600705948 0.90580182893 0.92907744329 0.87535457466 0.92539908929 0.88824359707 0.75395893560 0.83823234827 0.90584406616 0.85730326120 0.66356475262 0.68642958267 0.85577922140 0.70296104486 0.73036791000 0.85145671825 0.98155923547 0.82180390996 0.71863107433 0.57750075285 0.83949129928 0.69693347674 0.80810464025 0.79986913859 0.77366673770 0.97050700477 0.80227667809 0.94544883412 0.97854848055 0.78489781836 1.13496362633 1.07817965368 0.99650661272 1.20406146836 0.99534719349 1.50432875173 1.18088033469 1.27878928402 0.88223490598 1.46209114166 1.52240799463 1.77900392777 1.77121780781 2.19563117131 2.66233198738 4.31988494945 -301.6352726832 0.00009180916    0 
---- Best joint likelihood found -301.635272683261917 with gradient 0.00009

---- Results for RevisionsCapsellaPolyDFE/aranetconnec15_94.2464454976303_PolyDFE.input 
--  Model: C
--        eps_an     theta_bar             a 
-- 0.00011516531 0.01266630018            -1 
--           S_d             b           p_b           S_b 
-- -828.37143035 0.30618100021 0.00013957057 1.60144839594 
--           r 2           r 3           r 4           r 5           r 6           r 7           r 8           r 9          r 10          r 11          r 12          r 13          r 14          r 15          r 16          r 17          r 18          r 19          r 20          r 21          r 22          r 23          r 24          r 25          r 26          r 27          r 28          r 29          r 30          r 31          r 32          r 33          r 34          r 35          r 36          r 37          r 38          r 39          r 40          r 41          r 42          r 43          r 44          r 45          r 46          r 47          r 48          r 49 
-- 0.93768831338 0.85151883936 0.95600705948 0.90580182893 0.92907744329 0.87535457466 0.92539908929 0.88824359707 0.75395893560 0.83823234827 0.90584406616 0.85730326120 0.66356475262 0.68642958267 0.85577922140 0.70296104486 0.73036791000 0.85145671825 0.98155923547 0.82180390996 0.71863107433 0.57750075285 0.83949129928 0.69693347674 0.80810464025 0.79986913859 0.77366673770 0.97050700477 0.80227667809 0.94544883412 0.97854848055 0.78489781836 1.13496362633 1.07817965368 0.99650661272 1.20406146836 0.99534719349 1.50432875173 1.18088033469 1.27878928402 0.88223490598 1.46209114166 1.52240799463 1.77900392777 1.77121780781 2.19563117131 2.66233198738 4.31988494945 

---- Expected P_neut(i), 0 < i < n (neutral SFS per site) 
E[P_neut(1)] = 0.0126649701
E[P_neut(2)] = 0.0059379178
E[P_neut(3)] = 0.0035948518
E[P_neut(4)] = 0.0030269756
E[P_neut(5)] = 0.0022944250
E[P_neut(6)] = 0.0019611536
E[P_neut(7)] = 0.0015837963
E[P_neut(8)] = 0.0014650347
E[P_neut(9)] = 0.0012499860
E[P_neut(10)] = 0.0009549201
E[P_neut(11)] = 0.0009651544
E[P_neut(12)] = 0.0009560692
E[P_neut(13)] = 0.0008352482
E[P_neut(14)] = 0.0006003220
E[P_neut(15)] = 0.0005796131
E[P_neut(16)] = 0.0006774430
E[P_neut(17)] = 0.0005237341
E[P_neut(18)] = 0.0005139332
E[P_neut(19)] = 0.0005676005
E[P_neut(20)] = 0.0006216036
E[P_neut(21)] = 0.0004956686
E[P_neut(22)] = 0.0004137380
E[P_neut(23)] = 0.0003180413
E[P_neut(24)] = 0.0004430463
E[P_neut(25)] = 0.0003531027
E[P_neut(26)] = 0.0003936863
E[P_neut(27)] = 0.0003752298
E[P_neut(28)] = 0.0003499893
E[P_neut(29)] = 0.0004238956
E[P_neut(30)] = 0.0003387618
E[P_neut(31)] = 0.0003863221
E[P_neut(32)] = 0.0003873455
E[P_neut(33)] = 0.0003012908
E[P_neut(34)] = 0.0004228467
E[P_neut(35)] = 0.0003902089
E[P_neut(36)] = 0.0003506413
E[P_neut(37)] = 0.0004122380
E[P_neut(38)] = 0.0003318447
E[P_neut(39)] = 0.0004886262
E[P_neut(40)] = 0.0003740015
E[P_neut(41)] = 0.0003951602
E[P_neut(42)] = 0.0002662012
E[P_neut(43)] = 0.0004308139
E[P_neut(44)] = 0.0004384317
E[P_neut(45)] = 0.0005009488
E[P_neut(46)] = 0.0004880050
E[P_neut(47)] = 0.0005920592
E[P_neut(48)] = 0.0007031425
E[P_neut(49)] = 0.0011180028

---- Expected P_sel(i), 0 < i < n (selected SFS per site) 
E[P_sel(1)] = 0.0046836887
E[P_sel(2)] = 0.0016102994
E[P_sel(3)] = 0.0008364627
E[P_sel(4)] = 0.0006382497
E[P_sel(5)] = 0.0004502248
E[P_sel(6)] = 0.0003637608
E[P_sel(7)] = 0.0002805305
E[P_sel(8)] = 0.0002495855
E[P_sel(9)] = 0.0002059034
E[P_sel(10)] = 0.0001527144
E[P_sel(11)] = 0.0001503351
E[P_sel(12)] = 0.0001454245
E[P_sel(13)] = 0.0001243304
E[P_sel(14)] = 0.0000876077
E[P_sel(15)] = 0.0000830533
E[P_sel(16)] = 0.0000954388
E[P_sel(17)] = 0.0000726260
E[P_sel(18)] = 0.0000702183
E[P_sel(19)] = 0.0000764775
E[P_sel(20)] = 0.0000826596
E[P_sel(21)] = 0.0000650972
E[P_sel(22)] = 0.0000536987
E[P_sel(23)] = 0.0000408166
E[P_sel(24)] = 0.0000562528
E[P_sel(25)] = 0.0000443754
E[P_sel(26)] = 0.0000489922
E[P_sel(27)] = 0.0000462575
E[P_sel(28)] = 0.0000427571
E[P_sel(29)] = 0.0000513367
E[P_sel(30)] = 0.0000406836
E[P_sel(31)] = 0.0000460207
E[P_sel(32)] = 0.0000457826
E[P_sel(33)] = 0.0000353428
E[P_sel(34)] = 0.0000492393
E[P_sel(35)] = 0.0000451167
E[P_sel(36)] = 0.0000402635
E[P_sel(37)] = 0.0000470211
E[P_sel(38)] = 0.0000376070
E[P_sel(39)] = 0.0000550233
E[P_sel(40)] = 0.0000418583
E[P_sel(41)] = 0.0000439636
E[P_sel(42)] = 0.0000294483
E[P_sel(43)] = 0.0000473830
E[P_sel(44)] = 0.0000479577
E[P_sel(45)] = 0.0000545023
E[P_sel(46)] = 0.0000528260
E[P_sel(47)] = 0.0000637663
E[P_sel(48)] = 0.0000753978
E[P_sel(49)] = 0.0001194956

---- alpha_dfe = 0.002813

