---- Running command
---- ./polyDFE -d RevisionsCapsellaPolyDFE/aranetconnec6_11.6027088036117_PolyDFE.input -m C -i /home/jejames/ArabidopsisCrossGenome/model.txt 1 -e 
---- Performing inference using model C

---- Performing inference on RevisionsCapsellaPolyDFE/aranetconnec6_11.6027088036117_PolyDFE.input
----      with -i /home/jejames/ArabidopsisCrossGenome/model.txt 1
---- Data RevisionsCapsellaPolyDFE/aranetconnec6_11.6027088036117_PolyDFE.input does not contain divergence counts. Using option -w.
---- No mutation variability. Using Poisson likelihood.


---- Calculating initial values

-- Starting local optimization
-- Optimizing all parameters
  it        eps_an     theta_bar           S_d             b           p_b           S_b           r 2           r 3           r 4           r 5           r 6           r 7           r 8           r 9          r 10          r 11          r 12          r 13          r 14          r 15          r 16          r 17          r 18          r 19          r 20          r 21          r 22          r 23          r 24          r 25          r 26          r 27          r 28          r 29          r 30          r 31          r 32          r 33          r 34          r 35          r 36          r 37          r 38          r 39          r 40          r 41          r 42          r 43          r 44          r 45          r 46          r 47          r 48          r 49           ln lk          grad status 
   0           0.1 0.01539550017        -80000         0.208           0.1            20 0.94557643115 0.97856575813 0.84466790156 0.98526947164 0.94734056628 0.96753991355 0.85666402046 1.14712887007 1.05936314721 0.86645497045 0.89759195554 0.79006791920 0.80021169621 0.96189468113 0.74799329628 0.81423657052 0.83831701508 0.91840875011 0.87324689071 0.82799682455 0.71994354767 1.09552791743 0.82773220428 0.94822263385 0.91505689335 0.90500132310 0.93605010143 0.67275293287 0.99232601217 1.01720031754 1.21937020375 1.18470494839 1.10964099850 1.42939049131 1.24477374966 1.17817764840 1.44800211696 1.77851283408 1.44306253859 1.60933227485 1.65228896533 1.90782393931 1.97935961894 2.64355649642 2.70230219634 3.32486548469 4.40328129134             1 -3163.521582344 47.4804194728   -2 
 681 0.00909175374 0.01397542281 -426.59855601 0.33933767717 0.00600618362 10.3750736037 0.91496333539 0.92170638835 0.86391081628 0.90525239234 0.96030732006 0.94184551400 0.85570548292 1.02124041318 0.95979981950 0.89969454858 0.83963700770 0.79371008696 0.76459842559 0.87402896532 0.70622133890 0.73890607354 0.80354204282 0.77230650859 0.78854141349 0.66109688235 0.72624411522 1.00597092962 0.65694277757 0.85623578833 0.80568055472 0.80821412184 0.73302426967 0.61864617105 0.78666563672 0.87491644420 1.04533800656 1.01421327120 1.04540624884 0.95126441375 1.03278007400 0.94870579652 1.14000782915 1.22278385384 0.94928071169 1.10404759359 1.19252757381 1.30876974398 1.29762108679 1.29416757120 1.33587124849 1.51470776579 1.84060286204 2.06212044907 -307.6077159336 0.00188944003   -8 
-- Local optimization: reached maximum number of likelihood evaluations allowed.
---- Best joint likelihood found -307.607715933690429 with gradient 0.00189

---- Results for RevisionsCapsellaPolyDFE/aranetconnec6_11.6027088036117_PolyDFE.input 
--  Model: C
--        eps_an     theta_bar             a 
-- 0.00909175374 0.01397542281            -1 
--           S_d             b           p_b           S_b 
-- -426.59855601 0.33933767717 0.00600618362 10.3750736037 
--           r 2           r 3           r 4           r 5           r 6           r 7           r 8           r 9          r 10          r 11          r 12          r 13          r 14          r 15          r 16          r 17          r 18          r 19          r 20          r 21          r 22          r 23          r 24          r 25          r 26          r 27          r 28          r 29          r 30          r 31          r 32          r 33          r 34          r 35          r 36          r 37          r 38          r 39          r 40          r 41          r 42          r 43          r 44          r 45          r 46          r 47          r 48          r 49 
-- 0.91496333539 0.92170638835 0.86391081628 0.90525239234 0.96030732006 0.94184551400 0.85570548292 1.02124041318 0.95979981950 0.89969454858 0.83963700770 0.79371008696 0.76459842559 0.87402896532 0.70622133890 0.73890607354 0.80354204282 0.77230650859 0.78854141349 0.66109688235 0.72624411522 1.00597092962 0.65694277757 0.85623578833 0.80568055472 0.80821412184 0.73302426967 0.61864617105 0.78666563672 0.87491644420 1.04533800656 1.01421327120 1.04540624884 0.95126441375 1.03278007400 0.94870579652 1.14000782915 1.22278385384 0.94928071169 1.10404759359 1.19252757381 1.30876974398 1.29762108679 1.29416757120 1.33587124849 1.51470776579 1.84060286204 2.06212044907 

---- Expected P_neut(i), 0 < i < n (neutral SFS per site) 
E[P_neut(1)] = 0.0138537090
E[P_neut(2)] = 0.0063402439
E[P_neut(3)] = 0.0042588027
E[P_neut(4)] = 0.0029946273
E[P_neut(5)] = 0.0025109067
E[P_neut(6)] = 0.0022201944
E[P_neut(7)] = 0.0018671555
E[P_neut(8)] = 0.0014848726
E[P_neut(9)] = 0.0015748111
E[P_neut(10)] = 0.0013321809
E[P_neut(11)] = 0.0011366470
E[P_neut(12)] = 0.0009727783
E[P_neut(13)] = 0.0008487644
E[P_neut(14)] = 0.0007599620
E[P_neut(15)] = 0.0008103780
E[P_neut(16)] = 0.0006151573
E[P_neut(17)] = 0.0006058250
E[P_neut(18)] = 0.0006223585
E[P_neut(19)] = 0.0005664903
E[P_neut(20)] = 0.0005493322
E[P_neut(21)] = 0.0004386681
E[P_neut(22)] = 0.0004604760
E[P_neut(23)] = 0.0006095012
E[P_neut(24)] = 0.0003830032
E[P_neut(25)] = 0.0004786503
E[P_neut(26)] = 0.0004326071
E[P_neut(27)] = 0.0004200923
E[P_neut(28)] = 0.0003667368
E[P_neut(29)] = 0.0002994219
E[P_neut(30)] = 0.0003681440
E[P_neut(31)] = 0.0003960086
E[P_neut(32)] = 0.0004580540
E[P_neut(33)] = 0.0004311346
E[P_neut(34)] = 0.0004314073
E[P_neut(35)] = 0.0003837881
E[P_neut(36)] = 0.0004042258
E[P_neut(37)] = 0.0003628393
E[P_neut(38)] = 0.0004243441
E[P_neut(39)] = 0.0004445860
E[P_neut(40)] = 0.0003408449
E[P_neut(41)] = 0.0003873263
E[P_neut(42)] = 0.0004067945
E[P_neut(43)] = 0.0004385917
E[P_neut(44)] = 0.0004287437
E[P_neut(45)] = 0.0004212734
E[P_neut(46)] = 0.0004296082
E[P_neut(47)] = 0.0004853403
E[P_neut(48)] = 0.0005891559
E[P_neut(49)] = 0.0007098568

---- Expected P_sel(i), 0 < i < n (selected SFS per site) 
E[P_sel(1)] = 0.0058494484
E[P_sel(2)] = 0.0019509213
E[P_sel(3)] = 0.0011134025
E[P_sel(4)] = 0.0007045837
E[P_sel(5)] = 0.0005471322
E[P_sel(6)] = 0.0004556843
E[P_sel(7)] = 0.0003649755
E[P_sel(8)] = 0.0002786026
E[P_sel(9)] = 0.0002853167
E[P_sel(10)] = 0.0002340786
E[P_sel(11)] = 0.0001943365
E[P_sel(12)] = 0.0001623364
E[P_sel(13)] = 0.0001385949
E[P_sel(14)] = 0.0001216494
E[P_sel(15)] = 0.0001274173
E[P_sel(16)] = 0.0000951130
E[P_sel(17)] = 0.0000922618
E[P_sel(18)] = 0.0000934638
E[P_sel(19)] = 0.0000839862
E[P_sel(20)] = 0.0000804773
E[P_sel(21)] = 0.0000635574
E[P_sel(22)] = 0.0000660336
E[P_sel(23)] = 0.0000865830
E[P_sel(24)] = 0.0000539293
E[P_sel(25)] = 0.0000668584
E[P_sel(26)] = 0.0000599815
E[P_sel(27)] = 0.0000578633
E[P_sel(28)] = 0.0000502051
E[P_sel(29)] = 0.0000407719
E[P_sel(30)] = 0.0000498907
E[P_sel(31)] = 0.0000534410
E[P_sel(32)] = 0.0000615920
E[P_sel(33)] = 0.0000578104
E[P_sel(34)] = 0.0000577253
E[P_sel(35)] = 0.0000513410
E[P_sel(36)] = 0.0000540294
E[P_sel(37)] = 0.0000485648
E[P_sel(38)] = 0.0000568780
E[P_sel(39)] = 0.0000597892
E[P_sel(40)] = 0.0000461977
E[P_sel(41)] = 0.0000528339
E[P_sel(42)] = 0.0000558395
E[P_sel(43)] = 0.0000609371
E[P_sel(44)] = 0.0000605721
E[P_sel(45)] = 0.0000607535
E[P_sel(46)] = 0.0000637147
E[P_sel(47)] = 0.0000751777
E[P_sel(48)] = 0.0000975997
E[P_sel(49)] = 0.0001458425

---- alpha_dfe = 0.372898

