---- Running command
---- ./polyDFE -d RevisionsCapsellaPolyDFE/aranetconnec14_76.1100244498778_PolyDFE.input -m C -i /home/jejames/ArabidopsisCrossGenome/model.txt 1 -e 
---- Performing inference using model C

---- Performing inference on RevisionsCapsellaPolyDFE/aranetconnec14_76.1100244498778_PolyDFE.input
----      with -i /home/jejames/ArabidopsisCrossGenome/model.txt 1
---- Data RevisionsCapsellaPolyDFE/aranetconnec14_76.1100244498778_PolyDFE.input does not contain divergence counts. Using option -w.
---- No mutation variability. Using Poisson likelihood.


---- Calculating initial values

-- Starting local optimization
-- Optimizing all parameters
  it        eps_an     theta_bar           S_d             b           p_b           S_b           r 2           r 3           r 4           r 5           r 6           r 7           r 8           r 9          r 10          r 11          r 12          r 13          r 14          r 15          r 16          r 17          r 18          r 19          r 20          r 21          r 22          r 23          r 24          r 25          r 26          r 27          r 28          r 29          r 30          r 31          r 32          r 33          r 34          r 35          r 36          r 37          r 38          r 39          r 40          r 41          r 42          r 43          r 44          r 45          r 46          r 47          r 48          r 49           ln lk          grad status 
   0           0.1 0.01543111937        -20000         0.406           0.1            20 0.93759971636 0.93228151037 0.89771317142 0.93157241623 0.85250842049 0.95178159900 0.87714944158 0.96924304201 0.91118595993 0.90772912604 0.99982272646 0.96330437865 0.91951781599 0.84692430420 0.83814926431 0.82423329196 1.00035454706 0.93804290019 0.83141287005 0.93627016486 0.84435383797 1.14775748980 1.01896826803 0.66477574898 0.71671689416 1.21334869703 0.93564970749 0.94336110618 0.80039000177 1.02490693139 1.02960468002 1.29578088991 1.56408438220 1.15715298705 1.11363233469 1.06257755717 1.27991490870 1.31014004609 1.60255273887 1.65351887963 1.83531288778 1.69987590852 2.28931040595 2.70430774685 2.56053891154 3.47438397447 5.10973231696             1 -3032.432098921 39.7500436779   -2 
 344 0.00185211673 0.01369956725 -940.38490797 0.33137838426 0.00216630652 3.42395428338 0.93488889856 0.97420924199 0.89616851514 0.88064992029 0.85880721513 0.89324421908 0.85680741389 0.91437192816 0.90183892519 0.89023492665 0.88119579245 0.94209536354 0.87632005762 0.82653900409 0.77690833820 0.72177089346 0.86434547538 0.90656444720 0.82933325397 0.82875866019 0.75182651710 0.97682780681 1.02345267053 0.79446240553 0.62764029332 0.90725237295 0.86636438626 0.81891246340 0.71489080731 0.80978418954 0.90931982949 0.99550150074 1.14167738196 1.01952374718 0.88693536540 0.80872916582 1.11073073202 0.96377667210 1.12584126277 1.24730146339 1.39787428907 1.11199279882 1.61380219402 1.57254568478 1.52207517340 1.97138307864 2.67761276083 3.50965452851 -302.1227760578 0.00487982075   -8 
-- Local optimization: reached maximum number of likelihood evaluations allowed.
---- Best joint likelihood found -302.122776057821227 with gradient 0.00488

---- Results for RevisionsCapsellaPolyDFE/aranetconnec14_76.1100244498778_PolyDFE.input 
--  Model: C
--        eps_an     theta_bar             a 
-- 0.00185211673 0.01369956725            -1 
--           S_d             b           p_b           S_b 
-- -940.38490797 0.33137838426 0.00216630652 3.42395428338 
--           r 2           r 3           r 4           r 5           r 6           r 7           r 8           r 9          r 10          r 11          r 12          r 13          r 14          r 15          r 16          r 17          r 18          r 19          r 20          r 21          r 22          r 23          r 24          r 25          r 26          r 27          r 28          r 29          r 30          r 31          r 32          r 33          r 34          r 35          r 36          r 37          r 38          r 39          r 40          r 41          r 42          r 43          r 44          r 45          r 46          r 47          r 48          r 49 
-- 0.93488889856 0.97420924199 0.89616851514 0.88064992029 0.85880721513 0.89324421908 0.85680741389 0.91437192816 0.90183892519 0.89023492665 0.88119579245 0.94209536354 0.87632005762 0.82653900409 0.77690833820 0.72177089346 0.86434547538 0.90656444720 0.82933325397 0.82875866019 0.75182651710 0.97682780681 1.02345267053 0.79446240553 0.62764029332 0.90725237295 0.86636438626 0.81891246340 0.71489080731 0.80978418954 0.90931982949 0.99550150074 1.14167738196 1.01952374718 0.88693536540 0.80872916582 1.11073073202 0.96377667210 1.12584126277 1.24730146339 1.39787428907 1.11199279882 1.61380219402 1.57254568478 1.52207517340 1.97138307864 2.67761276083 3.50965452851 

---- Expected P_neut(i), 0 < i < n (neutral SFS per site) 
E[P_neut(1)] = 0.0136760114
E[P_neut(2)] = 0.0063933415
E[P_neut(3)] = 0.0044415730
E[P_neut(4)] = 0.0030644351
E[P_neut(5)] = 0.0024093223
E[P_neut(6)] = 0.0019581800
E[P_neut(7)] = 0.0017455697
E[P_neut(8)] = 0.0014653633
E[P_neut(9)] = 0.0013900274
E[P_neut(10)] = 0.0012339062
E[P_neut(11)] = 0.0011072857
E[P_neut(12)] = 0.0010048785
E[P_neut(13)] = 0.0009915080
E[P_neut(14)] = 0.0008565516
E[P_neut(15)] = 0.0007542228
E[P_neut(16)] = 0.0006648267
E[P_neut(17)] = 0.0005813322
E[P_neut(18)] = 0.0006573448
E[P_neut(19)] = 0.0006531122
E[P_neut(20)] = 0.0005676278
E[P_neut(21)] = 0.0005403644
E[P_neut(22)] = 0.0004680861
E[P_neut(23)] = 0.0005816062
E[P_neut(24)] = 0.0005837329
E[P_neut(25)] = 0.0004353516
E[P_neut(26)] = 0.0003311772
E[P_neut(27)] = 0.0004605571
E[P_neut(28)] = 0.0004239683
E[P_neut(29)] = 0.0003871382
E[P_neut(30)] = 0.0003269040
E[P_neut(31)] = 0.0003584089
E[P_neut(32)] = 0.0003897876
E[P_neut(33)] = 0.0004135827
E[P_neut(34)] = 0.0004603943
E[P_neut(35)] = 0.0003997171
E[P_neut(36)] = 0.0003384806
E[P_neut(37)] = 0.0003007231
E[P_neut(38)] = 0.0004015566
E[P_neut(39)] = 0.0003399732
E[P_neut(40)] = 0.0003871626
E[P_neut(41)] = 0.0004185740
E[P_neut(42)] = 0.0004578319
E[P_neut(43)] = 0.0003568565
E[P_neut(44)] = 0.0005051646
E[P_neut(45)] = 0.0004823200
E[P_neut(46)] = 0.0004581445
E[P_neut(47)] = 0.0005817944
E[P_neut(48)] = 0.0007746563
E[P_neut(49)] = 0.0010047956

---- Expected P_sel(i), 0 < i < n (selected SFS per site) 
E[P_sel(1)] = 0.0046382408
E[P_sel(2)] = 0.0015464708
E[P_sel(3)] = 0.0009105006
E[P_sel(4)] = 0.0005650385
E[P_sel(5)] = 0.0004112842
E[P_sel(6)] = 0.0003147422
E[P_sel(7)] = 0.0002671292
E[P_sel(8)] = 0.0002151426
E[P_sel(9)] = 0.0001969351
E[P_sel(10)] = 0.0001694350
E[P_sel(11)] = 0.0001478826
E[P_sel(12)] = 0.0001308912
E[P_sel(13)] = 0.0001262645
E[P_sel(14)] = 0.0001068416
E[P_sel(15)] = 0.0000923012
E[P_sel(16)] = 0.0000799392
E[P_sel(17)] = 0.0000687677
E[P_sel(18)] = 0.0000765867
E[P_sel(19)] = 0.0000750172
E[P_sel(20)] = 0.0000643309
E[P_sel(21)] = 0.0000604727
E[P_sel(22)] = 0.0000517635
E[P_sel(23)] = 0.0000635987
E[P_sel(24)] = 0.0000631553
E[P_sel(25)] = 0.0000466274
E[P_sel(26)] = 0.0000351322
E[P_sel(27)] = 0.0000484129
E[P_sel(28)] = 0.0000441809
E[P_sel(29)] = 0.0000400125
E[P_sel(30)] = 0.0000335246
E[P_sel(31)] = 0.0000364825
E[P_sel(32)] = 0.0000393939
E[P_sel(33)] = 0.0000415127
E[P_sel(34)] = 0.0000459148
E[P_sel(35)] = 0.0000396278
E[P_sel(36)] = 0.0000333741
E[P_sel(37)] = 0.0000295035
E[P_sel(38)] = 0.0000391785
E[P_sel(39)] = 0.0000330295
E[P_sel(40)] = 0.0000374478
E[P_sel(41)] = 0.0000403279
E[P_sel(42)] = 0.0000439445
E[P_sel(43)] = 0.0000342058
E[P_sel(44)] = 0.0000482358
E[P_sel(45)] = 0.0000460309
E[P_sel(46)] = 0.0000438011
E[P_sel(47)] = 0.0000557684
E[P_sel(48)] = 0.0000746708
E[P_sel(49)] = 0.0001006909

---- alpha_dfe = 0.086643

