---- Running command
---- ./polyDFE -d RevisionsCapsellaPolyDFE/aranetconnec13_61.0935251798561_PolyDFE.input -m C -i /home/jejames/ArabidopsisCrossGenome/model.txt 1 -e 
---- Performing inference using model C

---- Performing inference on RevisionsCapsellaPolyDFE/aranetconnec13_61.0935251798561_PolyDFE.input
----      with -i /home/jejames/ArabidopsisCrossGenome/model.txt 1
---- Data RevisionsCapsellaPolyDFE/aranetconnec13_61.0935251798561_PolyDFE.input does not contain divergence counts. Using option -w.
---- No mutation variability. Using Poisson likelihood.


---- Calculating initial values

-- Starting local optimization
-- Optimizing all parameters
  it        eps_an     theta_bar           S_d             b           p_b           S_b           r 2           r 3           r 4           r 5           r 6           r 7           r 8           r 9          r 10          r 11          r 12          r 13          r 14          r 15          r 16          r 17          r 18          r 19          r 20          r 21          r 22          r 23          r 24          r 25          r 26          r 27          r 28          r 29          r 30          r 31          r 32          r 33          r 34          r 35          r 36          r 37          r 38          r 39          r 40          r 41          r 42          r 43          r 44          r 45          r 46          r 47          r 48          r 49           ln lk          grad status 
   0           0.1 0.01629955701        -20000         0.406           0.1            20 0.91322950539 0.89260653773 0.85024816019 0.98279993154 0.93650521992 1.00273831935 0.95772719493 1.03046380284 0.86000342289 0.94600376518 0.79890467225 0.84434365907 0.85777853842 0.90364538764 0.77768269724 0.80592161560 0.70391921957 0.75603285983 0.81465000855 0.70083861030 0.87164128016 0.84827999315 1.02686975868 0.89851103884 0.75646072223 0.82945404757 0.97518398083 0.96782474756 1.13982543214 0.91519767242 0.96662673284 0.97706657538 0.90775286667 1.00633236351 0.87489303440 1.11132979633 1.43727537224 1.35161731986 1.38627417422 1.27006674653 1.83655656340 2.15625534828 1.86753380112 2.28350162587 2.66096183467 2.94805750470 3.71316104740             1 -2864.104911730 33.7048843794   -2 
1714 0.00010424397 0.01441191243 -695.66224871 0.36218240899 0.01113422053 5.24560774301 0.94407363668 0.89461483923 0.87637941632 0.97011522494 0.85899909803 0.90239141133 0.99545195067 0.95028178014 0.90375325226 0.90201012684 0.77393587029 0.80613322210 0.84604787963 0.88932590544 0.76782665992 0.80250615786 0.67904282316 0.74878278420 0.67796546512 0.70333569404 0.78441635273 0.76262194015 0.82254023155 0.89755575006 0.62338802531 0.66246134099 0.89281526992 0.77392450327 0.98983550776 0.69848772555 1.04004349819 0.77848029476 0.71282832264 0.69677005318 0.69732225813 0.94826910218 1.05203600010 0.89476170771 0.99914255549 0.87240326213 1.39109544384 1.57453155932 1.24272335964 1.28761749564 1.49582237427 1.58888440121 1.36817507104 3.39822557217 -300.8317957553 0.00009668219    0 
---- Best joint likelihood found -300.831795755335122 with gradient 0.00010

---- Results for RevisionsCapsellaPolyDFE/aranetconnec13_61.0935251798561_PolyDFE.input 
--  Model: C
--        eps_an     theta_bar             a 
-- 0.00010424397 0.01441191243            -1 
--           S_d             b           p_b           S_b 
-- -695.66224871 0.36218240899 0.01113422053 5.24560774301 
--           r 2           r 3           r 4           r 5           r 6           r 7           r 8           r 9          r 10          r 11          r 12          r 13          r 14          r 15          r 16          r 17          r 18          r 19          r 20          r 21          r 22          r 23          r 24          r 25          r 26          r 27          r 28          r 29          r 30          r 31          r 32          r 33          r 34          r 35          r 36          r 37          r 38          r 39          r 40          r 41          r 42          r 43          r 44          r 45          r 46          r 47          r 48          r 49 
-- 0.94407363668 0.89461483923 0.87637941632 0.97011522494 0.85899909803 0.90239141133 0.99545195067 0.95028178014 0.90375325226 0.90201012684 0.77393587029 0.80613322210 0.84604787963 0.88932590544 0.76782665992 0.80250615786 0.67904282316 0.74878278420 0.67796546512 0.70333569404 0.78441635273 0.76262194015 0.82254023155 0.89755575006 0.62338802531 0.66246134099 0.89281526992 0.77392450327 0.98983550776 0.69848772555 1.04004349819 0.77848029476 0.71282832264 0.69677005318 0.69732225813 0.94826910218 1.05203600010 0.89476170771 0.99914255549 0.87240326213 1.39109544384 1.57453155932 1.24272335964 1.28761749564 1.49582237427 1.58888440121 1.36817507104 3.39822557217 

---- Expected P_neut(i), 0 < i < n (neutral SFS per site) 
E[P_neut(1)] = 0.0144105143
E[P_neut(2)] = 0.0068022869
E[P_neut(3)] = 0.0042973064
E[P_neut(4)] = 0.0031572955
E[P_neut(5)] = 0.0027959946
E[P_neut(6)] = 0.0020631306
E[P_neut(7)] = 0.0018577451
E[P_neut(8)] = 0.0017931586
E[P_neut(9)] = 0.0015215820
E[P_neut(10)] = 0.0013023830
E[P_neut(11)] = 0.0011817014
E[P_neut(12)] = 0.0009294360
E[P_neut(13)] = 0.0008936316
E[P_neut(14)] = 0.0008708789
E[P_neut(15)] = 0.0008544000
E[P_neut(16)] = 0.0006915751
E[P_neut(17)] = 0.0006802968
E[P_neut(18)] = 0.0005436758
E[P_neut(19)] = 0.0005679426
E[P_neut(20)] = 0.0004885376
E[P_neut(21)] = 0.0004826761
E[P_neut(22)] = 0.0005138552
E[P_neut(23)] = 0.0004778497
E[P_neut(24)] = 0.0004939169
E[P_neut(25)] = 0.0005174198
E[P_neut(26)] = 0.0003455621
E[P_neut(27)] = 0.0003536179
E[P_neut(28)] = 0.0004595476
E[P_neut(29)] = 0.0003846217
E[P_neut(30)] = 0.0004755154
E[P_neut(31)] = 0.0003247526
E[P_neut(32)] = 0.0004684146
E[P_neut(33)] = 0.0003400170
E[P_neut(34)] = 0.0003021941
E[P_neut(35)] = 0.0002869674
E[P_neut(36)] = 0.0002792213
E[P_neut(37)] = 0.0003694160
E[P_neut(38)] = 0.0003990514
E[P_neut(39)] = 0.0003307356
E[P_neut(40)] = 0.0003600871
E[P_neut(41)] = 0.0003067852
E[P_neut(42)] = 0.0004774787
E[P_neut(43)] = 0.0005278598
E[P_neut(44)] = 0.0004072186
E[P_neut(45)] = 0.0004126270
E[P_neut(46)] = 0.0004689251
E[P_neut(47)] = 0.0004876071
E[P_neut(48)] = 0.0004114584
E[P_neut(49)] = 0.0010008865

---- Expected P_sel(i), 0 < i < n (selected SFS per site) 
E[P_sel(1)] = 0.0051252234
E[P_sel(2)] = 0.0017063511
E[P_sel(3)] = 0.0009071232
E[P_sel(4)] = 0.0005972483
E[P_sel(5)] = 0.0004887220
E[P_sel(6)] = 0.0003392557
E[P_sel(7)] = 0.0002907707
E[P_sel(8)] = 0.0002693560
E[P_sel(9)] = 0.0002206976
E[P_sel(10)] = 0.0001832634
E[P_sel(11)] = 0.0001619208
E[P_sel(12)] = 0.0001243923
E[P_sel(13)] = 0.0001171151
E[P_sel(14)] = 0.0001120017
E[P_sel(15)] = 0.0001080294
E[P_sel(16)] = 0.0000861059
E[P_sel(17)] = 0.0000835263
E[P_sel(18)] = 0.0000659096
E[P_sel(19)] = 0.0000680610
E[P_sel(20)] = 0.0000579338
E[P_sel(21)] = 0.0000566961
E[P_sel(22)] = 0.0000598402
E[P_sel(23)] = 0.0000552164
E[P_sel(24)] = 0.0000566768
E[P_sel(25)] = 0.0000590072
E[P_sel(26)] = 0.0000391944
E[P_sel(27)] = 0.0000399194
E[P_sel(28)] = 0.0000516707
E[P_sel(29)] = 0.0000431044
E[P_sel(30)] = 0.0000531540
E[P_sel(31)] = 0.0000362347
E[P_sel(32)] = 0.0000522058
E[P_sel(33)] = 0.0000378827
E[P_sel(34)] = 0.0000336835
E[P_sel(35)] = 0.0000320269
E[P_sel(36)] = 0.0000312289
E[P_sel(37)] = 0.0000414423
E[P_sel(38)] = 0.0000449479
E[P_sel(39)] = 0.0000374446
E[P_sel(40)] = 0.0000410240
E[P_sel(41)] = 0.0000352171
E[P_sel(42)] = 0.0000553020
E[P_sel(43)] = 0.0000617820
E[P_sel(44)] = 0.0000482523
E[P_sel(45)] = 0.0000495984
E[P_sel(46)] = 0.0000573047
E[P_sel(47)] = 0.0000607508
E[P_sel(48)] = 0.0000524698
E[P_sel(49)] = 0.0001311995

---- alpha_dfe = 0.439651

