---- Running command
---- ./polyDFE -d RevisionsCapsellaPolyDFE/aranetconnec4_6.19815668202765_PolyDFE.input -m C -i /home/jejames/ArabidopsisCrossGenome/model.txt 1 -e 
---- Performing inference using model C

---- Performing inference on RevisionsCapsellaPolyDFE/aranetconnec4_6.19815668202765_PolyDFE.input
----      with -i /home/jejames/ArabidopsisCrossGenome/model.txt 1
---- Data RevisionsCapsellaPolyDFE/aranetconnec4_6.19815668202765_PolyDFE.input does not contain divergence counts. Using option -w.
---- No mutation variability. Using Poisson likelihood.


---- Calculating initial values

-- Starting local optimization
-- Optimizing all parameters
  it        eps_an     theta_bar           S_d             b           p_b           S_b           r 2           r 3           r 4           r 5           r 6           r 7           r 8           r 9          r 10          r 11          r 12          r 13          r 14          r 15          r 16          r 17          r 18          r 19          r 20          r 21          r 22          r 23          r 24          r 25          r 26          r 27          r 28          r 29          r 30          r 31          r 32          r 33          r 34          r 35          r 36          r 37          r 38          r 39          r 40          r 41          r 42          r 43          r 44          r 45          r 46          r 47          r 48          r 49           ln lk          grad status 
   0           0.1 0.01664851733        -80000         0.208           0.1            20 0.90566037735 0.88327044025 0.88754716981 0.91153039832 0.94641509433 0.82825995807 0.89425576519 0.93811320754 0.84779874213 0.72872117400 0.78591194968 0.81870020964 0.72083857442 0.85157232704 0.93517819706 0.82113207547 0.84377358490 0.83488469601 0.74968553459 0.64628930817 0.96117400419 0.92578616352 0.95396226415 0.85953878406 0.92880503144 0.90566037735 1.24209643605 1.02867924528 0.66163522012 0.82146750524 1.04922431865 0.84125786163 1.00645702306 0.97735849056 0.98415094339 1.36209643605 0.98465408805 1.01383647798 1.27127882599 1.33056603773 1.39823899371 1.65509433962 1.95186582809 2.28679245283 2.36846960167 3.14909853249 4.66918238993             1 -2956.131876851 42.1422721947   -2 
 906 0.00385796443 0.01476783130 -634.33312717 0.28396149604 0.00465136103 10.3821057150 0.90672889387 0.89719841391 0.92756087893 0.90674956753 0.90422579817 0.89003392490 0.85920434325 0.90034475162 0.72649531077 0.79417525444 0.77441680345 0.74733966227 0.79342328223 0.84300416257 0.89795532855 0.77640475920 0.77887825546 0.70231751353 0.69893787901 0.67191108416 0.82239681614 0.80241064477 0.68002630894 0.62167904951 0.74112489885 0.77096608945 1.01519533867 0.77998390092 0.67267698157 0.73820499313 0.96542941851 0.65246843116 0.85669800219 0.88268521831 0.79389950232 0.96801100574 0.85440650060 0.69838801619 0.84311730204 0.85820993500 0.93352413199 1.06714406363 1.38153113835 1.42192665947 1.37156138651 1.35905020254 2.17715788659 2.81042480256 -313.9938238529 0.00399073178   -8 
-- Local optimization: reached maximum number of likelihood evaluations allowed.
---- Best joint likelihood found -313.993823852950641 with gradient 0.00399

---- Results for RevisionsCapsellaPolyDFE/aranetconnec4_6.19815668202765_PolyDFE.input 
--  Model: C
--        eps_an     theta_bar             a 
-- 0.00385796443 0.01476783130            -1 
--           S_d             b           p_b           S_b 
-- -634.33312717 0.28396149604 0.00465136103 10.3821057150 
--           r 2           r 3           r 4           r 5           r 6           r 7           r 8           r 9          r 10          r 11          r 12          r 13          r 14          r 15          r 16          r 17          r 18          r 19          r 20          r 21          r 22          r 23          r 24          r 25          r 26          r 27          r 28          r 29          r 30          r 31          r 32          r 33          r 34          r 35          r 36          r 37          r 38          r 39          r 40          r 41          r 42          r 43          r 44          r 45          r 46          r 47          r 48          r 49 
-- 0.90672889387 0.89719841391 0.92756087893 0.90674956753 0.90422579817 0.89003392490 0.85920434325 0.90034475162 0.72649531077 0.79417525444 0.77441680345 0.74733966227 0.79342328223 0.84300416257 0.89795532855 0.77640475920 0.77887825546 0.70231751353 0.69893787901 0.67191108416 0.82239681614 0.80241064477 0.68002630894 0.62167904951 0.74112489885 0.77096608945 1.01519533867 0.77998390092 0.67267698157 0.73820499313 0.96542941851 0.65246843116 0.85669800219 0.88268521831 0.79389950232 0.96801100574 0.85440650060 0.69838801619 0.84311730204 0.85820993500 0.93352413199 1.06714406363 1.38153113835 1.42192665947 1.37156138651 1.35905020254 2.17715788659 2.81042480256 

---- Expected P_neut(i), 0 < i < n (neutral SFS per site) 
E[P_neut(1)] = 0.0147141253
E[P_neut(2)] = 0.0066719640
E[P_neut(3)] = 0.0044011668
E[P_neut(4)] = 0.0034130027
E[P_neut(5)] = 0.0026696130
E[P_neut(6)] = 0.0022187784
E[P_neut(7)] = 0.0018718657
E[P_neut(8)] = 0.0015812204
E[P_neut(9)] = 0.0014728418
E[P_neut(10)] = 0.0010699378
E[P_neut(11)] = 0.0010631111
E[P_neut(12)] = 0.0009506423
E[P_neut(13)] = 0.0008471834
E[P_neut(14)] = 0.0008349662
E[P_neut(15)] = 0.0008281911
E[P_neut(16)] = 0.0008270414
E[P_neut(17)] = 0.0006729841
E[P_neut(18)] = 0.0006382726
E[P_neut(19)] = 0.0005451300
E[P_neut(20)] = 0.0005153763
E[P_neut(21)] = 0.0004722175
E[P_neut(22)] = 0.0005519822
E[P_neut(23)] = 0.0005148507
E[P_neut(24)] = 0.0004184478
E[P_neut(25)] = 0.0003672341
E[P_neut(26)] = 0.0004209444
E[P_neut(27)] = 0.0004220459
E[P_neut(28)] = 0.0005355010
E[P_neut(29)] = 0.0003974861
E[P_neut(30)] = 0.0003318462
E[P_neut(31)] = 0.0003524166
E[P_neut(32)] = 0.0004462870
E[P_neut(33)] = 0.0002934617
E[P_neut(34)] = 0.0003738670
E[P_neut(35)] = 0.0003742036
E[P_neut(36)] = 0.0003276439
E[P_neut(37)] = 0.0003881475
E[P_neut(38)] = 0.0003344413
E[P_neut(39)] = 0.0002675464
E[P_neut(40)] = 0.0003142136
E[P_neut(41)] = 0.0003136265
E[P_neut(42)] = 0.0003330938
E[P_neut(43)] = 0.0003723279
E[P_neut(44)] = 0.0004704841
E[P_neut(45)] = 0.0004751713
E[P_neut(46)] = 0.0004518387
E[P_neut(47)] = 0.0004424175
E[P_neut(48)] = 0.0006930770
E[P_neut(49)] = 0.0009007239

---- Expected P_sel(i), 0 < i < n (selected SFS per site) 
E[P_sel(1)] = 0.0061543446
E[P_sel(2)] = 0.0021157416
E[P_sel(3)] = 0.0012159643
E[P_sel(4)] = 0.0008628831
E[P_sel(5)] = 0.0006326824
E[P_sel(6)] = 0.0004999581
E[P_sel(7)] = 0.0004047915
E[P_sel(8)] = 0.0003303021
E[P_sel(9)] = 0.0002986376
E[P_sel(10)] = 0.0002113520
E[P_sel(11)] = 0.0002052188
E[P_sel(12)] = 0.0001797393
E[P_sel(13)] = 0.0001572028
E[P_sel(14)] = 0.0001523314
E[P_sel(15)] = 0.0001487581
E[P_sel(16)] = 0.0001464416
E[P_sel(17)] = 0.0001176002
E[P_sel(18)] = 0.0001101665
E[P_sel(19)] = 0.0000930291
E[P_sel(20)] = 0.0000870265
E[P_sel(21)] = 0.0000789531
E[P_sel(22)] = 0.0000914437
E[P_sel(23)] = 0.0000845662
E[P_sel(24)] = 0.0000681833
E[P_sel(25)] = 0.0000593943
E[P_sel(26)] = 0.0000676110
E[P_sel(27)] = 0.0000673550
E[P_sel(28)] = 0.0000849532
E[P_sel(29)] = 0.0000627166
E[P_sel(30)] = 0.0000521050
E[P_sel(31)] = 0.0000550870
E[P_sel(32)] = 0.0000694780
E[P_sel(33)] = 0.0000455453
E[P_sel(34)] = 0.0000578516
E[P_sel(35)] = 0.0000577655
E[P_sel(36)] = 0.0000504993
E[P_sel(37)] = 0.0000597390
E[P_sel(38)] = 0.0000514795
E[P_sel(39)] = 0.0000412443
E[P_sel(40)] = 0.0000484753
E[P_sel(41)] = 0.0000485752
E[P_sel(42)] = 0.0000517868
E[P_sel(43)] = 0.0000582134
E[P_sel(44)] = 0.0000740414
E[P_sel(45)] = 0.0000756074
E[P_sel(46)] = 0.0000731224
E[P_sel(47)] = 0.0000733695
E[P_sel(48)] = 0.0001181326
E[P_sel(49)] = 0.0001680074

---- alpha_dfe = 0.273026

