---- Running command
---- ./polyDFE -d RevisionsCapsellaPolyDFE/aranetconnec5_8.81265206812652_PolyDFE.input -m C -i /home/jejames/ArabidopsisCrossGenome/model.txt 1 -e 
---- Performing inference using model C

---- Performing inference on RevisionsCapsellaPolyDFE/aranetconnec5_8.81265206812652_PolyDFE.input
----      with -i /home/jejames/ArabidopsisCrossGenome/model.txt 1
---- Data RevisionsCapsellaPolyDFE/aranetconnec5_8.81265206812652_PolyDFE.input does not contain divergence counts. Using option -w.
---- No mutation variability. Using Poisson likelihood.


---- Calculating initial values

-- Starting local optimization
-- Optimizing all parameters
  it        eps_an     theta_bar           S_d             b           p_b           S_b           r 2           r 3           r 4           r 5           r 6           r 7           r 8           r 9          r 10          r 11          r 12          r 13          r 14          r 15          r 16          r 17          r 18          r 19          r 20          r 21          r 22          r 23          r 24          r 25          r 26          r 27          r 28          r 29          r 30          r 31          r 32          r 33          r 34          r 35          r 36          r 37          r 38          r 39          r 40          r 41          r 42          r 43          r 44          r 45          r 46          r 47          r 48          r 49           ln lk          grad status 
   0           0.1 0.01656316400        -80000         0.208           0.1            20 0.84046949909 0.76971400231 0.89403207141 0.90841461398 0.86592825260 0.75624070094 0.83914696644 0.91874690031 0.93486526698 0.91287816167  0.6675483551 0.78442717804 0.90494296577 0.86543230286 0.79087452471 0.89651182013 0.86890395106 0.86534964456 0.66622582245 0.81236568027 0.81286163002 0.73384030418 0.99586708546 0.74392461563 0.76938336915 0.96858984956 0.79385022317 0.89171763927 1.05885270292 1.22739295751 0.99454455281 1.04199041163 0.96115060340 1.04728054223 1.18432798809 1.25392626880 1.43544387502 1.27657464043 1.38535295090 1.33865101669 1.60042982311 1.71673003802 1.86939990081 2.46239047776 2.49429657794 2.85931558935 4.42783931228             1 -2976.424138440 42.2952992138   -2 
1074 0.00017954151 0.01449810588 -410.00260127 0.32874176245 0.01140077389 6.19337507704 0.85495536011 0.82603717287 0.95199762345 0.86194788918 0.88784659029 0.79691904077 0.82465030407 0.83925454851 0.94050736319 0.83972710462 0.70267421785 0.74027077702 0.80943100736 0.76334757082 0.79159895992 0.88296947058 0.83708689600 0.74534513788 0.60201570008 0.73725096009 0.70642837461 0.79232470605 0.80765976163 0.61853795827 0.64473398616 0.86614594923 0.63359481916 0.76244722306 0.92599189116 0.98595182947 0.88744948354 0.97564859587 0.86615051536 0.84372161149 0.98205832271 0.95809483372 0.99999345002 1.04237531020 1.19348903038 1.03525339087 1.13276370500 1.13605396933 1.37293118276 1.55623198753 1.62046865471 1.68371890068 2.05570595988 3.11381985882 -311.5164770824 0.00022819127   -8 
-- Local optimization: reached maximum number of likelihood evaluations allowed.
---- Best joint likelihood found -311.516477082460426 with gradient 0.00023

---- Results for RevisionsCapsellaPolyDFE/aranetconnec5_8.81265206812652_PolyDFE.input 
--  Model: C
--        eps_an     theta_bar             a 
-- 0.00017954151 0.01449810588            -1 
--           S_d             b           p_b           S_b 
-- -410.00260127 0.32874176245 0.01140077389 6.19337507704 
--           r 2           r 3           r 4           r 5           r 6           r 7           r 8           r 9          r 10          r 11          r 12          r 13          r 14          r 15          r 16          r 17          r 18          r 19          r 20          r 21          r 22          r 23          r 24          r 25          r 26          r 27          r 28          r 29          r 30          r 31          r 32          r 33          r 34          r 35          r 36          r 37          r 38          r 39          r 40          r 41          r 42          r 43          r 44          r 45          r 46          r 47          r 48          r 49 
-- 0.85495536011 0.82603717287 0.95199762345 0.86194788918 0.88784659029 0.79691904077 0.82465030407 0.83925454851 0.94050736319 0.83972710462 0.70267421785 0.74027077702 0.80943100736 0.76334757082 0.79159895992 0.88296947058 0.83708689600 0.74534513788 0.60201570008 0.73725096009 0.70642837461 0.79232470605 0.80765976163 0.61853795827 0.64473398616 0.86614594923 0.63359481916 0.76244722306 0.92599189116 0.98595182947 0.88744948354 0.97564859587 0.86615051536 0.84372161149 0.98205832271 0.95809483372 0.99999345002 1.04237531020 1.19348903038 1.03525339087 1.13276370500 1.13605396933 1.37293118276 1.55623198753 1.62046865471 1.68371890068 2.05570595988 3.11381985882 

---- Expected P_neut(i), 0 < i < n (neutral SFS per site) 
E[P_neut(1)] = 0.0144956683
E[P_neut(2)] = 0.0061966154
E[P_neut(3)] = 0.0039913680
E[P_neut(4)] = 0.0034500128
E[P_neut(5)] = 0.0024989636
E[P_neut(6)] = 0.0021450450
E[P_neut(7)] = 0.0016503177
E[P_neut(8)] = 0.0014942853
E[P_neut(9)] = 0.0013517787
E[P_neut(10)] = 0.0013633904
E[P_neut(11)] = 0.0011066393
E[P_neut(12)] = 0.0008488698
E[P_neut(13)] = 0.0008254980
E[P_neut(14)] = 0.0008381503
E[P_neut(15)] = 0.0007377365
E[P_neut(16)] = 0.0007172304
E[P_neut(17)] = 0.0007529644
E[P_neut(18)] = 0.0006741831
E[P_neut(19)] = 0.0005687224
E[P_neut(20)] = 0.0004364064
E[P_neut(21)] = 0.0005089648
E[P_neut(22)] = 0.0004655150
E[P_neut(23)] = 0.0004994376
E[P_neut(24)] = 0.0004878743
E[P_neut(25)] = 0.0003587052
E[P_neut(26)] = 0.0003595393
E[P_neut(27)] = 0.0004650979
E[P_neut(28)] = 0.0003280934
E[P_neut(29)] = 0.0003811968
E[P_neut(30)] = 0.0004475023
E[P_neut(31)] = 0.0004611301
E[P_neut(32)] = 0.0004021219
E[P_neut(33)] = 0.0004286963
E[P_neut(34)] = 0.0003694019
E[P_neut(35)] = 0.0003495659
E[P_neut(36)] = 0.0003955791
E[P_neut(37)] = 0.0003755014
E[P_neut(38)] = 0.0003816105
E[P_neut(39)] = 0.0003876283
E[P_neut(40)] = 0.0004327504
E[P_neut(41)] = 0.0003662554
E[P_neut(42)] = 0.0003912202
E[P_neut(43)] = 0.0003832655
E[P_neut(44)] = 0.0004526881
E[P_neut(45)] = 0.0005017457
E[P_neut(46)] = 0.0005112610
E[P_neut(47)] = 0.0005200008
E[P_neut(48)] = 0.0006219146
E[P_neut(49)] = 0.0009237537

---- Expected P_sel(i), 0 < i < n (selected SFS per site) 
E[P_sel(1)] = 0.0063360255
E[P_sel(2)] = 0.0020055752
E[P_sel(3)] = 0.0011072137
E[P_sel(4)] = 0.0008664918
E[P_sel(5)] = 0.0005839482
E[P_sel(6)] = 0.0004739241
E[P_sel(7)] = 0.0003484045
E[P_sel(8)] = 0.0003036876
E[P_sel(9)] = 0.0002659357
E[P_sel(10)] = 0.0002607470
E[P_sel(11)] = 0.0002064455
E[P_sel(12)] = 0.0001548959
E[P_sel(13)] = 0.0001476772
E[P_sel(14)] = 0.0001472867
E[P_sel(15)] = 0.0001275600
E[P_sel(16)] = 0.0001222017
E[P_sel(17)] = 0.0001265779
E[P_sel(18)] = 0.0001119506
E[P_sel(19)] = 0.0000933823
E[P_sel(20)] = 0.0000709224
E[P_sel(21)] = 0.0000819389
E[P_sel(22)] = 0.0000743016
E[P_sel(23)] = 0.0000790930
E[P_sel(24)] = 0.0000767137
E[P_sel(25)] = 0.0000560417
E[P_sel(26)] = 0.0000558496
E[P_sel(27)] = 0.0000718788
E[P_sel(28)] = 0.0000504798
E[P_sel(29)] = 0.0000584265
E[P_sel(30)] = 0.0000683711
E[P_sel(31)] = 0.0000702754
E[P_sel(32)] = 0.0000611688
E[P_sel(33)] = 0.0000651343
E[P_sel(34)] = 0.0000560995
E[P_sel(35)] = 0.0000531026
E[P_sel(36)] = 0.0000601577
E[P_sel(37)] = 0.0000572155
E[P_sel(38)] = 0.0000583131
E[P_sel(39)] = 0.0000594639
E[P_sel(40)] = 0.0000667182
E[P_sel(41)] = 0.0000568200
E[P_sel(42)] = 0.0000611560
E[P_sel(43)] = 0.0000604653
E[P_sel(44)] = 0.0000722053
E[P_sel(45)] = 0.0000810791
E[P_sel(46)] = 0.0000839153
E[P_sel(47)] = 0.0000869444
E[P_sel(48)] = 0.0001063661
E[P_sel(49)] = 0.0001629086

---- alpha_dfe = 0.391404

