---- Running command
---- ./polyDFE -d RevisionsCapsellaPolyDFE/aranetconnec12_49.0809523809524_PolyDFE.input -m C -i /home/jejames/ArabidopsisCrossGenome/model.txt 1 -e 
---- Performing inference using model C

---- Performing inference on RevisionsCapsellaPolyDFE/aranetconnec12_49.0809523809524_PolyDFE.input
----      with -i /home/jejames/ArabidopsisCrossGenome/model.txt 1
---- Data RevisionsCapsellaPolyDFE/aranetconnec12_49.0809523809524_PolyDFE.input does not contain divergence counts. Using option -w.
---- No mutation variability. Using Poisson likelihood.


---- Calculating initial values

-- Starting local optimization
-- Optimizing all parameters
  it        eps_an     theta_bar           S_d             b           p_b           S_b           r 2           r 3           r 4           r 5           r 6           r 7           r 8           r 9          r 10          r 11          r 12          r 13          r 14          r 15          r 16          r 17          r 18          r 19          r 20          r 21          r 22          r 23          r 24          r 25          r 26          r 27          r 28          r 29          r 30          r 31          r 32          r 33          r 34          r 35          r 36          r 37          r 38          r 39          r 40          r 41          r 42          r 43          r 44          r 45          r 46          r 47          r 48          r 49           ln lk          grad status 
   0           0.1 0.01663753876        -20000         0.406           0.1            20 0.87846277021 0.84811849479 0.82273819055 0.75500400320 0.88630904723 0.80088070456 0.82754203362 0.68166533226 0.92473979183 0.87982385908 0.80704563650 0.82746196957 0.84963971176 0.75300240192 0.50856685348 0.60976781425 0.68166533226 0.65412329863 0.78783026421 0.80704563650 0.69751801441 0.88206565252 0.68983186549 0.72057646116 0.73066453162 0.67229783827 0.81601281024 1.11449159327 0.83586869495 1.06725380304 0.86341072858 0.93002401921 1.01537229783 1.01721377101 1.21633306645 1.05164131305 1.09527622097 1.09599679743 1.52121697357 1.42465972778 1.70824659727 1.86253002401 2.41313050440 1.77982385908 2.36076861489 3.08190552441 4.05060048038             1 -2874.070899344 35.4511368875   -2 
 981 0.00020199802 0.01466374924 -1303.4101126 0.29568087889 0.00170267574 88.7016188054 0.89207706379 0.86414984259 0.81104369979 0.78698809929 0.86318761325 0.79240667958 0.81873195727 0.74311410912 0.89248538255 0.84324044548 0.76495319340 0.76392900241 0.82189956951 0.67146568188 0.56433077859 0.59482785341 0.64127942931 0.59043585593 0.69028516703 0.67772619631 0.70209145900 0.78046667136 0.62128814937 0.78128619462 0.67688883629 0.50888663680 0.69183396643 0.88715735702 0.77361459646 0.78582918485 0.73439885718 0.67782106334 0.94916456253 0.80652364821 0.91865957395 0.89034972122 0.74671469273 0.80473954873 1.17906906217 1.18766750166 1.19433620030  1.2411933416 1.56631653459 0.95994983257 1.41616338991 1.85090754870 1.97170203978 2.47043022027 -301.4128323258 0.00009575177    0 
---- Best joint likelihood found -301.412832325831971 with gradient 0.00010

---- Results for RevisionsCapsellaPolyDFE/aranetconnec12_49.0809523809524_PolyDFE.input 
--  Model: C
--        eps_an     theta_bar             a 
-- 0.00020199802 0.01466374924            -1 
--           S_d             b           p_b           S_b 
-- -1303.4101126 0.29568087889 0.00170267574 88.7016188054 
--           r 2           r 3           r 4           r 5           r 6           r 7           r 8           r 9          r 10          r 11          r 12          r 13          r 14          r 15          r 16          r 17          r 18          r 19          r 20          r 21          r 22          r 23          r 24          r 25          r 26          r 27          r 28          r 29          r 30          r 31          r 32          r 33          r 34          r 35          r 36          r 37          r 38          r 39          r 40          r 41          r 42          r 43          r 44          r 45          r 46          r 47          r 48          r 49 
-- 0.89207706379 0.86414984259 0.81104369979 0.78698809929 0.86318761325 0.79240667958 0.81873195727 0.74311410912 0.89248538255 0.84324044548 0.76495319340 0.76392900241 0.82189956951 0.67146568188 0.56433077859 0.59482785341 0.64127942931 0.59043585593 0.69028516703 0.67772619631 0.70209145900 0.78046667136 0.62128814937 0.78128619462 0.67688883629 0.50888663680 0.69183396643 0.88715735702 0.77361459646 0.78582918485 0.73439885718 0.67782106334 0.94916456253 0.80652364821 0.91865957395 0.89034972122 0.74671469273 0.80473954873 1.17906906217 1.18766750166 1.19433620030  1.2411933416 1.56631653459 0.95994983257 1.41616338991 1.85090754870 1.97170203978 2.47043022027 

---- Expected P_neut(i), 0 < i < n (neutral SFS per site) 
E[P_neut(1)] = 0.0146609365
E[P_neut(2)] = 0.0065393977
E[P_neut(3)] = 0.0042231556
E[P_neut(4)] = 0.0029727260
E[P_neut(5)] = 0.0023076362
E[P_neut(6)] = 0.0021092738
E[P_neut(7)] = 0.0016597006
E[P_neut(8)] = 0.0015004911
E[P_neut(9)] = 0.0012106011
E[P_neut(10)] = 0.0013085411
E[P_neut(11)] = 0.0011239310
E[P_neut(12)] = 0.0009346262
E[P_neut(13)] = 0.0008615944
E[P_neut(14)] = 0.0008607681
E[P_neut(15)] = 0.0006563493
E[P_neut(16)] = 0.0005171785
E[P_neut(17)] = 0.0005130399
E[P_neut(18)] = 0.0005223825
E[P_neut(19)] = 0.0004556674
E[P_neut(20)] = 0.0005060826
E[P_neut(21)] = 0.0004732334
E[P_neut(22)] = 0.0004679465
E[P_neut(23)] = 0.0004975452
E[P_neut(24)] = 0.0003796010
E[P_neut(25)] = 0.0004582634
E[P_neut(26)] = 0.0003817583
E[P_neut(27)] = 0.0002764219
E[P_neut(28)] = 0.0003623385
E[P_neut(29)] = 0.0004485930
E[P_neut(30)] = 0.0003781622
E[P_neut(31)] = 0.0003717332
E[P_neut(32)] = 0.0003365701
E[P_neut(33)] = 0.0003012367
E[P_neut(34)] = 0.0004093839
E[P_neut(35)] = 0.0003379689
E[P_neut(36)] = 0.0003742926
E[P_neut(37)] = 0.0003529640
E[P_neut(38)] = 0.0002882790
E[P_neut(39)] = 0.0003027428
E[P_neut(40)] = 0.0004324164
E[P_neut(41)] = 0.0004249309
E[P_neut(42)] = 0.0004172057
E[P_neut(43)] = 0.0004235184
E[P_neut(44)] = 0.0005223223
E[P_neut(45)] = 0.0003132133
E[P_neut(46)] = 0.0004519499
E[P_neut(47)] = 0.0005782098
E[P_neut(48)] = 0.0006035442
E[P_neut(49)] = 0.0007421141

---- Expected P_sel(i), 0 < i < n (selected SFS per site) 
E[P_sel(1)] = 0.0049250228
E[P_sel(2)] = 0.0016165916
E[P_sel(3)] = 0.0009007622
E[P_sel(4)] = 0.0005769621
E[P_sel(5)] = 0.0004181626
E[P_sel(6)] = 0.0003622589
E[P_sel(7)] = 0.0002728300
E[P_sel(8)] = 0.0002377214
E[P_sel(9)] = 0.0001857909
E[P_sel(10)] = 0.0001953016
E[P_sel(11)] = 0.0001636455
E[P_sel(12)] = 0.0001330889
E[P_sel(13)] = 0.0001202409
E[P_sel(14)] = 0.0001179357
E[P_sel(15)] = 0.0000884208
E[P_sel(16)] = 0.0000685933
E[P_sel(17)] = 0.0000670676
E[P_sel(18)] = 0.0000673756
E[P_sel(19)] = 0.0000580366
E[P_sel(20)] = 0.0000637040
E[P_sel(21)] = 0.0000589153
E[P_sel(22)] = 0.0000576566
E[P_sel(23)] = 0.0000607090
E[P_sel(24)] = 0.0000458949
E[P_sel(25)] = 0.0000549293
E[P_sel(26)] = 0.0000453892
E[P_sel(27)] = 0.0000326158
E[P_sel(28)] = 0.0000424488
E[P_sel(29)] = 0.0000522037
E[P_sel(30)] = 0.0000437350
E[P_sel(31)] = 0.0000427450
E[P_sel(32)] = 0.0000384985
E[P_sel(33)] = 0.0000342930
E[P_sel(34)] = 0.0000464063
E[P_sel(35)] = 0.0000381711
E[P_sel(36)] = 0.0000421452
E[P_sel(37)] = 0.0000396504
E[P_sel(38)] = 0.0000323353
E[P_sel(39)] = 0.0000339386
E[P_sel(40)] = 0.0000485009
E[P_sel(41)] = 0.0000477565
E[P_sel(42)] = 0.0000470729
E[P_sel(43)] = 0.0000480923
E[P_sel(44)] = 0.0000599031
E[P_sel(45)] = 0.0000364843
E[P_sel(46)] = 0.0000539076
E[P_sel(47)] = 0.0000717585
E[P_sel(48)] = 0.0000807862
E[P_sel(49)] = 0.0001208029

---- alpha_dfe = 0.605866

