---- Running command
---- ./polyDFE -d RevisionsCapsellaPolyDFE/aranetconnec8_18.7608695652174_PolyDFE.input -m C -i /home/jejames/ArabidopsisCrossGenome/model.txt 1 -e 
---- Performing inference using model C

---- Performing inference on RevisionsCapsellaPolyDFE/aranetconnec8_18.7608695652174_PolyDFE.input
----      with -i /home/jejames/ArabidopsisCrossGenome/model.txt 1
---- Data RevisionsCapsellaPolyDFE/aranetconnec8_18.7608695652174_PolyDFE.input does not contain divergence counts. Using option -w.
---- No mutation variability. Using Poisson likelihood.


---- Calculating initial values

-- Starting local optimization
-- Optimizing all parameters
  it        eps_an     theta_bar           S_d             b           p_b           S_b           r 2           r 3           r 4           r 5           r 6           r 7           r 8           r 9          r 10          r 11          r 12          r 13          r 14          r 15          r 16          r 17          r 18          r 19          r 20          r 21          r 22          r 23          r 24          r 25          r 26          r 27          r 28          r 29          r 30          r 31          r 32          r 33          r 34          r 35          r 36          r 37          r 38          r 39          r 40          r 41          r 42          r 43          r 44          r 45          r 46          r 47          r 48          r 49           ln lk          grad status 
   0           0.1 0.01594309442        -80000         0.208           0.1            20 0.98403851026 0.95844945528 0.86242715986 0.85465754581 0.87813529262 0.84655012245 0.84317202938 0.81479604763 0.88759395321 0.88252681361 0.77324550291 0.96064521577 0.90448441854 0.79300734735 0.78642006587 0.84418545730 0.70078540663 0.86648087154 0.75838189342 0.70939954395 0.90482222785 0.54193058018 0.56549277932 0.71784477662 0.77071193311 0.61793767418 0.71649353939 0.78371759141 0.71193311375 0.99484840807 1.05126256228 1.14821383329 1.02795372012 1.28283084198 1.23131492272 1.35926019761 1.24195591588 1.54801114770 1.41542099484 1.55122033612 1.53230301494 1.77214762266 2.06975762182 2.03699011907 2.86310277848 3.36196267207 4.35368634405             1 -3068.573394545 46.5094696314   -2 
 367 0.01163044485 0.01457222431 -715.63325375 0.28589489248 0.00038984421 1.26995124633 0.94277724004 0.91645996137 0.80512304900 0.82273043404 0.83937918177 0.81903047388 0.87744335290 0.84261965198 0.80274667426 0.76738763796 0.67820604295 0.85162686807 0.85850577675 0.83491432406 0.77180686614 0.74166773372 0.63103123223 0.77930286064 0.67407117756 0.74708546091 0.73781569168 0.48309775453 0.50492333475 0.63077499497 0.68339240474 0.60051802715 0.60767132312 0.79115367536 0.59925643817 0.81983761669 0.83605767998 0.92251783631 0.71214807054 0.97771212689 0.90367781849 1.06804815009 0.88847931353 1.14678948929 0.94482046723 1.13677383660 0.80046646253 1.26170748549 1.13561822489 1.05611990839 1.66841093184 1.61580751436 1.66093216482 2.41028765317 -300.7269932700 0.00007554275    0 
---- Best joint likelihood found -300.726993270071318 with gradient 0.00008

---- Results for RevisionsCapsellaPolyDFE/aranetconnec8_18.7608695652174_PolyDFE.input 
--  Model: C
--        eps_an     theta_bar             a 
-- 0.01163044485 0.01457222431            -1 
--           S_d             b           p_b           S_b 
-- -715.63325375 0.28589489248 0.00038984421 1.26995124633 
--           r 2           r 3           r 4           r 5           r 6           r 7           r 8           r 9          r 10          r 11          r 12          r 13          r 14          r 15          r 16          r 17          r 18          r 19          r 20          r 21          r 22          r 23          r 24          r 25          r 26          r 27          r 28          r 29          r 30          r 31          r 32          r 33          r 34          r 35          r 36          r 37          r 38          r 39          r 40          r 41          r 42          r 43          r 44          r 45          r 46          r 47          r 48          r 49 
-- 0.94277724004 0.91645996137 0.80512304900 0.82273043404 0.83937918177 0.81903047388 0.87744335290 0.84261965198 0.80274667426 0.76738763796 0.67820604295 0.85162686807 0.85850577675 0.83491432406 0.77180686614 0.74166773372 0.63103123223 0.77930286064 0.67407117756 0.74708546091 0.73781569168 0.48309775453 0.50492333475 0.63077499497 0.68339240474 0.60051802715 0.60767132312 0.79115367536 0.59925643817 0.81983761669 0.83605767998 0.92251783631 0.71214807054 0.97771212689 0.90367781849 1.06804815009 0.88847931353 1.14678948929 0.94482046723 1.13677383660 0.80046646253 1.26170748549 1.13561822489 1.05611990839 1.66841093184 1.61580751436 1.66093216482 2.41028765317 

---- Expected P_neut(i), 0 < i < n (neutral SFS per site) 
E[P_neut(1)] = 0.0144110796
E[P_neut(2)] = 0.0067951536
E[P_neut(3)] = 0.0044056723
E[P_neut(4)] = 0.0029051421
E[P_neut(5)] = 0.0023738926
E[P_neut(6)] = 0.0020192680
E[P_neut(7)] = 0.0016901565
E[P_neut(8)] = 0.0015829290
E[P_neut(9)] = 0.0013531473
E[P_neut(10)] = 0.0011601786
E[P_neut(11)] = 0.0010097551
E[P_neut(12)] = 0.0008179649
E[P_neut(13)] = 0.0009484125
E[P_neut(14)] = 0.0008874571
E[P_neut(15)] = 0.0008064048
E[P_neut(16)] = 0.0006983084
E[P_neut(17)] = 0.0006330937
E[P_neut(18)] = 0.0005093492
E[P_neut(19)] = 0.0005952242
E[P_neut(20)] = 0.0004888091
E[P_neut(21)] = 0.0005170084
E[P_neut(22)] = 0.0004867041
E[P_neut(23)] = 0.0003062883
E[P_neut(24)] = 0.0003074664
E[P_neut(25)] = 0.0003676718
E[P_neut(26)] = 0.0003821320
E[P_neut(27)] = 0.0003238971
E[P_neut(28)] = 0.0003182601
E[P_neut(29)] = 0.0003989529
E[P_neut(30)] = 0.0002934100
E[P_neut(31)] = 0.0003878518
E[P_neut(32)] = 0.0003822392
E[P_neut(33)] = 0.0004100240
E[P_neut(34)] = 0.0003098485
E[P_neut(35)] = 0.0004117688
E[P_neut(36)] = 0.0003719329
E[P_neut(37)] = 0.0004268547
E[P_neut(38)] = 0.0003463296
E[P_neut(39)] = 0.0004353341
E[P_neut(40)] = 0.0003538052
E[P_neut(41)] = 0.0004152008
E[P_neut(42)] = 0.0002930867
E[P_neut(43)] = 0.0004424358
E[P_neut(44)] = 0.0003954375
E[P_neut(45)] = 0.0003659103
E[P_neut(46)] = 0.0005564980
E[P_neut(47)] = 0.0005469245
E[P_neut(48)] = 0.0005782662
E[P_neut(49)] = 0.0008779458

---- Expected P_sel(i), 0 < i < n (selected SFS per site) 
E[P_sel(1)] = 0.0057852888
E[P_sel(2)] = 0.0020507007
E[P_sel(3)] = 0.0011537024
E[P_sel(4)] = 0.0006941119
E[P_sel(5)] = 0.0005306918
E[P_sel(6)] = 0.0004283456
E[P_sel(7)] = 0.0003434151
E[P_sel(8)] = 0.0003103065
E[P_sel(9)] = 0.0002569890
E[P_sel(10)] = 0.0002143786
E[P_sel(11)] = 0.0001820054
E[P_sel(12)] = 0.0001442298
E[P_sel(13)] = 0.0001639059
E[P_sel(14)] = 0.0001505955
E[P_sel(15)] = 0.0001345186
E[P_sel(16)] = 0.0001146887
E[P_sel(17)] = 0.0001024315
E[P_sel(18)] = 0.0000812794
E[P_sel(19)] = 0.0000937847
E[P_sel(20)] = 0.0000760947
E[P_sel(21)] = 0.0000795552
E[P_sel(22)] = 0.0000740900
E[P_sel(23)] = 0.0000461382
E[P_sel(24)] = 0.0000458639
E[P_sel(25)] = 0.0000543380
E[P_sel(26)] = 0.0000559710
E[P_sel(27)] = 0.0000470385
E[P_sel(28)] = 0.0000458602
E[P_sel(29)] = 0.0000570320
E[P_sel(30)] = 0.0000416490
E[P_sel(31)] = 0.0000546542
E[P_sel(32)] = 0.0000534760
E[P_sel(33)] = 0.0000570054
E[P_sel(34)] = 0.0000428739
E[P_sel(35)] = 0.0000565981
E[P_sel(36)] = 0.0000508928
E[P_sel(37)] = 0.0000580643
E[P_sel(38)] = 0.0000468916
E[P_sel(39)] = 0.0000586465
E[P_sel(40)] = 0.0000476530
E[P_sel(41)] = 0.0000557044
E[P_sel(42)] = 0.0000396672
E[P_sel(43)] = 0.0000591966
E[P_sel(44)] = 0.0000533057
E[P_sel(45)] = 0.0000499131
E[P_sel(46)] = 0.0000753219
E[P_sel(47)] = 0.0000769236
E[P_sel(48)] = 0.0000875923
E[P_sel(49)] = 0.0001578768

---- alpha_dfe = 0.005757

