---- Running command
---- ./polyDFE -d RevisionsCapsellaPolyDFE/aranetconnec19_269.434343434343_PolyDFE.input -m C -i /home/jejames/ArabidopsisCrossGenome/model.txt 1 -e 
---- Performing inference using model C

---- Performing inference on RevisionsCapsellaPolyDFE/aranetconnec19_269.434343434343_PolyDFE.input
----      with -i /home/jejames/ArabidopsisCrossGenome/model.txt 1
---- Data RevisionsCapsellaPolyDFE/aranetconnec19_269.434343434343_PolyDFE.input does not contain divergence counts. Using option -w.
---- No mutation variability. Using Poisson likelihood.


---- Calculating initial values

-- Starting local optimization
-- Optimizing all parameters
  it        eps_an     theta_bar           S_d             b           p_b           S_b           r 2           r 3           r 4           r 5           r 6           r 7           r 8           r 9          r 10          r 11          r 12          r 13          r 14          r 15          r 16          r 17          r 18          r 19          r 20          r 21          r 22          r 23          r 24          r 25          r 26          r 27          r 28          r 29          r 30          r 31          r 32          r 33          r 34          r 35          r 36          r 37          r 38          r 39          r 40          r 41          r 42          r 43          r 44          r 45          r 46          r 47          r 48          r 49           ln lk          grad status 
   0           0.1 0.01524119780        -20000         0.406           0.1            20 0.92627324171 0.83573160873 0.80032336297 0.79466451091 0.75521422797 0.87316087308 0.87502021018 0.80541632983 0.78900565885 0.83233629749 0.75569927243 0.70517380759 0.86354082457 0.94098625707 0.85626515763 0.77372675828 0.83815683104 0.81406628940 0.57073565076 0.91673403395 0.65982215036 0.73443815683 0.69264349232 0.94987873888 0.69991915925 0.77485852869 0.67679870654 0.89086499595 0.72029102667 0.92724333063 0.99337105901 0.92570735650 0.76410670978 0.97332255456 1.35909458367 1.07380759902 0.89393694421 1.08455941794 1.24171382376 1.20315278900 1.41584478577 1.83193209377 1.46903799514 1.79708973322 2.51010509296 2.94082457558 4.19466451091             1 -2940.904879484 45.9016538287   -2 
 709 0.00334427897 0.01357924660 -1147.2743452 0.44182448650 0.03714740028 0.82308575407 0.94442724151 0.82479691226 0.81285220277 0.79065941908 0.68214573337 0.83474836655 0.84551541525 0.74019646627 0.72545081299 0.77626871746 0.82803556832 0.70518481095 0.71309965382 0.87392350283 0.82974680306 0.74527028221 0.89237681815 0.73950306818 0.54373168850 0.75566336155 0.65676343051 0.77101642413 0.68129000759 0.81356244698 0.65849918983 0.65593197122 0.72474270843 0.76561644121 0.65284096558 0.77049183734 0.81109893132 0.68262744118 0.61384975278 0.75882562928 1.00654810201 0.87964440653 0.60443934933 0.80262721741 0.86435106337 0.90519216672 0.81443149137 1.14399562992 0.98679566385 0.93153488501 1.32536685169 1.48245315529 1.76296152509 2.88582944388 -295.0630551944 0.00009561147    0 
---- Best joint likelihood found -295.063055194403375 with gradient 0.00010

---- Results for RevisionsCapsellaPolyDFE/aranetconnec19_269.434343434343_PolyDFE.input 
--  Model: C
--        eps_an     theta_bar             a 
-- 0.00334427897 0.01357924660            -1 
--           S_d             b           p_b           S_b 
-- -1147.2743452 0.44182448650 0.03714740028 0.82308575407 
--           r 2           r 3           r 4           r 5           r 6           r 7           r 8           r 9          r 10          r 11          r 12          r 13          r 14          r 15          r 16          r 17          r 18          r 19          r 20          r 21          r 22          r 23          r 24          r 25          r 26          r 27          r 28          r 29          r 30          r 31          r 32          r 33          r 34          r 35          r 36          r 37          r 38          r 39          r 40          r 41          r 42          r 43          r 44          r 45          r 46          r 47          r 48          r 49 
-- 0.94442724151 0.82479691226 0.81285220277 0.79065941908 0.68214573337 0.83474836655 0.84551541525 0.74019646627 0.72545081299 0.77626871746 0.82803556832 0.70518481095 0.71309965382 0.87392350283 0.82974680306 0.74527028221 0.89237681815 0.73950306818 0.54373168850 0.75566336155 0.65676343051 0.77101642413 0.68129000759 0.81356244698 0.65849918983 0.65593197122 0.72474270843 0.76561644121 0.65284096558 0.77049183734 0.81109893132 0.68262744118 0.61384975278 0.75882562928 1.00654810201 0.87964440653 0.60443934933 0.80262721741 0.86435106337 0.90519216672 0.81443149137 1.14399562992 0.98679566385 0.93153488501 1.32536685169 1.48245315529 1.76296152509 2.88582944388 

---- Expected P_neut(i), 0 < i < n (neutral SFS per site) 
E[P_neut(1)] = 0.0135365084
E[P_neut(2)] = 0.0063925286
E[P_neut(3)] = 0.0037223205
E[P_neut(4)] = 0.0027515601
E[P_neut(5)] = 0.0021410707
E[P_neut(6)] = 0.0015396930
E[P_neut(7)] = 0.0016151147
E[P_neut(8)] = 0.0014312637
E[P_neut(9)] = 0.0011140799
E[P_neut(10)] = 0.0009827944
E[P_neut(11)] = 0.0009560157
E[P_neut(12)] = 0.0009345970
E[P_neut(13)] = 0.0007352223
E[P_neut(14)] = 0.0006906249
E[P_neut(15)] = 0.0007894869
E[P_neut(16)] = 0.0007026734
E[P_neut(17)] = 0.0005942549
E[P_neut(18)] = 0.0006721110
E[P_neut(19)] = 0.0005278820
E[P_neut(20)] = 0.0003689270
E[P_neut(21)] = 0.0004882000
E[P_neut(22)] = 0.0004051994
E[P_neut(23)] = 0.0004547906
E[P_neut(24)] = 0.0003853362
E[P_neut(25)] = 0.0004419026
E[P_neut(26)] = 0.0003440591
E[P_neut(27)] = 0.0003303103
E[P_neut(28)] = 0.0003516610
E[P_neut(29)] = 0.0003589350
E[P_neut(30)] = 0.0002957493
E[P_neut(31)] = 0.0003381452
E[P_neut(32)] = 0.0003452913
E[P_neut(33)] = 0.0002819474
E[P_neut(34)] = 0.0002467004
E[P_neut(35)] = 0.0002960692
E[P_neut(36)] = 0.0003807147
E[P_neut(37)] = 0.0003242191
E[P_neut(38)] = 0.0002184068
E[P_neut(39)] = 0.0002817336
E[P_neut(40)] = 0.0002957441
E[P_neut(41)] = 0.0003025330
E[P_neut(42)] = 0.0002672373
E[P_neut(43)] = 0.0003654770
E[P_neut(44)] = 0.0003086887
E[P_neut(45)] = 0.0002873421
E[P_neut(46)] = 0.0003991697
E[P_neut(47)] = 0.0004393636
E[P_neut(48)] = 0.0005185201
E[P_neut(49)] = 0.0008424809

---- Expected P_sel(i), 0 < i < n (selected SFS per site) 
E[P_sel(1)] = 0.0037865827
E[P_sel(2)] = 0.0012073300
E[P_sel(3)] = 0.0005880447
E[P_sel(4)] = 0.0003902455
E[P_sel(5)] = 0.0002817698
E[P_sel(6)] = 0.0001915606
E[P_sel(7)] = 0.0001922645
E[P_sel(8)] = 0.0001643779
E[P_sel(9)] = 0.0001241776
E[P_sel(10)] = 0.0001068047
E[P_sel(11)] = 0.0001016605
E[P_sel(12)] = 0.0000975273
E[P_sel(13)] = 0.0000754587
E[P_sel(14)] = 0.0000698548
E[P_sel(15)] = 0.0000788358
E[P_sel(16)] = 0.0000693671
E[P_sel(17)] = 0.0000580653
E[P_sel(18)] = 0.0000650746
E[P_sel(19)] = 0.0000506927
E[P_sel(20)] = 0.0000351691
E[P_sel(21)] = 0.0000462360
E[P_sel(22)] = 0.0000381511
E[P_sel(23)] = 0.0000425981
E[P_sel(24)] = 0.0000359258
E[P_sel(25)] = 0.0000410316
E[P_sel(26)] = 0.0000318324
E[P_sel(27)] = 0.0000304656
E[P_sel(28)] = 0.0000323475
E[P_sel(29)] = 0.0000329423
E[P_sel(30)] = 0.0000270918
E[P_sel(31)] = 0.0000309300
E[P_sel(32)] = 0.0000315494
E[P_sel(33)] = 0.0000257417
E[P_sel(34)] = 0.0000225173
E[P_sel(35)] = 0.0000270181
E[P_sel(36)] = 0.0000347371
E[P_sel(37)] = 0.0000296001
E[P_sel(38)] = 0.0000199736
E[P_sel(39)] = 0.0000257822
E[P_sel(40)] = 0.0000271009
E[P_sel(41)] = 0.0000277773
E[P_sel(42)] = 0.0000246218
E[P_sel(43)] = 0.0000337312
E[P_sel(44)] = 0.0000285929
E[P_sel(45)] = 0.0000268049
E[P_sel(46)] = 0.0000373955
E[P_sel(47)] = 0.0000415896
E[P_sel(48)] = 0.0000503242
E[P_sel(49)] = 0.0000871511

---- alpha_dfe = 0.597521

