---- Running command
---- ./polyDFE -d RevisionsCapsellaPolyDFE/aranetconnec7_14.7389162561576_PolyDFE.input -m C -i /home/jejames/ArabidopsisCrossGenome/model.txt 1 -e 
---- Performing inference using model C

---- Performing inference on RevisionsCapsellaPolyDFE/aranetconnec7_14.7389162561576_PolyDFE.input
----      with -i /home/jejames/ArabidopsisCrossGenome/model.txt 1
---- Data RevisionsCapsellaPolyDFE/aranetconnec7_14.7389162561576_PolyDFE.input does not contain divergence counts. Using option -w.
---- No mutation variability. Using Poisson likelihood.


---- Calculating initial values

-- Starting local optimization
-- Optimizing all parameters
  it        eps_an     theta_bar           S_d             b           p_b           S_b           r 2           r 3           r 4           r 5           r 6           r 7           r 8           r 9          r 10          r 11          r 12          r 13          r 14          r 15          r 16          r 17          r 18          r 19          r 20          r 21          r 22          r 23          r 24          r 25          r 26          r 27          r 28          r 29          r 30          r 31          r 32          r 33          r 34          r 35          r 36          r 37          r 38          r 39          r 40          r 41          r 42          r 43          r 44          r 45          r 46          r 47          r 48          r 49           ln lk          grad status 
   0           0.1 0.01606993707        -80000         0.208           0.1            20 0.92914067914 0.84329521829 0.86243936243 0.98665973665 0.96361746361 0.81678794178 0.84615384615 0.88955301455 0.91216216216 0.91094941094 0.91268191268         0.875 0.67914067914 0.84069646569 0.94525294525 0.83056133056 1.10239085239 1.01386001386 0.81774081774 0.97687110187 0.68797643797 0.82484407484 0.89189189189 1.12612612612 0.94819819819 0.85602910602 0.89501039501 0.88678101178 1.06029106029 1.13860013860 1.22799722799 1.24636174636 1.34892584892 1.16120928620 0.99792099792 1.38782051282 1.25744975744           1.5 1.23700623700 1.52364864864 1.85187110187 1.65012127512 2.00485100485 2.58056133056 2.55422730422 3.27746015246 4.43659043659             1 -3055.659402673 47.1090683587   -2 
 994 0.00109055291 0.01447342317 -457.19459300 0.34234483046 0.01227904191 5.58425402887 0.88501784320 0.83217309736 0.89444898844 0.91565296745 0.90413920296 0.82967155664 0.80195725860 0.81092511178 0.89947188248 0.78645983090 0.84485099506 0.80616544767 0.72900334194 0.82046428986 0.83631186993 0.79943285242 0.93407228498 0.91071223916 0.77545126279 0.88639863255 0.63119558464 0.75958713206 0.94232053383 0.88903534656 0.93881266798 0.82250506762 0.81435953817 0.73324675682 1.01781295154 0.97805564409 0.93336022024 0.91552598406 1.13856916611 0.95359909310 0.77352026624 0.93542880486 0.97714844006 1.13131502681 0.87136292455 1.22154183686 1.20724662138 1.18952952506 1.18935711871 1.39727550072 1.35245068413 1.99444216054 2.04927050674 3.03334953311 -305.5422597571 0.00046408611   -8 
-- Local optimization: reached maximum number of likelihood evaluations allowed.
---- Best joint likelihood found -305.542259757142858 with gradient 0.00046

---- Results for RevisionsCapsellaPolyDFE/aranetconnec7_14.7389162561576_PolyDFE.input 
--  Model: C
--        eps_an     theta_bar             a 
-- 0.00109055291 0.01447342317            -1 
--           S_d             b           p_b           S_b 
-- -457.19459300 0.34234483046 0.01227904191 5.58425402887 
--           r 2           r 3           r 4           r 5           r 6           r 7           r 8           r 9          r 10          r 11          r 12          r 13          r 14          r 15          r 16          r 17          r 18          r 19          r 20          r 21          r 22          r 23          r 24          r 25          r 26          r 27          r 28          r 29          r 30          r 31          r 32          r 33          r 34          r 35          r 36          r 37          r 38          r 39          r 40          r 41          r 42          r 43          r 44          r 45          r 46          r 47          r 48          r 49 
-- 0.88501784320 0.83217309736 0.89444898844 0.91565296745 0.90413920296 0.82967155664 0.80195725860 0.81092511178 0.89947188248 0.78645983090 0.84485099506 0.80616544767 0.72900334194 0.82046428986 0.83631186993 0.79943285242 0.93407228498 0.91071223916 0.77545126279 0.88639863255 0.63119558464 0.75958713206 0.94232053383 0.88903534656 0.93881266798 0.82250506762 0.81435953817 0.73324675682 1.01781295154 0.97805564409 0.93336022024 0.91552598406 1.13856916611 0.95359909310 0.77352026624 0.93542880486 0.97714844006 1.13131502681 0.87136292455 1.22154183686 1.20724662138 1.18952952506 1.18935711871 1.39727550072 1.35245068413 1.99444216054 2.04927050674 3.03334953311 

---- Expected P_neut(i), 0 < i < n (neutral SFS per site) 
E[P_neut(1)] = 0.0144586163
E[P_neut(2)] = 0.0063983082
E[P_neut(3)] = 0.0040110892
E[P_neut(4)] = 0.0032333692
E[P_neut(5)] = 0.0026481261
E[P_neut(6)] = 0.0021790464
E[P_neut(7)] = 0.0017140212
E[P_neut(8)] = 0.0014497548
E[P_neut(9)] = 0.0013031439
E[P_neut(10)] = 0.0013007678
E[P_neut(11)] = 0.0010341263
E[P_neut(12)] = 0.0010182851
E[P_neut(13)] = 0.0008969567
E[P_neut(14)] = 0.0007531725
E[P_neut(15)] = 0.0007912285
E[P_neut(16)] = 0.0007562220
E[P_neut(17)] = 0.0006803151
E[P_neut(18)] = 0.0007507093
E[P_neut(19)] = 0.0006934848
E[P_neut(20)] = 0.0005610952
E[P_neut(21)] = 0.0006106482
E[P_neut(22)] = 0.0004152590
E[P_neut(23)] = 0.0004779520
E[P_neut(24)] = 0.0005682254
E[P_neut(25)] = 0.0005146954
E[P_neut(26)] = 0.0005226588
E[P_neut(27)] = 0.0004409465
E[P_neut(28)] = 0.0004209427
E[P_neut(29)] = 0.0003662185
E[P_neut(30)] = 0.0004911177
E[P_neut(31)] = 0.0004568977
E[P_neut(32)] = 0.0004225124
E[P_neut(33)] = 0.0004018436
E[P_neut(34)] = 0.0004849727
E[P_neut(35)] = 0.0003947717
E[P_neut(36)] = 0.0003114685
E[P_neut(37)] = 0.0003664948
E[P_neut(38)] = 0.0003728813
E[P_neut(39)] = 0.0004205168
E[P_neut(40)] = 0.0003163660
E[P_neut(41)] = 0.0004321688
E[P_neut(42)] = 0.0004171522
E[P_neut(43)] = 0.0004018194
E[P_neut(44)] = 0.0003931807
E[P_neut(45)] = 0.0004518084
E[P_neut(46)] = 0.0004286000
E[P_neut(47)] = 0.0006178874
E[P_neut(48)] = 0.0006242265
E[P_neut(49)] = 0.0009107855

---- Expected P_sel(i), 0 < i < n (selected SFS per site) 
E[P_sel(1)] = 0.0060153853
E[P_sel(2)] = 0.0019416694
E[P_sel(3)] = 0.0010365495
E[P_sel(4)] = 0.0007536993
E[P_sel(5)] = 0.0005728669
E[P_sel(6)] = 0.0004448781
E[P_sel(7)] = 0.0003339025
E[P_sel(8)] = 0.0002715763
E[P_sel(9)] = 0.0002360916
E[P_sel(10)] = 0.0002289369
E[P_sel(11)] = 0.0001774292
E[P_sel(12)] = 0.0001708132
E[P_sel(13)] = 0.0001474536
E[P_sel(14)] = 0.0001215886
E[P_sel(15)] = 0.0001256512
E[P_sel(16)] = 0.0001183147
E[P_sel(17)] = 0.0001050068
E[P_sel(18)] = 0.0001144504
E[P_sel(19)] = 0.0001045411
E[P_sel(20)] = 0.0000837181
E[P_sel(21)] = 0.0000902645
E[P_sel(22)] = 0.0000608615
E[P_sel(23)] = 0.0000695126
E[P_sel(24)] = 0.0000820698
E[P_sel(25)] = 0.0000738774
E[P_sel(26)] = 0.0000746080
E[P_sel(27)] = 0.0000626406
E[P_sel(28)] = 0.0000595509
E[P_sel(29)] = 0.0000516308
E[P_sel(30)] = 0.0000690434
E[P_sel(31)] = 0.0000640982
E[P_sel(32)] = 0.0000591913
E[P_sel(33)] = 0.0000562556
E[P_sel(34)] = 0.0000678947
E[P_sel(35)] = 0.0000553157
E[P_sel(36)] = 0.0000437184
E[P_sel(37)] = 0.0000515733
E[P_sel(38)] = 0.0000526587
E[P_sel(39)] = 0.0000596517
E[P_sel(40)] = 0.0000451509
E[P_sel(41)] = 0.0000620881
E[P_sel(42)] = 0.0000604385
E[P_sel(43)] = 0.0000588109
E[P_sel(44)] = 0.0000582529
E[P_sel(45)] = 0.0000678793
E[P_sel(46)] = 0.0000655110
E[P_sel(47)] = 0.0000962271
E[P_sel(48)] = 0.0000998882
E[P_sel(49)] = 0.0001521448

---- alpha_dfe = 0.413448

