---- Running command
---- ./polyDFE -d RevisionsCapsellaPolyDFE/aranetconnec9_24.1852678571429_PolyDFE.input -m C -i /home/jejames/ArabidopsisCrossGenome/model.txt 1 -e 
---- Performing inference using model C

---- Performing inference on RevisionsCapsellaPolyDFE/aranetconnec9_24.1852678571429_PolyDFE.input
----      with -i /home/jejames/ArabidopsisCrossGenome/model.txt 1
---- Data RevisionsCapsellaPolyDFE/aranetconnec9_24.1852678571429_PolyDFE.input does not contain divergence counts. Using option -w.
---- No mutation variability. Using Poisson likelihood.


---- Calculating initial values

-- Starting local optimization
-- Optimizing all parameters
  it        eps_an     theta_bar           S_d             b           p_b           S_b           r 2           r 3           r 4           r 5           r 6           r 7           r 8           r 9          r 10          r 11          r 12          r 13          r 14          r 15          r 16          r 17          r 18          r 19          r 20          r 21          r 22          r 23          r 24          r 25          r 26          r 27          r 28          r 29          r 30          r 31          r 32          r 33          r 34          r 35          r 36          r 37          r 38          r 39          r 40          r 41          r 42          r 43          r 44          r 45          r 46          r 47          r 48          r 49           ln lk          grad status 
   0           0.1 0.01673054726        -20000         0.406           0.1            20 0.87064757565 0.90497884803 0.80052066384 0.77570777741 0.87862024080 0.87813211845 0.77058249267 0.97014318255 0.81841848356 0.73381060852 0.81906931337 0.81435079726 0.67653758542 0.78831760494 0.90205011389 0.70257077774 0.95916042954 0.71876016921 0.69964204360 0.83371298405 1.01301659616 0.70354702245 0.73218353400 0.79319882850 0.87780670354 0.93133745525 0.85193621867 0.92482915717 0.85421412300 0.87007809957 1.18451025056 1.10608525870 1.09811259355 0.83712984054 1.13049137650 1.11373250894 1.08509599739 1.07875040676 1.34721770257 1.08403839895 1.42141230068 1.53221607549 1.86137325089 1.91465994142 2.32020826553 3.10478359908 4.05727302310             1 -2898.229441472 29.9906042562   -2 
 276 0.01121377687 0.01508743419 -1121.5189218 0.28167034374 0.00013442950 0.47668280926 0.85688509002 0.86612772911 0.83514113050 0.82011695191 0.82886652760 0.82263957944 0.79213372168 0.88881088989 0.76377306496 0.73557243155 0.76797658133 0.74696691019 0.66217091976 0.82187545229 0.74489065803 0.67337977367 0.83065630887 0.66699244888 0.68665774468 0.79104795200 0.83097857280 0.63933985307 0.65896672490 0.76874289349 0.68199827778 0.76077298114 0.84049250045 0.73678448791 0.73706963457 0.69018557464 0.87691376431 0.98700407784 0.90330239455 0.64423055573 0.94273522563 0.96578616775 0.69984664019 0.81074700107 0.82973816458 0.59988374047 0.80073686499 0.76873148072 0.96678060889 1.20453839933 1.37642632683 1.50600888334 1.62119255257 2.02075749645 -303.4071760027 0.00042255668   -8 
-- Local optimization: reached maximum number of likelihood evaluations allowed.
---- Best joint likelihood found -303.407176002702613 with gradient 0.00042

---- Results for RevisionsCapsellaPolyDFE/aranetconnec9_24.1852678571429_PolyDFE.input 
--  Model: C
--        eps_an     theta_bar             a 
-- 0.01121377687 0.01508743419            -1 
--           S_d             b           p_b           S_b 
-- -1121.5189218 0.28167034374 0.00013442950 0.47668280926 
--           r 2           r 3           r 4           r 5           r 6           r 7           r 8           r 9          r 10          r 11          r 12          r 13          r 14          r 15          r 16          r 17          r 18          r 19          r 20          r 21          r 22          r 23          r 24          r 25          r 26          r 27          r 28          r 29          r 30          r 31          r 32          r 33          r 34          r 35          r 36          r 37          r 38          r 39          r 40          r 41          r 42          r 43          r 44          r 45          r 46          r 47          r 48          r 49 
-- 0.85688509002 0.86612772911 0.83514113050 0.82011695191 0.82886652760 0.82263957944 0.79213372168 0.88881088989 0.76377306496 0.73557243155 0.76797658133 0.74696691019 0.66217091976 0.82187545229 0.74489065803 0.67337977367 0.83065630887 0.66699244888 0.68665774468 0.79104795200 0.83097857280 0.63933985307 0.65896672490 0.76874289349 0.68199827778 0.76077298114 0.84049250045 0.73678448791 0.73706963457 0.69018557464 0.87691376431 0.98700407784 0.90330239455 0.64423055573 0.94273522563 0.96578616775 0.69984664019 0.81074700107 0.82973816458 0.59988374047 0.80073686499 0.76873148072 0.96678060889 1.20453839933 1.37642632683 1.50600888334 1.62119255257 2.02075749645 

---- Expected P_neut(i), 0 < i < n (neutral SFS per site) 
E[P_neut(1)] = 0.0149252243
E[P_neut(2)] = 0.0063973260
E[P_neut(3)] = 0.0043124570
E[P_neut(4)] = 0.0031197729
E[P_neut(5)] = 0.0024514702
E[P_neut(6)] = 0.0020645900
E[P_neut(7)] = 0.0017562161
E[P_neut(8)] = 0.0014803814
E[P_neut(9)] = 0.0014757533
E[P_neut(10)] = 0.0011429251
E[P_neut(11)] = 0.0010011036
E[P_neut(12)] = 0.0009578546
E[P_neut(13)] = 0.0008616036
E[P_neut(14)] = 0.0007100326
E[P_neut(15)] = 0.0008205102
E[P_neut(16)] = 0.0006990238
E[P_neut(17)] = 0.0005959806
E[P_neut(18)] = 0.0006930772
E[P_neut(19)] = 0.0005274699
E[P_neut(20)] = 0.0005163433
E[P_neut(21)] = 0.0005662531
E[P_neut(22)] = 0.0005685669
E[P_neut(23)] = 0.0004194554
E[P_neut(24)] = 0.0004140474
E[P_neut(25)] = 0.0004639343
E[P_neut(26)] = 0.0003959615
E[P_neut(27)] = 0.0004250511
E[P_neut(28)] = 0.0004542003
E[P_neut(29)] = 0.0003853915
E[P_neut(30)] = 0.0003723349
E[P_neut(31)] = 0.0003380799
E[P_neut(32)] = 0.0004166206
E[P_neut(33)] = 0.0004528947
E[P_neut(34)] = 0.0004042204
E[P_neut(35)] = 0.0002838641
E[P_neut(36)] = 0.0003986677
E[P_neut(37)] = 0.0003991223
E[P_neut(38)] = 0.0002855773
E[P_neut(39)] = 0.0003214398
E[P_neut(40)] = 0.0003223780
E[P_neut(41)] = 0.0002349819
E[P_neut(42)] = 0.0003011712
E[P_neut(43)] = 0.0002865835
E[P_neut(44)] = 0.0003511603
E[P_neut(45)] = 0.0004270751
E[P_neut(46)] = 0.0004817122
E[P_neut(47)] = 0.0005268674
E[P_neut(48)] = 0.0005763484
E[P_neut(49)] = 0.0007844149

---- Expected P_sel(i), 0 < i < n (selected SFS per site) 
E[P_sel(1)] = 0.0053876915
E[P_sel(2)] = 0.0017272178
E[P_sel(3)] = 0.0010111694
E[P_sel(4)] = 0.0006681676
E[P_sel(5)] = 0.0004914794
E[P_sel(6)] = 0.0003930905
E[P_sel(7)] = 0.0003205385
E[P_sel(8)] = 0.0002606711
E[P_sel(9)] = 0.0002519968
E[P_sel(10)] = 0.0001898622
E[P_sel(11)] = 0.0001623127
E[P_sel(12)] = 0.0001519646
E[P_sel(13)] = 0.0001339576
E[P_sel(14)] = 0.0001083849
E[P_sel(15)] = 0.0001232280
E[P_sel(16)] = 0.0001033191
E[P_sel(17)] = 0.0000867991
E[P_sel(18)] = 0.0000996093
E[P_sel(19)] = 0.0000748461
E[P_sel(20)] = 0.0000723877
E[P_sel(21)] = 0.0000784927
E[P_sel(22)] = 0.0000779640
E[P_sel(23)] = 0.0000569278
E[P_sel(24)] = 0.0000556525
E[P_sel(25)] = 0.0000617827
E[P_sel(26)] = 0.0000522662
E[P_sel(27)] = 0.0000556311
E[P_sel(28)] = 0.0000589741
E[P_sel(29)] = 0.0000496622
E[P_sel(30)] = 0.0000476208
E[P_sel(31)] = 0.0000429415
E[P_sel(32)] = 0.0000525653
E[P_sel(33)] = 0.0000567310
E[P_sel(34)] = 0.0000503551
E[P_sel(35)] = 0.0000352491
E[P_sel(36)] = 0.0000490830
E[P_sel(37)] = 0.0000489229
E[P_sel(38)] = 0.0000349688
E[P_sel(39)] = 0.0000391470
E[P_sel(40)] = 0.0000391664
E[P_sel(41)] = 0.0000288199
E[P_sel(42)] = 0.0000366023
E[P_sel(43)] = 0.0000350183
E[P_sel(44)] = 0.0000428300
E[P_sel(45)] = 0.0000520842
E[P_sel(46)] = 0.0000593131
E[P_sel(47)] = 0.0000666018
E[P_sel(48)] = 0.0000774283
E[P_sel(49)] = 0.0001313990

---- alpha_dfe = 0.001513

