---- Running command
---- ./polyDFE -d RevisionsCapsellaPolyDFE/aranetconnec11_39.3650442477876_PolyDFE.input -m C -i /home/jejames/ArabidopsisCrossGenome/model.txt 1 -e 
---- Performing inference using model C

---- Performing inference on RevisionsCapsellaPolyDFE/aranetconnec11_39.3650442477876_PolyDFE.input
----      with -i /home/jejames/ArabidopsisCrossGenome/model.txt 1
---- Data RevisionsCapsellaPolyDFE/aranetconnec11_39.3650442477876_PolyDFE.input does not contain divergence counts. Using option -w.
---- No mutation variability. Using Poisson likelihood.


---- Calculating initial values

-- Starting local optimization
-- Optimizing all parameters
  it        eps_an     theta_bar           S_d             b           p_b           S_b           r 2           r 3           r 4           r 5           r 6           r 7           r 8           r 9          r 10          r 11          r 12          r 13          r 14          r 15          r 16          r 17          r 18          r 19          r 20          r 21          r 22          r 23          r 24          r 25          r 26          r 27          r 28          r 29          r 30          r 31          r 32          r 33          r 34          r 35          r 36          r 37          r 38          r 39          r 40          r 41          r 42          r 43          r 44          r 45          r 46          r 47          r 48          r 49           ln lk          grad status 
   0           0.1 0.01530988005        -20000         0.406           0.1            20 0.98960122976 0.87268288272 1.01274979654 0.88570395153 0.88489013473 0.95894746360 1.11185459806 1.00750519938 0.73062663893 0.79573198300 0.97983542815 1.01564336739 0.98743105163 0.77041323808 0.99972872773 1.02993037345 1.04168550501 1.01709015281 0.75775386562 0.72158423003 0.89917714079 1.03571751514 0.98309069536 0.92684691201 1.12143955149 1.37209512614 0.77981734334 0.99647346052 1.33194683063 1.03155800705 1.15742833890 1.04439822768 1.16520481056 1.24061850076 1.23700153720 1.12415227416 1.53594357536 1.69273894565 1.41784971516 1.86110859933 1.79636495162 2.31350031648 2.06492449588 2.40482864635 2.66208517949 3.71019079482 4.72230762275             1 -3130.875509969 32.3447912503   -2 
1066 0.00717074732 0.01389401616 -587.81653295 0.34274634417 0.01368492664 0.59289448247 0.92208601552 0.87955988848 0.97916316079 0.89700180938 0.89864235436 0.91534760379 0.98404283788 0.91296847352 0.80564327486 0.89540623580 0.82446838263 0.90130692488 0.84059667005 0.77352179888 0.79890672506 0.92121831372 0.88115240559 0.82039193458 0.70421928117 0.72228910878 0.88405643944 0.96054902073 0.83376104198 0.91008090166 0.93633254979 1.10014457466 0.70665561591 0.85634361913 1.09230787911 0.85287001716 1.04934664108 1.08292428860 0.92185680057 1.09841781156 1.01498349275 0.94352982316 1.07300273138 1.16148573904 1.04286306437 1.43585414391 1.14999335660 1.45453487584 1.24436285013 1.33517629514 1.47603392250 1.97419295058 1.86812161273 2.59007758168 -319.5614523212 0.00025981592   -8 
-- Local optimization: reached maximum number of likelihood evaluations allowed.
---- Best joint likelihood found -319.561452321240040 with gradient 0.00026

---- Results for RevisionsCapsellaPolyDFE/aranetconnec11_39.3650442477876_PolyDFE.input 
--  Model: C
--        eps_an     theta_bar             a 
-- 0.00717074732 0.01389401616            -1 
--           S_d             b           p_b           S_b 
-- -587.81653295 0.34274634417 0.01368492664 0.59289448247 
--           r 2           r 3           r 4           r 5           r 6           r 7           r 8           r 9          r 10          r 11          r 12          r 13          r 14          r 15          r 16          r 17          r 18          r 19          r 20          r 21          r 22          r 23          r 24          r 25          r 26          r 27          r 28          r 29          r 30          r 31          r 32          r 33          r 34          r 35          r 36          r 37          r 38          r 39          r 40          r 41          r 42          r 43          r 44          r 45          r 46          r 47          r 48          r 49 
-- 0.92208601552 0.87955988848 0.97916316079 0.89700180938 0.89864235436 0.91534760379 0.98404283788 0.91296847352 0.80564327486 0.89540623580 0.82446838263 0.90130692488 0.84059667005 0.77352179888 0.79890672506 0.92121831372 0.88115240559 0.82039193458 0.70421928117 0.72228910878 0.88405643944 0.96054902073 0.83376104198 0.91008090166 0.93633254979 1.10014457466 0.70665561591 0.85634361913 1.09230787911 0.85287001716 1.04934664108 1.08292428860 0.92185680057 1.09841781156 1.01498349275 0.94352982316 1.07300273138 1.16148573904 1.04286306437 1.43585414391 1.14999335660 1.45453487584 1.24436285013 1.33517629514 1.47603392250 1.97419295058 1.86812161273 2.59007758168 

---- Expected P_neut(i), 0 < i < n (neutral SFS per site) 
E[P_neut(1)] = 0.0137996520
E[P_neut(2)] = 0.0063636826
E[P_neut(3)] = 0.0040485143
E[P_neut(4)] = 0.0033799355
E[P_neut(5)] = 0.0024776739
E[P_neut(6)] = 0.0020688542
E[P_neut(7)] = 0.0018071784
E[P_neut(8)] = 0.0016995113
E[P_neut(9)] = 0.0014028046
E[P_neut(10)] = 0.0011139329
E[P_neut(11)] = 0.0011258380
E[P_neut(12)] = 0.0009505662
E[P_neut(13)] = 0.0009589234
E[P_neut(14)] = 0.0008310600
E[P_neut(15)] = 0.0007144773
E[P_neut(16)] = 0.0006914780
E[P_neut(17)] = 0.0007507777
E[P_neut(18)] = 0.0006785424
E[P_neut(19)] = 0.0005983622
E[P_neut(20)] = 0.0004893412
E[P_neut(21)] = 0.0004773960
E[P_neut(22)] = 0.0005568333
E[P_neut(23)] = 0.0005801545
E[P_neut(24)] = 0.0004828055
E[P_neut(25)] = 0.0005057872
E[P_neut(26)] = 0.0005002355
E[P_neut(27)] = 0.0005662282
E[P_neut(28)] = 0.0003521422
E[P_neut(29)] = 0.0004107624
E[P_neut(30)] = 0.0005057653
E[P_neut(31)] = 0.0003838122
E[P_neut(32)] = 0.0004572238
E[P_neut(33)] = 0.0004580739
E[P_neut(34)] = 0.0003789879
E[P_neut(35)] = 0.0004380520
E[P_neut(36)] = 0.0003949008
E[P_neut(37)] = 0.0003586755
E[P_neut(38)] = 0.0003963561
E[P_neut(39)] = 0.0004189300
E[P_neut(40)] = 0.0003676680
E[P_neut(41)] = 0.0004931975
E[P_neut(42)] = 0.0003899563
E[P_neut(43)] = 0.0004796424
E[P_neut(44)] = 0.0004050407
E[P_neut(45)] = 0.0004271612
E[P_neut(46)] = 0.0004670186
E[P_neut(47)] = 0.0006086312
E[P_neut(48)] = 0.0005828004
E[P_neut(49)] = 0.0008287841

---- Expected P_sel(i), 0 < i < n (selected SFS per site) 
E[P_sel(1)] = 0.0053540803
E[P_sel(2)] = 0.0017867916
E[P_sel(3)] = 0.0009668891
E[P_sel(4)] = 0.0007279611
E[P_sel(5)] = 0.0004950644
E[P_sel(6)] = 0.0003899617
E[P_sel(7)] = 0.0003248171
E[P_sel(8)] = 0.0002935889
E[P_sel(9)] = 0.0002341383
E[P_sel(10)] = 0.0001804729
E[P_sel(11)] = 0.0001776349
E[P_sel(12)] = 0.0001464645
E[P_sel(13)] = 0.0001446380
E[P_sel(14)] = 0.0001229161
E[P_sel(15)] = 0.0001037852
E[P_sel(16)] = 0.0000988137
E[P_sel(17)] = 0.0001056576
E[P_sel(18)] = 0.0000941416
E[P_sel(19)] = 0.0000819273
E[P_sel(20)] = 0.0000661568
E[P_sel(21)] = 0.0000638019
E[P_sel(22)] = 0.0000736127
E[P_sel(23)] = 0.0000758959
E[P_sel(24)] = 0.0000625445
E[P_sel(25)] = 0.0000649162
E[P_sel(26)] = 0.0000636395
E[P_sel(27)] = 0.0000714340
E[P_sel(28)] = 0.0000440821
E[P_sel(29)] = 0.0000510224
E[P_sel(30)] = 0.0000623607
E[P_sel(31)] = 0.0000470200
E[P_sel(32)] = 0.0000556434
E[P_sel(33)] = 0.0000554087
E[P_sel(34)] = 0.0000455816
E[P_sel(35)] = 0.0000523722
E[P_sel(36)] = 0.0000469969
E[P_sel(37)] = 0.0000425183
E[P_sel(38)] = 0.0000467366
E[P_sel(39)] = 0.0000492137
E[P_sel(40)] = 0.0000430559
E[P_sel(41)] = 0.0000575087
E[P_sel(42)] = 0.0000455613
E[P_sel(43)] = 0.0000557763
E[P_sel(44)] = 0.0000472977
E[P_sel(45)] = 0.0000500514
E[P_sel(46)] = 0.0000553213
E[P_sel(47)] = 0.0000722697
E[P_sel(48)] = 0.0000731752
E[P_sel(49)] = 0.0001202383

---- alpha_dfe = 0.166447

