---- Running command
---- ./polyDFE -d RevisionsCapsellaPolyDFE/aranetconnec17_142.702637889688_PolyDFE.input -m C -i /home/jejames/ArabidopsisCrossGenome/model.txt 1 -e 
---- Performing inference using model C

---- Performing inference on RevisionsCapsellaPolyDFE/aranetconnec17_142.702637889688_PolyDFE.input
----      with -i /home/jejames/ArabidopsisCrossGenome/model.txt 1
---- Data RevisionsCapsellaPolyDFE/aranetconnec17_142.702637889688_PolyDFE.input does not contain divergence counts. Using option -w.
---- No mutation variability. Using Poisson likelihood.


---- Calculating initial values

-- Starting local optimization
-- Optimizing all parameters
  it        eps_an     theta_bar           S_d             b           p_b           S_b           r 2           r 3           r 4           r 5           r 6           r 7           r 8           r 9          r 10          r 11          r 12          r 13          r 14          r 15          r 16          r 17          r 18          r 19          r 20          r 21          r 22          r 23          r 24          r 25          r 26          r 27          r 28          r 29          r 30          r 31          r 32          r 33          r 34          r 35          r 36          r 37          r 38          r 39          r 40          r 41          r 42          r 43          r 44          r 45          r 46          r 47          r 48          r 49           ln lk          grad status 
   0           0.1 0.01528815676        -20000         0.406           0.1            20 0.99939929631 0.83669441345 0.94396292800 1.02548699905 0.80889041448 0.86921822706 0.90071226293 0.71131897365 0.89504848536 0.88826911524 0.78263108212 0.96610314940 0.80133871106 1.07611773792 0.88148974513 0.84905174633 0.77233330472 0.86089419033 0.77576589719 0.75328241654 0.82313567321 0.85857719042 0.65493864240 0.83669441345 0.67381790096 0.72985497296 0.97073714923 1.00042907405 0.79292885952 1.14923195743 0.93366515060 1.01381618467 0.98618381532 1.21342143653 1.24500128722 1.37801424525 1.17394662318 1.30189650733 1.46571698275 1.29829228524 1.61469149575 1.70848708487 1.73311593581 2.43284990989 2.64481249463 3.42830172487 4.64223805028             1 -2904.047933890 38.6777048750   -2 
 836 0.00514796447 0.01383734998 -1282.9177021 0.31351244996 0.00275028591 16.9456469013 0.92129655449 0.88021253352 0.94546563537 0.92841312446 0.87355738237 0.80493935239 0.82874687332 0.72615732675 0.81078549482 0.80967292459 0.81451469218 0.92712789890 0.68575101066 0.88891201200 0.80122195108 0.79539067638 0.82818656447 0.85782764372 0.73338331655 0.64284697579 0.70982787848 0.74512356094 0.68040849396 0.81336946797 0.61856760434 0.64328677058 0.82957973574 0.89152950308 0.70250829403 0.88871275335 0.64910593307 0.80912168614 0.67261746405 0.93141483087 0.86569854591 1.04181047036 0.88984686467 0.99423242067 1.03882281457 0.91222073459 1.03836515344 1.08030883018 1.13884541448 1.40819429900 1.41552194142 1.90061469773 1.87880021507 2.81783702625 -302.8877791383 0.00060401614   -8 
-- Local optimization: reached maximum number of likelihood evaluations allowed.
---- Best joint likelihood found -302.887779138322117 with gradient 0.00060

---- Results for RevisionsCapsellaPolyDFE/aranetconnec17_142.702637889688_PolyDFE.input 
--  Model: C
--        eps_an     theta_bar             a 
-- 0.00514796447 0.01383734998            -1 
--           S_d             b           p_b           S_b 
-- -1282.9177021 0.31351244996 0.00275028591 16.9456469013 
--           r 2           r 3           r 4           r 5           r 6           r 7           r 8           r 9          r 10          r 11          r 12          r 13          r 14          r 15          r 16          r 17          r 18          r 19          r 20          r 21          r 22          r 23          r 24          r 25          r 26          r 27          r 28          r 29          r 30          r 31          r 32          r 33          r 34          r 35          r 36          r 37          r 38          r 39          r 40          r 41          r 42          r 43          r 44          r 45          r 46          r 47          r 48          r 49 
-- 0.92129655449 0.88021253352 0.94546563537 0.92841312446 0.87355738237 0.80493935239 0.82874687332 0.72615732675 0.81078549482 0.80967292459 0.81451469218 0.92712789890 0.68575101066 0.88891201200 0.80122195108 0.79539067638 0.82818656447 0.85782764372 0.73338331655 0.64284697579 0.70982787848 0.74512356094 0.68040849396 0.81336946797 0.61856760434 0.64328677058 0.82957973574 0.89152950308 0.70250829403 0.88871275335 0.64910593307 0.80912168614 0.67261746405 0.93141483087 0.86569854591 1.04181047036 0.88984686467 0.99423242067 1.03882281457 0.91222073459 1.03836515344 1.08030883018 1.13884541448 1.40819429900 1.41552194142 1.90061469773 1.87880021507 2.81783702625 

---- Expected P_neut(i), 0 < i < n (neutral SFS per site) 
E[P_neut(1)] = 0.0137702123
E[P_neut(2)] = 0.0063441258
E[P_neut(3)] = 0.0040419165
E[P_neut(4)] = 0.0032560394
E[P_neut(5)] = 0.0025583577
E[P_neut(6)] = 0.0020060924
E[P_neut(7)] = 0.0015847737
E[P_neut(8)] = 0.0014278393
E[P_neut(9)] = 0.0011122922
E[P_neut(10)] = 0.0011179867
E[P_neut(11)] = 0.0010150934
E[P_neut(12)] = 0.0009360601
E[P_neut(13)] = 0.0009837711
E[P_neut(14)] = 0.0006760078
E[P_neut(15)] = 0.0008176867
E[P_neut(16)] = 0.0006907664
E[P_neut(17)] = 0.0006458313
E[P_neut(18)] = 0.0006348290
E[P_neut(19)] = 0.0006235661
E[P_neut(20)] = 0.0005064601
E[P_neut(21)] = 0.0004235950
E[P_neut(22)] = 0.0004462729
E[P_neut(23)] = 0.0004476736
E[P_neut(24)] = 0.0003919690
E[P_neut(25)] = 0.0004501951
E[P_neut(26)] = 0.0003295300
E[P_neut(27)] = 0.0003302915
E[P_neut(28)] = 0.0004101587
E[P_neut(29)] = 0.0004253840
E[P_neut(30)] = 0.0003249724
E[P_neut(31)] = 0.0003978653
E[P_neut(32)] = 0.0002825171
E[P_neut(33)] = 0.0003408621
E[P_neut(34)] = 0.0002759004
E[P_neut(35)] = 0.0003705632
E[P_neut(36)] = 0.0003345255
E[P_neut(37)] = 0.0003926933
E[P_neut(38)] = 0.0003271966
E[P_neut(39)] = 0.0003561848
E[P_neut(40)] = 0.0003632894
E[P_neut(41)] = 0.0003120337
E[P_neut(42)] = 0.0003477188
E[P_neut(43)] = 0.0003540438
E[P_neut(44)] = 0.0003666775
E[P_neut(45)] = 0.0004440129
E[P_neut(46)] = 0.0004404513
E[P_neut(47)] = 0.0005775830
E[P_neut(48)] = 0.0005716427
E[P_neut(49)] = 0.0008628805

---- Expected P_sel(i), 0 < i < n (selected SFS per site) 
E[P_sel(1)] = 0.0044523250
E[P_sel(2)] = 0.0014822324
E[P_sel(3)] = 0.0008077072
E[P_sel(4)] = 0.0005889784
E[P_sel(5)] = 0.0004304531
E[P_sel(6)] = 0.0003190207
E[P_sel(7)] = 0.0002406788
E[P_sel(8)] = 0.0002086152
E[P_sel(9)] = 0.0001571892
E[P_sel(10)] = 0.0001534561
E[P_sel(11)] = 0.0001357820
E[P_sel(12)] = 0.0001223507
E[P_sel(13)] = 0.0001259229
E[P_sel(14)] = 0.0000848922
E[P_sel(15)] = 0.0001009157
E[P_sel(16)] = 0.0000838998
E[P_sel(17)] = 0.0000772819
E[P_sel(18)] = 0.0000749331
E[P_sel(19)] = 0.0000726625
E[P_sel(20)] = 0.0000583189
E[P_sel(21)] = 0.0000482330
E[P_sel(22)] = 0.0000502937
E[P_sel(23)] = 0.0000499676
E[P_sel(24)] = 0.0000433556
E[P_sel(25)] = 0.0000493773
E[P_sel(26)] = 0.0000358605
E[P_sel(27)] = 0.0000356833
E[P_sel(28)] = 0.0000440112
E[P_sel(29)] = 0.0000453598
E[P_sel(30)] = 0.0000344639
E[P_sel(31)] = 0.0000419788
E[P_sel(32)] = 0.0000296852
E[P_sel(33)] = 0.0000356653
E[P_sel(34)] = 0.0000287858
E[P_sel(35)] = 0.0000385478
E[P_sel(36)] = 0.0000347216
E[P_sel(37)] = 0.0000407312
E[P_sel(38)] = 0.0000339420
E[P_sel(39)] = 0.0000369732
E[P_sel(40)] = 0.0000377933
E[P_sel(41)] = 0.0000325946
E[P_sel(42)] = 0.0000365426
E[P_sel(43)] = 0.0000375046
E[P_sel(44)] = 0.0000393283
E[P_sel(45)] = 0.0000483247
E[P_sel(46)] = 0.0000491320
E[P_sel(47)] = 0.0000662000
E[P_sel(48)] = 0.0000700262
E[P_sel(49)] = 0.0001225011

---- alpha_dfe = 0.349161

