---- Running command
---- ./polyDFE -d RevisionsCapsellaPolyDFE/aranetconnec16_114.058673469388_PolyDFE.input -m C -i /home/jejames/ArabidopsisCrossGenome/model.txt 1 -e 
---- Performing inference using model C

---- Performing inference on RevisionsCapsellaPolyDFE/aranetconnec16_114.058673469388_PolyDFE.input
----      with -i /home/jejames/ArabidopsisCrossGenome/model.txt 1
---- Data RevisionsCapsellaPolyDFE/aranetconnec16_114.058673469388_PolyDFE.input does not contain divergence counts. Using option -w.
---- No mutation variability. Using Poisson likelihood.


---- Calculating initial values

-- Starting local optimization
-- Optimizing all parameters
  it        eps_an     theta_bar           S_d             b           p_b           S_b           r 2           r 3           r 4           r 5           r 6           r 7           r 8           r 9          r 10          r 11          r 12          r 13          r 14          r 15          r 16          r 17          r 18          r 19          r 20          r 21          r 22          r 23          r 24          r 25          r 26          r 27          r 28          r 29          r 30          r 31          r 32          r 33          r 34          r 35          r 36          r 37          r 38          r 39          r 40          r 41          r 42          r 43          r 44          r 45          r 46          r 47          r 48          r 49           ln lk          grad status 
   0           0.1 0.01523307844        -20000         0.406           0.1            20 0.91018789863 0.90837786588 0.92535769694 0.86450611963 0.93863127047 1.09325978279 0.84261334252 0.88122737459 0.72315118083 0.80399931046 0.80055162902 0.95690398207 0.99793139113 0.85847267712 1.01086019651 0.81029132908 0.92621961730 0.84011377348 0.87226340286 0.78012411653 0.73194276848 0.98724357869 0.82951215307 0.96966040337 0.91656610929 0.93552835717 0.85433545940 0.89734528529 0.81192897776 0.79357007412 1.13911394587 1.18608860541 0.81175659369 1.13428719186 1.25047405619 1.29477676262 1.06774694018 1.72108257197 1.48595069815 1.63971729012 1.58558869160 1.73452852956 1.57386657472 2.07119462161 2.52163420099 3.95785209446 4.63368384761             1 -2990.615746808 38.0962855354   -2 
 701 0.00155813887 0.01354230360 -860.02284986 0.34270294725 0.00493747527 7.44813810197 0.91192862891 0.91138702730 0.92325816974 0.85861482162 0.93489693100 1.00380134255 0.83703067671 0.81490820432 0.83270620167 0.76721787145 0.80264055740 0.87628736537 0.85095543518 0.77215982400 0.96809231038 0.80578496455 0.80124806473 0.72120594227 0.84575025705 0.94625138811 0.65896712848 0.75171673063 0.67219607566 0.91428227059 0.85668780571 0.80503521929 0.77676527844 0.82080689675 0.70592226481 0.64748053421 0.97866980683 0.93912235387 0.65576807527 0.92200728394 0.94827024651 0.87457104911 0.85704791625 1.21607184888 1.05139789109 1.25285203061 1.03211594007 1.18978459137 0.97804135208 1.54819922269 1.20566592761 2.24010213589 2.20450887960 3.27971568045 -310.0588399578 0.00078734116   -8 
-- Local optimization: reached maximum number of likelihood evaluations allowed.
---- Best joint likelihood found -310.058839957858766 with gradient 0.00079

---- Results for RevisionsCapsellaPolyDFE/aranetconnec16_114.058673469388_PolyDFE.input 
--  Model: C
--        eps_an     theta_bar             a 
-- 0.00155813887 0.01354230360            -1 
--           S_d             b           p_b           S_b 
-- -860.02284986 0.34270294725 0.00493747527 7.44813810197 
--           r 2           r 3           r 4           r 5           r 6           r 7           r 8           r 9          r 10          r 11          r 12          r 13          r 14          r 15          r 16          r 17          r 18          r 19          r 20          r 21          r 22          r 23          r 24          r 25          r 26          r 27          r 28          r 29          r 30          r 31          r 32          r 33          r 34          r 35          r 36          r 37          r 38          r 39          r 40          r 41          r 42          r 43          r 44          r 45          r 46          r 47          r 48          r 49 
-- 0.91192862891 0.91138702730 0.92325816974 0.85861482162 0.93489693100 1.00380134255 0.83703067671 0.81490820432 0.83270620167 0.76721787145 0.80264055740 0.87628736537 0.85095543518 0.77215982400 0.96809231038 0.80578496455 0.80124806473 0.72120594227 0.84575025705 0.94625138811 0.65896712848 0.75171673063 0.67219607566 0.91428227059 0.85668780571 0.80503521929 0.77676527844 0.82080689675 0.70592226481 0.64748053421 0.97866980683 0.93912235387 0.65576807527 0.92200728394 0.94827024651 0.87457104911 0.85704791625 1.21607184888 1.05139789109 1.25285203061 1.03211594007 1.18978459137 0.97804135208 1.54819922269 1.20566592761 2.24010213589 2.20450887960 3.27971568045 

---- Expected P_neut(i), 0 < i < n (neutral SFS per site) 
E[P_neut(1)] = 0.0135226152
E[P_neut(2)] = 0.0061661551
E[P_neut(3)] = 0.0041086886
E[P_neut(4)] = 0.0031214433
E[P_neut(5)] = 0.0023226270
E[P_neut(6)] = 0.0021072909
E[P_neut(7)] = 0.0019395269
E[P_neut(8)] = 0.0014152262
E[P_neut(9)] = 0.0012249269
E[P_neut(10)] = 0.0011264736
E[P_neut(11)] = 0.0009437224
E[P_neut(12)] = 0.0009048647
E[P_neut(13)] = 0.0009119187
E[P_neut(14)] = 0.0008224087
E[P_neut(15)] = 0.0006965912
E[P_neut(16)] = 0.0008185178
E[P_neut(17)] = 0.0006414935
E[P_neut(18)] = 0.0006025252
E[P_neut(19)] = 0.0005136813
E[P_neut(20)] = 0.0005722746
E[P_neut(21)] = 0.0006098571
E[P_neut(22)] = 0.0004055867
E[P_neut(23)] = 0.0004425472
E[P_neut(24)] = 0.0003793994
E[P_neut(25)] = 0.0004952595
E[P_neut(26)] = 0.0004461083
E[P_neut(27)] = 0.0004038394
E[P_neut(28)] = 0.0003757321
E[P_neut(29)] = 0.0003836507
E[P_neut(30)] = 0.0003190562
E[P_neut(31)] = 0.0002832111
E[P_neut(32)] = 0.0004144641
E[P_neut(33)] = 0.0003857900
E[P_neut(34)] = 0.0002620642
E[P_neut(35)] = 0.0003572761
E[P_neut(36)] = 0.0003574424
E[P_neut(37)] = 0.0003210238
E[P_neut(38)] = 0.0003063671
E[P_neut(39)] = 0.0004230808
E[P_neut(40)] = 0.0003571612
E[P_neut(41)] = 0.0004150829
E[P_neut(42)] = 0.0003344803
E[P_neut(43)] = 0.0003771495
E[P_neut(44)] = 0.0003038400
E[P_neut(45)] = 0.0004688127
E[P_neut(46)] = 0.0003592628
E[P_neut(47)] = 0.0006508545
E[P_neut(48)] = 0.0006306131
E[P_neut(49)] = 0.0009261151

---- Expected P_sel(i), 0 < i < n (selected SFS per site) 
E[P_sel(1)] = 0.0046254356
E[P_sel(2)] = 0.0014954460
E[P_sel(3)] = 0.0008417391
E[P_sel(4)] = 0.0005742185
E[P_sel(5)] = 0.0003951703
E[P_sel(6)] = 0.0003374251
E[P_sel(7)] = 0.0002955894
E[P_sel(8)] = 0.0002069276
E[P_sel(9)] = 0.0001728423
E[P_sel(10)] = 0.0001540990
E[P_sel(11)] = 0.0001256025
E[P_sel(12)] = 0.0001175218
E[P_sel(13)] = 0.0001158523
E[P_sel(14)] = 0.0001024070
E[P_sel(15)] = 0.0000851677
E[P_sel(16)] = 0.0000984164
E[P_sel(17)] = 0.0000759467
E[P_sel(18)] = 0.0000703239
E[P_sel(19)] = 0.0000591712
E[P_sel(20)] = 0.0000651202
E[P_sel(21)] = 0.0000686141
E[P_sel(22)] = 0.0000451533
E[P_sel(23)] = 0.0000487893
E[P_sel(24)] = 0.0000414501
E[P_sel(25)] = 0.0000536564
E[P_sel(26)] = 0.0000479582
E[P_sel(27)] = 0.0000431060
E[P_sel(28)] = 0.0000398448
E[P_sel(29)] = 0.0000404458
E[P_sel(30)] = 0.0000334578
E[P_sel(31)] = 0.0000295583
E[P_sel(32)] = 0.0000430747
E[P_sel(33)] = 0.0000399542
E[P_sel(34)] = 0.0000270717
E[P_sel(35)] = 0.0000368132
E[P_sel(36)] = 0.0000367775
E[P_sel(37)] = 0.0000330109
E[P_sel(38)] = 0.0000315066
E[P_sel(39)] = 0.0000435357
E[P_sel(40)] = 0.0000368392
E[P_sel(41)] = 0.0000429388
E[P_sel(42)] = 0.0000347777
E[P_sel(43)] = 0.0000394695
E[P_sel(44)] = 0.0000320880
E[P_sel(45)] = 0.0000499119
E[P_sel(46)] = 0.0000388814
E[P_sel(47)] = 0.0000713881
E[P_sel(48)] = 0.0000711201
E[P_sel(49)] = 0.0001101809

---- alpha_dfe = 0.314717

