---- Running command
---- ./polyDFE -d RevisionsCapsellaPolyDFE/aranetconnec3_4.19025522041763_PolyDFE.input -m C -i /home/jejames/ArabidopsisCrossGenome/model.txt 1 -e 
---- Performing inference using model C

---- Performing inference on RevisionsCapsellaPolyDFE/aranetconnec3_4.19025522041763_PolyDFE.input
----      with -i /home/jejames/ArabidopsisCrossGenome/model.txt 1
---- Data RevisionsCapsellaPolyDFE/aranetconnec3_4.19025522041763_PolyDFE.input does not contain divergence counts. Using option -w.
---- No mutation variability. Using Poisson likelihood.


---- Calculating initial values

-- Starting local optimization
-- Optimizing all parameters
  it        eps_an     theta_bar           S_d             b           p_b           S_b           r 2           r 3           r 4           r 5           r 6           r 7           r 8           r 9          r 10          r 11          r 12          r 13          r 14          r 15          r 16          r 17          r 18          r 19          r 20          r 21          r 22          r 23          r 24          r 25          r 26          r 27          r 28          r 29          r 30          r 31          r 32          r 33          r 34          r 35          r 36          r 37          r 38          r 39          r 40          r 41          r 42          r 43          r 44          r 45          r 46          r 47          r 48          r 49           ln lk          grad status 
   0           0.1 0.01671845335        -70000         0.208           0.1            20 0.91474787488 0.85318148056 0.88371709168 0.84922010398 0.82099529586 0.89081455805 0.95205083766 0.80366427333 0.77246843278 0.73351489642 0.75266154988 0.69522158950 0.87348353552 0.88264421886 0.74473879673 0.70009078154 0.79178014359 0.74795741520 0.75266154988 0.81802426343 0.80614013369 0.89403317652 1.00618965090 0.78402244780 0.71238755467 1.06734340183 0.91507798960 0.78501279194 1.04976479326 0.95427911199 1.04844433440 1.11933646942 0.99892712717 0.97342576545 1.20029710324 0.95271106709 1.37987950812 1.26169844020 1.66377816291 1.27902946273 1.72616984402 1.83824378971 1.89551869274 2.23570190641 2.17529091359 3.00222827432 4.27036395147             1 -2820.356446728 38.9246959392   -2 
 869 0.00107039682 0.01489906540 -806.38745482 0.25165583068 0.00547137342 10.3762801400 0.88898376354 0.86797137335 0.89409966701 0.84770408903 0.77532344960 0.81372287339 0.86990135022 0.82470380268 0.80459824847 0.80070730167 0.89497283222 0.68707534924 0.75608865428 0.88663259240 0.74034511717 0.63404668984 0.69638703702 0.65391605025 0.70738875049 0.65985996548 0.68465292753 0.68022993564 0.73189526835 0.72314858752 0.66777246096 0.81857353451 0.74579938412 0.68925075730 0.85217826652 0.79099907521 1.00547800117 0.88577778484 0.85595783220 0.95489048100 0.87701710205 0.69851185043 1.00493019198 1.16225429006 1.20772060678 0.92525903354 1.24536757369 1.16380026744 1.24150751527 1.26267175955 1.10810941315 1.83400179917 1.86320137817 2.64565685665 -318.7128081545 0.00298408323   -8 
-- Local optimization: reached maximum number of likelihood evaluations allowed.
---- Best joint likelihood found -318.712808154569984 with gradient 0.00298

---- Results for RevisionsCapsellaPolyDFE/aranetconnec3_4.19025522041763_PolyDFE.input 
--  Model: C
--        eps_an     theta_bar             a 
-- 0.00107039682 0.01489906540            -1 
--           S_d             b           p_b           S_b 
-- -806.38745482 0.25165583068 0.00547137342 10.3762801400 
--           r 2           r 3           r 4           r 5           r 6           r 7           r 8           r 9          r 10          r 11          r 12          r 13          r 14          r 15          r 16          r 17          r 18          r 19          r 20          r 21          r 22          r 23          r 24          r 25          r 26          r 27          r 28          r 29          r 30          r 31          r 32          r 33          r 34          r 35          r 36          r 37          r 38          r 39          r 40          r 41          r 42          r 43          r 44          r 45          r 46          r 47          r 48          r 49 
-- 0.88898376354 0.86797137335 0.89409966701 0.84770408903 0.77532344960 0.81372287339 0.86990135022 0.82470380268 0.80459824847 0.80070730167 0.89497283222 0.68707534924 0.75608865428 0.88663259240 0.74034511717 0.63404668984 0.69638703702 0.65391605025 0.70738875049 0.65985996548 0.68465292753 0.68022993564 0.73189526835 0.72314858752 0.66777246096 0.81857353451 0.74579938412 0.68925075730 0.85217826652 0.79099907521 1.00547800117 0.88577778484 0.85595783220 0.95489048100 0.87701710205 0.69851185043 1.00493019198 1.16225429006 1.20772060678 0.92525903354 1.24536757369 1.16380026744 1.24150751527 1.26267175955 1.10810941315 1.83400179917 1.86320137817 2.64565685665 

---- Expected P_neut(i), 0 < i < n (neutral SFS per site) 
E[P_neut(1)] = 0.0148839786
E[P_neut(2)] = 0.0066160439
E[P_neut(3)] = 0.0043066623
E[P_neut(4)] = 0.0033271318
E[P_neut(5)] = 0.0025237434
E[P_neut(6)] = 0.0019236550
E[P_neut(7)] = 0.0017305364
E[P_neut(8)] = 0.0016188284
E[P_neut(9)] = 0.0013641559
E[P_neut(10)] = 0.0011979745
E[P_neut(11)] = 0.0010838408
E[P_neut(12)] = 0.0011104206
E[P_neut(13)] = 0.0007869029
E[P_neut(14)] = 0.0008041711
E[P_neut(15)] = 0.0008801589
E[P_neut(16)] = 0.0006890667
E[P_neut(17)] = 0.0005555217
E[P_neut(18)] = 0.0005763017
E[P_neut(19)] = 0.0005126337
E[P_neut(20)] = 0.0005268605
E[P_neut(21)] = 0.0004680349
E[P_neut(22)] = 0.0004635961
E[P_neut(23)] = 0.0004406549
E[P_neut(24)] = 0.0004542797
E[P_neut(25)] = 0.0004309695
E[P_neut(26)] = 0.0003827377
E[P_neut(27)] = 0.0004516911
E[P_neut(28)] = 0.0003969184
E[P_neut(29)] = 0.0003542321
E[P_neut(30)] = 0.0004233330
E[P_neut(31)] = 0.0003803080
E[P_neut(32)] = 0.0004682622
E[P_neut(33)] = 0.0004000837
E[P_neut(34)] = 0.0003754238
E[P_neut(35)] = 0.0004069926
E[P_neut(36)] = 0.0003634376
E[P_neut(37)] = 0.0002818168
E[P_neut(38)] = 0.0003947814
E[P_neut(39)] = 0.0004446985
E[P_neut(40)] = 0.0004506494
E[P_neut(41)] = 0.0003373330
E[P_neut(42)] = 0.0004430425
E[P_neut(43)] = 0.0004046673
E[P_neut(44)] = 0.0004220040
E[P_neut(45)] = 0.0004203148
E[P_neut(46)] = 0.0003620892
E[P_neut(47)] = 0.0005853729
E[P_neut(48)] = 0.0005848022
E[P_neut(49)] = 0.0008195320

---- Expected P_sel(i), 0 < i < n (selected SFS per site) 
E[P_sel(1)] = 0.0063136955
E[P_sel(2)] = 0.0021892475
E[P_sel(3)] = 0.0012617721
E[P_sel(4)] = 0.0009015298
E[P_sel(5)] = 0.0006460140
E[P_sel(6)] = 0.0004710129
E[P_sel(7)] = 0.0004086510
E[P_sel(8)] = 0.0003707985
E[P_sel(9)] = 0.0003043884
E[P_sel(10)] = 0.0002612483
E[P_sel(11)] = 0.0002316099
E[P_sel(12)] = 0.0002330209
E[P_sel(13)] = 0.0001624447
E[P_sel(14)] = 0.0001635502
E[P_sel(15)] = 0.0001765802
E[P_sel(16)] = 0.0001365206
E[P_sel(17)] = 0.0001087962
E[P_sel(18)] = 0.0001116656
E[P_sel(19)] = 0.0000983507
E[P_sel(20)] = 0.0001001538
E[P_sel(21)] = 0.0000882133
E[P_sel(22)] = 0.0000866833
E[P_sel(23)] = 0.0000817851
E[P_sel(24)] = 0.0000837354
E[P_sel(25)] = 0.0000789322
E[P_sel(26)] = 0.0000696850
E[P_sel(27)] = 0.0000817911
E[P_sel(28)] = 0.0000715141
E[P_sel(29)] = 0.0000635328
E[P_sel(30)] = 0.0000756133
E[P_sel(31)] = 0.0000676795
E[P_sel(32)] = 0.0000830627
E[P_sel(33)] = 0.0000707752
E[P_sel(34)] = 0.0000662671
E[P_sel(35)] = 0.0000717192
E[P_sel(36)] = 0.0000639708
E[P_sel(37)] = 0.0000495828
E[P_sel(38)] = 0.0000694686
E[P_sel(39)] = 0.0000783167
E[P_sel(40)] = 0.0000795091
E[P_sel(41)] = 0.0000597038
E[P_sel(42)] = 0.0000787141
E[P_sel(43)] = 0.0000722953
E[P_sel(44)] = 0.0000759324
E[P_sel(45)] = 0.0000763719
E[P_sel(46)] = 0.0000666945
E[P_sel(47)] = 0.0001094658
E[P_sel(48)] = 0.0001122265
E[P_sel(49)] = 0.0001654472

---- alpha_dfe = 0.277288

