---- Running command
---- ./polyDFE -d RevisionsCapsellaPolyDFE/aranetconnec2_2.55424528301887_PolyDFE.input -m C -i /home/jejames/ArabidopsisCrossGenome/model.txt 1 -e 
---- Performing inference using model C

---- Performing inference on RevisionsCapsellaPolyDFE/aranetconnec2_2.55424528301887_PolyDFE.input
----      with -i /home/jejames/ArabidopsisCrossGenome/model.txt 1
---- Data RevisionsCapsellaPolyDFE/aranetconnec2_2.55424528301887_PolyDFE.input does not contain divergence counts. Using option -w.
---- No mutation variability. Using Poisson likelihood.


---- Calculating initial values

-- Starting local optimization
-- Optimizing all parameters
  it        eps_an     theta_bar           S_d             b           p_b           S_b           r 2           r 3           r 4           r 5           r 6           r 7           r 8           r 9          r 10          r 11          r 12          r 13          r 14          r 15          r 16          r 17          r 18          r 19          r 20          r 21          r 22          r 23          r 24          r 25          r 26          r 27          r 28          r 29          r 30          r 31          r 32          r 33          r 34          r 35          r 36          r 37          r 38          r 39          r 40          r 41          r 42          r 43          r 44          r 45          r 46          r 47          r 48          r 49           ln lk          grad status 
   0           0.1 0.01638097272        -80000         0.208           0.1            20 0.94175698299 0.91250330425 0.92483919288 1.05692131465 0.99656357388 0.88818398096 0.84236496607 0.87946074544 0.96660498722 0.96730989514 0.91990483743 0.91294387170 0.95973213498 0.64895585514 0.99392016917 0.78341704114 0.83743061062 0.74332540311 0.74896466649 0.86227861485 1.03515728258 0.93224072605 0.75707110758 0.83707815666 0.78350515463 0.90404440919 1.00167415631 0.90457309014 1.22918318794 1.08168120539 1.21808088818 1.12529738302 1.27323993303 1.29218433342 1.40206185567 0.95523834699 1.30584192439 1.45017182130 1.52612564983 1.37642083002 1.90589479249 1.81866243721 2.50066085117 2.18477398889 2.33465503568 3.42902458366 4.46629659000             1 -2959.873935809 43.5711170239   -2 
 479 0.00075908011 0.01458081700 -585.02199686 0.29540993446 0.00766268959 10.3822232047 0.92002470733 0.92786821804 0.96418424991 0.96310191702 0.96639413177 0.92978444315 0.87374173598 0.93994066268 0.86023671477 0.88022199944 0.85915592455 0.86412289390 0.90013430114 0.68300232018 0.94145789237 0.72142231919 0.75973342866 0.74518264251 0.58590802941 0.77206636396 0.86248020679 0.73416068779 0.69039757711 0.73272723648 0.73962868949 0.84547803471 0.82582911615 0.81605178133 0.85969982074 1.00578671637 0.91869229969 0.90147280944 1.18499231187 1.05527751640 1.16935043447 0.83462890968 0.90991426890 1.07950862314 1.08595211297 1.18637426884 1.64149353113 1.29376586318 1.47841588647 1.12727823818 1.41413436036 1.70157448740 1.83200052550 2.78554409064 -314.8076314977 0.00161599133   -8 
-- Local optimization: reached maximum number of likelihood evaluations allowed.
---- Best joint likelihood found -314.807631497737702 with gradient 0.00162

---- Results for RevisionsCapsellaPolyDFE/aranetconnec2_2.55424528301887_PolyDFE.input 
--  Model: C
--        eps_an     theta_bar             a 
-- 0.00075908011 0.01458081700            -1 
--           S_d             b           p_b           S_b 
-- -585.02199686 0.29540993446 0.00766268959 10.3822232047 
--           r 2           r 3           r 4           r 5           r 6           r 7           r 8           r 9          r 10          r 11          r 12          r 13          r 14          r 15          r 16          r 17          r 18          r 19          r 20          r 21          r 22          r 23          r 24          r 25          r 26          r 27          r 28          r 29          r 30          r 31          r 32          r 33          r 34          r 35          r 36          r 37          r 38          r 39          r 40          r 41          r 42          r 43          r 44          r 45          r 46          r 47          r 48          r 49 
-- 0.92002470733 0.92786821804 0.96418424991 0.96310191702 0.96639413177 0.92978444315 0.87374173598 0.93994066268 0.86023671477 0.88022199944 0.85915592455 0.86412289390 0.90013430114 0.68300232018 0.94145789237 0.72142231919 0.75973342866 0.74518264251 0.58590802941 0.77206636396 0.86248020679 0.73416068779 0.69039757711 0.73272723648 0.73962868949 0.84547803471 0.82582911615 0.81605178133 0.85969982074 1.00578671637 0.91869229969 0.90147280944 1.18499231187 1.05527751640 1.16935043447 0.83462890968 0.90991426890 1.07950862314 1.08595211297 1.18637426884 1.64149353113 1.29376586318 1.47841588647 1.12727823818 1.41413436036 1.70157448740 1.83200052550 2.78554409064 

---- Expected P_neut(i), 0 < i < n (neutral SFS per site) 
E[P_neut(1)] = 0.0145703782
E[P_neut(2)] = 0.0067026870
E[P_neut(3)] = 0.0045066697
E[P_neut(4)] = 0.0035123209
E[P_neut(5)] = 0.0028067079
E[P_neut(6)] = 0.0023470585
E[P_neut(7)] = 0.0019355796
E[P_neut(8)] = 0.0015917073
E[P_neut(9)] = 0.0015219535
E[P_neut(10)] = 0.0012536438
E[P_neut(11)] = 0.0011661803
E[P_neut(12)] = 0.0010434055
E[P_neut(13)] = 0.0009687153
E[P_neut(14)] = 0.0009371260
E[P_neut(15)] = 0.0006637452
E[P_neut(16)] = 0.0008576861
E[P_neut(17)] = 0.0006185931
E[P_neut(18)] = 0.0006152692
E[P_neut(19)] = 0.0005717867
E[P_neut(20)] = 0.0004271438
E[P_neut(21)] = 0.0005359692
E[P_neut(22)] = 0.0005715137
E[P_neut(23)] = 0.0004654134
E[P_neut(24)] = 0.0004194365
E[P_neut(25)] = 0.0004273505
E[P_neut(26)] = 0.0004147878
E[P_neut(27)] = 0.0004565904
E[P_neut(28)] = 0.0004301526
E[P_neut(29)] = 0.0004103955
E[P_neut(30)] = 0.0004178446
E[P_neut(31)] = 0.0004731457
E[P_neut(32)] = 0.0004187520
E[P_neut(33)] = 0.0003984767
E[P_neut(34)] = 0.0005084466
E[P_neut(35)] = 0.0004397934
E[P_neut(36)] = 0.0004739656
E[P_neut(37)] = 0.0003293934
E[P_neut(38)] = 0.0003496667
E[P_neut(39)] = 0.0004041721
E[P_neut(40)] = 0.0003965034
E[P_neut(41)] = 0.0004227456
E[P_neut(42)] = 0.0005706409
E[P_neut(43)] = 0.0004398386
E[P_neut(44)] = 0.0004913315
E[P_neut(45)] = 0.0003671133
E[P_neut(46)] = 0.0004505719
E[P_neut(47)] = 0.0005309022
E[P_neut(48)] = 0.0005611703
E[P_neut(49)] = 0.0008393267

---- Expected P_sel(i), 0 < i < n (selected SFS per site) 
E[P_sel(1)] = 0.0061095696
E[P_sel(2)] = 0.0021167580
E[P_sel(3)] = 0.0012352803
E[P_sel(4)] = 0.0008790167
E[P_sel(5)] = 0.0006575072
E[P_sel(6)] = 0.0005222464
E[P_sel(7)] = 0.0004130307
E[P_sel(8)] = 0.0003279300
E[P_sel(9)] = 0.0003042699
E[P_sel(10)] = 0.0002441415
E[P_sel(11)] = 0.0002219105
E[P_sel(12)] = 0.0001944910
E[P_sel(13)] = 0.0001772473
E[P_sel(14)] = 0.0001686072
E[P_sel(15)] = 0.0001176070
E[P_sel(16)] = 0.0001498634
E[P_sel(17)] = 0.0001067109
E[P_sel(18)] = 0.0001048955
E[P_sel(19)] = 0.0000964314
E[P_sel(20)] = 0.0000713219
E[P_sel(21)] = 0.0000886751
E[P_sel(22)] = 0.0000937595
E[P_sel(23)] = 0.0000757618
E[P_sel(24)] = 0.0000677934
E[P_sel(25)] = 0.0000686256
E[P_sel(26)] = 0.0000662175
E[P_sel(27)] = 0.0000725063
E[P_sel(28)] = 0.0000679881
E[P_sel(29)] = 0.0000645991
E[P_sel(30)] = 0.0000655398
E[P_sel(31)] = 0.0000739988
E[P_sel(32)] = 0.0000653438
E[P_sel(33)] = 0.0000620798
E[P_sel(34)] = 0.0000791404
E[P_sel(35)] = 0.0000684416
E[P_sel(36)] = 0.0000738109
E[P_sel(37)] = 0.0000513820
E[P_sel(38)] = 0.0000546835
E[P_sel(39)] = 0.0000634377
E[P_sel(40)] = 0.0000625440
E[P_sel(41)] = 0.0000671161
E[P_sel(42)] = 0.0000913167
E[P_sel(43)] = 0.0000711278
E[P_sel(44)] = 0.0000804707
E[P_sel(45)] = 0.0000611303
E[P_sel(46)] = 0.0000765302
E[P_sel(47)] = 0.0000925217
E[P_sel(48)] = 0.0001014622
E[P_sel(49)] = 0.0001620397

---- alpha_dfe = 0.394036

