---- Running command
---- ./polyDFE -d RevisionsCapsellaPolyDFE/aranetconnec20_503.733502538071_PolyDFE.input -m C -i /home/jejames/ArabidopsisCrossGenome/model.txt 1 -e 
---- Performing inference using model C

---- Performing inference on RevisionsCapsellaPolyDFE/aranetconnec20_503.733502538071_PolyDFE.input
----      with -i /home/jejames/ArabidopsisCrossGenome/model.txt 1
---- Data RevisionsCapsellaPolyDFE/aranetconnec20_503.733502538071_PolyDFE.input does not contain divergence counts. Using option -w.
---- No mutation variability. Using Poisson likelihood.


---- Calculating initial values

-- Starting local optimization
-- Optimizing all parameters
  it        eps_an     theta_bar           S_d             b           p_b           S_b           r 2           r 3           r 4           r 5           r 6           r 7           r 8           r 9          r 10          r 11          r 12          r 13          r 14          r 15          r 16          r 17          r 18          r 19          r 20          r 21          r 22          r 23          r 24          r 25          r 26          r 27          r 28          r 29          r 30          r 31          r 32          r 33          r 34          r 35          r 36          r 37          r 38          r 39          r 40          r 41          r 42          r 43          r 44          r 45          r 46          r 47          r 48          r 49           ln lk          grad status 
   0           0.1 0.01697934657        -20000         0.604           0.1            20 0.84056646870 0.82069438099 0.82716613369 0.83675955535 0.77752398355 0.83356174813 0.62189736561 0.79762448606 0.67839195979 0.64656616415 0.68067610781 0.84330744632 0.65768235114 0.65555047967 0.60788792447 0.77661032434 0.64275925079 0.63796253997 0.64260697426 0.77546825034 0.64656616415 0.58489416780 0.71630881681 0.66620983706 0.64930714176 0.58793969849 0.58413278513 0.62928277752 0.63499314755 0.87094563727 0.73336378864 0.90452261306 0.64976397137 0.97533120146 0.96756509821 1.09304096238 1.11390284757 1.15212425765 1.27607735647 1.48591442058 1.24394700776 2.08222932846 2.00335008375 1.99406121516 2.39561443581 2.92363331810 4.38556418455             1 -3183.533879961 46.3628640697   -2 
 694 0.01105616978 0.01526920699 -1552.4789995 0.45058923814 0.03144251054 0.26250181414 0.86068166560 0.78909914054 0.77993219685 0.81436985840 0.78338958231 0.74297860391 0.66307695285 0.75248602075 0.64130328137 0.64509942698 0.63606807342 0.77745479375 0.67202987996 0.63258519723 0.59728905480 0.73057512120 0.56544801065 0.58755190489 0.63220084727 0.67549394371 0.58448637401 0.54068773084 0.68902519218 0.58881411925 0.54443371185 0.53975066036 0.51587339722 0.51807244644 0.44297298705 0.73358984017 0.55727462582 0.67448635083 0.48397982561 0.69875227838 0.88612343480 0.82899931222 0.95453080691 0.93660045210 1.04259454071 0.93181126057 0.84296777355 1.53092095346 1.32101991612 1.20950462865 1.15101189593 1.32523865127 1.88503665428 2.09640473153 -284.8756004124 0.00008737396    0 
---- Best joint likelihood found -284.875600412416929 with gradient 0.00009

---- Results for RevisionsCapsellaPolyDFE/aranetconnec20_503.733502538071_PolyDFE.input 
--  Model: C
--        eps_an     theta_bar             a 
-- 0.01105616978 0.01526920699            -1 
--           S_d             b           p_b           S_b 
-- -1552.4789995 0.45058923814 0.03144251054 0.26250181414 
--           r 2           r 3           r 4           r 5           r 6           r 7           r 8           r 9          r 10          r 11          r 12          r 13          r 14          r 15          r 16          r 17          r 18          r 19          r 20          r 21          r 22          r 23          r 24          r 25          r 26          r 27          r 28          r 29          r 30          r 31          r 32          r 33          r 34          r 35          r 36          r 37          r 38          r 39          r 40          r 41          r 42          r 43          r 44          r 45          r 46          r 47          r 48          r 49 
-- 0.86068166560 0.78909914054 0.77993219685 0.81436985840 0.78338958231 0.74297860391 0.66307695285 0.75248602075 0.64130328137 0.64509942698 0.63606807342 0.77745479375 0.67202987996 0.63258519723 0.59728905480 0.73057512120 0.56544801065 0.58755190489 0.63220084727 0.67549394371 0.58448637401 0.54068773084 0.68902519218 0.58881411925 0.54443371185 0.53975066036 0.51587339722 0.51807244644 0.44297298705 0.73358984017 0.55727462582 0.67448635083 0.48397982561 0.69875227838 0.88612343480 0.82899931222 0.95453080691 0.93660045210 1.04259454071 0.93181126057 0.84296777355 1.53092095346 1.32101991612 1.20950462865 1.15101189593 1.32523865127 1.88503665428 2.09640473153 

---- Expected P_neut(i), 0 < i < n (neutral SFS per site) 
E[P_neut(1)] = 0.0151076108
E[P_neut(2)] = 0.0065049434
E[P_neut(3)] = 0.0039766612
E[P_neut(4)] = 0.0029485439
E[P_neut(5)] = 0.0024639977
E[P_neut(6)] = 0.0019766496
E[P_neut(7)] = 0.0016087626
E[P_neut(8)] = 0.0012549782
E[P_neut(9)] = 0.0012663735
E[P_neut(10)] = 0.0009727931
E[P_neut(11)] = 0.0008896226
E[P_neut(12)] = 0.0008046468
E[P_neut(13)] = 0.0009068493
E[P_neut(14)] = 0.0007290063
E[P_neut(15)] = 0.0006401892
E[P_neut(16)] = 0.0005661091
E[P_neut(17)] = 0.0006523898
E[P_neut(18)] = 0.0004773002
E[P_neut(19)] = 0.0004709561
E[P_neut(20)] = 0.0004798166
E[P_neut(21)] = 0.0004887407
E[P_neut(22)] = 0.0004042908
E[P_neut(23)] = 0.0003583572
E[P_neut(24)] = 0.0004370579
E[P_neut(25)] = 0.0003596290
E[P_neut(26)] = 0.0003210452
E[P_neut(27)] = 0.0003058369
E[P_neut(28)] = 0.0002826954
E[P_neut(29)] = 0.0002751922
E[P_neut(30)] = 0.0002283052
E[P_neut(31)] = 0.0003625589
E[P_neut(32)] = 0.0002682740
E[P_neut(33)] = 0.0003158915
E[P_neut(34)] = 0.0002212516
E[P_neut(35)] = 0.0003085889
E[P_neut(36)] = 0.0003797928
E[P_neut(37)] = 0.0003484261
E[P_neut(38)] = 0.0003882585
E[P_neut(39)] = 0.0003725423
E[P_neut(40)] = 0.0004044160
E[P_neut(41)] = 0.0003573030
E[P_neut(42)] = 0.0003170673
E[P_neut(43)] = 0.0005555347
E[P_neut(44)] = 0.0004754035
E[P_neut(45)] = 0.0004333626
E[P_neut(46)] = 0.0004107587
E[P_neut(47)] = 0.0004701841
E[P_neut(48)] = 0.0006656660
E[P_neut(49)] = 0.0008148705

---- Expected P_sel(i), 0 < i < n (selected SFS per site) 
E[P_sel(1)] = 0.0036891384
E[P_sel(2)] = 0.0010484030
E[P_sel(3)] = 0.0005323634
E[P_sel(4)] = 0.0003528577
E[P_sel(5)] = 0.0002726715
E[P_sel(6)] = 0.0002061683
E[P_sel(7)] = 0.0001600763
E[P_sel(8)] = 0.0001202124
E[P_sel(9)] = 0.0001174390
E[P_sel(10)] = 0.0000877179
E[P_sel(11)] = 0.0000783080
E[P_sel(12)] = 0.0000693301
E[P_sel(13)] = 0.0000766882
E[P_sel(14)] = 0.0000605959
E[P_sel(15)] = 0.0000524069
E[P_sel(16)] = 0.0000457064
E[P_sel(17)] = 0.0000519979
E[P_sel(18)] = 0.0000375962
E[P_sel(19)] = 0.0000366911
E[P_sel(20)] = 0.0000370194
E[P_sel(21)] = 0.0000373573
E[P_sel(22)] = 0.0000306348
E[P_sel(23)] = 0.0000269356
E[P_sel(24)] = 0.0000326067
E[P_sel(25)] = 0.0000266421
E[P_sel(26)] = 0.0000236297
E[P_sel(27)] = 0.0000223722
E[P_sel(28)] = 0.0000205633
E[P_sel(29)] = 0.0000199147
E[P_sel(30)] = 0.0000164438
E[P_sel(31)] = 0.0000259720
E[P_sel(32)] = 0.0000191427
E[P_sel(33)] = 0.0000224565
E[P_sel(34)] = 0.0000156813
E[P_sel(35)] = 0.0000217768
E[P_sel(36)] = 0.0000267045
E[P_sel(37)] = 0.0000244626
E[P_sel(38)] = 0.0000271484
E[P_sel(39)] = 0.0000260074
E[P_sel(40)] = 0.0000281727
E[P_sel(41)] = 0.0000249530
E[P_sel(42)] = 0.0000221624
E[P_sel(43)] = 0.0000386207
E[P_sel(44)] = 0.0000332854
E[P_sel(45)] = 0.0000307168
E[P_sel(46)] = 0.0000296443
E[P_sel(47)] = 0.0000348491
E[P_sel(48)] = 0.0000518864
E[P_sel(49)] = 0.0000849166

---- alpha_dfe = 0.533282

