---- Running command
---- ./polyDFE -d RevisionsCapsellaPolyDFE/aranetconnec1_1.25_PolyDFE.input -m C -i /home/jejames/ArabidopsisCrossGenome/model.txt 1 -e 
---- Performing inference using model C

---- Performing inference on RevisionsCapsellaPolyDFE/aranetconnec1_1.25_PolyDFE.input
----      with -i /home/jejames/ArabidopsisCrossGenome/model.txt 1
---- Data RevisionsCapsellaPolyDFE/aranetconnec1_1.25_PolyDFE.input does not contain divergence counts. Using option -w.
---- No mutation variability. Using Poisson likelihood.


---- Calculating initial values

-- Starting local optimization
-- Optimizing all parameters
  it        eps_an     theta_bar           S_d             b           p_b           S_b           r 2           r 3           r 4           r 5           r 6           r 7           r 8           r 9          r 10          r 11          r 12          r 13          r 14          r 15          r 16          r 17          r 18          r 19          r 20          r 21          r 22          r 23          r 24          r 25          r 26          r 27          r 28          r 29          r 30          r 31          r 32          r 33          r 34          r 35          r 36          r 37          r 38          r 39          r 40          r 41          r 42          r 43          r 44          r 45          r 46          r 47          r 48          r 49           ln lk          grad status 
   0           0.1 0.01624103443        -70000         0.208           0.1            20 0.93228184467 0.84501971541 0.91239499399 0.99691410937 0.88616492370 0.90305160294 0.87639293673 1.13715069432 0.79633121892 0.71001200068 0.77044402537 0.78227327275 0.84364820846 0.96048345619 0.77764443682 0.76941539516 1.19423967083 0.73615635179 0.73204183096 0.79564546545 0.77695868335 0.91085204868 0.93811074918 0.77147265558 0.94496828390 0.73598491342 0.83524772844 0.93965369449 0.62489285102 1.03103034459 1.11366363792 0.99571404080 0.88307903308 1.20906908966 1.25595748328 1.00857191839 1.11074918566 1.52777301560 1.51208640493 1.91890965198 1.95131150351 1.56651808674 2.06308931938 2.98559917709 2.32247557003 3.44059660552 4.53420195439             1 -3087.821001458 41.2698855847   -2 
 810 0.01254627253 0.01455619812 -501.48137283 0.28010801885 0.00029354369 0.69125779717 0.90864387314 0.89705771637 0.89540188310 0.95680697328 0.91602555480 0.93620152248 0.86211228698 0.94880178886 0.81073871519 0.78535586839 0.80725137514 0.73688331940 0.78796194738 0.86915841459 0.70315999022 0.72255543647 0.93227249688 0.71712493410 0.76156085392 0.70013704819 0.70746905713 0.77398710230 0.82044503425 0.71420620284 0.81343496576 0.73894643970 0.83245395501 0.81226803225 0.56918649781 0.92803663275 0.78015436705 0.81050401468 0.80511654189 0.96909651065 0.81824793669 0.79033333131 0.89503714587 1.11836601719 1.16134746580 1.25541682410 1.15135454961 0.97594086054 1.29654217731 1.60278561318 1.30847107248 1.66618328230 1.84441928151 2.39899290710 -317.6414375645 0.00083530469   -8 
-- Local optimization: reached maximum number of likelihood evaluations allowed.
---- Best joint likelihood found -317.641437564546322 with gradient 0.00084

---- Results for RevisionsCapsellaPolyDFE/aranetconnec1_1.25_PolyDFE.input 
--  Model: C
--        eps_an     theta_bar             a 
-- 0.01254627253 0.01455619812            -1 
--           S_d             b           p_b           S_b 
-- -501.48137283 0.28010801885 0.00029354369 0.69125779717 
--           r 2           r 3           r 4           r 5           r 6           r 7           r 8           r 9          r 10          r 11          r 12          r 13          r 14          r 15          r 16          r 17          r 18          r 19          r 20          r 21          r 22          r 23          r 24          r 25          r 26          r 27          r 28          r 29          r 30          r 31          r 32          r 33          r 34          r 35          r 36          r 37          r 38          r 39          r 40          r 41          r 42          r 43          r 44          r 45          r 46          r 47          r 48          r 49 
-- 0.90864387314 0.89705771637 0.89540188310 0.95680697328 0.91602555480 0.93620152248 0.86211228698 0.94880178886 0.81073871519 0.78535586839 0.80725137514 0.73688331940 0.78796194738 0.86915841459 0.70315999022 0.72255543647 0.93227249688 0.71712493410 0.76156085392 0.70013704819 0.70746905713 0.77398710230 0.82044503425 0.71420620284 0.81343496576 0.73894643970 0.83245395501 0.81226803225 0.56918649781 0.92803663275 0.78015436705 0.81050401468 0.80511654189 0.96909651065 0.81824793669 0.79033333131 0.89503714587 1.11836601719 1.16134746580 1.25541682410 1.15135454961 0.97594086054 1.29654217731 1.60278561318 1.30847107248 1.66618328230 1.84441928151 2.39899290710 

---- Expected P_neut(i), 0 < i < n (neutral SFS per site) 
E[P_neut(1)] = 0.0143825133
E[P_neut(2)] = 0.0065372466
E[P_neut(3)] = 0.0043044488
E[P_neut(4)] = 0.0032227257
E[P_neut(5)] = 0.0027570515
E[P_neut(6)] = 0.0021998080
E[P_neut(7)] = 0.0019265107
E[P_neut(8)] = 0.0015539605
E[P_neut(9)] = 0.0015208888
E[P_neut(10)] = 0.0011706234
E[P_neut(11)] = 0.0010314524
E[P_neut(12)] = 0.0009712253
E[P_neut(13)] = 0.0008186429
E[P_neut(14)] = 0.0008131386
E[P_neut(15)] = 0.0008379174
E[P_neut(16)] = 0.0006360071
E[P_neut(17)] = 0.0006154091
E[P_neut(18)] = 0.0007489016
E[P_neut(19)] = 0.0005479749
E[P_neut(20)] = 0.0005507824
E[P_neut(21)] = 0.0004843281
E[P_neut(22)] = 0.0004676504
E[P_neut(23)] = 0.0004886921
E[P_neut(24)] = 0.0004970772
E[P_neut(25)] = 0.0004158451
E[P_neut(26)] = 0.0004559341
E[P_neut(27)] = 0.0003995271
E[P_neut(28)] = 0.0004332063
E[P_neut(29)] = 0.0004086816
E[P_neut(30)] = 0.0002796621
E[P_neut(31)] = 0.0004371898
E[P_neut(32)] = 0.0003598839
E[P_neut(33)] = 0.0003607876
E[P_neut(34)] = 0.0003483907
E[P_neut(35)] = 0.0004085643
E[P_neut(36)] = 0.0003369772
E[P_neut(37)] = 0.0003173765
E[P_neut(38)] = 0.0003508349
E[P_neut(39)] = 0.0004252161
E[P_neut(40)] = 0.0004321240
E[P_neut(41)] = 0.0004593705
E[P_neut(42)] = 0.0004137062
E[P_neut(43)] = 0.0003506519
E[P_neut(44)] = 0.0004514258
E[P_neut(45)] = 0.0005468977
E[P_neut(46)] = 0.0004497375
E[P_neut(47)] = 0.0005641620
E[P_neut(48)] = 0.0006352813
E[P_neut(49)] = 0.0008863423

---- Expected P_sel(i), 0 < i < n (selected SFS per site) 
E[P_sel(1)] = 0.0063828303
E[P_sel(2)] = 0.0022126803
E[P_sel(3)] = 0.0012698034
E[P_sel(4)] = 0.0008697294
E[P_sel(5)] = 0.0006969254
E[P_sel(6)] = 0.0005283687
E[P_sel(7)] = 0.0004438057
E[P_sel(8)] = 0.0003454170
E[P_sel(9)] = 0.0003278458
E[P_sel(10)] = 0.0002455945
E[P_sel(11)] = 0.0002112495
E[P_sel(12)] = 0.0001947013
E[P_sel(13)] = 0.0001609117
E[P_sel(14)] = 0.0001569699
E[P_sel(15)] = 0.0001590650
E[P_sel(16)] = 0.0001188781
E[P_sel(17)] = 0.0001133835
E[P_sel(18)] = 0.0001361625
E[P_sel(19)] = 0.0000983376
E[P_sel(20)] = 0.0000977092
E[P_sel(21)] = 0.0000849309
E[P_sel(22)] = 0.0000811351
E[P_sel(23)] = 0.0000839393
E[P_sel(24)] = 0.0000845590
E[P_sel(25)] = 0.0000700941
E[P_sel(26)] = 0.0000761828
E[P_sel(27)] = 0.0000662055
E[P_sel(28)] = 0.0000712074
E[P_sel(29)] = 0.0000666670
E[P_sel(30)] = 0.0000453287
E[P_sel(31)] = 0.0000702981
E[P_sel(32)] = 0.0000575595
E[P_sel(33)] = 0.0000572949
E[P_sel(34)] = 0.0000550003
E[P_sel(35)] = 0.0000641589
E[P_sel(36)] = 0.0000526805
E[P_sel(37)] = 0.0000493861
E[P_sel(38)] = 0.0000543650
E[P_sel(39)] = 0.0000654939
E[P_sel(40)] = 0.0000663542
E[P_sel(41)] = 0.0000704867
E[P_sel(42)] = 0.0000634454
E[P_sel(43)] = 0.0000542776
E[P_sel(44)] = 0.0000695384
E[P_sel(45)] = 0.0000844139
E[P_sel(46)] = 0.0000710991
E[P_sel(47)] = 0.0000906140
E[P_sel(48)] = 0.0001084662
E[P_sel(49)] = 0.0001830095

---- alpha_dfe = 0.002902

