---- Running command
---- ./polyDFE -d RevisionsCapsellaPolyDFE/aranetconnec10_30.8611111111111_PolyDFE.input -m C -i /home/jejames/ArabidopsisCrossGenome/model.txt 1 -e 
---- Performing inference using model C

---- Performing inference on RevisionsCapsellaPolyDFE/aranetconnec10_30.8611111111111_PolyDFE.input
----      with -i /home/jejames/ArabidopsisCrossGenome/model.txt 1
---- Data RevisionsCapsellaPolyDFE/aranetconnec10_30.8611111111111_PolyDFE.input does not contain divergence counts. Using option -w.
---- No mutation variability. Using Poisson likelihood.


---- Calculating initial values

-- Starting local optimization
-- Optimizing all parameters
  it        eps_an     theta_bar           S_d             b           p_b           S_b           r 2           r 3           r 4           r 5           r 6           r 7           r 8           r 9          r 10          r 11          r 12          r 13          r 14          r 15          r 16          r 17          r 18          r 19          r 20          r 21          r 22          r 23          r 24          r 25          r 26          r 27          r 28          r 29          r 30          r 31          r 32          r 33          r 34          r 35          r 36          r 37          r 38          r 39          r 40          r 41          r 42          r 43          r 44          r 45          r 46          r 47          r 48          r 49           ln lk          grad status 
   0           0.1 0.01632491580        -20000         0.406           0.1            20 0.92229409228 1.05717981888 0.96317378180 0.95213454075 0.90038809831 0.78361362656 0.91418714963 0.80413971539 0.81931867184 0.84053471323 0.96248382923 0.86778783958 0.77878395860 0.87192755498 0.82104355325 0.72427770590 0.71099611901 0.78818456231 0.73134971970 0.94902975420 0.83863734368 0.83510133678 0.91280724450 0.75463561880 1.00681328158 0.99896507115 0.91280724450 0.99042690815 0.76584734799 0.87960327727 0.77826649417 0.81397153945 1.15825786977 1.16515739542 1.13324708926 1.29555843035 1.47477360931 1.25795601552 1.34540750323 1.85286761535 1.46701164294 1.78749460974 2.04915912031 2.60802069857 2.88814144027 3.78594221647 4.48331177231             1 -2971.543638674 35.1019605715   -2 
2001 0.00723244884 0.01480690080 -860.74847115 0.38829390572 0.05717007072 0.00893755847 0.90966123997 0.96330009549 0.91312226345 0.92459943664 0.85225417009 0.83173943144 0.84200754532 0.79807905752 0.80453823563 0.80629779583 0.92494680492 0.79571697980 0.77603762081 0.80766705203 0.85033986212 0.68052754074 0.75808024807 0.76639497379 0.68373918438 0.80137674325 0.78882971962 0.71438765985 0.74599453627 0.74342622386 0.94127808153 0.73988698269 0.72645125766 0.78224886767 0.72226692692 0.71552133529 0.69155802216 0.69848751536 0.90462065256 0.86246136922 0.97800101565 0.94954675764 1.06740407509 0.88171304879 0.96350326452 1.40047102625 0.92016781133 1.24266196837 1.17596340967 1.48378474040 1.47575474548 1.79840036522 1.74410029678 2.66582571058 -297.3453395540 0.00235971622   -2 
-- Local optimization: reached maximum number of iterations allowed
---- Best joint likelihood found -297.345339554038446 with gradient 0.00236

---- Results for RevisionsCapsellaPolyDFE/aranetconnec10_30.8611111111111_PolyDFE.input 
--  Model: C
--        eps_an     theta_bar             a 
-- 0.00723244884 0.01480690080            -1 
--           S_d             b           p_b           S_b 
-- -860.74847115 0.38829390572 0.05717007072 0.00893755847 
--           r 2           r 3           r 4           r 5           r 6           r 7           r 8           r 9          r 10          r 11          r 12          r 13          r 14          r 15          r 16          r 17          r 18          r 19          r 20          r 21          r 22          r 23          r 24          r 25          r 26          r 27          r 28          r 29          r 30          r 31          r 32          r 33          r 34          r 35          r 36          r 37          r 38          r 39          r 40          r 41          r 42          r 43          r 44          r 45          r 46          r 47          r 48          r 49 
-- 0.90966123997 0.96330009549 0.91312226345 0.92459943664 0.85225417009 0.83173943144 0.84200754532 0.79807905752 0.80453823563 0.80629779583 0.92494680492 0.79571697980 0.77603762081 0.80766705203 0.85033986212 0.68052754074 0.75808024807 0.76639497379 0.68373918438 0.80137674325 0.78882971962 0.71438765985 0.74599453627 0.74342622386 0.94127808153 0.73988698269 0.72645125766 0.78224886767 0.72226692692 0.71552133529 0.69155802216 0.69848751536 0.90462065256 0.86246136922 0.97800101565 0.94954675764 1.06740407509 0.88171304879 0.96350326452 1.40047102625 0.92016781133 1.24266196837 1.17596340967 1.48378474040 1.47575474548 1.79840036522 1.74410029678 2.66582571058 

---- Expected P_neut(i), 0 < i < n (neutral SFS per site) 
E[P_neut(1)] = 0.0147056368
E[P_neut(2)] = 0.0066898152
E[P_neut(3)] = 0.0047242073
E[P_neut(4)] = 0.0033591167
E[P_neut(5)] = 0.0027218184
E[P_neut(6)] = 0.0020908580
E[P_neut(7)] = 0.0017497251
E[P_neut(8)] = 0.0015495151
E[P_neut(9)] = 0.0013071703
E[P_neut(10)] = 0.0011852355
E[P_neut(11)] = 0.0010799143
E[P_neut(12)] = 0.0011360534
E[P_neut(13)] = 0.0009025090
E[P_neut(14)] = 0.0008177383
E[P_neut(15)] = 0.0007941424
E[P_neut(16)] = 0.0007840890
E[P_neut(17)] = 0.0005907153
E[P_neut(18)] = 0.0006214052
E[P_neut(19)] = 0.0005954118
E[P_neut(20)] = 0.0005051201
E[P_neut(21)] = 0.0005638452
E[P_neut(22)] = 0.0005298533
E[P_neut(23)] = 0.0004595156
E[P_neut(24)] = 0.0004607928
E[P_neut(25)] = 0.0004403135
E[P_neut(26)] = 0.0005355060
E[P_neut(27)] = 0.0004061484
E[P_neut(28)] = 0.0003852218
E[P_neut(29)] = 0.0004006008
E[P_neut(30)] = 0.0003575673
E[P_neut(31)] = 0.0003436109
E[P_neut(32)] = 0.0003221905
E[P_neut(33)] = 0.0003154274
E[P_neut(34)] = 0.0003968018
E[P_neut(35)] = 0.0003679953
E[P_neut(36)] = 0.0004052814
E[P_neut(37)] = 0.0003838024
E[P_neut(38)] = 0.0004211659
E[P_neut(39)] = 0.0003401834
E[P_neut(40)] = 0.0003626987
E[P_neut(41)] = 0.0005116099
E[P_neut(42)] = 0.0003333259
E[P_neut(43)] = 0.0004375360
E[P_neut(44)] = 0.0004080850
E[P_neut(45)] = 0.0005044999
E[P_neut(46)] = 0.0004960404
E[P_neut(47)] = 0.0005968578
E[P_neut(48)] = 0.0005828317
E[P_neut(49)] = 0.0009068276

---- Expected P_sel(i), 0 < i < n (selected SFS per site) 
E[P_sel(1)] = 0.0051306704
E[P_sel(2)] = 0.0016912520
E[P_sel(3)] = 0.0010280968
E[P_sel(4)] = 0.0006667205
E[P_sel(5)] = 0.0005062412
E[P_sel(6)] = 0.0003701247
E[P_sel(7)] = 0.0002976891
E[P_sel(8)] = 0.0002551520
E[P_sel(9)] = 0.0002092756
E[P_sel(10)] = 0.0001852735
E[P_sel(11)] = 0.0001652773
E[P_sel(12)] = 0.0001706177
E[P_sel(13)] = 0.0001332637
E[P_sel(14)] = 0.0001189033
E[P_sel(15)] = 0.0001138749
E[P_sel(16)] = 0.0001109951
E[P_sel(17)] = 0.0000826340
E[P_sel(18)] = 0.0000859769
E[P_sel(19)] = 0.0000815366
E[P_sel(20)] = 0.0000685066
E[P_sel(21)] = 0.0000757859
E[P_sel(22)] = 0.0000706155
E[P_sel(23)] = 0.0000607509
E[P_sel(24)] = 0.0000604587
E[P_sel(25)] = 0.0000573599
E[P_sel(26)] = 0.0000692856
E[P_sel(27)] = 0.0000522108
E[P_sel(28)] = 0.0000492191
E[P_sel(29)] = 0.0000508843
E[P_sel(30)] = 0.0000451635
E[P_sel(31)] = 0.0000431766
E[P_sel(32)] = 0.0000402842
E[P_sel(33)] = 0.0000392441
E[P_sel(34)] = 0.0000491424
E[P_sel(35)] = 0.0000453805
E[P_sel(36)] = 0.0000497556
E[P_sel(37)] = 0.0000469490
E[P_sel(38)] = 0.0000513506
E[P_sel(39)] = 0.0000413648
E[P_sel(40)] = 0.0000439652
E[P_sel(41)] = 0.0000617185
E[P_sel(42)] = 0.0000403195
E[P_sel(43)] = 0.0000527126
E[P_sel(44)] = 0.0000492715
E[P_sel(45)] = 0.0000609468
E[P_sel(46)] = 0.0000603773
E[P_sel(47)] = 0.0000734881
E[P_sel(48)] = 0.0000747893
E[P_sel(49)] = 0.0001306141

---- alpha_dfe = 0.495576

