---- Running command
---- ./polyDFE -d RevisionsCapsellaPolyDFE/aranetconnec18_190.489655172414_PolyDFE.input -m C -i /home/jejames/ArabidopsisCrossGenome/model.txt 1 -e 
---- Performing inference using model C

---- Performing inference on RevisionsCapsellaPolyDFE/aranetconnec18_190.489655172414_PolyDFE.input
----      with -i /home/jejames/ArabidopsisCrossGenome/model.txt 1
---- Data RevisionsCapsellaPolyDFE/aranetconnec18_190.489655172414_PolyDFE.input does not contain divergence counts. Using option -w.
---- No mutation variability. Using Poisson likelihood.


---- Calculating initial values

-- Starting local optimization
-- Optimizing all parameters
  it        eps_an     theta_bar           S_d             b           p_b           S_b           r 2           r 3           r 4           r 5           r 6           r 7           r 8           r 9          r 10          r 11          r 12          r 13          r 14          r 15          r 16          r 17          r 18          r 19          r 20          r 21          r 22          r 23          r 24          r 25          r 26          r 27          r 28          r 29          r 30          r 31          r 32          r 33          r 34          r 35          r 36          r 37          r 38          r 39          r 40          r 41          r 42          r 43          r 44          r 45          r 46          r 47          r 48          r 49           ln lk          grad status 
   0           0.1 0.01539659352        -20000         0.406           0.1            20 0.89062757371 0.95964421017 0.94383132927 0.98542250041 0.76050074122 0.82268160105 0.80777466644 0.75605336847 0.79723274584 0.85974304068 0.78372591006 0.82976445396 0.76791302915 0.74493493658 0.90265195190 0.71545050238 0.95766760006 0.66348212815 0.73299291714 0.54999176412 0.71750947125 0.73875802997 0.76297150387 0.67945972656 0.75802997858 0.68934277713 1.02388403887 0.72129797397 0.80299785867 0.95997364519 0.98566957667 0.97570416735 1.13408005270 1.11554933289 1.40536979080 1.02083676494 1.30505682754 1.48072805139 1.02783725910 1.55328611431 1.36287267336 1.56885191895 1.77927853730 2.43493658375 2.51935430736 3.08120573216 4.51853071981             1 -3003.365690710 43.2760903518   -2 
1574 0.00138256129 0.01375583011 -670.84816892 0.58653243512 0.07543925815 0.00308853378 0.90398262971 0.92142163351 0.87268622924 0.92323461078 0.78643230013 0.82761469991 0.85274130370 0.73243527440 0.80539791365 0.79957552179 0.68732646385 0.76118046423 0.74627259127 0.73508963590 0.77064714891 0.73580102516 0.86299436778 0.66312656636 0.68958186963 0.53330815942 0.67173394338 0.70385626070 0.68659811563 0.60113706237 0.63931838172 0.63704280370 0.90645903032 0.74602140928 0.69493625147 0.79896728000 0.82506058499 0.78363938052 0.93127184873 0.90507671971 1.02503958028 0.80420284723 1.04406532359 1.05127650895 0.93250025706 1.08493983693 1.02267415397 0.86784744464 1.04848058233 1.37479401532 1.28300159753 1.42657030084 2.07207211066 2.53178651617 -296.5371225496 0.00007074555    0 
---- Best joint likelihood found -296.537122549665582 with gradient 0.00007

---- Results for RevisionsCapsellaPolyDFE/aranetconnec18_190.489655172414_PolyDFE.input 
--  Model: C
--        eps_an     theta_bar             a 
-- 0.00138256129 0.01375583011            -1 
--           S_d             b           p_b           S_b 
-- -670.84816892 0.58653243512 0.07543925815 0.00308853378 
--           r 2           r 3           r 4           r 5           r 6           r 7           r 8           r 9          r 10          r 11          r 12          r 13          r 14          r 15          r 16          r 17          r 18          r 19          r 20          r 21          r 22          r 23          r 24          r 25          r 26          r 27          r 28          r 29          r 30          r 31          r 32          r 33          r 34          r 35          r 36          r 37          r 38          r 39          r 40          r 41          r 42          r 43          r 44          r 45          r 46          r 47          r 48          r 49 
-- 0.90398262971 0.92142163351 0.87268622924 0.92323461078 0.78643230013 0.82761469991 0.85274130370 0.73243527440 0.80539791365 0.79957552179 0.68732646385 0.76118046423 0.74627259127 0.73508963590 0.77064714891 0.73580102516 0.86299436778 0.66312656636 0.68958186963 0.53330815942 0.67173394338 0.70385626070 0.68659811563 0.60113706237 0.63931838172 0.63704280370 0.90645903032 0.74602140928 0.69493625147 0.79896728000 0.82506058499 0.78363938052 0.93127184873 0.90507671971 1.02503958028 0.80420284723 1.04406532359 1.05127650895 0.93250025706 1.08493983693 1.02267415397 0.86784744464 1.04848058233 1.37479401532 1.28300159753 1.42657030084 2.07207211066 2.53178651617 

---- Expected P_neut(i), 0 < i < n (neutral SFS per site) 
E[P_neut(1)] = 0.0137377945
E[P_neut(2)] = 0.0062097406
E[P_neut(3)] = 0.0042197091
E[P_neut(4)] = 0.0029975121
E[P_neut(5)] = 0.0025370411
E[P_neut(6)] = 0.0018009653
E[P_neut(7)] = 0.0016244963
E[P_neut(8)] = 0.0014647064
E[P_neut(9)] = 0.0011184283
E[P_neut(10)] = 0.0011068033
E[P_neut(11)] = 0.0009990234
E[P_neut(12)] = 0.0007873287
E[P_neut(13)] = 0.0008047359
E[P_neut(14)] = 0.0007327848
E[P_neut(15)] = 0.0006736777
E[P_neut(16)] = 0.0006621606
E[P_neut(17)] = 0.0005950140
E[P_neut(18)] = 0.0006590899
E[P_neut(19)] = 0.0004799241
E[P_neut(20)] = 0.0004740734
E[P_neut(21)] = 0.0003493442
E[P_neut(22)] = 0.0004200467
E[P_neut(23)] = 0.0004208288
E[P_neut(24)] = 0.0003934539
E[P_neut(25)] = 0.0003307656
E[P_neut(26)] = 0.0003383209
E[P_neut(27)] = 0.0003246908
E[P_neut(28)] = 0.0004452899
E[P_neut(29)] = 0.0003538608
E[P_neut(30)] = 0.0003188627
E[P_neut(31)] = 0.0003547045
E[P_neut(32)] = 0.0003550900
E[P_neut(33)] = 0.0003270264
E[P_neut(34)] = 0.0003771721
E[P_neut(35)] = 0.0003561568
E[P_neut(36)] = 0.0003921464
E[P_neut(37)] = 0.0002996861
E[P_neut(38)] = 0.0003785138
E[P_neut(39)] = 0.0003716693
E[P_neut(40)] = 0.0003217712
E[P_neut(41)] = 0.0003650505
E[P_neut(42)] = 0.0003365101
E[P_neut(43)] = 0.0002794917
E[P_neut(44)] = 0.0003298287
E[P_neut(45)] = 0.0004231847
E[P_neut(46)] = 0.0003872873
E[P_neut(47)] = 0.0004227887
E[P_neut(48)] = 0.0006015891
E[P_neut(49)] = 0.0007287872

---- Expected P_sel(i), 0 < i < n (selected SFS per site) 
E[P_sel(1)] = 0.0042276384
E[P_sel(2)] = 0.0012668488
E[P_sel(3)] = 0.0007170781
E[P_sel(4)] = 0.0004585565
E[P_sel(5)] = 0.0003618198
E[P_sel(6)] = 0.0002440526
E[P_sel(7)] = 0.0002116426
E[P_sel(8)] = 0.0001848945
E[P_sel(9)] = 0.0001375508
E[P_sel(10)] = 0.0001331651
E[P_sel(11)] = 0.0001179492
E[P_sel(12)] = 0.0000914385
E[P_sel(13)] = 0.0000921179
E[P_sel(14)] = 0.0000828040
E[P_sel(15)] = 0.0000752480
E[P_sel(16)] = 0.0000731896
E[P_sel(17)] = 0.0000651428
E[P_sel(18)] = 0.0000715295
E[P_sel(19)] = 0.0000516663
E[P_sel(20)] = 0.0000506580
E[P_sel(21)] = 0.0000370718
E[P_sel(22)] = 0.0000442883
E[P_sel(23)] = 0.0000441046
E[P_sel(24)] = 0.0000410031
E[P_sel(25)] = 0.0000342874
E[P_sel(26)] = 0.0000348954
E[P_sel(27)] = 0.0000333315
E[P_sel(28)] = 0.0000455066
E[P_sel(29)] = 0.0000360094
E[P_sel(30)] = 0.0000323180
E[P_sel(31)] = 0.0000358123
E[P_sel(32)] = 0.0000357218
E[P_sel(33)] = 0.0000327836
E[P_sel(34)] = 0.0000376839
E[P_sel(35)] = 0.0000354712
E[P_sel(36)] = 0.0000389359
E[P_sel(37)] = 0.0000296734
E[P_sel(38)] = 0.0000373683
E[P_sel(39)] = 0.0000365997
E[P_sel(40)] = 0.0000316121
E[P_sel(41)] = 0.0000357723
E[P_sel(42)] = 0.0000329159
E[P_sel(43)] = 0.0000272989
E[P_sel(44)] = 0.0000321492
E[P_sel(45)] = 0.0000411941
E[P_sel(46)] = 0.0000377045
E[P_sel(47)] = 0.0000412484
E[P_sel(48)] = 0.0000588892
E[P_sel(49)] = 0.0000741037

---- alpha_dfe = 0.788740

