---- Running command
---- ./polyDFE -d /home/jejames/CapsellaCrossGenome/norm.exp17_-4.82856926584577_PolyDFE.input -m C -i /home/jejames/CapsellaCrossGenome/model.txt 1 -e 
---- Performing inference using model C

---- Performing inference on /home/jejames/CapsellaCrossGenome/norm.exp17_-4.82856926584577_PolyDFE.input
----      with -i /home/jejames/CapsellaCrossGenome/model.txt 1
---- Data /home/jejames/CapsellaCrossGenome/norm.exp17_-4.82856926584577_PolyDFE.input does not contain divergence counts. Using option -w.
---- No mutation variability. Using Poisson likelihood.


---- Calculating initial values

-- Starting local optimization
-- Optimizing all parameters
  it        eps_an     theta_bar           S_d             b           p_b           S_b           r 2           r 3           r 4           r 5           r 6           r 7           r 8           r 9          r 10          r 11          r 12          r 13          r 14          r 15          r 16          r 17          r 18          r 19          r 20          r 21          r 22          r 23          r 24          r 25          r 26          r 27          r 28          r 29          r 30          r 31          r 32          r 33          r 34          r 35          r 36          r 37          r 38          r 39          r 40          r 41          r 42          r 43          r 44          r 45          r 46          r 47          r 48          r 49           ln lk          grad status 
   0           0.1 0.01597836651        -20000         0.406           0.1            20 0.87340283765 0.93313474954 0.96041389041 0.96927177236 0.83718742651 0.87410833268 0.93752449635 0.79015442502 0.85208121031 0.89934937681 0.96511719056 0.84988633691 0.69796974210 0.78897859998 0.91808418907 0.58501215019 0.78733244493 0.75958297405 0.66786862114 0.64035431527 0.76224817747 0.84377204671 0.79767970525 0.60750960257 0.76632437093 0.78733244493 0.82966214627 0.86611272242 0.73841812338 1.04491651642 0.95821901701 0.70102688719 0.92749078937 1.20443677980 1.25295915967 1.11954221211 1.05447989339 1.30540095633 1.57717331661 1.54268244885 1.62969350160 1.67523712471 1.72454338794 2.59974915732 3.05416634004 3.06529748373 4.43615270047             1 -3186.604789750 45.9650539154   -2 
1201 0.00406647758 0.01430286767 -1087.7828675 0.38319664369 0.02408921800 0.46177252134 0.87387770687 0.91244216973 0.93701934423 0.94418846303 0.87822111875 0.84130741678 0.86945065008 0.81550777520 0.80342250039 0.77797475362 0.77029584250 0.78415498052 0.69503135455 0.74891357297 0.88031464997 0.62594376249 0.72653375242 0.69517339436 0.68549710222 0.66967028946 0.72550486437 0.69232994757 0.66493949252 0.64432818428 0.61952091476 0.71190172708 0.78144162855 0.86914992530 0.65914163580 0.79125246610 0.73683956063 0.64467858317 0.71413173337 0.86107319951 1.12382744097 0.89174792156 0.74244720567 1.05901988398 1.12657020624 1.09099836760 0.98682636564 0.98667806104 1.04859235462 1.66155649611 1.71334525945 1.48749337318 2.04616804203 2.75719670340 -305.1424965536 0.00009927467    0 
---- Best joint likelihood found -305.142496553669559 with gradient 0.00010

---- Results for /home/jejames/CapsellaCrossGenome/norm.exp17_-4.82856926584577_PolyDFE.input 
--  Model: C
--        eps_an     theta_bar             a 
-- 0.00406647758 0.01430286767            -1 
--           S_d             b           p_b           S_b 
-- -1087.7828675 0.38319664369 0.02408921800 0.46177252134 
--           r 2           r 3           r 4           r 5           r 6           r 7           r 8           r 9          r 10          r 11          r 12          r 13          r 14          r 15          r 16          r 17          r 18          r 19          r 20          r 21          r 22          r 23          r 24          r 25          r 26          r 27          r 28          r 29          r 30          r 31          r 32          r 33          r 34          r 35          r 36          r 37          r 38          r 39          r 40          r 41          r 42          r 43          r 44          r 45          r 46          r 47          r 48          r 49 
-- 0.87387770687 0.91244216973 0.93701934423 0.94418846303 0.87822111875 0.84130741678 0.86945065008 0.81550777520 0.80342250039 0.77797475362 0.77029584250 0.78415498052 0.69503135455 0.74891357297 0.88031464997 0.62594376249 0.72653375242 0.69517339436 0.68549710222 0.66967028946 0.72550486437 0.69232994757 0.66493949252 0.64432818428 0.61952091476 0.71190172708 0.78144162855 0.86914992530 0.65914163580 0.79125246610 0.73683956063 0.64467858317 0.71413173337 0.86107319951 1.12382744097 0.89174792156 0.74244720567 1.05901988398 1.12657020624 1.09099836760 0.98682636564 0.98667806104 1.04859235462 1.66155649611 1.71334525945 1.48749337318 2.04616804203 2.75719670340 

---- Expected P_neut(i), 0 < i < n (neutral SFS per site) 
E[P_neut(1)] = 0.0142479781
E[P_neut(2)] = 0.0062265446
E[P_neut(3)] = 0.0043343307
E[P_neut(4)] = 0.0033390575
E[P_neut(5)] = 0.0026920849
E[P_neut(6)] = 0.0020863863
E[P_neut(7)] = 0.0017133598
E[P_neut(8)] = 0.0015495001
E[P_neut(9)] = 0.0012922886
E[P_neut(10)] = 0.0011460898
E[P_neut(11)] = 0.0010090358
E[P_neut(12)] = 0.0009155228
E[P_neut(13)] = 0.0008606369
E[P_neut(14)] = 0.0007089955
E[P_neut(15)] = 0.0007126345
E[P_neut(16)] = 0.0007849606
E[P_neut(17)] = 0.0005256294
E[P_neut(18)] = 0.0005762981
E[P_neut(19)] = 0.0005226709
E[P_neut(20)] = 0.0004895131
E[P_neut(21)] = 0.0004559934
E[P_neut(22)] = 0.0004713779
E[P_neut(23)] = 0.0004303177
E[P_neut(24)] = 0.0003960470
E[P_neut(25)] = 0.0003686296
E[P_neut(26)] = 0.0003410304
E[P_neut(27)] = 0.0003773371
E[P_neut(28)] = 0.0003994683
E[P_neut(29)] = 0.0004287783
E[P_neut(30)] = 0.0003149695
E[P_neut(31)] = 0.0003657138
E[P_neut(32)] = 0.0003303496
E[P_neut(33)] = 0.0002804220
E[P_neut(34)] = 0.0003023941
E[P_neut(35)] = 0.0003533534
E[P_neut(36)] = 0.0004475706
E[P_neut(37)] = 0.0003468242
E[P_neut(38)] = 0.0002820478
E[P_neut(39)] = 0.0003909193
E[P_neut(40)] = 0.0004058644
E[P_neut(41)] = 0.0003843178
E[P_neut(42)] = 0.0003410128
E[P_neut(43)] = 0.0003338494
E[P_neut(44)] = 0.0003479880
E[P_neut(45)] = 0.0005369473
E[P_neut(46)] = 0.0005441922
E[P_neut(47)] = 0.0004685177
E[P_neut(48)] = 0.0006326438
E[P_neut(49)] = 0.0008597022

---- Expected P_sel(i), 0 < i < n (selected SFS per site) 
E[P_sel(1)] = 0.0043602367
E[P_sel(2)] = 0.0013244079
E[P_sel(3)] = 0.0007765734
E[P_sel(4)] = 0.0005375052
E[P_sel(5)] = 0.0004015213
E[P_sel(6)] = 0.0002935039
E[P_sel(7)] = 0.0002299281
E[P_sel(8)] = 0.0001999486
E[P_sel(9)] = 0.0001612797
E[P_sel(10)] = 0.0001389569
E[P_sel(11)] = 0.0001192731
E[P_sel(12)] = 0.0001058152
E[P_sel(13)] = 0.0000974723
E[P_sel(14)] = 0.0000788301
E[P_sel(15)] = 0.0000779346
E[P_sel(16)] = 0.0000845516
E[P_sel(17)] = 0.0000558251
E[P_sel(18)] = 0.0000604178
E[P_sel(19)] = 0.0000541389
E[P_sel(20)] = 0.0000501422
E[P_sel(21)] = 0.0000462209
E[P_sel(22)] = 0.0000473184
E[P_sel(23)] = 0.0000428038
E[P_sel(24)] = 0.0000390586
E[P_sel(25)] = 0.0000360624
E[P_sel(26)] = 0.0000331102
E[P_sel(27)] = 0.0000363737
E[P_sel(28)] = 0.0000382477
E[P_sel(29)] = 0.0000407911
E[P_sel(30)] = 0.0000297881
E[P_sel(31)] = 0.0000343888
E[P_sel(32)] = 0.0000309007
E[P_sel(33)] = 0.0000260991
E[P_sel(34)] = 0.0000280225
E[P_sel(35)] = 0.0000325839
E[P_sel(36)] = 0.0000410798
E[P_sel(37)] = 0.0000317307
E[P_sel(38)] = 0.0000257294
E[P_sel(39)] = 0.0000355100
E[P_sel(40)] = 0.0000367597
E[P_sel(41)] = 0.0000347340
E[P_sel(42)] = 0.0000308048
E[P_sel(43)] = 0.0000301334
E[P_sel(44)] = 0.0000314293
E[P_sel(45)] = 0.0000483452
E[P_sel(46)] = 0.0000491830
E[P_sel(47)] = 0.0000429960
E[P_sel(48)] = 0.0000589207
E[P_sel(49)] = 0.0000882803

---- alpha_dfe = 0.348026

