---- Running command
---- ./polyDFE -d /home/jejames/CapsellaCrossGenome/norm.exp1_-10.0806327555349_PolyDFE.input -m C -i /home/jejames/CapsellaCrossGenome/model.txt 1 -e 
---- Performing inference using model C

---- Performing inference on /home/jejames/CapsellaCrossGenome/norm.exp1_-10.0806327555349_PolyDFE.input
----      with -i /home/jejames/CapsellaCrossGenome/model.txt 1
---- Data /home/jejames/CapsellaCrossGenome/norm.exp1_-10.0806327555349_PolyDFE.input does not contain divergence counts. Using option -w.
---- No mutation variability. Using Poisson likelihood.


---- Calculating initial values

-- Starting local optimization
-- Optimizing all parameters
  it        eps_an     theta_bar           S_d             b           p_b           S_b           r 2           r 3           r 4           r 5           r 6           r 7           r 8           r 9          r 10          r 11          r 12          r 13          r 14          r 15          r 16          r 17          r 18          r 19          r 20          r 21          r 22          r 23          r 24          r 25          r 26          r 27          r 28          r 29          r 30          r 31          r 32          r 33          r 34          r 35          r 36          r 37          r 38          r 39          r 40          r 41          r 42          r 43          r 44          r 45          r 46          r 47          r 48          r 49           ln lk          grad status 
   0           0.1 0.01577969611        -80000         0.208           0.1            20 0.95920694797 0.96903237126 0.96359329765 1.00973769628 1.00482498464 0.97824370558 1.01131678217 1.11167646284 0.92201070269 0.81542240547 0.93166067198 0.99561365032 1.08816562856 0.90929028862 0.81831739626 0.99026230371 0.99798227914 1.05342573909 0.79480656197 0.96719010439 1.20817615580 1.01491358891 1.16010176331 1.14045091674 1.09255197824 0.86928677954 1.26256689183 1.23388016492 1.04482849372 1.10957101500 1.14536362838 1.32011579963 1.09465742609 1.40933415211 1.68646372488 1.61321168523 1.48346346170 1.65935608386 1.75103079217 1.84156504956 2.09649969295 2.17659443810 2.08825335555 2.51864198613 2.55847004123 3.70260549170 4.72883586279             1 -3346.386708355 44.8198043953   -2 
 376 0.00569809308 0.01421402847 -393.24629493 0.30083590008 0.00018271826 0.90590932256 0.95270179801 0.91628598441 0.98508910809 0.98005341340 0.97751886712 0.89916803064 0.91695751455 0.99402816895 0.89069323177 0.83221261673 0.91809459908 0.99318635017 0.96537425175 0.85593423412 0.82264436599 0.96934736202 0.98567292868 0.94576293276 0.72518645683 0.86873245548 0.97324127942 1.01283994697 0.93079496714 0.95023555826 0.86143307830 0.84758141343 1.07556754033 0.95760690925 1.02258394935 0.94224863411 0.92987234476 0.99228087189 1.16958791686 1.09119953389 1.25864508461 1.18998976477 1.13472423877 1.38972459355 1.25392134169 1.35960034062 1.53521029707 1.59050908122 1.38517860095 1.30328568937 1.35351294444 1.90724325290 2.09622761893 2.95167937105 -312.2967362391 0.00009135463    0 
---- Best joint likelihood found -312.296736239166933 with gradient 0.00009

---- Results for /home/jejames/CapsellaCrossGenome/norm.exp1_-10.0806327555349_PolyDFE.input 
--  Model: C
--        eps_an     theta_bar             a 
-- 0.00569809308 0.01421402847            -1 
--           S_d             b           p_b           S_b 
-- -393.24629493 0.30083590008 0.00018271826 0.90590932256 
--           r 2           r 3           r 4           r 5           r 6           r 7           r 8           r 9          r 10          r 11          r 12          r 13          r 14          r 15          r 16          r 17          r 18          r 19          r 20          r 21          r 22          r 23          r 24          r 25          r 26          r 27          r 28          r 29          r 30          r 31          r 32          r 33          r 34          r 35          r 36          r 37          r 38          r 39          r 40          r 41          r 42          r 43          r 44          r 45          r 46          r 47          r 48          r 49 
-- 0.95270179801 0.91628598441 0.98508910809 0.98005341340 0.97751886712 0.89916803064 0.91695751455 0.99402816895 0.89069323177 0.83221261673 0.91809459908 0.99318635017 0.96537425175 0.85593423412 0.82264436599 0.96934736202 0.98567292868 0.94576293276 0.72518645683 0.86873245548 0.97324127942 1.01283994697 0.93079496714 0.95023555826 0.86143307830 0.84758141343 1.07556754033 0.95760690925 1.02258394935 0.94224863411 0.92987234476 0.99228087189 1.16958791686 1.09119953389 1.25864508461 1.18998976477 1.13472423877 1.38972459355 1.25392134169 1.35960034062 1.53521029707 1.59050908122 1.38517860095 1.30328568937 1.35351294444 1.90724325290 2.09622761893 2.95167937105 

---- Expected P_neut(i), 0 < i < n (neutral SFS per site) 
E[P_neut(1)] = 0.0141379145
E[P_neut(2)] = 0.0067358213
E[P_neut(3)] = 0.0043199208
E[P_neut(4)] = 0.0034829580
E[P_neut(5)] = 0.0027725717
E[P_neut(6)] = 0.0023051013
E[P_neut(7)] = 0.0018184206
E[P_neut(8)] = 0.0016228847
E[P_neut(9)] = 0.0015636453
E[P_neut(10)] = 0.0012613589
E[P_neut(11)] = 0.0010721307
E[P_neut(12)] = 0.0010837072
E[P_neut(13)] = 0.0010823540
E[P_neut(14)] = 0.0009773795
E[P_neut(15)] = 0.0008089884
E[P_neut(16)] = 0.0007294400
E[P_neut(17)] = 0.0008083072
E[P_neut(18)] = 0.0007762730
E[P_neut(19)] = 0.0007059619
E[P_neut(20)] = 0.0005152150
E[P_neut(21)] = 0.0005873329
E[P_neut(22)] = 0.0006283318
E[P_neut(23)] = 0.0006249122
E[P_neut(24)] = 0.0005508067
E[P_neut(25)] = 0.0005402670
E[P_neut(26)] = 0.0004713975
E[P_neut(27)] = 0.0004472295
E[P_neut(28)] = 0.0005464771
E[P_neut(29)] = 0.0004700365
E[P_neut(30)] = 0.0004846773
E[P_neut(31)] = 0.0004336069
E[P_neut(32)] = 0.0004151201
E[P_neut(33)] = 0.0004295862
E[P_neut(34)] = 0.0004903357
E[P_neut(35)] = 0.0004452491
E[P_neut(36)] = 0.0004997092
E[P_neut(37)] = 0.0004607328
E[P_neut(38)] = 0.0004282255
E[P_neut(39)] = 0.0005097437
E[P_neut(40)] = 0.0004502569
E[P_neut(41)] = 0.0004776108
E[P_neut(42)] = 0.0005258829
E[P_neut(43)] = 0.0005331647
E[P_neut(44)] = 0.0004581221
E[P_neut(45)] = 0.0004251951
E[P_neut(46)] = 0.0004357995
E[P_neut(47)] = 0.0005982511
E[P_neut(48)] = 0.0006557906
E[P_neut(49)] = 0.0009323437

---- Expected P_sel(i), 0 < i < n (selected SFS per site) 
E[P_sel(1)] = 0.0064310098
E[P_sel(2)] = 0.0023081829
E[P_sel(3)] = 0.0012783013
E[P_sel(4)] = 0.0009368342
E[P_sel(5)] = 0.0006952991
E[P_sel(6)] = 0.0005471188
E[P_sel(7)] = 0.0004125195
E[P_sel(8)] = 0.0003543960
E[P_sel(9)] = 0.0003304250
E[P_sel(10)] = 0.0002589250
E[P_sel(11)] = 0.0002144402
E[P_sel(12)] = 0.0002118038
E[P_sel(13)] = 0.0002071062
E[P_sel(14)] = 0.0001834117
E[P_sel(15)] = 0.0001491165
E[P_sel(16)] = 0.0001322268
E[P_sel(17)] = 0.0001442940
E[P_sel(18)] = 0.0001365816
E[P_sel(19)] = 0.0001225233
E[P_sel(20)] = 0.0000882609
E[P_sel(21)] = 0.0000994087
E[P_sel(22)] = 0.0001051272
E[P_sel(23)] = 0.0001034195
E[P_sel(24)] = 0.0000902053
E[P_sel(25)] = 0.0000876003
E[P_sel(26)] = 0.0000757095
E[P_sel(27)] = 0.0000711791
E[P_sel(28)] = 0.0000862110
E[P_sel(29)] = 0.0000735330
E[P_sel(30)] = 0.0000752031
E[P_sel(31)] = 0.0000667818
E[P_sel(32)] = 0.0000634715
E[P_sel(33)] = 0.0000652140
E[P_sel(34)] = 0.0000738876
E[P_sel(35)] = 0.0000666712
E[P_sel(36)] = 0.0000743586
E[P_sel(37)] = 0.0000681787
E[P_sel(38)] = 0.0000630154
E[P_sel(39)] = 0.0000745189
E[P_sel(40)] = 0.0000655679
E[P_sel(41)] = 0.0000692834
E[P_sel(42)] = 0.0000758854
E[P_sel(43)] = 0.0000766793
E[P_sel(44)] = 0.0000660387
E[P_sel(45)] = 0.0000615436
E[P_sel(46)] = 0.0000635402
E[P_sel(47)] = 0.0000871403
E[P_sel(48)] = 0.0000986928
E[P_sel(49)] = 0.0001541628

---- alpha_dfe = 0.002107

