---- Running command
---- ./polyDFE -d /home/jejames/CapsellaCrossGenome/norm.exp4_-7.82209386937635_PolyDFE.input -m C -i /home/jejames/CapsellaCrossGenome/model.txt 1 -e 
---- Performing inference using model C

---- Performing inference on /home/jejames/CapsellaCrossGenome/norm.exp4_-7.82209386937635_PolyDFE.input
----      with -i /home/jejames/CapsellaCrossGenome/model.txt 1
---- Data /home/jejames/CapsellaCrossGenome/norm.exp4_-7.82209386937635_PolyDFE.input does not contain divergence counts. Using option -w.
---- No mutation variability. Using Poisson likelihood.


---- Calculating initial values

-- Starting local optimization
-- Optimizing all parameters
  it        eps_an     theta_bar           S_d             b           p_b           S_b           r 2           r 3           r 4           r 5           r 6           r 7           r 8           r 9          r 10          r 11          r 12          r 13          r 14          r 15          r 16          r 17          r 18          r 19          r 20          r 21          r 22          r 23          r 24          r 25          r 26          r 27          r 28          r 29          r 30          r 31          r 32          r 33          r 34          r 35          r 36          r 37          r 38          r 39          r 40          r 41          r 42          r 43          r 44          r 45          r 46          r 47          r 48          r 49           ln lk          grad status 
   0           0.1 0.01593257808        -80000         0.208           0.1            20 0.96149377593 0.92215767634 0.95136929460 0.84771784232 0.95601659751 0.89286307053 0.80398340248 1.06132780082 0.95518672199 0.83070539419 0.79269709543 0.74008298755 0.85742738589 0.82531120331 1.01045643153 0.76323651452 1.08896265560 0.81834024896 0.95933609958 0.81385892116 0.66639004149 1.01734439834 0.85643153526 0.91286307053 0.92780082987 0.88954356846 0.94107883817 0.87360995850           1.2 1.10879668049 1.06489626556 1.06531120331 1.04116182572 1.06597510373          1.44 1.27120331950 1.14788381742 1.39170124481 1.45726141078 1.86796680497 1.73925311203 1.68788381742 2.04481327800 2.34149377593 2.57294605809 3.96282157676 5.00713692946             1 -3206.672378148 46.9815726224   -2 
1198 0.00015792460 0.01399991048 -485.06403516 0.30801272302 0.00826847810 6.69892519425 0.98941932561 0.96064191515 0.91138919411 0.88401989266 0.90246715299 0.90131329548 0.83929456508 1.00889884482 0.87489683226 0.78299569453 0.84260991349 0.79000493235 0.87513982517 0.79114122905 0.88352742918 0.73924469425 0.87259433614 0.76025725460 0.76889281826 0.79223292924 0.75557097620 0.91462267514 0.78717599062 0.85569659229 0.84593105265 0.72371147642 0.83993577986 0.75450102002 0.86274756491 0.92071729588 0.87945338034 0.86321783094 0.93603652433 0.90083607052 1.23576772871 0.86884820459 1.02924805493 1.07319835331 1.24366707665 1.40187274682 1.26346356991 1.02028305822 1.21748094452 1.62046120689 1.48503526425 2.62460756539 2.53263389954 3.14558370315 -316.3639902519 0.00056619270   -8 
-- Local optimization: reached maximum number of likelihood evaluations allowed.
---- Best joint likelihood found -316.363990251975167 with gradient 0.00057

---- Results for /home/jejames/CapsellaCrossGenome/norm.exp4_-7.82209386937635_PolyDFE.input 
--  Model: C
--        eps_an     theta_bar             a 
-- 0.00015792460 0.01399991048            -1 
--           S_d             b           p_b           S_b 
-- -485.06403516 0.30801272302 0.00826847810 6.69892519425 
--           r 2           r 3           r 4           r 5           r 6           r 7           r 8           r 9          r 10          r 11          r 12          r 13          r 14          r 15          r 16          r 17          r 18          r 19          r 20          r 21          r 22          r 23          r 24          r 25          r 26          r 27          r 28          r 29          r 30          r 31          r 32          r 33          r 34          r 35          r 36          r 37          r 38          r 39          r 40          r 41          r 42          r 43          r 44          r 45          r 46          r 47          r 48          r 49 
-- 0.98941932561 0.96064191515 0.91138919411 0.88401989266 0.90246715299 0.90131329548 0.83929456508 1.00889884482 0.87489683226 0.78299569453 0.84260991349 0.79000493235 0.87513982517 0.79114122905 0.88352742918 0.73924469425 0.87259433614 0.76025725460 0.76889281826 0.79223292924 0.75557097620 0.91462267514 0.78717599062 0.85569659229 0.84593105265 0.72371147642 0.83993577986 0.75450102002 0.86274756491 0.92071729588 0.87945338034 0.86321783094 0.93603652433 0.90083607052 1.23576772871 0.86884820459 1.02924805493 1.07319835331 1.24366707665 1.40187274682 1.26346356991 1.02028305822 1.21748094452 1.62046120689 1.48503526425 2.62460756539 2.53263389954 3.14558370315 

---- Expected P_neut(i), 0 < i < n (neutral SFS per site) 
E[P_neut(1)] = 0.0139978415
E[P_neut(2)] = 0.0069249139
E[P_neut(3)] = 0.0044823824
E[P_neut(4)] = 0.0031894094
E[P_neut(5)] = 0.0024749286
E[P_neut(6)] = 0.0021054719
E[P_neut(7)] = 0.0018023828
E[P_neut(8)] = 0.0014685907
E[P_neut(9)] = 0.0015692159
E[P_neut(10)] = 0.0012247230
E[P_neut(11)] = 0.0009964371
E[P_neut(12)] = 0.0009829433
E[P_neut(13)] = 0.0008506867
E[P_neut(14)] = 0.0008750719
E[P_neut(15)] = 0.0007383341
E[P_neut(16)] = 0.0007730203
E[P_neut(17)] = 0.0006087475
E[P_neut(18)] = 0.0006786337
E[P_neut(19)] = 0.0005601632
E[P_neut(20)] = 0.0005382001
E[P_neut(21)] = 0.0005281260
E[P_neut(22)] = 0.0004808052
E[P_neut(23)] = 0.0005566946
E[P_neut(24)] = 0.0004591825
E[P_neut(25)] = 0.0004791870
E[P_neut(26)] = 0.0004554990
E[P_neut(27)] = 0.0003752841
E[P_neut(28)] = 0.0004199748
E[P_neut(29)] = 0.0003642654
E[P_neut(30)] = 0.0004026344
E[P_neut(31)] = 0.0004158280
E[P_neut(32)] = 0.0003848048
E[P_neut(33)] = 0.0003662496
E[P_neut(34)] = 0.0003854856
E[P_neut(35)] = 0.0003603918
E[P_neut(36)] = 0.0004806356
E[P_neut(37)] = 0.0003288337
E[P_neut(38)] = 0.0003792896
E[P_neut(39)] = 0.0003853448
E[P_neut(40)] = 0.0004354054
E[P_neut(41)] = 0.0004788574
E[P_neut(42)] = 0.0004213173
E[P_neut(43)] = 0.0003324153
E[P_neut(44)] = 0.0003876492
E[P_neut(45)] = 0.0005044515
E[P_neut(46)] = 0.0004523967
E[P_neut(47)] = 0.0007823775
E[P_neut(48)] = 0.0007396573
E[P_neut(49)] = 0.0009008015

---- Expected P_sel(i), 0 < i < n (selected SFS per site) 
E[P_sel(1)] = 0.0060261719
E[P_sel(2)] = 0.0022311117
E[P_sel(3)] = 0.0012469229
E[P_sel(4)] = 0.0008071694
E[P_sel(5)] = 0.0005847247
E[P_sel(6)] = 0.0004714974
E[P_sel(7)] = 0.0003864113
E[P_sel(8)] = 0.0003035480
E[P_sel(9)] = 0.0003143391
E[P_sel(10)] = 0.0002387191
E[P_sel(11)] = 0.0001895916
E[P_sel(12)] = 0.0001830401
E[P_sel(13)] = 0.0001553721
E[P_sel(14)] = 0.0001570447
E[P_sel(15)] = 0.0001304038
E[P_sel(16)] = 0.0001345479
E[P_sel(17)] = 0.0001045421
E[P_sel(18)] = 0.0001151122
E[P_sel(19)] = 0.0000939394
E[P_sel(20)] = 0.0000893107
E[P_sel(21)] = 0.0000867901
E[P_sel(22)] = 0.0000783060
E[P_sel(23)] = 0.0000899160
E[P_sel(24)] = 0.0000736004
E[P_sel(25)] = 0.0000762683
E[P_sel(26)] = 0.0000720324
E[P_sel(27)] = 0.0000590001
E[P_sel(28)] = 0.0000656765
E[P_sel(29)] = 0.0000566946
E[P_sel(30)] = 0.0000624036
E[P_sel(31)] = 0.0000642140
E[P_sel(32)] = 0.0000592409
E[P_sel(33)] = 0.0000562436
E[P_sel(34)] = 0.0000590859
E[P_sel(35)] = 0.0000551699
E[P_sel(36)] = 0.0000735330
E[P_sel(37)] = 0.0000503159
E[P_sel(38)] = 0.0000580884
E[P_sel(39)] = 0.0000591185
E[P_sel(40)] = 0.0000669781
E[P_sel(41)] = 0.0000739378
E[P_sel(42)] = 0.0000653726
E[P_sel(43)] = 0.0000519060
E[P_sel(44)] = 0.0000610030
E[P_sel(45)] = 0.0000801441
E[P_sel(46)] = 0.0000727353
E[P_sel(47)] = 0.0001275972
E[P_sel(48)] = 0.0001228848
E[P_sel(49)] = 0.0001536562

---- alpha_dfe = 0.319301

