---- Running command
---- ./polyDFE -d /home/jejames/CapsellaCrossGenome/norm.exp16_-5.08188747779451_PolyDFE.input -m C -i /home/jejames/CapsellaCrossGenome/model.txt 1 -e 
---- Performing inference using model C

---- Performing inference on /home/jejames/CapsellaCrossGenome/norm.exp16_-5.08188747779451_PolyDFE.input
----      with -i /home/jejames/CapsellaCrossGenome/model.txt 1
---- Data /home/jejames/CapsellaCrossGenome/norm.exp16_-5.08188747779451_PolyDFE.input does not contain divergence counts. Using option -w.
---- No mutation variability. Using Poisson likelihood.


---- Calculating initial values

-- Starting local optimization
-- Optimizing all parameters
  it        eps_an     theta_bar           S_d             b           p_b           S_b           r 2           r 3           r 4           r 5           r 6           r 7           r 8           r 9          r 10          r 11          r 12          r 13          r 14          r 15          r 16          r 17          r 18          r 19          r 20          r 21          r 22          r 23          r 24          r 25          r 26          r 27          r 28          r 29          r 30          r 31          r 32          r 33          r 34          r 35          r 36          r 37          r 38          r 39          r 40          r 41          r 42          r 43          r 44          r 45          r 46          r 47          r 48          r 49           ln lk          grad status 
   0           0.1 0.01593628068        -20000         0.406           0.1            20 0.90810460691 0.93198931260 1.00720589425 0.93798073030 0.84819042992 0.91474374544 0.80576471540 0.94219091571 0.81046069144 0.86656950854 0.89191158610 0.86098291636 0.77645534774 0.69346611610 0.78892397376 0.97587239899 0.89336895797 0.58610638814 0.84851429034 0.81442798154 0.87280382155 1.00744878957 1.19893126062 0.82989231641 0.74309772488 1.02526111246 0.74811756133 0.91806331471 0.96186543599 0.97635818962 1.02858068172 1.23172212776 0.99376568698 0.96065095943 1.18047121690 0.96461824953 1.29835640838 1.37988826815 1.19504493563 1.45065176908 1.61865435997 1.83126872318 2.11610395919 2.52489676949 2.64432029795 3.55040077726 4.32159339324             1 -3119.412928123 45.6626000319   -2 
 794 0.00501672201 0.01420131087 -808.27507143 0.40103736601 0.01067493840 6.05579520613 0.93901027687 0.91171228421 0.95921127156 0.92932041099 0.86431193103 0.86210129059 0.81962668330 0.86824586767 0.79284904596 0.85247622591 0.82922840546 0.83266232522 0.75230618655 0.70340072051 0.75382110270 0.83927773640 0.83600356450 0.67849654459 0.70548540997 0.76547180755 0.82697507661 0.79288704340 1.13291123416 0.70730923333 0.58328559437 0.87890054270 0.64549283484 0.68446297686 0.93052611737 0.81399636270 0.93985273958 0.88123608006 0.87162100146 0.85941045137 1.01432741531 0.78556219251 0.92407873586 1.10743390939 0.86050810024 0.93933752549 1.15263140381 1.43492554455 1.34305347090 1.37766234011 1.28766215013 1.77961197741 1.96994950056 3.48285688149 -302.7730409502 0.00009761314    0 
---- Best joint likelihood found -302.773040950264829 with gradient 0.00010

---- Results for /home/jejames/CapsellaCrossGenome/norm.exp16_-5.08188747779451_PolyDFE.input 
--  Model: C
--        eps_an     theta_bar             a 
-- 0.00501672201 0.01420131087            -1 
--           S_d             b           p_b           S_b 
-- -808.27507143 0.40103736601 0.01067493840 6.05579520613 
--           r 2           r 3           r 4           r 5           r 6           r 7           r 8           r 9          r 10          r 11          r 12          r 13          r 14          r 15          r 16          r 17          r 18          r 19          r 20          r 21          r 22          r 23          r 24          r 25          r 26          r 27          r 28          r 29          r 30          r 31          r 32          r 33          r 34          r 35          r 36          r 37          r 38          r 39          r 40          r 41          r 42          r 43          r 44          r 45          r 46          r 47          r 48          r 49 
-- 0.93901027687 0.91171228421 0.95921127156 0.92932041099 0.86431193103 0.86210129059 0.81962668330 0.86824586767 0.79284904596 0.85247622591 0.82922840546 0.83266232522 0.75230618655 0.70340072051 0.75382110270 0.83927773640 0.83600356450 0.67849654459 0.70548540997 0.76547180755 0.82697507661 0.79288704340 1.13291123416 0.70730923333 0.58328559437 0.87890054270 0.64549283484 0.68446297686 0.93052611737 0.81399636270 0.93985273958 0.88123608006 0.87162100146 0.85941045137 1.01432741531 0.78556219251 0.92407873586 1.10743390939 0.86050810024 0.93933752549 1.15263140381 1.43492554455 1.34305347090 1.37766234011 1.28766215013 1.77961197741 1.96994950056 3.48285688149 

---- Expected P_neut(i), 0 < i < n (neutral SFS per site) 
E[P_neut(1)] = 0.0141351308
E[P_neut(2)] = 0.0066370629
E[P_neut(3)] = 0.0042968828
E[P_neut(4)] = 0.0033904242
E[P_neut(5)] = 0.0026284530
E[P_neut(6)] = 0.0020376389
E[P_neut(7)] = 0.0017425987
E[P_neut(8)] = 0.0014496277
E[P_neut(9)] = 0.0013647847
E[P_neut(10)] = 0.0011218337
E[P_neut(11)] = 0.0010970727
E[P_neut(12)] = 0.0009781536
E[P_neut(13)] = 0.0009065568
E[P_neut(14)] = 0.0007613028
E[P_neut(15)] = 0.0006643560
E[P_neut(16)] = 0.0006675478
E[P_neut(17)] = 0.0006994937
E[P_neut(18)] = 0.0006583584
E[P_neut(19)] = 0.0005064603
E[P_neut(20)] = 0.0005006376
E[P_neut(21)] = 0.0005167371
E[P_neut(22)] = 0.0005327885
E[P_neut(23)] = 0.0004894299
E[P_neut(24)] = 0.0006686029
E[P_neut(25)] = 0.0004017887
E[P_neut(26)] = 0.0003203578
E[P_neut(27)] = 0.0004624161
E[P_neut(28)] = 0.0003284229
E[P_neut(29)] = 0.0003360972
E[P_neut(30)] = 0.0004407930
E[P_neut(31)] = 0.0003735707
E[P_neut(32)] = 0.0004183146
E[P_neut(33)] = 0.0003808483
E[P_neut(34)] = 0.0003655937
E[P_neut(35)] = 0.0003502988
E[P_neut(36)] = 0.0004019538
E[P_neut(37)] = 0.0003045645
E[P_neut(38)] = 0.0003485361
E[P_neut(39)] = 0.0004067550
E[P_neut(40)] = 0.0003096245
E[P_neut(41)] = 0.0003306024
E[P_neut(42)] = 0.0003950792
E[P_neut(43)] = 0.0004802997
E[P_neut(44)] = 0.0004415682
E[P_neut(45)] = 0.0004458297
E[P_neut(46)] = 0.0004126226
E[P_neut(47)] = 0.0005566734
E[P_neut(48)] = 0.0006133561
E[P_neut(49)] = 0.0010755910

---- Expected P_sel(i), 0 < i < n (selected SFS per site) 
E[P_sel(1)] = 0.0044709007
E[P_sel(2)] = 0.0014178088
E[P_sel(3)] = 0.0007574023
E[P_sel(4)] = 0.0005293726
E[P_sel(5)] = 0.0003761921
E[P_sel(6)] = 0.0002727317
E[P_sel(7)] = 0.0002209884
E[P_sel(8)] = 0.0001757939
E[P_sel(9)] = 0.0001593463
E[P_sel(10)] = 0.0001267589
E[P_sel(11)] = 0.0001204597
E[P_sel(12)] = 0.0001047320
E[P_sel(13)] = 0.0000949203
E[P_sel(14)] = 0.0000781260
E[P_sel(15)] = 0.0000669674
E[P_sel(16)] = 0.0000662138
E[P_sel(17)] = 0.0000683837
E[P_sel(18)] = 0.0000635245
E[P_sel(19)] = 0.0000482951
E[P_sel(20)] = 0.0000472366
E[P_sel(21)] = 0.0000482996
E[P_sel(22)] = 0.0000493826
E[P_sel(23)] = 0.0000450260
E[P_sel(24)] = 0.0000611134
E[P_sel(25)] = 0.0000365202
E[P_sel(26)] = 0.0000289839
E[P_sel(27)] = 0.0000416747
E[P_sel(28)] = 0.0000295139
E[P_sel(29)] = 0.0000301408
E[P_sel(30)] = 0.0000394782
E[P_sel(31)] = 0.0000334492
E[P_sel(32)] = 0.0000374814
E[P_sel(33)] = 0.0000341822
E[P_sel(34)] = 0.0000328979
E[P_sel(35)] = 0.0000316379
E[P_sel(36)] = 0.0000364767
E[P_sel(37)] = 0.0000278269
E[P_sel(38)] = 0.0000320756
E[P_sel(39)] = 0.0000377600
E[P_sel(40)] = 0.0000290704
E[P_sel(41)] = 0.0000314400
E[P_sel(42)] = 0.0000380883
E[P_sel(43)] = 0.0000470687
E[P_sel(44)] = 0.0000441797
E[P_sel(45)] = 0.0000457348
E[P_sel(46)] = 0.0000437284
E[P_sel(47)] = 0.0000609240
E[P_sel(48)] = 0.0000710929
E[P_sel(49)] = 0.0001378340

---- alpha_dfe = 0.535315

