---- Running command
---- ./polyDFE -d /home/jejames/CapsellaCrossGenome/norm.exp7_-6.8032808872704_PolyDFE.input -m C -i /home/jejames/CapsellaCrossGenome/model.txt 1 -e 
---- Performing inference using model C

---- Performing inference on /home/jejames/CapsellaCrossGenome/norm.exp7_-6.8032808872704_PolyDFE.input
----      with -i /home/jejames/CapsellaCrossGenome/model.txt 1
---- Data /home/jejames/CapsellaCrossGenome/norm.exp7_-6.8032808872704_PolyDFE.input does not contain divergence counts. Using option -w.
---- No mutation variability. Using Poisson likelihood.


---- Calculating initial values

-- Starting local optimization
-- Optimizing all parameters
  it        eps_an     theta_bar           S_d             b           p_b           S_b           r 2           r 3           r 4           r 5           r 6           r 7           r 8           r 9          r 10          r 11          r 12          r 13          r 14          r 15          r 16          r 17          r 18          r 19          r 20          r 21          r 22          r 23          r 24          r 25          r 26          r 27          r 28          r 29          r 30          r 31          r 32          r 33          r 34          r 35          r 36          r 37          r 38          r 39          r 40          r 41          r 42          r 43          r 44          r 45          r 46          r 47          r 48          r 49           ln lk          grad status 
   0           0.1 0.01658733667        -80000         0.208           0.1            20 0.87527114967 0.92128912302 0.78679888441 0.82584443755 0.87294700960 0.86334056399 0.88689185001 0.89107530213 0.73752711496 0.81298419584 0.93709327548 0.90943600867 0.81019522776 0.74837310195 0.94700960644 0.84815618221 0.78370003098 0.65649209792 0.74217539510 0.83297180043 0.70901766346 0.94081189959 0.76417725441 0.77471335605 0.68283235202 0.90362565850 1.00650759219 0.82677409358 1.09466997211 0.99426712116 1.03625658506 1.11465757669 1.04307406259 0.96529284164 0.90083669042 1.05198326619 1.27176944530 1.52881933684 1.26433219708 1.46746203904 1.55856832971 1.89215990083 1.71118686086 1.63154632785 2.17740935853 3.18964982956 4.61481251936             1 -3163.609000547 44.3029733163   -2 
 382 0.00725131746 0.01489188351 -798.10033690 0.25830947216 0.00023381050 0.86969572527 0.87353135279 0.85849980239 0.82033103349 0.81875526918 0.80044255982 0.84161503525 0.86124652865 0.87189663432 0.87812929131 0.83780235149 0.91853476599 0.87190478386 0.77145912597 0.77474802575 0.75209701398 0.74465166332 0.68797623240 0.62584838461 0.66198734651 0.79787503573 0.59518752405 0.69734716137 0.66457041092 0.67496707718 0.72515402951 0.90720420358 0.86535220681 0.75548027584 0.84605766145 0.88930618421 0.82758598372 0.78677002254 0.70013430805 0.80717558277 0.74201582839 0.80653390371 0.76510046519 1.04566845802 1.03597009895 1.01000634909 1.06714900701 1.25193711146 0.92725623097 0.78388136411 1.18738301236 1.70496318440 2.01423906374 2.62233227689 -318.8385354515 0.00372730115   -8 
-- Local optimization: reached maximum number of likelihood evaluations allowed.
---- Best joint likelihood found -318.838535451528628 with gradient 0.00373

---- Results for /home/jejames/CapsellaCrossGenome/norm.exp7_-6.8032808872704_PolyDFE.input 
--  Model: C
--        eps_an     theta_bar             a 
-- 0.00725131746 0.01489188351            -1 
--           S_d             b           p_b           S_b 
-- -798.10033690 0.25830947216 0.00023381050 0.86969572527 
--           r 2           r 3           r 4           r 5           r 6           r 7           r 8           r 9          r 10          r 11          r 12          r 13          r 14          r 15          r 16          r 17          r 18          r 19          r 20          r 21          r 22          r 23          r 24          r 25          r 26          r 27          r 28          r 29          r 30          r 31          r 32          r 33          r 34          r 35          r 36          r 37          r 38          r 39          r 40          r 41          r 42          r 43          r 44          r 45          r 46          r 47          r 48          r 49 
-- 0.87353135279 0.85849980239 0.82033103349 0.81875526918 0.80044255982 0.84161503525 0.86124652865 0.87189663432 0.87812929131 0.83780235149 0.91853476599 0.87190478386 0.77145912597 0.77474802575 0.75209701398 0.74465166332 0.68797623240 0.62584838461 0.66198734651 0.79787503573 0.59518752405 0.69734716137 0.66457041092 0.67496707718 0.72515402951 0.90720420358 0.86535220681 0.75548027584 0.84605766145 0.88930618421 0.82758598372 0.78677002254 0.70013430805 0.80717558277 0.74201582839 0.80653390371 0.76510046519 1.04566845802 1.03597009895 1.01000634909 1.06714900701 1.25193711146 0.92725623097 0.78388136411 1.18738301236 1.70496318440 2.01423906374 2.62233227689 

---- Expected P_neut(i), 0 < i < n (neutral SFS per site) 
E[P_neut(1)] = 0.0147896768
E[P_neut(2)] = 0.0064616305
E[P_neut(3)] = 0.0042345750
E[P_neut(4)] = 0.0030347099
E[P_neut(5)] = 0.0024227599
E[P_neut(6)] = 0.0019745525
E[P_neut(7)] = 0.0017806226
E[P_neut(8)] = 0.0015943163
E[P_neut(9)] = 0.0014348858
E[P_neut(10)] = 0.0013010141
E[P_neut(11)] = 0.0011288939
E[P_neut(12)] = 0.0011338012
E[P_neut(13)] = 0.0009939040
E[P_neut(14)] = 0.0008168810
E[P_neut(15)] = 0.0007660768
E[P_neut(16)] = 0.0006971565
E[P_neut(17)] = 0.0006501542
E[P_neut(18)] = 0.0005678466
E[P_neut(19)] = 0.0004900704
E[P_neut(20)] = 0.0004923831
E[P_neut(21)] = 0.0005645133
E[P_neut(22)] = 0.0004033006
E[P_neut(23)] = 0.0004518679
E[P_neut(24)] = 0.0004123843
E[P_neut(25)] = 0.0004020612
E[P_neut(26)] = 0.0004153211
E[P_neut(27)] = 0.0005000153
E[P_neut(28)] = 0.0004598242
E[P_neut(29)] = 0.0003892388
E[P_neut(30)] = 0.0004205086
E[P_neut(31)] = 0.0004276670
E[P_neut(32)] = 0.0003864694
E[P_neut(33)] = 0.0003572006
E[P_neut(34)] = 0.0003095088
E[P_neut(35)] = 0.0003465261
E[P_neut(36)] = 0.0003106695
E[P_neut(37)] = 0.0003295051
E[P_neut(38)] = 0.0003059280
E[P_neut(39)] = 0.0004046107
E[P_neut(40)] = 0.0003923744
E[P_neut(41)] = 0.0003746524
E[P_neut(42)] = 0.0003872591
E[P_neut(43)] = 0.0004434137
E[P_neut(44)] = 0.0003259620
E[P_neut(45)] = 0.0002752122
E[P_neut(46)] = 0.0004037580
E[P_neut(47)] = 0.0005671998
E[P_neut(48)] = 0.0006675458
E[P_neut(49)] = 0.0008991754

---- Expected P_sel(i), 0 < i < n (selected SFS per site) 
E[P_sel(1)] = 0.0061444037
E[P_sel(2)] = 0.0020717232
E[P_sel(3)] = 0.0011949010
E[P_sel(4)] = 0.0007886974
E[P_sel(5)] = 0.0005929365
E[P_sel(6)] = 0.0004609229
E[P_sel(7)] = 0.0003998181
E[P_sel(8)] = 0.0003464929
E[P_sel(9)] = 0.0003031551
E[P_sel(10)] = 0.0002681126
E[P_sel(11)] = 0.0002275289
E[P_sel(12)] = 0.0002240383
E[P_sel(13)] = 0.0001928436
E[P_sel(14)] = 0.0001558706
E[P_sel(15)] = 0.0001439367
E[P_sel(16)] = 0.0001291361
E[P_sel(17)] = 0.0001188279
E[P_sel(18)] = 0.0001024905
E[P_sel(19)] = 0.0000874134
E[P_sel(20)] = 0.0000868660
E[P_sel(21)] = 0.0000985674
E[P_sel(22)] = 0.0000697134
E[P_sel(23)] = 0.0000773810
E[P_sel(24)] = 0.0000699922
E[P_sel(25)] = 0.0000676592
E[P_sel(26)] = 0.0000693210
E[P_sel(27)] = 0.0000828031
E[P_sel(28)] = 0.0000755742
E[P_sel(29)] = 0.0000635292
E[P_sel(30)] = 0.0000681476
E[P_sel(31)] = 0.0000688436
E[P_sel(32)] = 0.0000618299
E[P_sel(33)] = 0.0000568166
E[P_sel(34)] = 0.0000489670
E[P_sel(35)] = 0.0000545120
E[P_sel(36)] = 0.0000486394
E[P_sel(37)] = 0.0000513594
E[P_sel(38)] = 0.0000475197
E[P_sel(39)] = 0.0000624352
E[P_sel(40)] = 0.0000603560
E[P_sel(41)] = 0.0000574769
E[P_sel(42)] = 0.0000592468
E[P_sel(43)] = 0.0000675950
E[P_sel(44)] = 0.0000499583
E[P_sel(45)] = 0.0000426652
E[P_sel(46)] = 0.0000623087
E[P_sel(47)] = 0.0000878464
E[P_sel(48)] = 0.0001062600
E[P_sel(49)] = 0.0001606064

---- alpha_dfe = 0.002494

