---- Running command
---- ./polyDFE -d /home/jejames/CapsellaCrossGenome/norm.exp10_-6.13772280966613_PolyDFE.input -m C -i /home/jejames/CapsellaCrossGenome/model.txt 1 -e 
---- Performing inference using model C

---- Performing inference on /home/jejames/CapsellaCrossGenome/norm.exp10_-6.13772280966613_PolyDFE.input
----      with -i /home/jejames/CapsellaCrossGenome/model.txt 1
---- Data /home/jejames/CapsellaCrossGenome/norm.exp10_-6.13772280966613_PolyDFE.input does not contain divergence counts. Using option -w.
---- No mutation variability. Using Poisson likelihood.


---- Calculating initial values

-- Starting local optimization
-- Optimizing all parameters
  it        eps_an     theta_bar           S_d             b           p_b           S_b           r 2           r 3           r 4           r 5           r 6           r 7           r 8           r 9          r 10          r 11          r 12          r 13          r 14          r 15          r 16          r 17          r 18          r 19          r 20          r 21          r 22          r 23          r 24          r 25          r 26          r 27          r 28          r 29          r 30          r 31          r 32          r 33          r 34          r 35          r 36          r 37          r 38          r 39          r 40          r 41          r 42          r 43          r 44          r 45          r 46          r 47          r 48          r 49           ln lk          grad status 
   0           0.1 0.01612871481        -20000         0.406           0.1            20 0.91687004270 0.85135753508 0.79469188529 0.93197071384 0.96003660768 0.88781269066 0.88163514338 0.79553081147 0.86866992068 0.73489932885 0.73672971323 0.93791946308 0.67800488102 0.79164124466 0.75533862111 0.66381940207 0.71659548505 0.87812690665 0.76418547895 0.85044234289 0.76006711409 0.69813910921 0.70469798657 0.85799267846 0.84273947528 0.78660768761 0.84777303233 1.01517693715 0.61546674801 0.78965832824 0.72727272727 0.92617449664 0.96201952410 1.24923733984 1.19432580841 1.22467968273 0.82596095179 1.55857230018 1.25381330079 1.34769676632 1.42541183648 1.59708663819 1.88590604026 1.90817571690 2.54347162904 2.75648261134 3.87675411836             1 -3083.472822718 32.7009882644   -2 
1011 0.00034042438 0.01433116194 -882.36568787 0.31749091942 0.00916015464 7.05365620532 0.89824061999 0.86454754436 0.84995418544 0.89074236189 0.93342575681 0.86820829884 0.90259416148 0.77068977392 0.84960771281 0.74850367105 0.72374898986 0.79538143011 0.61420166709 0.72569534763 0.79194941049 0.62683514565 0.75970964911 0.77229232089 0.68570572588 0.72228789996 0.67248293675 0.61431652837 0.53718376683 0.70378873927 0.71047770566 0.63170570661 0.73027573938 0.82149706436 0.47833308000 0.57709878395 0.69539731086 0.84921375039 0.82952061375 1.00897968118 1.00531866925 0.98293624671 0.78956278047 1.17079419438 0.93346986205 1.20676008102 0.82684575221 1.03080437901 1.06850028465 1.14454811297 1.47772248851 1.17577762907 1.44790867178 2.42008815735 -305.9870603018 0.00044341048   -8 
-- Local optimization: reached maximum number of likelihood evaluations allowed.
---- Best joint likelihood found -305.987060301888391 with gradient 0.00044

---- Results for /home/jejames/CapsellaCrossGenome/norm.exp10_-6.13772280966613_PolyDFE.input 
--  Model: C
--        eps_an     theta_bar             a 
-- 0.00034042438 0.01433116194            -1 
--           S_d             b           p_b           S_b 
-- -882.36568787 0.31749091942 0.00916015464 7.05365620532 
--           r 2           r 3           r 4           r 5           r 6           r 7           r 8           r 9          r 10          r 11          r 12          r 13          r 14          r 15          r 16          r 17          r 18          r 19          r 20          r 21          r 22          r 23          r 24          r 25          r 26          r 27          r 28          r 29          r 30          r 31          r 32          r 33          r 34          r 35          r 36          r 37          r 38          r 39          r 40          r 41          r 42          r 43          r 44          r 45          r 46          r 47          r 48          r 49 
-- 0.89824061999 0.86454754436 0.84995418544 0.89074236189 0.93342575681 0.86820829884 0.90259416148 0.77068977392 0.84960771281 0.74850367105 0.72374898986 0.79538143011 0.61420166709 0.72569534763 0.79194941049 0.62683514565 0.75970964911 0.77229232089 0.68570572588 0.72228789996 0.67248293675 0.61431652837 0.53718376683 0.70378873927 0.71047770566 0.63170570661 0.73027573938 0.82149706436 0.47833308000 0.57709878395 0.69539731086 0.84921375039 0.82952061375 1.00897968118 1.00531866925 0.98293624671 0.78956278047 1.17079419438 0.93346986205 1.20676008102 0.82684575221 1.03080437901 1.06850028465 1.14454811297 1.47772248851 1.17577762907 1.44790867178 2.42008815735 

---- Expected P_neut(i), 0 < i < n (neutral SFS per site) 
E[P_neut(1)] = 0.0143265242
E[P_neut(2)] = 0.0064343719
E[P_neut(3)] = 0.0041287064
E[P_neut(4)] = 0.0030443278
E[P_neut(5)] = 0.0025523296
E[P_neut(6)] = 0.0022288721
E[P_neut(7)] = 0.0017770024
E[P_neut(8)] = 0.0016164485
E[P_neut(9)] = 0.0012269347
E[P_neut(10)] = 0.0012172859
E[P_neut(11)] = 0.0009749897
E[P_neut(12)] = 0.0008641541
E[P_neut(13)] = 0.0008766573
E[P_neut(14)] = 0.0006286525
E[P_neut(15)] = 0.0006932418
E[P_neut(16)] = 0.0007092248
E[P_neut(17)] = 0.0005283737
E[P_neut(18)] = 0.0006047624
E[P_neut(19)] = 0.0005824107
E[P_neut(20)] = 0.0004912585
E[P_neut(21)] = 0.0004928859
E[P_neut(22)] = 0.0004380446
E[P_neut(23)] = 0.0003827608
E[P_neut(24)] = 0.0003207936
E[P_neut(25)] = 0.0004034444
E[P_neut(26)] = 0.0003915902
E[P_neut(27)] = 0.0003353153
E[P_neut(28)] = 0.0003737969
E[P_neut(29)] = 0.0004059954
E[P_neut(30)] = 0.0002285918
E[P_neut(31)] = 0.0002668977
E[P_neut(32)] = 0.0003115327
E[P_neut(33)] = 0.0003688489
E[P_neut(34)] = 0.0003497693
E[P_neut(35)] = 0.0004132340
E[P_neut(36)] = 0.0004002829
E[P_neut(37)] = 0.0003808883
E[P_neut(38)] = 0.0002979653
E[P_neut(39)] = 0.0004304122
E[P_neut(40)] = 0.0003347433
E[P_neut(41)] = 0.0004220857
E[P_neut(42)] = 0.0002825892
E[P_neut(43)] = 0.0003440376
E[P_neut(44)] = 0.0003486598
E[P_neut(45)] = 0.0003652496
E[P_neut(46)] = 0.0004612599
E[P_neut(47)] = 0.0003598001
E[P_neut(48)] = 0.0004343401
E[P_neut(49)] = 0.0007124474

---- Expected P_sel(i), 0 < i < n (selected SFS per site) 
E[P_sel(1)] = 0.0051656138
E[P_sel(2)] = 0.0016955309
E[P_sel(3)] = 0.0009339496
E[P_sel(4)] = 0.0006249096
E[P_sel(5)] = 0.0004884094
E[P_sel(6)] = 0.0004039236
E[P_sel(7)] = 0.0003081374
E[P_sel(8)] = 0.0002701542
E[P_sel(9)] = 0.0001986979
E[P_sel(10)] = 0.0001918196
E[P_sel(11)] = 0.0001499868
E[P_sel(12)] = 0.0001301276
E[P_sel(13)] = 0.0001295086
E[P_sel(14)] = 0.0000912830
E[P_sel(15)] = 0.0000991030
E[P_sel(16)] = 0.0000999601
E[P_sel(17)] = 0.0000735132
E[P_sel(18)] = 0.0000831540
E[P_sel(19)] = 0.0000792212
E[P_sel(20)] = 0.0000661665
E[P_sel(21)] = 0.0000657900
E[P_sel(22)] = 0.0000579919
E[P_sel(23)] = 0.0000502967
E[P_sel(24)] = 0.0000418708
E[P_sel(25)] = 0.0000523410
E[P_sel(26)] = 0.0000505303
E[P_sel(27)] = 0.0000430646
E[P_sel(28)] = 0.0000478112
E[P_sel(29)] = 0.0000517514
E[P_sel(30)] = 0.0000290577
E[P_sel(31)] = 0.0000338552
E[P_sel(32)] = 0.0000394602
E[P_sel(33)] = 0.0000466855
E[P_sel(34)] = 0.0000442725
E[P_sel(35)] = 0.0000523473
E[P_sel(36)] = 0.0000507905
E[P_sel(37)] = 0.0000484558
E[P_sel(38)] = 0.0000380434
E[P_sel(39)] = 0.0000552086
E[P_sel(40)] = 0.0000431950
E[P_sel(41)] = 0.0000548588
E[P_sel(42)] = 0.0000370626
E[P_sel(43)] = 0.0000455999
E[P_sel(44)] = 0.0000468074
E[P_sel(45)] = 0.0000497838
E[P_sel(46)] = 0.0000640084
E[P_sel(47)] = 0.0000510721
E[P_sel(48)] = 0.0000634021
E[P_sel(49)] = 0.0001083274

---- alpha_dfe = 0.411042

