---- Running command
---- ./polyDFE -d /home/jejames/CapsellaCrossGenome/norm.exp6_-7.08773068136708_PolyDFE.input -m C -i /home/jejames/CapsellaCrossGenome/model.txt 1 -e 
---- Performing inference using model C

---- Performing inference on /home/jejames/CapsellaCrossGenome/norm.exp6_-7.08773068136708_PolyDFE.input
----      with -i /home/jejames/CapsellaCrossGenome/model.txt 1
---- Data /home/jejames/CapsellaCrossGenome/norm.exp6_-7.08773068136708_PolyDFE.input does not contain divergence counts. Using option -w.
---- No mutation variability. Using Poisson likelihood.


---- Calculating initial values

-- Starting local optimization
-- Optimizing all parameters
  it        eps_an     theta_bar           S_d             b           p_b           S_b           r 2           r 3           r 4           r 5           r 6           r 7           r 8           r 9          r 10          r 11          r 12          r 13          r 14          r 15          r 16          r 17          r 18          r 19          r 20          r 21          r 22          r 23          r 24          r 25          r 26          r 27          r 28          r 29          r 30          r 31          r 32          r 33          r 34          r 35          r 36          r 37          r 38          r 39          r 40          r 41          r 42          r 43          r 44          r 45          r 46          r 47          r 48          r 49           ln lk          grad status 
   0           0.1 0.01619377162        -80000         0.208           0.1            20 1.00246548323 0.94304733727 0.83826429980 0.91839250493 0.88708086785 1.06944444444 0.89677843524 0.92381656804 0.79059829059 0.80456936226 0.62919132149 1.02564102564 0.87787639710 0.99482248520 0.85996055226 0.71112754766 0.95710059171 0.72452333990 0.96975673898 1.02687376725 0.84253780407 0.95455292570 0.85404339250 1.02728468113 0.80555555555 1.03180473372 0.99868507560 0.94140368178 1.06015779092 0.85601577909 1.00723208415 0.92480276134 1.24621959237 1.33177186061 1.38165680473 0.97304404996 1.44280078895 1.05769230769 1.11111111111 1.75550624589 1.78106508875 2.30054240631 2.42636423405 2.20044378698 2.68408941485 3.18663708086 4.77712031558             1 -3153.748003981 49.7850413499   -2 
1675 0.00147521936 0.01449677399 -788.98434901 0.27977527045 0.00544251978 13.9325750566 0.95522653857 0.92438287473 0.85926767585 0.93289226549 0.93020815039 0.97226799592 0.92015213302 0.89267979440 0.79563668813 0.83970482068 0.64045851248 0.92390425018 0.76446455842 0.91820762532 0.78395393634 0.70158596349 0.89889839564 0.72687833657 0.86218843070 0.84583684289 0.74713389856 0.81350726320 0.71633454783 0.78075174639 0.74619296333 0.81181764354 0.88042775443 0.79897358659 0.88040720089 0.74773428081 0.87079529304 0.68138563325 0.97177100242 0.87667227014 1.04507226790 0.81174127207 1.13587181354 0.90535978838 0.94446805859 1.30681172029 1.15017841109 1.67761794007 1.74546949151 1.26682790272 1.73432508616 1.56480852325 1.99413214884 2.82947612319 -312.3760668071 0.00061011457   -8 
-- Local optimization: reached maximum number of likelihood evaluations allowed.
---- Best joint likelihood found -312.376066807125028 with gradient 0.00061

---- Results for /home/jejames/CapsellaCrossGenome/norm.exp6_-7.08773068136708_PolyDFE.input 
--  Model: C
--        eps_an     theta_bar             a 
-- 0.00147521936 0.01449677399            -1 
--           S_d             b           p_b           S_b 
-- -788.98434901 0.27977527045 0.00544251978 13.9325750566 
--           r 2           r 3           r 4           r 5           r 6           r 7           r 8           r 9          r 10          r 11          r 12          r 13          r 14          r 15          r 16          r 17          r 18          r 19          r 20          r 21          r 22          r 23          r 24          r 25          r 26          r 27          r 28          r 29          r 30          r 31          r 32          r 33          r 34          r 35          r 36          r 37          r 38          r 39          r 40          r 41          r 42          r 43          r 44          r 45          r 46          r 47          r 48          r 49 
-- 0.95522653857 0.92438287473 0.85926767585 0.93289226549 0.93020815039 0.97226799592 0.92015213302 0.89267979440 0.79563668813 0.83970482068 0.64045851248 0.92390425018 0.76446455842 0.91820762532 0.78395393634 0.70158596349 0.89889839564 0.72687833657 0.86218843070 0.84583684289 0.74713389856 0.81350726320 0.71633454783 0.78075174639 0.74619296333 0.81181764354 0.88042775443 0.79897358659 0.88040720089 0.74773428081 0.87079529304 0.68138563325 0.97177100242 0.87667227014 1.04507226790 0.81174127207 1.13587181354 0.90535978838 0.94446805859 1.30681172029 1.15017841109 1.67761794007 1.74546949151 1.26682790272 1.73432508616 1.56480852325 1.99413214884 2.82947612319 

---- Expected P_neut(i), 0 < i < n (neutral SFS per site) 
E[P_neut(1)] = 0.0144766230
E[P_neut(2)] = 0.0069145259
E[P_neut(3)] = 0.0044609790
E[P_neut(4)] = 0.0031103646
E[P_neut(5)] = 0.0027013976
E[P_neut(6)] = 0.0022450357
E[P_neut(7)] = 0.0020113996
E[P_neut(8)] = 0.0016655306
E[P_neut(9)] = 0.0014364468
E[P_neut(10)] = 0.0011522199
E[P_neut(11)] = 0.0011055013
E[P_neut(12)] = 0.0007732130
E[P_neut(13)] = 0.0010292286
E[P_neut(14)] = 0.0007910438
E[P_neut(15)] = 0.0008866298
E[P_neut(16)] = 0.0007098636
E[P_neut(17)] = 0.0005978374
E[P_neut(18)] = 0.0007234655
E[P_neut(19)] = 0.0005542972
E[P_neut(20)] = 0.0006246532
E[P_neut(21)] = 0.0005836281
E[P_neut(22)] = 0.0004922658
E[P_neut(23)] = 0.0005126358
E[P_neut(24)] = 0.0004326646
E[P_neut(25)] = 0.0004527353
E[P_neut(26)] = 0.0004160780
E[P_neut(27)] = 0.0004359925
E[P_neut(28)] = 0.0004558882
E[P_neut(29)] = 0.0003996701
E[P_neut(30)] = 0.0004257298
E[P_neut(31)] = 0.0003499712
E[P_neut(32)] = 0.0003949774
E[P_neut(33)] = 0.0002997711
E[P_neut(34)] = 0.0004147762
E[P_neut(35)] = 0.0003638854
E[P_neut(36)] = 0.0004213852
E[P_neut(37)] = 0.0003190948
E[P_neut(38)] = 0.0004338305
E[P_neut(39)] = 0.0003376693
E[P_neut(40)] = 0.0003434901
E[P_neut(41)] = 0.0004635019
E[P_neut(42)] = 0.0003988712
E[P_neut(43)] = 0.0005677186
E[P_neut(44)] = 0.0005775507
E[P_neut(45)] = 0.0004114974
E[P_neut(46)] = 0.0005503556
E[P_neut(47)] = 0.0004885302
E[P_neut(48)] = 0.0006115858
E[P_neut(49)] = 0.0008572587

---- Expected P_sel(i), 0 < i < n (selected SFS per site) 
E[P_sel(1)] = 0.0057925504
E[P_sel(2)] = 0.0020982367
E[P_sel(3)] = 0.0011817412
E[P_sel(4)] = 0.0007552057
E[P_sel(5)] = 0.0006156736
E[P_sel(6)] = 0.0004870003
E[P_sel(7)] = 0.0004191140
E[P_sel(8)] = 0.0003355203
E[P_sel(9)] = 0.0002810871
E[P_sel(10)] = 0.0002198281
E[P_sel(11)] = 0.0002062369
E[P_sel(12)] = 0.0001413741
E[P_sel(13)] = 0.0001848237
E[P_sel(14)] = 0.0001397326
E[P_sel(15)] = 0.0001542921
E[P_sel(16)] = 0.0001218419
E[P_sel(17)] = 0.0001013257
E[P_sel(18)] = 0.0001211948
E[P_sel(19)] = 0.0000918581
E[P_sel(20)] = 0.0001024876
E[P_sel(21)] = 0.0000948736
E[P_sel(22)] = 0.0000793368
E[P_sel(23)] = 0.0000819661
E[P_sel(24)] = 0.0000686728
E[P_sel(25)] = 0.0000713733
E[P_sel(26)] = 0.0000651877
E[P_sel(27)] = 0.0000679212
E[P_sel(28)] = 0.0000706558
E[P_sel(29)] = 0.0000616593
E[P_sel(30)] = 0.0000654127
E[P_sel(31)] = 0.0000535840
E[P_sel(32)] = 0.0000602985
E[P_sel(33)] = 0.0000456575
E[P_sel(34)] = 0.0000630615
E[P_sel(35)] = 0.0000552748
E[P_sel(36)] = 0.0000639819
E[P_sel(37)] = 0.0000484931
E[P_sel(38)] = 0.0000659984
E[P_sel(39)] = 0.0000515225
E[P_sel(40)] = 0.0000526087
E[P_sel(41)] = 0.0000713505
E[P_sel(42)] = 0.0000618543
E[P_sel(43)] = 0.0000888066
E[P_sel(44)] = 0.0000914150
E[P_sel(45)] = 0.0000662270
E[P_sel(46)] = 0.0000902987
E[P_sel(47)] = 0.0000825908
E[P_sel(48)] = 0.0001079758
E[P_sel(49)] = 0.0001658749

---- alpha_dfe = 0.378043

