---- Running command
---- ./polyDFE -d /home/jejames/CapsellaCrossGenome/norm.exp5_-7.42540856065444_PolyDFE.input -m C -i /home/jejames/CapsellaCrossGenome/model.txt 1 -e 
---- Performing inference using model C

---- Performing inference on /home/jejames/CapsellaCrossGenome/norm.exp5_-7.42540856065444_PolyDFE.input
----      with -i /home/jejames/CapsellaCrossGenome/model.txt 1
---- Data /home/jejames/CapsellaCrossGenome/norm.exp5_-7.42540856065444_PolyDFE.input does not contain divergence counts. Using option -w.
---- No mutation variability. Using Poisson likelihood.


---- Calculating initial values

-- Starting local optimization
-- Optimizing all parameters
  it        eps_an     theta_bar           S_d             b           p_b           S_b           r 2           r 3           r 4           r 5           r 6           r 7           r 8           r 9          r 10          r 11          r 12          r 13          r 14          r 15          r 16          r 17          r 18          r 19          r 20          r 21          r 22          r 23          r 24          r 25          r 26          r 27          r 28          r 29          r 30          r 31          r 32          r 33          r 34          r 35          r 36          r 37          r 38          r 39          r 40          r 41          r 42          r 43          r 44          r 45          r 46          r 47          r 48          r 49           ln lk          grad status 
   0           0.1 0.01575356589        -80000         0.208           0.1            20 0.92856572751 0.85505626945 0.89360683214 0.95937425173 0.85864793678 0.80062255567 0.79942533322 1.13712187724 0.77580014366 1.00087796312 0.98938462766 0.89336738766 0.84252534120 0.68720568281 0.73557346955 0.65264586160 0.92665017160 0.82951552398 0.72791124590 0.82632293080 0.77611940298 0.93072072791 0.68385345997 0.93782424774 1.02306648575 1.04086519275 0.66597493814 1.01149333546 1.01524463245 0.89815627743 1.34088913720 1.07726075504 1.04206241519 1.24590948998 1.10910687205 1.14877484236 1.26474578976 1.30736690877 1.36642988267 1.59366270253 1.83701811796 1.98028573709 2.16681299385 2.42796711629 2.90414238965 2.92226035597 4.72376087477             1 -3313.103194508 45.1467331379   -2 
 934 0.00590334923 0.01407759461 -566.66839496 0.27625023544 0.00006165552 0.34500526741 0.89901445314 0.89824265684 0.87051836749 0.91880109337 0.86954218104 0.84715960864 0.83584978747 0.98135031641 0.81862161234 0.92327783663 0.92515684700 0.78955958381 0.74784038924 0.71815822116 0.71465946979 0.60807603886 0.79843044917 0.81799747158 0.66217584888 0.74083271801 0.82616181270 0.79033513958 0.58986190721 0.89677760799 0.92706670247 0.90817064646 0.65094733700 0.99395599038 0.85468986650 0.76576891144 1.13212722531 0.84946585816 0.86101575620 1.06756151027 0.83705535497 0.89224445664 0.83267087450 0.87127611553 0.98240264396 1.01890800180 1.21200365458 1.36832623751 1.35658819105 1.56997914495 1.55794049067 1.52989744381 1.99008465056 2.90683670588 -310.7621629185 0.00031572314   -8 
-- Local optimization: reached maximum number of likelihood evaluations allowed.
---- Best joint likelihood found -310.762162918504487 with gradient 0.00032

---- Results for /home/jejames/CapsellaCrossGenome/norm.exp5_-7.42540856065444_PolyDFE.input 
--  Model: C
--        eps_an     theta_bar             a 
-- 0.00590334923 0.01407759461            -1 
--           S_d             b           p_b           S_b 
-- -566.66839496 0.27625023544 0.00006165552 0.34500526741 
--           r 2           r 3           r 4           r 5           r 6           r 7           r 8           r 9          r 10          r 11          r 12          r 13          r 14          r 15          r 16          r 17          r 18          r 19          r 20          r 21          r 22          r 23          r 24          r 25          r 26          r 27          r 28          r 29          r 30          r 31          r 32          r 33          r 34          r 35          r 36          r 37          r 38          r 39          r 40          r 41          r 42          r 43          r 44          r 45          r 46          r 47          r 48          r 49 
-- 0.89901445314 0.89824265684 0.87051836749 0.91880109337 0.86954218104 0.84715960864 0.83584978747 0.98135031641 0.81862161234 0.92327783663 0.92515684700 0.78955958381 0.74784038924 0.71815822116 0.71465946979 0.60807603886 0.79843044917 0.81799747158 0.66217584888 0.74083271801 0.82616181270 0.79033513958 0.58986190721 0.89677760799 0.92706670247 0.90817064646 0.65094733700 0.99395599038 0.85468986650 0.76576891144 1.13212722531 0.84946585816 0.86101575620 1.06756151027 0.83705535497 0.89224445664 0.83267087450 0.87127611553 0.98240264396 1.01890800180 1.21200365458 1.36832623751 1.35658819105 1.56997914495 1.55794049067 1.52989744381 1.99008465056 2.90683670588 

---- Expected P_neut(i), 0 < i < n (neutral SFS per site) 
E[P_neut(1)] = 0.0139994197
E[P_neut(2)] = 0.0062940698
E[P_neut(3)] = 0.0041928543
E[P_neut(4)] = 0.0030484297
E[P_neut(5)] = 0.0025745299
E[P_neut(6)] = 0.0020306954
E[P_neut(7)] = 0.0016962969
E[P_neut(8)] = 0.0014645596
E[P_neut(9)] = 0.0015280094
E[P_neut(10)] = 0.0011476602
E[P_neut(11)] = 0.0011764750
E[P_neut(12)] = 0.0010807459
E[P_neut(13)] = 0.0008519643
E[P_neut(14)] = 0.0007494784
E[P_neut(15)] = 0.0006725520
E[P_neut(16)] = 0.0006271855
E[P_neut(17)] = 0.0005027106
E[P_neut(18)] = 0.0006236972
E[P_neut(19)] = 0.0006045506
E[P_neut(20)] = 0.0004657083
E[P_neut(21)] = 0.0004965425
E[P_neut(22)] = 0.0005274644
E[P_neut(23)] = 0.0004836795
E[P_neut(24)] = 0.0003469139
E[P_neut(25)] = 0.0005049789
E[P_neut(26)] = 0.0005010358
E[P_neut(27)] = 0.0004735736
E[P_neut(28)] = 0.0003284664
E[P_neut(29)] = 0.0004825837
E[P_neut(30)] = 0.0004014498
E[P_neut(31)] = 0.0003492729
E[P_neut(32)] = 0.0004987970
E[P_neut(33)] = 0.0003632102
E[P_neut(34)] = 0.0003581083
E[P_neut(35)] = 0.0004308354
E[P_neut(36)] = 0.0003298326
E[P_neut(37)] = 0.0003425205
E[P_neut(38)] = 0.0003130598
E[P_neut(39)] = 0.0003196180
E[P_neut(40)] = 0.0003505087
E[P_neut(41)] = 0.0003568445
E[P_neut(42)] = 0.0004125251
E[P_neut(43)] = 0.0004553838
E[P_neut(44)] = 0.0004435157
E[P_neut(45)] = 0.0005035171
E[P_neut(46)] = 0.0004920553
E[P_neut(47)] = 0.0004804176
E[P_neut(48)] = 0.0006175692
E[P_neut(49)] = 0.0009133028

---- Expected P_sel(i), 0 < i < n (selected SFS per site) 
E[P_sel(1)] = 0.0060742173
E[P_sel(2)] = 0.0020841749
E[P_sel(3)] = 0.0012118697
E[P_sel(4)] = 0.0008067905
E[P_sel(5)] = 0.0006388393
E[P_sel(6)] = 0.0004790652
E[P_sel(7)] = 0.0003839178
E[P_sel(8)] = 0.0003200721
E[P_sel(9)] = 0.0003240241
E[P_sel(10)] = 0.0002369544
E[P_sel(11)] = 0.0002372260
E[P_sel(12)] = 0.0002133090
E[P_sel(13)] = 0.0001648917
E[P_sel(14)] = 0.0001424878
E[P_sel(15)] = 0.0001257508
E[P_sel(16)] = 0.0001155019
E[P_sel(17)] = 0.0000912593
E[P_sel(18)] = 0.0001117188
E[P_sel(19)] = 0.0001069575
E[P_sel(20)] = 0.0000814122
E[P_sel(21)] = 0.0000858342
E[P_sel(22)] = 0.0000902288
E[P_sel(23)] = 0.0000819001
E[P_sel(24)] = 0.0000581773
E[P_sel(25)] = 0.0000839146
E[P_sel(26)] = 0.0000825281
E[P_sel(27)] = 0.0000773529
E[P_sel(28)] = 0.0000532292
E[P_sel(29)] = 0.0000775831
E[P_sel(30)] = 0.0000640623
E[P_sel(31)] = 0.0000553576
E[P_sel(32)] = 0.0000784825
E[P_sel(33)] = 0.0000567739
E[P_sel(34)] = 0.0000556384
E[P_sel(35)] = 0.0000665082
E[P_sel(36)] = 0.0000506625
E[P_sel(37)] = 0.0000523307
E[P_sel(38)] = 0.0000476525
E[P_sel(39)] = 0.0000484285
E[P_sel(40)] = 0.0000528088
E[P_sel(41)] = 0.0000536514
E[P_sel(42)] = 0.0000616458
E[P_sel(43)] = 0.0000678196
E[P_sel(44)] = 0.0000660231
E[P_sel(45)] = 0.0000749302
E[P_sel(46)] = 0.0000735124
E[P_sel(47)] = 0.0000729317
E[P_sel(48)] = 0.0000957143
E[P_sel(49)] = 0.0001547725

---- alpha_dfe = 0.000519

