---- Running command
---- ./polyDFE -d /home/jejames/CapsellaCrossGenome/norm.exp12_-5.81309427807823_PolyDFE.input -m C -i /home/jejames/CapsellaCrossGenome/model.txt 1 -e 
---- Performing inference using model C

---- Performing inference on /home/jejames/CapsellaCrossGenome/norm.exp12_-5.81309427807823_PolyDFE.input
----      with -i /home/jejames/CapsellaCrossGenome/model.txt 1
---- Data /home/jejames/CapsellaCrossGenome/norm.exp12_-5.81309427807823_PolyDFE.input does not contain divergence counts. Using option -w.
---- No mutation variability. Using Poisson likelihood.


---- Calculating initial values

-- Starting local optimization
-- Optimizing all parameters
  it        eps_an     theta_bar           S_d             b           p_b           S_b           r 2           r 3           r 4           r 5           r 6           r 7           r 8           r 9          r 10          r 11          r 12          r 13          r 14          r 15          r 16          r 17          r 18          r 19          r 20          r 21          r 22          r 23          r 24          r 25          r 26          r 27          r 28          r 29          r 30          r 31          r 32          r 33          r 34          r 35          r 36          r 37          r 38          r 39          r 40          r 41          r 42          r 43          r 44          r 45          r 46          r 47          r 48          r 49           ln lk          grad status 
   0           0.1 0.01532666010        -20000         0.406           0.1            20 0.97170111287 0.81891891891 0.91414944356 0.88950715421 0.83370429252 0.89809220985 0.91701112877 0.87710651828 0.83942766295 0.93298887122 0.83084260731 0.99205087440 0.76788553259 0.87042925278 0.92591414944 0.87162162162 0.86709062003 0.83068362480 0.78696343402 0.78791732909 0.92511923688 0.92877583465 0.60858505564 0.67567567567 0.64276629570 0.88426073131 0.98155802861 0.75612082670 1.08505564387 0.76391096979 1.25659777424 1.16732909379 1.05945945945 1.14069952305 1.05882352941 1.64705882352 1.20524642289 1.24936406995 1.22098569157 1.28410174880 1.39554848966 2.07138314785 1.86073131955 1.93879173290 2.76073131955 3.38489666136 4.45659777424             1 -3252.636848051 35.9568044925   -2 
 347 0.00315920403 0.01374941505 -604.33443779 0.35774882761 0.00843896230 4.68549043787 0.92588380498 0.85495513082 0.90290486422 0.87256131018 0.81145558796 0.86189168494 0.91435892332 0.82697907985 0.80402212876 0.90354339148 0.78173589547 0.86522044559 0.83187971829 0.85614798670 0.84584716954 0.79402844277 0.77015476102 0.68504581301 0.72363802597 0.65557401811 0.78126394338 0.83027141350 0.54115911238 0.74186937330 0.60156123910 0.72740956493 0.79582660293 0.54975465023 0.91263750365 0.73692548075 0.99049990713 1.02189836139 0.80858842340 1.00011996609 0.83863893674 1.25155008839 1.10272482358 0.79287648316 0.98463972062 0.92802563994 0.96567838983 1.39616157666 1.08840850124 0.97489017259 1.61334784422 1.76411068360 1.88114238338 2.73134795697 -303.9139122376 0.00062073486   -3 
-- Local optimization: stuck in the same solution
---- Best joint likelihood found -303.913912237692898 with gradient 0.00062

---- Results for /home/jejames/CapsellaCrossGenome/norm.exp12_-5.81309427807823_PolyDFE.input 
--  Model: C
--        eps_an     theta_bar             a 
-- 0.00315920403 0.01374941505            -1 
--           S_d             b           p_b           S_b 
-- -604.33443779 0.35774882761 0.00843896230 4.68549043787 
--           r 2           r 3           r 4           r 5           r 6           r 7           r 8           r 9          r 10          r 11          r 12          r 13          r 14          r 15          r 16          r 17          r 18          r 19          r 20          r 21          r 22          r 23          r 24          r 25          r 26          r 27          r 28          r 29          r 30          r 31          r 32          r 33          r 34          r 35          r 36          r 37          r 38          r 39          r 40          r 41          r 42          r 43          r 44          r 45          r 46          r 47          r 48          r 49 
-- 0.92588380498 0.85495513082 0.90290486422 0.87256131018 0.81145558796 0.86189168494 0.91435892332 0.82697907985 0.80402212876 0.90354339148 0.78173589547 0.86522044559 0.83187971829 0.85614798670 0.84584716954 0.79402844277 0.77015476102 0.68504581301 0.72363802597 0.65557401811 0.78126394338 0.83027141350 0.54115911238 0.74186937330 0.60156123910 0.72740956493 0.79582660293 0.54975465023 0.91263750365 0.73692548075 0.99049990713 1.02189836139 0.80858842340 1.00011996609 0.83863893674 1.25155008839 1.10272482358 0.79287648316 0.98463972062 0.92802563994 0.96567838983 1.39616157666 1.08840850124 0.97489017259 1.61334784422 1.76411068360 1.88114238338 2.73134795697 

---- Expected P_neut(i), 0 < i < n (neutral SFS per site) 
E[P_neut(1)] = 0.0137083991
E[P_neut(2)] = 0.0063467738
E[P_neut(3)] = 0.0039076291
E[P_neut(4)] = 0.0030953220
E[P_neut(5)] = 0.0023928022
E[P_neut(6)] = 0.0018547065
E[P_neut(7)] = 0.0016889915
E[P_neut(8)] = 0.0015675216
E[P_neut(9)] = 0.0012603784
E[P_neut(10)] = 0.0011030602
E[P_neut(11)] = 0.0011266963
E[P_neut(12)] = 0.0008941317
E[P_neut(13)] = 0.0009136764
E[P_neut(14)] = 0.0008154208
E[P_neut(15)] = 0.0007835309
E[P_neut(16)] = 0.0007256057
E[P_neut(17)] = 0.0006415178
E[P_neut(18)] = 0.0005877736
E[P_neut(19)] = 0.0004952022
E[P_neut(20)] = 0.0004972298
E[P_neut(21)] = 0.0004286941
E[P_neut(22)] = 0.0004879612
E[P_neut(23)] = 0.0004959390
E[P_neut(24)] = 0.0003100515
E[P_neut(25)] = 0.0004080108
E[P_neut(26)] = 0.0003180942
E[P_neut(27)] = 0.0003708221
E[P_neut(28)] = 0.0003910990
E[P_neut(29)] = 0.0002611810
E[P_neut(30)] = 0.0004185246
E[P_neut(31)] = 0.0003273818
E[P_neut(32)] = 0.0004261013
E[P_neut(33)] = 0.0004264566
E[P_neut(34)] = 0.0003282521
E[P_neut(35)] = 0.0003941256
E[P_neut(36)] = 0.0003218690
E[P_neut(37)] = 0.0004665050
E[P_neut(38)] = 0.0004005645
E[P_neut(39)] = 0.0002822128
E[P_neut(40)] = 0.0003408787
E[P_neut(41)] = 0.0003142230
E[P_neut(42)] = 0.0003200972
E[P_neut(43)] = 0.0004503660
E[P_neut(44)] = 0.0003449133
E[P_neut(45)] = 0.0003045097
E[P_neut(46)] = 0.0004905117
E[P_neut(47)] = 0.0005268228
E[P_neut(48)] = 0.0005572526
E[P_neut(49)] = 0.0008074330

---- Expected P_sel(i), 0 < i < n (selected SFS per site) 
E[P_sel(1)] = 0.0051001810
E[P_sel(2)] = 0.0016746931
E[P_sel(3)] = 0.0008679365
E[P_sel(4)] = 0.0006157947
E[P_sel(5)] = 0.0004395753
E[P_sel(6)] = 0.0003202576
E[P_sel(7)] = 0.0002773392
E[P_sel(8)] = 0.0002468197
E[P_sel(9)] = 0.0001914455
E[P_sel(10)] = 0.0001623862
E[P_sel(11)] = 0.0001613660
E[P_sel(12)] = 0.0001249393
E[P_sel(13)] = 0.0001248857
E[P_sel(14)] = 0.0001092663
E[P_sel(15)] = 0.0001031052
E[P_sel(16)] = 0.0000939210
E[P_sel(17)] = 0.0000817834
E[P_sel(18)] = 0.0000738968
E[P_sel(19)] = 0.0000614688
E[P_sel(20)] = 0.0000609950
E[P_sel(21)] = 0.0000520221
E[P_sel(22)] = 0.0000586222
E[P_sel(23)] = 0.0000590338
E[P_sel(24)] = 0.0000365945
E[P_sel(25)] = 0.0000477835
E[P_sel(26)] = 0.0000369893
E[P_sel(27)] = 0.0000428446
E[P_sel(28)] = 0.0000449248
E[P_sel(29)] = 0.0000298479
E[P_sel(30)] = 0.0000476052
E[P_sel(31)] = 0.0000370932
E[P_sel(32)] = 0.0000481135
E[P_sel(33)] = 0.0000480232
E[P_sel(34)] = 0.0000368985
E[P_sel(35)] = 0.0000442345
E[P_sel(36)] = 0.0000361095
E[P_sel(37)] = 0.0000523142
E[P_sel(38)] = 0.0000449608
E[P_sel(39)] = 0.0000317742
E[P_sel(40)] = 0.0000384506
E[P_sel(41)] = 0.0000355978
E[P_sel(42)] = 0.0000364725
E[P_sel(43)] = 0.0000515429
E[P_sel(44)] = 0.0000398633
E[P_sel(45)] = 0.0000356837
E[P_sel(46)] = 0.0000579888
E[P_sel(47)] = 0.0000633938
E[P_sel(48)] = 0.0000694708
E[P_sel(49)] = 0.0001088891

---- alpha_dfe = 0.331201

