---- Running command
---- ./polyDFE -d /home/jejames/CapsellaCrossGenome/norm.exp2_-8.98414591016635_PolyDFE.input -m C -i /home/jejames/CapsellaCrossGenome/model.txt 1 -e 
---- Performing inference using model C

---- Performing inference on /home/jejames/CapsellaCrossGenome/norm.exp2_-8.98414591016635_PolyDFE.input
----      with -i /home/jejames/CapsellaCrossGenome/model.txt 1
---- Data /home/jejames/CapsellaCrossGenome/norm.exp2_-8.98414591016635_PolyDFE.input does not contain divergence counts. Using option -w.
---- No mutation variability. Using Poisson likelihood.


---- Calculating initial values

-- Starting local optimization
-- Optimizing all parameters
  it        eps_an     theta_bar           S_d             b           p_b           S_b           r 2           r 3           r 4           r 5           r 6           r 7           r 8           r 9          r 10          r 11          r 12          r 13          r 14          r 15          r 16          r 17          r 18          r 19          r 20          r 21          r 22          r 23          r 24          r 25          r 26          r 27          r 28          r 29          r 30          r 31          r 32          r 33          r 34          r 35          r 36          r 37          r 38          r 39          r 40          r 41          r 42          r 43          r 44          r 45          r 46          r 47          r 48          r 49           ln lk          grad status 
   0           0.1 0.01610302919        -20000         0.208           0.1            20 0.95144818349 0.89226519337 0.97672861208 0.98861543612 0.94575590155 0.85961828227 0.93956135945 0.87619286790 0.93587811819 0.89226519337 0.99547965846 0.85099614933 0.84731290808 0.90030135610 0.98978737652 1.11711032981 1.11351079859 0.96224677716 0.79859367152 1.01255650426 0.90423572744 0.87987610915 0.86589653440 0.75339025615 0.95546626485 0.97865394274 0.98208605390 1.12640214297 1.13761928679 1.05097940733 1.10095429432 1.17403314917 1.16976393771 1.32722250125 1.04570567553 1.48049556336 1.39645069479 1.30914113510 1.54696132596 1.32822702159 1.64188849824 1.73857358111 2.01473296500 2.93068809643 2.82253473966 3.68650594341 4.28729281767             1 -3238.608938325 45.2059420144   -2 
1651 0.00045709443 0.01448012978 -241.37174503 0.33307605069 0.02592957990 2.27545599322 0.90110699550 0.91856623321 0.96513278048 0.85706610594 0.92734518118 0.92081460027 0.90335693124 0.87125184543 0.87232457132 0.93458540248 0.90530683973 0.76542694051 0.80464315162 0.84548410636 0.88956803961 0.92449429640 0.98410191154 0.82915045925 0.85319992964 0.89947996476 0.78958276869 0.83737311348 0.79042224177 0.76607149669 0.81939024102 0.83117336042 0.89730183403 0.93085338942 0.91613349723 0.93536262501 0.91480277042 0.94414590788 0.86357913965 1.24256900007 0.76951470042 1.07468042037 1.04172066818 0.97400146597 1.06270743927 1.22005384298 1.02833732661 1.11984802969 1.35492212091 1.70670884025 1.75646774480 1.91916959497 1.89041284815 3.08227577843 -319.0860782638 0.00099010867   -8 
-- Local optimization: reached maximum number of likelihood evaluations allowed.
---- Best joint likelihood found -319.086078263815466 with gradient 0.00099

---- Results for /home/jejames/CapsellaCrossGenome/norm.exp2_-8.98414591016635_PolyDFE.input 
--  Model: C
--        eps_an     theta_bar             a 
-- 0.00045709443 0.01448012978            -1 
--           S_d             b           p_b           S_b 
-- -241.37174503 0.33307605069 0.02592957990 2.27545599322 
--           r 2           r 3           r 4           r 5           r 6           r 7           r 8           r 9          r 10          r 11          r 12          r 13          r 14          r 15          r 16          r 17          r 18          r 19          r 20          r 21          r 22          r 23          r 24          r 25          r 26          r 27          r 28          r 29          r 30          r 31          r 32          r 33          r 34          r 35          r 36          r 37          r 38          r 39          r 40          r 41          r 42          r 43          r 44          r 45          r 46          r 47          r 48          r 49 
-- 0.90110699550 0.91856623321 0.96513278048 0.85706610594 0.92734518118 0.92081460027 0.90335693124 0.87125184543 0.87232457132 0.93458540248 0.90530683973 0.76542694051 0.80464315162 0.84548410636 0.88956803961 0.92449429640 0.98410191154 0.82915045925 0.85319992964 0.89947996476 0.78958276869 0.83737311348 0.79042224177 0.76607149669 0.81939024102 0.83117336042 0.89730183403 0.93085338942 0.91613349723 0.93536262501 0.91480277042 0.94414590788 0.86357913965 1.24256900007 0.76951470042 1.07468042037 1.04172066818 0.97400146597 1.06270743927 1.22005384298 1.02833732661 1.11984802969 1.35492212091 1.70670884025 1.75646774480 1.91916959497 1.89041284815 3.08227577843 

---- Expected P_neut(i), 0 < i < n (neutral SFS per site) 
E[P_neut(1)] = 0.0144739273
E[P_neut(2)] = 0.0065213517
E[P_neut(3)] = 0.0044318964
E[P_neut(4)] = 0.0034924677
E[P_neut(5)] = 0.0024812022
E[P_neut(6)] = 0.0022371939
E[P_neut(7)] = 0.0019040896
E[P_neut(8)] = 0.0016345054
E[P_neut(9)] = 0.0014013162
E[P_neut(10)] = 0.0012627358
E[P_neut(11)] = 0.0012298682
E[P_neut(12)] = 0.0010920955
E[P_neut(13)] = 0.0008523780
E[P_neut(14)] = 0.0008319994
E[P_neut(15)] = 0.0008160432
E[P_neut(16)] = 0.0008048664
E[P_neut(17)] = 0.0007872881
E[P_neut(18)] = 0.0007914898
E[P_neut(19)] = 0.0006318165
E[P_neut(20)] = 0.0006176421
E[P_neut(21)] = 0.0006201474
E[P_neut(22)] = 0.0005196682
E[P_neut(23)] = 0.0005271485
E[P_neut(24)] = 0.0004768830
E[P_neut(25)] = 0.0004437126
E[P_neut(26)] = 0.0004563508
E[P_neut(27)] = 0.0004457964
E[P_neut(28)] = 0.0004640628
E[P_neut(29)] = 0.0004648599
E[P_neut(30)] = 0.0004422713
E[P_neut(31)] = 0.0004369979
E[P_neut(32)] = 0.0004141246
E[P_neut(33)] = 0.0004144541
E[P_neut(34)] = 0.0003679863
E[P_neut(35)] = 0.0005142112
E[P_neut(36)] = 0.0003097576
E[P_neut(37)] = 0.0004207789
E[P_neut(38)] = 0.0003972719
E[P_neut(39)] = 0.0003620296
E[P_neut(40)] = 0.0003851051
E[P_neut(41)] = 0.0004313349
E[P_neut(42)] = 0.0003551200
E[P_neut(43)] = 0.0003778040
E[P_neut(44)] = 0.0004467157
E[P_neut(45)] = 0.0005500694
E[P_neut(46)] = 0.0005542547
E[P_neut(47)] = 0.0005930292
E[P_neut(48)] = 0.0005730011
E[P_neut(49)] = 0.0009170545

---- Expected P_sel(i), 0 < i < n (selected SFS per site) 
E[P_sel(1)] = 0.0073329386
E[P_sel(2)] = 0.0025138645
E[P_sel(3)] = 0.0014767551
E[P_sel(4)] = 0.0010585771
E[P_sel(5)] = 0.0007020834
E[P_sel(6)] = 0.0006001748
E[P_sel(7)] = 0.0004892429
E[P_sel(8)] = 0.0004051389
E[P_sel(9)] = 0.0003368575
E[P_sel(10)] = 0.0002955999
E[P_sel(11)] = 0.0002812878
E[P_sel(12)] = 0.0002446840
E[P_sel(13)] = 0.0001874942
E[P_sel(14)] = 0.0001800143
E[P_sel(15)] = 0.0001739448
E[P_sel(16)] = 0.0001692586
E[P_sel(17)] = 0.0001635368
E[P_sel(18)] = 0.0001625756
E[P_sel(19)] = 0.0001284549
E[P_sel(20)] = 0.0001244034
E[P_sel(21)] = 0.0001238443
E[P_sel(22)] = 0.0001029710
E[P_sel(23)] = 0.0001037122
E[P_sel(24)] = 0.0000932171
E[P_sel(25)] = 0.0000862255
E[P_sel(26)] = 0.0000882129
E[P_sel(27)] = 0.0000857644
E[P_sel(28)] = 0.0000889021
E[P_sel(29)] = 0.0000887248
E[P_sel(30)] = 0.0000841419
E[P_sel(31)] = 0.0000829112
E[P_sel(32)] = 0.0000783951
E[P_sel(33)] = 0.0000783169
E[P_sel(34)] = 0.0000694452
E[P_sel(35)] = 0.0000969541
E[P_sel(36)] = 0.0000583865
E[P_sel(37)] = 0.0000793172
E[P_sel(38)] = 0.0000749347
E[P_sel(39)] = 0.0000683662
E[P_sel(40)] = 0.0000728406
E[P_sel(41)] = 0.0000817602
E[P_sel(42)] = 0.0000675089
E[P_sel(43)] = 0.0000720651
E[P_sel(44)] = 0.0000855471
E[P_sel(45)] = 0.0001058165
E[P_sel(46)] = 0.0001072418
E[P_sel(47)] = 0.0001155097
E[P_sel(48)] = 0.0001126409
E[P_sel(49)] = 0.0001827537

---- alpha_dfe = 0.350348

