---- Running command
---- ./polyDFE -d /home/jejames/CapsellaCrossGenome/norm.exp3_-8.31295728642703_PolyDFE.input -m C -i /home/jejames/CapsellaCrossGenome/model.txt 1 -e 
---- Performing inference using model C

---- Performing inference on /home/jejames/CapsellaCrossGenome/norm.exp3_-8.31295728642703_PolyDFE.input
----      with -i /home/jejames/CapsellaCrossGenome/model.txt 1
---- Data /home/jejames/CapsellaCrossGenome/norm.exp3_-8.31295728642703_PolyDFE.input does not contain divergence counts. Using option -w.
---- No mutation variability. Using Poisson likelihood.


---- Calculating initial values

-- Starting local optimization
-- Optimizing all parameters
  it        eps_an     theta_bar           S_d             b           p_b           S_b           r 2           r 3           r 4           r 5           r 6           r 7           r 8           r 9          r 10          r 11          r 12          r 13          r 14          r 15          r 16          r 17          r 18          r 19          r 20          r 21          r 22          r 23          r 24          r 25          r 26          r 27          r 28          r 29          r 30          r 31          r 32          r 33          r 34          r 35          r 36          r 37          r 38          r 39          r 40          r 41          r 42          r 43          r 44          r 45          r 46          r 47          r 48          r 49           ln lk          grad status 
   0           0.1 0.01688053285        -60000         0.208           0.1            20 0.85581468641 0.84951150330 0.81027418846 0.88047589032 0.84714780964 0.94311377245 0.89946422943 0.90765836747 0.77923101166 0.73061771194 0.79325559407 0.77537031200 0.98282382603 0.77647336905 0.90387645761 0.83178380081 0.81689253072 0.91916167664 0.75323038134 1.15655531043 0.70028364323 0.62338480932 0.73936337850 0.78789788843 0.81736526946 0.79987393633 0.96186574219 1.03049164828 0.90293098014 1.18704695871 1.16987078474 1.01142451938 1.21352032776 1.08375354554 1.18846517491 1.20398676331 1.29041916167 1.43499842420 1.57894736842 1.29215253703 1.73069650173 1.72786006933 2.10778443113 2.39323983611 2.38843365899 3.35502678852 4.83706271667             1 -3272.934640332 44.9890656513   -2 
 462 0.00090137262 0.01496236298 -604.32798116 0.25977953149 0.00022476471 0.80511823642 0.85409740204 0.85059910272 0.85178100758 0.84296901066 0.83354678529 0.87228672663 0.85182495395 0.85426122228 0.78527713113 0.78957983681 0.79077426459 0.83547230600 0.90180398647 0.84948930065 0.79134901374 0.74923081113 0.78410237225 0.68611260800 0.69510355949 1.00240045497 0.66873872119 0.75631315543 0.70747557445 0.70027095032 0.64851057087 0.68649268835 0.84850280523 0.83475829166 0.75814909565 0.92313103881 0.99420472066 0.85429060839 1.00668363390 0.96741841896 0.77677444851 0.93662272468 1.01091128104 1.19997420471 1.11786685592 1.09649328323 1.14265952515 1.22461569061 1.34644035096 1.54651255770 1.33178697368 1.98673999666 2.46511137759 3.04602422594 -317.6065389751 0.00018404071   -3 
-- Local optimization: stuck in the same solution
---- Best joint likelihood found -317.606538975165734 with gradient 0.00018

---- Results for /home/jejames/CapsellaCrossGenome/norm.exp3_-8.31295728642703_PolyDFE.input 
--  Model: C
--        eps_an     theta_bar             a 
-- 0.00090137262 0.01496236298            -1 
--           S_d             b           p_b           S_b 
-- -604.32798116 0.25977953149 0.00022476471 0.80511823642 
--           r 2           r 3           r 4           r 5           r 6           r 7           r 8           r 9          r 10          r 11          r 12          r 13          r 14          r 15          r 16          r 17          r 18          r 19          r 20          r 21          r 22          r 23          r 24          r 25          r 26          r 27          r 28          r 29          r 30          r 31          r 32          r 33          r 34          r 35          r 36          r 37          r 38          r 39          r 40          r 41          r 42          r 43          r 44          r 45          r 46          r 47          r 48          r 49 
-- 0.85409740204 0.85059910272 0.85178100758 0.84296901066 0.83354678529 0.87228672663 0.85182495395 0.85426122228 0.78527713113 0.78957983681 0.79077426459 0.83547230600 0.90180398647 0.84948930065 0.79134901374 0.74923081113 0.78410237225 0.68611260800 0.69510355949 1.00240045497 0.66873872119 0.75631315543 0.70747557445 0.70027095032 0.64851057087 0.68649268835 0.84850280523 0.83475829166 0.75814909565 0.92313103881 0.99420472066 0.85429060839 1.00668363390 0.96741841896 0.77677444851 0.93662272468 1.01091128104 1.19997420471 1.11786685592 1.09649328323 1.14265952515 1.22461569061 1.34644035096 1.54651255770 1.33178697368 1.98673999666 2.46511137759 3.04602422594 

---- Expected P_neut(i), 0 < i < n (neutral SFS per site) 
E[P_neut(1)] = 0.0149497147
E[P_neut(2)] = 0.0063845908
E[P_neut(3)] = 0.0042390704
E[P_neut(4)] = 0.0031836827
E[P_neut(5)] = 0.0025207514
E[P_neut(6)] = 0.0020771773
E[P_neut(7)] = 0.0018631993
E[P_neut(8)] = 0.0015920952
E[P_neut(9)] = 0.0014192768
E[P_neut(10)] = 0.0011742780
E[P_neut(11)] = 0.0010734451
E[P_neut(12)] = 0.0009854577
E[P_neut(13)] = 0.0009610623
E[P_neut(14)] = 0.0009632164
E[P_neut(15)] = 0.0008469668
E[P_neut(16)] = 0.0007397605
E[P_neut(17)] = 0.0006591820
E[P_neut(18)] = 0.0006516106
E[P_neut(19)] = 0.0005402233
E[P_neut(20)] = 0.0005198917
E[P_neut(21)] = 0.0007139482
E[P_neut(22)] = 0.0004548129
E[P_neut(23)] = 0.0004919095
E[P_neut(24)] = 0.0004410016
E[P_neut(25)] = 0.0004191083
E[P_neut(26)] = 0.0003732631
E[P_neut(27)] = 0.0003805285
E[P_neut(28)] = 0.0004534158
E[P_neut(29)] = 0.0004309437
E[P_neut(30)] = 0.0003782513
E[P_neut(31)] = 0.0004456409
E[P_neut(32)] = 0.0004650326
E[P_neut(33)] = 0.0003875848
E[P_neut(34)] = 0.0004432785
E[P_neut(35)] = 0.0004139586
E[P_neut(36)] = 0.0003234217
E[P_neut(37)] = 0.0003792845
E[P_neut(38)] = 0.0003985726
E[P_neut(39)] = 0.0004609236
E[P_neut(40)] = 0.0004188304
E[P_neut(41)] = 0.0004010690
E[P_neut(42)] = 0.0004081378
E[P_neut(43)] = 0.0004274162
E[P_neut(44)] = 0.0004593230
E[P_neut(45)] = 0.0005160210
E[P_neut(46)] = 0.0004356702
E[P_neut(47)] = 0.0006357288
E[P_neut(48)] = 0.0007734812
E[P_neut(49)] = 0.0009427650

---- Expected P_sel(i), 0 < i < n (selected SFS per site) 
E[P_sel(1)] = 0.0066080213
E[P_sel(2)] = 0.0021866238
E[P_sel(3)] = 0.0012778731
E[P_sel(4)] = 0.0008836926
E[P_sel(5)] = 0.0006586514
E[P_sel(6)] = 0.0005176282
E[P_sel(7)] = 0.0004466119
E[P_sel(8)] = 0.0003692943
E[P_sel(9)] = 0.0003199884
E[P_sel(10)] = 0.0002582144
E[P_sel(11)] = 0.0002308377
E[P_sel(12)] = 0.0002077028
E[P_sel(13)] = 0.0001988916
E[P_sel(14)] = 0.0001960248
E[P_sel(15)] = 0.0001697150
E[P_sel(16)] = 0.0001461159
E[P_sel(17)] = 0.0001284664
E[P_sel(18)] = 0.0001254037
E[P_sel(19)] = 0.0001027446
E[P_sel(20)] = 0.0000977817
E[P_sel(21)] = 0.0001328701
E[P_sel(22)] = 0.0000837971
E[P_sel(23)] = 0.0000897717
E[P_sel(24)] = 0.0000797514
E[P_sel(25)] = 0.0000751349
E[P_sel(26)] = 0.0000663606
E[P_sel(27)] = 0.0000671134
E[P_sel(28)] = 0.0000793550
E[P_sel(29)] = 0.0000748687
E[P_sel(30)] = 0.0000652462
E[P_sel(31)] = 0.0000763420
E[P_sel(32)] = 0.0000791374
E[P_sel(33)] = 0.0000655374
E[P_sel(34)] = 0.0000744893
E[P_sel(35)] = 0.0000691486
E[P_sel(36)] = 0.0000537206
E[P_sel(37)] = 0.0000626383
E[P_sel(38)] = 0.0000654619
E[P_sel(39)] = 0.0000752962
E[P_sel(40)] = 0.0000680757
E[P_sel(41)] = 0.0000648785
E[P_sel(42)] = 0.0000657115
E[P_sel(43)] = 0.0000685072
E[P_sel(44)] = 0.0000732961
E[P_sel(45)] = 0.0000820059
E[P_sel(46)] = 0.0000690694
E[P_sel(47)] = 0.0001003900
E[P_sel(48)] = 0.0001220145
E[P_sel(49)] = 0.0001506457

---- alpha_dfe = 0.002184

