---- Running command
---- ./polyDFE -d /home/jejames/CapsellaCrossGenome/norm.exp13_-5.65552755515647_PolyDFE.input -m C -i /home/jejames/CapsellaCrossGenome/model.txt 1 -e 
---- Performing inference using model C

---- Performing inference on /home/jejames/CapsellaCrossGenome/norm.exp13_-5.65552755515647_PolyDFE.input
----      with -i /home/jejames/CapsellaCrossGenome/model.txt 1
---- Data /home/jejames/CapsellaCrossGenome/norm.exp13_-5.65552755515647_PolyDFE.input does not contain divergence counts. Using option -w.
---- No mutation variability. Using Poisson likelihood.


---- Calculating initial values

-- Starting local optimization
-- Optimizing all parameters
  it        eps_an     theta_bar           S_d             b           p_b           S_b           r 2           r 3           r 4           r 5           r 6           r 7           r 8           r 9          r 10          r 11          r 12          r 13          r 14          r 15          r 16          r 17          r 18          r 19          r 20          r 21          r 22          r 23          r 24          r 25          r 26          r 27          r 28          r 29          r 30          r 31          r 32          r 33          r 34          r 35          r 36          r 37          r 38          r 39          r 40          r 41          r 42          r 43          r 44          r 45          r 46          r 47          r 48          r 49           ln lk          grad status 
   0           0.1 0.01529047389        -20000         0.406           0.1            20 0.85046516904 0.81234399818 0.83503517131 0.92579986385 0.89357839800 0.69518190757 0.74306028288 0.86657590197 0.75939792753 0.83783374933 0.80780576355 0.64700098328 0.89267075107 0.86907193101 0.78420694349 0.52076242341 0.77467665078 0.77460101353 0.54458815520 0.70206489675 0.62733529990 0.81415929203 0.71704107102 0.64291657212 0.69813176007 0.92307692307 0.74759851751 0.82913546630 0.81688223281 1.05748430527 0.97057711217 1.11073292489 0.80235988200 1.09598366235 1.27161334240 1.12502836396 1.40836547916 1.24778761061 1.44013312154 1.54126011648 1.56296800544 1.48634747749 2.00015127448 2.55956432947 2.36593298540 3.05725739354 3.91377354209             1 -3059.842071207 35.0023552595   -2 
 565 0.00023305509 0.01342264874 -981.62333288 0.30788503627 0.00419636215 10.3821318896 0.88292746128 0.87985310250 0.84568886544 0.89385070636 0.83926177387 0.69791704967 0.71333130729 0.80600695654 0.71126954352 0.79477458150 0.80396262405 0.68450985507 0.80228939211 0.72941317040 0.81025531073 0.60646630477 0.62951659656 0.64241587899 0.58197453693 0.62269988142 0.58623354704 0.76861474327 0.74007843617 0.60497875852 0.68917211319 0.72951442665 0.70765453931 0.74747064032 0.86978151882 0.80169475275 0.85779566236 0.99077843102 0.63455592535 0.70161538194 1.00117917630 0.94491485995 0.98773341158 0.92446777050 1.16649684569 1.17564525463 1.33634146341 1.05304797685 1.27351342300 1.35856185481 1.52641533501 1.77988313955 1.96933142344 3.42253641775 -320.4373775213 0.00085657096   -8 
-- Local optimization: reached maximum number of likelihood evaluations allowed.
---- Best joint likelihood found -320.437377521302210 with gradient 0.00086

---- Results for /home/jejames/CapsellaCrossGenome/norm.exp13_-5.65552755515647_PolyDFE.input 
--  Model: C
--        eps_an     theta_bar             a 
-- 0.00023305509 0.01342264874            -1 
--           S_d             b           p_b           S_b 
-- -981.62333288 0.30788503627 0.00419636215 10.3821318896 
--           r 2           r 3           r 4           r 5           r 6           r 7           r 8           r 9          r 10          r 11          r 12          r 13          r 14          r 15          r 16          r 17          r 18          r 19          r 20          r 21          r 22          r 23          r 24          r 25          r 26          r 27          r 28          r 29          r 30          r 31          r 32          r 33          r 34          r 35          r 36          r 37          r 38          r 39          r 40          r 41          r 42          r 43          r 44          r 45          r 46          r 47          r 48          r 49 
-- 0.88292746128 0.87985310250 0.84568886544 0.89385070636 0.83926177387 0.69791704967 0.71333130729 0.80600695654 0.71126954352 0.79477458150 0.80396262405 0.68450985507 0.80228939211 0.72941317040 0.81025531073 0.60646630477 0.62951659656 0.64241587899 0.58197453693 0.62269988142 0.58623354704 0.76861474327 0.74007843617 0.60497875852 0.68917211319 0.72951442665 0.70765453931 0.74747064032 0.86978151882 0.80169475275 0.85779566236 0.99077843102 0.63455592535 0.70161538194 1.00117917630 0.94491485995 0.98773341158 0.92446777050 1.16649684569 1.17564525463 1.33634146341 1.05304797685 1.27351342300 1.35856185481 1.52641533501 1.77988313955 1.96933142344 3.42253641775 

---- Expected P_neut(i), 0 < i < n (neutral SFS per site) 
E[P_neut(1)] = 0.0134197390
E[P_neut(2)] = 0.0059243599
E[P_neut(3)] = 0.0039358541
E[P_neut(4)] = 0.0028372886
E[P_neut(5)] = 0.0023991040
E[P_neut(6)] = 0.0018771723
E[P_neut(7)] = 0.0013380355
E[P_neut(8)] = 0.0011966700
E[P_neut(9)] = 0.0012018927
E[P_neut(10)] = 0.0009545809
E[P_neut(11)] = 0.0009696645
E[P_neut(12)] = 0.0008991474
E[P_neut(13)] = 0.0007066794
E[P_neut(14)] = 0.0007691112
E[P_neut(15)] = 0.0006526210
E[P_neut(16)] = 0.0006796357
E[P_neut(17)] = 0.0004788285
E[P_neut(18)] = 0.0004694067
E[P_neut(19)] = 0.0004538132
E[P_neut(20)] = 0.0003905817
E[P_neut(21)] = 0.0003980013
E[P_neut(22)] = 0.0003576687
E[P_neut(23)] = 0.0004485385
E[P_neut(24)] = 0.0004138953
E[P_neut(25)] = 0.0003248167
E[P_neut(26)] = 0.0003558026
E[P_neut(27)] = 0.0003626873
E[P_neut(28)] = 0.0003392400
E[P_neut(29)] = 0.0003459789
E[P_neut(30)] = 0.0003891594
E[P_neut(31)] = 0.0003471496
E[P_neut(32)] = 0.0003598346
E[P_neut(33)] = 0.0004030138
E[P_neut(34)] = 0.0002506124
E[P_neut(35)] = 0.0002691619
E[P_neut(36)] = 0.0003733833
E[P_neut(37)] = 0.0003428756
E[P_neut(38)] = 0.0003490230
E[P_neut(39)] = 0.0003183264
E[P_neut(40)] = 0.0003915682
E[P_neut(41)] = 0.0003850752
E[P_neut(42)] = 0.0004272566
E[P_neut(43)] = 0.0003289491
E[P_neut(44)] = 0.0003888453
E[P_neut(45)] = 0.0004056981
E[P_neut(46)] = 0.0004459605
E[P_neut(47)] = 0.0005091127
E[P_neut(48)] = 0.0005519536
E[P_neut(49)] = 0.0009404506

---- Expected P_sel(i), 0 < i < n (selected SFS per site) 
E[P_sel(1)] = 0.0047538983
E[P_sel(2)] = 0.0015369557
E[P_sel(3)] = 0.0008774648
E[P_sel(4)] = 0.0005741464
E[P_sel(5)] = 0.0004525023
E[P_sel(6)] = 0.0003351741
E[P_sel(7)] = 0.0002284739
E[P_sel(8)] = 0.0001968085
E[P_sel(9)] = 0.0001913966
E[P_sel(10)] = 0.0001477893
E[P_sel(11)] = 0.0001464260
E[P_sel(12)] = 0.0001327789
E[P_sel(13)] = 0.0001022741
E[P_sel(14)] = 0.0001092887
E[P_sel(15)] = 0.0000911954
E[P_sel(16)] = 0.0000935200
E[P_sel(17)] = 0.0000649587
E[P_sel(18)] = 0.0000628497
E[P_sel(19)] = 0.0000600261
E[P_sel(20)] = 0.0000510805
E[P_sel(21)] = 0.0000515054
E[P_sel(22)] = 0.0000458340
E[P_sel(23)] = 0.0000569557
E[P_sel(24)] = 0.0000521115
E[P_sel(25)] = 0.0000405738
E[P_sel(26)] = 0.0000441196
E[P_sel(27)] = 0.0000446692
E[P_sel(28)] = 0.0000415212
E[P_sel(29)] = 0.0000421048
E[P_sel(30)] = 0.0000471146
E[P_sel(31)] = 0.0000418336
E[P_sel(32)] = 0.0000431843
E[P_sel(33)] = 0.0000481944
E[P_sel(34)] = 0.0000298822
E[P_sel(35)] = 0.0000320183
E[P_sel(36)] = 0.0000443402
E[P_sel(37)] = 0.0000406775
E[P_sel(38)] = 0.0000414001
E[P_sel(39)] = 0.0000377861
E[P_sel(40)] = 0.0000465563
E[P_sel(41)] = 0.0000459157
E[P_sel(42)] = 0.0000511553
E[P_sel(43)] = 0.0000396152
E[P_sel(44)] = 0.0000471903
E[P_sel(45)] = 0.0000497365
E[P_sel(46)] = 0.0000553953
E[P_sel(47)] = 0.0000643635
E[P_sel(48)] = 0.0000715631
E[P_sel(49)] = 0.0001275438

---- alpha_dfe = 0.309739

