---- Running command
---- ./polyDFE -d /home/jejames/CapsellaCrossGenome/norm.exp18_-4.49720095828426_PolyDFE.input -m C -i /home/jejames/CapsellaCrossGenome/model.txt 1 -e 
---- Performing inference using model C

---- Performing inference on /home/jejames/CapsellaCrossGenome/norm.exp18_-4.49720095828426_PolyDFE.input
----      with -i /home/jejames/CapsellaCrossGenome/model.txt 1
---- Data /home/jejames/CapsellaCrossGenome/norm.exp18_-4.49720095828426_PolyDFE.input does not contain divergence counts. Using option -w.
---- No mutation variability. Using Poisson likelihood.


---- Calculating initial values

-- Starting local optimization
-- Optimizing all parameters
  it        eps_an     theta_bar           S_d             b           p_b           S_b           r 2           r 3           r 4           r 5           r 6           r 7           r 8           r 9          r 10          r 11          r 12          r 13          r 14          r 15          r 16          r 17          r 18          r 19          r 20          r 21          r 22          r 23          r 24          r 25          r 26          r 27          r 28          r 29          r 30          r 31          r 32          r 33          r 34          r 35          r 36          r 37          r 38          r 39          r 40          r 41          r 42          r 43          r 44          r 45          r 46          r 47          r 48          r 49           ln lk          grad status 
   0           0.1 0.01662669285        -20000         0.406           0.1            20 0.94086325131 0.95603065752 0.95102864058 0.83904800322 0.87954820492 0.92392093586 0.91778943122 0.86986688180 0.81887858007 0.80137152077 0.74158935054 0.84743848325 1.01315046389 0.90278338039 0.80677692617 0.81194029850 0.70722065348 1.00250100847 0.89713594191 0.79120613150 0.81645824929 0.85913674868 0.83259378781 0.60508269463 0.73416700282 0.71230334812 0.85841064945 0.84929407018 0.88100040338 0.91536910044 1.19532069382 0.97974989915 1.16579265833 1.11254538120 1.14142799515 1.40895522388 1.26922146026 1.15473981444 1.33924969745 1.26357402178 1.89076240419 1.95659540137 2.10504235578 2.32351754739 3.12851956434 3.45058491327 4.33336022589             1 -3134.037988208 48.7113918816   -2 
 498 0.00104658988 0.01487939356 -1733.7493385 0.33144324630 0.00412409003 4.85709249084 0.95015835328 0.90863903998 0.92443489311 0.83216348092 0.85954167164 0.90806539945 0.78910507963 0.87654584143 0.76439822181 0.74004078163 0.83122817310 0.77046746964 0.85587073348 0.83125554384 0.77754805243 0.82990930247 0.65229279305 0.96410790681 0.79203650735 0.75838001863 0.71711874975 0.81155518584 0.74893076950 0.70370447250 0.71978148264 0.60737685578 0.68994963518 0.71571409354 0.66244728852 0.81595526600 1.08053363829 0.83591769263 0.93416827670 0.86950887694 0.85662021964 1.07738208244 0.94516522630 0.94962298884 0.84644051426 0.88807420218 1.28869559382 1.15755736152 1.53229829722 1.49284967847 1.73974233084 2.04080023394 1.89003047534 3.60406389712 -303.6571650506 0.00041501107   -3 
-- Local optimization: stuck in the same solution
---- Best joint likelihood found -303.657165050612093 with gradient 0.00042

---- Results for /home/jejames/CapsellaCrossGenome/norm.exp18_-4.49720095828426_PolyDFE.input 
--  Model: C
--        eps_an     theta_bar             a 
-- 0.00104658988 0.01487939356            -1 
--           S_d             b           p_b           S_b 
-- -1733.7493385 0.33144324630 0.00412409003 4.85709249084 
--           r 2           r 3           r 4           r 5           r 6           r 7           r 8           r 9          r 10          r 11          r 12          r 13          r 14          r 15          r 16          r 17          r 18          r 19          r 20          r 21          r 22          r 23          r 24          r 25          r 26          r 27          r 28          r 29          r 30          r 31          r 32          r 33          r 34          r 35          r 36          r 37          r 38          r 39          r 40          r 41          r 42          r 43          r 44          r 45          r 46          r 47          r 48          r 49 
-- 0.95015835328 0.90863903998 0.92443489311 0.83216348092 0.85954167164 0.90806539945 0.78910507963 0.87654584143 0.76439822181 0.74004078163 0.83122817310 0.77046746964 0.85587073348 0.83125554384 0.77754805243 0.82990930247 0.65229279305 0.96410790681 0.79203650735 0.75838001863 0.71711874975 0.81155518584 0.74893076950 0.70370447250 0.71978148264 0.60737685578 0.68994963518 0.71571409354 0.66244728852 0.81595526600 1.08053363829 0.83591769263 0.93416827670 0.86950887694 0.85662021964 1.07738208244 0.94516522630 0.94962298884 0.84644051426 0.88807420218 1.28869559382 1.15755736152 1.53229829722 1.49284967847 1.73974233084 2.04080023394 1.89003047534 3.60406389712 

---- Expected P_neut(i), 0 < i < n (neutral SFS per site) 
E[P_neut(1)] = 0.0148649663
E[P_neut(2)] = 0.0070621050
E[P_neut(3)] = 0.0045026255
E[P_neut(4)] = 0.0034357476
E[P_neut(5)] = 0.0024743424
E[P_neut(6)] = 0.0021298879
E[P_neut(7)] = 0.0019286080
E[P_neut(8)] = 0.0014666174
E[P_neut(9)] = 0.0014479840
E[P_neut(10)] = 0.0011365174
E[P_neut(11)] = 0.0010003641
E[P_neut(12)] = 0.0010299896
E[P_neut(13)] = 0.0008813835
E[P_neut(14)] = 0.0009090498
E[P_neut(15)] = 0.0008240958
E[P_neut(16)] = 0.0007227613
E[P_neut(17)] = 0.0007260194
E[P_neut(18)] = 0.0005391682
E[P_neut(19)] = 0.0007546376
E[P_neut(20)] = 0.0005889783
E[P_neut(21)] = 0.0005371665
E[P_neut(22)] = 0.0004848894
E[P_neut(23)] = 0.0005248204
E[P_neut(24)] = 0.0004642633
E[P_neut(25)] = 0.0004188278
E[P_neut(26)] = 0.0004119745
E[P_neut(27)] = 0.0003349177
E[P_neut(28)] = 0.0003667679
E[P_neut(29)] = 0.0003673985
E[P_neut(30)] = 0.0003288333
E[P_neut(31)] = 0.0003920229
E[P_neut(32)] = 0.0005024662
E[P_neut(33)] = 0.0003772733
E[P_neut(34)] = 0.0004091482
E[P_neut(35)] = 0.0003701265
E[P_neut(36)] = 0.0003546367
E[P_neut(37)] = 0.0004337341
E[P_neut(38)] = 0.0003707831
E[P_neut(39)] = 0.0003629714
E[P_neut(40)] = 0.0003157239
E[P_neut(41)] = 0.0003234722
E[P_neut(42)] = 0.0004576061
E[P_neut(43)] = 0.0004021533
E[P_neut(44)] = 0.0005198629
E[P_neut(45)] = 0.0004956907
E[P_neut(46)] = 0.0005657559
E[P_neut(47)] = 0.0006501228
E[P_neut(48)] = 0.0005926706
E[P_neut(49)] = 0.0011088412

---- Expected P_sel(i), 0 < i < n (selected SFS per site) 
E[P_sel(1)] = 0.0042179307
E[P_sel(2)] = 0.0014137849
E[P_sel(3)] = 0.0007643174
E[P_sel(4)] = 0.0005252840
E[P_sel(5)] = 0.0003507129
E[P_sel(6)] = 0.0002846288
E[P_sel(7)] = 0.0002456834
E[P_sel(8)] = 0.0001794666
E[P_sel(9)] = 0.0001711848
E[P_sel(10)] = 0.0001303752
E[P_sel(11)] = 0.0001117373
E[P_sel(12)] = 0.0001123380
E[P_sel(13)] = 0.0000940834
E[P_sel(14)] = 0.0000951621
E[P_sel(15)] = 0.0000847419
E[P_sel(16)] = 0.0000731119
E[P_sel(17)] = 0.0000723400
E[P_sel(18)] = 0.0000529734
E[P_sel(19)] = 0.0000731904
E[P_sel(20)] = 0.0000564377
E[P_sel(21)] = 0.0000508967
E[P_sel(22)] = 0.0000454639
E[P_sel(23)] = 0.0000487287
E[P_sel(24)] = 0.0000427137
E[P_sel(25)] = 0.0000382064
E[P_sel(26)] = 0.0000372840
E[P_sel(27)] = 0.0000300876
E[P_sel(28)] = 0.0000327234
E[P_sel(29)] = 0.0000325727
E[P_sel(30)] = 0.0000289846
E[P_sel(31)] = 0.0000343708
E[P_sel(32)] = 0.0000438358
E[P_sel(33)] = 0.0000327744
E[P_sel(34)] = 0.0000354053
E[P_sel(35)] = 0.0000319241
E[P_sel(36)] = 0.0000305041
E[P_sel(37)] = 0.0000372178
E[P_sel(38)] = 0.0000317682
E[P_sel(39)] = 0.0000310648
E[P_sel(40)] = 0.0000270174
E[P_sel(41)] = 0.0000276985
E[P_sel(42)] = 0.0000392056
E[P_sel(43)] = 0.0000345486
E[P_sel(44)] = 0.0000447764
E[P_sel(45)] = 0.0000428936
E[P_sel(46)] = 0.0000492679
E[P_sel(47)] = 0.0000570805
E[P_sel(48)] = 0.0000529165
E[P_sel(49)] = 0.0001014534

---- alpha_dfe = 0.231845

