---- Running command
---- ./polyDFE -d /home/jejames/CapsellaCrossGenome/norm.exp20_-2.85075930983192_PolyDFE.input -m C -i /home/jejames/CapsellaCrossGenome/model.txt 1 -e 
---- Performing inference using model C

---- Performing inference on /home/jejames/CapsellaCrossGenome/norm.exp20_-2.85075930983192_PolyDFE.input
----      with -i /home/jejames/CapsellaCrossGenome/model.txt 1
---- Data /home/jejames/CapsellaCrossGenome/norm.exp20_-2.85075930983192_PolyDFE.input does not contain divergence counts. Using option -w.
---- No mutation variability. Using Poisson likelihood.


---- Calculating initial values

-- Starting local optimization
-- Optimizing all parameters
  it        eps_an     theta_bar           S_d             b           p_b           S_b           r 2           r 3           r 4           r 5           r 6           r 7           r 8           r 9          r 10          r 11          r 12          r 13          r 14          r 15          r 16          r 17          r 18          r 19          r 20          r 21          r 22          r 23          r 24          r 25          r 26          r 27          r 28          r 29          r 30          r 31          r 32          r 33          r 34          r 35          r 36          r 37          r 38          r 39          r 40          r 41          r 42          r 43          r 44          r 45          r 46          r 47          r 48          r 49           ln lk          grad status 
   0           0.1 0.01806409052        -20000         0.604           0.1            20 1.00279651258 0.93666721500 0.85112683007 0.98906070077 0.97713439710 0.87053791742 0.91528211876 0.94530350386 0.86856390853 0.78442177989 0.91495311728 0.84791906563 0.78417502878 0.95616055272 0.81197565389 0.87950320776 0.99490047705 0.73918407632 0.87678894555 0.78244777101 0.84865931896 0.79075505839 0.94357624609 0.74025333114 0.81691067609 0.89274551735 0.69320611942 1.13776936996 0.78220101990 1.06325053462 1.17914130613 1.03413390360 1.21088994900 1.19468662608 1.09261391676 1.26904096068 1.32209244941 1.42103964467 1.26336568514 1.79741733837 1.79289356802 1.72594176673 2.53331139990 2.53536765915 2.43280144760 3.41733837802 4.99029445632             1 -3148.689847108 51.4509909641   -2 
2001 0.00823264907 0.01639986806 -1287.7613409 0.62515491434 0.05645604053 0.01423188504 0.95114440954 0.91576631282 0.87088039086 0.96793001919 0.92773382355 0.78511046622 0.89956085284 0.89533549167 0.84719577536 0.80254070342 0.80591077235 0.78176071914 0.73590360472 0.84012139518 0.72810910126 0.81372069704 0.89320514370 0.77347584772 0.78296585563 0.64379606596 0.82585346072 0.70812642379 0.90258432065 0.79852938869 0.65356754832 0.72669474586 0.65743639278 0.97915631692 0.62001810678 0.88708386295 0.82314050163 0.83097729515 0.99275841332 0.91980897523 0.84506318647 1.05620453645 0.86676801696 0.93253920120 0.97456821019 1.36871814102 1.25387102340 1.03911228886 1.72486511548 1.44007692665 1.22426550089 1.74366533566 2.07999674744 3.18306384827 -293.7798242708 0.00025968577   -2 
-- Local optimization: reached maximum number of iterations allowed
---- Best joint likelihood found -293.779824270891254 with gradient 0.00026

---- Results for /home/jejames/CapsellaCrossGenome/norm.exp20_-2.85075930983192_PolyDFE.input 
--  Model: C
--        eps_an     theta_bar             a 
-- 0.00823264907 0.01639986806            -1 
--           S_d             b           p_b           S_b 
-- -1287.7613409 0.62515491434 0.05645604053 0.01423188504 
--           r 2           r 3           r 4           r 5           r 6           r 7           r 8           r 9          r 10          r 11          r 12          r 13          r 14          r 15          r 16          r 17          r 18          r 19          r 20          r 21          r 22          r 23          r 24          r 25          r 26          r 27          r 28          r 29          r 30          r 31          r 32          r 33          r 34          r 35          r 36          r 37          r 38          r 39          r 40          r 41          r 42          r 43          r 44          r 45          r 46          r 47          r 48          r 49 
-- 0.95114440954 0.91576631282 0.87088039086 0.96793001919 0.92773382355 0.78511046622 0.89956085284 0.89533549167 0.84719577536 0.80254070342 0.80591077235 0.78176071914 0.73590360472 0.84012139518 0.72810910126 0.81372069704 0.89320514370 0.77347584772 0.78296585563 0.64379606596 0.82585346072 0.70812642379 0.90258432065 0.79852938869 0.65356754832 0.72669474586 0.65743639278 0.97915631692 0.62001810678 0.88708386295 0.82314050163 0.83097729515 0.99275841332 0.91980897523 0.84506318647 1.05620453645 0.86676801696 0.93253920120 0.97456821019 1.36871814102 1.25387102340 1.03911228886 1.72486511548 1.44007692665 1.22426550089 1.74366533566 2.07999674744 3.18306384827 

---- Expected P_neut(i), 0 < i < n (neutral SFS per site) 
E[P_neut(1)] = 0.0162736243
E[P_neut(2)] = 0.0077409629
E[P_neut(3)] = 0.0049699440
E[P_neut(4)] = 0.0035447789
E[P_neut(5)] = 0.0031529687
E[P_neut(6)] = 0.0025202019
E[P_neut(7)] = 0.0018275065
E[P_neut(8)] = 0.0018329339
E[P_neut(9)] = 0.0016225629
E[P_neut(10)] = 0.0013812411
E[P_neut(11)] = 0.0011898836
E[P_neut(12)] = 0.0010954147
E[P_neut(13)] = 0.0009819483
E[P_neut(14)] = 0.0008581239
E[P_neut(15)] = 0.0009145117
E[P_neut(16)] = 0.0007441040
E[P_neut(17)] = 0.0007819321
E[P_neut(18)] = 0.0008105758
E[P_neut(19)] = 0.0006659936
E[P_neut(20)] = 0.0006395316
E[P_neut(21)] = 0.0005031895
E[P_neut(22)] = 0.0006137331
E[P_neut(23)] = 0.0005043979
E[P_neut(24)] = 0.0006150773
E[P_neut(25)] = 0.0005238311
E[P_neut(26)] = 0.0004139307
E[P_neut(27)] = 0.0004419192
E[P_neut(28)] = 0.0003869649
E[P_neut(29)] = 0.0005533058
E[P_neut(30)] = 0.0003414357
E[P_neut(31)] = 0.0004709250
E[P_neut(32)] = 0.0004250829
E[P_neut(33)] = 0.0004160300
E[P_neut(34)] = 0.0004810579
E[P_neut(35)] = 0.0004350064
E[P_neut(36)] = 0.0003888978
E[P_neut(37)] = 0.0004724168
E[P_neut(38)] = 0.0003800636
E[P_neut(39)] = 0.0003987636
E[P_neut(40)] = 0.0004077186
E[P_neut(41)] = 0.0005564071
E[P_neut(42)] = 0.0005007538
E[P_neut(43)] = 0.0004081898
E[P_neut(44)] = 0.0006584826
E[P_neut(45)] = 0.0005466400
E[P_neut(46)] = 0.0004622758
E[P_neut(47)] = 0.0006446279
E[P_neut(48)] = 0.0007690183
E[P_neut(49)] = 0.0011915872

---- Expected P_sel(i), 0 < i < n (selected SFS per site) 
E[P_sel(1)] = 0.0035858919
E[P_sel(2)] = 0.0010700402
E[P_sel(3)] = 0.0005692033
E[P_sel(4)] = 0.0003660801
E[P_sel(5)] = 0.0003043819
E[P_sel(6)] = 0.0002318080
E[P_sel(7)] = 0.0001620624
E[P_sel(8)] = 0.0001578800
E[P_sel(9)] = 0.0001364699
E[P_sel(10)] = 0.0001138988
E[P_sel(11)] = 0.0000964693
E[P_sel(12)] = 0.0000875196
E[P_sel(13)] = 0.0000774452
E[P_sel(14)] = 0.0000669185
E[P_sel(15)] = 0.0000705962
E[P_sel(16)] = 0.0000569140
E[P_sel(17)] = 0.0000593206
E[P_sel(18)] = 0.0000610331
E[P_sel(19)] = 0.0000497982
E[P_sel(20)] = 0.0000475208
E[P_sel(21)] = 0.0000371651
E[P_sel(22)] = 0.0000450901
E[P_sel(23)] = 0.0000368690
E[P_sel(24)] = 0.0000447486
E[P_sel(25)] = 0.0000379420
E[P_sel(26)] = 0.0000298592
E[P_sel(27)] = 0.0000317541
E[P_sel(28)] = 0.0000277068
E[P_sel(29)] = 0.0000394739
E[P_sel(30)] = 0.0000242878
E[P_sel(31)] = 0.0000333908
E[P_sel(32)] = 0.0000300611
E[P_sel(33)] = 0.0000293409
E[P_sel(34)] = 0.0000338319
E[P_sel(35)] = 0.0000305324
E[P_sel(36)] = 0.0000272370
E[P_sel(37)] = 0.0000330116
E[P_sel(38)] = 0.0000265311
E[P_sel(39)] = 0.0000277918
E[P_sel(40)] = 0.0000283893
E[P_sel(41)] = 0.0000386590
E[P_sel(42)] = 0.0000348034
E[P_sel(43)] = 0.0000284047
E[P_sel(44)] = 0.0000457403
E[P_sel(45)] = 0.0000382323
E[P_sel(46)] = 0.0000326831
E[P_sel(47)] = 0.0000459796
E[P_sel(48)] = 0.0000569926
E[P_sel(49)] = 0.0001017769

---- alpha_dfe = 0.836673

