---- Running command
---- ./polyDFE -d /home/jejames/CapsellaCrossGenome/norm.exp14_-5.47901468485148_PolyDFE.input -m C -i /home/jejames/CapsellaCrossGenome/model.txt 1 -e 
---- Performing inference using model C

---- Performing inference on /home/jejames/CapsellaCrossGenome/norm.exp14_-5.47901468485148_PolyDFE.input
----      with -i /home/jejames/CapsellaCrossGenome/model.txt 1
---- Data /home/jejames/CapsellaCrossGenome/norm.exp14_-5.47901468485148_PolyDFE.input does not contain divergence counts. Using option -w.
---- No mutation variability. Using Poisson likelihood.


---- Calculating initial values

-- Starting local optimization
-- Optimizing all parameters
  it        eps_an     theta_bar           S_d             b           p_b           S_b           r 2           r 3           r 4           r 5           r 6           r 7           r 8           r 9          r 10          r 11          r 12          r 13          r 14          r 15          r 16          r 17          r 18          r 19          r 20          r 21          r 22          r 23          r 24          r 25          r 26          r 27          r 28          r 29          r 30          r 31          r 32          r 33          r 34          r 35          r 36          r 37          r 38          r 39          r 40          r 41          r 42          r 43          r 44          r 45          r 46          r 47          r 48          r 49           ln lk          grad status 
   0           0.1 0.01598104142        -20000         0.406           0.1            20 0.89632457519 0.91870649000 0.86443596077 0.83015195748 0.74017516281 0.88502133393 0.66831349651 0.78486413653 0.83913466576 0.87199640691 0.74915787109 0.73471068193 0.65498914589 0.77251291264 0.71622127404 0.70753798937 0.79362227711 0.73388726701 0.90425930084 0.62250168425 0.75095441275 0.58709484242 0.68987199640 0.86084287746 0.65394116326 0.86705591735 0.88868927314 0.79017890560 0.88928812036 0.93749532150 0.81682760685 0.89916909948 0.87042443296 0.92222471741 0.92971030765 1.09401901339 1.09798637622 1.19986525937 1.46418145070 1.24298225915 1.14439703570 1.80574893330 1.94984654540 2.29732764428 2.42069017142 3.16288644359 3.89130922973             1 -3087.975355419 37.0724254987   -2 
1435 0.01474220483 0.01458853115 -1184.0781216 0.30356910156 0.00142095187 21.8694282715 0.85755364706 0.86851819548 0.86443204187 0.82631689665 0.72414353194 0.79776452926 0.74832047585 0.74694990497 0.78945718522 0.75040257859 0.70074316922 0.71077459173 0.66456681214 0.72929718825 0.76176344652 0.68941744343 0.68705089510 0.67837051123 0.70814837707 0.49847156418 0.59978250144 0.56814216531 0.60650310628 0.69943775038 0.67268924388 0.78496893711 0.79002463893 0.66571160027 0.69833759230 0.69501115492 0.64522034625 0.68022154730 0.72844239981 0.70300758775 0.72446590698 0.72503709344 0.89709195160 0.86200455913 0.86142587113 0.95001268969 0.71727639965 1.14968061483 1.28829116139 1.28004695030 1.21020405495 1.35024495320 1.20560306258 1.80565700460 -304.9551429790 0.00007758217    0 
---- Best joint likelihood found -304.955142979044467 with gradient 0.00008

---- Results for /home/jejames/CapsellaCrossGenome/norm.exp14_-5.47901468485148_PolyDFE.input 
--  Model: C
--        eps_an     theta_bar             a 
-- 0.01474220483 0.01458853115            -1 
--           S_d             b           p_b           S_b 
-- -1184.0781216 0.30356910156 0.00142095187 21.8694282715 
--           r 2           r 3           r 4           r 5           r 6           r 7           r 8           r 9          r 10          r 11          r 12          r 13          r 14          r 15          r 16          r 17          r 18          r 19          r 20          r 21          r 22          r 23          r 24          r 25          r 26          r 27          r 28          r 29          r 30          r 31          r 32          r 33          r 34          r 35          r 36          r 37          r 38          r 39          r 40          r 41          r 42          r 43          r 44          r 45          r 46          r 47          r 48          r 49 
-- 0.85755364706 0.86851819548 0.86443204187 0.82631689665 0.72414353194 0.79776452926 0.74832047585 0.74694990497 0.78945718522 0.75040257859 0.70074316922 0.71077459173 0.66456681214 0.72929718825 0.76176344652 0.68941744343 0.68705089510 0.67837051123 0.70814837707 0.49847156418 0.59978250144 0.56814216531 0.60650310628 0.69943775038 0.67268924388 0.78496893711 0.79002463893 0.66571160027 0.69833759230 0.69501115492 0.64522034625 0.68022154730 0.72844239981 0.70300758775 0.72446590698 0.72503709344 0.89709195160 0.86200455913 0.86142587113 0.95001268969 0.71727639965 1.14968061483 1.28829116139 1.28004695030 1.21020405495 1.35024495320 1.20560306258 1.80565700460 

---- Expected P_neut(i), 0 < i < n (neutral SFS per site) 
E[P_neut(1)] = 0.0143813893
E[P_neut(2)] = 0.0061684100
E[P_neut(3)] = 0.0041673836
E[P_neut(4)] = 0.0031118789
E[P_neut(5)] = 0.0023815249
E[P_neut(6)] = 0.0017410389
E[P_neut(7)] = 0.0016438416
E[P_neut(8)] = 0.0013481676
E[P_neut(9)] = 0.0011979008
E[P_neut(10)] = 0.0011393551
E[P_neut(11)] = 0.0009852885
E[P_neut(12)] = 0.0008444195
E[P_neut(13)] = 0.0007900831
E[P_neut(14)] = 0.0006866228
E[P_neut(15)] = 0.0007031550
E[P_neut(16)] = 0.0006889315
E[P_neut(17)] = 0.0005873341
E[P_neut(18)] = 0.0005529643
E[P_neut(19)] = 0.0005180078
E[P_neut(20)] = 0.0005139336
E[P_neut(21)] = 0.0003461162
E[P_neut(22)] = 0.0003979296
E[P_neut(23)] = 0.0003613035
E[P_neut(24)] = 0.0003687956
E[P_neut(25)] = 0.0004081508
E[P_neut(26)] = 0.0003773147
E[P_neut(27)] = 0.0004231912
E[P_neut(28)] = 0.0004114130
E[P_neut(29)] = 0.0003350561
E[P_neut(30)] = 0.0003421993
E[P_neut(31)] = 0.0003299277
E[P_neut(32)] = 0.0002980231
E[P_neut(33)] = 0.0003049988
E[P_neut(34)] = 0.0003181876
E[P_neut(35)] = 0.0002991609
E[P_neut(36)] = 0.0002994614
E[P_neut(37)] = 0.0002934154
E[P_neut(38)] = 0.0003518831
E[P_neut(39)] = 0.0003323636
E[P_neut(40)] = 0.0003265205
E[P_neut(41)] = 0.0003508975
E[P_neut(42)] = 0.0002655875
E[P_neut(43)] = 0.0004088103
E[P_neut(44)] = 0.0004468022
E[P_neut(45)] = 0.0004444029
E[P_neut(46)] = 0.0004246261
E[P_neut(47)] = 0.0004751930
E[P_neut(48)] = 0.0004532302
E[P_neut(49)] = 0.0007447313

---- Expected P_sel(i), 0 < i < n (selected SFS per site) 
E[P_sel(1)] = 0.0048587962
E[P_sel(2)] = 0.0015223475
E[P_sel(3)] = 0.0008834244
E[P_sel(4)] = 0.0005985528
E[P_sel(5)] = 0.0004267036
E[P_sel(6)] = 0.0002950892
E[P_sel(7)] = 0.0002663524
E[P_sel(8)] = 0.0002103566
E[P_sel(9)] = 0.0001808136
E[P_sel(10)] = 0.0001671175
E[P_sel(11)] = 0.0001408542
E[P_sel(12)] = 0.0001179508
E[P_sel(13)] = 0.0001081107
E[P_sel(14)] = 0.0000921722
E[P_sel(15)] = 0.0000927649
E[P_sel(16)] = 0.0000894301
E[P_sel(17)] = 0.0000751032
E[P_sel(18)] = 0.0000697301
E[P_sel(19)] = 0.0000644695
E[P_sel(20)] = 0.0000631877
E[P_sel(21)] = 0.0000420588
E[P_sel(22)] = 0.0000478399
E[P_sel(23)] = 0.0000430002
E[P_sel(24)] = 0.0000434820
E[P_sel(25)] = 0.0000476945
E[P_sel(26)] = 0.0000437207
E[P_sel(27)] = 0.0000486444
E[P_sel(28)] = 0.0000469396
E[P_sel(29)] = 0.0000379612
E[P_sel(30)] = 0.0000385403
E[P_sel(31)] = 0.0000369384
E[P_sel(32)] = 0.0000331996
E[P_sel(33)] = 0.0000338108
E[P_sel(34)] = 0.0000351346
E[P_sel(35)] = 0.0000329204
E[P_sel(36)] = 0.0000328344
E[P_sel(37)] = 0.0000321295
E[P_sel(38)] = 0.0000384034
E[P_sel(39)] = 0.0000363193
E[P_sel(40)] = 0.0000357698
E[P_sel(41)] = 0.0000384618
E[P_sel(42)] = 0.0000294993
E[P_sel(43)] = 0.0000452903
E[P_sel(44)] = 0.0000497776
E[P_sel(45)] = 0.0000506815
E[P_sel(46)] = 0.0000502737
E[P_sel(47)] = 0.0000589732
E[P_sel(48)] = 0.0000638129
E[P_sel(49)] = 0.0001368550

---- alpha_dfe = 0.245374

