---- Running command
---- ./polyDFE -d /home/jejames/CapsellaCrossGenome/norm.exp15_-5.29000965860176_PolyDFE.input -m C -i /home/jejames/CapsellaCrossGenome/model.txt 1 -e 
---- Performing inference using model C

---- Performing inference on /home/jejames/CapsellaCrossGenome/norm.exp15_-5.29000965860176_PolyDFE.input
----      with -i /home/jejames/CapsellaCrossGenome/model.txt 1
---- Data /home/jejames/CapsellaCrossGenome/norm.exp15_-5.29000965860176_PolyDFE.input does not contain divergence counts. Using option -w.
---- No mutation variability. Using Poisson likelihood.


---- Calculating initial values

-- Starting local optimization
-- Optimizing all parameters
  it        eps_an     theta_bar           S_d             b           p_b           S_b           r 2           r 3           r 4           r 5           r 6           r 7           r 8           r 9          r 10          r 11          r 12          r 13          r 14          r 15          r 16          r 17          r 18          r 19          r 20          r 21          r 22          r 23          r 24          r 25          r 26          r 27          r 28          r 29          r 30          r 31          r 32          r 33          r 34          r 35          r 36          r 37          r 38          r 39          r 40          r 41          r 42          r 43          r 44          r 45          r 46          r 47          r 48          r 49           ln lk          grad status 
   0           0.1 0.01586181678        -20000         0.406           0.1            20 0.94391583507 0.82594569505 0.87754312678 0.91900673009 0.84845671849 0.85773961475 0.94066682138 0.79925736829 0.82076274464 0.80327995667 0.60060338825 1.01268662489 0.67687785255 0.84126247389 0.94685541889 0.73381294964 0.81735901601 0.85835847451 0.61267115339 0.64492921791 0.71137928366 0.85046801268 0.97284752842 0.92828962636 0.79647249941 0.79786493385 0.69745493927 0.83677574069 0.65908563471 0.90167865707 0.99760191846 0.77094453469 1.06521234625 1.20484257755 0.96077976328 1.21072174518 1.12586060184 1.49640287769 1.57499806606 1.30672236404 1.29960547690 1.64988009592 1.81078363115 2.03295428173 2.00696217219 3.31221474433 4.26641912276             1 -3093.136871640 35.3181416483   -2 
 404 0.00078642474 0.01430504227 -916.74424778 0.32408509273 0.00755722291 4.37605422563 0.90279460202 0.80362262404 0.85497601948 0.86794263268 0.82939751394 0.85910575356 0.88906327256 0.81139238444 0.77296149363 0.80254867321 0.64166578938 0.82367480352 0.64404493024 0.75319511987 0.85701145885 0.72015742536 0.78990958188 0.78657190252 0.63448989745 0.61201466617 0.67298633070 0.77837414434 0.76009614644 0.74832183671 0.64990522917 0.61472180555 0.63879312159 0.72915483387 0.65915943835 0.72452057528 0.82224734993 0.69705652371 0.95333501889 0.80475356617 0.74527092624 1.05567547444 0.89185158012 1.07640369335 1.01132211636 0.94095119578 0.84622099014 1.06259668535 1.14551247584 1.14710294388 1.02035911897 1.68040925731 1.80762008121 2.82000151007 -306.9421516273 0.00095920706   -8 
-- Local optimization: reached maximum number of likelihood evaluations allowed.
---- Best joint likelihood found -306.942151627363501 with gradient 0.00096

---- Results for /home/jejames/CapsellaCrossGenome/norm.exp15_-5.29000965860176_PolyDFE.input 
--  Model: C
--        eps_an     theta_bar             a 
-- 0.00078642474 0.01430504227            -1 
--           S_d             b           p_b           S_b 
-- -916.74424778 0.32408509273 0.00755722291 4.37605422563 
--           r 2           r 3           r 4           r 5           r 6           r 7           r 8           r 9          r 10          r 11          r 12          r 13          r 14          r 15          r 16          r 17          r 18          r 19          r 20          r 21          r 22          r 23          r 24          r 25          r 26          r 27          r 28          r 29          r 30          r 31          r 32          r 33          r 34          r 35          r 36          r 37          r 38          r 39          r 40          r 41          r 42          r 43          r 44          r 45          r 46          r 47          r 48          r 49 
-- 0.90279460202 0.80362262404 0.85497601948 0.86794263268 0.82939751394 0.85910575356 0.88906327256 0.81139238444 0.77296149363 0.80254867321 0.64166578938 0.82367480352 0.64404493024 0.75319511987 0.85701145885 0.72015742536 0.78990958188 0.78657190252 0.63448989745 0.61201466617 0.67298633070 0.77837414434 0.76009614644 0.74832183671 0.64990522917 0.61472180555 0.63879312159 0.72915483387 0.65915943835 0.72452057528 0.82224734993 0.69705652371 0.95333501889 0.80475356617 0.74527092624 1.05567547444 0.89185158012 1.07640369335 1.01132211636 0.94095119578 0.84622099014 1.06259668535 1.14551247584 1.14710294388 1.02035911897 1.68040925731 1.80762008121 2.82000151007 

---- Expected P_neut(i), 0 < i < n (neutral SFS per site) 
E[P_neut(1)] = 0.0142944399
E[P_neut(2)] = 0.0064526030
E[P_neut(3)] = 0.0038293405
E[P_neut(4)] = 0.0030554620
E[P_neut(5)] = 0.0024815251
E[P_neut(6)] = 0.0019761655
E[P_neut(7)] = 0.0017545465
E[P_neut(8)] = 0.0015887374
E[P_neut(9)] = 0.0012889109
E[P_neut(10)] = 0.0011051395
E[P_neut(11)] = 0.0010431709
E[P_neut(12)] = 0.0007645838
E[P_neut(13)] = 0.0009059700
E[P_neut(14)] = 0.0006577932
E[P_neut(15)] = 0.0007179930
E[P_neut(16)] = 0.0007659369
E[P_neut(17)] = 0.0006057541
E[P_neut(18)] = 0.0006275559
E[P_neut(19)] = 0.0005920048
E[P_neut(20)] = 0.0004537105
E[P_neut(21)] = 0.0004168548
E[P_neut(22)] = 0.0004375079
E[P_neut(23)] = 0.0004839917
E[P_neut(24)] = 0.0004529752
E[P_neut(25)] = 0.0004281910
E[P_neut(26)] = 0.0003576490
E[P_neut(27)] = 0.0003258143
E[P_neut(28)] = 0.0003264433
E[P_neut(29)] = 0.0003597205
E[P_neut(30)] = 0.0003144198
E[P_neut(31)] = 0.0003345350
E[P_neut(32)] = 0.0003677760
E[P_neut(33)] = 0.0003024033
E[P_neut(34)] = 0.0004013900
E[P_neut(35)] = 0.0003292215
E[P_neut(36)] = 0.0002964272
E[P_neut(37)] = 0.0004085400
E[P_neut(38)] = 0.0003360737
E[P_neut(39)] = 0.0003953308
E[P_neut(40)] = 0.0003622603
E[P_neut(41)] = 0.0003290572
E[P_neut(42)] = 0.0002892433
E[P_neut(43)] = 0.0003546025
E[P_neut(44)] = 0.0003736850
E[P_neut(45)] = 0.0003663184
E[P_neut(46)] = 0.0003194655
E[P_neut(47)] = 0.0005140651
E[P_neut(48)] = 0.0005433645
E[P_neut(49)] = 0.0008338726

---- Expected P_sel(i), 0 < i < n (selected SFS per site) 
E[P_sel(1)] = 0.0050133681
E[P_sel(2)] = 0.0016382125
E[P_sel(3)] = 0.0008306940
E[P_sel(4)] = 0.0005996331
E[P_sel(5)] = 0.0004529312
E[P_sel(6)] = 0.0003409349
E[P_sel(7)] = 0.0002891631
E[P_sel(8)] = 0.0002519937
E[P_sel(9)] = 0.0001978338
E[P_sel(10)] = 0.0001648441
E[P_sel(11)] = 0.0001517229
E[P_sel(12)] = 0.0001087289
E[P_sel(13)] = 0.0001262539
E[P_sel(14)] = 0.0000900040
E[P_sel(15)] = 0.0000966149
E[P_sel(16)] = 0.0001015040
E[P_sel(17)] = 0.0000791588
E[P_sel(18)] = 0.0000809551
E[P_sel(19)] = 0.0000754644
E[P_sel(20)] = 0.0000572014
E[P_sel(21)] = 0.0000520213
E[P_sel(22)] = 0.0000540860
E[P_sel(23)] = 0.0000593120
E[P_sel(24)] = 0.0000550642
E[P_sel(25)] = 0.0000516645
E[P_sel(26)] = 0.0000428579
E[P_sel(27)] = 0.0000387981
E[P_sel(28)] = 0.0000386500
E[P_sel(29)] = 0.0000423681
E[P_sel(30)] = 0.0000368597
E[P_sel(31)] = 0.0000390556
E[P_sel(32)] = 0.0000427799
E[P_sel(33)] = 0.0000350670
E[P_sel(34)] = 0.0000464250
E[P_sel(35)] = 0.0000380016
E[P_sel(36)] = 0.0000341661
E[P_sel(37)] = 0.0000470467
E[P_sel(38)] = 0.0000386920
E[P_sel(39)] = 0.0000455358
E[P_sel(40)] = 0.0000417770
E[P_sel(41)] = 0.0000380281
E[P_sel(42)] = 0.0000335341
E[P_sel(43)] = 0.0000412577
E[P_sel(44)] = 0.0000436899
E[P_sel(45)] = 0.0000431109
E[P_sel(46)] = 0.0000379310
E[P_sel(47)] = 0.0000615316
E[P_sel(48)] = 0.0000660470
E[P_sel(49)] = 0.0001040907

---- alpha_dfe = 0.280631

