---- Running command
---- ./polyDFE -d /home/jejames/CapsellaCrossGenome/norm.exp19_-4.03035782206745_PolyDFE.input -m C -i /home/jejames/CapsellaCrossGenome/model.txt 1 -e 
---- Performing inference using model C

---- Performing inference on /home/jejames/CapsellaCrossGenome/norm.exp19_-4.03035782206745_PolyDFE.input
----      with -i /home/jejames/CapsellaCrossGenome/model.txt 1
---- Data /home/jejames/CapsellaCrossGenome/norm.exp19_-4.03035782206745_PolyDFE.input does not contain divergence counts. Using option -w.
---- No mutation variability. Using Poisson likelihood.


---- Calculating initial values

-- Starting local optimization
-- Optimizing all parameters
  it        eps_an     theta_bar           S_d             b           p_b           S_b           r 2           r 3           r 4           r 5           r 6           r 7           r 8           r 9          r 10          r 11          r 12          r 13          r 14          r 15          r 16          r 17          r 18          r 19          r 20          r 21          r 22          r 23          r 24          r 25          r 26          r 27          r 28          r 29          r 30          r 31          r 32          r 33          r 34          r 35          r 36          r 37          r 38          r 39          r 40          r 41          r 42          r 43          r 44          r 45          r 46          r 47          r 48          r 49           ln lk          grad status 
   0           0.1 0.01701367731        -20000         0.406           0.1            20 0.87137261171 0.87177232392 0.85922136062 0.92133663762 0.90366935806 0.86905428091 1.04117035734 0.83603805260 0.74666240306 0.89079862499 0.85666320249 0.96754336877 0.98601007274 1.10080741865 1.00535614357 0.80182268766 0.74682228795 0.79742585338 0.65233032216 0.68494683827 0.62786793508 0.68031017667 0.82500599568 1.01926612838 1.06003677352 0.79862499000 0.56631225517 0.90878567431 0.94012311135 1.20193460708 0.89791350227 1.13438324406 0.96218722519 1.18074986010 1.17707250779 1.12103285634 1.57054920457 1.73658965544 1.55408106163 1.50115916540 1.38332400671 1.84595091534 1.67431449356 2.39227756015 2.43808457910 3.28763290430 4.64305699896             1 -3138.118151274 48.6708835397   -2 
 887 0.00016253763 0.01518895509 -1254.8703972 0.36456398373 0.00551999681 7.73719254168 0.83722973867 0.89672105919 0.84623323003 0.89170081132 0.90088568191 0.86980221661 0.95819021157 0.88852135536 0.75041872595 0.79981914685 0.80092619511 0.83413806836 0.97486235004 1.03477957622 0.95301814115 0.76273290472 0.74557675683 0.70096011373 0.64645673168 0.64785157566 0.50754252915 0.60446459303 0.77123658556 0.88421081734 0.88002873411 0.65791788951 0.57929281089 0.84721757537 0.68591443211 0.92391681764 0.78390776213 0.91432949713 0.74285184622 0.91400850699 0.82485858254 0.90660571946 1.19358775839 1.36904157985 1.23227942707 1.15204837599 0.97737658946 1.15697081716 1.06400920584 1.53186791376 1.53391719801 1.70331104536 2.24341173417 2.82965242777 -302.2033675893 0.00013778640   -8 
-- Local optimization: reached maximum number of likelihood evaluations allowed.
---- Best joint likelihood found -302.203367589374466 with gradient 0.00014

---- Results for /home/jejames/CapsellaCrossGenome/norm.exp19_-4.03035782206745_PolyDFE.input 
--  Model: C
--        eps_an     theta_bar             a 
-- 0.00016253763 0.01518895509            -1 
--           S_d             b           p_b           S_b 
-- -1254.8703972 0.36456398373 0.00551999681 7.73719254168 
--           r 2           r 3           r 4           r 5           r 6           r 7           r 8           r 9          r 10          r 11          r 12          r 13          r 14          r 15          r 16          r 17          r 18          r 19          r 20          r 21          r 22          r 23          r 24          r 25          r 26          r 27          r 28          r 29          r 30          r 31          r 32          r 33          r 34          r 35          r 36          r 37          r 38          r 39          r 40          r 41          r 42          r 43          r 44          r 45          r 46          r 47          r 48          r 49 
-- 0.83722973867 0.89672105919 0.84623323003 0.89170081132 0.90088568191 0.86980221661 0.95819021157 0.88852135536 0.75041872595 0.79981914685 0.80092619511 0.83413806836 0.97486235004 1.03477957622 0.95301814115 0.76273290472 0.74557675683 0.70096011373 0.64645673168 0.64785157566 0.50754252915 0.60446459303 0.77123658556 0.88421081734 0.88002873411 0.65791788951 0.57929281089 0.84721757537 0.68591443211 0.92391681764 0.78390776213 0.91432949713 0.74285184622 0.91400850699 0.82485858254 0.90660571946 1.19358775839 1.36904157985 1.23227942707 1.15204837599 0.97737658946 1.15697081716 1.06400920584 1.53186791376 1.53391719801 1.70331104536 2.24341173417 2.82965242777 

---- Expected P_neut(i), 0 < i < n (neutral SFS per site) 
E[P_neut(1)] = 0.0151866289
E[P_neut(2)] = 0.0063574044
E[P_neut(3)] = 0.0045394368
E[P_neut(4)] = 0.0032129097
E[P_neut(5)] = 0.0027084445
E[P_neut(6)] = 0.0022802744
E[P_neut(7)] = 0.0018871006
E[P_neut(8)] = 0.0018190003
E[P_neut(9)] = 0.0014993491
E[P_neut(10)] = 0.0011396984
E[P_neut(11)] = 0.0011043087
E[P_neut(12)] = 0.0010136821
E[P_neut(13)] = 0.0009744933
E[P_neut(14)] = 0.0010575375
E[P_neut(15)] = 0.0010477089
E[P_neut(16)] = 0.0009046162
E[P_neut(17)] = 0.0006814350
E[P_neut(18)] = 0.0006290989
E[P_neut(19)] = 0.0005603431
E[P_neut(20)] = 0.0004909268
E[P_neut(21)] = 0.0004685764
E[P_neut(22)] = 0.0003504051
E[P_neut(23)] = 0.0003991773
E[P_neut(24)] = 0.0004880991
E[P_neut(25)] = 0.0005372095
E[P_neut(26)] = 0.0005141003
E[P_neut(27)] = 0.0003701190
E[P_neut(28)] = 0.0003142506
E[P_neut(29)] = 0.0004437402
E[P_neut(30)] = 0.0003473008
E[P_neut(31)] = 0.0004527056
E[P_neut(32)] = 0.0003721274
E[P_neut(33)] = 0.0004208821
E[P_neut(34)] = 0.0003319503
E[P_neut(35)] = 0.0003967582
E[P_neut(36)] = 0.0003481359
E[P_neut(37)] = 0.0003722707
E[P_neut(38)] = 0.0004771754
E[P_neut(39)] = 0.0005332803
E[P_neut(40)] = 0.0004680351
E[P_neut(41)] = 0.0004269649
E[P_neut(42)] = 0.0003536985
E[P_neut(43)] = 0.0004089189
E[P_neut(44)] = 0.0003676107
E[P_neut(45)] = 0.0005174112
E[P_neut(46)] = 0.0005069313
E[P_neut(47)] = 0.0005511062
E[P_neut(48)] = 0.0007108156
E[P_neut(49)] = 0.0008794581

---- Expected P_sel(i), 0 < i < n (selected SFS per site) 
E[P_sel(1)] = 0.0044166067
E[P_sel(2)] = 0.0012688670
E[P_sel(3)] = 0.0007565176
E[P_sel(4)] = 0.0004776724
E[P_sel(5)] = 0.0003708349
E[P_sel(6)] = 0.0002929024
E[P_sel(7)] = 0.0002301699
E[P_sel(8)] = 0.0002124651
E[P_sel(9)] = 0.0001687643
E[P_sel(10)] = 0.0001242186
E[P_sel(11)] = 0.0001169958
E[P_sel(12)] = 0.0001047175
E[P_sel(13)] = 0.0000984143
E[P_sel(14)] = 0.0001046374
E[P_sel(15)] = 0.0001017552
E[P_sel(16)] = 0.0000863807
E[P_sel(17)] = 0.0000640673
E[P_sel(18)] = 0.0000583109
E[P_sel(19)] = 0.0000512630
E[P_sel(20)] = 0.0000443758
E[P_sel(21)] = 0.0000418897
E[P_sel(22)] = 0.0000310089
E[P_sel(23)] = 0.0000349975
E[P_sel(24)] = 0.0000424307
E[P_sel(25)] = 0.0000463391
E[P_sel(26)] = 0.0000440354
E[P_sel(27)] = 0.0000315034
E[P_sel(28)] = 0.0000265987
E[P_sel(29)] = 0.0000373752
E[P_sel(30)] = 0.0000291299
E[P_sel(31)] = 0.0000378385
E[P_sel(32)] = 0.0000310182
E[P_sel(33)] = 0.0000350120
E[P_sel(34)] = 0.0000275814
E[P_sel(35)] = 0.0000329541
E[P_sel(36)] = 0.0000289312
E[P_sel(37)] = 0.0000309827
E[P_sel(38)] = 0.0000398138
E[P_sel(39)] = 0.0000446599
E[P_sel(40)] = 0.0000393926
E[P_sel(41)] = 0.0000361702
E[P_sel(42)] = 0.0000302100
E[P_sel(43)] = 0.0000352766
E[P_sel(44)] = 0.0000321070
E[P_sel(45)] = 0.0000458637
E[P_sel(46)] = 0.0000457592
E[P_sel(47)] = 0.0000508751
E[P_sel(48)] = 0.0000675005
E[P_sel(49)] = 0.0000872228

---- alpha_dfe = 0.412261

