---- Running command
---- ./polyDFE -d /home/jejames/CapsellaCrossGenome/norm.exp9_-6.33943150137282_PolyDFE.input -m C -i /home/jejames/CapsellaCrossGenome/model.txt 1 -e 
---- Performing inference using model C

---- Performing inference on /home/jejames/CapsellaCrossGenome/norm.exp9_-6.33943150137282_PolyDFE.input
----      with -i /home/jejames/CapsellaCrossGenome/model.txt 1
---- Data /home/jejames/CapsellaCrossGenome/norm.exp9_-6.33943150137282_PolyDFE.input does not contain divergence counts. Using option -w.
---- No mutation variability. Using Poisson likelihood.


---- Calculating initial values

-- Starting local optimization
-- Optimizing all parameters
  it        eps_an     theta_bar           S_d             b           p_b           S_b           r 2           r 3           r 4           r 5           r 6           r 7           r 8           r 9          r 10          r 11          r 12          r 13          r 14          r 15          r 16          r 17          r 18          r 19          r 20          r 21          r 22          r 23          r 24          r 25          r 26          r 27          r 28          r 29          r 30          r 31          r 32          r 33          r 34          r 35          r 36          r 37          r 38          r 39          r 40          r 41          r 42          r 43          r 44          r 45          r 46          r 47          r 48          r 49           ln lk          grad status 
   0           0.1 0.01433540885        -80000         0.208           0.1            20 0.83988919667 0.87186387020 0.90542144835 0.88326078353 0.95164226355 0.87534626038 0.94214483577 0.95021764938 0.90462999604 0.89932726553 0.92030075187 0.78709932726 0.82991689750 0.85239414325 0.78638702018 0.82342698852 0.75789473684 0.89624060150 0.69647803719 0.92908587257 0.80791452315 0.80277008310 0.92125049465 1.04867431737 0.91571032845 0.78852394143 1.09916897506 0.71381084289 0.85476850019 0.99121487930 0.98266719430 1.01337554412 1.26204986149 1.05817174515 0.97158686189 1.18599129402 0.96541353383 1.28713889988 1.41511673921 1.57704788286 1.43601108033 1.83775227542 2.07550455085 2.30787495053 2.54847645429 3.30320538187 4.23205381875             1 -3195.920433434 48.1522528957   -2 
 599 0.01473731206 0.01275476040 -542.99698509 0.30405743745 0.00226106291 13.1563648714 0.87657894641 0.90616898536 0.92278334140 0.91790481288 0.90163036212 0.91476124361 0.95412495977 0.81160969902 0.86206688605 0.86951711234 0.89099356416 0.77520378572 0.79638687914 0.82058695727 0.73285709713 0.69766903914 0.69743750038 0.81200536164 0.64544772626 0.85411610172 0.68467733580 0.64160209047 0.77396346698 0.80924400858 0.85586790035 0.66692144862 0.94015114412 0.61147602625 0.73157006022 0.90471659672 0.78065571422 0.86454043382 0.92063192680 0.97464336506 0.71127671209 0.96338499051 0.85932547162 0.95107975497 0.98938098971 1.01171775033 0.87953624931 1.29669057876 1.36704294361 1.30770105907 1.16780724900 1.68934768954 1.70469305916 2.11406361456 -308.9772723221 0.01425880011   -8 
-- Local optimization: reached maximum number of likelihood evaluations allowed.
---- Best joint likelihood found -308.977272322116733 with gradient 0.01426

---- Results for /home/jejames/CapsellaCrossGenome/norm.exp9_-6.33943150137282_PolyDFE.input 
--  Model: C
--        eps_an     theta_bar             a 
-- 0.01473731206 0.01275476040            -1 
--           S_d             b           p_b           S_b 
-- -542.99698509 0.30405743745 0.00226106291 13.1563648714 
--           r 2           r 3           r 4           r 5           r 6           r 7           r 8           r 9          r 10          r 11          r 12          r 13          r 14          r 15          r 16          r 17          r 18          r 19          r 20          r 21          r 22          r 23          r 24          r 25          r 26          r 27          r 28          r 29          r 30          r 31          r 32          r 33          r 34          r 35          r 36          r 37          r 38          r 39          r 40          r 41          r 42          r 43          r 44          r 45          r 46          r 47          r 48          r 49 
-- 0.87657894641 0.90616898536 0.92278334140 0.91790481288 0.90163036212 0.91476124361 0.95412495977 0.81160969902 0.86206688605 0.86951711234 0.89099356416 0.77520378572 0.79638687914 0.82058695727 0.73285709713 0.69766903914 0.69743750038 0.81200536164 0.64544772626 0.85411610172 0.68467733580 0.64160209047 0.77396346698 0.80924400858 0.85586790035 0.66692144862 0.94015114412 0.61147602625 0.73157006022 0.90471659672 0.78065571422 0.86454043382 0.92063192680 0.97464336506 0.71127671209 0.96338499051 0.85932547162 0.95107975497 0.98938098971 1.01171775033 0.87953624931 1.29669057876 1.36704294361 1.30770105907 1.16780724900 1.68934768954 1.70469305916 2.11406361456 

---- Expected P_neut(i), 0 < i < n (neutral SFS per site) 
E[P_neut(1)] = 0.0125748994
E[P_neut(2)] = 0.0055145672
E[P_neut(3)] = 0.0038026346
E[P_neut(4)] = 0.0029038780
E[P_neut(5)] = 0.0023124858
E[P_neut(6)] = 0.0018942733
E[P_neut(7)] = 0.0016478987
E[P_neut(8)] = 0.0015027223
E[P_neut(9)] = 0.0011378971
E[P_neut(10)] = 0.0010879907
E[P_neut(11)] = 0.0009979511
E[P_neut(12)] = 0.0009373281
E[P_neut(13)] = 0.0007542653
E[P_neut(14)] = 0.0007185729
E[P_neut(15)] = 0.0006927107
E[P_neut(16)] = 0.0005806936
E[P_neut(17)] = 0.0005206574
E[P_neut(18)] = 0.0004915051
E[P_neut(19)] = 0.0005425543
E[P_neut(20)] = 0.0004101441
E[P_neut(21)] = 0.0005150824
E[P_neut(22)] = 0.0003974113
E[P_neut(23)] = 0.0003552030
E[P_neut(24)] = 0.0004114475
E[P_neut(25)] = 0.0004128685
E[P_neut(26)] = 0.0004197353
E[P_neut(27)] = 0.0003156533
E[P_neut(28)] = 0.0004278029
E[P_neut(29)] = 0.0002726207
E[P_neut(30)] = 0.0003125158
E[P_neut(31)] = 0.0003747876
E[P_neut(32)] = 0.0003138562
E[P_neut(33)] = 0.0003369414
E[P_neut(34)] = 0.0003488858
E[P_neut(35)] = 0.0003602299
E[P_neut(36)] = 0.0002589834
E[P_neut(37)] = 0.0003384158
E[P_neut(38)] = 0.0002981400
E[P_neut(39)] = 0.0003213206
E[P_neut(40)] = 0.0003270379
E[P_neut(41)] = 0.0003270496
E[P_neut(42)] = 0.0002855839
E[P_neut(43)] = 0.0004035231
E[P_neut(44)] = 0.0004186863
E[P_neut(45)] = 0.0003996991
E[P_neut(46)] = 0.0003623986
E[P_neut(47)] = 0.0005084730
E[P_neut(48)] = 0.0005286881
E[P_neut(49)] = 0.0007301544

---- Expected P_sel(i), 0 < i < n (selected SFS per site) 
E[P_sel(1)] = 0.0052467297
E[P_sel(2)] = 0.0017133813
E[P_sel(3)] = 0.0010178626
E[P_sel(4)] = 0.0007061167
E[P_sel(5)] = 0.0005240710
E[P_sel(6)] = 0.0004062734
E[P_sel(7)] = 0.0003378990
E[P_sel(8)] = 0.0002967836
E[P_sel(9)] = 0.0002174367
E[P_sel(10)] = 0.0002020403
E[P_sel(11)] = 0.0001806655
E[P_sel(12)] = 0.0001658716
E[P_sel(13)] = 0.0001306964
E[P_sel(14)] = 0.0001222214
E[P_sel(15)] = 0.0001157536
E[P_sel(16)] = 0.0000954826
E[P_sel(17)] = 0.0000843478
E[P_sel(18)] = 0.0000785396
E[P_sel(19)] = 0.0000855844
E[P_sel(20)] = 0.0000639194
E[P_sel(21)] = 0.0000793943
E[P_sel(22)] = 0.0000605826
E[P_sel(23)] = 0.0000536210
E[P_sel(24)] = 0.0000615309
E[P_sel(25)] = 0.0000612032
E[P_sel(26)] = 0.0000617072
E[P_sel(27)] = 0.0000460480
E[P_sel(28)] = 0.0000619438
E[P_sel(29)] = 0.0000392431
E[P_sel(30)] = 0.0000446713
E[P_sel(31)] = 0.0000532668
E[P_sel(32)] = 0.0000443738
E[P_sel(33)] = 0.0000473976
E[P_sel(34)] = 0.0000488702
E[P_sel(35)] = 0.0000502950
E[P_sel(36)] = 0.0000361402
E[P_sel(37)] = 0.0000470051
E[P_sel(38)] = 0.0000414834
E[P_sel(39)] = 0.0000446531
E[P_sel(40)] = 0.0000454885
E[P_sel(41)] = 0.0000455676
E[P_sel(42)] = 0.0000403383
E[P_sel(43)] = 0.0000567863
E[P_sel(44)] = 0.0000594836
E[P_sel(45)] = 0.0000579753
E[P_sel(46)] = 0.0000546208
E[P_sel(47)] = 0.0000781827
E[P_sel(48)] = 0.0000887907
E[P_sel(49)] = 0.0001577785

---- alpha_dfe = 0.198676

