---- Running command
---- ./polyDFE -d /home/jejames/CapsellaCrossGenome/norm.exp11_-5.97485737708314_PolyDFE.input -m C -i /home/jejames/CapsellaCrossGenome/model.txt 1 -e 
---- Performing inference using model C

---- Performing inference on /home/jejames/CapsellaCrossGenome/norm.exp11_-5.97485737708314_PolyDFE.input
----      with -i /home/jejames/CapsellaCrossGenome/model.txt 1
---- Data /home/jejames/CapsellaCrossGenome/norm.exp11_-5.97485737708314_PolyDFE.input does not contain divergence counts. Using option -w.
---- No mutation variability. Using Poisson likelihood.


---- Calculating initial values

-- Starting local optimization
-- Optimizing all parameters
  it        eps_an     theta_bar           S_d             b           p_b           S_b           r 2           r 3           r 4           r 5           r 6           r 7           r 8           r 9          r 10          r 11          r 12          r 13          r 14          r 15          r 16          r 17          r 18          r 19          r 20          r 21          r 22          r 23          r 24          r 25          r 26          r 27          r 28          r 29          r 30          r 31          r 32          r 33          r 34          r 35          r 36          r 37          r 38          r 39          r 40          r 41          r 42          r 43          r 44          r 45          r 46          r 47          r 48          r 49           ln lk          grad status 
   0           0.1 0.01565814366        -20000         0.406           0.1            20 0.89641495041 0.88764302059 0.86315789473 0.83333333333 0.84027459954 0.72616323417 0.74324942791 0.93638443935 0.79176201373 0.88855835240 0.70846681922 0.75461479786 0.76033562166 0.71395881006 0.67124332570 0.76376811594 0.81830663615 0.68550724637 0.80244088482 0.75606407322 0.98337147215 0.65263157894 0.94645308924 0.81998474446 0.81906941266 0.79908466819 0.67063310450 0.72555301296 0.94736842105 0.98604118993 0.98611746758 1.05972540045 0.80396643783 0.89702517162 1.34004576659 0.81563691838 1.17681159420 1.46064073226 1.40961098398 1.61372997711 1.80045766590 1.31197559115 1.75865751334 2.14530892448 2.31929824561 3.26598016781 4.11533180778             1 -3165.641638001 35.6016487641   -2 
 754 0.01422765336 0.01412406909 -1025.4930355 0.30001875409 0.00023627073 0.74970069242 0.88923350077 0.85786942666 0.91530261652 0.80423761223 0.81130517707 0.74817988865 0.73601107085 0.83973537701 0.72701166661 0.80775436440 0.69904993086 0.71547850837 0.68473753259 0.70819017232 0.57406655210 0.69307176241 0.77644706885 0.65817043916 0.81058906078 0.68919505495 0.90995041858 0.62579280695 0.77268995211 0.76207922139 0.73607120798 0.71998444058 0.60362312128 0.59123131878 0.73269418038 0.79008976046 0.93023041826 0.87230486802 0.71557859230 0.73194302066 0.98696806539 0.66876529610 0.91591140548 0.96972036464 0.92212302305 0.89661814439 1.15435930281 0.88359421900 1.00959243344 1.14171732617 1.16099201529 1.71760966009 1.48842002799 1.77232496154 -303.8796095133 0.00009803451    0 
---- Best joint likelihood found -303.879609513313653 with gradient 0.00010

---- Results for /home/jejames/CapsellaCrossGenome/norm.exp11_-5.97485737708314_PolyDFE.input 
--  Model: C
--        eps_an     theta_bar             a 
-- 0.01422765336 0.01412406909            -1 
--           S_d             b           p_b           S_b 
-- -1025.4930355 0.30001875409 0.00023627073 0.74970069242 
--           r 2           r 3           r 4           r 5           r 6           r 7           r 8           r 9          r 10          r 11          r 12          r 13          r 14          r 15          r 16          r 17          r 18          r 19          r 20          r 21          r 22          r 23          r 24          r 25          r 26          r 27          r 28          r 29          r 30          r 31          r 32          r 33          r 34          r 35          r 36          r 37          r 38          r 39          r 40          r 41          r 42          r 43          r 44          r 45          r 46          r 47          r 48          r 49 
-- 0.88923350077 0.85786942666 0.91530261652 0.80423761223 0.81130517707 0.74817988865 0.73601107085 0.83973537701 0.72701166661 0.80775436440 0.69904993086 0.71547850837 0.68473753259 0.70819017232 0.57406655210 0.69307176241 0.77644706885 0.65817043916 0.81058906078 0.68919505495 0.90995041858 0.62579280695 0.77268995211 0.76207922139 0.73607120798 0.71998444058 0.60362312128 0.59123131878 0.73269418038 0.79008976046 0.93023041826 0.87230486802 0.71557859230 0.73194302066 0.98696806539 0.66876529610 0.91591140548 0.96972036464 0.92212302305 0.89661814439 1.15435930281 0.88359421900 1.00959243344 1.14171732617 1.16099201529 1.71760966009 1.48842002799 1.77232496154 

---- Expected P_neut(i), 0 < i < n (neutral SFS per site) 
E[P_neut(1)] = 0.0139303852
E[P_neut(2)] = 0.0061966822
E[P_neut(3)] = 0.0039887492
E[P_neut(4)] = 0.0031910381
E[P_neut(5)] = 0.0022445973
E[P_neut(6)] = 0.0018872604
E[P_neut(7)] = 0.0014922716
E[P_neut(8)] = 0.0012864691
E[P_neut(9)] = 0.0013034761
E[P_neut(10)] = 0.0010168594
E[P_neut(11)] = 0.0010274019
E[P_neut(12)] = 0.0008159230
E[P_neut(13)] = 0.0007699161
E[P_neut(14)] = 0.0006864865
E[P_neut(15)] = 0.0006615501
E[P_neut(16)] = 0.0005037791
E[P_neut(17)] = 0.0005729424
E[P_neut(18)] = 0.0006064285
E[P_neut(19)] = 0.0004874260
E[P_neut(20)] = 0.0005692042
E[P_neut(21)] = 0.0004610370
E[P_neut(22)] = 0.0005802115
E[P_neut(23)] = 0.0003841841
E[P_neut(24)] = 0.0004539496
E[P_neut(25)] = 0.0004305464
E[P_neut(26)] = 0.0004006392
E[P_neut(27)] = 0.0003767427
E[P_neut(28)] = 0.0003084658
E[P_neut(29)] = 0.0002904496
E[P_neut(30)] = 0.0003481907
E[P_neut(31)] = 0.0003618163
E[P_neut(32)] = 0.0004134091
E[P_neut(33)] = 0.0003762291
E[P_neut(34)] = 0.0003002419
E[P_neut(35)] = 0.0003006569
E[P_neut(36)] = 0.0003915416
E[P_neut(37)] = 0.0002627165
E[P_neut(38)] = 0.0003472942
E[P_neut(39)] = 0.0003609494
E[P_neut(40)] = 0.0003355801
E[P_neut(41)] = 0.0003232306
E[P_neut(42)] = 0.0004011612
E[P_neut(43)] = 0.0003075803
E[P_neut(44)] = 0.0003466421
E[P_neut(45)] = 0.0003855730
E[P_neut(46)] = 0.0003973880
E[P_neut(47)] = 0.0005662823
E[P_neut(48)] = 0.0005210852
E[P_neut(49)] = 0.0007045501

---- Expected P_sel(i), 0 < i < n (selected SFS per site) 
E[P_sel(1)] = 0.0049264827
E[P_sel(2)] = 0.0016094613
E[P_sel(3)] = 0.0008909432
E[P_sel(4)] = 0.0006472786
E[P_sel(5)] = 0.0004242297
E[P_sel(6)] = 0.0003375570
E[P_sel(7)] = 0.0002551129
E[P_sel(8)] = 0.0002116051
E[P_sel(9)] = 0.0002075377
E[P_sel(10)] = 0.0001572386
E[P_sel(11)] = 0.0001548232
E[P_sel(12)] = 0.0001201073
E[P_sel(13)] = 0.0001110064
E[P_sel(14)] = 0.0000970178
E[P_sel(15)] = 0.0000918785
E[P_sel(16)] = 0.0000687983
E[P_sel(17)] = 0.0000770424
E[P_sel(18)] = 0.0000803801
E[P_sel(19)] = 0.0000637357
E[P_sel(20)] = 0.0000735037
E[P_sel(21)] = 0.0000588222
E[P_sel(22)] = 0.0000731932
E[P_sel(23)] = 0.0000479281
E[P_sel(24)] = 0.0000560559
E[P_sel(25)] = 0.0000526472
E[P_sel(26)] = 0.0000485364
E[P_sel(27)] = 0.0000452337
E[P_sel(28)] = 0.0000367477
E[P_sel(29)] = 0.0000343150
E[P_sel(30)] = 0.0000408230
E[P_sel(31)] = 0.0000420851
E[P_sel(32)] = 0.0000477531
E[P_sel(33)] = 0.0000431659
E[P_sel(34)] = 0.0000342363
E[P_sel(35)] = 0.0000341284
E[P_sel(36)] = 0.0000441128
E[P_sel(37)] = 0.0000295771
E[P_sel(38)] = 0.0000388008
E[P_sel(39)] = 0.0000402361
E[P_sel(40)] = 0.0000372895
E[P_sel(41)] = 0.0000360209
E[P_sel(42)] = 0.0000443226
E[P_sel(43)] = 0.0000343634
E[P_sel(44)] = 0.0000389444
E[P_sel(45)] = 0.0000435971
E[P_sel(46)] = 0.0000464261
E[P_sel(47)] = 0.0000662810
E[P_sel(48)] = 0.0000683323
E[P_sel(49)] = 0.0001234569

---- alpha_dfe = 0.003351

