---- Running command
---- ./polyDFE -d /home/jejames/CapsellaCrossGenome/norm.exp8_-6.5528668141853_PolyDFE.input -m C -i /home/jejames/CapsellaCrossGenome/model.txt 1 -e 
---- Performing inference using model C

---- Performing inference on /home/jejames/CapsellaCrossGenome/norm.exp8_-6.5528668141853_PolyDFE.input
----      with -i /home/jejames/CapsellaCrossGenome/model.txt 1
---- Data /home/jejames/CapsellaCrossGenome/norm.exp8_-6.5528668141853_PolyDFE.input does not contain divergence counts. Using option -w.
---- No mutation variability. Using Poisson likelihood.


---- Calculating initial values

-- Starting local optimization
-- Optimizing all parameters
  it        eps_an     theta_bar           S_d             b           p_b           S_b           r 2           r 3           r 4           r 5           r 6           r 7           r 8           r 9          r 10          r 11          r 12          r 13          r 14          r 15          r 16          r 17          r 18          r 19          r 20          r 21          r 22          r 23          r 24          r 25          r 26          r 27          r 28          r 29          r 30          r 31          r 32          r 33          r 34          r 35          r 36          r 37          r 38          r 39          r 40          r 41          r 42          r 43          r 44          r 45          r 46          r 47          r 48          r 49           ln lk          grad status 
   0           0.1 0.01458793788        -80000         0.208           0.1            20 0.95781516703 0.90319434284 0.90416971470 0.95139396895 0.75249939039 0.97065756319 0.79395269446 0.89539136795 1.03064293261 0.74745996911 0.89148988051 0.86117207185 0.79996748760 0.79248963667 0.86222872470 1.02666016418 1.04754937820 0.84012029586 0.78517434772 0.63838088271 0.89409087214 0.92351458993 0.88758839307 0.67056815410 0.70795740876 0.97878566203 1.13793383727 0.95700235714 0.84613508900 1.04819962610 1.15484028285 1.19897585954 1.23530846135 0.93879541575 1.42501828822 1.12777371372 1.43932374217 1.28066325286 1.72965943265 1.51962935869 1.73762496951 2.21588230512 1.88474355848 2.44696415508 2.65089815492 3.27009672437 4.63496708119             1 -3296.954386683 47.8652415168   -2 
 355 0.01130340055 0.01328853018 -573.48828611 0.28874455493 0.00020073657 0.92707657963 0.92709621645 0.86557858041 0.84162563738 0.87783357432 0.77806865089 0.92121780981 0.85656822463 0.82246851786 0.93295960163 0.77384008717 0.87155130506 0.79674179187 0.75587036601 0.77491616864 0.72535691957 0.97303063179 0.87114342841 0.77363818594 0.69291399842 0.65925878630 0.83365155837 0.70869708651 0.80481079791 0.65925541886 0.73090158722 0.80940267275 0.86423613897 0.86211189230 0.78841557243 0.89650518175 0.93924675537 0.90937264454 1.00451146127 0.70754315613 1.14482225426 0.81292195221 1.05192571322 1.08169467030 1.17285941910 1.03840937705 1.17027761559 1.34234549642 1.33078365627 1.23746130979 1.25988258732 1.55908815306 2.04569973071 2.26795542093 -310.2537411808 0.00006973703    0 
---- Best joint likelihood found -310.253741180825443 with gradient 0.00007

---- Results for /home/jejames/CapsellaCrossGenome/norm.exp8_-6.5528668141853_PolyDFE.input 
--  Model: C
--        eps_an     theta_bar             a 
-- 0.01130340055 0.01328853018            -1 
--           S_d             b           p_b           S_b 
-- -573.48828611 0.28874455493 0.00020073657 0.92707657963 
--           r 2           r 3           r 4           r 5           r 6           r 7           r 8           r 9          r 10          r 11          r 12          r 13          r 14          r 15          r 16          r 17          r 18          r 19          r 20          r 21          r 22          r 23          r 24          r 25          r 26          r 27          r 28          r 29          r 30          r 31          r 32          r 33          r 34          r 35          r 36          r 37          r 38          r 39          r 40          r 41          r 42          r 43          r 44          r 45          r 46          r 47          r 48          r 49 
-- 0.92709621645 0.86557858041 0.84162563738 0.87783357432 0.77806865089 0.92121780981 0.85656822463 0.82246851786 0.93295960163 0.77384008717 0.87155130506 0.79674179187 0.75587036601 0.77491616864 0.72535691957 0.97303063179 0.87114342841 0.77363818594 0.69291399842 0.65925878630 0.83365155837 0.70869708651 0.80481079791 0.65925541886 0.73090158722 0.80940267275 0.86423613897 0.86211189230 0.78841557243 0.89650518175 0.93924675537 0.90937264454 1.00451146127 0.70754315613 1.14482225426 0.81292195221 1.05192571322 1.08169467030 1.17285941910 1.03840937705 1.17027761559 1.34234549642 1.33078365627 1.23746130979 1.25988258732 1.55908815306 2.04569973071 2.26795542093 

---- Expected P_neut(i), 0 < i < n (neutral SFS per site) 
E[P_neut(1)] = 0.0131452768
E[P_neut(2)] = 0.0060966471
E[P_neut(3)] = 0.0037957334
E[P_neut(4)] = 0.0027685016
E[P_neut(5)] = 0.0023107830
E[P_neut(6)] = 0.0017082961
E[P_neut(7)] = 0.0017337260
E[P_neut(8)] = 0.0014109192
E[P_neut(9)] = 0.0012044552
E[P_neut(10)] = 0.0012301569
E[P_neut(11)] = 0.0009284354
E[P_neut(12)] = 0.0009583850
E[P_neut(13)] = 0.0008085196
E[P_neut(14)] = 0.0007141245
E[P_neut(15)] = 0.0006817765
E[P_neut(16)] = 0.0006000612
E[P_neut(17)] = 0.0007561387
E[P_neut(18)] = 0.0006402624
E[P_neut(19)] = 0.0005393075
E[P_neut(20)] = 0.0004591339
E[P_neut(21)] = 0.0004169204
E[P_neut(22)] = 0.0005024900
E[P_neut(23)] = 0.0004093329
E[P_neut(24)] = 0.0004448002
E[P_neut(25)] = 0.0003504214
E[P_neut(26)] = 0.0003743763
E[P_neut(27)] = 0.0003984873
E[P_neut(28)] = 0.0004112137
E[P_neut(29)] = 0.0003952915
E[P_neut(30)] = 0.0003504860
E[P_neut(31)] = 0.0003860701
E[P_neut(32)] = 0.0003928985
E[P_neut(33)] = 0.0003706468
E[P_neut(34)] = 0.0003949742
E[P_neut(35)] = 0.0002733578
E[P_neut(36)] = 0.0004259166
E[P_neut(37)] = 0.0002978661
E[P_neut(38)] = 0.0003746078
E[P_neut(39)] = 0.0003749683
E[P_neut(40)] = 0.0003992488
E[P_neut(41)] = 0.0003464817
E[P_neut(42)] = 0.0003821657
E[P_neut(43)] = 0.0004299109
E[P_neut(44)] = 0.0004168481
E[P_neut(45)] = 0.0003876637
E[P_neut(46)] = 0.0003914465
E[P_neut(47)] = 0.0004791639
E[P_neut(48)] = 0.0006295664
E[P_neut(49)] = 0.0007583104

---- Expected P_sel(i), 0 < i < n (selected SFS per site) 
E[P_sel(1)] = 0.0055498323
E[P_sel(2)] = 0.0019393980
E[P_sel(3)] = 0.0010470906
E[P_sel(4)] = 0.0006964812
E[P_sel(5)] = 0.0005434036
E[P_sel(6)] = 0.0003809381
E[P_sel(7)] = 0.0003702466
E[P_sel(8)] = 0.0002904771
E[P_sel(9)] = 0.0002402524
E[P_sel(10)] = 0.0002386351
E[P_sel(11)] = 0.0001756642
E[P_sel(12)] = 0.0001773440
E[P_sel(13)] = 0.0001466201
E[P_sel(14)] = 0.0001270516
E[P_sel(15)] = 0.0001192899
E[P_sel(16)] = 0.0001032860
E[P_sel(17)] = 0.0001282782
E[P_sel(18)] = 0.0001071043
E[P_sel(19)] = 0.0000890383
E[P_sel(20)] = 0.0000748747
E[P_sel(21)] = 0.0000671968
E[P_sel(22)] = 0.0000801127
E[P_sel(23)] = 0.0000645783
E[P_sel(24)] = 0.0000694830
E[P_sel(25)] = 0.0000542223
E[P_sel(26)] = 0.0000574091
E[P_sel(27)] = 0.0000605768
E[P_sel(28)] = 0.0000620018
E[P_sel(29)] = 0.0000591204
E[P_sel(30)] = 0.0000520335
E[P_sel(31)] = 0.0000569048
E[P_sel(32)] = 0.0000575277
E[P_sel(33)] = 0.0000539498
E[P_sel(34)] = 0.0000570607
E[P_sel(35)] = 0.0000393428
E[P_sel(36)] = 0.0000608077
E[P_sel(37)] = 0.0000424252
E[P_sel(38)] = 0.0000530537
E[P_sel(39)] = 0.0000528274
E[P_sel(40)] = 0.0000561400
E[P_sel(41)] = 0.0000486205
E[P_sel(42)] = 0.0000535101
E[P_sel(43)] = 0.0000601591
E[P_sel(44)] = 0.0000582540
E[P_sel(45)] = 0.0000549657
E[P_sel(46)] = 0.0000562757
E[P_sel(47)] = 0.0000701979
E[P_sel(48)] = 0.0000966209
E[P_sel(49)] = 0.0001439208

---- alpha_dfe = 0.002434

